[2024-07-25T14:28:06.073-0300] {local_task_job_runner.py:120} INFO - ::group::Pre task execution logs
[2024-07-25T14:28:06.078-0300] {taskinstance.py:2076} INFO - Dependencies all met for dep_context=non-requeueable deps ti=<TaskInstance: Mercado_5m.get_5m_info scheduled__2024-07-25T13:05:00+00:00 [queued]>
[2024-07-25T14:28:06.082-0300] {taskinstance.py:2076} INFO - Dependencies all met for dep_context=requeueable deps ti=<TaskInstance: Mercado_5m.get_5m_info scheduled__2024-07-25T13:05:00+00:00 [queued]>
[2024-07-25T14:28:06.082-0300] {taskinstance.py:2306} INFO - Starting attempt 1 of 1
[2024-07-25T14:28:06.095-0300] {taskinstance.py:2330} INFO - Executing <Task(PythonOperator): get_5m_info> on 2024-07-25 13:05:00+00:00
[2024-07-25T14:28:06.097-0300] {standard_task_runner.py:64} INFO - Started process 2590867 to run task
[2024-07-25T14:28:06.099-0300] {standard_task_runner.py:90} INFO - Running: ['airflow', 'tasks', 'run', 'Mercado_5m', 'get_5m_info', 'scheduled__2024-07-25T13:05:00+00:00', '--job-id', '2108', '--raw', '--subdir', 'DAGS_FOLDER/mercado_dag.py', '--cfg-path', '/tmp/tmpl0bthomt']
[2024-07-25T14:28:06.100-0300] {standard_task_runner.py:91} INFO - Job 2108: Subtask get_5m_info
[2024-07-25T14:28:06.126-0300] {task_command.py:426} INFO - Running <TaskInstance: Mercado_5m.get_5m_info scheduled__2024-07-25T13:05:00+00:00 [running]> on host Galaxybook.
[2024-07-25T14:28:06.180-0300] {taskinstance.py:2648} INFO - Exporting env vars: AIRFLOW_CTX_DAG_OWNER='airflow' AIRFLOW_CTX_DAG_ID='Mercado_5m' AIRFLOW_CTX_TASK_ID='get_5m_info' AIRFLOW_CTX_EXECUTION_DATE='2024-07-25T13:05:00+00:00' AIRFLOW_CTX_TRY_NUMBER='1' AIRFLOW_CTX_DAG_RUN_ID='scheduled__2024-07-25T13:05:00+00:00'
[2024-07-25T14:28:06.181-0300] {taskinstance.py:430} INFO - ::endgroup::
[2024-07-25T14:28:06.188-0300] {taskinstance.py:441} INFO - ::group::Post task execution logs
[2024-07-25T14:28:06.188-0300] {taskinstance.py:2905} ERROR - Task failed with exception
Traceback (most recent call last):
  File "/home/hugoviana/Documentos/data_pipeline_airflow/.venv/lib/python3.12/site-packages/airflow/models/taskinstance.py", line 465, in _execute_task
    result = _execute_callable(context=context, **execute_callable_kwargs)
             ^^^^^^^^^^^^^^^^^^^^^^^^^^^^^^^^^^^^^^^^^^^^^^^^^^^^^^^^^^^^^
  File "/home/hugoviana/Documentos/data_pipeline_airflow/.venv/lib/python3.12/site-packages/airflow/models/taskinstance.py", line 432, in _execute_callable
    return execute_callable(context=context, **execute_callable_kwargs)
           ^^^^^^^^^^^^^^^^^^^^^^^^^^^^^^^^^^^^^^^^^^^^^^^^^^^^^^^^^^^^
  File "/home/hugoviana/Documentos/data_pipeline_airflow/.venv/lib/python3.12/site-packages/airflow/models/baseoperator.py", line 401, in wrapper
    return func(self, *args, **kwargs)
           ^^^^^^^^^^^^^^^^^^^^^^^^^^^
  File "/home/hugoviana/Documentos/data_pipeline_airflow/.venv/lib/python3.12/site-packages/airflow/operators/python.py", line 232, in execute
    context_merge(context, self.op_kwargs, templates_dict=self.templates_dict)
  File "/home/hugoviana/Documentos/data_pipeline_airflow/.venv/lib/python3.12/site-packages/airflow/utils/context.py", line 266, in context_merge
    context.update(*args, **kwargs)
  File "<frozen _collections_abc>", line 987, in update
ValueError: too many values to unpack (expected 2)
[2024-07-25T14:28:06.193-0300] {taskinstance.py:1206} INFO - Marking task as FAILED. dag_id=Mercado_5m, task_id=get_5m_info, run_id=scheduled__2024-07-25T13:05:00+00:00, execution_date=20240725T130500, start_date=20240725T172806, end_date=20240725T172806
[2024-07-25T14:28:06.206-0300] {standard_task_runner.py:110} ERROR - Failed to execute job 2108 for task get_5m_info (too many values to unpack (expected 2); 2590867)
[2024-07-25T14:28:06.232-0300] {local_task_job_runner.py:243} INFO - Task exited with return code 1
[2024-07-25T14:28:06.238-0300] {taskinstance.py:3503} INFO - 0 downstream tasks scheduled from follow-on schedule check
[2024-07-25T14:28:06.238-0300] {local_task_job_runner.py:222} INFO - ::endgroup::
[2024-07-25T14:30:18.406-0300] {local_task_job_runner.py:120} INFO - ::group::Pre task execution logs
[2024-07-25T14:30:18.412-0300] {taskinstance.py:2076} INFO - Dependencies all met for dep_context=non-requeueable deps ti=<TaskInstance: Mercado_5m.get_5m_info scheduled__2024-07-25T13:05:00+00:00 [queued]>
[2024-07-25T14:30:18.416-0300] {taskinstance.py:2076} INFO - Dependencies all met for dep_context=requeueable deps ti=<TaskInstance: Mercado_5m.get_5m_info scheduled__2024-07-25T13:05:00+00:00 [queued]>
[2024-07-25T14:30:18.416-0300] {taskinstance.py:2306} INFO - Starting attempt 1 of 1
[2024-07-25T14:30:18.431-0300] {taskinstance.py:2330} INFO - Executing <Task(PythonOperator): get_5m_info> on 2024-07-25 13:05:00+00:00
[2024-07-25T14:30:18.433-0300] {standard_task_runner.py:64} INFO - Started process 2593145 to run task
[2024-07-25T14:30:18.436-0300] {standard_task_runner.py:90} INFO - Running: ['airflow', 'tasks', 'run', 'Mercado_5m', 'get_5m_info', 'scheduled__2024-07-25T13:05:00+00:00', '--job-id', '2095', '--raw', '--subdir', 'DAGS_FOLDER/mercado_dag.py', '--cfg-path', '/tmp/tmpo2j000yr']
[2024-07-25T14:30:18.437-0300] {standard_task_runner.py:91} INFO - Job 2095: Subtask get_5m_info
[2024-07-25T14:30:18.470-0300] {task_command.py:426} INFO - Running <TaskInstance: Mercado_5m.get_5m_info scheduled__2024-07-25T13:05:00+00:00 [running]> on host Galaxybook.
[2024-07-25T14:30:18.520-0300] {taskinstance.py:2648} INFO - Exporting env vars: AIRFLOW_CTX_DAG_OWNER='airflow' AIRFLOW_CTX_DAG_ID='Mercado_5m' AIRFLOW_CTX_TASK_ID='get_5m_info' AIRFLOW_CTX_EXECUTION_DATE='2024-07-25T13:05:00+00:00' AIRFLOW_CTX_TRY_NUMBER='1' AIRFLOW_CTX_DAG_RUN_ID='scheduled__2024-07-25T13:05:00+00:00'
[2024-07-25T14:30:18.521-0300] {taskinstance.py:430} INFO - ::endgroup::
[2024-07-25T14:30:18.531-0300] {taskinstance.py:441} INFO - ::group::Post task execution logs
[2024-07-25T14:30:18.531-0300] {taskinstance.py:2905} ERROR - Task failed with exception
Traceback (most recent call last):
  File "/home/hugoviana/Documentos/data_pipeline_airflow/.venv/lib/python3.12/site-packages/airflow/models/taskinstance.py", line 465, in _execute_task
    result = _execute_callable(context=context, **execute_callable_kwargs)
             ^^^^^^^^^^^^^^^^^^^^^^^^^^^^^^^^^^^^^^^^^^^^^^^^^^^^^^^^^^^^^
  File "/home/hugoviana/Documentos/data_pipeline_airflow/.venv/lib/python3.12/site-packages/airflow/models/taskinstance.py", line 432, in _execute_callable
    return execute_callable(context=context, **execute_callable_kwargs)
           ^^^^^^^^^^^^^^^^^^^^^^^^^^^^^^^^^^^^^^^^^^^^^^^^^^^^^^^^^^^^
  File "/home/hugoviana/Documentos/data_pipeline_airflow/.venv/lib/python3.12/site-packages/airflow/models/baseoperator.py", line 401, in wrapper
    return func(self, *args, **kwargs)
           ^^^^^^^^^^^^^^^^^^^^^^^^^^^
  File "/home/hugoviana/Documentos/data_pipeline_airflow/.venv/lib/python3.12/site-packages/airflow/operators/python.py", line 232, in execute
    context_merge(context, self.op_kwargs, templates_dict=self.templates_dict)
  File "/home/hugoviana/Documentos/data_pipeline_airflow/.venv/lib/python3.12/site-packages/airflow/utils/context.py", line 266, in context_merge
    context.update(*args, **kwargs)
  File "<frozen _collections_abc>", line 987, in update
ValueError: too many values to unpack (expected 2)
[2024-07-25T14:30:18.535-0300] {taskinstance.py:1206} INFO - Marking task as FAILED. dag_id=Mercado_5m, task_id=get_5m_info, run_id=scheduled__2024-07-25T13:05:00+00:00, execution_date=20240725T130500, start_date=20240725T173018, end_date=20240725T173018
[2024-07-25T14:30:18.610-0300] {standard_task_runner.py:110} ERROR - Failed to execute job 2095 for task get_5m_info (too many values to unpack (expected 2); 2593145)
[2024-07-25T14:30:18.652-0300] {local_task_job_runner.py:243} INFO - Task exited with return code 1
[2024-07-25T14:30:18.659-0300] {taskinstance.py:3503} INFO - 0 downstream tasks scheduled from follow-on schedule check
[2024-07-25T14:30:18.659-0300] {local_task_job_runner.py:222} INFO - ::endgroup::
[2024-07-25T15:00:21.743-0300] {local_task_job_runner.py:120} INFO - ::group::Pre task execution logs
[2024-07-25T15:00:21.749-0300] {taskinstance.py:2076} INFO - Dependencies all met for dep_context=non-requeueable deps ti=<TaskInstance: Mercado_5m.get_5m_info scheduled__2024-07-25T13:05:00+00:00 [queued]>
[2024-07-25T15:00:21.753-0300] {taskinstance.py:2076} INFO - Dependencies all met for dep_context=requeueable deps ti=<TaskInstance: Mercado_5m.get_5m_info scheduled__2024-07-25T13:05:00+00:00 [queued]>
[2024-07-25T15:00:21.753-0300] {taskinstance.py:2306} INFO - Starting attempt 1 of 1
[2024-07-25T15:00:21.766-0300] {taskinstance.py:2330} INFO - Executing <Task(PythonOperator): get_5m_info> on 2024-07-25 13:05:00+00:00
[2024-07-25T15:00:21.767-0300] {standard_task_runner.py:64} INFO - Started process 2619810 to run task
[2024-07-25T15:00:21.769-0300] {standard_task_runner.py:90} INFO - Running: ['airflow', 'tasks', 'run', 'Mercado_5m', 'get_5m_info', 'scheduled__2024-07-25T13:05:00+00:00', '--job-id', '2469', '--raw', '--subdir', 'DAGS_FOLDER/mercado_dag.py', '--cfg-path', '/tmp/tmpuwfi6zfk']
[2024-07-25T15:00:21.770-0300] {standard_task_runner.py:91} INFO - Job 2469: Subtask get_5m_info
[2024-07-25T15:00:21.796-0300] {task_command.py:426} INFO - Running <TaskInstance: Mercado_5m.get_5m_info scheduled__2024-07-25T13:05:00+00:00 [running]> on host Galaxybook.
[2024-07-25T15:00:21.850-0300] {taskinstance.py:2648} INFO - Exporting env vars: AIRFLOW_CTX_DAG_OWNER='airflow' AIRFLOW_CTX_DAG_ID='Mercado_5m' AIRFLOW_CTX_TASK_ID='get_5m_info' AIRFLOW_CTX_EXECUTION_DATE='2024-07-25T13:05:00+00:00' AIRFLOW_CTX_TRY_NUMBER='1' AIRFLOW_CTX_DAG_RUN_ID='scheduled__2024-07-25T13:05:00+00:00'
[2024-07-25T15:00:21.850-0300] {taskinstance.py:430} INFO - ::endgroup::
[2024-07-25T15:00:21.949-0300] {base.py:84} INFO - Using connection ID 'mercado_default' for task execution.
[2024-07-25T15:00:21.949-0300] {mercado_hook.py:31} INFO - URL: https://api.mercadobitcoin.net/api/v4/candles?symbol=BTC-BRL&resolution=5m&to=1721923800&from=1721923500
[2024-07-25T15:00:26.028-0300] {python.py:237} INFO - Done. Returned value was: None
[2024-07-25T15:00:26.029-0300] {taskinstance.py:441} INFO - ::group::Post task execution logs
[2024-07-25T15:00:26.032-0300] {taskinstance.py:1206} INFO - Marking task as SUCCESS. dag_id=Mercado_5m, task_id=get_5m_info, run_id=scheduled__2024-07-25T13:05:00+00:00, execution_date=20240725T130500, start_date=20240725T180021, end_date=20240725T180026
[2024-07-25T15:00:26.069-0300] {local_task_job_runner.py:243} INFO - Task exited with return code 0
[2024-07-25T15:00:26.077-0300] {taskinstance.py:3503} INFO - 0 downstream tasks scheduled from follow-on schedule check
[2024-07-25T15:00:26.077-0300] {local_task_job_runner.py:222} INFO - ::endgroup::
