[2024-07-25T14:28:35.777-0300] {local_task_job_runner.py:120} INFO - ::group::Pre task execution logs
[2024-07-25T14:28:35.782-0300] {taskinstance.py:2076} INFO - Dependencies all met for dep_context=non-requeueable deps ti=<TaskInstance: Binance_5m.get_5m_info scheduled__2024-07-25T13:55:00+00:00 [queued]>
[2024-07-25T14:28:35.785-0300] {taskinstance.py:2076} INFO - Dependencies all met for dep_context=requeueable deps ti=<TaskInstance: Binance_5m.get_5m_info scheduled__2024-07-25T13:55:00+00:00 [queued]>
[2024-07-25T14:28:35.785-0300] {taskinstance.py:2306} INFO - Starting attempt 1 of 1
[2024-07-25T14:28:35.798-0300] {taskinstance.py:2330} INFO - Executing <Task(PythonOperator): get_5m_info> on 2024-07-25 13:55:00+00:00
[2024-07-25T14:28:35.800-0300] {standard_task_runner.py:64} INFO - Started process 2591376 to run task
[2024-07-25T14:28:35.801-0300] {standard_task_runner.py:90} INFO - Running: ['airflow', 'tasks', 'run', 'Binance_5m', 'get_5m_info', 'scheduled__2024-07-25T13:55:00+00:00', '--job-id', '2128', '--raw', '--subdir', 'DAGS_FOLDER/binance_dag.py', '--cfg-path', '/tmp/tmpanl833nt']
[2024-07-25T14:28:35.802-0300] {standard_task_runner.py:91} INFO - Job 2128: Subtask get_5m_info
[2024-07-25T14:28:35.827-0300] {task_command.py:426} INFO - Running <TaskInstance: Binance_5m.get_5m_info scheduled__2024-07-25T13:55:00+00:00 [running]> on host Galaxybook.
[2024-07-25T14:28:35.875-0300] {taskinstance.py:2648} INFO - Exporting env vars: AIRFLOW_CTX_DAG_OWNER='airflow' AIRFLOW_CTX_DAG_ID='Binance_5m' AIRFLOW_CTX_TASK_ID='get_5m_info' AIRFLOW_CTX_EXECUTION_DATE='2024-07-25T13:55:00+00:00' AIRFLOW_CTX_TRY_NUMBER='1' AIRFLOW_CTX_DAG_RUN_ID='scheduled__2024-07-25T13:55:00+00:00'
[2024-07-25T14:28:35.875-0300] {taskinstance.py:430} INFO - ::endgroup::
[2024-07-25T14:28:35.882-0300] {binance_dag.py:23} INFO - End Time: 2024-07-25T14:00:00.00Z
[2024-07-25T14:28:35.936-0300] {base.py:84} INFO - Using connection ID 'binance_default' for task execution.
[2024-07-25T14:28:35.936-0300] {logging_mixin.py:188} INFO - https://api.binance.com
[2024-07-25T14:28:35.937-0300] {binance_hook.py:35} INFO - URL: https://api.binance.com/api/v3/klines?symbol=BTCBRL&interval=5m&startTime=1721926500000&endTime=1721926800000
[2024-07-25T14:28:36.327-0300] {python.py:237} INFO - Done. Returned value was: None
[2024-07-25T14:28:36.328-0300] {taskinstance.py:441} INFO - ::group::Post task execution logs
[2024-07-25T14:28:36.330-0300] {taskinstance.py:1206} INFO - Marking task as SUCCESS. dag_id=Binance_5m, task_id=get_5m_info, run_id=scheduled__2024-07-25T13:55:00+00:00, execution_date=20240725T135500, start_date=20240725T172835, end_date=20240725T172836
[2024-07-25T14:28:36.345-0300] {local_task_job_runner.py:243} INFO - Task exited with return code 0
[2024-07-25T14:28:36.351-0300] {taskinstance.py:3503} INFO - 0 downstream tasks scheduled from follow-on schedule check
[2024-07-25T14:28:36.351-0300] {local_task_job_runner.py:222} INFO - ::endgroup::
[2024-07-25T14:31:55.810-0300] {local_task_job_runner.py:120} INFO - ::group::Pre task execution logs
[2024-07-25T14:31:55.819-0300] {taskinstance.py:2076} INFO - Dependencies all met for dep_context=non-requeueable deps ti=<TaskInstance: Binance_5m.get_5m_info scheduled__2024-07-25T13:55:00+00:00 [queued]>
[2024-07-25T14:31:55.823-0300] {taskinstance.py:2076} INFO - Dependencies all met for dep_context=requeueable deps ti=<TaskInstance: Binance_5m.get_5m_info scheduled__2024-07-25T13:55:00+00:00 [queued]>
[2024-07-25T14:31:55.823-0300] {taskinstance.py:2306} INFO - Starting attempt 1 of 1
[2024-07-25T14:31:55.836-0300] {taskinstance.py:2330} INFO - Executing <Task(PythonOperator): get_5m_info> on 2024-07-25 13:55:00+00:00
[2024-07-25T14:31:55.838-0300] {standard_task_runner.py:64} INFO - Started process 2594781 to run task
[2024-07-25T14:31:55.840-0300] {standard_task_runner.py:90} INFO - Running: ['airflow', 'tasks', 'run', 'Binance_5m', 'get_5m_info', 'scheduled__2024-07-25T13:55:00+00:00', '--job-id', '2143', '--raw', '--subdir', 'DAGS_FOLDER/binance_dag.py', '--cfg-path', '/tmp/tmpd95nl2yr']
[2024-07-25T14:31:55.841-0300] {standard_task_runner.py:91} INFO - Job 2143: Subtask get_5m_info
[2024-07-25T14:31:55.866-0300] {task_command.py:426} INFO - Running <TaskInstance: Binance_5m.get_5m_info scheduled__2024-07-25T13:55:00+00:00 [running]> on host Galaxybook.
[2024-07-25T14:31:55.913-0300] {taskinstance.py:2648} INFO - Exporting env vars: AIRFLOW_CTX_DAG_OWNER='airflow' AIRFLOW_CTX_DAG_ID='Binance_5m' AIRFLOW_CTX_TASK_ID='get_5m_info' AIRFLOW_CTX_EXECUTION_DATE='2024-07-25T13:55:00+00:00' AIRFLOW_CTX_TRY_NUMBER='1' AIRFLOW_CTX_DAG_RUN_ID='scheduled__2024-07-25T13:55:00+00:00'
[2024-07-25T14:31:55.913-0300] {taskinstance.py:430} INFO - ::endgroup::
[2024-07-25T14:31:55.921-0300] {binance_dag.py:23} INFO - End Time: 2024-07-25T14:00:00.00Z
[2024-07-25T14:31:55.985-0300] {base.py:84} INFO - Using connection ID 'binance_default' for task execution.
[2024-07-25T14:31:55.986-0300] {logging_mixin.py:188} INFO - https://api.binance.com
[2024-07-25T14:31:55.986-0300] {binance_hook.py:35} INFO - URL: https://api.binance.com/api/v3/klines?symbol=BTCBRL&interval=5m&startTime=1721926500000&endTime=1721926800000
[2024-07-25T14:31:56.372-0300] {python.py:237} INFO - Done. Returned value was: None
[2024-07-25T14:31:56.373-0300] {taskinstance.py:441} INFO - ::group::Post task execution logs
[2024-07-25T14:31:56.376-0300] {taskinstance.py:1206} INFO - Marking task as SUCCESS. dag_id=Binance_5m, task_id=get_5m_info, run_id=scheduled__2024-07-25T13:55:00+00:00, execution_date=20240725T135500, start_date=20240725T173155, end_date=20240725T173156
[2024-07-25T14:31:56.419-0300] {local_task_job_runner.py:243} INFO - Task exited with return code 0
[2024-07-25T14:31:56.429-0300] {taskinstance.py:3503} INFO - 0 downstream tasks scheduled from follow-on schedule check
[2024-07-25T14:31:56.429-0300] {local_task_job_runner.py:222} INFO - ::endgroup::
[2024-07-25T14:53:12.966-0300] {local_task_job_runner.py:120} INFO - ::group::Pre task execution logs
[2024-07-25T14:53:12.971-0300] {taskinstance.py:2076} INFO - Dependencies all met for dep_context=non-requeueable deps ti=<TaskInstance: Binance_5m.get_5m_info scheduled__2024-07-25T13:55:00+00:00 [queued]>
[2024-07-25T14:53:12.974-0300] {taskinstance.py:2076} INFO - Dependencies all met for dep_context=requeueable deps ti=<TaskInstance: Binance_5m.get_5m_info scheduled__2024-07-25T13:55:00+00:00 [queued]>
[2024-07-25T14:53:12.974-0300] {taskinstance.py:2306} INFO - Starting attempt 1 of 1
[2024-07-25T14:53:12.987-0300] {taskinstance.py:2330} INFO - Executing <Task(PythonOperator): get_5m_info> on 2024-07-25 13:55:00+00:00
[2024-07-25T14:53:12.989-0300] {standard_task_runner.py:64} INFO - Started process 2612591 to run task
[2024-07-25T14:53:12.991-0300] {standard_task_runner.py:90} INFO - Running: ['airflow', 'tasks', 'run', 'Binance_5m', 'get_5m_info', 'scheduled__2024-07-25T13:55:00+00:00', '--job-id', '2259', '--raw', '--subdir', 'DAGS_FOLDER/binance_dag.py', '--cfg-path', '/tmp/tmph65w2v3o']
[2024-07-25T14:53:12.992-0300] {standard_task_runner.py:91} INFO - Job 2259: Subtask get_5m_info
[2024-07-25T14:53:13.016-0300] {task_command.py:426} INFO - Running <TaskInstance: Binance_5m.get_5m_info scheduled__2024-07-25T13:55:00+00:00 [running]> on host Galaxybook.
[2024-07-25T14:53:13.067-0300] {taskinstance.py:2648} INFO - Exporting env vars: AIRFLOW_CTX_DAG_OWNER='airflow' AIRFLOW_CTX_DAG_ID='Binance_5m' AIRFLOW_CTX_TASK_ID='get_5m_info' AIRFLOW_CTX_EXECUTION_DATE='2024-07-25T13:55:00+00:00' AIRFLOW_CTX_TRY_NUMBER='1' AIRFLOW_CTX_DAG_RUN_ID='scheduled__2024-07-25T13:55:00+00:00'
[2024-07-25T14:53:13.067-0300] {taskinstance.py:430} INFO - ::endgroup::
[2024-07-25T14:53:13.075-0300] {binance_dag.py:23} INFO - End Time: 2024-07-25T14:00:00.00Z
[2024-07-25T14:53:13.075-0300] {binance_dag.py:24} INFO - Start Time: 2024-07-25T13:55:00.00Z
[2024-07-25T14:53:13.130-0300] {base.py:84} INFO - Using connection ID 'binance_default' for task execution.
[2024-07-25T14:53:13.130-0300] {logging_mixin.py:188} INFO - https://api.binance.com
[2024-07-25T14:53:13.130-0300] {binance_hook.py:35} INFO - URL: https://api.binance.com/api/v3/klines?symbol=BTCBRL&interval=5m&startTime=1721926500000&endTime=1721926799999
[2024-07-25T14:53:13.521-0300] {binance_dag.py:43} INFO - r: [[1721926500000, '367053.00000000', '367220.00000000', '366871.00000000', '366933.00000000', '0.22645000', 1721926799999, '83111.65846000', 72, '0.12723000', '46697.38980000', '0']]
[2024-07-25T14:53:13.522-0300] {python.py:237} INFO - Done. Returned value was: None
[2024-07-25T14:53:13.523-0300] {taskinstance.py:441} INFO - ::group::Post task execution logs
[2024-07-25T14:53:13.526-0300] {taskinstance.py:1206} INFO - Marking task as SUCCESS. dag_id=Binance_5m, task_id=get_5m_info, run_id=scheduled__2024-07-25T13:55:00+00:00, execution_date=20240725T135500, start_date=20240725T175312, end_date=20240725T175313
[2024-07-25T14:53:13.576-0300] {local_task_job_runner.py:243} INFO - Task exited with return code 0
[2024-07-25T14:53:13.581-0300] {taskinstance.py:3503} INFO - 0 downstream tasks scheduled from follow-on schedule check
[2024-07-25T14:53:13.582-0300] {local_task_job_runner.py:222} INFO - ::endgroup::
[2024-07-25T15:23:03.485-0300] {local_task_job_runner.py:120} INFO - ::group::Pre task execution logs
[2024-07-25T15:23:03.490-0300] {taskinstance.py:2076} INFO - Dependencies all met for dep_context=non-requeueable deps ti=<TaskInstance: Binance_5m.get_5m_info scheduled__2024-07-25T13:55:00+00:00 [queued]>
[2024-07-25T15:23:03.494-0300] {taskinstance.py:2076} INFO - Dependencies all met for dep_context=requeueable deps ti=<TaskInstance: Binance_5m.get_5m_info scheduled__2024-07-25T13:55:00+00:00 [queued]>
[2024-07-25T15:23:03.494-0300] {taskinstance.py:2306} INFO - Starting attempt 1 of 1
[2024-07-25T15:23:03.507-0300] {taskinstance.py:2330} INFO - Executing <Task(PythonOperator): get_5m_info> on 2024-07-25 13:55:00+00:00
[2024-07-25T15:23:03.509-0300] {standard_task_runner.py:64} INFO - Started process 2634771 to run task
[2024-07-25T15:23:03.511-0300] {standard_task_runner.py:90} INFO - Running: ['airflow', 'tasks', 'run', 'Binance_5m', 'get_5m_info', 'scheduled__2024-07-25T13:55:00+00:00', '--job-id', '2702', '--raw', '--subdir', 'DAGS_FOLDER/binance_dag.py', '--cfg-path', '/tmp/tmp0bvxjh0a']
[2024-07-25T15:23:03.513-0300] {standard_task_runner.py:91} INFO - Job 2702: Subtask get_5m_info
[2024-07-25T15:23:03.539-0300] {task_command.py:426} INFO - Running <TaskInstance: Binance_5m.get_5m_info scheduled__2024-07-25T13:55:00+00:00 [running]> on host Galaxybook.
[2024-07-25T15:23:03.595-0300] {taskinstance.py:2648} INFO - Exporting env vars: AIRFLOW_CTX_DAG_OWNER='airflow' AIRFLOW_CTX_DAG_ID='Binance_5m' AIRFLOW_CTX_TASK_ID='get_5m_info' AIRFLOW_CTX_EXECUTION_DATE='2024-07-25T13:55:00+00:00' AIRFLOW_CTX_TRY_NUMBER='1' AIRFLOW_CTX_DAG_RUN_ID='scheduled__2024-07-25T13:55:00+00:00'
[2024-07-25T15:23:03.596-0300] {taskinstance.py:430} INFO - ::endgroup::
[2024-07-25T15:23:03.603-0300] {binance_dag.py:23} INFO - End Time: 2024-07-25T14:00:00.00Z
[2024-07-25T15:23:03.603-0300] {binance_dag.py:24} INFO - Start Time: 2024-07-25T13:55:00.00Z
[2024-07-25T15:23:03.653-0300] {binance_dag.py:25} INFO - 1721926500000
[2024-07-25T15:23:03.655-0300] {base.py:84} INFO - Using connection ID 'binance_default' for task execution.
[2024-07-25T15:23:03.656-0300] {logging_mixin.py:188} INFO - https://api.binance.com
[2024-07-25T15:23:03.656-0300] {binance_hook.py:35} INFO - URL: https://api.binance.com/api/v3/klines?symbol=BTCBRL&interval=5m&startTime=1721926500000&endTime=1721926799999
[2024-07-25T15:23:04.048-0300] {python.py:237} INFO - Done. Returned value was: None
[2024-07-25T15:23:04.048-0300] {taskinstance.py:441} INFO - ::group::Post task execution logs
[2024-07-25T15:23:04.051-0300] {taskinstance.py:1206} INFO - Marking task as SUCCESS. dag_id=Binance_5m, task_id=get_5m_info, run_id=scheduled__2024-07-25T13:55:00+00:00, execution_date=20240725T135500, start_date=20240725T182303, end_date=20240725T182304
[2024-07-25T15:23:04.092-0300] {local_task_job_runner.py:243} INFO - Task exited with return code 0
[2024-07-25T15:23:04.100-0300] {taskinstance.py:3503} INFO - 0 downstream tasks scheduled from follow-on schedule check
[2024-07-25T15:23:04.101-0300] {local_task_job_runner.py:222} INFO - ::endgroup::
[2024-07-25T16:21:19.763-0300] {local_task_job_runner.py:120} INFO - ::group::Pre task execution logs
[2024-07-25T16:21:19.774-0300] {taskinstance.py:2076} INFO - Dependencies all met for dep_context=non-requeueable deps ti=<TaskInstance: Binance_5m.get_5m_info scheduled__2024-07-25T13:55:00+00:00 [queued]>
[2024-07-25T16:21:19.779-0300] {taskinstance.py:2076} INFO - Dependencies all met for dep_context=requeueable deps ti=<TaskInstance: Binance_5m.get_5m_info scheduled__2024-07-25T13:55:00+00:00 [queued]>
[2024-07-25T16:21:19.779-0300] {taskinstance.py:2306} INFO - Starting attempt 1 of 1
[2024-07-25T16:21:19.797-0300] {taskinstance.py:2330} INFO - Executing <Task(PythonOperator): get_5m_info> on 2024-07-25 13:55:00+00:00
[2024-07-25T16:21:19.799-0300] {standard_task_runner.py:64} INFO - Started process 2664353 to run task
[2024-07-25T16:21:19.801-0300] {standard_task_runner.py:90} INFO - Running: ['airflow', 'tasks', 'run', 'Binance_5m', 'get_5m_info', 'scheduled__2024-07-25T13:55:00+00:00', '--job-id', '2315', '--raw', '--subdir', 'DAGS_FOLDER/binance_dag.py', '--cfg-path', '/tmp/tmpuj0h_3eu']
[2024-07-25T16:21:19.802-0300] {standard_task_runner.py:91} INFO - Job 2315: Subtask get_5m_info
[2024-07-25T16:21:19.832-0300] {task_command.py:426} INFO - Running <TaskInstance: Binance_5m.get_5m_info scheduled__2024-07-25T13:55:00+00:00 [running]> on host Galaxybook.
[2024-07-25T16:21:19.901-0300] {taskinstance.py:2648} INFO - Exporting env vars: AIRFLOW_CTX_DAG_OWNER='airflow' AIRFLOW_CTX_DAG_ID='Binance_5m' AIRFLOW_CTX_TASK_ID='get_5m_info' AIRFLOW_CTX_EXECUTION_DATE='2024-07-25T13:55:00+00:00' AIRFLOW_CTX_TRY_NUMBER='1' AIRFLOW_CTX_DAG_RUN_ID='scheduled__2024-07-25T13:55:00+00:00'
[2024-07-25T16:21:19.902-0300] {taskinstance.py:430} INFO - ::endgroup::
[2024-07-25T16:21:19.912-0300] {binance_dag.py:22} INFO - End Time: 2024-07-25 14:00:00+00:00
[2024-07-25T16:21:19.912-0300] {binance_dag.py:23} INFO - Start Time: 2024-07-25 13:55:00+00:00
[2024-07-25T16:21:19.913-0300] {binance_dag.py:24} INFO - Start timestamp: 1721915700000
[2024-07-25T16:21:19.913-0300] {binance_dag.py:25} INFO - End timestamp: 1721916000000
[2024-07-25T16:21:19.991-0300] {base.py:84} INFO - Using connection ID 'binance_default' for task execution.
[2024-07-25T16:21:19.992-0300] {logging_mixin.py:188} INFO - https://api.binance.com
[2024-07-25T16:21:19.993-0300] {binance_hook.py:35} INFO - URL: https://api.binance.com/api/v3/klines?symbol=BTCBRL&interval=5m&startTime=1721915700000&endTime=1721915999999&timeZone=-3
[2024-07-25T16:21:20.432-0300] {python.py:237} INFO - Done. Returned value was: None
[2024-07-25T16:21:20.433-0300] {taskinstance.py:441} INFO - ::group::Post task execution logs
[2024-07-25T16:21:20.436-0300] {taskinstance.py:1206} INFO - Marking task as SUCCESS. dag_id=Binance_5m, task_id=get_5m_info, run_id=scheduled__2024-07-25T13:55:00+00:00, execution_date=20240725T135500, start_date=20240725T192119, end_date=20240725T192120
[2024-07-25T16:21:20.468-0300] {local_task_job_runner.py:243} INFO - Task exited with return code 0
[2024-07-25T16:21:20.477-0300] {taskinstance.py:3503} INFO - 0 downstream tasks scheduled from follow-on schedule check
[2024-07-25T16:21:20.478-0300] {local_task_job_runner.py:222} INFO - ::endgroup::
