[2024-07-25T14:55:26.427-0300] {local_task_job_runner.py:120} INFO - ::group::Pre task execution logs
[2024-07-25T14:55:26.433-0300] {taskinstance.py:2076} INFO - Dependencies all met for dep_context=non-requeueable deps ti=<TaskInstance: Mercado_5m.get_5m_info scheduled__2024-07-25T01:25:00+00:00 [queued]>
[2024-07-25T14:55:26.436-0300] {taskinstance.py:2076} INFO - Dependencies all met for dep_context=requeueable deps ti=<TaskInstance: Mercado_5m.get_5m_info scheduled__2024-07-25T01:25:00+00:00 [queued]>
[2024-07-25T14:55:26.436-0300] {taskinstance.py:2306} INFO - Starting attempt 1 of 1
[2024-07-25T14:55:26.451-0300] {taskinstance.py:2330} INFO - Executing <Task(PythonOperator): get_5m_info> on 2024-07-25 01:25:00+00:00
[2024-07-25T14:55:26.453-0300] {standard_task_runner.py:64} INFO - Started process 2614899 to run task
[2024-07-25T14:55:26.455-0300] {standard_task_runner.py:90} INFO - Running: ['airflow', 'tasks', 'run', 'Mercado_5m', 'get_5m_info', 'scheduled__2024-07-25T01:25:00+00:00', '--job-id', '2325', '--raw', '--subdir', 'DAGS_FOLDER/mercado_dag.py', '--cfg-path', '/tmp/tmpa83l4s3i']
[2024-07-25T14:55:26.457-0300] {standard_task_runner.py:91} INFO - Job 2325: Subtask get_5m_info
[2024-07-25T14:55:26.486-0300] {task_command.py:426} INFO - Running <TaskInstance: Mercado_5m.get_5m_info scheduled__2024-07-25T01:25:00+00:00 [running]> on host Galaxybook.
[2024-07-25T14:55:26.536-0300] {taskinstance.py:2648} INFO - Exporting env vars: AIRFLOW_CTX_DAG_OWNER='airflow' AIRFLOW_CTX_DAG_ID='Mercado_5m' AIRFLOW_CTX_TASK_ID='get_5m_info' AIRFLOW_CTX_EXECUTION_DATE='2024-07-25T01:25:00+00:00' AIRFLOW_CTX_TRY_NUMBER='1' AIRFLOW_CTX_DAG_RUN_ID='scheduled__2024-07-25T01:25:00+00:00'
[2024-07-25T14:55:26.537-0300] {taskinstance.py:430} INFO - ::endgroup::
[2024-07-25T14:55:26.652-0300] {base.py:84} INFO - Using connection ID 'mercado_default' for task execution.
[2024-07-25T14:55:26.653-0300] {mercado_hook.py:31} INFO - URL: https://api.mercadobitcoin.net/api/v4/candles?symbol=BTC-BRL&resolution=5m&to=1721881800&from=1721881500
[2024-07-25T14:55:26.923-0300] {python.py:237} INFO - Done. Returned value was: None
[2024-07-25T14:55:26.923-0300] {taskinstance.py:441} INFO - ::group::Post task execution logs
[2024-07-25T14:55:26.926-0300] {taskinstance.py:1206} INFO - Marking task as SUCCESS. dag_id=Mercado_5m, task_id=get_5m_info, run_id=scheduled__2024-07-25T01:25:00+00:00, execution_date=20240725T012500, start_date=20240725T175526, end_date=20240725T175526
[2024-07-25T14:55:26.999-0300] {local_task_job_runner.py:243} INFO - Task exited with return code 0
[2024-07-25T14:55:27.006-0300] {taskinstance.py:3503} INFO - 0 downstream tasks scheduled from follow-on schedule check
[2024-07-25T14:55:27.006-0300] {local_task_job_runner.py:222} INFO - ::endgroup::
[2024-07-25T16:18:58.364-0300] {local_task_job_runner.py:120} INFO - ::group::Pre task execution logs
[2024-07-25T16:18:58.371-0300] {taskinstance.py:2076} INFO - Dependencies all met for dep_context=non-requeueable deps ti=<TaskInstance: Mercado_5m.get_5m_info scheduled__2024-07-25T01:25:00+00:00 [queued]>
[2024-07-25T16:18:58.375-0300] {taskinstance.py:2076} INFO - Dependencies all met for dep_context=requeueable deps ti=<TaskInstance: Mercado_5m.get_5m_info scheduled__2024-07-25T01:25:00+00:00 [queued]>
[2024-07-25T16:18:58.375-0300] {taskinstance.py:2306} INFO - Starting attempt 1 of 1
[2024-07-25T16:18:58.389-0300] {taskinstance.py:2330} INFO - Executing <Task(PythonOperator): get_5m_info> on 2024-07-25 01:25:00+00:00
[2024-07-25T16:18:58.391-0300] {standard_task_runner.py:64} INFO - Started process 2661923 to run task
[2024-07-25T16:18:58.394-0300] {standard_task_runner.py:90} INFO - Running: ['airflow', 'tasks', 'run', 'Mercado_5m', 'get_5m_info', 'scheduled__2024-07-25T01:25:00+00:00', '--job-id', '2244', '--raw', '--subdir', 'DAGS_FOLDER/mercado_dag.py', '--cfg-path', '/tmp/tmpv9oh867t']
[2024-07-25T16:18:58.394-0300] {standard_task_runner.py:91} INFO - Job 2244: Subtask get_5m_info
[2024-07-25T16:18:58.426-0300] {task_command.py:426} INFO - Running <TaskInstance: Mercado_5m.get_5m_info scheduled__2024-07-25T01:25:00+00:00 [running]> on host Galaxybook.
[2024-07-25T16:18:58.474-0300] {taskinstance.py:2648} INFO - Exporting env vars: AIRFLOW_CTX_DAG_OWNER='airflow' AIRFLOW_CTX_DAG_ID='Mercado_5m' AIRFLOW_CTX_TASK_ID='get_5m_info' AIRFLOW_CTX_EXECUTION_DATE='2024-07-25T01:25:00+00:00' AIRFLOW_CTX_TRY_NUMBER='1' AIRFLOW_CTX_DAG_RUN_ID='scheduled__2024-07-25T01:25:00+00:00'
[2024-07-25T16:18:58.475-0300] {taskinstance.py:430} INFO - ::endgroup::
[2024-07-25T16:18:58.483-0300] {mercado_dag.py:22} INFO - To: 2024-07-25 01:30:00+00:00
[2024-07-25T16:18:58.483-0300] {mercado_dag.py:23} INFO - From: 2024-07-25 01:25:00+00:00
[2024-07-25T16:18:58.483-0300] {mercado_dag.py:24} INFO - To timestamp: 1721871000 
[2024-07-25T16:18:58.483-0300] {mercado_dag.py:25} INFO - To timestamp: 1721871000 
[2024-07-25T16:18:58.547-0300] {base.py:84} INFO - Using connection ID 'mercado_default' for task execution.
[2024-07-25T16:18:58.548-0300] {mercado_hook.py:31} INFO - URL: https://api.mercadobitcoin.net/api/v4/candles?symbol=BTC-BRL&resolution=5m&to=1721871000&from=1721870700
[2024-07-25T16:18:58.827-0300] {python.py:237} INFO - Done. Returned value was: None
[2024-07-25T16:18:58.828-0300] {taskinstance.py:441} INFO - ::group::Post task execution logs
[2024-07-25T16:18:58.830-0300] {taskinstance.py:1206} INFO - Marking task as SUCCESS. dag_id=Mercado_5m, task_id=get_5m_info, run_id=scheduled__2024-07-25T01:25:00+00:00, execution_date=20240725T012500, start_date=20240725T191858, end_date=20240725T191858
[2024-07-25T16:18:58.852-0300] {local_task_job_runner.py:243} INFO - Task exited with return code 0
[2024-07-25T16:18:58.859-0300] {taskinstance.py:3503} INFO - 0 downstream tasks scheduled from follow-on schedule check
[2024-07-25T16:18:58.860-0300] {local_task_job_runner.py:222} INFO - ::endgroup::
[2024-07-25T16:23:07.595-0300] {local_task_job_runner.py:120} INFO - ::group::Pre task execution logs
[2024-07-25T16:23:07.602-0300] {taskinstance.py:2076} INFO - Dependencies all met for dep_context=non-requeueable deps ti=<TaskInstance: Mercado_5m.get_5m_info scheduled__2024-07-25T01:25:00+00:00 [queued]>
[2024-07-25T16:23:07.606-0300] {taskinstance.py:2076} INFO - Dependencies all met for dep_context=requeueable deps ti=<TaskInstance: Mercado_5m.get_5m_info scheduled__2024-07-25T01:25:00+00:00 [queued]>
[2024-07-25T16:23:07.606-0300] {taskinstance.py:2306} INFO - Starting attempt 1 of 1
[2024-07-25T16:23:07.621-0300] {taskinstance.py:2330} INFO - Executing <Task(PythonOperator): get_5m_info> on 2024-07-25 01:25:00+00:00
[2024-07-25T16:23:07.624-0300] {standard_task_runner.py:64} INFO - Started process 2666175 to run task
[2024-07-25T16:23:07.626-0300] {standard_task_runner.py:90} INFO - Running: ['airflow', 'tasks', 'run', 'Mercado_5m', 'get_5m_info', 'scheduled__2024-07-25T01:25:00+00:00', '--job-id', '2368', '--raw', '--subdir', 'DAGS_FOLDER/mercado_dag.py', '--cfg-path', '/tmp/tmp8xpgnke_']
[2024-07-25T16:23:07.627-0300] {standard_task_runner.py:91} INFO - Job 2368: Subtask get_5m_info
[2024-07-25T16:23:07.658-0300] {task_command.py:426} INFO - Running <TaskInstance: Mercado_5m.get_5m_info scheduled__2024-07-25T01:25:00+00:00 [running]> on host Galaxybook.
[2024-07-25T16:23:07.712-0300] {taskinstance.py:2648} INFO - Exporting env vars: AIRFLOW_CTX_DAG_OWNER='airflow' AIRFLOW_CTX_DAG_ID='Mercado_5m' AIRFLOW_CTX_TASK_ID='get_5m_info' AIRFLOW_CTX_EXECUTION_DATE='2024-07-25T01:25:00+00:00' AIRFLOW_CTX_TRY_NUMBER='1' AIRFLOW_CTX_DAG_RUN_ID='scheduled__2024-07-25T01:25:00+00:00'
[2024-07-25T16:23:07.713-0300] {taskinstance.py:430} INFO - ::endgroup::
[2024-07-25T16:23:07.721-0300] {mercado_dag.py:22} INFO - To: 2024-07-25 01:30:00+00:00
[2024-07-25T16:23:07.722-0300] {mercado_dag.py:23} INFO - From: 2024-07-25 01:25:00+00:00
[2024-07-25T16:23:07.722-0300] {mercado_dag.py:24} INFO - To timestamp: 1721871000 
[2024-07-25T16:23:07.722-0300] {mercado_dag.py:25} INFO - From timestamp: 1721870700 
[2024-07-25T16:23:07.792-0300] {base.py:84} INFO - Using connection ID 'mercado_default' for task execution.
[2024-07-25T16:23:07.793-0300] {mercado_hook.py:31} INFO - URL: https://api.mercadobitcoin.net/api/v4/candles?symbol=BTC-BRL&resolution=5m&to=1721871000&from=1721870700
[2024-07-25T16:23:08.120-0300] {python.py:237} INFO - Done. Returned value was: None
[2024-07-25T16:23:08.121-0300] {taskinstance.py:441} INFO - ::group::Post task execution logs
[2024-07-25T16:23:08.123-0300] {taskinstance.py:1206} INFO - Marking task as SUCCESS. dag_id=Mercado_5m, task_id=get_5m_info, run_id=scheduled__2024-07-25T01:25:00+00:00, execution_date=20240725T012500, start_date=20240725T192307, end_date=20240725T192308
[2024-07-25T16:23:08.169-0300] {local_task_job_runner.py:243} INFO - Task exited with return code 0
[2024-07-25T16:23:08.177-0300] {taskinstance.py:3503} INFO - 0 downstream tasks scheduled from follow-on schedule check
[2024-07-25T16:23:08.177-0300] {local_task_job_runner.py:222} INFO - ::endgroup::
[2024-07-25T16:25:41.490-0300] {local_task_job_runner.py:120} INFO - ::group::Pre task execution logs
[2024-07-25T16:25:41.495-0300] {taskinstance.py:2076} INFO - Dependencies all met for dep_context=non-requeueable deps ti=<TaskInstance: Mercado_5m.get_5m_info scheduled__2024-07-25T01:25:00+00:00 [queued]>
[2024-07-25T16:25:41.499-0300] {taskinstance.py:2076} INFO - Dependencies all met for dep_context=requeueable deps ti=<TaskInstance: Mercado_5m.get_5m_info scheduled__2024-07-25T01:25:00+00:00 [queued]>
[2024-07-25T16:25:41.499-0300] {taskinstance.py:2306} INFO - Starting attempt 1 of 1
[2024-07-25T16:25:41.514-0300] {taskinstance.py:2330} INFO - Executing <Task(PythonOperator): get_5m_info> on 2024-07-25 01:25:00+00:00
[2024-07-25T16:25:41.516-0300] {standard_task_runner.py:64} INFO - Started process 2668716 to run task
[2024-07-25T16:25:41.519-0300] {standard_task_runner.py:90} INFO - Running: ['airflow', 'tasks', 'run', 'Mercado_5m', 'get_5m_info', 'scheduled__2024-07-25T01:25:00+00:00', '--job-id', '2437', '--raw', '--subdir', 'DAGS_FOLDER/mercado_dag.py', '--cfg-path', '/tmp/tmp9d6xigpy']
[2024-07-25T16:25:41.520-0300] {standard_task_runner.py:91} INFO - Job 2437: Subtask get_5m_info
[2024-07-25T16:25:41.547-0300] {task_command.py:426} INFO - Running <TaskInstance: Mercado_5m.get_5m_info scheduled__2024-07-25T01:25:00+00:00 [running]> on host Galaxybook.
[2024-07-25T16:25:41.597-0300] {taskinstance.py:2648} INFO - Exporting env vars: AIRFLOW_CTX_DAG_OWNER='airflow' AIRFLOW_CTX_DAG_ID='Mercado_5m' AIRFLOW_CTX_TASK_ID='get_5m_info' AIRFLOW_CTX_EXECUTION_DATE='2024-07-25T01:25:00+00:00' AIRFLOW_CTX_TRY_NUMBER='1' AIRFLOW_CTX_DAG_RUN_ID='scheduled__2024-07-25T01:25:00+00:00'
[2024-07-25T16:25:41.598-0300] {taskinstance.py:430} INFO - ::endgroup::
[2024-07-25T16:25:41.606-0300] {mercado_dag.py:22} INFO - To: 2024-07-25 01:30:00+00:00
[2024-07-25T16:25:41.607-0300] {mercado_dag.py:23} INFO - From: 2024-07-25 01:25:00+00:00
[2024-07-25T16:25:41.607-0300] {mercado_dag.py:24} INFO - To timestamp: 1721871000000 
[2024-07-25T16:25:41.607-0300] {mercado_dag.py:25} INFO - From timestamp: 1721870700000 
[2024-07-25T16:25:41.674-0300] {base.py:84} INFO - Using connection ID 'mercado_default' for task execution.
[2024-07-25T16:25:41.675-0300] {mercado_hook.py:31} INFO - URL: https://api.mercadobitcoin.net/api/v4/candles?symbol=BTC-BRL&resolution=5m&to=1721871000000&from=1721870700000
[2024-07-25T16:25:41.982-0300] {python.py:237} INFO - Done. Returned value was: None
[2024-07-25T16:25:41.983-0300] {taskinstance.py:441} INFO - ::group::Post task execution logs
[2024-07-25T16:25:41.986-0300] {taskinstance.py:1206} INFO - Marking task as SUCCESS. dag_id=Mercado_5m, task_id=get_5m_info, run_id=scheduled__2024-07-25T01:25:00+00:00, execution_date=20240725T012500, start_date=20240725T192541, end_date=20240725T192541
[2024-07-25T16:25:42.015-0300] {local_task_job_runner.py:243} INFO - Task exited with return code 0
[2024-07-25T16:25:42.022-0300] {taskinstance.py:3503} INFO - 0 downstream tasks scheduled from follow-on schedule check
[2024-07-25T16:25:42.023-0300] {local_task_job_runner.py:222} INFO - ::endgroup::
