[2024-07-25T15:15:01.849-0300] {local_task_job_runner.py:120} INFO - ::group::Pre task execution logs
[2024-07-25T15:15:01.853-0300] {taskinstance.py:2076} INFO - Dependencies all met for dep_context=non-requeueable deps ti=<TaskInstance: Binance_5m.get_5m_info scheduled__2024-07-25T18:10:00+00:00 [queued]>
[2024-07-25T15:15:01.857-0300] {taskinstance.py:2076} INFO - Dependencies all met for dep_context=requeueable deps ti=<TaskInstance: Binance_5m.get_5m_info scheduled__2024-07-25T18:10:00+00:00 [queued]>
[2024-07-25T15:15:01.857-0300] {taskinstance.py:2306} INFO - Starting attempt 1 of 1
[2024-07-25T15:15:01.872-0300] {taskinstance.py:2330} INFO - Executing <Task(PythonOperator): get_5m_info> on 2024-07-25 18:10:00+00:00
[2024-07-25T15:15:01.873-0300] {standard_task_runner.py:64} INFO - Started process 2627317 to run task
[2024-07-25T15:15:01.876-0300] {standard_task_runner.py:90} INFO - Running: ['airflow', 'tasks', 'run', 'Binance_5m', 'get_5m_info', 'scheduled__2024-07-25T18:10:00+00:00', '--job-id', '2534', '--raw', '--subdir', 'DAGS_FOLDER/binance_dag.py', '--cfg-path', '/tmp/tmpjl9mwmj0']
[2024-07-25T15:15:01.877-0300] {standard_task_runner.py:91} INFO - Job 2534: Subtask get_5m_info
[2024-07-25T15:15:01.903-0300] {task_command.py:426} INFO - Running <TaskInstance: Binance_5m.get_5m_info scheduled__2024-07-25T18:10:00+00:00 [running]> on host Galaxybook.
[2024-07-25T15:15:01.960-0300] {taskinstance.py:2648} INFO - Exporting env vars: AIRFLOW_CTX_DAG_OWNER='airflow' AIRFLOW_CTX_DAG_ID='Binance_5m' AIRFLOW_CTX_TASK_ID='get_5m_info' AIRFLOW_CTX_EXECUTION_DATE='2024-07-25T18:10:00+00:00' AIRFLOW_CTX_TRY_NUMBER='1' AIRFLOW_CTX_DAG_RUN_ID='scheduled__2024-07-25T18:10:00+00:00'
[2024-07-25T15:15:01.961-0300] {taskinstance.py:430} INFO - ::endgroup::
[2024-07-25T15:15:01.970-0300] {binance_dag.py:25} INFO - End Time: 2024-07-25T18:15:00.00Z
[2024-07-25T15:15:01.970-0300] {binance_dag.py:26} INFO - Start Time: 2024-07-25T18:10:00.00Z
[2024-07-25T15:15:02.034-0300] {binance_dag.py:20} INFO - dt:
[2024-07-25T15:15:02.035-0300] {binance_dag.py:21} INFO - 2024-07-25 18:10:00
[2024-07-25T15:15:02.035-0300] {binance_dag.py:20} INFO - dt:
[2024-07-25T15:15:02.035-0300] {binance_dag.py:21} INFO - 2024-07-25 18:15:00
[2024-07-25T15:15:02.038-0300] {base.py:84} INFO - Using connection ID 'binance_default' for task execution.
[2024-07-25T15:15:02.039-0300] {logging_mixin.py:188} INFO - https://api.binance.com
[2024-07-25T15:15:02.039-0300] {binance_hook.py:35} INFO - URL: https://api.binance.com/api/v3/klines?symbol=BTCBRL&interval=5m&startTime=1721941800000&endTime=1721942099999
[2024-07-25T15:15:02.825-0300] {binance_dag.py:45} INFO - r: []
[2024-07-25T15:15:02.826-0300] {python.py:237} INFO - Done. Returned value was: None
[2024-07-25T15:15:02.827-0300] {taskinstance.py:441} INFO - ::group::Post task execution logs
[2024-07-25T15:15:02.830-0300] {taskinstance.py:1206} INFO - Marking task as SUCCESS. dag_id=Binance_5m, task_id=get_5m_info, run_id=scheduled__2024-07-25T18:10:00+00:00, execution_date=20240725T181000, start_date=20240725T181501, end_date=20240725T181502
[2024-07-25T15:15:02.864-0300] {local_task_job_runner.py:243} INFO - Task exited with return code 0
[2024-07-25T15:15:02.870-0300] {taskinstance.py:3503} INFO - 0 downstream tasks scheduled from follow-on schedule check
[2024-07-25T15:15:02.871-0300] {local_task_job_runner.py:222} INFO - ::endgroup::
[2024-07-25T15:25:02.797-0300] {local_task_job_runner.py:120} INFO - ::group::Pre task execution logs
[2024-07-25T15:25:02.802-0300] {taskinstance.py:2076} INFO - Dependencies all met for dep_context=non-requeueable deps ti=<TaskInstance: Binance_5m.get_5m_info scheduled__2024-07-25T18:10:00+00:00 [queued]>
[2024-07-25T15:25:02.805-0300] {taskinstance.py:2076} INFO - Dependencies all met for dep_context=requeueable deps ti=<TaskInstance: Binance_5m.get_5m_info scheduled__2024-07-25T18:10:00+00:00 [queued]>
[2024-07-25T15:25:02.805-0300] {taskinstance.py:2306} INFO - Starting attempt 1 of 1
[2024-07-25T15:25:02.818-0300] {taskinstance.py:2330} INFO - Executing <Task(PythonOperator): get_5m_info> on 2024-07-25 18:10:00+00:00
[2024-07-25T15:25:02.820-0300] {standard_task_runner.py:64} INFO - Started process 2636749 to run task
[2024-07-25T15:25:02.822-0300] {standard_task_runner.py:90} INFO - Running: ['airflow', 'tasks', 'run', 'Binance_5m', 'get_5m_info', 'scheduled__2024-07-25T18:10:00+00:00', '--job-id', '2753', '--raw', '--subdir', 'DAGS_FOLDER/binance_dag.py', '--cfg-path', '/tmp/tmpzv3hahml']
[2024-07-25T15:25:02.823-0300] {standard_task_runner.py:91} INFO - Job 2753: Subtask get_5m_info
[2024-07-25T15:25:02.846-0300] {task_command.py:426} INFO - Running <TaskInstance: Binance_5m.get_5m_info scheduled__2024-07-25T18:10:00+00:00 [running]> on host Galaxybook.
[2024-07-25T15:25:02.900-0300] {taskinstance.py:2648} INFO - Exporting env vars: AIRFLOW_CTX_DAG_OWNER='airflow' AIRFLOW_CTX_DAG_ID='Binance_5m' AIRFLOW_CTX_TASK_ID='get_5m_info' AIRFLOW_CTX_EXECUTION_DATE='2024-07-25T18:10:00+00:00' AIRFLOW_CTX_TRY_NUMBER='1' AIRFLOW_CTX_DAG_RUN_ID='scheduled__2024-07-25T18:10:00+00:00'
[2024-07-25T15:25:02.900-0300] {taskinstance.py:430} INFO - ::endgroup::
[2024-07-25T15:25:02.907-0300] {binance_dag.py:23} INFO - End Time: 2024-07-25T18:15:00.00Z
[2024-07-25T15:25:02.907-0300] {binance_dag.py:24} INFO - Start Time: 2024-07-25T18:10:00.00Z
[2024-07-25T15:25:02.959-0300] {binance_dag.py:25} INFO - 1721941800000
[2024-07-25T15:25:02.961-0300] {base.py:84} INFO - Using connection ID 'binance_default' for task execution.
[2024-07-25T15:25:02.961-0300] {logging_mixin.py:188} INFO - https://api.binance.com
[2024-07-25T15:25:02.962-0300] {binance_hook.py:35} INFO - URL: https://api.binance.com/api/v3/klines?symbol=BTCBRL&interval=5m&startTime=1721941800000&endTime=1721942099999
[2024-07-25T15:25:04.275-0300] {python.py:237} INFO - Done. Returned value was: None
[2024-07-25T15:25:04.276-0300] {taskinstance.py:441} INFO - ::group::Post task execution logs
[2024-07-25T15:25:04.279-0300] {taskinstance.py:1206} INFO - Marking task as SUCCESS. dag_id=Binance_5m, task_id=get_5m_info, run_id=scheduled__2024-07-25T18:10:00+00:00, execution_date=20240725T181000, start_date=20240725T182502, end_date=20240725T182504
[2024-07-25T15:25:04.309-0300] {local_task_job_runner.py:243} INFO - Task exited with return code 0
[2024-07-25T15:25:04.316-0300] {taskinstance.py:3503} INFO - 0 downstream tasks scheduled from follow-on schedule check
[2024-07-25T15:25:04.317-0300] {local_task_job_runner.py:222} INFO - ::endgroup::
[2024-07-25T16:24:18.414-0300] {local_task_job_runner.py:120} INFO - ::group::Pre task execution logs
[2024-07-25T16:24:18.422-0300] {taskinstance.py:2076} INFO - Dependencies all met for dep_context=non-requeueable deps ti=<TaskInstance: Binance_5m.get_5m_info scheduled__2024-07-25T18:10:00+00:00 [queued]>
[2024-07-25T16:24:18.426-0300] {taskinstance.py:2076} INFO - Dependencies all met for dep_context=requeueable deps ti=<TaskInstance: Binance_5m.get_5m_info scheduled__2024-07-25T18:10:00+00:00 [queued]>
[2024-07-25T16:24:18.427-0300] {taskinstance.py:2306} INFO - Starting attempt 1 of 1
[2024-07-25T16:24:18.445-0300] {taskinstance.py:2330} INFO - Executing <Task(PythonOperator): get_5m_info> on 2024-07-25 18:10:00+00:00
[2024-07-25T16:24:18.447-0300] {standard_task_runner.py:64} INFO - Started process 2667348 to run task
[2024-07-25T16:24:18.450-0300] {standard_task_runner.py:90} INFO - Running: ['airflow', 'tasks', 'run', 'Binance_5m', 'get_5m_info', 'scheduled__2024-07-25T18:10:00+00:00', '--job-id', '2401', '--raw', '--subdir', 'DAGS_FOLDER/binance_dag.py', '--cfg-path', '/tmp/tmpnm1b4z23']
[2024-07-25T16:24:18.452-0300] {standard_task_runner.py:91} INFO - Job 2401: Subtask get_5m_info
[2024-07-25T16:24:18.482-0300] {task_command.py:426} INFO - Running <TaskInstance: Binance_5m.get_5m_info scheduled__2024-07-25T18:10:00+00:00 [running]> on host Galaxybook.
[2024-07-25T16:24:18.548-0300] {taskinstance.py:2648} INFO - Exporting env vars: AIRFLOW_CTX_DAG_OWNER='airflow' AIRFLOW_CTX_DAG_ID='Binance_5m' AIRFLOW_CTX_TASK_ID='get_5m_info' AIRFLOW_CTX_EXECUTION_DATE='2024-07-25T18:10:00+00:00' AIRFLOW_CTX_TRY_NUMBER='1' AIRFLOW_CTX_DAG_RUN_ID='scheduled__2024-07-25T18:10:00+00:00'
[2024-07-25T16:24:18.549-0300] {taskinstance.py:430} INFO - ::endgroup::
[2024-07-25T16:24:18.559-0300] {binance_dag.py:22} INFO - End Time: 2024-07-25 18:15:00+00:00
[2024-07-25T16:24:18.559-0300] {binance_dag.py:23} INFO - Start Time: 2024-07-25 18:10:00+00:00
[2024-07-25T16:24:18.560-0300] {binance_dag.py:24} INFO - Start timestamp: 1721931000000
[2024-07-25T16:24:18.560-0300] {binance_dag.py:25} INFO - End timestamp: 1721931300000
[2024-07-25T16:24:18.636-0300] {base.py:84} INFO - Using connection ID 'binance_default' for task execution.
[2024-07-25T16:24:18.637-0300] {logging_mixin.py:188} INFO - https://api.binance.com
[2024-07-25T16:24:18.638-0300] {binance_hook.py:35} INFO - URL: https://api.binance.com/api/v3/klines?symbol=BTCBRL&interval=5m&startTime=1721931000000&endTime=1721931299999&timeZone=-3
[2024-07-25T16:24:19.064-0300] {python.py:237} INFO - Done. Returned value was: None
[2024-07-25T16:24:19.065-0300] {taskinstance.py:441} INFO - ::group::Post task execution logs
[2024-07-25T16:24:19.067-0300] {taskinstance.py:1206} INFO - Marking task as SUCCESS. dag_id=Binance_5m, task_id=get_5m_info, run_id=scheduled__2024-07-25T18:10:00+00:00, execution_date=20240725T181000, start_date=20240725T192418, end_date=20240725T192419
[2024-07-25T16:24:19.111-0300] {local_task_job_runner.py:243} INFO - Task exited with return code 0
[2024-07-25T16:24:19.121-0300] {taskinstance.py:3503} INFO - 0 downstream tasks scheduled from follow-on schedule check
[2024-07-25T16:24:19.122-0300] {local_task_job_runner.py:222} INFO - ::endgroup::
