[2024-07-25T14:47:24.424-0300] {local_task_job_runner.py:120} INFO - ::group::Pre task execution logs
[2024-07-25T14:47:24.428-0300] {taskinstance.py:2076} INFO - Dependencies all met for dep_context=non-requeueable deps ti=<TaskInstance: Binance_5m.get_5m_info scheduled__2024-07-25T01:45:00+00:00 [queued]>
[2024-07-25T14:47:24.431-0300] {taskinstance.py:2076} INFO - Dependencies all met for dep_context=requeueable deps ti=<TaskInstance: Binance_5m.get_5m_info scheduled__2024-07-25T01:45:00+00:00 [queued]>
[2024-07-25T14:47:24.431-0300] {taskinstance.py:2306} INFO - Starting attempt 1 of 1
[2024-07-25T14:47:24.444-0300] {taskinstance.py:2330} INFO - Executing <Task(PythonOperator): get_5m_info> on 2024-07-25 01:45:00+00:00
[2024-07-25T14:47:24.446-0300] {standard_task_runner.py:64} INFO - Started process 2606813 to run task
[2024-07-25T14:47:24.448-0300] {standard_task_runner.py:90} INFO - Running: ['airflow', 'tasks', 'run', 'Binance_5m', 'get_5m_info', 'scheduled__2024-07-25T01:45:00+00:00', '--job-id', '2107', '--raw', '--subdir', 'DAGS_FOLDER/binance_dag.py', '--cfg-path', '/tmp/tmpz7ux2w1j']
[2024-07-25T14:47:24.449-0300] {standard_task_runner.py:91} INFO - Job 2107: Subtask get_5m_info
[2024-07-25T14:47:24.483-0300] {task_command.py:426} INFO - Running <TaskInstance: Binance_5m.get_5m_info scheduled__2024-07-25T01:45:00+00:00 [running]> on host Galaxybook.
[2024-07-25T14:47:24.537-0300] {taskinstance.py:2648} INFO - Exporting env vars: AIRFLOW_CTX_DAG_OWNER='airflow' AIRFLOW_CTX_DAG_ID='Binance_5m' AIRFLOW_CTX_TASK_ID='get_5m_info' AIRFLOW_CTX_EXECUTION_DATE='2024-07-25T01:45:00+00:00' AIRFLOW_CTX_TRY_NUMBER='1' AIRFLOW_CTX_DAG_RUN_ID='scheduled__2024-07-25T01:45:00+00:00'
[2024-07-25T14:47:24.537-0300] {taskinstance.py:430} INFO - ::endgroup::
[2024-07-25T14:47:24.545-0300] {binance_dag.py:23} INFO - End Time: 2024-07-25T01:50:00.00Z
[2024-07-25T14:47:24.545-0300] {binance_dag.py:24} INFO - Start Time: 2024-07-25T01:45:00.00Z
[2024-07-25T14:47:24.603-0300] {base.py:84} INFO - Using connection ID 'binance_default' for task execution.
[2024-07-25T14:47:24.603-0300] {logging_mixin.py:188} INFO - https://api.binance.com
[2024-07-25T14:47:24.603-0300] {binance_hook.py:35} INFO - URL: https://api.binance.com/api/v3/klines?symbol=BTCBRL&interval=5m&startTime=1721882700000&endTime=1721882999999
[2024-07-25T14:47:25.004-0300] {binance_dag.py:43} INFO - r: [[1721882700000, '365411.00000000', '365731.00000000', '365308.00000000', '365731.00000000', '0.03751000', 1721882999999, '13705.96054000', 13, '0.03156000', '11531.04589000', '0']]
[2024-07-25T14:47:25.005-0300] {python.py:237} INFO - Done. Returned value was: None
[2024-07-25T14:47:25.006-0300] {taskinstance.py:441} INFO - ::group::Post task execution logs
[2024-07-25T14:47:25.009-0300] {taskinstance.py:1206} INFO - Marking task as SUCCESS. dag_id=Binance_5m, task_id=get_5m_info, run_id=scheduled__2024-07-25T01:45:00+00:00, execution_date=20240725T014500, start_date=20240725T174724, end_date=20240725T174725
[2024-07-25T14:47:25.030-0300] {local_task_job_runner.py:243} INFO - Task exited with return code 0
[2024-07-25T14:47:25.036-0300] {taskinstance.py:3503} INFO - 0 downstream tasks scheduled from follow-on schedule check
[2024-07-25T14:47:25.036-0300] {local_task_job_runner.py:222} INFO - ::endgroup::
[2024-07-25T15:17:37.996-0300] {local_task_job_runner.py:120} INFO - ::group::Pre task execution logs
[2024-07-25T15:17:38.001-0300] {taskinstance.py:2076} INFO - Dependencies all met for dep_context=non-requeueable deps ti=<TaskInstance: Binance_5m.get_5m_info scheduled__2024-07-25T01:45:00+00:00 [queued]>
[2024-07-25T15:17:38.004-0300] {taskinstance.py:2076} INFO - Dependencies all met for dep_context=requeueable deps ti=<TaskInstance: Binance_5m.get_5m_info scheduled__2024-07-25T01:45:00+00:00 [queued]>
[2024-07-25T15:17:38.004-0300] {taskinstance.py:2306} INFO - Starting attempt 1 of 1
[2024-07-25T15:17:38.016-0300] {taskinstance.py:2330} INFO - Executing <Task(PythonOperator): get_5m_info> on 2024-07-25 01:45:00+00:00
[2024-07-25T15:17:38.018-0300] {standard_task_runner.py:64} INFO - Started process 2629374 to run task
[2024-07-25T15:17:38.020-0300] {standard_task_runner.py:90} INFO - Running: ['airflow', 'tasks', 'run', 'Binance_5m', 'get_5m_info', 'scheduled__2024-07-25T01:45:00+00:00', '--job-id', '2556', '--raw', '--subdir', 'DAGS_FOLDER/binance_dag.py', '--cfg-path', '/tmp/tmpjopeprm5']
[2024-07-25T15:17:38.021-0300] {standard_task_runner.py:91} INFO - Job 2556: Subtask get_5m_info
[2024-07-25T15:17:38.046-0300] {task_command.py:426} INFO - Running <TaskInstance: Binance_5m.get_5m_info scheduled__2024-07-25T01:45:00+00:00 [running]> on host Galaxybook.
[2024-07-25T15:17:38.091-0300] {taskinstance.py:2648} INFO - Exporting env vars: AIRFLOW_CTX_DAG_OWNER='airflow' AIRFLOW_CTX_DAG_ID='Binance_5m' AIRFLOW_CTX_TASK_ID='get_5m_info' AIRFLOW_CTX_EXECUTION_DATE='2024-07-25T01:45:00+00:00' AIRFLOW_CTX_TRY_NUMBER='1' AIRFLOW_CTX_DAG_RUN_ID='scheduled__2024-07-25T01:45:00+00:00'
[2024-07-25T15:17:38.091-0300] {taskinstance.py:430} INFO - ::endgroup::
[2024-07-25T15:17:38.099-0300] {binance_dag.py:23} INFO - End Time: 2024-07-25T01:50:00.00Z
[2024-07-25T15:17:38.099-0300] {binance_dag.py:24} INFO - Start Time: 2024-07-25T01:45:00.00Z
[2024-07-25T15:17:38.152-0300] {binance_dag.py:25} INFO - 1721882700000
[2024-07-25T15:17:38.154-0300] {base.py:84} INFO - Using connection ID 'binance_default' for task execution.
[2024-07-25T15:17:38.154-0300] {logging_mixin.py:188} INFO - https://api.binance.com
[2024-07-25T15:17:38.155-0300] {binance_hook.py:35} INFO - URL: https://api.binance.com/api/v3/klines?symbol=BTCBRL&interval=5m&startTime=1721882700000&endTime=1721882999999
[2024-07-25T15:17:38.576-0300] {python.py:237} INFO - Done. Returned value was: None
[2024-07-25T15:17:38.576-0300] {taskinstance.py:441} INFO - ::group::Post task execution logs
[2024-07-25T15:17:38.579-0300] {taskinstance.py:1206} INFO - Marking task as SUCCESS. dag_id=Binance_5m, task_id=get_5m_info, run_id=scheduled__2024-07-25T01:45:00+00:00, execution_date=20240725T014500, start_date=20240725T181738, end_date=20240725T181738
[2024-07-25T15:17:38.601-0300] {local_task_job_runner.py:243} INFO - Task exited with return code 0
[2024-07-25T15:17:38.607-0300] {taskinstance.py:3503} INFO - 0 downstream tasks scheduled from follow-on schedule check
[2024-07-25T15:17:38.607-0300] {local_task_job_runner.py:222} INFO - ::endgroup::
[2024-07-25T16:14:00.228-0300] {local_task_job_runner.py:120} INFO - ::group::Pre task execution logs
[2024-07-25T16:14:00.236-0300] {taskinstance.py:2076} INFO - Dependencies all met for dep_context=non-requeueable deps ti=<TaskInstance: Binance_5m.get_5m_info scheduled__2024-07-25T01:45:00+00:00 [queued]>
[2024-07-25T16:14:00.239-0300] {taskinstance.py:2076} INFO - Dependencies all met for dep_context=requeueable deps ti=<TaskInstance: Binance_5m.get_5m_info scheduled__2024-07-25T01:45:00+00:00 [queued]>
[2024-07-25T16:14:00.239-0300] {taskinstance.py:2306} INFO - Starting attempt 1 of 1
[2024-07-25T16:14:00.252-0300] {taskinstance.py:2330} INFO - Executing <Task(PythonOperator): get_5m_info> on 2024-07-25 01:45:00+00:00
[2024-07-25T16:14:00.254-0300] {standard_task_runner.py:64} INFO - Started process 2656993 to run task
[2024-07-25T16:14:00.256-0300] {standard_task_runner.py:90} INFO - Running: ['airflow', 'tasks', 'run', 'Binance_5m', 'get_5m_info', 'scheduled__2024-07-25T01:45:00+00:00', '--job-id', '2116', '--raw', '--subdir', 'DAGS_FOLDER/binance_dag.py', '--cfg-path', '/tmp/tmpkks9y3wz']
[2024-07-25T16:14:00.257-0300] {standard_task_runner.py:91} INFO - Job 2116: Subtask get_5m_info
[2024-07-25T16:14:00.285-0300] {task_command.py:426} INFO - Running <TaskInstance: Binance_5m.get_5m_info scheduled__2024-07-25T01:45:00+00:00 [running]> on host Galaxybook.
[2024-07-25T16:14:00.332-0300] {taskinstance.py:2648} INFO - Exporting env vars: AIRFLOW_CTX_DAG_OWNER='airflow' AIRFLOW_CTX_DAG_ID='Binance_5m' AIRFLOW_CTX_TASK_ID='get_5m_info' AIRFLOW_CTX_EXECUTION_DATE='2024-07-25T01:45:00+00:00' AIRFLOW_CTX_TRY_NUMBER='1' AIRFLOW_CTX_DAG_RUN_ID='scheduled__2024-07-25T01:45:00+00:00'
[2024-07-25T16:14:00.333-0300] {taskinstance.py:430} INFO - ::endgroup::
[2024-07-25T16:14:00.340-0300] {binance_dag.py:22} INFO - End Time: 2024-07-25 01:50:00+00:00
[2024-07-25T16:14:00.341-0300] {binance_dag.py:23} INFO - Start Time: 2024-07-25 01:45:00+00:00
[2024-07-25T16:14:00.341-0300] {binance_dag.py:24} INFO - Start timestamp: 1721871900000
[2024-07-25T16:14:00.341-0300] {binance_dag.py:25} INFO - End timestamp: 1721872200000
[2024-07-25T16:14:00.399-0300] {base.py:84} INFO - Using connection ID 'binance_default' for task execution.
[2024-07-25T16:14:00.399-0300] {logging_mixin.py:188} INFO - https://api.binance.com
[2024-07-25T16:14:00.400-0300] {binance_hook.py:35} INFO - URL: https://api.binance.com/api/v3/klines?symbol=BTCBRL&interval=5m&startTime=1721871900000&endTime=1721872199999&timeZone=-3
[2024-07-25T16:14:05.811-0300] {python.py:237} INFO - Done. Returned value was: None
[2024-07-25T16:14:05.812-0300] {taskinstance.py:441} INFO - ::group::Post task execution logs
[2024-07-25T16:14:05.814-0300] {taskinstance.py:1206} INFO - Marking task as SUCCESS. dag_id=Binance_5m, task_id=get_5m_info, run_id=scheduled__2024-07-25T01:45:00+00:00, execution_date=20240725T014500, start_date=20240725T191400, end_date=20240725T191405
[2024-07-25T16:14:05.870-0300] {local_task_job_runner.py:243} INFO - Task exited with return code 0
[2024-07-25T16:14:05.876-0300] {taskinstance.py:3503} INFO - 0 downstream tasks scheduled from follow-on schedule check
[2024-07-25T16:14:05.876-0300] {local_task_job_runner.py:222} INFO - ::endgroup::
