[2024-07-25T14:48:29.107-0300] {local_task_job_runner.py:120} INFO - ::group::Pre task execution logs
[2024-07-25T14:48:29.111-0300] {taskinstance.py:2076} INFO - Dependencies all met for dep_context=non-requeueable deps ti=<TaskInstance: Binance_5m.get_5m_info scheduled__2024-07-25T04:05:00+00:00 [queued]>
[2024-07-25T14:48:29.114-0300] {taskinstance.py:2076} INFO - Dependencies all met for dep_context=requeueable deps ti=<TaskInstance: Binance_5m.get_5m_info scheduled__2024-07-25T04:05:00+00:00 [queued]>
[2024-07-25T14:48:29.115-0300] {taskinstance.py:2306} INFO - Starting attempt 1 of 1
[2024-07-25T14:48:29.128-0300] {taskinstance.py:2330} INFO - Executing <Task(PythonOperator): get_5m_info> on 2024-07-25 04:05:00+00:00
[2024-07-25T14:48:29.130-0300] {standard_task_runner.py:64} INFO - Started process 2607902 to run task
[2024-07-25T14:48:29.132-0300] {standard_task_runner.py:90} INFO - Running: ['airflow', 'tasks', 'run', 'Binance_5m', 'get_5m_info', 'scheduled__2024-07-25T04:05:00+00:00', '--job-id', '2135', '--raw', '--subdir', 'DAGS_FOLDER/binance_dag.py', '--cfg-path', '/tmp/tmp_o_lh62b']
[2024-07-25T14:48:29.133-0300] {standard_task_runner.py:91} INFO - Job 2135: Subtask get_5m_info
[2024-07-25T14:48:29.166-0300] {task_command.py:426} INFO - Running <TaskInstance: Binance_5m.get_5m_info scheduled__2024-07-25T04:05:00+00:00 [running]> on host Galaxybook.
[2024-07-25T14:48:29.235-0300] {taskinstance.py:2648} INFO - Exporting env vars: AIRFLOW_CTX_DAG_OWNER='airflow' AIRFLOW_CTX_DAG_ID='Binance_5m' AIRFLOW_CTX_TASK_ID='get_5m_info' AIRFLOW_CTX_EXECUTION_DATE='2024-07-25T04:05:00+00:00' AIRFLOW_CTX_TRY_NUMBER='1' AIRFLOW_CTX_DAG_RUN_ID='scheduled__2024-07-25T04:05:00+00:00'
[2024-07-25T14:48:29.235-0300] {taskinstance.py:430} INFO - ::endgroup::
[2024-07-25T14:48:29.244-0300] {binance_dag.py:23} INFO - End Time: 2024-07-25T04:10:00.00Z
[2024-07-25T14:48:29.244-0300] {binance_dag.py:24} INFO - Start Time: 2024-07-25T04:05:00.00Z
[2024-07-25T14:48:29.306-0300] {base.py:84} INFO - Using connection ID 'binance_default' for task execution.
[2024-07-25T14:48:29.306-0300] {logging_mixin.py:188} INFO - https://api.binance.com
[2024-07-25T14:48:29.307-0300] {binance_hook.py:35} INFO - URL: https://api.binance.com/api/v3/klines?symbol=BTCBRL&interval=5m&startTime=1721891100000&endTime=1721891399999
[2024-07-25T14:48:29.707-0300] {binance_dag.py:43} INFO - r: [[1721891100000, '366253.00000000', '366253.00000000', '365960.00000000', '365960.00000000', '0.00308000', 1721891399999, '1127.50033000', 8, '0.00023000', '84.17080000', '0']]
[2024-07-25T14:48:29.708-0300] {python.py:237} INFO - Done. Returned value was: None
[2024-07-25T14:48:29.709-0300] {taskinstance.py:441} INFO - ::group::Post task execution logs
[2024-07-25T14:48:29.712-0300] {taskinstance.py:1206} INFO - Marking task as SUCCESS. dag_id=Binance_5m, task_id=get_5m_info, run_id=scheduled__2024-07-25T04:05:00+00:00, execution_date=20240725T040500, start_date=20240725T174829, end_date=20240725T174829
[2024-07-25T14:48:29.755-0300] {local_task_job_runner.py:243} INFO - Task exited with return code 0
[2024-07-25T14:48:29.763-0300] {taskinstance.py:3503} INFO - 0 downstream tasks scheduled from follow-on schedule check
[2024-07-25T14:48:29.764-0300] {local_task_job_runner.py:222} INFO - ::endgroup::
[2024-07-25T15:18:39.318-0300] {local_task_job_runner.py:120} INFO - ::group::Pre task execution logs
[2024-07-25T15:18:39.324-0300] {taskinstance.py:2076} INFO - Dependencies all met for dep_context=non-requeueable deps ti=<TaskInstance: Binance_5m.get_5m_info scheduled__2024-07-25T04:05:00+00:00 [queued]>
[2024-07-25T15:18:39.327-0300] {taskinstance.py:2076} INFO - Dependencies all met for dep_context=requeueable deps ti=<TaskInstance: Binance_5m.get_5m_info scheduled__2024-07-25T04:05:00+00:00 [queued]>
[2024-07-25T15:18:39.327-0300] {taskinstance.py:2306} INFO - Starting attempt 1 of 1
[2024-07-25T15:18:39.343-0300] {taskinstance.py:2330} INFO - Executing <Task(PythonOperator): get_5m_info> on 2024-07-25 04:05:00+00:00
[2024-07-25T15:18:39.345-0300] {standard_task_runner.py:64} INFO - Started process 2630418 to run task
[2024-07-25T15:18:39.347-0300] {standard_task_runner.py:90} INFO - Running: ['airflow', 'tasks', 'run', 'Binance_5m', 'get_5m_info', 'scheduled__2024-07-25T04:05:00+00:00', '--job-id', '2584', '--raw', '--subdir', 'DAGS_FOLDER/binance_dag.py', '--cfg-path', '/tmp/tmpqfolxgeg']
[2024-07-25T15:18:39.348-0300] {standard_task_runner.py:91} INFO - Job 2584: Subtask get_5m_info
[2024-07-25T15:18:39.380-0300] {task_command.py:426} INFO - Running <TaskInstance: Binance_5m.get_5m_info scheduled__2024-07-25T04:05:00+00:00 [running]> on host Galaxybook.
[2024-07-25T15:18:39.445-0300] {taskinstance.py:2648} INFO - Exporting env vars: AIRFLOW_CTX_DAG_OWNER='airflow' AIRFLOW_CTX_DAG_ID='Binance_5m' AIRFLOW_CTX_TASK_ID='get_5m_info' AIRFLOW_CTX_EXECUTION_DATE='2024-07-25T04:05:00+00:00' AIRFLOW_CTX_TRY_NUMBER='1' AIRFLOW_CTX_DAG_RUN_ID='scheduled__2024-07-25T04:05:00+00:00'
[2024-07-25T15:18:39.445-0300] {taskinstance.py:430} INFO - ::endgroup::
[2024-07-25T15:18:39.455-0300] {binance_dag.py:23} INFO - End Time: 2024-07-25T04:10:00.00Z
[2024-07-25T15:18:39.455-0300] {binance_dag.py:24} INFO - Start Time: 2024-07-25T04:05:00.00Z
[2024-07-25T15:18:39.521-0300] {binance_dag.py:25} INFO - 1721891100000
[2024-07-25T15:18:39.524-0300] {base.py:84} INFO - Using connection ID 'binance_default' for task execution.
[2024-07-25T15:18:39.524-0300] {logging_mixin.py:188} INFO - https://api.binance.com
[2024-07-25T15:18:39.525-0300] {binance_hook.py:35} INFO - URL: https://api.binance.com/api/v3/klines?symbol=BTCBRL&interval=5m&startTime=1721891100000&endTime=1721891399999
[2024-07-25T15:18:39.913-0300] {python.py:237} INFO - Done. Returned value was: None
[2024-07-25T15:18:39.914-0300] {taskinstance.py:441} INFO - ::group::Post task execution logs
[2024-07-25T15:18:39.917-0300] {taskinstance.py:1206} INFO - Marking task as SUCCESS. dag_id=Binance_5m, task_id=get_5m_info, run_id=scheduled__2024-07-25T04:05:00+00:00, execution_date=20240725T040500, start_date=20240725T181839, end_date=20240725T181839
[2024-07-25T15:18:39.967-0300] {local_task_job_runner.py:243} INFO - Task exited with return code 0
[2024-07-25T15:18:39.974-0300] {taskinstance.py:3503} INFO - 0 downstream tasks scheduled from follow-on schedule check
[2024-07-25T15:18:39.975-0300] {local_task_job_runner.py:222} INFO - ::endgroup::
[2024-07-25T16:15:15.110-0300] {local_task_job_runner.py:120} INFO - ::group::Pre task execution logs
[2024-07-25T16:15:15.119-0300] {taskinstance.py:2076} INFO - Dependencies all met for dep_context=non-requeueable deps ti=<TaskInstance: Binance_5m.get_5m_info scheduled__2024-07-25T04:05:00+00:00 [queued]>
[2024-07-25T16:15:15.124-0300] {taskinstance.py:2076} INFO - Dependencies all met for dep_context=requeueable deps ti=<TaskInstance: Binance_5m.get_5m_info scheduled__2024-07-25T04:05:00+00:00 [queued]>
[2024-07-25T16:15:15.125-0300] {taskinstance.py:2306} INFO - Starting attempt 1 of 1
[2024-07-25T16:15:15.142-0300] {taskinstance.py:2330} INFO - Executing <Task(PythonOperator): get_5m_info> on 2024-07-25 04:05:00+00:00
[2024-07-25T16:15:15.144-0300] {standard_task_runner.py:64} INFO - Started process 2658208 to run task
[2024-07-25T16:15:15.147-0300] {standard_task_runner.py:90} INFO - Running: ['airflow', 'tasks', 'run', 'Binance_5m', 'get_5m_info', 'scheduled__2024-07-25T04:05:00+00:00', '--job-id', '2144', '--raw', '--subdir', 'DAGS_FOLDER/binance_dag.py', '--cfg-path', '/tmp/tmp1cow9dne']
[2024-07-25T16:15:15.148-0300] {standard_task_runner.py:91} INFO - Job 2144: Subtask get_5m_info
[2024-07-25T16:15:15.181-0300] {task_command.py:426} INFO - Running <TaskInstance: Binance_5m.get_5m_info scheduled__2024-07-25T04:05:00+00:00 [running]> on host Galaxybook.
[2024-07-25T16:15:15.241-0300] {taskinstance.py:2648} INFO - Exporting env vars: AIRFLOW_CTX_DAG_OWNER='airflow' AIRFLOW_CTX_DAG_ID='Binance_5m' AIRFLOW_CTX_TASK_ID='get_5m_info' AIRFLOW_CTX_EXECUTION_DATE='2024-07-25T04:05:00+00:00' AIRFLOW_CTX_TRY_NUMBER='1' AIRFLOW_CTX_DAG_RUN_ID='scheduled__2024-07-25T04:05:00+00:00'
[2024-07-25T16:15:15.242-0300] {taskinstance.py:430} INFO - ::endgroup::
[2024-07-25T16:15:15.250-0300] {binance_dag.py:22} INFO - End Time: 2024-07-25 04:10:00+00:00
[2024-07-25T16:15:15.251-0300] {binance_dag.py:23} INFO - Start Time: 2024-07-25 04:05:00+00:00
[2024-07-25T16:15:15.251-0300] {binance_dag.py:24} INFO - Start timestamp: 1721880300000
[2024-07-25T16:15:15.251-0300] {binance_dag.py:25} INFO - End timestamp: 1721880600000
[2024-07-25T16:15:15.320-0300] {base.py:84} INFO - Using connection ID 'binance_default' for task execution.
[2024-07-25T16:15:15.320-0300] {logging_mixin.py:188} INFO - https://api.binance.com
[2024-07-25T16:15:15.321-0300] {binance_hook.py:35} INFO - URL: https://api.binance.com/api/v3/klines?symbol=BTCBRL&interval=5m&startTime=1721880300000&endTime=1721880599999&timeZone=-3
[2024-07-25T16:15:15.737-0300] {python.py:237} INFO - Done. Returned value was: None
[2024-07-25T16:15:15.738-0300] {taskinstance.py:441} INFO - ::group::Post task execution logs
[2024-07-25T16:15:15.741-0300] {taskinstance.py:1206} INFO - Marking task as SUCCESS. dag_id=Binance_5m, task_id=get_5m_info, run_id=scheduled__2024-07-25T04:05:00+00:00, execution_date=20240725T040500, start_date=20240725T191515, end_date=20240725T191515
[2024-07-25T16:15:15.762-0300] {local_task_job_runner.py:243} INFO - Task exited with return code 0
[2024-07-25T16:15:15.773-0300] {taskinstance.py:3503} INFO - 0 downstream tasks scheduled from follow-on schedule check
[2024-07-25T16:15:15.774-0300] {local_task_job_runner.py:222} INFO - ::endgroup::
