[2024-07-25T13:30:02.350-0300] {local_task_job_runner.py:120} INFO - ::group::Pre task execution logs
[2024-07-25T13:30:02.355-0300] {taskinstance.py:2076} INFO - Dependencies all met for dep_context=non-requeueable deps ti=<TaskInstance: Binance_5m.get_5m_info scheduled__2024-07-25T16:25:00+00:00 [queued]>
[2024-07-25T13:30:02.358-0300] {taskinstance.py:2076} INFO - Dependencies all met for dep_context=requeueable deps ti=<TaskInstance: Binance_5m.get_5m_info scheduled__2024-07-25T16:25:00+00:00 [queued]>
[2024-07-25T13:30:02.358-0300] {taskinstance.py:2306} INFO - Starting attempt 1 of 1
[2024-07-25T13:30:02.371-0300] {taskinstance.py:2330} INFO - Executing <Task(PythonOperator): get_5m_info> on 2024-07-25 16:25:00+00:00
[2024-07-25T13:30:02.373-0300] {standard_task_runner.py:64} INFO - Started process 2563153 to run task
[2024-07-25T13:30:02.376-0300] {standard_task_runner.py:90} INFO - Running: ['airflow', 'tasks', 'run', 'Binance_5m', 'get_5m_info', 'scheduled__2024-07-25T16:25:00+00:00', '--job-id', '2098', '--raw', '--subdir', 'DAGS_FOLDER/binance_dag.py', '--cfg-path', '/tmp/tmp4qzscztz']
[2024-07-25T13:30:02.377-0300] {standard_task_runner.py:91} INFO - Job 2098: Subtask get_5m_info
[2024-07-25T13:30:02.403-0300] {task_command.py:426} INFO - Running <TaskInstance: Binance_5m.get_5m_info scheduled__2024-07-25T16:25:00+00:00 [running]> on host Galaxybook.
[2024-07-25T13:30:02.457-0300] {taskinstance.py:2648} INFO - Exporting env vars: AIRFLOW_CTX_DAG_OWNER='airflow' AIRFLOW_CTX_DAG_ID='Binance_5m' AIRFLOW_CTX_TASK_ID='get_5m_info' AIRFLOW_CTX_EXECUTION_DATE='2024-07-25T16:25:00+00:00' AIRFLOW_CTX_TRY_NUMBER='1' AIRFLOW_CTX_DAG_RUN_ID='scheduled__2024-07-25T16:25:00+00:00'
[2024-07-25T13:30:02.457-0300] {taskinstance.py:430} INFO - ::endgroup::
[2024-07-25T13:30:02.465-0300] {binance_dag.py:22} INFO - End Time: 2024-07-25T16:25:00.00Z
[2024-07-25T13:30:02.519-0300] {taskinstance.py:441} INFO - ::group::Post task execution logs
[2024-07-25T13:30:02.519-0300] {taskinstance.py:2905} ERROR - Task failed with exception
Traceback (most recent call last):
  File "/home/hugoviana/Documentos/data_pipeline_airflow/.venv/lib/python3.12/site-packages/airflow/models/taskinstance.py", line 465, in _execute_task
    result = _execute_callable(context=context, **execute_callable_kwargs)
             ^^^^^^^^^^^^^^^^^^^^^^^^^^^^^^^^^^^^^^^^^^^^^^^^^^^^^^^^^^^^^
  File "/home/hugoviana/Documentos/data_pipeline_airflow/.venv/lib/python3.12/site-packages/airflow/models/taskinstance.py", line 432, in _execute_callable
    return execute_callable(context=context, **execute_callable_kwargs)
           ^^^^^^^^^^^^^^^^^^^^^^^^^^^^^^^^^^^^^^^^^^^^^^^^^^^^^^^^^^^^
  File "/home/hugoviana/Documentos/data_pipeline_airflow/.venv/lib/python3.12/site-packages/airflow/models/baseoperator.py", line 401, in wrapper
    return func(self, *args, **kwargs)
           ^^^^^^^^^^^^^^^^^^^^^^^^^^^
  File "/home/hugoviana/Documentos/data_pipeline_airflow/.venv/lib/python3.12/site-packages/airflow/operators/python.py", line 235, in execute
    return_value = self.execute_callable()
                   ^^^^^^^^^^^^^^^^^^^^^^^
  File "/home/hugoviana/Documentos/data_pipeline_airflow/.venv/lib/python3.12/site-packages/airflow/operators/python.py", line 252, in execute_callable
    return self.python_callable(*self.op_args, **self.op_kwargs)
           ^^^^^^^^^^^^^^^^^^^^^^^^^^^^^^^^^^^^^^^^^^^^^^^^^^^^^
  File "/home/hugoviana/Projetos/crypto-etl/airflow_pipeline/dags/binance_dag.py", line 30, in execute
    start_time=to_timestamp(start_time),
               ^^^^^^^^^^^^^^^^^^^^^^^^
  File "/home/hugoviana/Projetos/crypto-etl/airflow_pipeline/dags/binance_dag.py", line 16, in to_timestamp
    return int(datetime.timestamp(dt))*1000
               ^^^^^^^^^^^^^^^^^^^^^^
TypeError: descriptor 'timestamp' for 'datetime.datetime' objects doesn't apply to a 'str' object
[2024-07-25T13:30:02.521-0300] {taskinstance.py:1206} INFO - Marking task as FAILED. dag_id=Binance_5m, task_id=get_5m_info, run_id=scheduled__2024-07-25T16:25:00+00:00, execution_date=20240725T162500, start_date=20240725T163002, end_date=20240725T163002
[2024-07-25T13:30:02.532-0300] {standard_task_runner.py:110} ERROR - Failed to execute job 2098 for task get_5m_info (descriptor 'timestamp' for 'datetime.datetime' objects doesn't apply to a 'str' object; 2563153)
[2024-07-25T13:30:02.548-0300] {local_task_job_runner.py:243} INFO - Task exited with return code 1
[2024-07-25T13:30:02.553-0300] {taskinstance.py:3503} INFO - 0 downstream tasks scheduled from follow-on schedule check
[2024-07-25T13:30:02.554-0300] {local_task_job_runner.py:222} INFO - ::endgroup::
[2024-07-25T14:33:05.863-0300] {local_task_job_runner.py:120} INFO - ::group::Pre task execution logs
[2024-07-25T14:33:05.868-0300] {taskinstance.py:2076} INFO - Dependencies all met for dep_context=non-requeueable deps ti=<TaskInstance: Binance_5m.get_5m_info scheduled__2024-07-25T16:25:00+00:00 [queued]>
[2024-07-25T14:33:05.872-0300] {taskinstance.py:2076} INFO - Dependencies all met for dep_context=requeueable deps ti=<TaskInstance: Binance_5m.get_5m_info scheduled__2024-07-25T16:25:00+00:00 [queued]>
[2024-07-25T14:33:05.872-0300] {taskinstance.py:2306} INFO - Starting attempt 1 of 1
[2024-07-25T14:33:05.887-0300] {taskinstance.py:2330} INFO - Executing <Task(PythonOperator): get_5m_info> on 2024-07-25 16:25:00+00:00
[2024-07-25T14:33:05.889-0300] {standard_task_runner.py:64} INFO - Started process 2595939 to run task
[2024-07-25T14:33:05.893-0300] {standard_task_runner.py:90} INFO - Running: ['airflow', 'tasks', 'run', 'Binance_5m', 'get_5m_info', 'scheduled__2024-07-25T16:25:00+00:00', '--job-id', '2171', '--raw', '--subdir', 'DAGS_FOLDER/binance_dag.py', '--cfg-path', '/tmp/tmpxuuym9cz']
[2024-07-25T14:33:05.894-0300] {standard_task_runner.py:91} INFO - Job 2171: Subtask get_5m_info
[2024-07-25T14:33:05.920-0300] {task_command.py:426} INFO - Running <TaskInstance: Binance_5m.get_5m_info scheduled__2024-07-25T16:25:00+00:00 [running]> on host Galaxybook.
[2024-07-25T14:33:05.975-0300] {taskinstance.py:2648} INFO - Exporting env vars: AIRFLOW_CTX_DAG_OWNER='airflow' AIRFLOW_CTX_DAG_ID='Binance_5m' AIRFLOW_CTX_TASK_ID='get_5m_info' AIRFLOW_CTX_EXECUTION_DATE='2024-07-25T16:25:00+00:00' AIRFLOW_CTX_TRY_NUMBER='1' AIRFLOW_CTX_DAG_RUN_ID='scheduled__2024-07-25T16:25:00+00:00'
[2024-07-25T14:33:05.976-0300] {taskinstance.py:430} INFO - ::endgroup::
[2024-07-25T14:33:05.985-0300] {binance_dag.py:23} INFO - End Time: 2024-07-25T16:30:00.00Z
[2024-07-25T14:33:06.045-0300] {base.py:84} INFO - Using connection ID 'binance_default' for task execution.
[2024-07-25T14:33:06.045-0300] {logging_mixin.py:188} INFO - https://api.binance.com
[2024-07-25T14:33:06.045-0300] {binance_hook.py:35} INFO - URL: https://api.binance.com/api/v3/klines?symbol=BTCBRL&interval=5m&startTime=1721935500000&endTime=1721935800000
[2024-07-25T14:33:06.514-0300] {binance_dag.py:42} INFO - r: []
[2024-07-25T14:33:06.516-0300] {python.py:237} INFO - Done. Returned value was: None
[2024-07-25T14:33:06.517-0300] {taskinstance.py:441} INFO - ::group::Post task execution logs
[2024-07-25T14:33:06.520-0300] {taskinstance.py:1206} INFO - Marking task as SUCCESS. dag_id=Binance_5m, task_id=get_5m_info, run_id=scheduled__2024-07-25T16:25:00+00:00, execution_date=20240725T162500, start_date=20240725T173305, end_date=20240725T173306
[2024-07-25T14:33:06.559-0300] {local_task_job_runner.py:243} INFO - Task exited with return code 0
[2024-07-25T14:33:06.565-0300] {taskinstance.py:3503} INFO - 0 downstream tasks scheduled from follow-on schedule check
[2024-07-25T14:33:06.565-0300] {local_task_job_runner.py:222} INFO - ::endgroup::
[2024-07-25T14:54:35.197-0300] {local_task_job_runner.py:120} INFO - ::group::Pre task execution logs
[2024-07-25T14:54:35.202-0300] {taskinstance.py:2076} INFO - Dependencies all met for dep_context=non-requeueable deps ti=<TaskInstance: Binance_5m.get_5m_info scheduled__2024-07-25T16:25:00+00:00 [queued]>
[2024-07-25T14:54:35.205-0300] {taskinstance.py:2076} INFO - Dependencies all met for dep_context=requeueable deps ti=<TaskInstance: Binance_5m.get_5m_info scheduled__2024-07-25T16:25:00+00:00 [queued]>
[2024-07-25T14:54:35.206-0300] {taskinstance.py:2306} INFO - Starting attempt 1 of 1
[2024-07-25T14:54:35.218-0300] {taskinstance.py:2330} INFO - Executing <Task(PythonOperator): get_5m_info> on 2024-07-25 16:25:00+00:00
[2024-07-25T14:54:35.220-0300] {standard_task_runner.py:64} INFO - Started process 2613993 to run task
[2024-07-25T14:54:35.222-0300] {standard_task_runner.py:90} INFO - Running: ['airflow', 'tasks', 'run', 'Binance_5m', 'get_5m_info', 'scheduled__2024-07-25T16:25:00+00:00', '--job-id', '2296', '--raw', '--subdir', 'DAGS_FOLDER/binance_dag.py', '--cfg-path', '/tmp/tmphht70p31']
[2024-07-25T14:54:35.223-0300] {standard_task_runner.py:91} INFO - Job 2296: Subtask get_5m_info
[2024-07-25T14:54:35.255-0300] {task_command.py:426} INFO - Running <TaskInstance: Binance_5m.get_5m_info scheduled__2024-07-25T16:25:00+00:00 [running]> on host Galaxybook.
[2024-07-25T14:54:35.314-0300] {taskinstance.py:2648} INFO - Exporting env vars: AIRFLOW_CTX_DAG_OWNER='airflow' AIRFLOW_CTX_DAG_ID='Binance_5m' AIRFLOW_CTX_TASK_ID='get_5m_info' AIRFLOW_CTX_EXECUTION_DATE='2024-07-25T16:25:00+00:00' AIRFLOW_CTX_TRY_NUMBER='1' AIRFLOW_CTX_DAG_RUN_ID='scheduled__2024-07-25T16:25:00+00:00'
[2024-07-25T14:54:35.314-0300] {taskinstance.py:430} INFO - ::endgroup::
[2024-07-25T14:54:35.322-0300] {binance_dag.py:23} INFO - End Time: 2024-07-25T16:30:00.00Z
[2024-07-25T14:54:35.322-0300] {binance_dag.py:24} INFO - Start Time: 2024-07-25T16:25:00.00Z
[2024-07-25T14:54:35.388-0300] {base.py:84} INFO - Using connection ID 'binance_default' for task execution.
[2024-07-25T14:54:35.388-0300] {logging_mixin.py:188} INFO - https://api.binance.com
[2024-07-25T14:54:35.389-0300] {binance_hook.py:35} INFO - URL: https://api.binance.com/api/v3/klines?symbol=BTCBRL&interval=5m&startTime=1721935500000&endTime=1721935799999
[2024-07-25T14:54:36.292-0300] {binance_dag.py:43} INFO - r: []
[2024-07-25T14:54:36.294-0300] {python.py:237} INFO - Done. Returned value was: None
[2024-07-25T14:54:36.294-0300] {taskinstance.py:441} INFO - ::group::Post task execution logs
[2024-07-25T14:54:36.297-0300] {taskinstance.py:1206} INFO - Marking task as SUCCESS. dag_id=Binance_5m, task_id=get_5m_info, run_id=scheduled__2024-07-25T16:25:00+00:00, execution_date=20240725T162500, start_date=20240725T175435, end_date=20240725T175436
[2024-07-25T14:54:36.328-0300] {local_task_job_runner.py:243} INFO - Task exited with return code 0
[2024-07-25T14:54:36.336-0300] {taskinstance.py:3503} INFO - 0 downstream tasks scheduled from follow-on schedule check
[2024-07-25T14:54:36.336-0300] {local_task_job_runner.py:222} INFO - ::endgroup::
[2024-07-25T15:24:12.587-0300] {local_task_job_runner.py:120} INFO - ::group::Pre task execution logs
[2024-07-25T15:24:12.593-0300] {taskinstance.py:2076} INFO - Dependencies all met for dep_context=non-requeueable deps ti=<TaskInstance: Binance_5m.get_5m_info scheduled__2024-07-25T16:25:00+00:00 [queued]>
[2024-07-25T15:24:12.596-0300] {taskinstance.py:2076} INFO - Dependencies all met for dep_context=requeueable deps ti=<TaskInstance: Binance_5m.get_5m_info scheduled__2024-07-25T16:25:00+00:00 [queued]>
[2024-07-25T15:24:12.596-0300] {taskinstance.py:2306} INFO - Starting attempt 1 of 1
[2024-07-25T15:24:12.609-0300] {taskinstance.py:2330} INFO - Executing <Task(PythonOperator): get_5m_info> on 2024-07-25 16:25:00+00:00
[2024-07-25T15:24:12.611-0300] {standard_task_runner.py:64} INFO - Started process 2635907 to run task
[2024-07-25T15:24:12.612-0300] {standard_task_runner.py:90} INFO - Running: ['airflow', 'tasks', 'run', 'Binance_5m', 'get_5m_info', 'scheduled__2024-07-25T16:25:00+00:00', '--job-id', '2732', '--raw', '--subdir', 'DAGS_FOLDER/binance_dag.py', '--cfg-path', '/tmp/tmpqrg1kmxq']
[2024-07-25T15:24:12.613-0300] {standard_task_runner.py:91} INFO - Job 2732: Subtask get_5m_info
[2024-07-25T15:24:12.638-0300] {task_command.py:426} INFO - Running <TaskInstance: Binance_5m.get_5m_info scheduled__2024-07-25T16:25:00+00:00 [running]> on host Galaxybook.
[2024-07-25T15:24:12.690-0300] {taskinstance.py:2648} INFO - Exporting env vars: AIRFLOW_CTX_DAG_OWNER='airflow' AIRFLOW_CTX_DAG_ID='Binance_5m' AIRFLOW_CTX_TASK_ID='get_5m_info' AIRFLOW_CTX_EXECUTION_DATE='2024-07-25T16:25:00+00:00' AIRFLOW_CTX_TRY_NUMBER='1' AIRFLOW_CTX_DAG_RUN_ID='scheduled__2024-07-25T16:25:00+00:00'
[2024-07-25T15:24:12.690-0300] {taskinstance.py:430} INFO - ::endgroup::
[2024-07-25T15:24:12.697-0300] {binance_dag.py:23} INFO - End Time: 2024-07-25T16:30:00.00Z
[2024-07-25T15:24:12.698-0300] {binance_dag.py:24} INFO - Start Time: 2024-07-25T16:25:00.00Z
[2024-07-25T15:24:12.751-0300] {binance_dag.py:25} INFO - 1721935500000
[2024-07-25T15:24:12.753-0300] {base.py:84} INFO - Using connection ID 'binance_default' for task execution.
[2024-07-25T15:24:12.754-0300] {logging_mixin.py:188} INFO - https://api.binance.com
[2024-07-25T15:24:12.754-0300] {binance_hook.py:35} INFO - URL: https://api.binance.com/api/v3/klines?symbol=BTCBRL&interval=5m&startTime=1721935500000&endTime=1721935799999
[2024-07-25T15:24:14.799-0300] {python.py:237} INFO - Done. Returned value was: None
[2024-07-25T15:24:14.799-0300] {taskinstance.py:441} INFO - ::group::Post task execution logs
[2024-07-25T15:24:14.801-0300] {taskinstance.py:1206} INFO - Marking task as SUCCESS. dag_id=Binance_5m, task_id=get_5m_info, run_id=scheduled__2024-07-25T16:25:00+00:00, execution_date=20240725T162500, start_date=20240725T182412, end_date=20240725T182414
[2024-07-25T15:24:14.828-0300] {local_task_job_runner.py:243} INFO - Task exited with return code 0
[2024-07-25T15:24:14.835-0300] {taskinstance.py:3503} INFO - 0 downstream tasks scheduled from follow-on schedule check
[2024-07-25T15:24:14.835-0300] {local_task_job_runner.py:222} INFO - ::endgroup::
[2024-07-25T16:23:03.464-0300] {local_task_job_runner.py:120} INFO - ::group::Pre task execution logs
[2024-07-25T16:23:03.472-0300] {taskinstance.py:2076} INFO - Dependencies all met for dep_context=non-requeueable deps ti=<TaskInstance: Binance_5m.get_5m_info scheduled__2024-07-25T16:25:00+00:00 [queued]>
[2024-07-25T16:23:03.475-0300] {taskinstance.py:2076} INFO - Dependencies all met for dep_context=requeueable deps ti=<TaskInstance: Binance_5m.get_5m_info scheduled__2024-07-25T16:25:00+00:00 [queued]>
[2024-07-25T16:23:03.476-0300] {taskinstance.py:2306} INFO - Starting attempt 1 of 1
[2024-07-25T16:23:03.492-0300] {taskinstance.py:2330} INFO - Executing <Task(PythonOperator): get_5m_info> on 2024-07-25 16:25:00+00:00
[2024-07-25T16:23:03.495-0300] {standard_task_runner.py:64} INFO - Started process 2666094 to run task
[2024-07-25T16:23:03.497-0300] {standard_task_runner.py:90} INFO - Running: ['airflow', 'tasks', 'run', 'Binance_5m', 'get_5m_info', 'scheduled__2024-07-25T16:25:00+00:00', '--job-id', '2366', '--raw', '--subdir', 'DAGS_FOLDER/binance_dag.py', '--cfg-path', '/tmp/tmp0caqdipl']
[2024-07-25T16:23:03.499-0300] {standard_task_runner.py:91} INFO - Job 2366: Subtask get_5m_info
[2024-07-25T16:23:03.529-0300] {task_command.py:426} INFO - Running <TaskInstance: Binance_5m.get_5m_info scheduled__2024-07-25T16:25:00+00:00 [running]> on host Galaxybook.
[2024-07-25T16:23:03.594-0300] {taskinstance.py:2648} INFO - Exporting env vars: AIRFLOW_CTX_DAG_OWNER='airflow' AIRFLOW_CTX_DAG_ID='Binance_5m' AIRFLOW_CTX_TASK_ID='get_5m_info' AIRFLOW_CTX_EXECUTION_DATE='2024-07-25T16:25:00+00:00' AIRFLOW_CTX_TRY_NUMBER='1' AIRFLOW_CTX_DAG_RUN_ID='scheduled__2024-07-25T16:25:00+00:00'
[2024-07-25T16:23:03.595-0300] {taskinstance.py:430} INFO - ::endgroup::
[2024-07-25T16:23:03.606-0300] {binance_dag.py:22} INFO - End Time: 2024-07-25 16:30:00+00:00
[2024-07-25T16:23:03.606-0300] {binance_dag.py:23} INFO - Start Time: 2024-07-25 16:25:00+00:00
[2024-07-25T16:23:03.606-0300] {binance_dag.py:24} INFO - Start timestamp: 1721924700000
[2024-07-25T16:23:03.607-0300] {binance_dag.py:25} INFO - End timestamp: 1721925000000
[2024-07-25T16:23:03.688-0300] {base.py:84} INFO - Using connection ID 'binance_default' for task execution.
[2024-07-25T16:23:03.688-0300] {logging_mixin.py:188} INFO - https://api.binance.com
[2024-07-25T16:23:03.689-0300] {binance_hook.py:35} INFO - URL: https://api.binance.com/api/v3/klines?symbol=BTCBRL&interval=5m&startTime=1721924700000&endTime=1721924999999&timeZone=-3
[2024-07-25T16:23:04.087-0300] {python.py:237} INFO - Done. Returned value was: None
[2024-07-25T16:23:04.088-0300] {taskinstance.py:441} INFO - ::group::Post task execution logs
[2024-07-25T16:23:04.091-0300] {taskinstance.py:1206} INFO - Marking task as SUCCESS. dag_id=Binance_5m, task_id=get_5m_info, run_id=scheduled__2024-07-25T16:25:00+00:00, execution_date=20240725T162500, start_date=20240725T192303, end_date=20240725T192304
[2024-07-25T16:23:04.116-0300] {local_task_job_runner.py:243} INFO - Task exited with return code 0
[2024-07-25T16:23:04.123-0300] {taskinstance.py:3503} INFO - 0 downstream tasks scheduled from follow-on schedule check
[2024-07-25T16:23:04.123-0300] {local_task_job_runner.py:222} INFO - ::endgroup::
