[2024-07-25T15:25:05.918-0300] {local_task_job_runner.py:120} INFO - ::group::Pre task execution logs
[2024-07-25T15:25:05.922-0300] {taskinstance.py:2076} INFO - Dependencies all met for dep_context=non-requeueable deps ti=<TaskInstance: Binance_5m.get_5m_info scheduled__2024-07-25T18:15:00+00:00 [queued]>
[2024-07-25T15:25:05.925-0300] {taskinstance.py:2076} INFO - Dependencies all met for dep_context=requeueable deps ti=<TaskInstance: Binance_5m.get_5m_info scheduled__2024-07-25T18:15:00+00:00 [queued]>
[2024-07-25T15:25:05.926-0300] {taskinstance.py:2306} INFO - Starting attempt 1 of 1
[2024-07-25T15:25:05.939-0300] {taskinstance.py:2330} INFO - Executing <Task(PythonOperator): get_5m_info> on 2024-07-25 18:15:00+00:00
[2024-07-25T15:25:05.941-0300] {standard_task_runner.py:64} INFO - Started process 2636761 to run task
[2024-07-25T15:25:05.943-0300] {standard_task_runner.py:90} INFO - Running: ['airflow', 'tasks', 'run', 'Binance_5m', 'get_5m_info', 'scheduled__2024-07-25T18:15:00+00:00', '--job-id', '2754', '--raw', '--subdir', 'DAGS_FOLDER/binance_dag.py', '--cfg-path', '/tmp/tmpwtz4ys9q']
[2024-07-25T15:25:05.944-0300] {standard_task_runner.py:91} INFO - Job 2754: Subtask get_5m_info
[2024-07-25T15:25:05.969-0300] {task_command.py:426} INFO - Running <TaskInstance: Binance_5m.get_5m_info scheduled__2024-07-25T18:15:00+00:00 [running]> on host Galaxybook.
[2024-07-25T15:25:06.028-0300] {taskinstance.py:2648} INFO - Exporting env vars: AIRFLOW_CTX_DAG_OWNER='airflow' AIRFLOW_CTX_DAG_ID='Binance_5m' AIRFLOW_CTX_TASK_ID='get_5m_info' AIRFLOW_CTX_EXECUTION_DATE='2024-07-25T18:15:00+00:00' AIRFLOW_CTX_TRY_NUMBER='1' AIRFLOW_CTX_DAG_RUN_ID='scheduled__2024-07-25T18:15:00+00:00'
[2024-07-25T15:25:06.029-0300] {taskinstance.py:430} INFO - ::endgroup::
[2024-07-25T15:25:06.036-0300] {binance_dag.py:23} INFO - End Time: 2024-07-25T18:20:00.00Z
[2024-07-25T15:25:06.036-0300] {binance_dag.py:24} INFO - Start Time: 2024-07-25T18:15:00.00Z
[2024-07-25T15:25:06.087-0300] {binance_dag.py:25} INFO - 1721942100000
[2024-07-25T15:25:06.090-0300] {base.py:84} INFO - Using connection ID 'binance_default' for task execution.
[2024-07-25T15:25:06.090-0300] {logging_mixin.py:188} INFO - https://api.binance.com
[2024-07-25T15:25:06.091-0300] {binance_hook.py:35} INFO - URL: https://api.binance.com/api/v3/klines?symbol=BTCBRL&interval=5m&startTime=1721942100000&endTime=1721942399999
[2024-07-25T15:25:06.501-0300] {python.py:237} INFO - Done. Returned value was: None
[2024-07-25T15:25:06.502-0300] {taskinstance.py:441} INFO - ::group::Post task execution logs
[2024-07-25T15:25:06.505-0300] {taskinstance.py:1206} INFO - Marking task as SUCCESS. dag_id=Binance_5m, task_id=get_5m_info, run_id=scheduled__2024-07-25T18:15:00+00:00, execution_date=20240725T181500, start_date=20240725T182505, end_date=20240725T182506
[2024-07-25T15:25:06.526-0300] {local_task_job_runner.py:243} INFO - Task exited with return code 0
[2024-07-25T15:25:06.532-0300] {taskinstance.py:3503} INFO - 0 downstream tasks scheduled from follow-on schedule check
[2024-07-25T15:25:06.532-0300] {local_task_job_runner.py:222} INFO - ::endgroup::
[2024-07-25T16:24:20.790-0300] {local_task_job_runner.py:120} INFO - ::group::Pre task execution logs
[2024-07-25T16:24:20.799-0300] {taskinstance.py:2076} INFO - Dependencies all met for dep_context=non-requeueable deps ti=<TaskInstance: Binance_5m.get_5m_info scheduled__2024-07-25T18:15:00+00:00 [queued]>
[2024-07-25T16:24:20.804-0300] {taskinstance.py:2076} INFO - Dependencies all met for dep_context=requeueable deps ti=<TaskInstance: Binance_5m.get_5m_info scheduled__2024-07-25T18:15:00+00:00 [queued]>
[2024-07-25T16:24:20.805-0300] {taskinstance.py:2306} INFO - Starting attempt 1 of 1
[2024-07-25T16:24:20.821-0300] {taskinstance.py:2330} INFO - Executing <Task(PythonOperator): get_5m_info> on 2024-07-25 18:15:00+00:00
[2024-07-25T16:24:20.823-0300] {standard_task_runner.py:64} INFO - Started process 2667392 to run task
[2024-07-25T16:24:20.826-0300] {standard_task_runner.py:90} INFO - Running: ['airflow', 'tasks', 'run', 'Binance_5m', 'get_5m_info', 'scheduled__2024-07-25T18:15:00+00:00', '--job-id', '2402', '--raw', '--subdir', 'DAGS_FOLDER/binance_dag.py', '--cfg-path', '/tmp/tmpmy26tnuv']
[2024-07-25T16:24:20.828-0300] {standard_task_runner.py:91} INFO - Job 2402: Subtask get_5m_info
[2024-07-25T16:24:20.866-0300] {task_command.py:426} INFO - Running <TaskInstance: Binance_5m.get_5m_info scheduled__2024-07-25T18:15:00+00:00 [running]> on host Galaxybook.
[2024-07-25T16:24:20.943-0300] {taskinstance.py:2648} INFO - Exporting env vars: AIRFLOW_CTX_DAG_OWNER='airflow' AIRFLOW_CTX_DAG_ID='Binance_5m' AIRFLOW_CTX_TASK_ID='get_5m_info' AIRFLOW_CTX_EXECUTION_DATE='2024-07-25T18:15:00+00:00' AIRFLOW_CTX_TRY_NUMBER='1' AIRFLOW_CTX_DAG_RUN_ID='scheduled__2024-07-25T18:15:00+00:00'
[2024-07-25T16:24:20.943-0300] {taskinstance.py:430} INFO - ::endgroup::
[2024-07-25T16:24:20.954-0300] {binance_dag.py:22} INFO - End Time: 2024-07-25 18:20:00+00:00
[2024-07-25T16:24:20.954-0300] {binance_dag.py:23} INFO - Start Time: 2024-07-25 18:15:00+00:00
[2024-07-25T16:24:20.955-0300] {binance_dag.py:24} INFO - Start timestamp: 1721931300000
[2024-07-25T16:24:20.955-0300] {binance_dag.py:25} INFO - End timestamp: 1721931600000
[2024-07-25T16:24:21.050-0300] {base.py:84} INFO - Using connection ID 'binance_default' for task execution.
[2024-07-25T16:24:21.050-0300] {logging_mixin.py:188} INFO - https://api.binance.com
[2024-07-25T16:24:21.051-0300] {binance_hook.py:35} INFO - URL: https://api.binance.com/api/v3/klines?symbol=BTCBRL&interval=5m&startTime=1721931300000&endTime=1721931599999&timeZone=-3
[2024-07-25T16:24:21.475-0300] {python.py:237} INFO - Done. Returned value was: None
[2024-07-25T16:24:21.476-0300] {taskinstance.py:441} INFO - ::group::Post task execution logs
[2024-07-25T16:24:21.499-0300] {taskinstance.py:1206} INFO - Marking task as SUCCESS. dag_id=Binance_5m, task_id=get_5m_info, run_id=scheduled__2024-07-25T18:15:00+00:00, execution_date=20240725T181500, start_date=20240725T192420, end_date=20240725T192421
[2024-07-25T16:24:21.527-0300] {local_task_job_runner.py:243} INFO - Task exited with return code 0
[2024-07-25T16:24:21.557-0300] {taskinstance.py:3503} INFO - 0 downstream tasks scheduled from follow-on schedule check
[2024-07-25T16:24:21.557-0300] {local_task_job_runner.py:222} INFO - ::endgroup::
