[2024-07-25T14:51:03.007-0300] {local_task_job_runner.py:120} INFO - ::group::Pre task execution logs
[2024-07-25T14:51:03.013-0300] {taskinstance.py:2076} INFO - Dependencies all met for dep_context=non-requeueable deps ti=<TaskInstance: Binance_5m.get_5m_info scheduled__2024-07-25T09:25:00+00:00 [queued]>
[2024-07-25T14:51:03.016-0300] {taskinstance.py:2076} INFO - Dependencies all met for dep_context=requeueable deps ti=<TaskInstance: Binance_5m.get_5m_info scheduled__2024-07-25T09:25:00+00:00 [queued]>
[2024-07-25T14:51:03.017-0300] {taskinstance.py:2306} INFO - Starting attempt 1 of 1
[2024-07-25T14:51:03.031-0300] {taskinstance.py:2330} INFO - Executing <Task(PythonOperator): get_5m_info> on 2024-07-25 09:25:00+00:00
[2024-07-25T14:51:03.033-0300] {standard_task_runner.py:64} INFO - Started process 2610431 to run task
[2024-07-25T14:51:03.035-0300] {standard_task_runner.py:90} INFO - Running: ['airflow', 'tasks', 'run', 'Binance_5m', 'get_5m_info', 'scheduled__2024-07-25T09:25:00+00:00', '--job-id', '2205', '--raw', '--subdir', 'DAGS_FOLDER/binance_dag.py', '--cfg-path', '/tmp/tmpb5pv9w5m']
[2024-07-25T14:51:03.037-0300] {standard_task_runner.py:91} INFO - Job 2205: Subtask get_5m_info
[2024-07-25T14:51:03.063-0300] {task_command.py:426} INFO - Running <TaskInstance: Binance_5m.get_5m_info scheduled__2024-07-25T09:25:00+00:00 [running]> on host Galaxybook.
[2024-07-25T14:51:03.123-0300] {taskinstance.py:2648} INFO - Exporting env vars: AIRFLOW_CTX_DAG_OWNER='airflow' AIRFLOW_CTX_DAG_ID='Binance_5m' AIRFLOW_CTX_TASK_ID='get_5m_info' AIRFLOW_CTX_EXECUTION_DATE='2024-07-25T09:25:00+00:00' AIRFLOW_CTX_TRY_NUMBER='1' AIRFLOW_CTX_DAG_RUN_ID='scheduled__2024-07-25T09:25:00+00:00'
[2024-07-25T14:51:03.123-0300] {taskinstance.py:430} INFO - ::endgroup::
[2024-07-25T14:51:03.132-0300] {binance_dag.py:23} INFO - End Time: 2024-07-25T09:30:00.00Z
[2024-07-25T14:51:03.132-0300] {binance_dag.py:24} INFO - Start Time: 2024-07-25T09:25:00.00Z
[2024-07-25T14:51:03.210-0300] {base.py:84} INFO - Using connection ID 'binance_default' for task execution.
[2024-07-25T14:51:03.211-0300] {logging_mixin.py:188} INFO - https://api.binance.com
[2024-07-25T14:51:03.212-0300] {binance_hook.py:35} INFO - URL: https://api.binance.com/api/v3/klines?symbol=BTCBRL&interval=5m&startTime=1721910300000&endTime=1721910599999
[2024-07-25T14:51:03.604-0300] {binance_dag.py:43} INFO - r: [[1721910300000, '365422.00000000', '365825.00000000', '365000.00000000', '365160.00000000', '0.60783000', 1721910599999, '222140.76761000', 122, '0.43251000', '158082.71248000', '0']]
[2024-07-25T14:51:03.606-0300] {python.py:237} INFO - Done. Returned value was: None
[2024-07-25T14:51:03.607-0300] {taskinstance.py:441} INFO - ::group::Post task execution logs
[2024-07-25T14:51:03.610-0300] {taskinstance.py:1206} INFO - Marking task as SUCCESS. dag_id=Binance_5m, task_id=get_5m_info, run_id=scheduled__2024-07-25T09:25:00+00:00, execution_date=20240725T092500, start_date=20240725T175103, end_date=20240725T175103
[2024-07-25T14:51:03.660-0300] {local_task_job_runner.py:243} INFO - Task exited with return code 0
[2024-07-25T14:51:03.669-0300] {taskinstance.py:3503} INFO - 0 downstream tasks scheduled from follow-on schedule check
[2024-07-25T14:51:03.670-0300] {local_task_job_runner.py:222} INFO - ::endgroup::
[2024-07-25T15:21:05.750-0300] {local_task_job_runner.py:120} INFO - ::group::Pre task execution logs
[2024-07-25T15:21:05.756-0300] {taskinstance.py:2076} INFO - Dependencies all met for dep_context=non-requeueable deps ti=<TaskInstance: Binance_5m.get_5m_info scheduled__2024-07-25T09:25:00+00:00 [queued]>
[2024-07-25T15:21:05.759-0300] {taskinstance.py:2076} INFO - Dependencies all met for dep_context=requeueable deps ti=<TaskInstance: Binance_5m.get_5m_info scheduled__2024-07-25T09:25:00+00:00 [queued]>
[2024-07-25T15:21:05.759-0300] {taskinstance.py:2306} INFO - Starting attempt 1 of 1
[2024-07-25T15:21:05.773-0300] {taskinstance.py:2330} INFO - Executing <Task(PythonOperator): get_5m_info> on 2024-07-25 09:25:00+00:00
[2024-07-25T15:21:05.775-0300] {standard_task_runner.py:64} INFO - Started process 2632815 to run task
[2024-07-25T15:21:05.776-0300] {standard_task_runner.py:90} INFO - Running: ['airflow', 'tasks', 'run', 'Binance_5m', 'get_5m_info', 'scheduled__2024-07-25T09:25:00+00:00', '--job-id', '2648', '--raw', '--subdir', 'DAGS_FOLDER/binance_dag.py', '--cfg-path', '/tmp/tmpkbhy_2jw']
[2024-07-25T15:21:05.777-0300] {standard_task_runner.py:91} INFO - Job 2648: Subtask get_5m_info
[2024-07-25T15:21:05.803-0300] {task_command.py:426} INFO - Running <TaskInstance: Binance_5m.get_5m_info scheduled__2024-07-25T09:25:00+00:00 [running]> on host Galaxybook.
[2024-07-25T15:21:05.856-0300] {taskinstance.py:2648} INFO - Exporting env vars: AIRFLOW_CTX_DAG_OWNER='airflow' AIRFLOW_CTX_DAG_ID='Binance_5m' AIRFLOW_CTX_TASK_ID='get_5m_info' AIRFLOW_CTX_EXECUTION_DATE='2024-07-25T09:25:00+00:00' AIRFLOW_CTX_TRY_NUMBER='1' AIRFLOW_CTX_DAG_RUN_ID='scheduled__2024-07-25T09:25:00+00:00'
[2024-07-25T15:21:05.857-0300] {taskinstance.py:430} INFO - ::endgroup::
[2024-07-25T15:21:05.864-0300] {binance_dag.py:23} INFO - End Time: 2024-07-25T09:30:00.00Z
[2024-07-25T15:21:05.864-0300] {binance_dag.py:24} INFO - Start Time: 2024-07-25T09:25:00.00Z
[2024-07-25T15:21:05.918-0300] {binance_dag.py:25} INFO - 1721910300000
[2024-07-25T15:21:05.921-0300] {base.py:84} INFO - Using connection ID 'binance_default' for task execution.
[2024-07-25T15:21:05.921-0300] {logging_mixin.py:188} INFO - https://api.binance.com
[2024-07-25T15:21:05.921-0300] {binance_hook.py:35} INFO - URL: https://api.binance.com/api/v3/klines?symbol=BTCBRL&interval=5m&startTime=1721910300000&endTime=1721910599999
[2024-07-25T15:21:06.333-0300] {python.py:237} INFO - Done. Returned value was: None
[2024-07-25T15:21:06.333-0300] {taskinstance.py:441} INFO - ::group::Post task execution logs
[2024-07-25T15:21:06.335-0300] {taskinstance.py:1206} INFO - Marking task as SUCCESS. dag_id=Binance_5m, task_id=get_5m_info, run_id=scheduled__2024-07-25T09:25:00+00:00, execution_date=20240725T092500, start_date=20240725T182105, end_date=20240725T182106
[2024-07-25T15:21:06.358-0300] {local_task_job_runner.py:243} INFO - Task exited with return code 0
[2024-07-25T15:21:06.363-0300] {taskinstance.py:3503} INFO - 0 downstream tasks scheduled from follow-on schedule check
[2024-07-25T15:21:06.364-0300] {local_task_job_runner.py:222} INFO - ::endgroup::
[2024-07-25T16:17:53.998-0300] {local_task_job_runner.py:120} INFO - ::group::Pre task execution logs
[2024-07-25T16:17:54.003-0300] {taskinstance.py:2076} INFO - Dependencies all met for dep_context=non-requeueable deps ti=<TaskInstance: Binance_5m.get_5m_info scheduled__2024-07-25T09:25:00+00:00 [queued]>
[2024-07-25T16:17:54.008-0300] {taskinstance.py:2076} INFO - Dependencies all met for dep_context=requeueable deps ti=<TaskInstance: Binance_5m.get_5m_info scheduled__2024-07-25T09:25:00+00:00 [queued]>
[2024-07-25T16:17:54.008-0300] {taskinstance.py:2306} INFO - Starting attempt 1 of 1
[2024-07-25T16:17:54.024-0300] {taskinstance.py:2330} INFO - Executing <Task(PythonOperator): get_5m_info> on 2024-07-25 09:25:00+00:00
[2024-07-25T16:17:54.027-0300] {standard_task_runner.py:64} INFO - Started process 2660847 to run task
[2024-07-25T16:17:54.028-0300] {standard_task_runner.py:90} INFO - Running: ['airflow', 'tasks', 'run', 'Binance_5m', 'get_5m_info', 'scheduled__2024-07-25T09:25:00+00:00', '--job-id', '2211', '--raw', '--subdir', 'DAGS_FOLDER/binance_dag.py', '--cfg-path', '/tmp/tmp4zd00sjt']
[2024-07-25T16:17:54.029-0300] {standard_task_runner.py:91} INFO - Job 2211: Subtask get_5m_info
[2024-07-25T16:17:54.062-0300] {task_command.py:426} INFO - Running <TaskInstance: Binance_5m.get_5m_info scheduled__2024-07-25T09:25:00+00:00 [running]> on host Galaxybook.
[2024-07-25T16:17:54.133-0300] {taskinstance.py:2648} INFO - Exporting env vars: AIRFLOW_CTX_DAG_OWNER='airflow' AIRFLOW_CTX_DAG_ID='Binance_5m' AIRFLOW_CTX_TASK_ID='get_5m_info' AIRFLOW_CTX_EXECUTION_DATE='2024-07-25T09:25:00+00:00' AIRFLOW_CTX_TRY_NUMBER='1' AIRFLOW_CTX_DAG_RUN_ID='scheduled__2024-07-25T09:25:00+00:00'
[2024-07-25T16:17:54.133-0300] {taskinstance.py:430} INFO - ::endgroup::
[2024-07-25T16:17:54.142-0300] {binance_dag.py:22} INFO - End Time: 2024-07-25 09:30:00+00:00
[2024-07-25T16:17:54.142-0300] {binance_dag.py:23} INFO - Start Time: 2024-07-25 09:25:00+00:00
[2024-07-25T16:17:54.143-0300] {binance_dag.py:24} INFO - Start timestamp: 1721899500000
[2024-07-25T16:17:54.143-0300] {binance_dag.py:25} INFO - End timestamp: 1721899800000
[2024-07-25T16:17:54.210-0300] {base.py:84} INFO - Using connection ID 'binance_default' for task execution.
[2024-07-25T16:17:54.210-0300] {logging_mixin.py:188} INFO - https://api.binance.com
[2024-07-25T16:17:54.211-0300] {binance_hook.py:35} INFO - URL: https://api.binance.com/api/v3/klines?symbol=BTCBRL&interval=5m&startTime=1721899500000&endTime=1721899799999&timeZone=-3
[2024-07-25T16:17:54.618-0300] {python.py:237} INFO - Done. Returned value was: None
[2024-07-25T16:17:54.618-0300] {taskinstance.py:441} INFO - ::group::Post task execution logs
[2024-07-25T16:17:54.621-0300] {taskinstance.py:1206} INFO - Marking task as SUCCESS. dag_id=Binance_5m, task_id=get_5m_info, run_id=scheduled__2024-07-25T09:25:00+00:00, execution_date=20240725T092500, start_date=20240725T191754, end_date=20240725T191754
[2024-07-25T16:17:54.654-0300] {local_task_job_runner.py:243} INFO - Task exited with return code 0
[2024-07-25T16:17:54.661-0300] {taskinstance.py:3503} INFO - 0 downstream tasks scheduled from follow-on schedule check
[2024-07-25T16:17:54.662-0300] {local_task_job_runner.py:222} INFO - ::endgroup::
