[2024-07-25T12:07:46.984-0300] {local_task_job_runner.py:120} INFO - ::group::Pre task execution logs
[2024-07-25T12:07:46.991-0300] {taskinstance.py:2076} INFO - Dependencies all met for dep_context=non-requeueable deps ti=<TaskInstance: Mercado_5m.get_5m_info scheduled__2024-07-25T15:00:00+00:00 [queued]>
[2024-07-25T12:07:46.995-0300] {taskinstance.py:2076} INFO - Dependencies all met for dep_context=requeueable deps ti=<TaskInstance: Mercado_5m.get_5m_info scheduled__2024-07-25T15:00:00+00:00 [queued]>
[2024-07-25T12:07:46.995-0300] {taskinstance.py:2306} INFO - Starting attempt 1 of 1
[2024-07-25T12:07:47.014-0300] {taskinstance.py:2330} INFO - Executing <Task(PythonOperator): get_5m_info> on 2024-07-25 15:00:00+00:00
[2024-07-25T12:07:47.016-0300] {standard_task_runner.py:64} INFO - Started process 2521665 to run task
[2024-07-25T12:07:47.019-0300] {standard_task_runner.py:90} INFO - Running: ['airflow', 'tasks', 'run', 'Mercado_5m', 'get_5m_info', 'scheduled__2024-07-25T15:00:00+00:00', '--job-id', '2049', '--raw', '--subdir', 'DAGS_FOLDER/mercado_dag.py', '--cfg-path', '/tmp/tmppz_puxci']
[2024-07-25T12:07:47.019-0300] {standard_task_runner.py:91} INFO - Job 2049: Subtask get_5m_info
[2024-07-25T12:07:47.052-0300] {task_command.py:426} INFO - Running <TaskInstance: Mercado_5m.get_5m_info scheduled__2024-07-25T15:00:00+00:00 [running]> on host Galaxybook.
[2024-07-25T12:07:47.105-0300] {taskinstance.py:2648} INFO - Exporting env vars: AIRFLOW_CTX_DAG_OWNER='airflow' AIRFLOW_CTX_DAG_ID='Mercado_5m' AIRFLOW_CTX_TASK_ID='get_5m_info' AIRFLOW_CTX_EXECUTION_DATE='2024-07-25T15:00:00+00:00' AIRFLOW_CTX_TRY_NUMBER='1' AIRFLOW_CTX_DAG_RUN_ID='scheduled__2024-07-25T15:00:00+00:00'
[2024-07-25T12:07:47.106-0300] {taskinstance.py:430} INFO - ::endgroup::
[2024-07-25T12:07:47.119-0300] {base.py:84} INFO - Using connection ID 'mercado_default' for task execution.
[2024-07-25T12:07:47.120-0300] {mercado_hook.py:31} INFO - URL: https://api.mercadobitcoin.net/api/v4/candles?symbol=BTC-BRL&resolution=5m&to=1721920067&from=1721920007
[2024-07-25T12:07:47.575-0300] {python.py:237} INFO - Done. Returned value was: None
[2024-07-25T12:07:47.637-0300] {taskinstance.py:441} INFO - ::group::Post task execution logs
[2024-07-25T12:07:47.639-0300] {taskinstance.py:1206} INFO - Marking task as SUCCESS. dag_id=Mercado_5m, task_id=get_5m_info, run_id=scheduled__2024-07-25T15:00:00+00:00, execution_date=20240725T150000, start_date=20240725T150746, end_date=20240725T150747
[2024-07-25T12:07:47.680-0300] {local_task_job_runner.py:243} INFO - Task exited with return code 0
[2024-07-25T12:07:47.688-0300] {taskinstance.py:3503} INFO - 0 downstream tasks scheduled from follow-on schedule check
[2024-07-25T12:07:47.688-0300] {local_task_job_runner.py:222} INFO - ::endgroup::
[2024-07-25T14:30:59.245-0300] {local_task_job_runner.py:120} INFO - ::group::Pre task execution logs
[2024-07-25T14:30:59.255-0300] {taskinstance.py:2076} INFO - Dependencies all met for dep_context=non-requeueable deps ti=<TaskInstance: Mercado_5m.get_5m_info scheduled__2024-07-25T15:00:00+00:00 [queued]>
[2024-07-25T14:30:59.260-0300] {taskinstance.py:2076} INFO - Dependencies all met for dep_context=requeueable deps ti=<TaskInstance: Mercado_5m.get_5m_info scheduled__2024-07-25T15:00:00+00:00 [queued]>
[2024-07-25T14:30:59.260-0300] {taskinstance.py:2306} INFO - Starting attempt 1 of 1
[2024-07-25T14:30:59.277-0300] {taskinstance.py:2330} INFO - Executing <Task(PythonOperator): get_5m_info> on 2024-07-25 15:00:00+00:00
[2024-07-25T14:30:59.279-0300] {standard_task_runner.py:64} INFO - Started process 2593824 to run task
[2024-07-25T14:30:59.281-0300] {standard_task_runner.py:90} INFO - Running: ['airflow', 'tasks', 'run', 'Mercado_5m', 'get_5m_info', 'scheduled__2024-07-25T15:00:00+00:00', '--job-id', '2118', '--raw', '--subdir', 'DAGS_FOLDER/mercado_dag.py', '--cfg-path', '/tmp/tmpg0h7tbyw']
[2024-07-25T14:30:59.282-0300] {standard_task_runner.py:91} INFO - Job 2118: Subtask get_5m_info
[2024-07-25T14:30:59.326-0300] {task_command.py:426} INFO - Running <TaskInstance: Mercado_5m.get_5m_info scheduled__2024-07-25T15:00:00+00:00 [running]> on host Galaxybook.
[2024-07-25T14:30:59.394-0300] {taskinstance.py:2648} INFO - Exporting env vars: AIRFLOW_CTX_DAG_OWNER='airflow' AIRFLOW_CTX_DAG_ID='Mercado_5m' AIRFLOW_CTX_TASK_ID='get_5m_info' AIRFLOW_CTX_EXECUTION_DATE='2024-07-25T15:00:00+00:00' AIRFLOW_CTX_TRY_NUMBER='1' AIRFLOW_CTX_DAG_RUN_ID='scheduled__2024-07-25T15:00:00+00:00'
[2024-07-25T14:30:59.394-0300] {taskinstance.py:430} INFO - ::endgroup::
[2024-07-25T14:30:59.403-0300] {taskinstance.py:441} INFO - ::group::Post task execution logs
[2024-07-25T14:30:59.403-0300] {taskinstance.py:2905} ERROR - Task failed with exception
Traceback (most recent call last):
  File "/home/hugoviana/Documentos/data_pipeline_airflow/.venv/lib/python3.12/site-packages/airflow/models/taskinstance.py", line 465, in _execute_task
    result = _execute_callable(context=context, **execute_callable_kwargs)
             ^^^^^^^^^^^^^^^^^^^^^^^^^^^^^^^^^^^^^^^^^^^^^^^^^^^^^^^^^^^^^
  File "/home/hugoviana/Documentos/data_pipeline_airflow/.venv/lib/python3.12/site-packages/airflow/models/taskinstance.py", line 432, in _execute_callable
    return execute_callable(context=context, **execute_callable_kwargs)
           ^^^^^^^^^^^^^^^^^^^^^^^^^^^^^^^^^^^^^^^^^^^^^^^^^^^^^^^^^^^^
  File "/home/hugoviana/Documentos/data_pipeline_airflow/.venv/lib/python3.12/site-packages/airflow/models/baseoperator.py", line 401, in wrapper
    return func(self, *args, **kwargs)
           ^^^^^^^^^^^^^^^^^^^^^^^^^^^
  File "/home/hugoviana/Documentos/data_pipeline_airflow/.venv/lib/python3.12/site-packages/airflow/operators/python.py", line 235, in execute
    return_value = self.execute_callable()
                   ^^^^^^^^^^^^^^^^^^^^^^^
  File "/home/hugoviana/Documentos/data_pipeline_airflow/.venv/lib/python3.12/site-packages/airflow/operators/python.py", line 252, in execute_callable
    return self.python_callable(*self.op_args, **self.op_kwargs)
           ^^^^^^^^^^^^^^^^^^^^^^^^^^^^^^^^^^^^^^^^^^^^^^^^^^^^^
  File "/home/hugoviana/Projetos/crypto-etl/airflow_pipeline/dags/mercado_dag.py", line 24, in execute
    to_time=to_timestamp(to_time),
            ^^^^^^^^^^^^^^^^^^^^^
  File "/home/hugoviana/Projetos/crypto-etl/airflow_pipeline/dags/mercado_dag.py", line 15, in to_timestamp
    timestamp = int(datetime.timestamp(dt))
                    ^^^^^^^^^^^^^^^^^^^^^^
TypeError: descriptor 'timestamp' for 'datetime.datetime' objects doesn't apply to a 'str' object
[2024-07-25T14:30:59.408-0300] {taskinstance.py:1206} INFO - Marking task as FAILED. dag_id=Mercado_5m, task_id=get_5m_info, run_id=scheduled__2024-07-25T15:00:00+00:00, execution_date=20240725T150000, start_date=20240725T173059, end_date=20240725T173059
[2024-07-25T14:30:59.493-0300] {standard_task_runner.py:110} ERROR - Failed to execute job 2118 for task get_5m_info (descriptor 'timestamp' for 'datetime.datetime' objects doesn't apply to a 'str' object; 2593824)
[2024-07-25T14:30:59.537-0300] {local_task_job_runner.py:243} INFO - Task exited with return code 1
[2024-07-25T14:30:59.545-0300] {taskinstance.py:3503} INFO - 0 downstream tasks scheduled from follow-on schedule check
[2024-07-25T14:30:59.545-0300] {local_task_job_runner.py:222} INFO - ::endgroup::
[2024-07-25T15:01:18.657-0300] {local_task_job_runner.py:120} INFO - ::group::Pre task execution logs
[2024-07-25T15:01:18.662-0300] {taskinstance.py:2076} INFO - Dependencies all met for dep_context=non-requeueable deps ti=<TaskInstance: Mercado_5m.get_5m_info scheduled__2024-07-25T15:00:00+00:00 [queued]>
[2024-07-25T15:01:18.665-0300] {taskinstance.py:2076} INFO - Dependencies all met for dep_context=requeueable deps ti=<TaskInstance: Mercado_5m.get_5m_info scheduled__2024-07-25T15:00:00+00:00 [queued]>
[2024-07-25T15:01:18.665-0300] {taskinstance.py:2306} INFO - Starting attempt 1 of 1
[2024-07-25T15:01:18.677-0300] {taskinstance.py:2330} INFO - Executing <Task(PythonOperator): get_5m_info> on 2024-07-25 15:00:00+00:00
[2024-07-25T15:01:18.679-0300] {standard_task_runner.py:64} INFO - Started process 2620713 to run task
[2024-07-25T15:01:18.681-0300] {standard_task_runner.py:90} INFO - Running: ['airflow', 'tasks', 'run', 'Mercado_5m', 'get_5m_info', 'scheduled__2024-07-25T15:00:00+00:00', '--job-id', '2492', '--raw', '--subdir', 'DAGS_FOLDER/mercado_dag.py', '--cfg-path', '/tmp/tmpdzwtdx_q']
[2024-07-25T15:01:18.682-0300] {standard_task_runner.py:91} INFO - Job 2492: Subtask get_5m_info
[2024-07-25T15:01:18.709-0300] {task_command.py:426} INFO - Running <TaskInstance: Mercado_5m.get_5m_info scheduled__2024-07-25T15:00:00+00:00 [running]> on host Galaxybook.
[2024-07-25T15:01:18.763-0300] {taskinstance.py:2648} INFO - Exporting env vars: AIRFLOW_CTX_DAG_OWNER='airflow' AIRFLOW_CTX_DAG_ID='Mercado_5m' AIRFLOW_CTX_TASK_ID='get_5m_info' AIRFLOW_CTX_EXECUTION_DATE='2024-07-25T15:00:00+00:00' AIRFLOW_CTX_TRY_NUMBER='1' AIRFLOW_CTX_DAG_RUN_ID='scheduled__2024-07-25T15:00:00+00:00'
[2024-07-25T15:01:18.763-0300] {taskinstance.py:430} INFO - ::endgroup::
[2024-07-25T15:01:18.840-0300] {base.py:84} INFO - Using connection ID 'mercado_default' for task execution.
[2024-07-25T15:01:18.841-0300] {mercado_hook.py:31} INFO - URL: https://api.mercadobitcoin.net/api/v4/candles?symbol=BTC-BRL&resolution=5m&to=1721930700&from=1721930400
[2024-07-25T15:01:19.162-0300] {python.py:237} INFO - Done. Returned value was: None
[2024-07-25T15:01:19.162-0300] {taskinstance.py:441} INFO - ::group::Post task execution logs
[2024-07-25T15:01:19.165-0300] {taskinstance.py:1206} INFO - Marking task as SUCCESS. dag_id=Mercado_5m, task_id=get_5m_info, run_id=scheduled__2024-07-25T15:00:00+00:00, execution_date=20240725T150000, start_date=20240725T180118, end_date=20240725T180119
[2024-07-25T15:01:19.183-0300] {local_task_job_runner.py:243} INFO - Task exited with return code 0
[2024-07-25T15:01:19.190-0300] {taskinstance.py:3503} INFO - 0 downstream tasks scheduled from follow-on schedule check
[2024-07-25T15:01:19.191-0300] {local_task_job_runner.py:222} INFO - ::endgroup::
