[2024-07-25T14:50:32.727-0300] {local_task_job_runner.py:120} INFO - ::group::Pre task execution logs
[2024-07-25T14:50:32.732-0300] {taskinstance.py:2076} INFO - Dependencies all met for dep_context=non-requeueable deps ti=<TaskInstance: Binance_5m.get_5m_info scheduled__2024-07-25T08:15:00+00:00 [queued]>
[2024-07-25T14:50:32.735-0300] {taskinstance.py:2076} INFO - Dependencies all met for dep_context=requeueable deps ti=<TaskInstance: Binance_5m.get_5m_info scheduled__2024-07-25T08:15:00+00:00 [queued]>
[2024-07-25T14:50:32.735-0300] {taskinstance.py:2306} INFO - Starting attempt 1 of 1
[2024-07-25T14:50:32.751-0300] {taskinstance.py:2330} INFO - Executing <Task(PythonOperator): get_5m_info> on 2024-07-25 08:15:00+00:00
[2024-07-25T14:50:32.753-0300] {standard_task_runner.py:64} INFO - Started process 2609938 to run task
[2024-07-25T14:50:32.755-0300] {standard_task_runner.py:90} INFO - Running: ['airflow', 'tasks', 'run', 'Binance_5m', 'get_5m_info', 'scheduled__2024-07-25T08:15:00+00:00', '--job-id', '2191', '--raw', '--subdir', 'DAGS_FOLDER/binance_dag.py', '--cfg-path', '/tmp/tmp8mmk2ba7']
[2024-07-25T14:50:32.756-0300] {standard_task_runner.py:91} INFO - Job 2191: Subtask get_5m_info
[2024-07-25T14:50:32.794-0300] {task_command.py:426} INFO - Running <TaskInstance: Binance_5m.get_5m_info scheduled__2024-07-25T08:15:00+00:00 [running]> on host Galaxybook.
[2024-07-25T14:50:32.871-0300] {taskinstance.py:2648} INFO - Exporting env vars: AIRFLOW_CTX_DAG_OWNER='airflow' AIRFLOW_CTX_DAG_ID='Binance_5m' AIRFLOW_CTX_TASK_ID='get_5m_info' AIRFLOW_CTX_EXECUTION_DATE='2024-07-25T08:15:00+00:00' AIRFLOW_CTX_TRY_NUMBER='1' AIRFLOW_CTX_DAG_RUN_ID='scheduled__2024-07-25T08:15:00+00:00'
[2024-07-25T14:50:32.872-0300] {taskinstance.py:430} INFO - ::endgroup::
[2024-07-25T14:50:32.881-0300] {binance_dag.py:23} INFO - End Time: 2024-07-25T08:20:00.00Z
[2024-07-25T14:50:32.881-0300] {binance_dag.py:24} INFO - Start Time: 2024-07-25T08:15:00.00Z
[2024-07-25T14:50:32.950-0300] {base.py:84} INFO - Using connection ID 'binance_default' for task execution.
[2024-07-25T14:50:32.950-0300] {logging_mixin.py:188} INFO - https://api.binance.com
[2024-07-25T14:50:32.951-0300] {binance_hook.py:35} INFO - URL: https://api.binance.com/api/v3/klines?symbol=BTCBRL&interval=5m&startTime=1721906100000&endTime=1721906399999
[2024-07-25T14:50:33.337-0300] {binance_dag.py:43} INFO - r: [[1721906100000, '366335.00000000', '366335.00000000', '365904.00000000', '366002.00000000', '0.47391000', 1721906399999, '173470.17387000', 64, '0.13955000', '51075.97678000', '0']]
[2024-07-25T14:50:33.338-0300] {python.py:237} INFO - Done. Returned value was: None
[2024-07-25T14:50:33.339-0300] {taskinstance.py:441} INFO - ::group::Post task execution logs
[2024-07-25T14:50:33.341-0300] {taskinstance.py:1206} INFO - Marking task as SUCCESS. dag_id=Binance_5m, task_id=get_5m_info, run_id=scheduled__2024-07-25T08:15:00+00:00, execution_date=20240725T081500, start_date=20240725T175032, end_date=20240725T175033
[2024-07-25T14:50:33.380-0300] {local_task_job_runner.py:243} INFO - Task exited with return code 0
[2024-07-25T14:50:33.387-0300] {taskinstance.py:3503} INFO - 0 downstream tasks scheduled from follow-on schedule check
[2024-07-25T14:50:33.387-0300] {local_task_job_runner.py:222} INFO - ::endgroup::
[2024-07-25T15:20:36.324-0300] {local_task_job_runner.py:120} INFO - ::group::Pre task execution logs
[2024-07-25T15:20:36.330-0300] {taskinstance.py:2076} INFO - Dependencies all met for dep_context=non-requeueable deps ti=<TaskInstance: Binance_5m.get_5m_info scheduled__2024-07-25T08:15:00+00:00 [queued]>
[2024-07-25T15:20:36.334-0300] {taskinstance.py:2076} INFO - Dependencies all met for dep_context=requeueable deps ti=<TaskInstance: Binance_5m.get_5m_info scheduled__2024-07-25T08:15:00+00:00 [queued]>
[2024-07-25T15:20:36.334-0300] {taskinstance.py:2306} INFO - Starting attempt 1 of 1
[2024-07-25T15:20:36.348-0300] {taskinstance.py:2330} INFO - Executing <Task(PythonOperator): get_5m_info> on 2024-07-25 08:15:00+00:00
[2024-07-25T15:20:36.350-0300] {standard_task_runner.py:64} INFO - Started process 2632333 to run task
[2024-07-25T15:20:36.352-0300] {standard_task_runner.py:90} INFO - Running: ['airflow', 'tasks', 'run', 'Binance_5m', 'get_5m_info', 'scheduled__2024-07-25T08:15:00+00:00', '--job-id', '2634', '--raw', '--subdir', 'DAGS_FOLDER/binance_dag.py', '--cfg-path', '/tmp/tmpi7px7vt_']
[2024-07-25T15:20:36.353-0300] {standard_task_runner.py:91} INFO - Job 2634: Subtask get_5m_info
[2024-07-25T15:20:36.379-0300] {task_command.py:426} INFO - Running <TaskInstance: Binance_5m.get_5m_info scheduled__2024-07-25T08:15:00+00:00 [running]> on host Galaxybook.
[2024-07-25T15:20:36.431-0300] {taskinstance.py:2648} INFO - Exporting env vars: AIRFLOW_CTX_DAG_OWNER='airflow' AIRFLOW_CTX_DAG_ID='Binance_5m' AIRFLOW_CTX_TASK_ID='get_5m_info' AIRFLOW_CTX_EXECUTION_DATE='2024-07-25T08:15:00+00:00' AIRFLOW_CTX_TRY_NUMBER='1' AIRFLOW_CTX_DAG_RUN_ID='scheduled__2024-07-25T08:15:00+00:00'
[2024-07-25T15:20:36.432-0300] {taskinstance.py:430} INFO - ::endgroup::
[2024-07-25T15:20:36.440-0300] {binance_dag.py:23} INFO - End Time: 2024-07-25T08:20:00.00Z
[2024-07-25T15:20:36.440-0300] {binance_dag.py:24} INFO - Start Time: 2024-07-25T08:15:00.00Z
[2024-07-25T15:20:36.492-0300] {binance_dag.py:25} INFO - 1721906100000
[2024-07-25T15:20:36.494-0300] {base.py:84} INFO - Using connection ID 'binance_default' for task execution.
[2024-07-25T15:20:36.494-0300] {logging_mixin.py:188} INFO - https://api.binance.com
[2024-07-25T15:20:36.495-0300] {binance_hook.py:35} INFO - URL: https://api.binance.com/api/v3/klines?symbol=BTCBRL&interval=5m&startTime=1721906100000&endTime=1721906399999
[2024-07-25T15:20:36.890-0300] {python.py:237} INFO - Done. Returned value was: None
[2024-07-25T15:20:36.891-0300] {taskinstance.py:441} INFO - ::group::Post task execution logs
[2024-07-25T15:20:36.893-0300] {taskinstance.py:1206} INFO - Marking task as SUCCESS. dag_id=Binance_5m, task_id=get_5m_info, run_id=scheduled__2024-07-25T08:15:00+00:00, execution_date=20240725T081500, start_date=20240725T182036, end_date=20240725T182036
[2024-07-25T15:20:36.935-0300] {local_task_job_runner.py:243} INFO - Task exited with return code 0
[2024-07-25T15:20:36.943-0300] {taskinstance.py:3503} INFO - 0 downstream tasks scheduled from follow-on schedule check
[2024-07-25T15:20:36.943-0300] {local_task_job_runner.py:222} INFO - ::endgroup::
[2024-07-25T16:17:22.864-0300] {local_task_job_runner.py:120} INFO - ::group::Pre task execution logs
[2024-07-25T16:17:22.870-0300] {taskinstance.py:2076} INFO - Dependencies all met for dep_context=non-requeueable deps ti=<TaskInstance: Binance_5m.get_5m_info scheduled__2024-07-25T08:15:00+00:00 [queued]>
[2024-07-25T16:17:22.873-0300] {taskinstance.py:2076} INFO - Dependencies all met for dep_context=requeueable deps ti=<TaskInstance: Binance_5m.get_5m_info scheduled__2024-07-25T08:15:00+00:00 [queued]>
[2024-07-25T16:17:22.874-0300] {taskinstance.py:2306} INFO - Starting attempt 1 of 1
[2024-07-25T16:17:22.889-0300] {taskinstance.py:2330} INFO - Executing <Task(PythonOperator): get_5m_info> on 2024-07-25 08:15:00+00:00
[2024-07-25T16:17:22.891-0300] {standard_task_runner.py:64} INFO - Started process 2660343 to run task
[2024-07-25T16:17:22.893-0300] {standard_task_runner.py:90} INFO - Running: ['airflow', 'tasks', 'run', 'Binance_5m', 'get_5m_info', 'scheduled__2024-07-25T08:15:00+00:00', '--job-id', '2197', '--raw', '--subdir', 'DAGS_FOLDER/binance_dag.py', '--cfg-path', '/tmp/tmpxap1v8c5']
[2024-07-25T16:17:22.894-0300] {standard_task_runner.py:91} INFO - Job 2197: Subtask get_5m_info
[2024-07-25T16:17:22.928-0300] {task_command.py:426} INFO - Running <TaskInstance: Binance_5m.get_5m_info scheduled__2024-07-25T08:15:00+00:00 [running]> on host Galaxybook.
[2024-07-25T16:17:22.990-0300] {taskinstance.py:2648} INFO - Exporting env vars: AIRFLOW_CTX_DAG_OWNER='airflow' AIRFLOW_CTX_DAG_ID='Binance_5m' AIRFLOW_CTX_TASK_ID='get_5m_info' AIRFLOW_CTX_EXECUTION_DATE='2024-07-25T08:15:00+00:00' AIRFLOW_CTX_TRY_NUMBER='1' AIRFLOW_CTX_DAG_RUN_ID='scheduled__2024-07-25T08:15:00+00:00'
[2024-07-25T16:17:22.990-0300] {taskinstance.py:430} INFO - ::endgroup::
[2024-07-25T16:17:23.001-0300] {binance_dag.py:22} INFO - End Time: 2024-07-25 08:20:00+00:00
[2024-07-25T16:17:23.001-0300] {binance_dag.py:23} INFO - Start Time: 2024-07-25 08:15:00+00:00
[2024-07-25T16:17:23.002-0300] {binance_dag.py:24} INFO - Start timestamp: 1721895300000
[2024-07-25T16:17:23.002-0300] {binance_dag.py:25} INFO - End timestamp: 1721895600000
[2024-07-25T16:17:23.082-0300] {base.py:84} INFO - Using connection ID 'binance_default' for task execution.
[2024-07-25T16:17:23.082-0300] {logging_mixin.py:188} INFO - https://api.binance.com
[2024-07-25T16:17:23.082-0300] {binance_hook.py:35} INFO - URL: https://api.binance.com/api/v3/klines?symbol=BTCBRL&interval=5m&startTime=1721895300000&endTime=1721895599999&timeZone=-3
[2024-07-25T16:17:23.478-0300] {python.py:237} INFO - Done. Returned value was: None
[2024-07-25T16:17:23.479-0300] {taskinstance.py:441} INFO - ::group::Post task execution logs
[2024-07-25T16:17:23.481-0300] {taskinstance.py:1206} INFO - Marking task as SUCCESS. dag_id=Binance_5m, task_id=get_5m_info, run_id=scheduled__2024-07-25T08:15:00+00:00, execution_date=20240725T081500, start_date=20240725T191722, end_date=20240725T191723
[2024-07-25T16:17:23.516-0300] {local_task_job_runner.py:243} INFO - Task exited with return code 0
[2024-07-25T16:17:23.525-0300] {taskinstance.py:3503} INFO - 0 downstream tasks scheduled from follow-on schedule check
[2024-07-25T16:17:23.525-0300] {local_task_job_runner.py:222} INFO - ::endgroup::
