[2024-07-25T14:50:22.051-0300] {local_task_job_runner.py:120} INFO - ::group::Pre task execution logs
[2024-07-25T14:50:22.055-0300] {taskinstance.py:2076} INFO - Dependencies all met for dep_context=non-requeueable deps ti=<TaskInstance: Binance_5m.get_5m_info scheduled__2024-07-25T07:50:00+00:00 [queued]>
[2024-07-25T14:50:22.058-0300] {taskinstance.py:2076} INFO - Dependencies all met for dep_context=requeueable deps ti=<TaskInstance: Binance_5m.get_5m_info scheduled__2024-07-25T07:50:00+00:00 [queued]>
[2024-07-25T14:50:22.058-0300] {taskinstance.py:2306} INFO - Starting attempt 1 of 1
[2024-07-25T14:50:22.071-0300] {taskinstance.py:2330} INFO - Executing <Task(PythonOperator): get_5m_info> on 2024-07-25 07:50:00+00:00
[2024-07-25T14:50:22.073-0300] {standard_task_runner.py:64} INFO - Started process 2609777 to run task
[2024-07-25T14:50:22.076-0300] {standard_task_runner.py:90} INFO - Running: ['airflow', 'tasks', 'run', 'Binance_5m', 'get_5m_info', 'scheduled__2024-07-25T07:50:00+00:00', '--job-id', '2186', '--raw', '--subdir', 'DAGS_FOLDER/binance_dag.py', '--cfg-path', '/tmp/tmp8lep154v']
[2024-07-25T14:50:22.077-0300] {standard_task_runner.py:91} INFO - Job 2186: Subtask get_5m_info
[2024-07-25T14:50:22.103-0300] {task_command.py:426} INFO - Running <TaskInstance: Binance_5m.get_5m_info scheduled__2024-07-25T07:50:00+00:00 [running]> on host Galaxybook.
[2024-07-25T14:50:22.162-0300] {taskinstance.py:2648} INFO - Exporting env vars: AIRFLOW_CTX_DAG_OWNER='airflow' AIRFLOW_CTX_DAG_ID='Binance_5m' AIRFLOW_CTX_TASK_ID='get_5m_info' AIRFLOW_CTX_EXECUTION_DATE='2024-07-25T07:50:00+00:00' AIRFLOW_CTX_TRY_NUMBER='1' AIRFLOW_CTX_DAG_RUN_ID='scheduled__2024-07-25T07:50:00+00:00'
[2024-07-25T14:50:22.163-0300] {taskinstance.py:430} INFO - ::endgroup::
[2024-07-25T14:50:22.171-0300] {binance_dag.py:23} INFO - End Time: 2024-07-25T07:55:00.00Z
[2024-07-25T14:50:22.172-0300] {binance_dag.py:24} INFO - Start Time: 2024-07-25T07:50:00.00Z
[2024-07-25T14:50:22.234-0300] {base.py:84} INFO - Using connection ID 'binance_default' for task execution.
[2024-07-25T14:50:22.234-0300] {logging_mixin.py:188} INFO - https://api.binance.com
[2024-07-25T14:50:22.235-0300] {binance_hook.py:35} INFO - URL: https://api.binance.com/api/v3/klines?symbol=BTCBRL&interval=5m&startTime=1721904600000&endTime=1721904899999
[2024-07-25T14:50:22.635-0300] {binance_dag.py:43} INFO - r: [[1721904600000, '365111.00000000', '365890.00000000', '365111.00000000', '365890.00000000', '1.41715000', 1721904899999, '517727.72393000', 131, '1.15832000', '423176.22130000', '0']]
[2024-07-25T14:50:22.636-0300] {python.py:237} INFO - Done. Returned value was: None
[2024-07-25T14:50:22.637-0300] {taskinstance.py:441} INFO - ::group::Post task execution logs
[2024-07-25T14:50:22.640-0300] {taskinstance.py:1206} INFO - Marking task as SUCCESS. dag_id=Binance_5m, task_id=get_5m_info, run_id=scheduled__2024-07-25T07:50:00+00:00, execution_date=20240725T075000, start_date=20240725T175022, end_date=20240725T175022
[2024-07-25T14:50:22.661-0300] {local_task_job_runner.py:243} INFO - Task exited with return code 0
[2024-07-25T14:50:22.667-0300] {taskinstance.py:3503} INFO - 0 downstream tasks scheduled from follow-on schedule check
[2024-07-25T14:50:22.667-0300] {local_task_job_runner.py:222} INFO - ::endgroup::
[2024-07-25T15:20:26.325-0300] {local_task_job_runner.py:120} INFO - ::group::Pre task execution logs
[2024-07-25T15:20:26.331-0300] {taskinstance.py:2076} INFO - Dependencies all met for dep_context=non-requeueable deps ti=<TaskInstance: Binance_5m.get_5m_info scheduled__2024-07-25T07:50:00+00:00 [queued]>
[2024-07-25T15:20:26.335-0300] {taskinstance.py:2076} INFO - Dependencies all met for dep_context=requeueable deps ti=<TaskInstance: Binance_5m.get_5m_info scheduled__2024-07-25T07:50:00+00:00 [queued]>
[2024-07-25T15:20:26.335-0300] {taskinstance.py:2306} INFO - Starting attempt 1 of 1
[2024-07-25T15:20:26.348-0300] {taskinstance.py:2330} INFO - Executing <Task(PythonOperator): get_5m_info> on 2024-07-25 07:50:00+00:00
[2024-07-25T15:20:26.350-0300] {standard_task_runner.py:64} INFO - Started process 2632168 to run task
[2024-07-25T15:20:26.352-0300] {standard_task_runner.py:90} INFO - Running: ['airflow', 'tasks', 'run', 'Binance_5m', 'get_5m_info', 'scheduled__2024-07-25T07:50:00+00:00', '--job-id', '2629', '--raw', '--subdir', 'DAGS_FOLDER/binance_dag.py', '--cfg-path', '/tmp/tmpx0b5tf5u']
[2024-07-25T15:20:26.353-0300] {standard_task_runner.py:91} INFO - Job 2629: Subtask get_5m_info
[2024-07-25T15:20:26.378-0300] {task_command.py:426} INFO - Running <TaskInstance: Binance_5m.get_5m_info scheduled__2024-07-25T07:50:00+00:00 [running]> on host Galaxybook.
[2024-07-25T15:20:26.430-0300] {taskinstance.py:2648} INFO - Exporting env vars: AIRFLOW_CTX_DAG_OWNER='airflow' AIRFLOW_CTX_DAG_ID='Binance_5m' AIRFLOW_CTX_TASK_ID='get_5m_info' AIRFLOW_CTX_EXECUTION_DATE='2024-07-25T07:50:00+00:00' AIRFLOW_CTX_TRY_NUMBER='1' AIRFLOW_CTX_DAG_RUN_ID='scheduled__2024-07-25T07:50:00+00:00'
[2024-07-25T15:20:26.431-0300] {taskinstance.py:430} INFO - ::endgroup::
[2024-07-25T15:20:26.438-0300] {binance_dag.py:23} INFO - End Time: 2024-07-25T07:55:00.00Z
[2024-07-25T15:20:26.439-0300] {binance_dag.py:24} INFO - Start Time: 2024-07-25T07:50:00.00Z
[2024-07-25T15:20:26.492-0300] {binance_dag.py:25} INFO - 1721904600000
[2024-07-25T15:20:26.494-0300] {base.py:84} INFO - Using connection ID 'binance_default' for task execution.
[2024-07-25T15:20:26.495-0300] {logging_mixin.py:188} INFO - https://api.binance.com
[2024-07-25T15:20:26.495-0300] {binance_hook.py:35} INFO - URL: https://api.binance.com/api/v3/klines?symbol=BTCBRL&interval=5m&startTime=1721904600000&endTime=1721904899999
[2024-07-25T15:20:26.895-0300] {python.py:237} INFO - Done. Returned value was: None
[2024-07-25T15:20:26.897-0300] {taskinstance.py:441} INFO - ::group::Post task execution logs
[2024-07-25T15:20:26.900-0300] {taskinstance.py:1206} INFO - Marking task as SUCCESS. dag_id=Binance_5m, task_id=get_5m_info, run_id=scheduled__2024-07-25T07:50:00+00:00, execution_date=20240725T075000, start_date=20240725T182026, end_date=20240725T182026
[2024-07-25T15:20:26.933-0300] {local_task_job_runner.py:243} INFO - Task exited with return code 0
[2024-07-25T15:20:26.940-0300] {taskinstance.py:3503} INFO - 0 downstream tasks scheduled from follow-on schedule check
[2024-07-25T15:20:26.940-0300] {local_task_job_runner.py:222} INFO - ::endgroup::
[2024-07-25T16:17:00.146-0300] {local_task_job_runner.py:120} INFO - ::group::Pre task execution logs
[2024-07-25T16:17:00.157-0300] {taskinstance.py:2076} INFO - Dependencies all met for dep_context=non-requeueable deps ti=<TaskInstance: Binance_5m.get_5m_info scheduled__2024-07-25T07:50:00+00:00 [queued]>
[2024-07-25T16:17:00.162-0300] {taskinstance.py:2076} INFO - Dependencies all met for dep_context=requeueable deps ti=<TaskInstance: Binance_5m.get_5m_info scheduled__2024-07-25T07:50:00+00:00 [queued]>
[2024-07-25T16:17:00.163-0300] {taskinstance.py:2306} INFO - Starting attempt 1 of 1
[2024-07-25T16:17:00.183-0300] {taskinstance.py:2330} INFO - Executing <Task(PythonOperator): get_5m_info> on 2024-07-25 07:50:00+00:00
[2024-07-25T16:17:00.185-0300] {standard_task_runner.py:64} INFO - Started process 2659966 to run task
[2024-07-25T16:17:00.187-0300] {standard_task_runner.py:90} INFO - Running: ['airflow', 'tasks', 'run', 'Binance_5m', 'get_5m_info', 'scheduled__2024-07-25T07:50:00+00:00', '--job-id', '2189', '--raw', '--subdir', 'DAGS_FOLDER/binance_dag.py', '--cfg-path', '/tmp/tmp2z975qkz']
[2024-07-25T16:17:00.188-0300] {standard_task_runner.py:91} INFO - Job 2189: Subtask get_5m_info
[2024-07-25T16:17:00.220-0300] {task_command.py:426} INFO - Running <TaskInstance: Binance_5m.get_5m_info scheduled__2024-07-25T07:50:00+00:00 [running]> on host Galaxybook.
[2024-07-25T16:17:00.284-0300] {taskinstance.py:2648} INFO - Exporting env vars: AIRFLOW_CTX_DAG_OWNER='airflow' AIRFLOW_CTX_DAG_ID='Binance_5m' AIRFLOW_CTX_TASK_ID='get_5m_info' AIRFLOW_CTX_EXECUTION_DATE='2024-07-25T07:50:00+00:00' AIRFLOW_CTX_TRY_NUMBER='1' AIRFLOW_CTX_DAG_RUN_ID='scheduled__2024-07-25T07:50:00+00:00'
[2024-07-25T16:17:00.285-0300] {taskinstance.py:430} INFO - ::endgroup::
[2024-07-25T16:17:00.294-0300] {binance_dag.py:22} INFO - End Time: 2024-07-25 07:55:00+00:00
[2024-07-25T16:17:00.294-0300] {binance_dag.py:23} INFO - Start Time: 2024-07-25 07:50:00+00:00
[2024-07-25T16:17:00.294-0300] {binance_dag.py:24} INFO - Start timestamp: 1721893800000
[2024-07-25T16:17:00.294-0300] {binance_dag.py:25} INFO - End timestamp: 1721894100000
[2024-07-25T16:17:00.367-0300] {base.py:84} INFO - Using connection ID 'binance_default' for task execution.
[2024-07-25T16:17:00.367-0300] {logging_mixin.py:188} INFO - https://api.binance.com
[2024-07-25T16:17:00.368-0300] {binance_hook.py:35} INFO - URL: https://api.binance.com/api/v3/klines?symbol=BTCBRL&interval=5m&startTime=1721893800000&endTime=1721894099999&timeZone=-3
[2024-07-25T16:17:00.823-0300] {python.py:237} INFO - Done. Returned value was: None
[2024-07-25T16:17:00.824-0300] {taskinstance.py:441} INFO - ::group::Post task execution logs
[2024-07-25T16:17:00.829-0300] {taskinstance.py:1206} INFO - Marking task as SUCCESS. dag_id=Binance_5m, task_id=get_5m_info, run_id=scheduled__2024-07-25T07:50:00+00:00, execution_date=20240725T075000, start_date=20240725T191700, end_date=20240725T191700
[2024-07-25T16:17:00.891-0300] {local_task_job_runner.py:243} INFO - Task exited with return code 0
[2024-07-25T16:17:00.898-0300] {taskinstance.py:3503} INFO - 0 downstream tasks scheduled from follow-on schedule check
[2024-07-25T16:17:00.899-0300] {local_task_job_runner.py:222} INFO - ::endgroup::
