[2024-07-25T14:52:04.808-0300] {local_task_job_runner.py:120} INFO - ::group::Pre task execution logs
[2024-07-25T14:52:04.813-0300] {taskinstance.py:2076} INFO - Dependencies all met for dep_context=non-requeueable deps ti=<TaskInstance: Binance_5m.get_5m_info scheduled__2024-07-25T11:35:00+00:00 [queued]>
[2024-07-25T14:52:04.816-0300] {taskinstance.py:2076} INFO - Dependencies all met for dep_context=requeueable deps ti=<TaskInstance: Binance_5m.get_5m_info scheduled__2024-07-25T11:35:00+00:00 [queued]>
[2024-07-25T14:52:04.816-0300] {taskinstance.py:2306} INFO - Starting attempt 1 of 1
[2024-07-25T14:52:04.828-0300] {taskinstance.py:2330} INFO - Executing <Task(PythonOperator): get_5m_info> on 2024-07-25 11:35:00+00:00
[2024-07-25T14:52:04.830-0300] {standard_task_runner.py:64} INFO - Started process 2611486 to run task
[2024-07-25T14:52:04.832-0300] {standard_task_runner.py:90} INFO - Running: ['airflow', 'tasks', 'run', 'Binance_5m', 'get_5m_info', 'scheduled__2024-07-25T11:35:00+00:00', '--job-id', '2231', '--raw', '--subdir', 'DAGS_FOLDER/binance_dag.py', '--cfg-path', '/tmp/tmpas7ik189']
[2024-07-25T14:52:04.833-0300] {standard_task_runner.py:91} INFO - Job 2231: Subtask get_5m_info
[2024-07-25T14:52:04.856-0300] {task_command.py:426} INFO - Running <TaskInstance: Binance_5m.get_5m_info scheduled__2024-07-25T11:35:00+00:00 [running]> on host Galaxybook.
[2024-07-25T14:52:04.916-0300] {taskinstance.py:2648} INFO - Exporting env vars: AIRFLOW_CTX_DAG_OWNER='airflow' AIRFLOW_CTX_DAG_ID='Binance_5m' AIRFLOW_CTX_TASK_ID='get_5m_info' AIRFLOW_CTX_EXECUTION_DATE='2024-07-25T11:35:00+00:00' AIRFLOW_CTX_TRY_NUMBER='1' AIRFLOW_CTX_DAG_RUN_ID='scheduled__2024-07-25T11:35:00+00:00'
[2024-07-25T14:52:04.916-0300] {taskinstance.py:430} INFO - ::endgroup::
[2024-07-25T14:52:04.926-0300] {binance_dag.py:23} INFO - End Time: 2024-07-25T11:40:00.00Z
[2024-07-25T14:52:04.926-0300] {binance_dag.py:24} INFO - Start Time: 2024-07-25T11:35:00.00Z
[2024-07-25T14:52:04.981-0300] {base.py:84} INFO - Using connection ID 'binance_default' for task execution.
[2024-07-25T14:52:04.981-0300] {logging_mixin.py:188} INFO - https://api.binance.com
[2024-07-25T14:52:04.982-0300] {binance_hook.py:35} INFO - URL: https://api.binance.com/api/v3/klines?symbol=BTCBRL&interval=5m&startTime=1721918100000&endTime=1721918399999
[2024-07-25T14:52:05.379-0300] {binance_dag.py:43} INFO - r: [[1721918100000, '365046.00000000', '367605.00000000', '364904.00000000', '367092.00000000', '1.19590000', 1721918399999, '438114.19502000', 219, '0.60966000', '223271.20459000', '0']]
[2024-07-25T14:52:05.381-0300] {python.py:237} INFO - Done. Returned value was: None
[2024-07-25T14:52:05.382-0300] {taskinstance.py:441} INFO - ::group::Post task execution logs
[2024-07-25T14:52:05.384-0300] {taskinstance.py:1206} INFO - Marking task as SUCCESS. dag_id=Binance_5m, task_id=get_5m_info, run_id=scheduled__2024-07-25T11:35:00+00:00, execution_date=20240725T113500, start_date=20240725T175204, end_date=20240725T175205
[2024-07-25T14:52:05.417-0300] {local_task_job_runner.py:243} INFO - Task exited with return code 0
[2024-07-25T14:52:05.424-0300] {taskinstance.py:3503} INFO - 0 downstream tasks scheduled from follow-on schedule check
[2024-07-25T14:52:05.424-0300] {local_task_job_runner.py:222} INFO - ::endgroup::
[2024-07-25T15:22:05.915-0300] {local_task_job_runner.py:120} INFO - ::group::Pre task execution logs
[2024-07-25T15:22:05.920-0300] {taskinstance.py:2076} INFO - Dependencies all met for dep_context=non-requeueable deps ti=<TaskInstance: Binance_5m.get_5m_info scheduled__2024-07-25T11:35:00+00:00 [queued]>
[2024-07-25T15:22:05.923-0300] {taskinstance.py:2076} INFO - Dependencies all met for dep_context=requeueable deps ti=<TaskInstance: Binance_5m.get_5m_info scheduled__2024-07-25T11:35:00+00:00 [queued]>
[2024-07-25T15:22:05.923-0300] {taskinstance.py:2306} INFO - Starting attempt 1 of 1
[2024-07-25T15:22:05.936-0300] {taskinstance.py:2330} INFO - Executing <Task(PythonOperator): get_5m_info> on 2024-07-25 11:35:00+00:00
[2024-07-25T15:22:05.937-0300] {standard_task_runner.py:64} INFO - Started process 2633833 to run task
[2024-07-25T15:22:05.940-0300] {standard_task_runner.py:90} INFO - Running: ['airflow', 'tasks', 'run', 'Binance_5m', 'get_5m_info', 'scheduled__2024-07-25T11:35:00+00:00', '--job-id', '2674', '--raw', '--subdir', 'DAGS_FOLDER/binance_dag.py', '--cfg-path', '/tmp/tmp5hp52m9e']
[2024-07-25T15:22:05.941-0300] {standard_task_runner.py:91} INFO - Job 2674: Subtask get_5m_info
[2024-07-25T15:22:05.966-0300] {task_command.py:426} INFO - Running <TaskInstance: Binance_5m.get_5m_info scheduled__2024-07-25T11:35:00+00:00 [running]> on host Galaxybook.
[2024-07-25T15:22:06.016-0300] {taskinstance.py:2648} INFO - Exporting env vars: AIRFLOW_CTX_DAG_OWNER='airflow' AIRFLOW_CTX_DAG_ID='Binance_5m' AIRFLOW_CTX_TASK_ID='get_5m_info' AIRFLOW_CTX_EXECUTION_DATE='2024-07-25T11:35:00+00:00' AIRFLOW_CTX_TRY_NUMBER='1' AIRFLOW_CTX_DAG_RUN_ID='scheduled__2024-07-25T11:35:00+00:00'
[2024-07-25T15:22:06.017-0300] {taskinstance.py:430} INFO - ::endgroup::
[2024-07-25T15:22:06.024-0300] {binance_dag.py:23} INFO - End Time: 2024-07-25T11:40:00.00Z
[2024-07-25T15:22:06.024-0300] {binance_dag.py:24} INFO - Start Time: 2024-07-25T11:35:00.00Z
[2024-07-25T15:22:06.079-0300] {binance_dag.py:25} INFO - 1721918100000
[2024-07-25T15:22:06.081-0300] {base.py:84} INFO - Using connection ID 'binance_default' for task execution.
[2024-07-25T15:22:06.081-0300] {logging_mixin.py:188} INFO - https://api.binance.com
[2024-07-25T15:22:06.082-0300] {binance_hook.py:35} INFO - URL: https://api.binance.com/api/v3/klines?symbol=BTCBRL&interval=5m&startTime=1721918100000&endTime=1721918399999
[2024-07-25T15:22:06.473-0300] {python.py:237} INFO - Done. Returned value was: None
[2024-07-25T15:22:06.474-0300] {taskinstance.py:441} INFO - ::group::Post task execution logs
[2024-07-25T15:22:06.478-0300] {taskinstance.py:1206} INFO - Marking task as SUCCESS. dag_id=Binance_5m, task_id=get_5m_info, run_id=scheduled__2024-07-25T11:35:00+00:00, execution_date=20240725T113500, start_date=20240725T182205, end_date=20240725T182206
[2024-07-25T15:22:06.526-0300] {local_task_job_runner.py:243} INFO - Task exited with return code 0
[2024-07-25T15:22:06.534-0300] {taskinstance.py:3503} INFO - 0 downstream tasks scheduled from follow-on schedule check
[2024-07-25T15:22:06.535-0300] {local_task_job_runner.py:222} INFO - ::endgroup::
[2024-07-25T16:19:36.261-0300] {local_task_job_runner.py:120} INFO - ::group::Pre task execution logs
[2024-07-25T16:19:36.268-0300] {taskinstance.py:2076} INFO - Dependencies all met for dep_context=non-requeueable deps ti=<TaskInstance: Binance_5m.get_5m_info scheduled__2024-07-25T11:35:00+00:00 [queued]>
[2024-07-25T16:19:36.273-0300] {taskinstance.py:2076} INFO - Dependencies all met for dep_context=requeueable deps ti=<TaskInstance: Binance_5m.get_5m_info scheduled__2024-07-25T11:35:00+00:00 [queued]>
[2024-07-25T16:19:36.273-0300] {taskinstance.py:2306} INFO - Starting attempt 1 of 1
[2024-07-25T16:19:36.288-0300] {taskinstance.py:2330} INFO - Executing <Task(PythonOperator): get_5m_info> on 2024-07-25 11:35:00+00:00
[2024-07-25T16:19:36.290-0300] {standard_task_runner.py:64} INFO - Started process 2662585 to run task
[2024-07-25T16:19:36.292-0300] {standard_task_runner.py:90} INFO - Running: ['airflow', 'tasks', 'run', 'Binance_5m', 'get_5m_info', 'scheduled__2024-07-25T11:35:00+00:00', '--job-id', '2261', '--raw', '--subdir', 'DAGS_FOLDER/binance_dag.py', '--cfg-path', '/tmp/tmpk4jjbdl7']
[2024-07-25T16:19:36.294-0300] {standard_task_runner.py:91} INFO - Job 2261: Subtask get_5m_info
[2024-07-25T16:19:36.322-0300] {task_command.py:426} INFO - Running <TaskInstance: Binance_5m.get_5m_info scheduled__2024-07-25T11:35:00+00:00 [running]> on host Galaxybook.
[2024-07-25T16:19:36.378-0300] {taskinstance.py:2648} INFO - Exporting env vars: AIRFLOW_CTX_DAG_OWNER='airflow' AIRFLOW_CTX_DAG_ID='Binance_5m' AIRFLOW_CTX_TASK_ID='get_5m_info' AIRFLOW_CTX_EXECUTION_DATE='2024-07-25T11:35:00+00:00' AIRFLOW_CTX_TRY_NUMBER='1' AIRFLOW_CTX_DAG_RUN_ID='scheduled__2024-07-25T11:35:00+00:00'
[2024-07-25T16:19:36.379-0300] {taskinstance.py:430} INFO - ::endgroup::
[2024-07-25T16:19:36.387-0300] {binance_dag.py:22} INFO - End Time: 2024-07-25 11:40:00+00:00
[2024-07-25T16:19:36.387-0300] {binance_dag.py:23} INFO - Start Time: 2024-07-25 11:35:00+00:00
[2024-07-25T16:19:36.387-0300] {binance_dag.py:24} INFO - Start timestamp: 1721907300000
[2024-07-25T16:19:36.387-0300] {binance_dag.py:25} INFO - End timestamp: 1721907600000
[2024-07-25T16:19:36.444-0300] {base.py:84} INFO - Using connection ID 'binance_default' for task execution.
[2024-07-25T16:19:36.444-0300] {logging_mixin.py:188} INFO - https://api.binance.com
[2024-07-25T16:19:36.445-0300] {binance_hook.py:35} INFO - URL: https://api.binance.com/api/v3/klines?symbol=BTCBRL&interval=5m&startTime=1721907300000&endTime=1721907599999&timeZone=-3
[2024-07-25T16:19:37.350-0300] {python.py:237} INFO - Done. Returned value was: None
[2024-07-25T16:19:37.350-0300] {taskinstance.py:441} INFO - ::group::Post task execution logs
[2024-07-25T16:19:37.353-0300] {taskinstance.py:1206} INFO - Marking task as SUCCESS. dag_id=Binance_5m, task_id=get_5m_info, run_id=scheduled__2024-07-25T11:35:00+00:00, execution_date=20240725T113500, start_date=20240725T191936, end_date=20240725T191937
[2024-07-25T16:19:37.404-0300] {local_task_job_runner.py:243} INFO - Task exited with return code 0
[2024-07-25T16:19:37.412-0300] {taskinstance.py:3503} INFO - 0 downstream tasks scheduled from follow-on schedule check
[2024-07-25T16:19:37.412-0300] {local_task_job_runner.py:222} INFO - ::endgroup::
