[2024-07-25T14:51:31.432-0300] {local_task_job_runner.py:120} INFO - ::group::Pre task execution logs
[2024-07-25T14:51:31.437-0300] {taskinstance.py:2076} INFO - Dependencies all met for dep_context=non-requeueable deps ti=<TaskInstance: Binance_5m.get_5m_info scheduled__2024-07-25T10:20:00+00:00 [queued]>
[2024-07-25T14:51:31.441-0300] {taskinstance.py:2076} INFO - Dependencies all met for dep_context=requeueable deps ti=<TaskInstance: Binance_5m.get_5m_info scheduled__2024-07-25T10:20:00+00:00 [queued]>
[2024-07-25T14:51:31.441-0300] {taskinstance.py:2306} INFO - Starting attempt 1 of 1
[2024-07-25T14:51:31.458-0300] {taskinstance.py:2330} INFO - Executing <Task(PythonOperator): get_5m_info> on 2024-07-25 10:20:00+00:00
[2024-07-25T14:51:31.460-0300] {standard_task_runner.py:64} INFO - Started process 2610918 to run task
[2024-07-25T14:51:31.463-0300] {standard_task_runner.py:90} INFO - Running: ['airflow', 'tasks', 'run', 'Binance_5m', 'get_5m_info', 'scheduled__2024-07-25T10:20:00+00:00', '--job-id', '2216', '--raw', '--subdir', 'DAGS_FOLDER/binance_dag.py', '--cfg-path', '/tmp/tmp67fhwc2x']
[2024-07-25T14:51:31.464-0300] {standard_task_runner.py:91} INFO - Job 2216: Subtask get_5m_info
[2024-07-25T14:51:31.496-0300] {task_command.py:426} INFO - Running <TaskInstance: Binance_5m.get_5m_info scheduled__2024-07-25T10:20:00+00:00 [running]> on host Galaxybook.
[2024-07-25T14:51:31.569-0300] {taskinstance.py:2648} INFO - Exporting env vars: AIRFLOW_CTX_DAG_OWNER='airflow' AIRFLOW_CTX_DAG_ID='Binance_5m' AIRFLOW_CTX_TASK_ID='get_5m_info' AIRFLOW_CTX_EXECUTION_DATE='2024-07-25T10:20:00+00:00' AIRFLOW_CTX_TRY_NUMBER='1' AIRFLOW_CTX_DAG_RUN_ID='scheduled__2024-07-25T10:20:00+00:00'
[2024-07-25T14:51:31.570-0300] {taskinstance.py:430} INFO - ::endgroup::
[2024-07-25T14:51:31.581-0300] {binance_dag.py:23} INFO - End Time: 2024-07-25T10:25:00.00Z
[2024-07-25T14:51:31.581-0300] {binance_dag.py:24} INFO - Start Time: 2024-07-25T10:20:00.00Z
[2024-07-25T14:51:31.673-0300] {base.py:84} INFO - Using connection ID 'binance_default' for task execution.
[2024-07-25T14:51:31.674-0300] {logging_mixin.py:188} INFO - https://api.binance.com
[2024-07-25T14:51:31.674-0300] {binance_hook.py:35} INFO - URL: https://api.binance.com/api/v3/klines?symbol=BTCBRL&interval=5m&startTime=1721913600000&endTime=1721913899999
[2024-07-25T14:51:32.094-0300] {binance_dag.py:43} INFO - r: [[1721913600000, '363697.00000000', '364107.00000000', '363410.00000000', '364107.00000000', '0.49543000', 1721913899999, '180210.64703000', 120, '0.31907000', '116078.82883000', '0']]
[2024-07-25T14:51:32.095-0300] {python.py:237} INFO - Done. Returned value was: None
[2024-07-25T14:51:32.095-0300] {taskinstance.py:441} INFO - ::group::Post task execution logs
[2024-07-25T14:51:32.098-0300] {taskinstance.py:1206} INFO - Marking task as SUCCESS. dag_id=Binance_5m, task_id=get_5m_info, run_id=scheduled__2024-07-25T10:20:00+00:00, execution_date=20240725T102000, start_date=20240725T175131, end_date=20240725T175132
[2024-07-25T14:51:32.124-0300] {local_task_job_runner.py:243} INFO - Task exited with return code 0
[2024-07-25T14:51:32.131-0300] {taskinstance.py:3503} INFO - 0 downstream tasks scheduled from follow-on schedule check
[2024-07-25T14:51:32.132-0300] {local_task_job_runner.py:222} INFO - ::endgroup::
[2024-07-25T15:21:29.911-0300] {local_task_job_runner.py:120} INFO - ::group::Pre task execution logs
[2024-07-25T15:21:29.916-0300] {taskinstance.py:2076} INFO - Dependencies all met for dep_context=non-requeueable deps ti=<TaskInstance: Binance_5m.get_5m_info scheduled__2024-07-25T10:20:00+00:00 [queued]>
[2024-07-25T15:21:29.920-0300] {taskinstance.py:2076} INFO - Dependencies all met for dep_context=requeueable deps ti=<TaskInstance: Binance_5m.get_5m_info scheduled__2024-07-25T10:20:00+00:00 [queued]>
[2024-07-25T15:21:29.920-0300] {taskinstance.py:2306} INFO - Starting attempt 1 of 1
[2024-07-25T15:21:29.932-0300] {taskinstance.py:2330} INFO - Executing <Task(PythonOperator): get_5m_info> on 2024-07-25 10:20:00+00:00
[2024-07-25T15:21:29.934-0300] {standard_task_runner.py:64} INFO - Started process 2633223 to run task
[2024-07-25T15:21:29.936-0300] {standard_task_runner.py:90} INFO - Running: ['airflow', 'tasks', 'run', 'Binance_5m', 'get_5m_info', 'scheduled__2024-07-25T10:20:00+00:00', '--job-id', '2659', '--raw', '--subdir', 'DAGS_FOLDER/binance_dag.py', '--cfg-path', '/tmp/tmp_l8yc4bl']
[2024-07-25T15:21:29.937-0300] {standard_task_runner.py:91} INFO - Job 2659: Subtask get_5m_info
[2024-07-25T15:21:29.962-0300] {task_command.py:426} INFO - Running <TaskInstance: Binance_5m.get_5m_info scheduled__2024-07-25T10:20:00+00:00 [running]> on host Galaxybook.
[2024-07-25T15:21:30.016-0300] {taskinstance.py:2648} INFO - Exporting env vars: AIRFLOW_CTX_DAG_OWNER='airflow' AIRFLOW_CTX_DAG_ID='Binance_5m' AIRFLOW_CTX_TASK_ID='get_5m_info' AIRFLOW_CTX_EXECUTION_DATE='2024-07-25T10:20:00+00:00' AIRFLOW_CTX_TRY_NUMBER='1' AIRFLOW_CTX_DAG_RUN_ID='scheduled__2024-07-25T10:20:00+00:00'
[2024-07-25T15:21:30.017-0300] {taskinstance.py:430} INFO - ::endgroup::
[2024-07-25T15:21:30.024-0300] {binance_dag.py:23} INFO - End Time: 2024-07-25T10:25:00.00Z
[2024-07-25T15:21:30.024-0300] {binance_dag.py:24} INFO - Start Time: 2024-07-25T10:20:00.00Z
[2024-07-25T15:21:30.080-0300] {binance_dag.py:25} INFO - 1721913600000
[2024-07-25T15:21:30.083-0300] {base.py:84} INFO - Using connection ID 'binance_default' for task execution.
[2024-07-25T15:21:30.083-0300] {logging_mixin.py:188} INFO - https://api.binance.com
[2024-07-25T15:21:30.084-0300] {binance_hook.py:35} INFO - URL: https://api.binance.com/api/v3/klines?symbol=BTCBRL&interval=5m&startTime=1721913600000&endTime=1721913899999
[2024-07-25T15:21:30.477-0300] {python.py:237} INFO - Done. Returned value was: None
[2024-07-25T15:21:30.477-0300] {taskinstance.py:441} INFO - ::group::Post task execution logs
[2024-07-25T15:21:30.480-0300] {taskinstance.py:1206} INFO - Marking task as SUCCESS. dag_id=Binance_5m, task_id=get_5m_info, run_id=scheduled__2024-07-25T10:20:00+00:00, execution_date=20240725T102000, start_date=20240725T182129, end_date=20240725T182130
[2024-07-25T15:21:30.518-0300] {local_task_job_runner.py:243} INFO - Task exited with return code 0
[2024-07-25T15:21:30.524-0300] {taskinstance.py:3503} INFO - 0 downstream tasks scheduled from follow-on schedule check
[2024-07-25T15:21:30.524-0300] {local_task_job_runner.py:222} INFO - ::endgroup::
[2024-07-25T16:18:29.761-0300] {local_task_job_runner.py:120} INFO - ::group::Pre task execution logs
[2024-07-25T16:18:29.769-0300] {taskinstance.py:2076} INFO - Dependencies all met for dep_context=non-requeueable deps ti=<TaskInstance: Binance_5m.get_5m_info scheduled__2024-07-25T10:20:00+00:00 [queued]>
[2024-07-25T16:18:29.773-0300] {taskinstance.py:2076} INFO - Dependencies all met for dep_context=requeueable deps ti=<TaskInstance: Binance_5m.get_5m_info scheduled__2024-07-25T10:20:00+00:00 [queued]>
[2024-07-25T16:18:29.773-0300] {taskinstance.py:2306} INFO - Starting attempt 1 of 1
[2024-07-25T16:18:29.786-0300] {taskinstance.py:2330} INFO - Executing <Task(PythonOperator): get_5m_info> on 2024-07-25 10:20:00+00:00
[2024-07-25T16:18:29.788-0300] {standard_task_runner.py:64} INFO - Started process 2661490 to run task
[2024-07-25T16:18:29.790-0300] {standard_task_runner.py:90} INFO - Running: ['airflow', 'tasks', 'run', 'Binance_5m', 'get_5m_info', 'scheduled__2024-07-25T10:20:00+00:00', '--job-id', '2229', '--raw', '--subdir', 'DAGS_FOLDER/binance_dag.py', '--cfg-path', '/tmp/tmpfbnb1azy']
[2024-07-25T16:18:29.791-0300] {standard_task_runner.py:91} INFO - Job 2229: Subtask get_5m_info
[2024-07-25T16:18:29.819-0300] {task_command.py:426} INFO - Running <TaskInstance: Binance_5m.get_5m_info scheduled__2024-07-25T10:20:00+00:00 [running]> on host Galaxybook.
[2024-07-25T16:18:29.878-0300] {taskinstance.py:2648} INFO - Exporting env vars: AIRFLOW_CTX_DAG_OWNER='airflow' AIRFLOW_CTX_DAG_ID='Binance_5m' AIRFLOW_CTX_TASK_ID='get_5m_info' AIRFLOW_CTX_EXECUTION_DATE='2024-07-25T10:20:00+00:00' AIRFLOW_CTX_TRY_NUMBER='1' AIRFLOW_CTX_DAG_RUN_ID='scheduled__2024-07-25T10:20:00+00:00'
[2024-07-25T16:18:29.878-0300] {taskinstance.py:430} INFO - ::endgroup::
[2024-07-25T16:18:29.886-0300] {binance_dag.py:22} INFO - End Time: 2024-07-25 10:25:00+00:00
[2024-07-25T16:18:29.886-0300] {binance_dag.py:23} INFO - Start Time: 2024-07-25 10:20:00+00:00
[2024-07-25T16:18:29.887-0300] {binance_dag.py:24} INFO - Start timestamp: 1721902800000
[2024-07-25T16:18:29.887-0300] {binance_dag.py:25} INFO - End timestamp: 1721903100000
[2024-07-25T16:18:29.956-0300] {base.py:84} INFO - Using connection ID 'binance_default' for task execution.
[2024-07-25T16:18:29.957-0300] {logging_mixin.py:188} INFO - https://api.binance.com
[2024-07-25T16:18:29.957-0300] {binance_hook.py:35} INFO - URL: https://api.binance.com/api/v3/klines?symbol=BTCBRL&interval=5m&startTime=1721902800000&endTime=1721903099999&timeZone=-3
[2024-07-25T16:18:30.372-0300] {python.py:237} INFO - Done. Returned value was: None
[2024-07-25T16:18:30.372-0300] {taskinstance.py:441} INFO - ::group::Post task execution logs
[2024-07-25T16:18:30.375-0300] {taskinstance.py:1206} INFO - Marking task as SUCCESS. dag_id=Binance_5m, task_id=get_5m_info, run_id=scheduled__2024-07-25T10:20:00+00:00, execution_date=20240725T102000, start_date=20240725T191829, end_date=20240725T191830
[2024-07-25T16:18:30.414-0300] {local_task_job_runner.py:243} INFO - Task exited with return code 0
[2024-07-25T16:18:30.421-0300] {taskinstance.py:3503} INFO - 0 downstream tasks scheduled from follow-on schedule check
[2024-07-25T16:18:30.422-0300] {local_task_job_runner.py:222} INFO - ::endgroup::
