[2024-07-25T12:15:11.112-0300] {local_task_job_runner.py:120} INFO - ::group::Pre task execution logs
[2024-07-25T12:15:11.122-0300] {taskinstance.py:2076} INFO - Dependencies all met for dep_context=non-requeueable deps ti=<TaskInstance: Mercado_5m.get_5m_info scheduled__2024-07-25T15:10:00+00:00 [queued]>
[2024-07-25T12:15:11.126-0300] {taskinstance.py:2076} INFO - Dependencies all met for dep_context=requeueable deps ti=<TaskInstance: Mercado_5m.get_5m_info scheduled__2024-07-25T15:10:00+00:00 [queued]>
[2024-07-25T12:15:11.126-0300] {taskinstance.py:2306} INFO - Starting attempt 1 of 1
[2024-07-25T12:15:11.145-0300] {taskinstance.py:2330} INFO - Executing <Task(PythonOperator): get_5m_info> on 2024-07-25 15:10:00+00:00
[2024-07-25T12:15:11.147-0300] {standard_task_runner.py:64} INFO - Started process 2525070 to run task
[2024-07-25T12:15:11.149-0300] {standard_task_runner.py:90} INFO - Running: ['airflow', 'tasks', 'run', 'Mercado_5m', 'get_5m_info', 'scheduled__2024-07-25T15:10:00+00:00', '--job-id', '2053', '--raw', '--subdir', 'DAGS_FOLDER/mercado_dag.py', '--cfg-path', '/tmp/tmpbg6gxfge']
[2024-07-25T12:15:11.150-0300] {standard_task_runner.py:91} INFO - Job 2053: Subtask get_5m_info
[2024-07-25T12:15:11.181-0300] {task_command.py:426} INFO - Running <TaskInstance: Mercado_5m.get_5m_info scheduled__2024-07-25T15:10:00+00:00 [running]> on host Galaxybook.
[2024-07-25T12:15:11.229-0300] {taskinstance.py:2648} INFO - Exporting env vars: AIRFLOW_CTX_DAG_OWNER='airflow' AIRFLOW_CTX_DAG_ID='Mercado_5m' AIRFLOW_CTX_TASK_ID='get_5m_info' AIRFLOW_CTX_EXECUTION_DATE='2024-07-25T15:10:00+00:00' AIRFLOW_CTX_TRY_NUMBER='1' AIRFLOW_CTX_DAG_RUN_ID='scheduled__2024-07-25T15:10:00+00:00'
[2024-07-25T12:15:11.230-0300] {taskinstance.py:430} INFO - ::endgroup::
[2024-07-25T12:15:11.299-0300] {base.py:84} INFO - Using connection ID 'mercado_default' for task execution.
[2024-07-25T12:15:11.300-0300] {mercado_hook.py:31} INFO - URL: https://api.mercadobitcoin.net/api/v4/candles?symbol=BTC-BRL&resolution=5m&to=1721920511&from=1721920211
[2024-07-25T12:15:12.653-0300] {python.py:237} INFO - Done. Returned value was: None
[2024-07-25T12:15:12.654-0300] {taskinstance.py:441} INFO - ::group::Post task execution logs
[2024-07-25T12:15:12.657-0300] {taskinstance.py:1206} INFO - Marking task as SUCCESS. dag_id=Mercado_5m, task_id=get_5m_info, run_id=scheduled__2024-07-25T15:10:00+00:00, execution_date=20240725T151000, start_date=20240725T151511, end_date=20240725T151512
[2024-07-25T12:15:12.712-0300] {local_task_job_runner.py:243} INFO - Task exited with return code 0
[2024-07-25T12:15:12.718-0300] {taskinstance.py:3503} INFO - 0 downstream tasks scheduled from follow-on schedule check
[2024-07-25T12:15:12.718-0300] {local_task_job_runner.py:222} INFO - ::endgroup::
[2024-07-25T15:01:23.063-0300] {local_task_job_runner.py:120} INFO - ::group::Pre task execution logs
[2024-07-25T15:01:23.068-0300] {taskinstance.py:2076} INFO - Dependencies all met for dep_context=non-requeueable deps ti=<TaskInstance: Mercado_5m.get_5m_info scheduled__2024-07-25T15:10:00+00:00 [queued]>
[2024-07-25T15:01:23.071-0300] {taskinstance.py:2076} INFO - Dependencies all met for dep_context=requeueable deps ti=<TaskInstance: Mercado_5m.get_5m_info scheduled__2024-07-25T15:10:00+00:00 [queued]>
[2024-07-25T15:01:23.072-0300] {taskinstance.py:2306} INFO - Starting attempt 1 of 1
[2024-07-25T15:01:23.083-0300] {taskinstance.py:2330} INFO - Executing <Task(PythonOperator): get_5m_info> on 2024-07-25 15:10:00+00:00
[2024-07-25T15:01:23.084-0300] {standard_task_runner.py:64} INFO - Started process 2620793 to run task
[2024-07-25T15:01:23.087-0300] {standard_task_runner.py:90} INFO - Running: ['airflow', 'tasks', 'run', 'Mercado_5m', 'get_5m_info', 'scheduled__2024-07-25T15:10:00+00:00', '--job-id', '2494', '--raw', '--subdir', 'DAGS_FOLDER/mercado_dag.py', '--cfg-path', '/tmp/tmpblol56et']
[2024-07-25T15:01:23.087-0300] {standard_task_runner.py:91} INFO - Job 2494: Subtask get_5m_info
[2024-07-25T15:01:23.114-0300] {task_command.py:426} INFO - Running <TaskInstance: Mercado_5m.get_5m_info scheduled__2024-07-25T15:10:00+00:00 [running]> on host Galaxybook.
[2024-07-25T15:01:23.175-0300] {taskinstance.py:2648} INFO - Exporting env vars: AIRFLOW_CTX_DAG_OWNER='airflow' AIRFLOW_CTX_DAG_ID='Mercado_5m' AIRFLOW_CTX_TASK_ID='get_5m_info' AIRFLOW_CTX_EXECUTION_DATE='2024-07-25T15:10:00+00:00' AIRFLOW_CTX_TRY_NUMBER='1' AIRFLOW_CTX_DAG_RUN_ID='scheduled__2024-07-25T15:10:00+00:00'
[2024-07-25T15:01:23.176-0300] {taskinstance.py:430} INFO - ::endgroup::
[2024-07-25T15:01:23.248-0300] {base.py:84} INFO - Using connection ID 'mercado_default' for task execution.
[2024-07-25T15:01:23.248-0300] {mercado_hook.py:31} INFO - URL: https://api.mercadobitcoin.net/api/v4/candles?symbol=BTC-BRL&resolution=5m&to=1721931300&from=1721931000
[2024-07-25T15:01:23.574-0300] {python.py:237} INFO - Done. Returned value was: None
[2024-07-25T15:01:23.575-0300] {taskinstance.py:441} INFO - ::group::Post task execution logs
[2024-07-25T15:01:23.577-0300] {taskinstance.py:1206} INFO - Marking task as SUCCESS. dag_id=Mercado_5m, task_id=get_5m_info, run_id=scheduled__2024-07-25T15:10:00+00:00, execution_date=20240725T151000, start_date=20240725T180123, end_date=20240725T180123
[2024-07-25T15:01:23.631-0300] {local_task_job_runner.py:243} INFO - Task exited with return code 0
[2024-07-25T15:01:23.639-0300] {taskinstance.py:3503} INFO - 0 downstream tasks scheduled from follow-on schedule check
[2024-07-25T15:01:23.639-0300] {local_task_job_runner.py:222} INFO - ::endgroup::
