[2024-07-25T09:58:32.123-0300] {local_task_job_runner.py:120} INFO - ::group::Pre task execution logs
[2024-07-25T09:58:32.128-0300] {taskinstance.py:2076} INFO - Dependencies all met for dep_context=non-requeueable deps ti=<TaskInstance: Mercado_1m.get_1m_info scheduled__2024-07-25T11:08:00+00:00 [queued]>
[2024-07-25T09:58:32.131-0300] {taskinstance.py:2076} INFO - Dependencies all met for dep_context=requeueable deps ti=<TaskInstance: Mercado_1m.get_1m_info scheduled__2024-07-25T11:08:00+00:00 [queued]>
[2024-07-25T09:58:32.131-0300] {taskinstance.py:2306} INFO - Starting attempt 1 of 1
[2024-07-25T09:58:32.144-0300] {taskinstance.py:2330} INFO - Executing <Task(PythonOperator): get_1m_info> on 2024-07-25 11:08:00+00:00
[2024-07-25T09:58:32.146-0300] {standard_task_runner.py:64} INFO - Started process 2443575 to run task
[2024-07-25T09:58:32.148-0300] {standard_task_runner.py:90} INFO - Running: ['airflow', 'tasks', 'run', 'Mercado_1m', 'get_1m_info', 'scheduled__2024-07-25T11:08:00+00:00', '--job-id', '1904', '--raw', '--subdir', 'DAGS_FOLDER/mercado_dag.py', '--cfg-path', '/tmp/tmpsn7yddft']
[2024-07-25T09:58:32.150-0300] {standard_task_runner.py:91} INFO - Job 1904: Subtask get_1m_info
[2024-07-25T09:58:32.181-0300] {task_command.py:426} INFO - Running <TaskInstance: Mercado_1m.get_1m_info scheduled__2024-07-25T11:08:00+00:00 [running]> on host Galaxybook.
[2024-07-25T09:58:32.237-0300] {taskinstance.py:2648} INFO - Exporting env vars: AIRFLOW_CTX_DAG_OWNER='airflow' AIRFLOW_CTX_DAG_ID='Mercado_1m' AIRFLOW_CTX_TASK_ID='get_1m_info' AIRFLOW_CTX_EXECUTION_DATE='2024-07-25T11:08:00+00:00' AIRFLOW_CTX_TRY_NUMBER='1' AIRFLOW_CTX_DAG_RUN_ID='scheduled__2024-07-25T11:08:00+00:00'
[2024-07-25T09:58:32.238-0300] {taskinstance.py:430} INFO - ::endgroup::
[2024-07-25T09:58:32.306-0300] {base.py:84} INFO - Using connection ID 'mercado_default' for task execution.
[2024-07-25T09:58:32.306-0300] {mercado_hook.py:26} INFO - BASE URL: https://api.mercadobitcoin.net/api/v4
[2024-07-25T09:58:32.306-0300] {mercado_hook.py:32} INFO - URL: https://api.mercadobitcoin.net/api/v4/candles?symbol=BTC-BRL&resolution=1m&to=1721912252&from=1721912312
[2024-07-25T09:58:32.578-0300] {python.py:237} INFO - Done. Returned value was: None
[2024-07-25T09:58:32.579-0300] {taskinstance.py:441} INFO - ::group::Post task execution logs
[2024-07-25T09:58:32.581-0300] {taskinstance.py:1206} INFO - Marking task as SUCCESS. dag_id=Mercado_1m, task_id=get_1m_info, run_id=scheduled__2024-07-25T11:08:00+00:00, execution_date=20240725T110800, start_date=20240725T125832, end_date=20240725T125832
[2024-07-25T09:58:32.608-0300] {local_task_job_runner.py:243} INFO - Task exited with return code 0
[2024-07-25T09:58:32.615-0300] {taskinstance.py:3503} INFO - 0 downstream tasks scheduled from follow-on schedule check
[2024-07-25T09:58:32.615-0300] {local_task_job_runner.py:222} INFO - ::endgroup::
[2024-07-25T10:58:11.606-0300] {local_task_job_runner.py:120} INFO - ::group::Pre task execution logs
[2024-07-25T10:58:11.612-0300] {taskinstance.py:2076} INFO - Dependencies all met for dep_context=non-requeueable deps ti=<TaskInstance: Mercado_1m.get_1m_info scheduled__2024-07-25T11:08:00+00:00 [queued]>
[2024-07-25T10:58:11.615-0300] {taskinstance.py:2076} INFO - Dependencies all met for dep_context=requeueable deps ti=<TaskInstance: Mercado_1m.get_1m_info scheduled__2024-07-25T11:08:00+00:00 [queued]>
[2024-07-25T10:58:11.616-0300] {taskinstance.py:2306} INFO - Starting attempt 1 of 1
[2024-07-25T10:58:11.630-0300] {taskinstance.py:2330} INFO - Executing <Task(PythonOperator): get_1m_info> on 2024-07-25 11:08:00+00:00
[2024-07-25T10:58:11.631-0300] {standard_task_runner.py:64} INFO - Started process 2479879 to run task
[2024-07-25T10:58:11.633-0300] {standard_task_runner.py:90} INFO - Running: ['airflow', 'tasks', 'run', 'Mercado_1m', 'get_1m_info', 'scheduled__2024-07-25T11:08:00+00:00', '--job-id', '1842', '--raw', '--subdir', 'DAGS_FOLDER/mercado_dag.py', '--cfg-path', '/tmp/tmpl5i3p5gw']
[2024-07-25T10:58:11.634-0300] {standard_task_runner.py:91} INFO - Job 1842: Subtask get_1m_info
[2024-07-25T10:58:11.663-0300] {task_command.py:426} INFO - Running <TaskInstance: Mercado_1m.get_1m_info scheduled__2024-07-25T11:08:00+00:00 [running]> on host Galaxybook.
[2024-07-25T10:58:11.724-0300] {taskinstance.py:2648} INFO - Exporting env vars: AIRFLOW_CTX_DAG_OWNER='airflow' AIRFLOW_CTX_DAG_ID='Mercado_1m' AIRFLOW_CTX_TASK_ID='get_1m_info' AIRFLOW_CTX_EXECUTION_DATE='2024-07-25T11:08:00+00:00' AIRFLOW_CTX_TRY_NUMBER='1' AIRFLOW_CTX_DAG_RUN_ID='scheduled__2024-07-25T11:08:00+00:00'
[2024-07-25T10:58:11.724-0300] {taskinstance.py:430} INFO - ::endgroup::
[2024-07-25T10:58:11.801-0300] {base.py:84} INFO - Using connection ID 'mercado_default' for task execution.
[2024-07-25T10:58:11.802-0300] {mercado_hook.py:31} INFO - URL: https://api.mercadobitcoin.net/api/v4/candles?symbol=BTC-BRL&resolution=1m&to=1721915891732&countback=1
[2024-07-25T10:58:12.088-0300] {python.py:237} INFO - Done. Returned value was: None
[2024-07-25T10:58:12.089-0300] {taskinstance.py:441} INFO - ::group::Post task execution logs
[2024-07-25T10:58:12.091-0300] {taskinstance.py:1206} INFO - Marking task as SUCCESS. dag_id=Mercado_1m, task_id=get_1m_info, run_id=scheduled__2024-07-25T11:08:00+00:00, execution_date=20240725T110800, start_date=20240725T135811, end_date=20240725T135812
[2024-07-25T10:58:12.135-0300] {local_task_job_runner.py:243} INFO - Task exited with return code 0
[2024-07-25T10:58:12.143-0300] {taskinstance.py:3503} INFO - 0 downstream tasks scheduled from follow-on schedule check
[2024-07-25T10:58:12.143-0300] {local_task_job_runner.py:222} INFO - ::endgroup::
