[2024-07-25T10:00:58.587-0300] {local_task_job_runner.py:120} INFO - ::group::Pre task execution logs
[2024-07-25T10:00:58.595-0300] {taskinstance.py:2076} INFO - Dependencies all met for dep_context=non-requeueable deps ti=<TaskInstance: Mercado_1m.get_1m_info scheduled__2024-07-25T12:07:00+00:00 [queued]>
[2024-07-25T10:00:58.599-0300] {taskinstance.py:2076} INFO - Dependencies all met for dep_context=requeueable deps ti=<TaskInstance: Mercado_1m.get_1m_info scheduled__2024-07-25T12:07:00+00:00 [queued]>
[2024-07-25T10:00:58.599-0300] {taskinstance.py:2306} INFO - Starting attempt 1 of 1
[2024-07-25T10:00:58.615-0300] {taskinstance.py:2330} INFO - Executing <Task(PythonOperator): get_1m_info> on 2024-07-25 12:07:00+00:00
[2024-07-25T10:00:58.617-0300] {standard_task_runner.py:64} INFO - Started process 2446055 to run task
[2024-07-25T10:00:58.619-0300] {standard_task_runner.py:90} INFO - Running: ['airflow', 'tasks', 'run', 'Mercado_1m', 'get_1m_info', 'scheduled__2024-07-25T12:07:00+00:00', '--job-id', '1966', '--raw', '--subdir', 'DAGS_FOLDER/mercado_dag.py', '--cfg-path', '/tmp/tmpgcsmeopy']
[2024-07-25T10:00:58.620-0300] {standard_task_runner.py:91} INFO - Job 1966: Subtask get_1m_info
[2024-07-25T10:00:58.651-0300] {task_command.py:426} INFO - Running <TaskInstance: Mercado_1m.get_1m_info scheduled__2024-07-25T12:07:00+00:00 [running]> on host Galaxybook.
[2024-07-25T10:00:58.710-0300] {taskinstance.py:2648} INFO - Exporting env vars: AIRFLOW_CTX_DAG_OWNER='airflow' AIRFLOW_CTX_DAG_ID='Mercado_1m' AIRFLOW_CTX_TASK_ID='get_1m_info' AIRFLOW_CTX_EXECUTION_DATE='2024-07-25T12:07:00+00:00' AIRFLOW_CTX_TRY_NUMBER='1' AIRFLOW_CTX_DAG_RUN_ID='scheduled__2024-07-25T12:07:00+00:00'
[2024-07-25T10:00:58.711-0300] {taskinstance.py:430} INFO - ::endgroup::
[2024-07-25T10:00:58.788-0300] {base.py:84} INFO - Using connection ID 'mercado_default' for task execution.
[2024-07-25T10:00:58.788-0300] {mercado_hook.py:26} INFO - BASE URL: https://api.mercadobitcoin.net/api/v4
[2024-07-25T10:00:58.788-0300] {mercado_hook.py:32} INFO - URL: https://api.mercadobitcoin.net/api/v4/candles?symbol=BTC-BRL&resolution=1m&to=1721912398719&from=1721912458719
[2024-07-25T10:00:59.062-0300] {python.py:237} INFO - Done. Returned value was: None
[2024-07-25T10:00:59.062-0300] {taskinstance.py:441} INFO - ::group::Post task execution logs
[2024-07-25T10:00:59.065-0300] {taskinstance.py:1206} INFO - Marking task as SUCCESS. dag_id=Mercado_1m, task_id=get_1m_info, run_id=scheduled__2024-07-25T12:07:00+00:00, execution_date=20240725T120700, start_date=20240725T130058, end_date=20240725T130059
[2024-07-25T10:00:59.118-0300] {local_task_job_runner.py:243} INFO - Task exited with return code 0
[2024-07-25T10:00:59.127-0300] {taskinstance.py:3503} INFO - 0 downstream tasks scheduled from follow-on schedule check
[2024-07-25T10:00:59.127-0300] {local_task_job_runner.py:222} INFO - ::endgroup::
[2024-07-25T11:00:31.429-0300] {local_task_job_runner.py:120} INFO - ::group::Pre task execution logs
[2024-07-25T11:00:31.435-0300] {taskinstance.py:2076} INFO - Dependencies all met for dep_context=non-requeueable deps ti=<TaskInstance: Mercado_1m.get_1m_info scheduled__2024-07-25T12:07:00+00:00 [queued]>
[2024-07-25T11:00:31.438-0300] {taskinstance.py:2076} INFO - Dependencies all met for dep_context=requeueable deps ti=<TaskInstance: Mercado_1m.get_1m_info scheduled__2024-07-25T12:07:00+00:00 [queued]>
[2024-07-25T11:00:31.438-0300] {taskinstance.py:2306} INFO - Starting attempt 1 of 1
[2024-07-25T11:00:31.451-0300] {taskinstance.py:2330} INFO - Executing <Task(PythonOperator): get_1m_info> on 2024-07-25 12:07:00+00:00
[2024-07-25T11:00:31.453-0300] {standard_task_runner.py:64} INFO - Started process 2482249 to run task
[2024-07-25T11:00:31.455-0300] {standard_task_runner.py:90} INFO - Running: ['airflow', 'tasks', 'run', 'Mercado_1m', 'get_1m_info', 'scheduled__2024-07-25T12:07:00+00:00', '--job-id', '1905', '--raw', '--subdir', 'DAGS_FOLDER/mercado_dag.py', '--cfg-path', '/tmp/tmpg1hpjt47']
[2024-07-25T11:00:31.457-0300] {standard_task_runner.py:91} INFO - Job 1905: Subtask get_1m_info
[2024-07-25T11:00:31.485-0300] {task_command.py:426} INFO - Running <TaskInstance: Mercado_1m.get_1m_info scheduled__2024-07-25T12:07:00+00:00 [running]> on host Galaxybook.
[2024-07-25T11:00:31.542-0300] {taskinstance.py:2648} INFO - Exporting env vars: AIRFLOW_CTX_DAG_OWNER='airflow' AIRFLOW_CTX_DAG_ID='Mercado_1m' AIRFLOW_CTX_TASK_ID='get_1m_info' AIRFLOW_CTX_EXECUTION_DATE='2024-07-25T12:07:00+00:00' AIRFLOW_CTX_TRY_NUMBER='1' AIRFLOW_CTX_DAG_RUN_ID='scheduled__2024-07-25T12:07:00+00:00'
[2024-07-25T11:00:31.542-0300] {taskinstance.py:430} INFO - ::endgroup::
[2024-07-25T11:00:31.613-0300] {base.py:84} INFO - Using connection ID 'mercado_default' for task execution.
[2024-07-25T11:00:31.614-0300] {mercado_hook.py:31} INFO - URL: https://api.mercadobitcoin.net/api/v4/candles?symbol=BTC-BRL&resolution=1m&to=1721916031550&countback=1
[2024-07-25T11:00:31.894-0300] {python.py:237} INFO - Done. Returned value was: None
[2024-07-25T11:00:31.895-0300] {taskinstance.py:441} INFO - ::group::Post task execution logs
[2024-07-25T11:00:31.897-0300] {taskinstance.py:1206} INFO - Marking task as SUCCESS. dag_id=Mercado_1m, task_id=get_1m_info, run_id=scheduled__2024-07-25T12:07:00+00:00, execution_date=20240725T120700, start_date=20240725T140031, end_date=20240725T140031
[2024-07-25T11:00:31.956-0300] {local_task_job_runner.py:243} INFO - Task exited with return code 0
[2024-07-25T11:00:31.963-0300] {taskinstance.py:3503} INFO - 0 downstream tasks scheduled from follow-on schedule check
[2024-07-25T11:00:31.964-0300] {local_task_job_runner.py:222} INFO - ::endgroup::
