[2024-07-25T10:01:05.459-0300] {local_task_job_runner.py:120} INFO - ::group::Pre task execution logs
[2024-07-25T10:01:05.470-0300] {taskinstance.py:2076} INFO - Dependencies all met for dep_context=non-requeueable deps ti=<TaskInstance: Mercado_1m.get_1m_info scheduled__2024-07-25T12:10:00+00:00 [queued]>
[2024-07-25T10:01:05.476-0300] {taskinstance.py:2076} INFO - Dependencies all met for dep_context=requeueable deps ti=<TaskInstance: Mercado_1m.get_1m_info scheduled__2024-07-25T12:10:00+00:00 [queued]>
[2024-07-25T10:01:05.476-0300] {taskinstance.py:2306} INFO - Starting attempt 1 of 1
[2024-07-25T10:01:05.494-0300] {taskinstance.py:2330} INFO - Executing <Task(PythonOperator): get_1m_info> on 2024-07-25 12:10:00+00:00
[2024-07-25T10:01:05.497-0300] {standard_task_runner.py:64} INFO - Started process 2446178 to run task
[2024-07-25T10:01:05.499-0300] {standard_task_runner.py:90} INFO - Running: ['airflow', 'tasks', 'run', 'Mercado_1m', 'get_1m_info', 'scheduled__2024-07-25T12:10:00+00:00', '--job-id', '1970', '--raw', '--subdir', 'DAGS_FOLDER/mercado_dag.py', '--cfg-path', '/tmp/tmpsv6nt_68']
[2024-07-25T10:01:05.500-0300] {standard_task_runner.py:91} INFO - Job 1970: Subtask get_1m_info
[2024-07-25T10:01:05.536-0300] {task_command.py:426} INFO - Running <TaskInstance: Mercado_1m.get_1m_info scheduled__2024-07-25T12:10:00+00:00 [running]> on host Galaxybook.
[2024-07-25T10:01:05.623-0300] {taskinstance.py:2648} INFO - Exporting env vars: AIRFLOW_CTX_DAG_OWNER='airflow' AIRFLOW_CTX_DAG_ID='Mercado_1m' AIRFLOW_CTX_TASK_ID='get_1m_info' AIRFLOW_CTX_EXECUTION_DATE='2024-07-25T12:10:00+00:00' AIRFLOW_CTX_TRY_NUMBER='1' AIRFLOW_CTX_DAG_RUN_ID='scheduled__2024-07-25T12:10:00+00:00'
[2024-07-25T10:01:05.623-0300] {taskinstance.py:430} INFO - ::endgroup::
[2024-07-25T10:01:05.702-0300] {base.py:84} INFO - Using connection ID 'mercado_default' for task execution.
[2024-07-25T10:01:05.702-0300] {mercado_hook.py:26} INFO - BASE URL: https://api.mercadobitcoin.net/api/v4
[2024-07-25T10:01:05.703-0300] {mercado_hook.py:32} INFO - URL: https://api.mercadobitcoin.net/api/v4/candles?symbol=BTC-BRL&resolution=1m&to=1721912405633&from=1721912465633
[2024-07-25T10:01:05.992-0300] {python.py:237} INFO - Done. Returned value was: None
[2024-07-25T10:01:05.993-0300] {taskinstance.py:441} INFO - ::group::Post task execution logs
[2024-07-25T10:01:05.995-0300] {taskinstance.py:1206} INFO - Marking task as SUCCESS. dag_id=Mercado_1m, task_id=get_1m_info, run_id=scheduled__2024-07-25T12:10:00+00:00, execution_date=20240725T121000, start_date=20240725T130105, end_date=20240725T130105
[2024-07-25T10:01:06.038-0300] {local_task_job_runner.py:243} INFO - Task exited with return code 0
[2024-07-25T10:01:06.045-0300] {taskinstance.py:3503} INFO - 0 downstream tasks scheduled from follow-on schedule check
[2024-07-25T10:01:06.045-0300] {local_task_job_runner.py:222} INFO - ::endgroup::
[2024-07-25T11:00:37.661-0300] {local_task_job_runner.py:120} INFO - ::group::Pre task execution logs
[2024-07-25T11:00:37.668-0300] {taskinstance.py:2076} INFO - Dependencies all met for dep_context=non-requeueable deps ti=<TaskInstance: Mercado_1m.get_1m_info scheduled__2024-07-25T12:10:00+00:00 [queued]>
[2024-07-25T11:00:37.674-0300] {taskinstance.py:2076} INFO - Dependencies all met for dep_context=requeueable deps ti=<TaskInstance: Mercado_1m.get_1m_info scheduled__2024-07-25T12:10:00+00:00 [queued]>
[2024-07-25T11:00:37.674-0300] {taskinstance.py:2306} INFO - Starting attempt 1 of 1
[2024-07-25T11:00:37.687-0300] {taskinstance.py:2330} INFO - Executing <Task(PythonOperator): get_1m_info> on 2024-07-25 12:10:00+00:00
[2024-07-25T11:00:37.689-0300] {standard_task_runner.py:64} INFO - Started process 2482361 to run task
[2024-07-25T11:00:37.691-0300] {standard_task_runner.py:90} INFO - Running: ['airflow', 'tasks', 'run', 'Mercado_1m', 'get_1m_info', 'scheduled__2024-07-25T12:10:00+00:00', '--job-id', '1908', '--raw', '--subdir', 'DAGS_FOLDER/mercado_dag.py', '--cfg-path', '/tmp/tmper6pzjc2']
[2024-07-25T11:00:37.692-0300] {standard_task_runner.py:91} INFO - Job 1908: Subtask get_1m_info
[2024-07-25T11:00:37.718-0300] {task_command.py:426} INFO - Running <TaskInstance: Mercado_1m.get_1m_info scheduled__2024-07-25T12:10:00+00:00 [running]> on host Galaxybook.
[2024-07-25T11:00:37.773-0300] {taskinstance.py:2648} INFO - Exporting env vars: AIRFLOW_CTX_DAG_OWNER='airflow' AIRFLOW_CTX_DAG_ID='Mercado_1m' AIRFLOW_CTX_TASK_ID='get_1m_info' AIRFLOW_CTX_EXECUTION_DATE='2024-07-25T12:10:00+00:00' AIRFLOW_CTX_TRY_NUMBER='1' AIRFLOW_CTX_DAG_RUN_ID='scheduled__2024-07-25T12:10:00+00:00'
[2024-07-25T11:00:37.774-0300] {taskinstance.py:430} INFO - ::endgroup::
[2024-07-25T11:00:37.853-0300] {base.py:84} INFO - Using connection ID 'mercado_default' for task execution.
[2024-07-25T11:00:37.853-0300] {mercado_hook.py:31} INFO - URL: https://api.mercadobitcoin.net/api/v4/candles?symbol=BTC-BRL&resolution=1m&to=1721916037783&countback=1
[2024-07-25T11:00:38.139-0300] {python.py:237} INFO - Done. Returned value was: None
[2024-07-25T11:00:38.140-0300] {taskinstance.py:441} INFO - ::group::Post task execution logs
[2024-07-25T11:00:38.142-0300] {taskinstance.py:1206} INFO - Marking task as SUCCESS. dag_id=Mercado_1m, task_id=get_1m_info, run_id=scheduled__2024-07-25T12:10:00+00:00, execution_date=20240725T121000, start_date=20240725T140037, end_date=20240725T140038
[2024-07-25T11:00:38.192-0300] {local_task_job_runner.py:243} INFO - Task exited with return code 0
[2024-07-25T11:00:38.198-0300] {taskinstance.py:3503} INFO - 0 downstream tasks scheduled from follow-on schedule check
[2024-07-25T11:00:38.198-0300] {local_task_job_runner.py:222} INFO - ::endgroup::
