[2024-07-25T12:50:03.625-0300] {local_task_job_runner.py:120} INFO - ::group::Pre task execution logs
[2024-07-25T12:50:03.630-0300] {taskinstance.py:2076} INFO - Dependencies all met for dep_context=non-requeueable deps ti=<TaskInstance: Binance_5m.get_5m_info scheduled__2024-07-25T15:45:00+00:00 [queued]>
[2024-07-25T12:50:03.633-0300] {taskinstance.py:2076} INFO - Dependencies all met for dep_context=requeueable deps ti=<TaskInstance: Binance_5m.get_5m_info scheduled__2024-07-25T15:45:00+00:00 [queued]>
[2024-07-25T12:50:03.633-0300] {taskinstance.py:2306} INFO - Starting attempt 1 of 1
[2024-07-25T12:50:03.646-0300] {taskinstance.py:2330} INFO - Executing <Task(PythonOperator): get_5m_info> on 2024-07-25 15:45:00+00:00
[2024-07-25T12:50:03.648-0300] {standard_task_runner.py:64} INFO - Started process 2542985 to run task
[2024-07-25T12:50:03.649-0300] {standard_task_runner.py:90} INFO - Running: ['airflow', 'tasks', 'run', 'Binance_5m', 'get_5m_info', 'scheduled__2024-07-25T15:45:00+00:00', '--job-id', '2070', '--raw', '--subdir', 'DAGS_FOLDER/binance_dag.py', '--cfg-path', '/tmp/tmp5m23p8g0']
[2024-07-25T12:50:03.650-0300] {standard_task_runner.py:91} INFO - Job 2070: Subtask get_5m_info
[2024-07-25T12:50:03.676-0300] {task_command.py:426} INFO - Running <TaskInstance: Binance_5m.get_5m_info scheduled__2024-07-25T15:45:00+00:00 [running]> on host Galaxybook.
[2024-07-25T12:50:03.725-0300] {taskinstance.py:2648} INFO - Exporting env vars: AIRFLOW_CTX_DAG_OWNER='airflow' AIRFLOW_CTX_DAG_ID='Binance_5m' AIRFLOW_CTX_TASK_ID='get_5m_info' AIRFLOW_CTX_EXECUTION_DATE='2024-07-25T15:45:00+00:00' AIRFLOW_CTX_TRY_NUMBER='1' AIRFLOW_CTX_DAG_RUN_ID='scheduled__2024-07-25T15:45:00+00:00'
[2024-07-25T12:50:03.725-0300] {taskinstance.py:430} INFO - ::endgroup::
[2024-07-25T12:50:03.732-0300] {taskinstance.py:441} INFO - ::group::Post task execution logs
[2024-07-25T12:50:03.732-0300] {taskinstance.py:2905} ERROR - Task failed with exception
Traceback (most recent call last):
  File "/home/hugoviana/Documentos/data_pipeline_airflow/.venv/lib/python3.12/site-packages/airflow/models/taskinstance.py", line 465, in _execute_task
    result = _execute_callable(context=context, **execute_callable_kwargs)
             ^^^^^^^^^^^^^^^^^^^^^^^^^^^^^^^^^^^^^^^^^^^^^^^^^^^^^^^^^^^^^
  File "/home/hugoviana/Documentos/data_pipeline_airflow/.venv/lib/python3.12/site-packages/airflow/models/taskinstance.py", line 432, in _execute_callable
    return execute_callable(context=context, **execute_callable_kwargs)
           ^^^^^^^^^^^^^^^^^^^^^^^^^^^^^^^^^^^^^^^^^^^^^^^^^^^^^^^^^^^^
  File "/home/hugoviana/Documentos/data_pipeline_airflow/.venv/lib/python3.12/site-packages/airflow/models/baseoperator.py", line 401, in wrapper
    return func(self, *args, **kwargs)
           ^^^^^^^^^^^^^^^^^^^^^^^^^^^
  File "/home/hugoviana/Documentos/data_pipeline_airflow/.venv/lib/python3.12/site-packages/airflow/operators/python.py", line 233, in execute
    self.op_kwargs = self.determine_kwargs(context)
                     ^^^^^^^^^^^^^^^^^^^^^^^^^^^^^^
  File "/home/hugoviana/Documentos/data_pipeline_airflow/.venv/lib/python3.12/site-packages/airflow/operators/python.py", line 244, in determine_kwargs
    return KeywordParameters.determine(self.python_callable, self.op_args, context).unpacking()
           ^^^^^^^^^^^^^^^^^^^^^^^^^^^^^^^^^^^^^^^^^^^^^^^^^^^^^^^^^^^^^^^^^^^^^^^^
  File "/home/hugoviana/Documentos/data_pipeline_airflow/.venv/lib/python3.12/site-packages/airflow/utils/operator_helpers.py", line 163, in determine
    raise ValueError(f"The key {name!r} in args is a part of kwargs and therefore reserved.")
ValueError: The key 'data_interval_end' in args is a part of kwargs and therefore reserved.
[2024-07-25T12:50:03.811-0300] {taskinstance.py:1206} INFO - Marking task as FAILED. dag_id=Binance_5m, task_id=get_5m_info, run_id=scheduled__2024-07-25T15:45:00+00:00, execution_date=20240725T154500, start_date=20240725T155003, end_date=20240725T155003
[2024-07-25T12:50:03.823-0300] {standard_task_runner.py:110} ERROR - Failed to execute job 2070 for task get_5m_info (The key 'data_interval_end' in args is a part of kwargs and therefore reserved.; 2542985)
[2024-07-25T12:50:03.828-0300] {local_task_job_runner.py:243} INFO - Task exited with return code 1
[2024-07-25T12:50:03.838-0300] {taskinstance.py:3503} INFO - 0 downstream tasks scheduled from follow-on schedule check
[2024-07-25T12:50:03.839-0300] {local_task_job_runner.py:222} INFO - ::endgroup::
[2024-07-25T14:29:37.590-0300] {local_task_job_runner.py:120} INFO - ::group::Pre task execution logs
[2024-07-25T14:29:37.596-0300] {taskinstance.py:2076} INFO - Dependencies all met for dep_context=non-requeueable deps ti=<TaskInstance: Binance_5m.get_5m_info scheduled__2024-07-25T15:45:00+00:00 [queued]>
[2024-07-25T14:29:37.599-0300] {taskinstance.py:2076} INFO - Dependencies all met for dep_context=requeueable deps ti=<TaskInstance: Binance_5m.get_5m_info scheduled__2024-07-25T15:45:00+00:00 [queued]>
[2024-07-25T14:29:37.599-0300] {taskinstance.py:2306} INFO - Starting attempt 1 of 1
[2024-07-25T14:29:37.614-0300] {taskinstance.py:2330} INFO - Executing <Task(PythonOperator): get_5m_info> on 2024-07-25 15:45:00+00:00
[2024-07-25T14:29:37.617-0300] {standard_task_runner.py:64} INFO - Started process 2592483 to run task
[2024-07-25T14:29:37.618-0300] {standard_task_runner.py:90} INFO - Running: ['airflow', 'tasks', 'run', 'Binance_5m', 'get_5m_info', 'scheduled__2024-07-25T15:45:00+00:00', '--job-id', '2162', '--raw', '--subdir', 'DAGS_FOLDER/binance_dag.py', '--cfg-path', '/tmp/tmpuucmtuyd']
[2024-07-25T14:29:37.619-0300] {standard_task_runner.py:91} INFO - Job 2162: Subtask get_5m_info
[2024-07-25T14:29:37.647-0300] {task_command.py:426} INFO - Running <TaskInstance: Binance_5m.get_5m_info scheduled__2024-07-25T15:45:00+00:00 [running]> on host Galaxybook.
[2024-07-25T14:29:37.704-0300] {taskinstance.py:2648} INFO - Exporting env vars: AIRFLOW_CTX_DAG_OWNER='airflow' AIRFLOW_CTX_DAG_ID='Binance_5m' AIRFLOW_CTX_TASK_ID='get_5m_info' AIRFLOW_CTX_EXECUTION_DATE='2024-07-25T15:45:00+00:00' AIRFLOW_CTX_TRY_NUMBER='1' AIRFLOW_CTX_DAG_RUN_ID='scheduled__2024-07-25T15:45:00+00:00'
[2024-07-25T14:29:37.705-0300] {taskinstance.py:430} INFO - ::endgroup::
[2024-07-25T14:29:37.714-0300] {binance_dag.py:23} INFO - End Time: 2024-07-25T15:50:00.00Z
[2024-07-25T14:29:37.790-0300] {base.py:84} INFO - Using connection ID 'binance_default' for task execution.
[2024-07-25T14:29:37.790-0300] {logging_mixin.py:188} INFO - https://api.binance.com
[2024-07-25T14:29:37.791-0300] {binance_hook.py:35} INFO - URL: https://api.binance.com/api/v3/klines?symbol=BTCBRL&interval=5m&startTime=1721933100000&endTime=1721933400000
[2024-07-25T14:29:38.185-0300] {python.py:237} INFO - Done. Returned value was: None
[2024-07-25T14:29:38.185-0300] {taskinstance.py:441} INFO - ::group::Post task execution logs
[2024-07-25T14:29:38.188-0300] {taskinstance.py:1206} INFO - Marking task as SUCCESS. dag_id=Binance_5m, task_id=get_5m_info, run_id=scheduled__2024-07-25T15:45:00+00:00, execution_date=20240725T154500, start_date=20240725T172937, end_date=20240725T172938
[2024-07-25T14:29:38.202-0300] {local_task_job_runner.py:243} INFO - Task exited with return code 0
[2024-07-25T14:29:38.207-0300] {taskinstance.py:3503} INFO - 0 downstream tasks scheduled from follow-on schedule check
[2024-07-25T14:29:38.208-0300] {local_task_job_runner.py:222} INFO - ::endgroup::
[2024-07-25T14:32:47.328-0300] {local_task_job_runner.py:120} INFO - ::group::Pre task execution logs
[2024-07-25T14:32:47.333-0300] {taskinstance.py:2076} INFO - Dependencies all met for dep_context=non-requeueable deps ti=<TaskInstance: Binance_5m.get_5m_info scheduled__2024-07-25T15:45:00+00:00 [queued]>
[2024-07-25T14:32:47.336-0300] {taskinstance.py:2076} INFO - Dependencies all met for dep_context=requeueable deps ti=<TaskInstance: Binance_5m.get_5m_info scheduled__2024-07-25T15:45:00+00:00 [queued]>
[2024-07-25T14:32:47.336-0300] {taskinstance.py:2306} INFO - Starting attempt 1 of 1
[2024-07-25T14:32:47.350-0300] {taskinstance.py:2330} INFO - Executing <Task(PythonOperator): get_5m_info> on 2024-07-25 15:45:00+00:00
[2024-07-25T14:32:47.351-0300] {standard_task_runner.py:64} INFO - Started process 2595643 to run task
[2024-07-25T14:32:47.354-0300] {standard_task_runner.py:90} INFO - Running: ['airflow', 'tasks', 'run', 'Binance_5m', 'get_5m_info', 'scheduled__2024-07-25T15:45:00+00:00', '--job-id', '2163', '--raw', '--subdir', 'DAGS_FOLDER/binance_dag.py', '--cfg-path', '/tmp/tmpo6taadox']
[2024-07-25T14:32:47.355-0300] {standard_task_runner.py:91} INFO - Job 2163: Subtask get_5m_info
[2024-07-25T14:32:47.379-0300] {task_command.py:426} INFO - Running <TaskInstance: Binance_5m.get_5m_info scheduled__2024-07-25T15:45:00+00:00 [running]> on host Galaxybook.
[2024-07-25T14:32:47.436-0300] {taskinstance.py:2648} INFO - Exporting env vars: AIRFLOW_CTX_DAG_OWNER='airflow' AIRFLOW_CTX_DAG_ID='Binance_5m' AIRFLOW_CTX_TASK_ID='get_5m_info' AIRFLOW_CTX_EXECUTION_DATE='2024-07-25T15:45:00+00:00' AIRFLOW_CTX_TRY_NUMBER='1' AIRFLOW_CTX_DAG_RUN_ID='scheduled__2024-07-25T15:45:00+00:00'
[2024-07-25T14:32:47.436-0300] {taskinstance.py:430} INFO - ::endgroup::
[2024-07-25T14:32:47.446-0300] {binance_dag.py:23} INFO - End Time: 2024-07-25T15:50:00.00Z
[2024-07-25T14:32:47.502-0300] {base.py:84} INFO - Using connection ID 'binance_default' for task execution.
[2024-07-25T14:32:47.502-0300] {logging_mixin.py:188} INFO - https://api.binance.com
[2024-07-25T14:32:47.502-0300] {binance_hook.py:35} INFO - URL: https://api.binance.com/api/v3/klines?symbol=BTCBRL&interval=5m&startTime=1721933100000&endTime=1721933400000
[2024-07-25T14:32:47.899-0300] {binance_dag.py:42} INFO - r: []
[2024-07-25T14:32:47.900-0300] {python.py:237} INFO - Done. Returned value was: None
[2024-07-25T14:32:47.901-0300] {taskinstance.py:441} INFO - ::group::Post task execution logs
[2024-07-25T14:32:47.904-0300] {taskinstance.py:1206} INFO - Marking task as SUCCESS. dag_id=Binance_5m, task_id=get_5m_info, run_id=scheduled__2024-07-25T15:45:00+00:00, execution_date=20240725T154500, start_date=20240725T173247, end_date=20240725T173247
[2024-07-25T14:32:47.934-0300] {local_task_job_runner.py:243} INFO - Task exited with return code 0
[2024-07-25T14:32:47.940-0300] {taskinstance.py:3503} INFO - 0 downstream tasks scheduled from follow-on schedule check
[2024-07-25T14:32:47.941-0300] {local_task_job_runner.py:222} INFO - ::endgroup::
[2024-07-25T14:54:02.526-0300] {local_task_job_runner.py:120} INFO - ::group::Pre task execution logs
[2024-07-25T14:54:02.534-0300] {taskinstance.py:2076} INFO - Dependencies all met for dep_context=non-requeueable deps ti=<TaskInstance: Binance_5m.get_5m_info scheduled__2024-07-25T15:45:00+00:00 [queued]>
[2024-07-25T14:54:02.540-0300] {taskinstance.py:2076} INFO - Dependencies all met for dep_context=requeueable deps ti=<TaskInstance: Binance_5m.get_5m_info scheduled__2024-07-25T15:45:00+00:00 [queued]>
[2024-07-25T14:54:02.540-0300] {taskinstance.py:2306} INFO - Starting attempt 1 of 1
[2024-07-25T14:54:02.563-0300] {taskinstance.py:2330} INFO - Executing <Task(PythonOperator): get_5m_info> on 2024-07-25 15:45:00+00:00
[2024-07-25T14:54:02.565-0300] {standard_task_runner.py:64} INFO - Started process 2613439 to run task
[2024-07-25T14:54:02.568-0300] {standard_task_runner.py:90} INFO - Running: ['airflow', 'tasks', 'run', 'Binance_5m', 'get_5m_info', 'scheduled__2024-07-25T15:45:00+00:00', '--job-id', '2281', '--raw', '--subdir', 'DAGS_FOLDER/binance_dag.py', '--cfg-path', '/tmp/tmp58s4q_yj']
[2024-07-25T14:54:02.569-0300] {standard_task_runner.py:91} INFO - Job 2281: Subtask get_5m_info
[2024-07-25T14:54:02.603-0300] {task_command.py:426} INFO - Running <TaskInstance: Binance_5m.get_5m_info scheduled__2024-07-25T15:45:00+00:00 [running]> on host Galaxybook.
[2024-07-25T14:54:02.686-0300] {taskinstance.py:2648} INFO - Exporting env vars: AIRFLOW_CTX_DAG_OWNER='airflow' AIRFLOW_CTX_DAG_ID='Binance_5m' AIRFLOW_CTX_TASK_ID='get_5m_info' AIRFLOW_CTX_EXECUTION_DATE='2024-07-25T15:45:00+00:00' AIRFLOW_CTX_TRY_NUMBER='1' AIRFLOW_CTX_DAG_RUN_ID='scheduled__2024-07-25T15:45:00+00:00'
[2024-07-25T14:54:02.686-0300] {taskinstance.py:430} INFO - ::endgroup::
[2024-07-25T14:54:02.695-0300] {binance_dag.py:23} INFO - End Time: 2024-07-25T15:50:00.00Z
[2024-07-25T14:54:02.696-0300] {binance_dag.py:24} INFO - Start Time: 2024-07-25T15:45:00.00Z
[2024-07-25T14:54:02.787-0300] {base.py:84} INFO - Using connection ID 'binance_default' for task execution.
[2024-07-25T14:54:02.788-0300] {logging_mixin.py:188} INFO - https://api.binance.com
[2024-07-25T14:54:02.788-0300] {binance_hook.py:35} INFO - URL: https://api.binance.com/api/v3/klines?symbol=BTCBRL&interval=5m&startTime=1721933100000&endTime=1721933399999
[2024-07-25T14:54:03.214-0300] {binance_dag.py:43} INFO - r: []
[2024-07-25T14:54:03.215-0300] {python.py:237} INFO - Done. Returned value was: None
[2024-07-25T14:54:03.216-0300] {taskinstance.py:441} INFO - ::group::Post task execution logs
[2024-07-25T14:54:03.218-0300] {taskinstance.py:1206} INFO - Marking task as SUCCESS. dag_id=Binance_5m, task_id=get_5m_info, run_id=scheduled__2024-07-25T15:45:00+00:00, execution_date=20240725T154500, start_date=20240725T175402, end_date=20240725T175403
[2024-07-25T14:54:03.269-0300] {local_task_job_runner.py:243} INFO - Task exited with return code 0
[2024-07-25T14:54:03.278-0300] {taskinstance.py:3503} INFO - 0 downstream tasks scheduled from follow-on schedule check
[2024-07-25T14:54:03.279-0300] {local_task_job_runner.py:222} INFO - ::endgroup::
[2024-07-25T15:23:50.851-0300] {local_task_job_runner.py:120} INFO - ::group::Pre task execution logs
[2024-07-25T15:23:50.857-0300] {taskinstance.py:2076} INFO - Dependencies all met for dep_context=non-requeueable deps ti=<TaskInstance: Binance_5m.get_5m_info scheduled__2024-07-25T15:45:00+00:00 [queued]>
[2024-07-25T15:23:50.861-0300] {taskinstance.py:2076} INFO - Dependencies all met for dep_context=requeueable deps ti=<TaskInstance: Binance_5m.get_5m_info scheduled__2024-07-25T15:45:00+00:00 [queued]>
[2024-07-25T15:23:50.861-0300] {taskinstance.py:2306} INFO - Starting attempt 1 of 1
[2024-07-25T15:23:50.874-0300] {taskinstance.py:2330} INFO - Executing <Task(PythonOperator): get_5m_info> on 2024-07-25 15:45:00+00:00
[2024-07-25T15:23:50.876-0300] {standard_task_runner.py:64} INFO - Started process 2635546 to run task
[2024-07-25T15:23:50.878-0300] {standard_task_runner.py:90} INFO - Running: ['airflow', 'tasks', 'run', 'Binance_5m', 'get_5m_info', 'scheduled__2024-07-25T15:45:00+00:00', '--job-id', '2724', '--raw', '--subdir', 'DAGS_FOLDER/binance_dag.py', '--cfg-path', '/tmp/tmpfyaaygm6']
[2024-07-25T15:23:50.879-0300] {standard_task_runner.py:91} INFO - Job 2724: Subtask get_5m_info
[2024-07-25T15:23:50.910-0300] {task_command.py:426} INFO - Running <TaskInstance: Binance_5m.get_5m_info scheduled__2024-07-25T15:45:00+00:00 [running]> on host Galaxybook.
[2024-07-25T15:23:50.963-0300] {taskinstance.py:2648} INFO - Exporting env vars: AIRFLOW_CTX_DAG_OWNER='airflow' AIRFLOW_CTX_DAG_ID='Binance_5m' AIRFLOW_CTX_TASK_ID='get_5m_info' AIRFLOW_CTX_EXECUTION_DATE='2024-07-25T15:45:00+00:00' AIRFLOW_CTX_TRY_NUMBER='1' AIRFLOW_CTX_DAG_RUN_ID='scheduled__2024-07-25T15:45:00+00:00'
[2024-07-25T15:23:50.964-0300] {taskinstance.py:430} INFO - ::endgroup::
[2024-07-25T15:23:50.974-0300] {binance_dag.py:23} INFO - End Time: 2024-07-25T15:50:00.00Z
[2024-07-25T15:23:50.974-0300] {binance_dag.py:24} INFO - Start Time: 2024-07-25T15:45:00.00Z
[2024-07-25T15:23:51.037-0300] {binance_dag.py:25} INFO - 1721933100000
[2024-07-25T15:23:51.039-0300] {base.py:84} INFO - Using connection ID 'binance_default' for task execution.
[2024-07-25T15:23:51.040-0300] {logging_mixin.py:188} INFO - https://api.binance.com
[2024-07-25T15:23:51.040-0300] {binance_hook.py:35} INFO - URL: https://api.binance.com/api/v3/klines?symbol=BTCBRL&interval=5m&startTime=1721933100000&endTime=1721933399999
[2024-07-25T15:23:51.463-0300] {python.py:237} INFO - Done. Returned value was: None
[2024-07-25T15:23:51.464-0300] {taskinstance.py:441} INFO - ::group::Post task execution logs
[2024-07-25T15:23:51.467-0300] {taskinstance.py:1206} INFO - Marking task as SUCCESS. dag_id=Binance_5m, task_id=get_5m_info, run_id=scheduled__2024-07-25T15:45:00+00:00, execution_date=20240725T154500, start_date=20240725T182350, end_date=20240725T182351
[2024-07-25T15:23:51.504-0300] {local_task_job_runner.py:243} INFO - Task exited with return code 0
[2024-07-25T15:23:51.512-0300] {taskinstance.py:3503} INFO - 0 downstream tasks scheduled from follow-on schedule check
[2024-07-25T15:23:51.512-0300] {local_task_job_runner.py:222} INFO - ::endgroup::
[2024-07-25T16:22:28.121-0300] {local_task_job_runner.py:120} INFO - ::group::Pre task execution logs
[2024-07-25T16:22:28.129-0300] {taskinstance.py:2076} INFO - Dependencies all met for dep_context=non-requeueable deps ti=<TaskInstance: Binance_5m.get_5m_info scheduled__2024-07-25T15:45:00+00:00 [queued]>
[2024-07-25T16:22:28.133-0300] {taskinstance.py:2076} INFO - Dependencies all met for dep_context=requeueable deps ti=<TaskInstance: Binance_5m.get_5m_info scheduled__2024-07-25T15:45:00+00:00 [queued]>
[2024-07-25T16:22:28.134-0300] {taskinstance.py:2306} INFO - Starting attempt 1 of 1
[2024-07-25T16:22:28.151-0300] {taskinstance.py:2330} INFO - Executing <Task(PythonOperator): get_5m_info> on 2024-07-25 15:45:00+00:00
[2024-07-25T16:22:28.153-0300] {standard_task_runner.py:64} INFO - Started process 2665511 to run task
[2024-07-25T16:22:28.156-0300] {standard_task_runner.py:90} INFO - Running: ['airflow', 'tasks', 'run', 'Binance_5m', 'get_5m_info', 'scheduled__2024-07-25T15:45:00+00:00', '--job-id', '2349', '--raw', '--subdir', 'DAGS_FOLDER/binance_dag.py', '--cfg-path', '/tmp/tmp2asdoe1h']
[2024-07-25T16:22:28.157-0300] {standard_task_runner.py:91} INFO - Job 2349: Subtask get_5m_info
[2024-07-25T16:22:28.188-0300] {task_command.py:426} INFO - Running <TaskInstance: Binance_5m.get_5m_info scheduled__2024-07-25T15:45:00+00:00 [running]> on host Galaxybook.
[2024-07-25T16:22:28.247-0300] {taskinstance.py:2648} INFO - Exporting env vars: AIRFLOW_CTX_DAG_OWNER='airflow' AIRFLOW_CTX_DAG_ID='Binance_5m' AIRFLOW_CTX_TASK_ID='get_5m_info' AIRFLOW_CTX_EXECUTION_DATE='2024-07-25T15:45:00+00:00' AIRFLOW_CTX_TRY_NUMBER='1' AIRFLOW_CTX_DAG_RUN_ID='scheduled__2024-07-25T15:45:00+00:00'
[2024-07-25T16:22:28.247-0300] {taskinstance.py:430} INFO - ::endgroup::
[2024-07-25T16:22:28.257-0300] {binance_dag.py:22} INFO - End Time: 2024-07-25 15:50:00+00:00
[2024-07-25T16:22:28.257-0300] {binance_dag.py:23} INFO - Start Time: 2024-07-25 15:45:00+00:00
[2024-07-25T16:22:28.257-0300] {binance_dag.py:24} INFO - Start timestamp: 1721922300000
[2024-07-25T16:22:28.258-0300] {binance_dag.py:25} INFO - End timestamp: 1721922600000
[2024-07-25T16:22:28.329-0300] {base.py:84} INFO - Using connection ID 'binance_default' for task execution.
[2024-07-25T16:22:28.329-0300] {logging_mixin.py:188} INFO - https://api.binance.com
[2024-07-25T16:22:28.330-0300] {binance_hook.py:35} INFO - URL: https://api.binance.com/api/v3/klines?symbol=BTCBRL&interval=5m&startTime=1721922300000&endTime=1721922599999&timeZone=-3
[2024-07-25T16:22:28.722-0300] {python.py:237} INFO - Done. Returned value was: None
[2024-07-25T16:22:28.723-0300] {taskinstance.py:441} INFO - ::group::Post task execution logs
[2024-07-25T16:22:28.725-0300] {taskinstance.py:1206} INFO - Marking task as SUCCESS. dag_id=Binance_5m, task_id=get_5m_info, run_id=scheduled__2024-07-25T15:45:00+00:00, execution_date=20240725T154500, start_date=20240725T192228, end_date=20240725T192228
[2024-07-25T16:22:28.739-0300] {local_task_job_runner.py:243} INFO - Task exited with return code 0
[2024-07-25T16:22:28.746-0300] {taskinstance.py:3503} INFO - 0 downstream tasks scheduled from follow-on schedule check
[2024-07-25T16:22:28.747-0300] {local_task_job_runner.py:222} INFO - ::endgroup::
