[2024-07-25T14:27:59.292-0300] {local_task_job_runner.py:120} INFO - ::group::Pre task execution logs
[2024-07-25T14:27:59.297-0300] {taskinstance.py:2076} INFO - Dependencies all met for dep_context=non-requeueable deps ti=<TaskInstance: Mercado_5m.get_5m_info scheduled__2024-07-25T12:55:00+00:00 [queued]>
[2024-07-25T14:27:59.301-0300] {taskinstance.py:2076} INFO - Dependencies all met for dep_context=requeueable deps ti=<TaskInstance: Mercado_5m.get_5m_info scheduled__2024-07-25T12:55:00+00:00 [queued]>
[2024-07-25T14:27:59.302-0300] {taskinstance.py:2306} INFO - Starting attempt 1 of 1
[2024-07-25T14:27:59.315-0300] {taskinstance.py:2330} INFO - Executing <Task(PythonOperator): get_5m_info> on 2024-07-25 12:55:00+00:00
[2024-07-25T14:27:59.317-0300] {standard_task_runner.py:64} INFO - Started process 2590779 to run task
[2024-07-25T14:27:59.319-0300] {standard_task_runner.py:90} INFO - Running: ['airflow', 'tasks', 'run', 'Mercado_5m', 'get_5m_info', 'scheduled__2024-07-25T12:55:00+00:00', '--job-id', '2104', '--raw', '--subdir', 'DAGS_FOLDER/mercado_dag.py', '--cfg-path', '/tmp/tmpjel0z5zg']
[2024-07-25T14:27:59.320-0300] {standard_task_runner.py:91} INFO - Job 2104: Subtask get_5m_info
[2024-07-25T14:27:59.347-0300] {task_command.py:426} INFO - Running <TaskInstance: Mercado_5m.get_5m_info scheduled__2024-07-25T12:55:00+00:00 [running]> on host Galaxybook.
[2024-07-25T14:27:59.401-0300] {taskinstance.py:2648} INFO - Exporting env vars: AIRFLOW_CTX_DAG_OWNER='airflow' AIRFLOW_CTX_DAG_ID='Mercado_5m' AIRFLOW_CTX_TASK_ID='get_5m_info' AIRFLOW_CTX_EXECUTION_DATE='2024-07-25T12:55:00+00:00' AIRFLOW_CTX_TRY_NUMBER='1' AIRFLOW_CTX_DAG_RUN_ID='scheduled__2024-07-25T12:55:00+00:00'
[2024-07-25T14:27:59.401-0300] {taskinstance.py:430} INFO - ::endgroup::
[2024-07-25T14:27:59.409-0300] {taskinstance.py:441} INFO - ::group::Post task execution logs
[2024-07-25T14:27:59.410-0300] {taskinstance.py:2905} ERROR - Task failed with exception
Traceback (most recent call last):
  File "/home/hugoviana/Documentos/data_pipeline_airflow/.venv/lib/python3.12/site-packages/airflow/models/taskinstance.py", line 465, in _execute_task
    result = _execute_callable(context=context, **execute_callable_kwargs)
             ^^^^^^^^^^^^^^^^^^^^^^^^^^^^^^^^^^^^^^^^^^^^^^^^^^^^^^^^^^^^^
  File "/home/hugoviana/Documentos/data_pipeline_airflow/.venv/lib/python3.12/site-packages/airflow/models/taskinstance.py", line 432, in _execute_callable
    return execute_callable(context=context, **execute_callable_kwargs)
           ^^^^^^^^^^^^^^^^^^^^^^^^^^^^^^^^^^^^^^^^^^^^^^^^^^^^^^^^^^^^
  File "/home/hugoviana/Documentos/data_pipeline_airflow/.venv/lib/python3.12/site-packages/airflow/models/baseoperator.py", line 401, in wrapper
    return func(self, *args, **kwargs)
           ^^^^^^^^^^^^^^^^^^^^^^^^^^^
  File "/home/hugoviana/Documentos/data_pipeline_airflow/.venv/lib/python3.12/site-packages/airflow/operators/python.py", line 232, in execute
    context_merge(context, self.op_kwargs, templates_dict=self.templates_dict)
  File "/home/hugoviana/Documentos/data_pipeline_airflow/.venv/lib/python3.12/site-packages/airflow/utils/context.py", line 266, in context_merge
    context.update(*args, **kwargs)
  File "<frozen _collections_abc>", line 987, in update
ValueError: too many values to unpack (expected 2)
[2024-07-25T14:27:59.414-0300] {taskinstance.py:1206} INFO - Marking task as FAILED. dag_id=Mercado_5m, task_id=get_5m_info, run_id=scheduled__2024-07-25T12:55:00+00:00, execution_date=20240725T125500, start_date=20240725T172759, end_date=20240725T172759
[2024-07-25T14:27:59.427-0300] {standard_task_runner.py:110} ERROR - Failed to execute job 2104 for task get_5m_info (too many values to unpack (expected 2); 2590779)
[2024-07-25T14:27:59.452-0300] {local_task_job_runner.py:243} INFO - Task exited with return code 1
[2024-07-25T14:27:59.459-0300] {taskinstance.py:3503} INFO - 0 downstream tasks scheduled from follow-on schedule check
[2024-07-25T14:27:59.459-0300] {local_task_job_runner.py:222} INFO - ::endgroup::
[2024-07-25T14:30:15.365-0300] {local_task_job_runner.py:120} INFO - ::group::Pre task execution logs
[2024-07-25T14:30:15.371-0300] {taskinstance.py:2076} INFO - Dependencies all met for dep_context=non-requeueable deps ti=<TaskInstance: Mercado_5m.get_5m_info scheduled__2024-07-25T12:55:00+00:00 [queued]>
[2024-07-25T14:30:15.374-0300] {taskinstance.py:2076} INFO - Dependencies all met for dep_context=requeueable deps ti=<TaskInstance: Mercado_5m.get_5m_info scheduled__2024-07-25T12:55:00+00:00 [queued]>
[2024-07-25T14:30:15.374-0300] {taskinstance.py:2306} INFO - Starting attempt 1 of 1
[2024-07-25T14:30:15.387-0300] {taskinstance.py:2330} INFO - Executing <Task(PythonOperator): get_5m_info> on 2024-07-25 12:55:00+00:00
[2024-07-25T14:30:15.389-0300] {standard_task_runner.py:64} INFO - Started process 2593071 to run task
[2024-07-25T14:30:15.392-0300] {standard_task_runner.py:90} INFO - Running: ['airflow', 'tasks', 'run', 'Mercado_5m', 'get_5m_info', 'scheduled__2024-07-25T12:55:00+00:00', '--job-id', '2093', '--raw', '--subdir', 'DAGS_FOLDER/mercado_dag.py', '--cfg-path', '/tmp/tmpmlv8qznd']
[2024-07-25T14:30:15.393-0300] {standard_task_runner.py:91} INFO - Job 2093: Subtask get_5m_info
[2024-07-25T14:30:15.425-0300] {task_command.py:426} INFO - Running <TaskInstance: Mercado_5m.get_5m_info scheduled__2024-07-25T12:55:00+00:00 [running]> on host Galaxybook.
[2024-07-25T14:30:15.475-0300] {taskinstance.py:2648} INFO - Exporting env vars: AIRFLOW_CTX_DAG_OWNER='airflow' AIRFLOW_CTX_DAG_ID='Mercado_5m' AIRFLOW_CTX_TASK_ID='get_5m_info' AIRFLOW_CTX_EXECUTION_DATE='2024-07-25T12:55:00+00:00' AIRFLOW_CTX_TRY_NUMBER='1' AIRFLOW_CTX_DAG_RUN_ID='scheduled__2024-07-25T12:55:00+00:00'
[2024-07-25T14:30:15.475-0300] {taskinstance.py:430} INFO - ::endgroup::
[2024-07-25T14:30:15.484-0300] {taskinstance.py:441} INFO - ::group::Post task execution logs
[2024-07-25T14:30:15.484-0300] {taskinstance.py:2905} ERROR - Task failed with exception
Traceback (most recent call last):
  File "/home/hugoviana/Documentos/data_pipeline_airflow/.venv/lib/python3.12/site-packages/airflow/models/taskinstance.py", line 465, in _execute_task
    result = _execute_callable(context=context, **execute_callable_kwargs)
             ^^^^^^^^^^^^^^^^^^^^^^^^^^^^^^^^^^^^^^^^^^^^^^^^^^^^^^^^^^^^^
  File "/home/hugoviana/Documentos/data_pipeline_airflow/.venv/lib/python3.12/site-packages/airflow/models/taskinstance.py", line 432, in _execute_callable
    return execute_callable(context=context, **execute_callable_kwargs)
           ^^^^^^^^^^^^^^^^^^^^^^^^^^^^^^^^^^^^^^^^^^^^^^^^^^^^^^^^^^^^
  File "/home/hugoviana/Documentos/data_pipeline_airflow/.venv/lib/python3.12/site-packages/airflow/models/baseoperator.py", line 401, in wrapper
    return func(self, *args, **kwargs)
           ^^^^^^^^^^^^^^^^^^^^^^^^^^^
  File "/home/hugoviana/Documentos/data_pipeline_airflow/.venv/lib/python3.12/site-packages/airflow/operators/python.py", line 232, in execute
    context_merge(context, self.op_kwargs, templates_dict=self.templates_dict)
  File "/home/hugoviana/Documentos/data_pipeline_airflow/.venv/lib/python3.12/site-packages/airflow/utils/context.py", line 266, in context_merge
    context.update(*args, **kwargs)
  File "<frozen _collections_abc>", line 987, in update
ValueError: too many values to unpack (expected 2)
[2024-07-25T14:30:15.492-0300] {taskinstance.py:1206} INFO - Marking task as FAILED. dag_id=Mercado_5m, task_id=get_5m_info, run_id=scheduled__2024-07-25T12:55:00+00:00, execution_date=20240725T125500, start_date=20240725T173015, end_date=20240725T173015
[2024-07-25T14:30:15.507-0300] {standard_task_runner.py:110} ERROR - Failed to execute job 2093 for task get_5m_info (too many values to unpack (expected 2); 2593071)
[2024-07-25T14:30:15.526-0300] {local_task_job_runner.py:243} INFO - Task exited with return code 1
[2024-07-25T14:30:15.534-0300] {taskinstance.py:3503} INFO - 0 downstream tasks scheduled from follow-on schedule check
[2024-07-25T14:30:15.535-0300] {local_task_job_runner.py:222} INFO - ::endgroup::
[2024-07-25T15:00:18.055-0300] {local_task_job_runner.py:120} INFO - ::group::Pre task execution logs
[2024-07-25T15:00:18.060-0300] {taskinstance.py:2076} INFO - Dependencies all met for dep_context=non-requeueable deps ti=<TaskInstance: Mercado_5m.get_5m_info scheduled__2024-07-25T12:55:00+00:00 [queued]>
[2024-07-25T15:00:18.063-0300] {taskinstance.py:2076} INFO - Dependencies all met for dep_context=requeueable deps ti=<TaskInstance: Mercado_5m.get_5m_info scheduled__2024-07-25T12:55:00+00:00 [queued]>
[2024-07-25T15:00:18.063-0300] {taskinstance.py:2306} INFO - Starting attempt 1 of 1
[2024-07-25T15:00:18.076-0300] {taskinstance.py:2330} INFO - Executing <Task(PythonOperator): get_5m_info> on 2024-07-25 12:55:00+00:00
[2024-07-25T15:00:18.078-0300] {standard_task_runner.py:64} INFO - Started process 2619733 to run task
[2024-07-25T15:00:18.080-0300] {standard_task_runner.py:90} INFO - Running: ['airflow', 'tasks', 'run', 'Mercado_5m', 'get_5m_info', 'scheduled__2024-07-25T12:55:00+00:00', '--job-id', '2467', '--raw', '--subdir', 'DAGS_FOLDER/mercado_dag.py', '--cfg-path', '/tmp/tmpr3kk9q_j']
[2024-07-25T15:00:18.081-0300] {standard_task_runner.py:91} INFO - Job 2467: Subtask get_5m_info
[2024-07-25T15:00:18.105-0300] {task_command.py:426} INFO - Running <TaskInstance: Mercado_5m.get_5m_info scheduled__2024-07-25T12:55:00+00:00 [running]> on host Galaxybook.
[2024-07-25T15:00:18.158-0300] {taskinstance.py:2648} INFO - Exporting env vars: AIRFLOW_CTX_DAG_OWNER='airflow' AIRFLOW_CTX_DAG_ID='Mercado_5m' AIRFLOW_CTX_TASK_ID='get_5m_info' AIRFLOW_CTX_EXECUTION_DATE='2024-07-25T12:55:00+00:00' AIRFLOW_CTX_TRY_NUMBER='1' AIRFLOW_CTX_DAG_RUN_ID='scheduled__2024-07-25T12:55:00+00:00'
[2024-07-25T15:00:18.158-0300] {taskinstance.py:430} INFO - ::endgroup::
[2024-07-25T15:00:18.229-0300] {base.py:84} INFO - Using connection ID 'mercado_default' for task execution.
[2024-07-25T15:00:18.229-0300] {mercado_hook.py:31} INFO - URL: https://api.mercadobitcoin.net/api/v4/candles?symbol=BTC-BRL&resolution=5m&to=1721923200&from=1721922900
[2024-07-25T15:00:18.563-0300] {python.py:237} INFO - Done. Returned value was: None
[2024-07-25T15:00:18.564-0300] {taskinstance.py:441} INFO - ::group::Post task execution logs
[2024-07-25T15:00:18.567-0300] {taskinstance.py:1206} INFO - Marking task as SUCCESS. dag_id=Mercado_5m, task_id=get_5m_info, run_id=scheduled__2024-07-25T12:55:00+00:00, execution_date=20240725T125500, start_date=20240725T180018, end_date=20240725T180018
[2024-07-25T15:00:18.625-0300] {local_task_job_runner.py:243} INFO - Task exited with return code 0
[2024-07-25T15:00:18.636-0300] {taskinstance.py:3503} INFO - 0 downstream tasks scheduled from follow-on schedule check
[2024-07-25T15:00:18.636-0300] {local_task_job_runner.py:222} INFO - ::endgroup::
