[2024-07-25T14:50:43.115-0300] {local_task_job_runner.py:120} INFO - ::group::Pre task execution logs
[2024-07-25T14:50:43.120-0300] {taskinstance.py:2076} INFO - Dependencies all met for dep_context=non-requeueable deps ti=<TaskInstance: Binance_5m.get_5m_info scheduled__2024-07-25T08:40:00+00:00 [queued]>
[2024-07-25T14:50:43.123-0300] {taskinstance.py:2076} INFO - Dependencies all met for dep_context=requeueable deps ti=<TaskInstance: Binance_5m.get_5m_info scheduled__2024-07-25T08:40:00+00:00 [queued]>
[2024-07-25T14:50:43.123-0300] {taskinstance.py:2306} INFO - Starting attempt 1 of 1
[2024-07-25T14:50:43.137-0300] {taskinstance.py:2330} INFO - Executing <Task(PythonOperator): get_5m_info> on 2024-07-25 08:40:00+00:00
[2024-07-25T14:50:43.139-0300] {standard_task_runner.py:64} INFO - Started process 2610104 to run task
[2024-07-25T14:50:43.141-0300] {standard_task_runner.py:90} INFO - Running: ['airflow', 'tasks', 'run', 'Binance_5m', 'get_5m_info', 'scheduled__2024-07-25T08:40:00+00:00', '--job-id', '2196', '--raw', '--subdir', 'DAGS_FOLDER/binance_dag.py', '--cfg-path', '/tmp/tmpl5ib5xx1']
[2024-07-25T14:50:43.142-0300] {standard_task_runner.py:91} INFO - Job 2196: Subtask get_5m_info
[2024-07-25T14:50:43.166-0300] {task_command.py:426} INFO - Running <TaskInstance: Binance_5m.get_5m_info scheduled__2024-07-25T08:40:00+00:00 [running]> on host Galaxybook.
[2024-07-25T14:50:43.222-0300] {taskinstance.py:2648} INFO - Exporting env vars: AIRFLOW_CTX_DAG_OWNER='airflow' AIRFLOW_CTX_DAG_ID='Binance_5m' AIRFLOW_CTX_TASK_ID='get_5m_info' AIRFLOW_CTX_EXECUTION_DATE='2024-07-25T08:40:00+00:00' AIRFLOW_CTX_TRY_NUMBER='1' AIRFLOW_CTX_DAG_RUN_ID='scheduled__2024-07-25T08:40:00+00:00'
[2024-07-25T14:50:43.222-0300] {taskinstance.py:430} INFO - ::endgroup::
[2024-07-25T14:50:43.229-0300] {binance_dag.py:23} INFO - End Time: 2024-07-25T08:45:00.00Z
[2024-07-25T14:50:43.230-0300] {binance_dag.py:24} INFO - Start Time: 2024-07-25T08:40:00.00Z
[2024-07-25T14:50:43.284-0300] {base.py:84} INFO - Using connection ID 'binance_default' for task execution.
[2024-07-25T14:50:43.284-0300] {logging_mixin.py:188} INFO - https://api.binance.com
[2024-07-25T14:50:43.285-0300] {binance_hook.py:35} INFO - URL: https://api.binance.com/api/v3/klines?symbol=BTCBRL&interval=5m&startTime=1721907600000&endTime=1721907899999
[2024-07-25T14:50:43.679-0300] {binance_dag.py:43} INFO - r: [[1721907600000, '365840.00000000', '365959.00000000', '365123.00000000', '365186.00000000', '0.48811000', 1721907899999, '178443.36136000', 116, '0.16183000', '59187.83759000', '0']]
[2024-07-25T14:50:43.680-0300] {python.py:237} INFO - Done. Returned value was: None
[2024-07-25T14:50:43.681-0300] {taskinstance.py:441} INFO - ::group::Post task execution logs
[2024-07-25T14:50:43.683-0300] {taskinstance.py:1206} INFO - Marking task as SUCCESS. dag_id=Binance_5m, task_id=get_5m_info, run_id=scheduled__2024-07-25T08:40:00+00:00, execution_date=20240725T084000, start_date=20240725T175043, end_date=20240725T175043
[2024-07-25T14:50:43.727-0300] {local_task_job_runner.py:243} INFO - Task exited with return code 0
[2024-07-25T14:50:43.736-0300] {taskinstance.py:3503} INFO - 0 downstream tasks scheduled from follow-on schedule check
[2024-07-25T14:50:43.736-0300] {local_task_job_runner.py:222} INFO - ::endgroup::
[2024-07-25T15:20:47.403-0300] {local_task_job_runner.py:120} INFO - ::group::Pre task execution logs
[2024-07-25T15:20:47.408-0300] {taskinstance.py:2076} INFO - Dependencies all met for dep_context=non-requeueable deps ti=<TaskInstance: Binance_5m.get_5m_info scheduled__2024-07-25T08:40:00+00:00 [queued]>
[2024-07-25T15:20:47.411-0300] {taskinstance.py:2076} INFO - Dependencies all met for dep_context=requeueable deps ti=<TaskInstance: Binance_5m.get_5m_info scheduled__2024-07-25T08:40:00+00:00 [queued]>
[2024-07-25T15:20:47.412-0300] {taskinstance.py:2306} INFO - Starting attempt 1 of 1
[2024-07-25T15:20:47.424-0300] {taskinstance.py:2330} INFO - Executing <Task(PythonOperator): get_5m_info> on 2024-07-25 08:40:00+00:00
[2024-07-25T15:20:47.426-0300] {standard_task_runner.py:64} INFO - Started process 2632531 to run task
[2024-07-25T15:20:47.427-0300] {standard_task_runner.py:90} INFO - Running: ['airflow', 'tasks', 'run', 'Binance_5m', 'get_5m_info', 'scheduled__2024-07-25T08:40:00+00:00', '--job-id', '2639', '--raw', '--subdir', 'DAGS_FOLDER/binance_dag.py', '--cfg-path', '/tmp/tmpshtbfwtn']
[2024-07-25T15:20:47.428-0300] {standard_task_runner.py:91} INFO - Job 2639: Subtask get_5m_info
[2024-07-25T15:20:47.454-0300] {task_command.py:426} INFO - Running <TaskInstance: Binance_5m.get_5m_info scheduled__2024-07-25T08:40:00+00:00 [running]> on host Galaxybook.
[2024-07-25T15:20:47.509-0300] {taskinstance.py:2648} INFO - Exporting env vars: AIRFLOW_CTX_DAG_OWNER='airflow' AIRFLOW_CTX_DAG_ID='Binance_5m' AIRFLOW_CTX_TASK_ID='get_5m_info' AIRFLOW_CTX_EXECUTION_DATE='2024-07-25T08:40:00+00:00' AIRFLOW_CTX_TRY_NUMBER='1' AIRFLOW_CTX_DAG_RUN_ID='scheduled__2024-07-25T08:40:00+00:00'
[2024-07-25T15:20:47.510-0300] {taskinstance.py:430} INFO - ::endgroup::
[2024-07-25T15:20:47.517-0300] {binance_dag.py:23} INFO - End Time: 2024-07-25T08:45:00.00Z
[2024-07-25T15:20:47.517-0300] {binance_dag.py:24} INFO - Start Time: 2024-07-25T08:40:00.00Z
[2024-07-25T15:20:47.570-0300] {binance_dag.py:25} INFO - 1721907600000
[2024-07-25T15:20:47.572-0300] {base.py:84} INFO - Using connection ID 'binance_default' for task execution.
[2024-07-25T15:20:47.572-0300] {logging_mixin.py:188} INFO - https://api.binance.com
[2024-07-25T15:20:47.573-0300] {binance_hook.py:35} INFO - URL: https://api.binance.com/api/v3/klines?symbol=BTCBRL&interval=5m&startTime=1721907600000&endTime=1721907899999
[2024-07-25T15:20:48.010-0300] {python.py:237} INFO - Done. Returned value was: None
[2024-07-25T15:20:48.010-0300] {taskinstance.py:441} INFO - ::group::Post task execution logs
[2024-07-25T15:20:48.012-0300] {taskinstance.py:1206} INFO - Marking task as SUCCESS. dag_id=Binance_5m, task_id=get_5m_info, run_id=scheduled__2024-07-25T08:40:00+00:00, execution_date=20240725T084000, start_date=20240725T182047, end_date=20240725T182048
[2024-07-25T15:20:48.050-0300] {local_task_job_runner.py:243} INFO - Task exited with return code 0
[2024-07-25T15:20:48.056-0300] {taskinstance.py:3503} INFO - 0 downstream tasks scheduled from follow-on schedule check
[2024-07-25T15:20:48.056-0300] {local_task_job_runner.py:222} INFO - ::endgroup::
[2024-07-25T16:17:33.920-0300] {local_task_job_runner.py:120} INFO - ::group::Pre task execution logs
[2024-07-25T16:17:33.926-0300] {taskinstance.py:2076} INFO - Dependencies all met for dep_context=non-requeueable deps ti=<TaskInstance: Binance_5m.get_5m_info scheduled__2024-07-25T08:40:00+00:00 [queued]>
[2024-07-25T16:17:33.929-0300] {taskinstance.py:2076} INFO - Dependencies all met for dep_context=requeueable deps ti=<TaskInstance: Binance_5m.get_5m_info scheduled__2024-07-25T08:40:00+00:00 [queued]>
[2024-07-25T16:17:33.929-0300] {taskinstance.py:2306} INFO - Starting attempt 1 of 1
[2024-07-25T16:17:33.944-0300] {taskinstance.py:2330} INFO - Executing <Task(PythonOperator): get_5m_info> on 2024-07-25 08:40:00+00:00
[2024-07-25T16:17:33.946-0300] {standard_task_runner.py:64} INFO - Started process 2660516 to run task
[2024-07-25T16:17:33.948-0300] {standard_task_runner.py:90} INFO - Running: ['airflow', 'tasks', 'run', 'Binance_5m', 'get_5m_info', 'scheduled__2024-07-25T08:40:00+00:00', '--job-id', '2202', '--raw', '--subdir', 'DAGS_FOLDER/binance_dag.py', '--cfg-path', '/tmp/tmp_qncy5nh']
[2024-07-25T16:17:33.949-0300] {standard_task_runner.py:91} INFO - Job 2202: Subtask get_5m_info
[2024-07-25T16:17:33.983-0300] {task_command.py:426} INFO - Running <TaskInstance: Binance_5m.get_5m_info scheduled__2024-07-25T08:40:00+00:00 [running]> on host Galaxybook.
[2024-07-25T16:17:34.048-0300] {taskinstance.py:2648} INFO - Exporting env vars: AIRFLOW_CTX_DAG_OWNER='airflow' AIRFLOW_CTX_DAG_ID='Binance_5m' AIRFLOW_CTX_TASK_ID='get_5m_info' AIRFLOW_CTX_EXECUTION_DATE='2024-07-25T08:40:00+00:00' AIRFLOW_CTX_TRY_NUMBER='1' AIRFLOW_CTX_DAG_RUN_ID='scheduled__2024-07-25T08:40:00+00:00'
[2024-07-25T16:17:34.048-0300] {taskinstance.py:430} INFO - ::endgroup::
[2024-07-25T16:17:34.059-0300] {binance_dag.py:22} INFO - End Time: 2024-07-25 08:45:00+00:00
[2024-07-25T16:17:34.059-0300] {binance_dag.py:23} INFO - Start Time: 2024-07-25 08:40:00+00:00
[2024-07-25T16:17:34.059-0300] {binance_dag.py:24} INFO - Start timestamp: 1721896800000
[2024-07-25T16:17:34.059-0300] {binance_dag.py:25} INFO - End timestamp: 1721897100000
[2024-07-25T16:17:34.127-0300] {base.py:84} INFO - Using connection ID 'binance_default' for task execution.
[2024-07-25T16:17:34.127-0300] {logging_mixin.py:188} INFO - https://api.binance.com
[2024-07-25T16:17:34.128-0300] {binance_hook.py:35} INFO - URL: https://api.binance.com/api/v3/klines?symbol=BTCBRL&interval=5m&startTime=1721896800000&endTime=1721897099999&timeZone=-3
[2024-07-25T16:17:34.524-0300] {python.py:237} INFO - Done. Returned value was: None
[2024-07-25T16:17:34.525-0300] {taskinstance.py:441} INFO - ::group::Post task execution logs
[2024-07-25T16:17:34.528-0300] {taskinstance.py:1206} INFO - Marking task as SUCCESS. dag_id=Binance_5m, task_id=get_5m_info, run_id=scheduled__2024-07-25T08:40:00+00:00, execution_date=20240725T084000, start_date=20240725T191733, end_date=20240725T191734
[2024-07-25T16:17:34.566-0300] {local_task_job_runner.py:243} INFO - Task exited with return code 0
[2024-07-25T16:17:34.572-0300] {taskinstance.py:3503} INFO - 0 downstream tasks scheduled from follow-on schedule check
[2024-07-25T16:17:34.572-0300] {local_task_job_runner.py:222} INFO - ::endgroup::
