[2024-07-25T12:10:04.926-0300] {local_task_job_runner.py:120} INFO - ::group::Pre task execution logs
[2024-07-25T12:10:04.931-0300] {taskinstance.py:2076} INFO - Dependencies all met for dep_context=non-requeueable deps ti=<TaskInstance: Mercado_5m.get_5m_info scheduled__2024-07-25T15:05:00+00:00 [queued]>
[2024-07-25T12:10:04.935-0300] {taskinstance.py:2076} INFO - Dependencies all met for dep_context=requeueable deps ti=<TaskInstance: Mercado_5m.get_5m_info scheduled__2024-07-25T15:05:00+00:00 [queued]>
[2024-07-25T12:10:04.935-0300] {taskinstance.py:2306} INFO - Starting attempt 1 of 1
[2024-07-25T12:10:04.948-0300] {taskinstance.py:2330} INFO - Executing <Task(PythonOperator): get_5m_info> on 2024-07-25 15:05:00+00:00
[2024-07-25T12:10:04.950-0300] {standard_task_runner.py:64} INFO - Started process 2522692 to run task
[2024-07-25T12:10:04.952-0300] {standard_task_runner.py:90} INFO - Running: ['airflow', 'tasks', 'run', 'Mercado_5m', 'get_5m_info', 'scheduled__2024-07-25T15:05:00+00:00', '--job-id', '2051', '--raw', '--subdir', 'DAGS_FOLDER/mercado_dag.py', '--cfg-path', '/tmp/tmpcs5nzngw']
[2024-07-25T12:10:04.953-0300] {standard_task_runner.py:91} INFO - Job 2051: Subtask get_5m_info
[2024-07-25T12:10:04.979-0300] {task_command.py:426} INFO - Running <TaskInstance: Mercado_5m.get_5m_info scheduled__2024-07-25T15:05:00+00:00 [running]> on host Galaxybook.
[2024-07-25T12:10:05.032-0300] {taskinstance.py:2648} INFO - Exporting env vars: AIRFLOW_CTX_DAG_OWNER='airflow' AIRFLOW_CTX_DAG_ID='Mercado_5m' AIRFLOW_CTX_TASK_ID='get_5m_info' AIRFLOW_CTX_EXECUTION_DATE='2024-07-25T15:05:00+00:00' AIRFLOW_CTX_TRY_NUMBER='1' AIRFLOW_CTX_DAG_RUN_ID='scheduled__2024-07-25T15:05:00+00:00'
[2024-07-25T12:10:05.032-0300] {taskinstance.py:430} INFO - ::endgroup::
[2024-07-25T12:10:05.098-0300] {base.py:84} INFO - Using connection ID 'mercado_default' for task execution.
[2024-07-25T12:10:05.098-0300] {mercado_hook.py:31} INFO - URL: https://api.mercadobitcoin.net/api/v4/candles?symbol=BTC-BRL&resolution=5m&to=1721920205&from=1721919905
[2024-07-25T12:10:05.487-0300] {python.py:237} INFO - Done. Returned value was: None
[2024-07-25T12:10:05.488-0300] {taskinstance.py:441} INFO - ::group::Post task execution logs
[2024-07-25T12:10:05.491-0300] {taskinstance.py:1206} INFO - Marking task as SUCCESS. dag_id=Mercado_5m, task_id=get_5m_info, run_id=scheduled__2024-07-25T15:05:00+00:00, execution_date=20240725T150500, start_date=20240725T151004, end_date=20240725T151005
[2024-07-25T12:10:05.533-0300] {local_task_job_runner.py:243} INFO - Task exited with return code 0
[2024-07-25T12:10:05.539-0300] {taskinstance.py:3503} INFO - 0 downstream tasks scheduled from follow-on schedule check
[2024-07-25T12:10:05.540-0300] {local_task_job_runner.py:222} INFO - ::endgroup::
[2024-07-25T14:31:01.964-0300] {local_task_job_runner.py:120} INFO - ::group::Pre task execution logs
[2024-07-25T14:31:01.971-0300] {taskinstance.py:2076} INFO - Dependencies all met for dep_context=non-requeueable deps ti=<TaskInstance: Mercado_5m.get_5m_info scheduled__2024-07-25T15:05:00+00:00 [queued]>
[2024-07-25T14:31:01.975-0300] {taskinstance.py:2076} INFO - Dependencies all met for dep_context=requeueable deps ti=<TaskInstance: Mercado_5m.get_5m_info scheduled__2024-07-25T15:05:00+00:00 [queued]>
[2024-07-25T14:31:01.976-0300] {taskinstance.py:2306} INFO - Starting attempt 1 of 1
[2024-07-25T14:31:01.992-0300] {taskinstance.py:2330} INFO - Executing <Task(PythonOperator): get_5m_info> on 2024-07-25 15:05:00+00:00
[2024-07-25T14:31:01.994-0300] {standard_task_runner.py:64} INFO - Started process 2593874 to run task
[2024-07-25T14:31:01.997-0300] {standard_task_runner.py:90} INFO - Running: ['airflow', 'tasks', 'run', 'Mercado_5m', 'get_5m_info', 'scheduled__2024-07-25T15:05:00+00:00', '--job-id', '2119', '--raw', '--subdir', 'DAGS_FOLDER/mercado_dag.py', '--cfg-path', '/tmp/tmp1fw0gs1p']
[2024-07-25T14:31:01.998-0300] {standard_task_runner.py:91} INFO - Job 2119: Subtask get_5m_info
[2024-07-25T14:31:02.033-0300] {task_command.py:426} INFO - Running <TaskInstance: Mercado_5m.get_5m_info scheduled__2024-07-25T15:05:00+00:00 [running]> on host Galaxybook.
[2024-07-25T14:31:02.094-0300] {taskinstance.py:2648} INFO - Exporting env vars: AIRFLOW_CTX_DAG_OWNER='airflow' AIRFLOW_CTX_DAG_ID='Mercado_5m' AIRFLOW_CTX_TASK_ID='get_5m_info' AIRFLOW_CTX_EXECUTION_DATE='2024-07-25T15:05:00+00:00' AIRFLOW_CTX_TRY_NUMBER='1' AIRFLOW_CTX_DAG_RUN_ID='scheduled__2024-07-25T15:05:00+00:00'
[2024-07-25T14:31:02.095-0300] {taskinstance.py:430} INFO - ::endgroup::
[2024-07-25T14:31:02.104-0300] {taskinstance.py:441} INFO - ::group::Post task execution logs
[2024-07-25T14:31:02.104-0300] {taskinstance.py:2905} ERROR - Task failed with exception
Traceback (most recent call last):
  File "/home/hugoviana/Documentos/data_pipeline_airflow/.venv/lib/python3.12/site-packages/airflow/models/taskinstance.py", line 465, in _execute_task
    result = _execute_callable(context=context, **execute_callable_kwargs)
             ^^^^^^^^^^^^^^^^^^^^^^^^^^^^^^^^^^^^^^^^^^^^^^^^^^^^^^^^^^^^^
  File "/home/hugoviana/Documentos/data_pipeline_airflow/.venv/lib/python3.12/site-packages/airflow/models/taskinstance.py", line 432, in _execute_callable
    return execute_callable(context=context, **execute_callable_kwargs)
           ^^^^^^^^^^^^^^^^^^^^^^^^^^^^^^^^^^^^^^^^^^^^^^^^^^^^^^^^^^^^
  File "/home/hugoviana/Documentos/data_pipeline_airflow/.venv/lib/python3.12/site-packages/airflow/models/baseoperator.py", line 401, in wrapper
    return func(self, *args, **kwargs)
           ^^^^^^^^^^^^^^^^^^^^^^^^^^^
  File "/home/hugoviana/Documentos/data_pipeline_airflow/.venv/lib/python3.12/site-packages/airflow/operators/python.py", line 235, in execute
    return_value = self.execute_callable()
                   ^^^^^^^^^^^^^^^^^^^^^^^
  File "/home/hugoviana/Documentos/data_pipeline_airflow/.venv/lib/python3.12/site-packages/airflow/operators/python.py", line 252, in execute_callable
    return self.python_callable(*self.op_args, **self.op_kwargs)
           ^^^^^^^^^^^^^^^^^^^^^^^^^^^^^^^^^^^^^^^^^^^^^^^^^^^^^
  File "/home/hugoviana/Projetos/crypto-etl/airflow_pipeline/dags/mercado_dag.py", line 24, in execute
    to_time=to_timestamp(to_time),
            ^^^^^^^^^^^^^^^^^^^^^
  File "/home/hugoviana/Projetos/crypto-etl/airflow_pipeline/dags/mercado_dag.py", line 15, in to_timestamp
    timestamp = int(datetime.timestamp(dt))
                    ^^^^^^^^^^^^^^^^^^^^^^
TypeError: descriptor 'timestamp' for 'datetime.datetime' objects doesn't apply to a 'str' object
[2024-07-25T14:31:02.109-0300] {taskinstance.py:1206} INFO - Marking task as FAILED. dag_id=Mercado_5m, task_id=get_5m_info, run_id=scheduled__2024-07-25T15:05:00+00:00, execution_date=20240725T150500, start_date=20240725T173101, end_date=20240725T173102
[2024-07-25T14:31:02.199-0300] {standard_task_runner.py:110} ERROR - Failed to execute job 2119 for task get_5m_info (descriptor 'timestamp' for 'datetime.datetime' objects doesn't apply to a 'str' object; 2593874)
[2024-07-25T14:31:02.213-0300] {local_task_job_runner.py:243} INFO - Task exited with return code 1
[2024-07-25T14:31:02.220-0300] {taskinstance.py:3503} INFO - 0 downstream tasks scheduled from follow-on schedule check
[2024-07-25T14:31:02.220-0300] {local_task_job_runner.py:222} INFO - ::endgroup::
[2024-07-25T15:01:20.358-0300] {local_task_job_runner.py:120} INFO - ::group::Pre task execution logs
[2024-07-25T15:01:20.363-0300] {taskinstance.py:2076} INFO - Dependencies all met for dep_context=non-requeueable deps ti=<TaskInstance: Mercado_5m.get_5m_info scheduled__2024-07-25T15:05:00+00:00 [queued]>
[2024-07-25T15:01:20.366-0300] {taskinstance.py:2076} INFO - Dependencies all met for dep_context=requeueable deps ti=<TaskInstance: Mercado_5m.get_5m_info scheduled__2024-07-25T15:05:00+00:00 [queued]>
[2024-07-25T15:01:20.367-0300] {taskinstance.py:2306} INFO - Starting attempt 1 of 1
[2024-07-25T15:01:20.381-0300] {taskinstance.py:2330} INFO - Executing <Task(PythonOperator): get_5m_info> on 2024-07-25 15:05:00+00:00
[2024-07-25T15:01:20.383-0300] {standard_task_runner.py:64} INFO - Started process 2620781 to run task
[2024-07-25T15:01:20.385-0300] {standard_task_runner.py:90} INFO - Running: ['airflow', 'tasks', 'run', 'Mercado_5m', 'get_5m_info', 'scheduled__2024-07-25T15:05:00+00:00', '--job-id', '2493', '--raw', '--subdir', 'DAGS_FOLDER/mercado_dag.py', '--cfg-path', '/tmp/tmpaong6enk']
[2024-07-25T15:01:20.386-0300] {standard_task_runner.py:91} INFO - Job 2493: Subtask get_5m_info
[2024-07-25T15:01:20.411-0300] {task_command.py:426} INFO - Running <TaskInstance: Mercado_5m.get_5m_info scheduled__2024-07-25T15:05:00+00:00 [running]> on host Galaxybook.
[2024-07-25T15:01:20.467-0300] {taskinstance.py:2648} INFO - Exporting env vars: AIRFLOW_CTX_DAG_OWNER='airflow' AIRFLOW_CTX_DAG_ID='Mercado_5m' AIRFLOW_CTX_TASK_ID='get_5m_info' AIRFLOW_CTX_EXECUTION_DATE='2024-07-25T15:05:00+00:00' AIRFLOW_CTX_TRY_NUMBER='1' AIRFLOW_CTX_DAG_RUN_ID='scheduled__2024-07-25T15:05:00+00:00'
[2024-07-25T15:01:20.468-0300] {taskinstance.py:430} INFO - ::endgroup::
[2024-07-25T15:01:20.529-0300] {base.py:84} INFO - Using connection ID 'mercado_default' for task execution.
[2024-07-25T15:01:20.530-0300] {mercado_hook.py:31} INFO - URL: https://api.mercadobitcoin.net/api/v4/candles?symbol=BTC-BRL&resolution=5m&to=1721931000&from=1721930700
[2024-07-25T15:01:20.856-0300] {python.py:237} INFO - Done. Returned value was: None
[2024-07-25T15:01:20.856-0300] {taskinstance.py:441} INFO - ::group::Post task execution logs
[2024-07-25T15:01:20.858-0300] {taskinstance.py:1206} INFO - Marking task as SUCCESS. dag_id=Mercado_5m, task_id=get_5m_info, run_id=scheduled__2024-07-25T15:05:00+00:00, execution_date=20240725T150500, start_date=20240725T180120, end_date=20240725T180120
[2024-07-25T15:01:20.887-0300] {local_task_job_runner.py:243} INFO - Task exited with return code 0
[2024-07-25T15:01:20.893-0300] {taskinstance.py:3503} INFO - 0 downstream tasks scheduled from follow-on schedule check
[2024-07-25T15:01:20.893-0300] {local_task_job_runner.py:222} INFO - ::endgroup::
