[2024-07-25T15:00:02.233-0300] {local_task_job_runner.py:120} INFO - ::group::Pre task execution logs
[2024-07-25T15:00:02.241-0300] {taskinstance.py:2076} INFO - Dependencies all met for dep_context=non-requeueable deps ti=<TaskInstance: Binance_5m.get_5m_info scheduled__2024-07-25T17:55:00+00:00 [queued]>
[2024-07-25T15:00:02.246-0300] {taskinstance.py:2076} INFO - Dependencies all met for dep_context=requeueable deps ti=<TaskInstance: Binance_5m.get_5m_info scheduled__2024-07-25T17:55:00+00:00 [queued]>
[2024-07-25T15:00:02.246-0300] {taskinstance.py:2306} INFO - Starting attempt 1 of 1
[2024-07-25T15:00:02.270-0300] {taskinstance.py:2330} INFO - Executing <Task(PythonOperator): get_5m_info> on 2024-07-25 17:55:00+00:00
[2024-07-25T15:00:02.273-0300] {standard_task_runner.py:64} INFO - Started process 2619480 to run task
[2024-07-25T15:00:02.275-0300] {standard_task_runner.py:90} INFO - Running: ['airflow', 'tasks', 'run', 'Binance_5m', 'get_5m_info', 'scheduled__2024-07-25T17:55:00+00:00', '--job-id', '2460', '--raw', '--subdir', 'DAGS_FOLDER/binance_dag.py', '--cfg-path', '/tmp/tmpihnqc4bi']
[2024-07-25T15:00:02.276-0300] {standard_task_runner.py:91} INFO - Job 2460: Subtask get_5m_info
[2024-07-25T15:00:02.305-0300] {task_command.py:426} INFO - Running <TaskInstance: Binance_5m.get_5m_info scheduled__2024-07-25T17:55:00+00:00 [running]> on host Galaxybook.
[2024-07-25T15:00:02.359-0300] {taskinstance.py:2648} INFO - Exporting env vars: AIRFLOW_CTX_DAG_OWNER='airflow' AIRFLOW_CTX_DAG_ID='Binance_5m' AIRFLOW_CTX_TASK_ID='get_5m_info' AIRFLOW_CTX_EXECUTION_DATE='2024-07-25T17:55:00+00:00' AIRFLOW_CTX_TRY_NUMBER='1' AIRFLOW_CTX_DAG_RUN_ID='scheduled__2024-07-25T17:55:00+00:00'
[2024-07-25T15:00:02.359-0300] {taskinstance.py:430} INFO - ::endgroup::
[2024-07-25T15:00:02.369-0300] {binance_dag.py:23} INFO - End Time: 2024-07-25T18:00:00.00Z
[2024-07-25T15:00:02.369-0300] {binance_dag.py:24} INFO - Start Time: 2024-07-25T17:55:00.00Z
[2024-07-25T15:00:02.437-0300] {base.py:84} INFO - Using connection ID 'binance_default' for task execution.
[2024-07-25T15:00:02.438-0300] {logging_mixin.py:188} INFO - https://api.binance.com
[2024-07-25T15:00:02.438-0300] {binance_hook.py:35} INFO - URL: https://api.binance.com/api/v3/klines?symbol=BTCBRL&interval=5m&startTime=1721940900000&endTime=1721941199999
[2024-07-25T15:00:05.259-0300] {binance_dag.py:43} INFO - r: []
[2024-07-25T15:00:05.260-0300] {python.py:237} INFO - Done. Returned value was: None
[2024-07-25T15:00:05.261-0300] {taskinstance.py:441} INFO - ::group::Post task execution logs
[2024-07-25T15:00:05.264-0300] {taskinstance.py:1206} INFO - Marking task as SUCCESS. dag_id=Binance_5m, task_id=get_5m_info, run_id=scheduled__2024-07-25T17:55:00+00:00, execution_date=20240725T175500, start_date=20240725T180002, end_date=20240725T180005
[2024-07-25T15:00:05.307-0300] {local_task_job_runner.py:243} INFO - Task exited with return code 0
[2024-07-25T15:00:05.314-0300] {taskinstance.py:3503} INFO - 0 downstream tasks scheduled from follow-on schedule check
[2024-07-25T15:00:05.315-0300] {local_task_job_runner.py:222} INFO - ::endgroup::
[2024-07-25T15:24:51.501-0300] {local_task_job_runner.py:120} INFO - ::group::Pre task execution logs
[2024-07-25T15:24:51.506-0300] {taskinstance.py:2076} INFO - Dependencies all met for dep_context=non-requeueable deps ti=<TaskInstance: Binance_5m.get_5m_info scheduled__2024-07-25T17:55:00+00:00 [queued]>
[2024-07-25T15:24:51.510-0300] {taskinstance.py:2076} INFO - Dependencies all met for dep_context=requeueable deps ti=<TaskInstance: Binance_5m.get_5m_info scheduled__2024-07-25T17:55:00+00:00 [queued]>
[2024-07-25T15:24:51.510-0300] {taskinstance.py:2306} INFO - Starting attempt 1 of 1
[2024-07-25T15:24:51.524-0300] {taskinstance.py:2330} INFO - Executing <Task(PythonOperator): get_5m_info> on 2024-07-25 17:55:00+00:00
[2024-07-25T15:24:51.526-0300] {standard_task_runner.py:64} INFO - Started process 2636519 to run task
[2024-07-25T15:24:51.528-0300] {standard_task_runner.py:90} INFO - Running: ['airflow', 'tasks', 'run', 'Binance_5m', 'get_5m_info', 'scheduled__2024-07-25T17:55:00+00:00', '--job-id', '2750', '--raw', '--subdir', 'DAGS_FOLDER/binance_dag.py', '--cfg-path', '/tmp/tmpjhfu21zn']
[2024-07-25T15:24:51.529-0300] {standard_task_runner.py:91} INFO - Job 2750: Subtask get_5m_info
[2024-07-25T15:24:51.556-0300] {task_command.py:426} INFO - Running <TaskInstance: Binance_5m.get_5m_info scheduled__2024-07-25T17:55:00+00:00 [running]> on host Galaxybook.
[2024-07-25T15:24:51.609-0300] {taskinstance.py:2648} INFO - Exporting env vars: AIRFLOW_CTX_DAG_OWNER='airflow' AIRFLOW_CTX_DAG_ID='Binance_5m' AIRFLOW_CTX_TASK_ID='get_5m_info' AIRFLOW_CTX_EXECUTION_DATE='2024-07-25T17:55:00+00:00' AIRFLOW_CTX_TRY_NUMBER='1' AIRFLOW_CTX_DAG_RUN_ID='scheduled__2024-07-25T17:55:00+00:00'
[2024-07-25T15:24:51.610-0300] {taskinstance.py:430} INFO - ::endgroup::
[2024-07-25T15:24:51.617-0300] {binance_dag.py:23} INFO - End Time: 2024-07-25T18:00:00.00Z
[2024-07-25T15:24:51.617-0300] {binance_dag.py:24} INFO - Start Time: 2024-07-25T17:55:00.00Z
[2024-07-25T15:24:51.669-0300] {binance_dag.py:25} INFO - 1721940900000
[2024-07-25T15:24:51.671-0300] {base.py:84} INFO - Using connection ID 'binance_default' for task execution.
[2024-07-25T15:24:51.671-0300] {logging_mixin.py:188} INFO - https://api.binance.com
[2024-07-25T15:24:51.672-0300] {binance_hook.py:35} INFO - URL: https://api.binance.com/api/v3/klines?symbol=BTCBRL&interval=5m&startTime=1721940900000&endTime=1721941199999
[2024-07-25T15:24:52.093-0300] {python.py:237} INFO - Done. Returned value was: None
[2024-07-25T15:24:52.094-0300] {taskinstance.py:441} INFO - ::group::Post task execution logs
[2024-07-25T15:24:52.097-0300] {taskinstance.py:1206} INFO - Marking task as SUCCESS. dag_id=Binance_5m, task_id=get_5m_info, run_id=scheduled__2024-07-25T17:55:00+00:00, execution_date=20240725T175500, start_date=20240725T182451, end_date=20240725T182452
[2024-07-25T15:24:52.154-0300] {local_task_job_runner.py:243} INFO - Task exited with return code 0
[2024-07-25T15:24:52.163-0300] {taskinstance.py:3503} INFO - 0 downstream tasks scheduled from follow-on schedule check
[2024-07-25T15:24:52.164-0300] {local_task_job_runner.py:222} INFO - ::endgroup::
[2024-07-25T16:24:10.142-0300] {local_task_job_runner.py:120} INFO - ::group::Pre task execution logs
[2024-07-25T16:24:10.150-0300] {taskinstance.py:2076} INFO - Dependencies all met for dep_context=non-requeueable deps ti=<TaskInstance: Binance_5m.get_5m_info scheduled__2024-07-25T17:55:00+00:00 [queued]>
[2024-07-25T16:24:10.154-0300] {taskinstance.py:2076} INFO - Dependencies all met for dep_context=requeueable deps ti=<TaskInstance: Binance_5m.get_5m_info scheduled__2024-07-25T17:55:00+00:00 [queued]>
[2024-07-25T16:24:10.154-0300] {taskinstance.py:2306} INFO - Starting attempt 1 of 1
[2024-07-25T16:24:10.169-0300] {taskinstance.py:2330} INFO - Executing <Task(PythonOperator): get_5m_info> on 2024-07-25 17:55:00+00:00
[2024-07-25T16:24:10.171-0300] {standard_task_runner.py:64} INFO - Started process 2667226 to run task
[2024-07-25T16:24:10.174-0300] {standard_task_runner.py:90} INFO - Running: ['airflow', 'tasks', 'run', 'Binance_5m', 'get_5m_info', 'scheduled__2024-07-25T17:55:00+00:00', '--job-id', '2398', '--raw', '--subdir', 'DAGS_FOLDER/binance_dag.py', '--cfg-path', '/tmp/tmp9rrb474v']
[2024-07-25T16:24:10.175-0300] {standard_task_runner.py:91} INFO - Job 2398: Subtask get_5m_info
[2024-07-25T16:24:10.208-0300] {task_command.py:426} INFO - Running <TaskInstance: Binance_5m.get_5m_info scheduled__2024-07-25T17:55:00+00:00 [running]> on host Galaxybook.
[2024-07-25T16:24:10.279-0300] {taskinstance.py:2648} INFO - Exporting env vars: AIRFLOW_CTX_DAG_OWNER='airflow' AIRFLOW_CTX_DAG_ID='Binance_5m' AIRFLOW_CTX_TASK_ID='get_5m_info' AIRFLOW_CTX_EXECUTION_DATE='2024-07-25T17:55:00+00:00' AIRFLOW_CTX_TRY_NUMBER='1' AIRFLOW_CTX_DAG_RUN_ID='scheduled__2024-07-25T17:55:00+00:00'
[2024-07-25T16:24:10.279-0300] {taskinstance.py:430} INFO - ::endgroup::
[2024-07-25T16:24:10.289-0300] {binance_dag.py:22} INFO - End Time: 2024-07-25 18:00:00+00:00
[2024-07-25T16:24:10.289-0300] {binance_dag.py:23} INFO - Start Time: 2024-07-25 17:55:00+00:00
[2024-07-25T16:24:10.290-0300] {binance_dag.py:24} INFO - Start timestamp: 1721930100000
[2024-07-25T16:24:10.290-0300] {binance_dag.py:25} INFO - End timestamp: 1721930400000
[2024-07-25T16:24:10.368-0300] {base.py:84} INFO - Using connection ID 'binance_default' for task execution.
[2024-07-25T16:24:10.369-0300] {logging_mixin.py:188} INFO - https://api.binance.com
[2024-07-25T16:24:10.369-0300] {binance_hook.py:35} INFO - URL: https://api.binance.com/api/v3/klines?symbol=BTCBRL&interval=5m&startTime=1721930100000&endTime=1721930399999&timeZone=-3
[2024-07-25T16:24:10.771-0300] {python.py:237} INFO - Done. Returned value was: None
[2024-07-25T16:24:10.772-0300] {taskinstance.py:441} INFO - ::group::Post task execution logs
[2024-07-25T16:24:10.774-0300] {taskinstance.py:1206} INFO - Marking task as SUCCESS. dag_id=Binance_5m, task_id=get_5m_info, run_id=scheduled__2024-07-25T17:55:00+00:00, execution_date=20240725T175500, start_date=20240725T192410, end_date=20240725T192410
[2024-07-25T16:24:10.794-0300] {local_task_job_runner.py:243} INFO - Task exited with return code 0
[2024-07-25T16:24:10.801-0300] {taskinstance.py:3503} INFO - 0 downstream tasks scheduled from follow-on schedule check
[2024-07-25T16:24:10.801-0300] {local_task_job_runner.py:222} INFO - ::endgroup::
