[2024-07-25T14:51:00.265-0300] {local_task_job_runner.py:120} INFO - ::group::Pre task execution logs
[2024-07-25T14:51:00.271-0300] {taskinstance.py:2076} INFO - Dependencies all met for dep_context=non-requeueable deps ti=<TaskInstance: Binance_5m.get_5m_info scheduled__2024-07-25T09:20:00+00:00 [queued]>
[2024-07-25T14:51:00.274-0300] {taskinstance.py:2076} INFO - Dependencies all met for dep_context=requeueable deps ti=<TaskInstance: Binance_5m.get_5m_info scheduled__2024-07-25T09:20:00+00:00 [queued]>
[2024-07-25T14:51:00.274-0300] {taskinstance.py:2306} INFO - Starting attempt 1 of 1
[2024-07-25T14:51:00.287-0300] {taskinstance.py:2330} INFO - Executing <Task(PythonOperator): get_5m_info> on 2024-07-25 09:20:00+00:00
[2024-07-25T14:51:00.289-0300] {standard_task_runner.py:64} INFO - Started process 2610385 to run task
[2024-07-25T14:51:00.291-0300] {standard_task_runner.py:90} INFO - Running: ['airflow', 'tasks', 'run', 'Binance_5m', 'get_5m_info', 'scheduled__2024-07-25T09:20:00+00:00', '--job-id', '2204', '--raw', '--subdir', 'DAGS_FOLDER/binance_dag.py', '--cfg-path', '/tmp/tmpeeiyh6t0']
[2024-07-25T14:51:00.292-0300] {standard_task_runner.py:91} INFO - Job 2204: Subtask get_5m_info
[2024-07-25T14:51:00.318-0300] {task_command.py:426} INFO - Running <TaskInstance: Binance_5m.get_5m_info scheduled__2024-07-25T09:20:00+00:00 [running]> on host Galaxybook.
[2024-07-25T14:51:00.369-0300] {taskinstance.py:2648} INFO - Exporting env vars: AIRFLOW_CTX_DAG_OWNER='airflow' AIRFLOW_CTX_DAG_ID='Binance_5m' AIRFLOW_CTX_TASK_ID='get_5m_info' AIRFLOW_CTX_EXECUTION_DATE='2024-07-25T09:20:00+00:00' AIRFLOW_CTX_TRY_NUMBER='1' AIRFLOW_CTX_DAG_RUN_ID='scheduled__2024-07-25T09:20:00+00:00'
[2024-07-25T14:51:00.370-0300] {taskinstance.py:430} INFO - ::endgroup::
[2024-07-25T14:51:00.378-0300] {binance_dag.py:23} INFO - End Time: 2024-07-25T09:25:00.00Z
[2024-07-25T14:51:00.378-0300] {binance_dag.py:24} INFO - Start Time: 2024-07-25T09:20:00.00Z
[2024-07-25T14:51:00.448-0300] {base.py:84} INFO - Using connection ID 'binance_default' for task execution.
[2024-07-25T14:51:00.449-0300] {logging_mixin.py:188} INFO - https://api.binance.com
[2024-07-25T14:51:00.449-0300] {binance_hook.py:35} INFO - URL: https://api.binance.com/api/v3/klines?symbol=BTCBRL&interval=5m&startTime=1721910000000&endTime=1721910299999
[2024-07-25T14:51:00.839-0300] {binance_dag.py:43} INFO - r: [[1721910000000, '365977.00000000', '365998.00000000', '365231.00000000', '365359.00000000', '0.51541000', 1721910299999, '188455.88734000', 130, '0.30158000', '110304.18919000', '0']]
[2024-07-25T14:51:00.840-0300] {python.py:237} INFO - Done. Returned value was: None
[2024-07-25T14:51:00.841-0300] {taskinstance.py:441} INFO - ::group::Post task execution logs
[2024-07-25T14:51:00.843-0300] {taskinstance.py:1206} INFO - Marking task as SUCCESS. dag_id=Binance_5m, task_id=get_5m_info, run_id=scheduled__2024-07-25T09:20:00+00:00, execution_date=20240725T092000, start_date=20240725T175100, end_date=20240725T175100
[2024-07-25T14:51:00.873-0300] {local_task_job_runner.py:243} INFO - Task exited with return code 0
[2024-07-25T14:51:00.880-0300] {taskinstance.py:3503} INFO - 0 downstream tasks scheduled from follow-on schedule check
[2024-07-25T14:51:00.880-0300] {local_task_job_runner.py:222} INFO - ::endgroup::
[2024-07-25T15:21:03.056-0300] {local_task_job_runner.py:120} INFO - ::group::Pre task execution logs
[2024-07-25T15:21:03.062-0300] {taskinstance.py:2076} INFO - Dependencies all met for dep_context=non-requeueable deps ti=<TaskInstance: Binance_5m.get_5m_info scheduled__2024-07-25T09:20:00+00:00 [queued]>
[2024-07-25T15:21:03.065-0300] {taskinstance.py:2076} INFO - Dependencies all met for dep_context=requeueable deps ti=<TaskInstance: Binance_5m.get_5m_info scheduled__2024-07-25T09:20:00+00:00 [queued]>
[2024-07-25T15:21:03.065-0300] {taskinstance.py:2306} INFO - Starting attempt 1 of 1
[2024-07-25T15:21:03.078-0300] {taskinstance.py:2330} INFO - Executing <Task(PythonOperator): get_5m_info> on 2024-07-25 09:20:00+00:00
[2024-07-25T15:21:03.080-0300] {standard_task_runner.py:64} INFO - Started process 2632781 to run task
[2024-07-25T15:21:03.082-0300] {standard_task_runner.py:90} INFO - Running: ['airflow', 'tasks', 'run', 'Binance_5m', 'get_5m_info', 'scheduled__2024-07-25T09:20:00+00:00', '--job-id', '2647', '--raw', '--subdir', 'DAGS_FOLDER/binance_dag.py', '--cfg-path', '/tmp/tmpwd2mgl45']
[2024-07-25T15:21:03.083-0300] {standard_task_runner.py:91} INFO - Job 2647: Subtask get_5m_info
[2024-07-25T15:21:03.107-0300] {task_command.py:426} INFO - Running <TaskInstance: Binance_5m.get_5m_info scheduled__2024-07-25T09:20:00+00:00 [running]> on host Galaxybook.
[2024-07-25T15:21:03.158-0300] {taskinstance.py:2648} INFO - Exporting env vars: AIRFLOW_CTX_DAG_OWNER='airflow' AIRFLOW_CTX_DAG_ID='Binance_5m' AIRFLOW_CTX_TASK_ID='get_5m_info' AIRFLOW_CTX_EXECUTION_DATE='2024-07-25T09:20:00+00:00' AIRFLOW_CTX_TRY_NUMBER='1' AIRFLOW_CTX_DAG_RUN_ID='scheduled__2024-07-25T09:20:00+00:00'
[2024-07-25T15:21:03.158-0300] {taskinstance.py:430} INFO - ::endgroup::
[2024-07-25T15:21:03.166-0300] {binance_dag.py:23} INFO - End Time: 2024-07-25T09:25:00.00Z
[2024-07-25T15:21:03.166-0300] {binance_dag.py:24} INFO - Start Time: 2024-07-25T09:20:00.00Z
[2024-07-25T15:21:03.219-0300] {binance_dag.py:25} INFO - 1721910000000
[2024-07-25T15:21:03.222-0300] {base.py:84} INFO - Using connection ID 'binance_default' for task execution.
[2024-07-25T15:21:03.222-0300] {logging_mixin.py:188} INFO - https://api.binance.com
[2024-07-25T15:21:03.223-0300] {binance_hook.py:35} INFO - URL: https://api.binance.com/api/v3/klines?symbol=BTCBRL&interval=5m&startTime=1721910000000&endTime=1721910299999
[2024-07-25T15:21:03.628-0300] {python.py:237} INFO - Done. Returned value was: None
[2024-07-25T15:21:03.628-0300] {taskinstance.py:441} INFO - ::group::Post task execution logs
[2024-07-25T15:21:03.630-0300] {taskinstance.py:1206} INFO - Marking task as SUCCESS. dag_id=Binance_5m, task_id=get_5m_info, run_id=scheduled__2024-07-25T09:20:00+00:00, execution_date=20240725T092000, start_date=20240725T182103, end_date=20240725T182103
[2024-07-25T15:21:03.668-0300] {local_task_job_runner.py:243} INFO - Task exited with return code 0
[2024-07-25T15:21:03.676-0300] {taskinstance.py:3503} INFO - 0 downstream tasks scheduled from follow-on schedule check
[2024-07-25T15:21:03.677-0300] {local_task_job_runner.py:222} INFO - ::endgroup::
[2024-07-25T16:17:52.209-0300] {local_task_job_runner.py:120} INFO - ::group::Pre task execution logs
[2024-07-25T16:17:52.217-0300] {taskinstance.py:2076} INFO - Dependencies all met for dep_context=non-requeueable deps ti=<TaskInstance: Binance_5m.get_5m_info scheduled__2024-07-25T09:20:00+00:00 [queued]>
[2024-07-25T16:17:52.220-0300] {taskinstance.py:2076} INFO - Dependencies all met for dep_context=requeueable deps ti=<TaskInstance: Binance_5m.get_5m_info scheduled__2024-07-25T09:20:00+00:00 [queued]>
[2024-07-25T16:17:52.220-0300] {taskinstance.py:2306} INFO - Starting attempt 1 of 1
[2024-07-25T16:17:52.235-0300] {taskinstance.py:2330} INFO - Executing <Task(PythonOperator): get_5m_info> on 2024-07-25 09:20:00+00:00
[2024-07-25T16:17:52.238-0300] {standard_task_runner.py:64} INFO - Started process 2660837 to run task
[2024-07-25T16:17:52.240-0300] {standard_task_runner.py:90} INFO - Running: ['airflow', 'tasks', 'run', 'Binance_5m', 'get_5m_info', 'scheduled__2024-07-25T09:20:00+00:00', '--job-id', '2210', '--raw', '--subdir', 'DAGS_FOLDER/binance_dag.py', '--cfg-path', '/tmp/tmpubp2w4xz']
[2024-07-25T16:17:52.241-0300] {standard_task_runner.py:91} INFO - Job 2210: Subtask get_5m_info
[2024-07-25T16:17:52.269-0300] {task_command.py:426} INFO - Running <TaskInstance: Binance_5m.get_5m_info scheduled__2024-07-25T09:20:00+00:00 [running]> on host Galaxybook.
[2024-07-25T16:17:52.321-0300] {taskinstance.py:2648} INFO - Exporting env vars: AIRFLOW_CTX_DAG_OWNER='airflow' AIRFLOW_CTX_DAG_ID='Binance_5m' AIRFLOW_CTX_TASK_ID='get_5m_info' AIRFLOW_CTX_EXECUTION_DATE='2024-07-25T09:20:00+00:00' AIRFLOW_CTX_TRY_NUMBER='1' AIRFLOW_CTX_DAG_RUN_ID='scheduled__2024-07-25T09:20:00+00:00'
[2024-07-25T16:17:52.322-0300] {taskinstance.py:430} INFO - ::endgroup::
[2024-07-25T16:17:52.331-0300] {binance_dag.py:22} INFO - End Time: 2024-07-25 09:25:00+00:00
[2024-07-25T16:17:52.331-0300] {binance_dag.py:23} INFO - Start Time: 2024-07-25 09:20:00+00:00
[2024-07-25T16:17:52.331-0300] {binance_dag.py:24} INFO - Start timestamp: 1721899200000
[2024-07-25T16:17:52.331-0300] {binance_dag.py:25} INFO - End timestamp: 1721899500000
[2024-07-25T16:17:52.391-0300] {base.py:84} INFO - Using connection ID 'binance_default' for task execution.
[2024-07-25T16:17:52.391-0300] {logging_mixin.py:188} INFO - https://api.binance.com
[2024-07-25T16:17:52.392-0300] {binance_hook.py:35} INFO - URL: https://api.binance.com/api/v3/klines?symbol=BTCBRL&interval=5m&startTime=1721899200000&endTime=1721899499999&timeZone=-3
[2024-07-25T16:17:52.796-0300] {python.py:237} INFO - Done. Returned value was: None
[2024-07-25T16:17:52.797-0300] {taskinstance.py:441} INFO - ::group::Post task execution logs
[2024-07-25T16:17:52.799-0300] {taskinstance.py:1206} INFO - Marking task as SUCCESS. dag_id=Binance_5m, task_id=get_5m_info, run_id=scheduled__2024-07-25T09:20:00+00:00, execution_date=20240725T092000, start_date=20240725T191752, end_date=20240725T191752
[2024-07-25T16:17:52.821-0300] {local_task_job_runner.py:243} INFO - Task exited with return code 0
[2024-07-25T16:17:52.828-0300] {taskinstance.py:3503} INFO - 0 downstream tasks scheduled from follow-on schedule check
[2024-07-25T16:17:52.828-0300] {local_task_job_runner.py:222} INFO - ::endgroup::
