[2024-07-25T14:05:02.870-0300] {local_task_job_runner.py:120} INFO - ::group::Pre task execution logs
[2024-07-25T14:05:02.876-0300] {taskinstance.py:2076} INFO - Dependencies all met for dep_context=non-requeueable deps ti=<TaskInstance: Binance_5m.get_5m_info scheduled__2024-07-25T17:00:00+00:00 [queued]>
[2024-07-25T14:05:02.880-0300] {taskinstance.py:2076} INFO - Dependencies all met for dep_context=requeueable deps ti=<TaskInstance: Binance_5m.get_5m_info scheduled__2024-07-25T17:00:00+00:00 [queued]>
[2024-07-25T14:05:02.880-0300] {taskinstance.py:2306} INFO - Starting attempt 1 of 1
[2024-07-25T14:05:02.896-0300] {taskinstance.py:2330} INFO - Executing <Task(PythonOperator): get_5m_info> on 2024-07-25 17:00:00+00:00
[2024-07-25T14:05:02.898-0300] {standard_task_runner.py:64} INFO - Started process 2577354 to run task
[2024-07-25T14:05:02.900-0300] {standard_task_runner.py:90} INFO - Running: ['airflow', 'tasks', 'run', 'Binance_5m', 'get_5m_info', 'scheduled__2024-07-25T17:00:00+00:00', '--job-id', '2108', '--raw', '--subdir', 'DAGS_FOLDER/binance_dag.py', '--cfg-path', '/tmp/tmpno8sq4xc']
[2024-07-25T14:05:02.901-0300] {standard_task_runner.py:91} INFO - Job 2108: Subtask get_5m_info
[2024-07-25T14:05:02.927-0300] {task_command.py:426} INFO - Running <TaskInstance: Binance_5m.get_5m_info scheduled__2024-07-25T17:00:00+00:00 [running]> on host Galaxybook.
[2024-07-25T14:05:02.986-0300] {taskinstance.py:2648} INFO - Exporting env vars: AIRFLOW_CTX_DAG_OWNER='airflow' AIRFLOW_CTX_DAG_ID='Binance_5m' AIRFLOW_CTX_TASK_ID='get_5m_info' AIRFLOW_CTX_EXECUTION_DATE='2024-07-25T17:00:00+00:00' AIRFLOW_CTX_TRY_NUMBER='1' AIRFLOW_CTX_DAG_RUN_ID='scheduled__2024-07-25T17:00:00+00:00'
[2024-07-25T14:05:02.986-0300] {taskinstance.py:430} INFO - ::endgroup::
[2024-07-25T14:05:02.996-0300] {binance_dag.py:22} INFO - End Time: 2024-07-25T17:05:00.00Z
[2024-07-25T14:05:03.065-0300] {base.py:84} INFO - Using connection ID 'binance_default' for task execution.
[2024-07-25T14:05:03.066-0300] {logging_mixin.py:188} INFO - https://api.binance.com
[2024-07-25T14:05:03.066-0300] {binance_hook.py:35} INFO - URL: https://api.binance.com/api/v3/klines?symbol=BTCBRL&interval=5m&startTime=1721937600000&endTime=1721937900000
[2024-07-25T14:05:03.988-0300] {python.py:237} INFO - Done. Returned value was: None
[2024-07-25T14:05:03.989-0300] {taskinstance.py:441} INFO - ::group::Post task execution logs
[2024-07-25T14:05:03.991-0300] {taskinstance.py:1206} INFO - Marking task as SUCCESS. dag_id=Binance_5m, task_id=get_5m_info, run_id=scheduled__2024-07-25T17:00:00+00:00, execution_date=20240725T170000, start_date=20240725T170502, end_date=20240725T170503
[2024-07-25T14:05:04.015-0300] {local_task_job_runner.py:243} INFO - Task exited with return code 0
[2024-07-25T14:05:04.022-0300] {taskinstance.py:3503} INFO - 0 downstream tasks scheduled from follow-on schedule check
[2024-07-25T14:05:04.022-0300] {local_task_job_runner.py:222} INFO - ::endgroup::
[2024-07-25T14:54:58.941-0300] {local_task_job_runner.py:120} INFO - ::group::Pre task execution logs
[2024-07-25T14:54:58.947-0300] {taskinstance.py:2076} INFO - Dependencies all met for dep_context=non-requeueable deps ti=<TaskInstance: Binance_5m.get_5m_info scheduled__2024-07-25T17:00:00+00:00 [queued]>
[2024-07-25T14:54:58.951-0300] {taskinstance.py:2076} INFO - Dependencies all met for dep_context=requeueable deps ti=<TaskInstance: Binance_5m.get_5m_info scheduled__2024-07-25T17:00:00+00:00 [queued]>
[2024-07-25T14:54:58.951-0300] {taskinstance.py:2306} INFO - Starting attempt 1 of 1
[2024-07-25T14:54:58.963-0300] {taskinstance.py:2330} INFO - Executing <Task(PythonOperator): get_5m_info> on 2024-07-25 17:00:00+00:00
[2024-07-25T14:54:58.965-0300] {standard_task_runner.py:64} INFO - Started process 2614417 to run task
[2024-07-25T14:54:58.967-0300] {standard_task_runner.py:90} INFO - Running: ['airflow', 'tasks', 'run', 'Binance_5m', 'get_5m_info', 'scheduled__2024-07-25T17:00:00+00:00', '--job-id', '2310', '--raw', '--subdir', 'DAGS_FOLDER/binance_dag.py', '--cfg-path', '/tmp/tmp27xkhtm7']
[2024-07-25T14:54:58.968-0300] {standard_task_runner.py:91} INFO - Job 2310: Subtask get_5m_info
[2024-07-25T14:54:58.997-0300] {task_command.py:426} INFO - Running <TaskInstance: Binance_5m.get_5m_info scheduled__2024-07-25T17:00:00+00:00 [running]> on host Galaxybook.
[2024-07-25T14:54:59.050-0300] {taskinstance.py:2648} INFO - Exporting env vars: AIRFLOW_CTX_DAG_OWNER='airflow' AIRFLOW_CTX_DAG_ID='Binance_5m' AIRFLOW_CTX_TASK_ID='get_5m_info' AIRFLOW_CTX_EXECUTION_DATE='2024-07-25T17:00:00+00:00' AIRFLOW_CTX_TRY_NUMBER='1' AIRFLOW_CTX_DAG_RUN_ID='scheduled__2024-07-25T17:00:00+00:00'
[2024-07-25T14:54:59.050-0300] {taskinstance.py:430} INFO - ::endgroup::
[2024-07-25T14:54:59.058-0300] {binance_dag.py:23} INFO - End Time: 2024-07-25T17:05:00.00Z
[2024-07-25T14:54:59.058-0300] {binance_dag.py:24} INFO - Start Time: 2024-07-25T17:00:00.00Z
[2024-07-25T14:54:59.115-0300] {base.py:84} INFO - Using connection ID 'binance_default' for task execution.
[2024-07-25T14:54:59.115-0300] {logging_mixin.py:188} INFO - https://api.binance.com
[2024-07-25T14:54:59.116-0300] {binance_hook.py:35} INFO - URL: https://api.binance.com/api/v3/klines?symbol=BTCBRL&interval=5m&startTime=1721937600000&endTime=1721937899999
[2024-07-25T14:54:59.509-0300] {binance_dag.py:43} INFO - r: []
[2024-07-25T14:54:59.510-0300] {python.py:237} INFO - Done. Returned value was: None
[2024-07-25T14:54:59.511-0300] {taskinstance.py:441} INFO - ::group::Post task execution logs
[2024-07-25T14:54:59.514-0300] {taskinstance.py:1206} INFO - Marking task as SUCCESS. dag_id=Binance_5m, task_id=get_5m_info, run_id=scheduled__2024-07-25T17:00:00+00:00, execution_date=20240725T170000, start_date=20240725T175458, end_date=20240725T175459
[2024-07-25T14:54:59.550-0300] {local_task_job_runner.py:243} INFO - Task exited with return code 0
[2024-07-25T14:54:59.557-0300] {taskinstance.py:3503} INFO - 0 downstream tasks scheduled from follow-on schedule check
[2024-07-25T14:54:59.558-0300] {local_task_job_runner.py:222} INFO - ::endgroup::
[2024-07-25T15:24:28.223-0300] {local_task_job_runner.py:120} INFO - ::group::Pre task execution logs
[2024-07-25T15:24:28.228-0300] {taskinstance.py:2076} INFO - Dependencies all met for dep_context=non-requeueable deps ti=<TaskInstance: Binance_5m.get_5m_info scheduled__2024-07-25T17:00:00+00:00 [queued]>
[2024-07-25T15:24:28.231-0300] {taskinstance.py:2076} INFO - Dependencies all met for dep_context=requeueable deps ti=<TaskInstance: Binance_5m.get_5m_info scheduled__2024-07-25T17:00:00+00:00 [queued]>
[2024-07-25T15:24:28.231-0300] {taskinstance.py:2306} INFO - Starting attempt 1 of 1
[2024-07-25T15:24:28.242-0300] {taskinstance.py:2330} INFO - Executing <Task(PythonOperator): get_5m_info> on 2024-07-25 17:00:00+00:00
[2024-07-25T15:24:28.244-0300] {standard_task_runner.py:64} INFO - Started process 2636185 to run task
[2024-07-25T15:24:28.246-0300] {standard_task_runner.py:90} INFO - Running: ['airflow', 'tasks', 'run', 'Binance_5m', 'get_5m_info', 'scheduled__2024-07-25T17:00:00+00:00', '--job-id', '2739', '--raw', '--subdir', 'DAGS_FOLDER/binance_dag.py', '--cfg-path', '/tmp/tmp9wy7hbxv']
[2024-07-25T15:24:28.247-0300] {standard_task_runner.py:91} INFO - Job 2739: Subtask get_5m_info
[2024-07-25T15:24:28.273-0300] {task_command.py:426} INFO - Running <TaskInstance: Binance_5m.get_5m_info scheduled__2024-07-25T17:00:00+00:00 [running]> on host Galaxybook.
[2024-07-25T15:24:28.323-0300] {taskinstance.py:2648} INFO - Exporting env vars: AIRFLOW_CTX_DAG_OWNER='airflow' AIRFLOW_CTX_DAG_ID='Binance_5m' AIRFLOW_CTX_TASK_ID='get_5m_info' AIRFLOW_CTX_EXECUTION_DATE='2024-07-25T17:00:00+00:00' AIRFLOW_CTX_TRY_NUMBER='1' AIRFLOW_CTX_DAG_RUN_ID='scheduled__2024-07-25T17:00:00+00:00'
[2024-07-25T15:24:28.323-0300] {taskinstance.py:430} INFO - ::endgroup::
[2024-07-25T15:24:28.331-0300] {binance_dag.py:23} INFO - End Time: 2024-07-25T17:05:00.00Z
[2024-07-25T15:24:28.331-0300] {binance_dag.py:24} INFO - Start Time: 2024-07-25T17:00:00.00Z
[2024-07-25T15:24:28.387-0300] {binance_dag.py:25} INFO - 1721937600000
[2024-07-25T15:24:28.389-0300] {base.py:84} INFO - Using connection ID 'binance_default' for task execution.
[2024-07-25T15:24:28.389-0300] {logging_mixin.py:188} INFO - https://api.binance.com
[2024-07-25T15:24:28.390-0300] {binance_hook.py:35} INFO - URL: https://api.binance.com/api/v3/klines?symbol=BTCBRL&interval=5m&startTime=1721937600000&endTime=1721937899999
[2024-07-25T15:24:28.786-0300] {python.py:237} INFO - Done. Returned value was: None
[2024-07-25T15:24:28.787-0300] {taskinstance.py:441} INFO - ::group::Post task execution logs
[2024-07-25T15:24:28.789-0300] {taskinstance.py:1206} INFO - Marking task as SUCCESS. dag_id=Binance_5m, task_id=get_5m_info, run_id=scheduled__2024-07-25T17:00:00+00:00, execution_date=20240725T170000, start_date=20240725T182428, end_date=20240725T182428
[2024-07-25T15:24:28.832-0300] {local_task_job_runner.py:243} INFO - Task exited with return code 0
[2024-07-25T15:24:28.839-0300] {taskinstance.py:3503} INFO - 0 downstream tasks scheduled from follow-on schedule check
[2024-07-25T15:24:28.839-0300] {local_task_job_runner.py:222} INFO - ::endgroup::
[2024-07-25T16:23:30.515-0300] {local_task_job_runner.py:120} INFO - ::group::Pre task execution logs
[2024-07-25T16:23:30.522-0300] {taskinstance.py:2076} INFO - Dependencies all met for dep_context=non-requeueable deps ti=<TaskInstance: Binance_5m.get_5m_info scheduled__2024-07-25T17:00:00+00:00 [queued]>
[2024-07-25T16:23:30.526-0300] {taskinstance.py:2076} INFO - Dependencies all met for dep_context=requeueable deps ti=<TaskInstance: Binance_5m.get_5m_info scheduled__2024-07-25T17:00:00+00:00 [queued]>
[2024-07-25T16:23:30.526-0300] {taskinstance.py:2306} INFO - Starting attempt 1 of 1
[2024-07-25T16:23:30.540-0300] {taskinstance.py:2330} INFO - Executing <Task(PythonOperator): get_5m_info> on 2024-07-25 17:00:00+00:00
[2024-07-25T16:23:30.542-0300] {standard_task_runner.py:64} INFO - Started process 2666570 to run task
[2024-07-25T16:23:30.544-0300] {standard_task_runner.py:90} INFO - Running: ['airflow', 'tasks', 'run', 'Binance_5m', 'get_5m_info', 'scheduled__2024-07-25T17:00:00+00:00', '--job-id', '2380', '--raw', '--subdir', 'DAGS_FOLDER/binance_dag.py', '--cfg-path', '/tmp/tmpejyvt5yw']
[2024-07-25T16:23:30.545-0300] {standard_task_runner.py:91} INFO - Job 2380: Subtask get_5m_info
[2024-07-25T16:23:30.574-0300] {task_command.py:426} INFO - Running <TaskInstance: Binance_5m.get_5m_info scheduled__2024-07-25T17:00:00+00:00 [running]> on host Galaxybook.
[2024-07-25T16:23:30.633-0300] {taskinstance.py:2648} INFO - Exporting env vars: AIRFLOW_CTX_DAG_OWNER='airflow' AIRFLOW_CTX_DAG_ID='Binance_5m' AIRFLOW_CTX_TASK_ID='get_5m_info' AIRFLOW_CTX_EXECUTION_DATE='2024-07-25T17:00:00+00:00' AIRFLOW_CTX_TRY_NUMBER='1' AIRFLOW_CTX_DAG_RUN_ID='scheduled__2024-07-25T17:00:00+00:00'
[2024-07-25T16:23:30.634-0300] {taskinstance.py:430} INFO - ::endgroup::
[2024-07-25T16:23:30.643-0300] {binance_dag.py:22} INFO - End Time: 2024-07-25 17:05:00+00:00
[2024-07-25T16:23:30.644-0300] {binance_dag.py:23} INFO - Start Time: 2024-07-25 17:00:00+00:00
[2024-07-25T16:23:30.644-0300] {binance_dag.py:24} INFO - Start timestamp: 1721926800000
[2024-07-25T16:23:30.644-0300] {binance_dag.py:25} INFO - End timestamp: 1721927100000
[2024-07-25T16:23:30.721-0300] {base.py:84} INFO - Using connection ID 'binance_default' for task execution.
[2024-07-25T16:23:30.721-0300] {logging_mixin.py:188} INFO - https://api.binance.com
[2024-07-25T16:23:30.722-0300] {binance_hook.py:35} INFO - URL: https://api.binance.com/api/v3/klines?symbol=BTCBRL&interval=5m&startTime=1721926800000&endTime=1721927099999&timeZone=-3
[2024-07-25T16:23:31.118-0300] {python.py:237} INFO - Done. Returned value was: None
[2024-07-25T16:23:31.119-0300] {taskinstance.py:441} INFO - ::group::Post task execution logs
[2024-07-25T16:23:31.122-0300] {taskinstance.py:1206} INFO - Marking task as SUCCESS. dag_id=Binance_5m, task_id=get_5m_info, run_id=scheduled__2024-07-25T17:00:00+00:00, execution_date=20240725T170000, start_date=20240725T192330, end_date=20240725T192331
[2024-07-25T16:23:31.165-0300] {local_task_job_runner.py:243} INFO - Task exited with return code 0
[2024-07-25T16:23:31.175-0300] {taskinstance.py:3503} INFO - 0 downstream tasks scheduled from follow-on schedule check
[2024-07-25T16:23:31.175-0300] {local_task_job_runner.py:222} INFO - ::endgroup::
