[2024-07-25T14:56:40.548-0300] {local_task_job_runner.py:120} INFO - ::group::Pre task execution logs
[2024-07-25T14:56:40.554-0300] {taskinstance.py:2076} INFO - Dependencies all met for dep_context=non-requeueable deps ti=<TaskInstance: Mercado_5m.get_5m_info scheduled__2024-07-25T04:10:00+00:00 [queued]>
[2024-07-25T14:56:40.557-0300] {taskinstance.py:2076} INFO - Dependencies all met for dep_context=requeueable deps ti=<TaskInstance: Mercado_5m.get_5m_info scheduled__2024-07-25T04:10:00+00:00 [queued]>
[2024-07-25T14:56:40.558-0300] {taskinstance.py:2306} INFO - Starting attempt 1 of 1
[2024-07-25T14:56:40.570-0300] {taskinstance.py:2330} INFO - Executing <Task(PythonOperator): get_5m_info> on 2024-07-25 04:10:00+00:00
[2024-07-25T14:56:40.572-0300] {standard_task_runner.py:64} INFO - Started process 2616144 to run task
[2024-07-25T14:56:40.574-0300] {standard_task_runner.py:90} INFO - Running: ['airflow', 'tasks', 'run', 'Mercado_5m', 'get_5m_info', 'scheduled__2024-07-25T04:10:00+00:00', '--job-id', '2361', '--raw', '--subdir', 'DAGS_FOLDER/mercado_dag.py', '--cfg-path', '/tmp/tmp1h78pvtf']
[2024-07-25T14:56:40.575-0300] {standard_task_runner.py:91} INFO - Job 2361: Subtask get_5m_info
[2024-07-25T14:56:40.602-0300] {task_command.py:426} INFO - Running <TaskInstance: Mercado_5m.get_5m_info scheduled__2024-07-25T04:10:00+00:00 [running]> on host Galaxybook.
[2024-07-25T14:56:40.659-0300] {taskinstance.py:2648} INFO - Exporting env vars: AIRFLOW_CTX_DAG_OWNER='airflow' AIRFLOW_CTX_DAG_ID='Mercado_5m' AIRFLOW_CTX_TASK_ID='get_5m_info' AIRFLOW_CTX_EXECUTION_DATE='2024-07-25T04:10:00+00:00' AIRFLOW_CTX_TRY_NUMBER='1' AIRFLOW_CTX_DAG_RUN_ID='scheduled__2024-07-25T04:10:00+00:00'
[2024-07-25T14:56:40.659-0300] {taskinstance.py:430} INFO - ::endgroup::
[2024-07-25T14:56:40.726-0300] {base.py:84} INFO - Using connection ID 'mercado_default' for task execution.
[2024-07-25T14:56:40.727-0300] {mercado_hook.py:31} INFO - URL: https://api.mercadobitcoin.net/api/v4/candles?symbol=BTC-BRL&resolution=5m&to=1721891700&from=1721891400
[2024-07-25T14:56:40.396-0300] {python.py:237} INFO - Done. Returned value was: None
[2024-07-25T14:56:40.398-0300] {taskinstance.py:441} INFO - ::group::Post task execution logs
[2024-07-25T14:56:40.401-0300] {taskinstance.py:1206} INFO - Marking task as SUCCESS. dag_id=Mercado_5m, task_id=get_5m_info, run_id=scheduled__2024-07-25T04:10:00+00:00, execution_date=20240725T041000, start_date=20240725T175640, end_date=20240725T175640
[2024-07-25T14:56:40.452-0300] {local_task_job_runner.py:243} INFO - Task exited with return code 0
[2024-07-25T14:56:40.467-0300] {taskinstance.py:3503} INFO - 0 downstream tasks scheduled from follow-on schedule check
[2024-07-25T14:56:40.467-0300] {local_task_job_runner.py:222} INFO - ::endgroup::
[2024-07-25T16:21:08.626-0300] {local_task_job_runner.py:120} INFO - ::group::Pre task execution logs
[2024-07-25T16:21:08.633-0300] {taskinstance.py:2076} INFO - Dependencies all met for dep_context=non-requeueable deps ti=<TaskInstance: Mercado_5m.get_5m_info scheduled__2024-07-25T04:10:00+00:00 [queued]>
[2024-07-25T16:21:08.636-0300] {taskinstance.py:2076} INFO - Dependencies all met for dep_context=requeueable deps ti=<TaskInstance: Mercado_5m.get_5m_info scheduled__2024-07-25T04:10:00+00:00 [queued]>
[2024-07-25T16:21:08.636-0300] {taskinstance.py:2306} INFO - Starting attempt 1 of 1
[2024-07-25T16:21:08.648-0300] {taskinstance.py:2330} INFO - Executing <Task(PythonOperator): get_5m_info> on 2024-07-25 04:10:00+00:00
[2024-07-25T16:21:08.650-0300] {standard_task_runner.py:64} INFO - Started process 2664184 to run task
[2024-07-25T16:21:08.652-0300] {standard_task_runner.py:90} INFO - Running: ['airflow', 'tasks', 'run', 'Mercado_5m', 'get_5m_info', 'scheduled__2024-07-25T04:10:00+00:00', '--job-id', '2311', '--raw', '--subdir', 'DAGS_FOLDER/mercado_dag.py', '--cfg-path', '/tmp/tmpe1s4a5j0']
[2024-07-25T16:21:08.654-0300] {standard_task_runner.py:91} INFO - Job 2311: Subtask get_5m_info
[2024-07-25T16:21:08.681-0300] {task_command.py:426} INFO - Running <TaskInstance: Mercado_5m.get_5m_info scheduled__2024-07-25T04:10:00+00:00 [running]> on host Galaxybook.
[2024-07-25T16:21:08.735-0300] {taskinstance.py:2648} INFO - Exporting env vars: AIRFLOW_CTX_DAG_OWNER='airflow' AIRFLOW_CTX_DAG_ID='Mercado_5m' AIRFLOW_CTX_TASK_ID='get_5m_info' AIRFLOW_CTX_EXECUTION_DATE='2024-07-25T04:10:00+00:00' AIRFLOW_CTX_TRY_NUMBER='1' AIRFLOW_CTX_DAG_RUN_ID='scheduled__2024-07-25T04:10:00+00:00'
[2024-07-25T16:21:08.736-0300] {taskinstance.py:430} INFO - ::endgroup::
[2024-07-25T16:21:08.743-0300] {mercado_dag.py:22} INFO - To: 2024-07-25 04:15:00+00:00
[2024-07-25T16:21:08.744-0300] {mercado_dag.py:23} INFO - From: 2024-07-25 04:10:00+00:00
[2024-07-25T16:21:08.744-0300] {mercado_dag.py:24} INFO - To timestamp: 1721880900 
[2024-07-25T16:21:08.744-0300] {mercado_dag.py:25} INFO - From timestamp: 1721880600 
[2024-07-25T16:21:08.810-0300] {base.py:84} INFO - Using connection ID 'mercado_default' for task execution.
[2024-07-25T16:21:08.810-0300] {mercado_hook.py:31} INFO - URL: https://api.mercadobitcoin.net/api/v4/candles?symbol=BTC-BRL&resolution=5m&to=1721880900&from=1721880600
[2024-07-25T16:21:09.097-0300] {python.py:237} INFO - Done. Returned value was: None
[2024-07-25T16:21:09.098-0300] {taskinstance.py:441} INFO - ::group::Post task execution logs
[2024-07-25T16:21:09.101-0300] {taskinstance.py:1206} INFO - Marking task as SUCCESS. dag_id=Mercado_5m, task_id=get_5m_info, run_id=scheduled__2024-07-25T04:10:00+00:00, execution_date=20240725T041000, start_date=20240725T192108, end_date=20240725T192109
[2024-07-25T16:21:09.147-0300] {local_task_job_runner.py:243} INFO - Task exited with return code 0
[2024-07-25T16:21:09.154-0300] {taskinstance.py:3503} INFO - 0 downstream tasks scheduled from follow-on schedule check
[2024-07-25T16:21:09.154-0300] {local_task_job_runner.py:222} INFO - ::endgroup::
