[2024-07-25T09:58:14.272-0300] {local_task_job_runner.py:120} INFO - ::group::Pre task execution logs
[2024-07-25T09:58:14.279-0300] {taskinstance.py:2076} INFO - Dependencies all met for dep_context=non-requeueable deps ti=<TaskInstance: Mercado_1m.get_1m_info scheduled__2024-07-25T10:59:00+00:00 [queued]>
[2024-07-25T09:58:14.284-0300] {taskinstance.py:2076} INFO - Dependencies all met for dep_context=requeueable deps ti=<TaskInstance: Mercado_1m.get_1m_info scheduled__2024-07-25T10:59:00+00:00 [queued]>
[2024-07-25T09:58:14.284-0300] {taskinstance.py:2306} INFO - Starting attempt 1 of 1
[2024-07-25T09:58:14.297-0300] {taskinstance.py:2330} INFO - Executing <Task(PythonOperator): get_1m_info> on 2024-07-25 10:59:00+00:00
[2024-07-25T09:58:14.299-0300] {standard_task_runner.py:64} INFO - Started process 2443308 to run task
[2024-07-25T09:58:14.301-0300] {standard_task_runner.py:90} INFO - Running: ['airflow', 'tasks', 'run', 'Mercado_1m', 'get_1m_info', 'scheduled__2024-07-25T10:59:00+00:00', '--job-id', '1895', '--raw', '--subdir', 'DAGS_FOLDER/mercado_dag.py', '--cfg-path', '/tmp/tmpi48jx3i5']
[2024-07-25T09:58:14.303-0300] {standard_task_runner.py:91} INFO - Job 1895: Subtask get_1m_info
[2024-07-25T09:58:14.326-0300] {task_command.py:426} INFO - Running <TaskInstance: Mercado_1m.get_1m_info scheduled__2024-07-25T10:59:00+00:00 [running]> on host Galaxybook.
[2024-07-25T09:58:14.375-0300] {taskinstance.py:2648} INFO - Exporting env vars: AIRFLOW_CTX_DAG_OWNER='airflow' AIRFLOW_CTX_DAG_ID='Mercado_1m' AIRFLOW_CTX_TASK_ID='get_1m_info' AIRFLOW_CTX_EXECUTION_DATE='2024-07-25T10:59:00+00:00' AIRFLOW_CTX_TRY_NUMBER='1' AIRFLOW_CTX_DAG_RUN_ID='scheduled__2024-07-25T10:59:00+00:00'
[2024-07-25T09:58:14.376-0300] {taskinstance.py:430} INFO - ::endgroup::
[2024-07-25T09:58:14.454-0300] {base.py:84} INFO - Using connection ID 'mercado_default' for task execution.
[2024-07-25T09:58:14.455-0300] {mercado_hook.py:26} INFO - BASE URL: https://api.mercadobitcoin.net/api/v4
[2024-07-25T09:58:14.455-0300] {mercado_hook.py:32} INFO - URL: https://api.mercadobitcoin.net/api/v4/candles?symbol=BTC-BRL&resolution=1m&to=1721912234&from=1721912294
[2024-07-25T09:58:14.721-0300] {python.py:237} INFO - Done. Returned value was: None
[2024-07-25T09:58:14.721-0300] {taskinstance.py:441} INFO - ::group::Post task execution logs
[2024-07-25T09:58:14.723-0300] {taskinstance.py:1206} INFO - Marking task as SUCCESS. dag_id=Mercado_1m, task_id=get_1m_info, run_id=scheduled__2024-07-25T10:59:00+00:00, execution_date=20240725T105900, start_date=20240725T125814, end_date=20240725T125814
[2024-07-25T09:58:14.759-0300] {local_task_job_runner.py:243} INFO - Task exited with return code 0
[2024-07-25T09:58:14.766-0300] {taskinstance.py:3503} INFO - 0 downstream tasks scheduled from follow-on schedule check
[2024-07-25T09:58:14.766-0300] {local_task_job_runner.py:222} INFO - ::endgroup::
[2024-07-25T10:57:49.146-0300] {local_task_job_runner.py:120} INFO - ::group::Pre task execution logs
[2024-07-25T10:57:49.153-0300] {taskinstance.py:2076} INFO - Dependencies all met for dep_context=non-requeueable deps ti=<TaskInstance: Mercado_1m.get_1m_info scheduled__2024-07-25T10:59:00+00:00 [queued]>
[2024-07-25T10:57:49.158-0300] {taskinstance.py:2076} INFO - Dependencies all met for dep_context=requeueable deps ti=<TaskInstance: Mercado_1m.get_1m_info scheduled__2024-07-25T10:59:00+00:00 [queued]>
[2024-07-25T10:57:49.158-0300] {taskinstance.py:2306} INFO - Starting attempt 1 of 1
[2024-07-25T10:57:49.171-0300] {taskinstance.py:2330} INFO - Executing <Task(PythonOperator): get_1m_info> on 2024-07-25 10:59:00+00:00
[2024-07-25T10:57:49.172-0300] {standard_task_runner.py:64} INFO - Started process 2479472 to run task
[2024-07-25T10:57:49.175-0300] {standard_task_runner.py:90} INFO - Running: ['airflow', 'tasks', 'run', 'Mercado_1m', 'get_1m_info', 'scheduled__2024-07-25T10:59:00+00:00', '--job-id', '1832', '--raw', '--subdir', 'DAGS_FOLDER/mercado_dag.py', '--cfg-path', '/tmp/tmpio0e39zo']
[2024-07-25T10:57:49.176-0300] {standard_task_runner.py:91} INFO - Job 1832: Subtask get_1m_info
[2024-07-25T10:57:49.204-0300] {task_command.py:426} INFO - Running <TaskInstance: Mercado_1m.get_1m_info scheduled__2024-07-25T10:59:00+00:00 [running]> on host Galaxybook.
[2024-07-25T10:57:49.248-0300] {taskinstance.py:2648} INFO - Exporting env vars: AIRFLOW_CTX_DAG_OWNER='airflow' AIRFLOW_CTX_DAG_ID='Mercado_1m' AIRFLOW_CTX_TASK_ID='get_1m_info' AIRFLOW_CTX_EXECUTION_DATE='2024-07-25T10:59:00+00:00' AIRFLOW_CTX_TRY_NUMBER='1' AIRFLOW_CTX_DAG_RUN_ID='scheduled__2024-07-25T10:59:00+00:00'
[2024-07-25T10:57:49.248-0300] {taskinstance.py:430} INFO - ::endgroup::
[2024-07-25T10:57:49.305-0300] {base.py:84} INFO - Using connection ID 'mercado_default' for task execution.
[2024-07-25T10:57:49.306-0300] {mercado_hook.py:31} INFO - URL: https://api.mercadobitcoin.net/api/v4/candles?symbol=BTC-BRL&resolution=1m&to=1721915869255&countback=1
[2024-07-25T10:57:49.774-0300] {python.py:237} INFO - Done. Returned value was: None
[2024-07-25T10:57:49.775-0300] {taskinstance.py:441} INFO - ::group::Post task execution logs
[2024-07-25T10:57:49.778-0300] {taskinstance.py:1206} INFO - Marking task as SUCCESS. dag_id=Mercado_1m, task_id=get_1m_info, run_id=scheduled__2024-07-25T10:59:00+00:00, execution_date=20240725T105900, start_date=20240725T135749, end_date=20240725T135749
[2024-07-25T10:57:49.796-0300] {local_task_job_runner.py:243} INFO - Task exited with return code 0
[2024-07-25T10:57:49.802-0300] {taskinstance.py:3503} INFO - 0 downstream tasks scheduled from follow-on schedule check
[2024-07-25T10:57:49.803-0300] {local_task_job_runner.py:222} INFO - ::endgroup::
