[2024-07-25T14:50:51.968-0300] {local_task_job_runner.py:120} INFO - ::group::Pre task execution logs
[2024-07-25T14:50:51.972-0300] {taskinstance.py:2076} INFO - Dependencies all met for dep_context=non-requeueable deps ti=<TaskInstance: Binance_5m.get_5m_info scheduled__2024-07-25T09:00:00+00:00 [queued]>
[2024-07-25T14:50:51.975-0300] {taskinstance.py:2076} INFO - Dependencies all met for dep_context=requeueable deps ti=<TaskInstance: Binance_5m.get_5m_info scheduled__2024-07-25T09:00:00+00:00 [queued]>
[2024-07-25T14:50:51.975-0300] {taskinstance.py:2306} INFO - Starting attempt 1 of 1
[2024-07-25T14:50:51.988-0300] {taskinstance.py:2330} INFO - Executing <Task(PythonOperator): get_5m_info> on 2024-07-25 09:00:00+00:00
[2024-07-25T14:50:51.989-0300] {standard_task_runner.py:64} INFO - Started process 2610259 to run task
[2024-07-25T14:50:51.991-0300] {standard_task_runner.py:90} INFO - Running: ['airflow', 'tasks', 'run', 'Binance_5m', 'get_5m_info', 'scheduled__2024-07-25T09:00:00+00:00', '--job-id', '2200', '--raw', '--subdir', 'DAGS_FOLDER/binance_dag.py', '--cfg-path', '/tmp/tmplogaeafp']
[2024-07-25T14:50:51.992-0300] {standard_task_runner.py:91} INFO - Job 2200: Subtask get_5m_info
[2024-07-25T14:50:52.019-0300] {task_command.py:426} INFO - Running <TaskInstance: Binance_5m.get_5m_info scheduled__2024-07-25T09:00:00+00:00 [running]> on host Galaxybook.
[2024-07-25T14:50:52.072-0300] {taskinstance.py:2648} INFO - Exporting env vars: AIRFLOW_CTX_DAG_OWNER='airflow' AIRFLOW_CTX_DAG_ID='Binance_5m' AIRFLOW_CTX_TASK_ID='get_5m_info' AIRFLOW_CTX_EXECUTION_DATE='2024-07-25T09:00:00+00:00' AIRFLOW_CTX_TRY_NUMBER='1' AIRFLOW_CTX_DAG_RUN_ID='scheduled__2024-07-25T09:00:00+00:00'
[2024-07-25T14:50:52.073-0300] {taskinstance.py:430} INFO - ::endgroup::
[2024-07-25T14:50:52.082-0300] {binance_dag.py:23} INFO - End Time: 2024-07-25T09:05:00.00Z
[2024-07-25T14:50:52.082-0300] {binance_dag.py:24} INFO - Start Time: 2024-07-25T09:00:00.00Z
[2024-07-25T14:50:52.138-0300] {base.py:84} INFO - Using connection ID 'binance_default' for task execution.
[2024-07-25T14:50:52.139-0300] {logging_mixin.py:188} INFO - https://api.binance.com
[2024-07-25T14:50:52.139-0300] {binance_hook.py:35} INFO - URL: https://api.binance.com/api/v3/klines?symbol=BTCBRL&interval=5m&startTime=1721908800000&endTime=1721909099999
[2024-07-25T14:50:52.533-0300] {binance_dag.py:43} INFO - r: [[1721908800000, '365065.00000000', '366200.00000000', '365000.00000000', '366181.00000000', '1.14843000', 1721909099999, '419914.69435000', 176, '0.46789000', '171186.77376000', '0']]
[2024-07-25T14:50:52.535-0300] {python.py:237} INFO - Done. Returned value was: None
[2024-07-25T14:50:52.535-0300] {taskinstance.py:441} INFO - ::group::Post task execution logs
[2024-07-25T14:50:52.538-0300] {taskinstance.py:1206} INFO - Marking task as SUCCESS. dag_id=Binance_5m, task_id=get_5m_info, run_id=scheduled__2024-07-25T09:00:00+00:00, execution_date=20240725T090000, start_date=20240725T175051, end_date=20240725T175052
[2024-07-25T14:50:52.578-0300] {local_task_job_runner.py:243} INFO - Task exited with return code 0
[2024-07-25T14:50:52.587-0300] {taskinstance.py:3503} INFO - 0 downstream tasks scheduled from follow-on schedule check
[2024-07-25T14:50:52.587-0300] {local_task_job_runner.py:222} INFO - ::endgroup::
[2024-07-25T15:20:55.267-0300] {local_task_job_runner.py:120} INFO - ::group::Pre task execution logs
[2024-07-25T15:20:55.272-0300] {taskinstance.py:2076} INFO - Dependencies all met for dep_context=non-requeueable deps ti=<TaskInstance: Binance_5m.get_5m_info scheduled__2024-07-25T09:00:00+00:00 [queued]>
[2024-07-25T15:20:55.276-0300] {taskinstance.py:2076} INFO - Dependencies all met for dep_context=requeueable deps ti=<TaskInstance: Binance_5m.get_5m_info scheduled__2024-07-25T09:00:00+00:00 [queued]>
[2024-07-25T15:20:55.276-0300] {taskinstance.py:2306} INFO - Starting attempt 1 of 1
[2024-07-25T15:20:55.290-0300] {taskinstance.py:2330} INFO - Executing <Task(PythonOperator): get_5m_info> on 2024-07-25 09:00:00+00:00
[2024-07-25T15:20:55.292-0300] {standard_task_runner.py:64} INFO - Started process 2632627 to run task
[2024-07-25T15:20:55.294-0300] {standard_task_runner.py:90} INFO - Running: ['airflow', 'tasks', 'run', 'Binance_5m', 'get_5m_info', 'scheduled__2024-07-25T09:00:00+00:00', '--job-id', '2643', '--raw', '--subdir', 'DAGS_FOLDER/binance_dag.py', '--cfg-path', '/tmp/tmpmzt6yuaw']
[2024-07-25T15:20:55.295-0300] {standard_task_runner.py:91} INFO - Job 2643: Subtask get_5m_info
[2024-07-25T15:20:55.318-0300] {task_command.py:426} INFO - Running <TaskInstance: Binance_5m.get_5m_info scheduled__2024-07-25T09:00:00+00:00 [running]> on host Galaxybook.
[2024-07-25T15:20:55.373-0300] {taskinstance.py:2648} INFO - Exporting env vars: AIRFLOW_CTX_DAG_OWNER='airflow' AIRFLOW_CTX_DAG_ID='Binance_5m' AIRFLOW_CTX_TASK_ID='get_5m_info' AIRFLOW_CTX_EXECUTION_DATE='2024-07-25T09:00:00+00:00' AIRFLOW_CTX_TRY_NUMBER='1' AIRFLOW_CTX_DAG_RUN_ID='scheduled__2024-07-25T09:00:00+00:00'
[2024-07-25T15:20:55.374-0300] {taskinstance.py:430} INFO - ::endgroup::
[2024-07-25T15:20:55.382-0300] {binance_dag.py:23} INFO - End Time: 2024-07-25T09:05:00.00Z
[2024-07-25T15:20:55.383-0300] {binance_dag.py:24} INFO - Start Time: 2024-07-25T09:00:00.00Z
[2024-07-25T15:20:55.439-0300] {binance_dag.py:25} INFO - 1721908800000
[2024-07-25T15:20:55.441-0300] {base.py:84} INFO - Using connection ID 'binance_default' for task execution.
[2024-07-25T15:20:55.442-0300] {logging_mixin.py:188} INFO - https://api.binance.com
[2024-07-25T15:20:55.442-0300] {binance_hook.py:35} INFO - URL: https://api.binance.com/api/v3/klines?symbol=BTCBRL&interval=5m&startTime=1721908800000&endTime=1721909099999
[2024-07-25T15:20:55.249-0300] {python.py:237} INFO - Done. Returned value was: None
[2024-07-25T15:20:55.251-0300] {taskinstance.py:441} INFO - ::group::Post task execution logs
[2024-07-25T15:20:55.253-0300] {taskinstance.py:1206} INFO - Marking task as SUCCESS. dag_id=Binance_5m, task_id=get_5m_info, run_id=scheduled__2024-07-25T09:00:00+00:00, execution_date=20240725T090000, start_date=20240725T182055, end_date=20240725T182055
[2024-07-25T15:20:55.284-0300] {local_task_job_runner.py:243} INFO - Task exited with return code 0
[2024-07-25T15:20:55.298-0300] {taskinstance.py:3503} INFO - 0 downstream tasks scheduled from follow-on schedule check
[2024-07-25T15:20:55.298-0300] {local_task_job_runner.py:222} INFO - ::endgroup::
[2024-07-25T16:17:42.390-0300] {local_task_job_runner.py:120} INFO - ::group::Pre task execution logs
[2024-07-25T16:17:42.397-0300] {taskinstance.py:2076} INFO - Dependencies all met for dep_context=non-requeueable deps ti=<TaskInstance: Binance_5m.get_5m_info scheduled__2024-07-25T09:00:00+00:00 [queued]>
[2024-07-25T16:17:42.400-0300] {taskinstance.py:2076} INFO - Dependencies all met for dep_context=requeueable deps ti=<TaskInstance: Binance_5m.get_5m_info scheduled__2024-07-25T09:00:00+00:00 [queued]>
[2024-07-25T16:17:42.400-0300] {taskinstance.py:2306} INFO - Starting attempt 1 of 1
[2024-07-25T16:17:42.413-0300] {taskinstance.py:2330} INFO - Executing <Task(PythonOperator): get_5m_info> on 2024-07-25 09:00:00+00:00
[2024-07-25T16:17:42.415-0300] {standard_task_runner.py:64} INFO - Started process 2660680 to run task
[2024-07-25T16:17:42.417-0300] {standard_task_runner.py:90} INFO - Running: ['airflow', 'tasks', 'run', 'Binance_5m', 'get_5m_info', 'scheduled__2024-07-25T09:00:00+00:00', '--job-id', '2206', '--raw', '--subdir', 'DAGS_FOLDER/binance_dag.py', '--cfg-path', '/tmp/tmplqyh4vv4']
[2024-07-25T16:17:42.418-0300] {standard_task_runner.py:91} INFO - Job 2206: Subtask get_5m_info
[2024-07-25T16:17:42.443-0300] {task_command.py:426} INFO - Running <TaskInstance: Binance_5m.get_5m_info scheduled__2024-07-25T09:00:00+00:00 [running]> on host Galaxybook.
[2024-07-25T16:17:42.499-0300] {taskinstance.py:2648} INFO - Exporting env vars: AIRFLOW_CTX_DAG_OWNER='airflow' AIRFLOW_CTX_DAG_ID='Binance_5m' AIRFLOW_CTX_TASK_ID='get_5m_info' AIRFLOW_CTX_EXECUTION_DATE='2024-07-25T09:00:00+00:00' AIRFLOW_CTX_TRY_NUMBER='1' AIRFLOW_CTX_DAG_RUN_ID='scheduled__2024-07-25T09:00:00+00:00'
[2024-07-25T16:17:42.499-0300] {taskinstance.py:430} INFO - ::endgroup::
[2024-07-25T16:17:42.509-0300] {binance_dag.py:22} INFO - End Time: 2024-07-25 09:05:00+00:00
[2024-07-25T16:17:42.510-0300] {binance_dag.py:23} INFO - Start Time: 2024-07-25 09:00:00+00:00
[2024-07-25T16:17:42.510-0300] {binance_dag.py:24} INFO - Start timestamp: 1721898000000
[2024-07-25T16:17:42.510-0300] {binance_dag.py:25} INFO - End timestamp: 1721898300000
[2024-07-25T16:17:42.569-0300] {base.py:84} INFO - Using connection ID 'binance_default' for task execution.
[2024-07-25T16:17:42.569-0300] {logging_mixin.py:188} INFO - https://api.binance.com
[2024-07-25T16:17:42.570-0300] {binance_hook.py:35} INFO - URL: https://api.binance.com/api/v3/klines?symbol=BTCBRL&interval=5m&startTime=1721898000000&endTime=1721898299999&timeZone=-3
[2024-07-25T16:17:42.980-0300] {python.py:237} INFO - Done. Returned value was: None
[2024-07-25T16:17:42.980-0300] {taskinstance.py:441} INFO - ::group::Post task execution logs
[2024-07-25T16:17:42.983-0300] {taskinstance.py:1206} INFO - Marking task as SUCCESS. dag_id=Binance_5m, task_id=get_5m_info, run_id=scheduled__2024-07-25T09:00:00+00:00, execution_date=20240725T090000, start_date=20240725T191742, end_date=20240725T191742
[2024-07-25T16:17:43.003-0300] {local_task_job_runner.py:243} INFO - Task exited with return code 0
[2024-07-25T16:17:43.011-0300] {taskinstance.py:3503} INFO - 0 downstream tasks scheduled from follow-on schedule check
[2024-07-25T16:17:43.012-0300] {local_task_job_runner.py:222} INFO - ::endgroup::
