[2024-07-25T14:47:41.229-0300] {local_task_job_runner.py:120} INFO - ::group::Pre task execution logs
[2024-07-25T14:47:41.234-0300] {taskinstance.py:2076} INFO - Dependencies all met for dep_context=non-requeueable deps ti=<TaskInstance: Binance_5m.get_5m_info scheduled__2024-07-25T02:25:00+00:00 [queued]>
[2024-07-25T14:47:41.237-0300] {taskinstance.py:2076} INFO - Dependencies all met for dep_context=requeueable deps ti=<TaskInstance: Binance_5m.get_5m_info scheduled__2024-07-25T02:25:00+00:00 [queued]>
[2024-07-25T14:47:41.237-0300] {taskinstance.py:2306} INFO - Starting attempt 1 of 1
[2024-07-25T14:47:41.249-0300] {taskinstance.py:2330} INFO - Executing <Task(PythonOperator): get_5m_info> on 2024-07-25 02:25:00+00:00
[2024-07-25T14:47:41.251-0300] {standard_task_runner.py:64} INFO - Started process 2607070 to run task
[2024-07-25T14:47:41.252-0300] {standard_task_runner.py:90} INFO - Running: ['airflow', 'tasks', 'run', 'Binance_5m', 'get_5m_info', 'scheduled__2024-07-25T02:25:00+00:00', '--job-id', '2115', '--raw', '--subdir', 'DAGS_FOLDER/binance_dag.py', '--cfg-path', '/tmp/tmp1no_xibp']
[2024-07-25T14:47:41.253-0300] {standard_task_runner.py:91} INFO - Job 2115: Subtask get_5m_info
[2024-07-25T14:47:41.287-0300] {task_command.py:426} INFO - Running <TaskInstance: Binance_5m.get_5m_info scheduled__2024-07-25T02:25:00+00:00 [running]> on host Galaxybook.
[2024-07-25T14:47:41.340-0300] {taskinstance.py:2648} INFO - Exporting env vars: AIRFLOW_CTX_DAG_OWNER='airflow' AIRFLOW_CTX_DAG_ID='Binance_5m' AIRFLOW_CTX_TASK_ID='get_5m_info' AIRFLOW_CTX_EXECUTION_DATE='2024-07-25T02:25:00+00:00' AIRFLOW_CTX_TRY_NUMBER='1' AIRFLOW_CTX_DAG_RUN_ID='scheduled__2024-07-25T02:25:00+00:00'
[2024-07-25T14:47:41.341-0300] {taskinstance.py:430} INFO - ::endgroup::
[2024-07-25T14:47:41.350-0300] {binance_dag.py:23} INFO - End Time: 2024-07-25T02:30:00.00Z
[2024-07-25T14:47:41.350-0300] {binance_dag.py:24} INFO - Start Time: 2024-07-25T02:25:00.00Z
[2024-07-25T14:47:41.405-0300] {base.py:84} INFO - Using connection ID 'binance_default' for task execution.
[2024-07-25T14:47:41.405-0300] {logging_mixin.py:188} INFO - https://api.binance.com
[2024-07-25T14:47:41.406-0300] {binance_hook.py:35} INFO - URL: https://api.binance.com/api/v3/klines?symbol=BTCBRL&interval=5m&startTime=1721885100000&endTime=1721885399999
[2024-07-25T14:47:41.792-0300] {binance_dag.py:43} INFO - r: [[1721885100000, '365178.00000000', '365371.00000000', '365178.00000000', '365359.00000000', '0.00585000', 1721885399999, '2136.98293000', 9, '0.00381000', '1391.90713000', '0']]
[2024-07-25T14:47:41.794-0300] {python.py:237} INFO - Done. Returned value was: None
[2024-07-25T14:47:41.795-0300] {taskinstance.py:441} INFO - ::group::Post task execution logs
[2024-07-25T14:47:41.797-0300] {taskinstance.py:1206} INFO - Marking task as SUCCESS. dag_id=Binance_5m, task_id=get_5m_info, run_id=scheduled__2024-07-25T02:25:00+00:00, execution_date=20240725T022500, start_date=20240725T174741, end_date=20240725T174741
[2024-07-25T14:47:41.837-0300] {local_task_job_runner.py:243} INFO - Task exited with return code 0
[2024-07-25T14:47:41.844-0300] {taskinstance.py:3503} INFO - 0 downstream tasks scheduled from follow-on schedule check
[2024-07-25T14:47:41.844-0300] {local_task_job_runner.py:222} INFO - ::endgroup::
[2024-07-25T15:17:54.440-0300] {local_task_job_runner.py:120} INFO - ::group::Pre task execution logs
[2024-07-25T15:17:54.445-0300] {taskinstance.py:2076} INFO - Dependencies all met for dep_context=non-requeueable deps ti=<TaskInstance: Binance_5m.get_5m_info scheduled__2024-07-25T02:25:00+00:00 [queued]>
[2024-07-25T15:17:54.448-0300] {taskinstance.py:2076} INFO - Dependencies all met for dep_context=requeueable deps ti=<TaskInstance: Binance_5m.get_5m_info scheduled__2024-07-25T02:25:00+00:00 [queued]>
[2024-07-25T15:17:54.448-0300] {taskinstance.py:2306} INFO - Starting attempt 1 of 1
[2024-07-25T15:17:54.461-0300] {taskinstance.py:2330} INFO - Executing <Task(PythonOperator): get_5m_info> on 2024-07-25 02:25:00+00:00
[2024-07-25T15:17:54.463-0300] {standard_task_runner.py:64} INFO - Started process 2629681 to run task
[2024-07-25T15:17:54.465-0300] {standard_task_runner.py:90} INFO - Running: ['airflow', 'tasks', 'run', 'Binance_5m', 'get_5m_info', 'scheduled__2024-07-25T02:25:00+00:00', '--job-id', '2564', '--raw', '--subdir', 'DAGS_FOLDER/binance_dag.py', '--cfg-path', '/tmp/tmpfhiikaz7']
[2024-07-25T15:17:54.466-0300] {standard_task_runner.py:91} INFO - Job 2564: Subtask get_5m_info
[2024-07-25T15:17:54.489-0300] {task_command.py:426} INFO - Running <TaskInstance: Binance_5m.get_5m_info scheduled__2024-07-25T02:25:00+00:00 [running]> on host Galaxybook.
[2024-07-25T15:17:54.549-0300] {taskinstance.py:2648} INFO - Exporting env vars: AIRFLOW_CTX_DAG_OWNER='airflow' AIRFLOW_CTX_DAG_ID='Binance_5m' AIRFLOW_CTX_TASK_ID='get_5m_info' AIRFLOW_CTX_EXECUTION_DATE='2024-07-25T02:25:00+00:00' AIRFLOW_CTX_TRY_NUMBER='1' AIRFLOW_CTX_DAG_RUN_ID='scheduled__2024-07-25T02:25:00+00:00'
[2024-07-25T15:17:54.550-0300] {taskinstance.py:430} INFO - ::endgroup::
[2024-07-25T15:17:54.558-0300] {binance_dag.py:23} INFO - End Time: 2024-07-25T02:30:00.00Z
[2024-07-25T15:17:54.558-0300] {binance_dag.py:24} INFO - Start Time: 2024-07-25T02:25:00.00Z
[2024-07-25T15:17:54.609-0300] {binance_dag.py:25} INFO - 1721885100000
[2024-07-25T15:17:54.612-0300] {base.py:84} INFO - Using connection ID 'binance_default' for task execution.
[2024-07-25T15:17:54.612-0300] {logging_mixin.py:188} INFO - https://api.binance.com
[2024-07-25T15:17:54.613-0300] {binance_hook.py:35} INFO - URL: https://api.binance.com/api/v3/klines?symbol=BTCBRL&interval=5m&startTime=1721885100000&endTime=1721885399999
[2024-07-25T15:17:55.016-0300] {python.py:237} INFO - Done. Returned value was: None
[2024-07-25T15:17:55.017-0300] {taskinstance.py:441} INFO - ::group::Post task execution logs
[2024-07-25T15:17:55.020-0300] {taskinstance.py:1206} INFO - Marking task as SUCCESS. dag_id=Binance_5m, task_id=get_5m_info, run_id=scheduled__2024-07-25T02:25:00+00:00, execution_date=20240725T022500, start_date=20240725T181754, end_date=20240725T181755
[2024-07-25T15:17:55.046-0300] {local_task_job_runner.py:243} INFO - Task exited with return code 0
[2024-07-25T15:17:55.052-0300] {taskinstance.py:3503} INFO - 0 downstream tasks scheduled from follow-on schedule check
[2024-07-25T15:17:55.052-0300] {local_task_job_runner.py:222} INFO - ::endgroup::
[2024-07-25T16:14:23.618-0300] {local_task_job_runner.py:120} INFO - ::group::Pre task execution logs
[2024-07-25T16:14:23.623-0300] {taskinstance.py:2076} INFO - Dependencies all met for dep_context=non-requeueable deps ti=<TaskInstance: Binance_5m.get_5m_info scheduled__2024-07-25T02:25:00+00:00 [queued]>
[2024-07-25T16:14:23.626-0300] {taskinstance.py:2076} INFO - Dependencies all met for dep_context=requeueable deps ti=<TaskInstance: Binance_5m.get_5m_info scheduled__2024-07-25T02:25:00+00:00 [queued]>
[2024-07-25T16:14:23.626-0300] {taskinstance.py:2306} INFO - Starting attempt 1 of 1
[2024-07-25T16:14:23.642-0300] {taskinstance.py:2330} INFO - Executing <Task(PythonOperator): get_5m_info> on 2024-07-25 02:25:00+00:00
[2024-07-25T16:14:23.644-0300] {standard_task_runner.py:64} INFO - Started process 2657359 to run task
[2024-07-25T16:14:23.646-0300] {standard_task_runner.py:90} INFO - Running: ['airflow', 'tasks', 'run', 'Binance_5m', 'get_5m_info', 'scheduled__2024-07-25T02:25:00+00:00', '--job-id', '2124', '--raw', '--subdir', 'DAGS_FOLDER/binance_dag.py', '--cfg-path', '/tmp/tmp_6_ewmja']
[2024-07-25T16:14:23.647-0300] {standard_task_runner.py:91} INFO - Job 2124: Subtask get_5m_info
[2024-07-25T16:14:23.674-0300] {task_command.py:426} INFO - Running <TaskInstance: Binance_5m.get_5m_info scheduled__2024-07-25T02:25:00+00:00 [running]> on host Galaxybook.
[2024-07-25T16:14:23.729-0300] {taskinstance.py:2648} INFO - Exporting env vars: AIRFLOW_CTX_DAG_OWNER='airflow' AIRFLOW_CTX_DAG_ID='Binance_5m' AIRFLOW_CTX_TASK_ID='get_5m_info' AIRFLOW_CTX_EXECUTION_DATE='2024-07-25T02:25:00+00:00' AIRFLOW_CTX_TRY_NUMBER='1' AIRFLOW_CTX_DAG_RUN_ID='scheduled__2024-07-25T02:25:00+00:00'
[2024-07-25T16:14:23.729-0300] {taskinstance.py:430} INFO - ::endgroup::
[2024-07-25T16:14:23.738-0300] {binance_dag.py:22} INFO - End Time: 2024-07-25 02:30:00+00:00
[2024-07-25T16:14:23.738-0300] {binance_dag.py:23} INFO - Start Time: 2024-07-25 02:25:00+00:00
[2024-07-25T16:14:23.738-0300] {binance_dag.py:24} INFO - Start timestamp: 1721874300000
[2024-07-25T16:14:23.738-0300] {binance_dag.py:25} INFO - End timestamp: 1721874600000
[2024-07-25T16:14:23.797-0300] {base.py:84} INFO - Using connection ID 'binance_default' for task execution.
[2024-07-25T16:14:23.797-0300] {logging_mixin.py:188} INFO - https://api.binance.com
[2024-07-25T16:14:23.798-0300] {binance_hook.py:35} INFO - URL: https://api.binance.com/api/v3/klines?symbol=BTCBRL&interval=5m&startTime=1721874300000&endTime=1721874599999&timeZone=-3
[2024-07-25T16:14:24.189-0300] {python.py:237} INFO - Done. Returned value was: None
[2024-07-25T16:14:24.190-0300] {taskinstance.py:441} INFO - ::group::Post task execution logs
[2024-07-25T16:14:24.192-0300] {taskinstance.py:1206} INFO - Marking task as SUCCESS. dag_id=Binance_5m, task_id=get_5m_info, run_id=scheduled__2024-07-25T02:25:00+00:00, execution_date=20240725T022500, start_date=20240725T191423, end_date=20240725T191424
[2024-07-25T16:14:24.229-0300] {local_task_job_runner.py:243} INFO - Task exited with return code 0
[2024-07-25T16:14:24.235-0300] {taskinstance.py:3503} INFO - 0 downstream tasks scheduled from follow-on schedule check
[2024-07-25T16:14:24.236-0300] {local_task_job_runner.py:222} INFO - ::endgroup::
