[2024-07-25T10:08:09.154-0300] {local_task_job_runner.py:120} INFO - ::group::Pre task execution logs
[2024-07-25T10:08:09.158-0300] {taskinstance.py:2076} INFO - Dependencies all met for dep_context=non-requeueable deps ti=<TaskInstance: Mercado_1m.get_1m_info scheduled__2024-07-25T13:07:00+00:00 [queued]>
[2024-07-25T10:08:09.162-0300] {taskinstance.py:2076} INFO - Dependencies all met for dep_context=requeueable deps ti=<TaskInstance: Mercado_1m.get_1m_info scheduled__2024-07-25T13:07:00+00:00 [queued]>
[2024-07-25T10:08:09.162-0300] {taskinstance.py:2306} INFO - Starting attempt 1 of 1
[2024-07-25T10:08:09.173-0300] {taskinstance.py:2330} INFO - Executing <Task(PythonOperator): get_1m_info> on 2024-07-25 13:07:00+00:00
[2024-07-25T10:08:09.175-0300] {standard_task_runner.py:64} INFO - Started process 2450964 to run task
[2024-07-25T10:08:09.176-0300] {standard_task_runner.py:90} INFO - Running: ['airflow', 'tasks', 'run', 'Mercado_1m', 'get_1m_info', 'scheduled__2024-07-25T13:07:00+00:00', '--job-id', '2035', '--raw', '--subdir', 'DAGS_FOLDER/mercado_dag.py', '--cfg-path', '/tmp/tmpg8sw_fgz']
[2024-07-25T10:08:09.177-0300] {standard_task_runner.py:91} INFO - Job 2035: Subtask get_1m_info
[2024-07-25T10:08:09.203-0300] {task_command.py:426} INFO - Running <TaskInstance: Mercado_1m.get_1m_info scheduled__2024-07-25T13:07:00+00:00 [running]> on host Galaxybook.
[2024-07-25T10:08:09.258-0300] {taskinstance.py:2648} INFO - Exporting env vars: AIRFLOW_CTX_DAG_OWNER='airflow' AIRFLOW_CTX_DAG_ID='Mercado_1m' AIRFLOW_CTX_TASK_ID='get_1m_info' AIRFLOW_CTX_EXECUTION_DATE='2024-07-25T13:07:00+00:00' AIRFLOW_CTX_TRY_NUMBER='1' AIRFLOW_CTX_DAG_RUN_ID='scheduled__2024-07-25T13:07:00+00:00'
[2024-07-25T10:08:09.258-0300] {taskinstance.py:430} INFO - ::endgroup::
[2024-07-25T10:08:09.323-0300] {base.py:84} INFO - Using connection ID 'mercado_default' for task execution.
[2024-07-25T10:08:09.323-0300] {mercado_hook.py:26} INFO - BASE URL: https://api.mercadobitcoin.net/api/v4
[2024-07-25T10:08:09.324-0300] {mercado_hook.py:32} INFO - URL: https://api.mercadobitcoin.net/api/v4/candles?symbol=BTC-BRL&resolution=1m&to=1721912889267
[2024-07-25T10:08:09.581-0300] {http.py:200} ERROR - HTTP error: Bad Request
[2024-07-25T10:08:09.581-0300] {http.py:201} ERROR - {"code":"PUBLIC_DATA|LIST_CANDLES|FROM_IS_REQUIRED","message":"The param {from} must not be empty if you don't use {countback}"}
[2024-07-25T10:08:09.582-0300] {taskinstance.py:441} INFO - ::group::Post task execution logs
[2024-07-25T10:08:09.585-0300] {taskinstance.py:2905} ERROR - Task failed with exception
Traceback (most recent call last):
  File "/home/hugoviana/Documentos/data_pipeline_airflow/.venv/lib/python3.12/site-packages/airflow/providers/http/hooks/http.py", line 198, in check_response
    response.raise_for_status()
  File "/home/hugoviana/Documentos/data_pipeline_airflow/.venv/lib/python3.12/site-packages/requests/models.py", line 1021, in raise_for_status
    raise HTTPError(http_error_msg, response=self)
requests.exceptions.HTTPError: 400 Client Error: Bad Request for url: https://api.mercadobitcoin.net/api/v4/candles?symbol=BTC-BRL&resolution=1m&to=1721912889267

During handling of the above exception, another exception occurred:

Traceback (most recent call last):
  File "/home/hugoviana/Documentos/data_pipeline_airflow/.venv/lib/python3.12/site-packages/airflow/models/taskinstance.py", line 465, in _execute_task
    result = _execute_callable(context=context, **execute_callable_kwargs)
             ^^^^^^^^^^^^^^^^^^^^^^^^^^^^^^^^^^^^^^^^^^^^^^^^^^^^^^^^^^^^^
  File "/home/hugoviana/Documentos/data_pipeline_airflow/.venv/lib/python3.12/site-packages/airflow/models/taskinstance.py", line 432, in _execute_callable
    return execute_callable(context=context, **execute_callable_kwargs)
           ^^^^^^^^^^^^^^^^^^^^^^^^^^^^^^^^^^^^^^^^^^^^^^^^^^^^^^^^^^^^
  File "/home/hugoviana/Documentos/data_pipeline_airflow/.venv/lib/python3.12/site-packages/airflow/models/baseoperator.py", line 401, in wrapper
    return func(self, *args, **kwargs)
           ^^^^^^^^^^^^^^^^^^^^^^^^^^^
  File "/home/hugoviana/Documentos/data_pipeline_airflow/.venv/lib/python3.12/site-packages/airflow/operators/python.py", line 235, in execute
    return_value = self.execute_callable()
                   ^^^^^^^^^^^^^^^^^^^^^^^
  File "/home/hugoviana/Documentos/data_pipeline_airflow/.venv/lib/python3.12/site-packages/airflow/operators/python.py", line 252, in execute_callable
    return self.python_callable(*self.op_args, **self.op_kwargs)
           ^^^^^^^^^^^^^^^^^^^^^^^^^^^^^^^^^^^^^^^^^^^^^^^^^^^^^
  File "/home/hugoviana/Projetos/crypto-etl/airflow_pipeline/dags/mercado_dag.py", line 28, in execute
    ).run()
      ^^^^^
  File "/home/hugoviana/Projetos/crypto-etl/airflow_pipeline/hook/mercado_hook.py", line 38, in run
    return self.connect_to_endpoint(url, session)
           ^^^^^^^^^^^^^^^^^^^^^^^^^^^^^^^^^^^^^^
  File "/home/hugoviana/Projetos/crypto-etl/airflow_pipeline/hook/mercado_hook.py", line 33, in connect_to_endpoint
    return self.run_and_check(session, prep, {})
           ^^^^^^^^^^^^^^^^^^^^^^^^^^^^^^^^^^^^^
  File "/home/hugoviana/Documentos/data_pipeline_airflow/.venv/lib/python3.12/site-packages/airflow/providers/http/hooks/http.py", line 239, in run_and_check
    self.check_response(response)
  File "/home/hugoviana/Documentos/data_pipeline_airflow/.venv/lib/python3.12/site-packages/airflow/providers/http/hooks/http.py", line 202, in check_response
    raise AirflowException(str(response.status_code) + ":" + response.reason)
airflow.exceptions.AirflowException: 400:Bad Request
[2024-07-25T10:08:09.591-0300] {taskinstance.py:1206} INFO - Marking task as FAILED. dag_id=Mercado_1m, task_id=get_1m_info, run_id=scheduled__2024-07-25T13:07:00+00:00, execution_date=20240725T130700, start_date=20240725T130809, end_date=20240725T130809
[2024-07-25T10:08:09.609-0300] {standard_task_runner.py:110} ERROR - Failed to execute job 2035 for task get_1m_info (400:Bad Request; 2450964)
[2024-07-25T10:08:09.638-0300] {local_task_job_runner.py:243} INFO - Task exited with return code 1
[2024-07-25T10:08:09.647-0300] {taskinstance.py:3503} INFO - 0 downstream tasks scheduled from follow-on schedule check
[2024-07-25T10:08:09.648-0300] {local_task_job_runner.py:222} INFO - ::endgroup::
