[2024-07-25T14:51:49.775-0300] {local_task_job_runner.py:120} INFO - ::group::Pre task execution logs
[2024-07-25T14:51:49.780-0300] {taskinstance.py:2076} INFO - Dependencies all met for dep_context=non-requeueable deps ti=<TaskInstance: Binance_5m.get_5m_info scheduled__2024-07-25T11:00:00+00:00 [queued]>
[2024-07-25T14:51:49.784-0300] {taskinstance.py:2076} INFO - Dependencies all met for dep_context=requeueable deps ti=<TaskInstance: Binance_5m.get_5m_info scheduled__2024-07-25T11:00:00+00:00 [queued]>
[2024-07-25T14:51:49.784-0300] {taskinstance.py:2306} INFO - Starting attempt 1 of 1
[2024-07-25T14:51:49.797-0300] {taskinstance.py:2330} INFO - Executing <Task(PythonOperator): get_5m_info> on 2024-07-25 11:00:00+00:00
[2024-07-25T14:51:49.799-0300] {standard_task_runner.py:64} INFO - Started process 2611202 to run task
[2024-07-25T14:51:49.802-0300] {standard_task_runner.py:90} INFO - Running: ['airflow', 'tasks', 'run', 'Binance_5m', 'get_5m_info', 'scheduled__2024-07-25T11:00:00+00:00', '--job-id', '2224', '--raw', '--subdir', 'DAGS_FOLDER/binance_dag.py', '--cfg-path', '/tmp/tmpht5j8uzj']
[2024-07-25T14:51:49.803-0300] {standard_task_runner.py:91} INFO - Job 2224: Subtask get_5m_info
[2024-07-25T14:51:49.832-0300] {task_command.py:426} INFO - Running <TaskInstance: Binance_5m.get_5m_info scheduled__2024-07-25T11:00:00+00:00 [running]> on host Galaxybook.
[2024-07-25T14:51:49.892-0300] {taskinstance.py:2648} INFO - Exporting env vars: AIRFLOW_CTX_DAG_OWNER='airflow' AIRFLOW_CTX_DAG_ID='Binance_5m' AIRFLOW_CTX_TASK_ID='get_5m_info' AIRFLOW_CTX_EXECUTION_DATE='2024-07-25T11:00:00+00:00' AIRFLOW_CTX_TRY_NUMBER='1' AIRFLOW_CTX_DAG_RUN_ID='scheduled__2024-07-25T11:00:00+00:00'
[2024-07-25T14:51:49.893-0300] {taskinstance.py:430} INFO - ::endgroup::
[2024-07-25T14:51:49.903-0300] {binance_dag.py:23} INFO - End Time: 2024-07-25T11:05:00.00Z
[2024-07-25T14:51:49.903-0300] {binance_dag.py:24} INFO - Start Time: 2024-07-25T11:00:00.00Z
[2024-07-25T14:51:49.968-0300] {base.py:84} INFO - Using connection ID 'binance_default' for task execution.
[2024-07-25T14:51:49.968-0300] {logging_mixin.py:188} INFO - https://api.binance.com
[2024-07-25T14:51:49.969-0300] {binance_hook.py:35} INFO - URL: https://api.binance.com/api/v3/klines?symbol=BTCBRL&interval=5m&startTime=1721916000000&endTime=1721916299999
[2024-07-25T14:51:50.422-0300] {binance_dag.py:43} INFO - r: [[1721916000000, '363890.00000000', '363890.00000000', '362327.00000000', '362603.00000000', '0.57113000', 1721916299999, '207500.67076000', 106, '0.23472000', '85252.42829000', '0']]
[2024-07-25T14:51:50.423-0300] {python.py:237} INFO - Done. Returned value was: None
[2024-07-25T14:51:50.424-0300] {taskinstance.py:441} INFO - ::group::Post task execution logs
[2024-07-25T14:51:50.426-0300] {taskinstance.py:1206} INFO - Marking task as SUCCESS. dag_id=Binance_5m, task_id=get_5m_info, run_id=scheduled__2024-07-25T11:00:00+00:00, execution_date=20240725T110000, start_date=20240725T175149, end_date=20240725T175150
[2024-07-25T14:51:50.468-0300] {local_task_job_runner.py:243} INFO - Task exited with return code 0
[2024-07-25T14:51:50.475-0300] {taskinstance.py:3503} INFO - 0 downstream tasks scheduled from follow-on schedule check
[2024-07-25T14:51:50.475-0300] {local_task_job_runner.py:222} INFO - ::endgroup::
[2024-07-25T15:21:46.620-0300] {local_task_job_runner.py:120} INFO - ::group::Pre task execution logs
[2024-07-25T15:21:46.626-0300] {taskinstance.py:2076} INFO - Dependencies all met for dep_context=non-requeueable deps ti=<TaskInstance: Binance_5m.get_5m_info scheduled__2024-07-25T11:00:00+00:00 [queued]>
[2024-07-25T15:21:46.629-0300] {taskinstance.py:2076} INFO - Dependencies all met for dep_context=requeueable deps ti=<TaskInstance: Binance_5m.get_5m_info scheduled__2024-07-25T11:00:00+00:00 [queued]>
[2024-07-25T15:21:46.630-0300] {taskinstance.py:2306} INFO - Starting attempt 1 of 1
[2024-07-25T15:21:46.643-0300] {taskinstance.py:2330} INFO - Executing <Task(PythonOperator): get_5m_info> on 2024-07-25 11:00:00+00:00
[2024-07-25T15:21:46.645-0300] {standard_task_runner.py:64} INFO - Started process 2633506 to run task
[2024-07-25T15:21:46.648-0300] {standard_task_runner.py:90} INFO - Running: ['airflow', 'tasks', 'run', 'Binance_5m', 'get_5m_info', 'scheduled__2024-07-25T11:00:00+00:00', '--job-id', '2667', '--raw', '--subdir', 'DAGS_FOLDER/binance_dag.py', '--cfg-path', '/tmp/tmpdy0ukkl_']
[2024-07-25T15:21:46.649-0300] {standard_task_runner.py:91} INFO - Job 2667: Subtask get_5m_info
[2024-07-25T15:21:46.674-0300] {task_command.py:426} INFO - Running <TaskInstance: Binance_5m.get_5m_info scheduled__2024-07-25T11:00:00+00:00 [running]> on host Galaxybook.
[2024-07-25T15:21:46.729-0300] {taskinstance.py:2648} INFO - Exporting env vars: AIRFLOW_CTX_DAG_OWNER='airflow' AIRFLOW_CTX_DAG_ID='Binance_5m' AIRFLOW_CTX_TASK_ID='get_5m_info' AIRFLOW_CTX_EXECUTION_DATE='2024-07-25T11:00:00+00:00' AIRFLOW_CTX_TRY_NUMBER='1' AIRFLOW_CTX_DAG_RUN_ID='scheduled__2024-07-25T11:00:00+00:00'
[2024-07-25T15:21:46.729-0300] {taskinstance.py:430} INFO - ::endgroup::
[2024-07-25T15:21:46.737-0300] {binance_dag.py:23} INFO - End Time: 2024-07-25T11:05:00.00Z
[2024-07-25T15:21:46.737-0300] {binance_dag.py:24} INFO - Start Time: 2024-07-25T11:00:00.00Z
[2024-07-25T15:21:46.788-0300] {binance_dag.py:25} INFO - 1721916000000
[2024-07-25T15:21:46.790-0300] {base.py:84} INFO - Using connection ID 'binance_default' for task execution.
[2024-07-25T15:21:46.791-0300] {logging_mixin.py:188} INFO - https://api.binance.com
[2024-07-25T15:21:46.791-0300] {binance_hook.py:35} INFO - URL: https://api.binance.com/api/v3/klines?symbol=BTCBRL&interval=5m&startTime=1721916000000&endTime=1721916299999
[2024-07-25T15:21:47.190-0300] {python.py:237} INFO - Done. Returned value was: None
[2024-07-25T15:21:47.191-0300] {taskinstance.py:441} INFO - ::group::Post task execution logs
[2024-07-25T15:21:47.193-0300] {taskinstance.py:1206} INFO - Marking task as SUCCESS. dag_id=Binance_5m, task_id=get_5m_info, run_id=scheduled__2024-07-25T11:00:00+00:00, execution_date=20240725T110000, start_date=20240725T182146, end_date=20240725T182147
[2024-07-25T15:21:47.230-0300] {local_task_job_runner.py:243} INFO - Task exited with return code 0
[2024-07-25T15:21:47.237-0300] {taskinstance.py:3503} INFO - 0 downstream tasks scheduled from follow-on schedule check
[2024-07-25T15:21:47.238-0300] {local_task_job_runner.py:222} INFO - ::endgroup::
[2024-07-25T16:19:01.378-0300] {local_task_job_runner.py:120} INFO - ::group::Pre task execution logs
[2024-07-25T16:19:01.384-0300] {taskinstance.py:2076} INFO - Dependencies all met for dep_context=non-requeueable deps ti=<TaskInstance: Binance_5m.get_5m_info scheduled__2024-07-25T11:00:00+00:00 [queued]>
[2024-07-25T16:19:01.386-0300] {taskinstance.py:2076} INFO - Dependencies all met for dep_context=requeueable deps ti=<TaskInstance: Binance_5m.get_5m_info scheduled__2024-07-25T11:00:00+00:00 [queued]>
[2024-07-25T16:19:01.387-0300] {taskinstance.py:2306} INFO - Starting attempt 1 of 1
[2024-07-25T16:19:01.398-0300] {taskinstance.py:2330} INFO - Executing <Task(PythonOperator): get_5m_info> on 2024-07-25 11:00:00+00:00
[2024-07-25T16:19:01.400-0300] {standard_task_runner.py:64} INFO - Started process 2662001 to run task
[2024-07-25T16:19:01.403-0300] {standard_task_runner.py:90} INFO - Running: ['airflow', 'tasks', 'run', 'Binance_5m', 'get_5m_info', 'scheduled__2024-07-25T11:00:00+00:00', '--job-id', '2246', '--raw', '--subdir', 'DAGS_FOLDER/binance_dag.py', '--cfg-path', '/tmp/tmpzq0s4s01']
[2024-07-25T16:19:01.404-0300] {standard_task_runner.py:91} INFO - Job 2246: Subtask get_5m_info
[2024-07-25T16:19:01.435-0300] {task_command.py:426} INFO - Running <TaskInstance: Binance_5m.get_5m_info scheduled__2024-07-25T11:00:00+00:00 [running]> on host Galaxybook.
[2024-07-25T16:19:01.492-0300] {taskinstance.py:2648} INFO - Exporting env vars: AIRFLOW_CTX_DAG_OWNER='airflow' AIRFLOW_CTX_DAG_ID='Binance_5m' AIRFLOW_CTX_TASK_ID='get_5m_info' AIRFLOW_CTX_EXECUTION_DATE='2024-07-25T11:00:00+00:00' AIRFLOW_CTX_TRY_NUMBER='1' AIRFLOW_CTX_DAG_RUN_ID='scheduled__2024-07-25T11:00:00+00:00'
[2024-07-25T16:19:01.493-0300] {taskinstance.py:430} INFO - ::endgroup::
[2024-07-25T16:19:01.501-0300] {binance_dag.py:22} INFO - End Time: 2024-07-25 11:05:00+00:00
[2024-07-25T16:19:01.502-0300] {binance_dag.py:23} INFO - Start Time: 2024-07-25 11:00:00+00:00
[2024-07-25T16:19:01.502-0300] {binance_dag.py:24} INFO - Start timestamp: 1721905200000
[2024-07-25T16:19:01.502-0300] {binance_dag.py:25} INFO - End timestamp: 1721905500000
[2024-07-25T16:19:01.567-0300] {base.py:84} INFO - Using connection ID 'binance_default' for task execution.
[2024-07-25T16:19:01.568-0300] {logging_mixin.py:188} INFO - https://api.binance.com
[2024-07-25T16:19:01.568-0300] {binance_hook.py:35} INFO - URL: https://api.binance.com/api/v3/klines?symbol=BTCBRL&interval=5m&startTime=1721905200000&endTime=1721905499999&timeZone=-3
[2024-07-25T16:19:01.981-0300] {python.py:237} INFO - Done. Returned value was: None
[2024-07-25T16:19:01.982-0300] {taskinstance.py:441} INFO - ::group::Post task execution logs
[2024-07-25T16:19:01.985-0300] {taskinstance.py:1206} INFO - Marking task as SUCCESS. dag_id=Binance_5m, task_id=get_5m_info, run_id=scheduled__2024-07-25T11:00:00+00:00, execution_date=20240725T110000, start_date=20240725T191901, end_date=20240725T191901
[2024-07-25T16:19:02.023-0300] {local_task_job_runner.py:243} INFO - Task exited with return code 0
[2024-07-25T16:19:02.029-0300] {taskinstance.py:3503} INFO - 0 downstream tasks scheduled from follow-on schedule check
[2024-07-25T16:19:02.030-0300] {local_task_job_runner.py:222} INFO - ::endgroup::
