[2024-07-25T14:54:44.010-0300] {local_task_job_runner.py:120} INFO - ::group::Pre task execution logs
[2024-07-25T14:54:44.015-0300] {taskinstance.py:2076} INFO - Dependencies all met for dep_context=non-requeueable deps ti=<TaskInstance: Mercado_5m.get_5m_info scheduled__2024-07-25T00:25:00+00:00 [queued]>
[2024-07-25T14:54:44.018-0300] {taskinstance.py:2076} INFO - Dependencies all met for dep_context=requeueable deps ti=<TaskInstance: Mercado_5m.get_5m_info scheduled__2024-07-25T00:25:00+00:00 [queued]>
[2024-07-25T14:54:44.018-0300] {taskinstance.py:2306} INFO - Starting attempt 1 of 1
[2024-07-25T14:54:44.029-0300] {taskinstance.py:2330} INFO - Executing <Task(PythonOperator): get_5m_info> on 2024-07-25 00:25:00+00:00
[2024-07-25T14:54:44.031-0300] {standard_task_runner.py:64} INFO - Started process 2614166 to run task
[2024-07-25T14:54:44.033-0300] {standard_task_runner.py:90} INFO - Running: ['airflow', 'tasks', 'run', 'Mercado_5m', 'get_5m_info', 'scheduled__2024-07-25T00:25:00+00:00', '--job-id', '2301', '--raw', '--subdir', 'DAGS_FOLDER/mercado_dag.py', '--cfg-path', '/tmp/tmpgtfor6lf']
[2024-07-25T14:54:44.034-0300] {standard_task_runner.py:91} INFO - Job 2301: Subtask get_5m_info
[2024-07-25T14:54:44.061-0300] {task_command.py:426} INFO - Running <TaskInstance: Mercado_5m.get_5m_info scheduled__2024-07-25T00:25:00+00:00 [running]> on host Galaxybook.
[2024-07-25T14:54:44.107-0300] {taskinstance.py:2648} INFO - Exporting env vars: AIRFLOW_CTX_DAG_OWNER='airflow' AIRFLOW_CTX_DAG_ID='Mercado_5m' AIRFLOW_CTX_TASK_ID='get_5m_info' AIRFLOW_CTX_EXECUTION_DATE='2024-07-25T00:25:00+00:00' AIRFLOW_CTX_TRY_NUMBER='1' AIRFLOW_CTX_DAG_RUN_ID='scheduled__2024-07-25T00:25:00+00:00'
[2024-07-25T14:54:44.107-0300] {taskinstance.py:430} INFO - ::endgroup::
[2024-07-25T14:54:44.169-0300] {base.py:84} INFO - Using connection ID 'mercado_default' for task execution.
[2024-07-25T14:54:44.170-0300] {mercado_hook.py:31} INFO - URL: https://api.mercadobitcoin.net/api/v4/candles?symbol=BTC-BRL&resolution=5m&to=1721878200&from=1721877900
[2024-07-25T14:54:44.456-0300] {python.py:237} INFO - Done. Returned value was: None
[2024-07-25T14:54:44.457-0300] {taskinstance.py:441} INFO - ::group::Post task execution logs
[2024-07-25T14:54:44.460-0300] {taskinstance.py:1206} INFO - Marking task as SUCCESS. dag_id=Mercado_5m, task_id=get_5m_info, run_id=scheduled__2024-07-25T00:25:00+00:00, execution_date=20240725T002500, start_date=20240725T175444, end_date=20240725T175444
[2024-07-25T14:54:44.496-0300] {local_task_job_runner.py:243} INFO - Task exited with return code 0
[2024-07-25T14:54:44.502-0300] {taskinstance.py:3503} INFO - 0 downstream tasks scheduled from follow-on schedule check
[2024-07-25T14:54:44.503-0300] {local_task_job_runner.py:222} INFO - ::endgroup::
[2024-07-25T15:05:46.931-0300] {local_task_job_runner.py:120} INFO - ::group::Pre task execution logs
[2024-07-25T15:05:46.937-0300] {taskinstance.py:2076} INFO - Dependencies all met for dep_context=non-requeueable deps ti=<TaskInstance: Mercado_5m.get_5m_info scheduled__2024-07-25T00:25:00+00:00 [queued]>
[2024-07-25T15:05:46.941-0300] {taskinstance.py:2076} INFO - Dependencies all met for dep_context=requeueable deps ti=<TaskInstance: Mercado_5m.get_5m_info scheduled__2024-07-25T00:25:00+00:00 [queued]>
[2024-07-25T15:05:46.941-0300] {taskinstance.py:2306} INFO - Starting attempt 1 of 1
[2024-07-25T15:05:46.954-0300] {taskinstance.py:2330} INFO - Executing <Task(PythonOperator): get_5m_info> on 2024-07-25 00:25:00+00:00
[2024-07-25T15:05:46.956-0300] {standard_task_runner.py:64} INFO - Started process 2623451 to run task
[2024-07-25T15:05:46.958-0300] {standard_task_runner.py:90} INFO - Running: ['airflow', 'tasks', 'run', 'Mercado_5m', 'get_5m_info', 'scheduled__2024-07-25T00:25:00+00:00', '--job-id', '2526', '--raw', '--subdir', 'DAGS_FOLDER/mercado_dag.py', '--cfg-path', '/tmp/tmp10zejhns']
[2024-07-25T15:05:46.960-0300] {standard_task_runner.py:91} INFO - Job 2526: Subtask get_5m_info
[2024-07-25T15:05:46.988-0300] {task_command.py:426} INFO - Running <TaskInstance: Mercado_5m.get_5m_info scheduled__2024-07-25T00:25:00+00:00 [running]> on host Galaxybook.
[2024-07-25T15:05:47.041-0300] {taskinstance.py:2648} INFO - Exporting env vars: AIRFLOW_CTX_DAG_OWNER='airflow' AIRFLOW_CTX_DAG_ID='Mercado_5m' AIRFLOW_CTX_TASK_ID='get_5m_info' AIRFLOW_CTX_EXECUTION_DATE='2024-07-25T00:25:00+00:00' AIRFLOW_CTX_TRY_NUMBER='1' AIRFLOW_CTX_DAG_RUN_ID='scheduled__2024-07-25T00:25:00+00:00'
[2024-07-25T15:05:47.042-0300] {taskinstance.py:430} INFO - ::endgroup::
[2024-07-25T15:05:47.108-0300] {base.py:84} INFO - Using connection ID 'mercado_default' for task execution.
[2024-07-25T15:05:47.109-0300] {mercado_hook.py:31} INFO - URL: https://api.mercadobitcoin.net/api/v4/candles?symbol=BTC-BRL&resolution=5m&to=1721878200000&from=1721877900000
[2024-07-25T15:05:47.482-0300] {python.py:237} INFO - Done. Returned value was: None
[2024-07-25T15:05:47.483-0300] {taskinstance.py:441} INFO - ::group::Post task execution logs
[2024-07-25T15:05:47.486-0300] {taskinstance.py:1206} INFO - Marking task as SUCCESS. dag_id=Mercado_5m, task_id=get_5m_info, run_id=scheduled__2024-07-25T00:25:00+00:00, execution_date=20240725T002500, start_date=20240725T180546, end_date=20240725T180547
[2024-07-25T15:05:47.503-0300] {local_task_job_runner.py:243} INFO - Task exited with return code 0
[2024-07-25T15:05:47.509-0300] {taskinstance.py:3503} INFO - 0 downstream tasks scheduled from follow-on schedule check
[2024-07-25T15:05:47.509-0300] {local_task_job_runner.py:222} INFO - ::endgroup::
[2024-07-25T16:18:09.630-0300] {local_task_job_runner.py:120} INFO - ::group::Pre task execution logs
[2024-07-25T16:18:09.639-0300] {taskinstance.py:2076} INFO - Dependencies all met for dep_context=non-requeueable deps ti=<TaskInstance: Mercado_5m.get_5m_info scheduled__2024-07-25T00:25:00+00:00 [queued]>
[2024-07-25T16:18:09.643-0300] {taskinstance.py:2076} INFO - Dependencies all met for dep_context=requeueable deps ti=<TaskInstance: Mercado_5m.get_5m_info scheduled__2024-07-25T00:25:00+00:00 [queued]>
[2024-07-25T16:18:09.643-0300] {taskinstance.py:2306} INFO - Starting attempt 1 of 1
[2024-07-25T16:18:09.666-0300] {taskinstance.py:2330} INFO - Executing <Task(PythonOperator): get_5m_info> on 2024-07-25 00:25:00+00:00
[2024-07-25T16:18:09.668-0300] {standard_task_runner.py:64} INFO - Started process 2661126 to run task
[2024-07-25T16:18:09.670-0300] {standard_task_runner.py:90} INFO - Running: ['airflow', 'tasks', 'run', 'Mercado_5m', 'get_5m_info', 'scheduled__2024-07-25T00:25:00+00:00', '--job-id', '2218', '--raw', '--subdir', 'DAGS_FOLDER/mercado_dag.py', '--cfg-path', '/tmp/tmp03fhkfx7']
[2024-07-25T16:18:09.671-0300] {standard_task_runner.py:91} INFO - Job 2218: Subtask get_5m_info
[2024-07-25T16:18:09.704-0300] {task_command.py:426} INFO - Running <TaskInstance: Mercado_5m.get_5m_info scheduled__2024-07-25T00:25:00+00:00 [running]> on host Galaxybook.
[2024-07-25T16:18:09.757-0300] {taskinstance.py:2648} INFO - Exporting env vars: AIRFLOW_CTX_DAG_OWNER='airflow' AIRFLOW_CTX_DAG_ID='Mercado_5m' AIRFLOW_CTX_TASK_ID='get_5m_info' AIRFLOW_CTX_EXECUTION_DATE='2024-07-25T00:25:00+00:00' AIRFLOW_CTX_TRY_NUMBER='1' AIRFLOW_CTX_DAG_RUN_ID='scheduled__2024-07-25T00:25:00+00:00'
[2024-07-25T16:18:09.758-0300] {taskinstance.py:430} INFO - ::endgroup::
[2024-07-25T16:18:09.766-0300] {mercado_dag.py:22} INFO - To: 2024-07-25 00:30:00+00:00
[2024-07-25T16:18:09.766-0300] {mercado_dag.py:23} INFO - From: 2024-07-25 00:25:00+00:00
[2024-07-25T16:18:09.844-0300] {base.py:84} INFO - Using connection ID 'mercado_default' for task execution.
[2024-07-25T16:18:09.845-0300] {mercado_hook.py:31} INFO - URL: https://api.mercadobitcoin.net/api/v4/candles?symbol=BTC-BRL&resolution=5m&to=1721867400&from=1721867100
[2024-07-25T16:18:10.131-0300] {python.py:237} INFO - Done. Returned value was: None
[2024-07-25T16:18:10.132-0300] {taskinstance.py:441} INFO - ::group::Post task execution logs
[2024-07-25T16:18:10.135-0300] {taskinstance.py:1206} INFO - Marking task as SUCCESS. dag_id=Mercado_5m, task_id=get_5m_info, run_id=scheduled__2024-07-25T00:25:00+00:00, execution_date=20240725T002500, start_date=20240725T191809, end_date=20240725T191810
[2024-07-25T16:18:10.169-0300] {local_task_job_runner.py:243} INFO - Task exited with return code 0
[2024-07-25T16:18:10.176-0300] {taskinstance.py:3503} INFO - 0 downstream tasks scheduled from follow-on schedule check
[2024-07-25T16:18:10.177-0300] {local_task_job_runner.py:222} INFO - ::endgroup::
[2024-07-25T16:22:16.440-0300] {local_task_job_runner.py:120} INFO - ::group::Pre task execution logs
[2024-07-25T16:22:16.445-0300] {taskinstance.py:2076} INFO - Dependencies all met for dep_context=non-requeueable deps ti=<TaskInstance: Mercado_5m.get_5m_info scheduled__2024-07-25T00:25:00+00:00 [queued]>
[2024-07-25T16:22:16.448-0300] {taskinstance.py:2076} INFO - Dependencies all met for dep_context=requeueable deps ti=<TaskInstance: Mercado_5m.get_5m_info scheduled__2024-07-25T00:25:00+00:00 [queued]>
[2024-07-25T16:22:16.448-0300] {taskinstance.py:2306} INFO - Starting attempt 1 of 1
[2024-07-25T16:22:16.460-0300] {taskinstance.py:2330} INFO - Executing <Task(PythonOperator): get_5m_info> on 2024-07-25 00:25:00+00:00
[2024-07-25T16:22:16.462-0300] {standard_task_runner.py:64} INFO - Started process 2665338 to run task
[2024-07-25T16:22:16.464-0300] {standard_task_runner.py:90} INFO - Running: ['airflow', 'tasks', 'run', 'Mercado_5m', 'get_5m_info', 'scheduled__2024-07-25T00:25:00+00:00', '--job-id', '2343', '--raw', '--subdir', 'DAGS_FOLDER/mercado_dag.py', '--cfg-path', '/tmp/tmpxlfukuip']
[2024-07-25T16:22:16.465-0300] {standard_task_runner.py:91} INFO - Job 2343: Subtask get_5m_info
[2024-07-25T16:22:16.494-0300] {task_command.py:426} INFO - Running <TaskInstance: Mercado_5m.get_5m_info scheduled__2024-07-25T00:25:00+00:00 [running]> on host Galaxybook.
[2024-07-25T16:22:16.540-0300] {taskinstance.py:2648} INFO - Exporting env vars: AIRFLOW_CTX_DAG_OWNER='airflow' AIRFLOW_CTX_DAG_ID='Mercado_5m' AIRFLOW_CTX_TASK_ID='get_5m_info' AIRFLOW_CTX_EXECUTION_DATE='2024-07-25T00:25:00+00:00' AIRFLOW_CTX_TRY_NUMBER='1' AIRFLOW_CTX_DAG_RUN_ID='scheduled__2024-07-25T00:25:00+00:00'
[2024-07-25T16:22:16.540-0300] {taskinstance.py:430} INFO - ::endgroup::
[2024-07-25T16:22:16.548-0300] {mercado_dag.py:22} INFO - To: 2024-07-25 00:30:00+00:00
[2024-07-25T16:22:16.548-0300] {mercado_dag.py:23} INFO - From: 2024-07-25 00:25:00+00:00
[2024-07-25T16:22:16.549-0300] {mercado_dag.py:24} INFO - To timestamp: 1721867400 
[2024-07-25T16:22:16.549-0300] {mercado_dag.py:25} INFO - From timestamp: 1721867100 
[2024-07-25T16:22:16.606-0300] {base.py:84} INFO - Using connection ID 'mercado_default' for task execution.
[2024-07-25T16:22:16.607-0300] {mercado_hook.py:31} INFO - URL: https://api.mercadobitcoin.net/api/v4/candles?symbol=BTC-BRL&resolution=5m&to=1721867400&from=1721867100
[2024-07-25T16:22:16.885-0300] {python.py:237} INFO - Done. Returned value was: None
[2024-07-25T16:22:16.886-0300] {taskinstance.py:441} INFO - ::group::Post task execution logs
[2024-07-25T16:22:16.889-0300] {taskinstance.py:1206} INFO - Marking task as SUCCESS. dag_id=Mercado_5m, task_id=get_5m_info, run_id=scheduled__2024-07-25T00:25:00+00:00, execution_date=20240725T002500, start_date=20240725T192216, end_date=20240725T192216
[2024-07-25T16:22:16.926-0300] {local_task_job_runner.py:243} INFO - Task exited with return code 0
[2024-07-25T16:22:16.933-0300] {taskinstance.py:3503} INFO - 0 downstream tasks scheduled from follow-on schedule check
[2024-07-25T16:22:16.934-0300] {local_task_job_runner.py:222} INFO - ::endgroup::
[2024-07-25T16:25:16.692-0300] {local_task_job_runner.py:120} INFO - ::group::Pre task execution logs
[2024-07-25T16:25:16.700-0300] {taskinstance.py:2076} INFO - Dependencies all met for dep_context=non-requeueable deps ti=<TaskInstance: Mercado_5m.get_5m_info scheduled__2024-07-25T00:25:00+00:00 [queued]>
[2024-07-25T16:25:16.704-0300] {taskinstance.py:2076} INFO - Dependencies all met for dep_context=requeueable deps ti=<TaskInstance: Mercado_5m.get_5m_info scheduled__2024-07-25T00:25:00+00:00 [queued]>
[2024-07-25T16:25:16.705-0300] {taskinstance.py:2306} INFO - Starting attempt 1 of 1
[2024-07-25T16:25:16.721-0300] {taskinstance.py:2330} INFO - Executing <Task(PythonOperator): get_5m_info> on 2024-07-25 00:25:00+00:00
[2024-07-25T16:25:16.724-0300] {standard_task_runner.py:64} INFO - Started process 2668302 to run task
[2024-07-25T16:25:16.726-0300] {standard_task_runner.py:90} INFO - Running: ['airflow', 'tasks', 'run', 'Mercado_5m', 'get_5m_info', 'scheduled__2024-07-25T00:25:00+00:00', '--job-id', '2425', '--raw', '--subdir', 'DAGS_FOLDER/mercado_dag.py', '--cfg-path', '/tmp/tmp9uaot2rl']
[2024-07-25T16:25:16.727-0300] {standard_task_runner.py:91} INFO - Job 2425: Subtask get_5m_info
[2024-07-25T16:25:16.756-0300] {task_command.py:426} INFO - Running <TaskInstance: Mercado_5m.get_5m_info scheduled__2024-07-25T00:25:00+00:00 [running]> on host Galaxybook.
[2024-07-25T16:25:16.811-0300] {taskinstance.py:2648} INFO - Exporting env vars: AIRFLOW_CTX_DAG_OWNER='airflow' AIRFLOW_CTX_DAG_ID='Mercado_5m' AIRFLOW_CTX_TASK_ID='get_5m_info' AIRFLOW_CTX_EXECUTION_DATE='2024-07-25T00:25:00+00:00' AIRFLOW_CTX_TRY_NUMBER='1' AIRFLOW_CTX_DAG_RUN_ID='scheduled__2024-07-25T00:25:00+00:00'
[2024-07-25T16:25:16.812-0300] {taskinstance.py:430} INFO - ::endgroup::
[2024-07-25T16:25:16.819-0300] {mercado_dag.py:22} INFO - To: 2024-07-25 00:30:00+00:00
[2024-07-25T16:25:16.819-0300] {mercado_dag.py:23} INFO - From: 2024-07-25 00:25:00+00:00
[2024-07-25T16:25:16.820-0300] {mercado_dag.py:24} INFO - To timestamp: 1721867400000 
[2024-07-25T16:25:16.820-0300] {mercado_dag.py:25} INFO - From timestamp: 1721867100000 
[2024-07-25T16:25:16.887-0300] {base.py:84} INFO - Using connection ID 'mercado_default' for task execution.
[2024-07-25T16:25:16.888-0300] {mercado_hook.py:31} INFO - URL: https://api.mercadobitcoin.net/api/v4/candles?symbol=BTC-BRL&resolution=5m&to=1721867400000&from=1721867100000
[2024-07-25T16:25:17.178-0300] {python.py:237} INFO - Done. Returned value was: None
[2024-07-25T16:25:17.179-0300] {taskinstance.py:441} INFO - ::group::Post task execution logs
[2024-07-25T16:25:17.181-0300] {taskinstance.py:1206} INFO - Marking task as SUCCESS. dag_id=Mercado_5m, task_id=get_5m_info, run_id=scheduled__2024-07-25T00:25:00+00:00, execution_date=20240725T002500, start_date=20240725T192516, end_date=20240725T192517
[2024-07-25T16:25:17.227-0300] {local_task_job_runner.py:243} INFO - Task exited with return code 0
[2024-07-25T16:25:17.234-0300] {taskinstance.py:3503} INFO - 0 downstream tasks scheduled from follow-on schedule check
[2024-07-25T16:25:17.234-0300] {local_task_job_runner.py:222} INFO - ::endgroup::
