[2024-07-25T17:22:51.177-0300] {local_task_job_runner.py:120} INFO - ::group::Pre task execution logs
[2024-07-25T17:22:51.182-0300] {taskinstance.py:2076} INFO - Dependencies all met for dep_context=non-requeueable deps ti=<TaskInstance: Mercado_1m.get_5m_info scheduled__2024-07-25T12:31:00+00:00 [queued]>
[2024-07-25T17:22:51.185-0300] {taskinstance.py:2076} INFO - Dependencies all met for dep_context=requeueable deps ti=<TaskInstance: Mercado_1m.get_5m_info scheduled__2024-07-25T12:31:00+00:00 [queued]>
[2024-07-25T17:22:51.185-0300] {taskinstance.py:2306} INFO - Starting attempt 1 of 1
[2024-07-25T17:22:51.200-0300] {taskinstance.py:2330} INFO - Executing <Task(PythonOperator): get_5m_info> on 2024-07-25 12:31:00+00:00
[2024-07-25T17:22:51.202-0300] {standard_task_runner.py:64} INFO - Started process 2693713 to run task
[2024-07-25T17:22:51.204-0300] {standard_task_runner.py:90} INFO - Running: ['airflow', 'tasks', 'run', 'Mercado_1m', 'get_5m_info', 'scheduled__2024-07-25T12:31:00+00:00', '--job-id', '2506', '--raw', '--subdir', 'DAGS_FOLDER/mercado_dag.py', '--cfg-path', '/tmp/tmpzrcsp9xr']
[2024-07-25T17:22:51.205-0300] {standard_task_runner.py:91} INFO - Job 2506: Subtask get_5m_info
[2024-07-25T17:22:51.230-0300] {task_command.py:426} INFO - Running <TaskInstance: Mercado_1m.get_5m_info scheduled__2024-07-25T12:31:00+00:00 [running]> on host Galaxybook.
[2024-07-25T17:22:51.279-0300] {taskinstance.py:2648} INFO - Exporting env vars: AIRFLOW_CTX_DAG_OWNER='airflow' AIRFLOW_CTX_DAG_ID='Mercado_1m' AIRFLOW_CTX_TASK_ID='get_5m_info' AIRFLOW_CTX_EXECUTION_DATE='2024-07-25T12:31:00+00:00' AIRFLOW_CTX_TRY_NUMBER='1' AIRFLOW_CTX_DAG_RUN_ID='scheduled__2024-07-25T12:31:00+00:00'
[2024-07-25T17:22:51.280-0300] {taskinstance.py:430} INFO - ::endgroup::
[2024-07-25T17:22:51.287-0300] {mercado_dag.py:21} INFO - To: 2024-07-25 12:32:00+00:00
[2024-07-25T17:22:51.287-0300] {mercado_dag.py:22} INFO - From: 2024-07-25 12:31:00+00:00
[2024-07-25T17:22:51.287-0300] {mercado_dag.py:23} INFO - To timestamp: 1721910720 
[2024-07-25T17:22:51.287-0300] {mercado_dag.py:24} INFO - From timestamp: 1721910660 
[2024-07-25T17:22:51.343-0300] {base.py:84} INFO - Using connection ID 'mercado_default' for task execution.
[2024-07-25T17:22:51.344-0300] {mercado_hook.py:31} INFO - URL: https://api.mercadobitcoin.net/api/v4/candles?symbol=BTC-BRL&resolution=1m&to=1721910720&from=1721910660
[2024-07-25T17:22:51.615-0300] {python.py:237} INFO - Done. Returned value was: None
[2024-07-25T17:22:51.616-0300] {taskinstance.py:441} INFO - ::group::Post task execution logs
[2024-07-25T17:22:51.620-0300] {taskinstance.py:1206} INFO - Marking task as SUCCESS. dag_id=Mercado_1m, task_id=get_5m_info, run_id=scheduled__2024-07-25T12:31:00+00:00, execution_date=20240725T123100, start_date=20240725T202251, end_date=20240725T202251
[2024-07-25T17:22:51.659-0300] {local_task_job_runner.py:243} INFO - Task exited with return code 0
[2024-07-25T17:22:51.667-0300] {taskinstance.py:3503} INFO - 0 downstream tasks scheduled from follow-on schedule check
[2024-07-25T17:22:51.668-0300] {local_task_job_runner.py:222} INFO - ::endgroup::
