[2024-07-25T14:55:36.173-0300] {local_task_job_runner.py:120} INFO - ::group::Pre task execution logs
[2024-07-25T14:55:36.179-0300] {taskinstance.py:2076} INFO - Dependencies all met for dep_context=non-requeueable deps ti=<TaskInstance: Binance_5m.get_5m_info scheduled__2024-07-25T17:50:00+00:00 [queued]>
[2024-07-25T14:55:36.182-0300] {taskinstance.py:2076} INFO - Dependencies all met for dep_context=requeueable deps ti=<TaskInstance: Binance_5m.get_5m_info scheduled__2024-07-25T17:50:00+00:00 [queued]>
[2024-07-25T14:55:36.183-0300] {taskinstance.py:2306} INFO - Starting attempt 1 of 1
[2024-07-25T14:55:36.197-0300] {taskinstance.py:2330} INFO - Executing <Task(PythonOperator): get_5m_info> on 2024-07-25 17:50:00+00:00
[2024-07-25T14:55:36.199-0300] {standard_task_runner.py:64} INFO - Started process 2615033 to run task
[2024-07-25T14:55:36.200-0300] {standard_task_runner.py:90} INFO - Running: ['airflow', 'tasks', 'run', 'Binance_5m', 'get_5m_info', 'scheduled__2024-07-25T17:50:00+00:00', '--job-id', '2330', '--raw', '--subdir', 'DAGS_FOLDER/binance_dag.py', '--cfg-path', '/tmp/tmpmch4wpri']
[2024-07-25T14:55:36.201-0300] {standard_task_runner.py:91} INFO - Job 2330: Subtask get_5m_info
[2024-07-25T14:55:36.229-0300] {task_command.py:426} INFO - Running <TaskInstance: Binance_5m.get_5m_info scheduled__2024-07-25T17:50:00+00:00 [running]> on host Galaxybook.
[2024-07-25T14:55:36.282-0300] {taskinstance.py:2648} INFO - Exporting env vars: AIRFLOW_CTX_DAG_OWNER='airflow' AIRFLOW_CTX_DAG_ID='Binance_5m' AIRFLOW_CTX_TASK_ID='get_5m_info' AIRFLOW_CTX_EXECUTION_DATE='2024-07-25T17:50:00+00:00' AIRFLOW_CTX_TRY_NUMBER='1' AIRFLOW_CTX_DAG_RUN_ID='scheduled__2024-07-25T17:50:00+00:00'
[2024-07-25T14:55:36.283-0300] {taskinstance.py:430} INFO - ::endgroup::
[2024-07-25T14:55:36.292-0300] {binance_dag.py:23} INFO - End Time: 2024-07-25T17:55:00.00Z
[2024-07-25T14:55:36.292-0300] {binance_dag.py:24} INFO - Start Time: 2024-07-25T17:50:00.00Z
[2024-07-25T14:55:36.352-0300] {base.py:84} INFO - Using connection ID 'binance_default' for task execution.
[2024-07-25T14:55:36.352-0300] {logging_mixin.py:188} INFO - https://api.binance.com
[2024-07-25T14:55:36.352-0300] {binance_hook.py:35} INFO - URL: https://api.binance.com/api/v3/klines?symbol=BTCBRL&interval=5m&startTime=1721940600000&endTime=1721940899999
[2024-07-25T14:55:36.744-0300] {binance_dag.py:43} INFO - r: []
[2024-07-25T14:55:36.745-0300] {python.py:237} INFO - Done. Returned value was: None
[2024-07-25T14:55:36.745-0300] {taskinstance.py:441} INFO - ::group::Post task execution logs
[2024-07-25T14:55:36.748-0300] {taskinstance.py:1206} INFO - Marking task as SUCCESS. dag_id=Binance_5m, task_id=get_5m_info, run_id=scheduled__2024-07-25T17:50:00+00:00, execution_date=20240725T175000, start_date=20240725T175536, end_date=20240725T175536
[2024-07-25T14:55:36.785-0300] {local_task_job_runner.py:243} INFO - Task exited with return code 0
[2024-07-25T14:55:36.793-0300] {taskinstance.py:3503} INFO - 0 downstream tasks scheduled from follow-on schedule check
[2024-07-25T14:55:36.793-0300] {local_task_job_runner.py:222} INFO - ::endgroup::
[2024-07-25T15:24:49.276-0300] {local_task_job_runner.py:120} INFO - ::group::Pre task execution logs
[2024-07-25T15:24:49.284-0300] {taskinstance.py:2076} INFO - Dependencies all met for dep_context=non-requeueable deps ti=<TaskInstance: Binance_5m.get_5m_info scheduled__2024-07-25T17:50:00+00:00 [queued]>
[2024-07-25T15:24:49.288-0300] {taskinstance.py:2076} INFO - Dependencies all met for dep_context=requeueable deps ti=<TaskInstance: Binance_5m.get_5m_info scheduled__2024-07-25T17:50:00+00:00 [queued]>
[2024-07-25T15:24:49.288-0300] {taskinstance.py:2306} INFO - Starting attempt 1 of 1
[2024-07-25T15:24:49.306-0300] {taskinstance.py:2330} INFO - Executing <Task(PythonOperator): get_5m_info> on 2024-07-25 17:50:00+00:00
[2024-07-25T15:24:49.307-0300] {standard_task_runner.py:64} INFO - Started process 2636508 to run task
[2024-07-25T15:24:49.310-0300] {standard_task_runner.py:90} INFO - Running: ['airflow', 'tasks', 'run', 'Binance_5m', 'get_5m_info', 'scheduled__2024-07-25T17:50:00+00:00', '--job-id', '2749', '--raw', '--subdir', 'DAGS_FOLDER/binance_dag.py', '--cfg-path', '/tmp/tmpq6sxpsq4']
[2024-07-25T15:24:49.311-0300] {standard_task_runner.py:91} INFO - Job 2749: Subtask get_5m_info
[2024-07-25T15:24:49.335-0300] {task_command.py:426} INFO - Running <TaskInstance: Binance_5m.get_5m_info scheduled__2024-07-25T17:50:00+00:00 [running]> on host Galaxybook.
[2024-07-25T15:24:49.393-0300] {taskinstance.py:2648} INFO - Exporting env vars: AIRFLOW_CTX_DAG_OWNER='airflow' AIRFLOW_CTX_DAG_ID='Binance_5m' AIRFLOW_CTX_TASK_ID='get_5m_info' AIRFLOW_CTX_EXECUTION_DATE='2024-07-25T17:50:00+00:00' AIRFLOW_CTX_TRY_NUMBER='1' AIRFLOW_CTX_DAG_RUN_ID='scheduled__2024-07-25T17:50:00+00:00'
[2024-07-25T15:24:49.393-0300] {taskinstance.py:430} INFO - ::endgroup::
[2024-07-25T15:24:49.401-0300] {binance_dag.py:23} INFO - End Time: 2024-07-25T17:55:00.00Z
[2024-07-25T15:24:49.401-0300] {binance_dag.py:24} INFO - Start Time: 2024-07-25T17:50:00.00Z
[2024-07-25T15:24:49.456-0300] {binance_dag.py:25} INFO - 1721940600000
[2024-07-25T15:24:49.458-0300] {base.py:84} INFO - Using connection ID 'binance_default' for task execution.
[2024-07-25T15:24:49.458-0300] {logging_mixin.py:188} INFO - https://api.binance.com
[2024-07-25T15:24:49.459-0300] {binance_hook.py:35} INFO - URL: https://api.binance.com/api/v3/klines?symbol=BTCBRL&interval=5m&startTime=1721940600000&endTime=1721940899999
[2024-07-25T15:24:49.857-0300] {python.py:237} INFO - Done. Returned value was: None
[2024-07-25T15:24:49.858-0300] {taskinstance.py:441} INFO - ::group::Post task execution logs
[2024-07-25T15:24:49.861-0300] {taskinstance.py:1206} INFO - Marking task as SUCCESS. dag_id=Binance_5m, task_id=get_5m_info, run_id=scheduled__2024-07-25T17:50:00+00:00, execution_date=20240725T175000, start_date=20240725T182449, end_date=20240725T182449
[2024-07-25T15:24:49.895-0300] {local_task_job_runner.py:243} INFO - Task exited with return code 0
[2024-07-25T15:24:49.903-0300] {taskinstance.py:3503} INFO - 0 downstream tasks scheduled from follow-on schedule check
[2024-07-25T15:24:49.903-0300] {local_task_job_runner.py:222} INFO - ::endgroup::
[2024-07-25T16:24:07.990-0300] {local_task_job_runner.py:120} INFO - ::group::Pre task execution logs
[2024-07-25T16:24:07.998-0300] {taskinstance.py:2076} INFO - Dependencies all met for dep_context=non-requeueable deps ti=<TaskInstance: Binance_5m.get_5m_info scheduled__2024-07-25T17:50:00+00:00 [queued]>
[2024-07-25T16:24:08.001-0300] {taskinstance.py:2076} INFO - Dependencies all met for dep_context=requeueable deps ti=<TaskInstance: Binance_5m.get_5m_info scheduled__2024-07-25T17:50:00+00:00 [queued]>
[2024-07-25T16:24:08.001-0300] {taskinstance.py:2306} INFO - Starting attempt 1 of 1
[2024-07-25T16:24:08.016-0300] {taskinstance.py:2330} INFO - Executing <Task(PythonOperator): get_5m_info> on 2024-07-25 17:50:00+00:00
[2024-07-25T16:24:08.018-0300] {standard_task_runner.py:64} INFO - Started process 2667160 to run task
[2024-07-25T16:24:08.020-0300] {standard_task_runner.py:90} INFO - Running: ['airflow', 'tasks', 'run', 'Binance_5m', 'get_5m_info', 'scheduled__2024-07-25T17:50:00+00:00', '--job-id', '2397', '--raw', '--subdir', 'DAGS_FOLDER/binance_dag.py', '--cfg-path', '/tmp/tmpqay1qnjz']
[2024-07-25T16:24:08.022-0300] {standard_task_runner.py:91} INFO - Job 2397: Subtask get_5m_info
[2024-07-25T16:24:08.053-0300] {task_command.py:426} INFO - Running <TaskInstance: Binance_5m.get_5m_info scheduled__2024-07-25T17:50:00+00:00 [running]> on host Galaxybook.
[2024-07-25T16:24:08.121-0300] {taskinstance.py:2648} INFO - Exporting env vars: AIRFLOW_CTX_DAG_OWNER='airflow' AIRFLOW_CTX_DAG_ID='Binance_5m' AIRFLOW_CTX_TASK_ID='get_5m_info' AIRFLOW_CTX_EXECUTION_DATE='2024-07-25T17:50:00+00:00' AIRFLOW_CTX_TRY_NUMBER='1' AIRFLOW_CTX_DAG_RUN_ID='scheduled__2024-07-25T17:50:00+00:00'
[2024-07-25T16:24:08.122-0300] {taskinstance.py:430} INFO - ::endgroup::
[2024-07-25T16:24:08.132-0300] {binance_dag.py:22} INFO - End Time: 2024-07-25 17:55:00+00:00
[2024-07-25T16:24:08.132-0300] {binance_dag.py:23} INFO - Start Time: 2024-07-25 17:50:00+00:00
[2024-07-25T16:24:08.132-0300] {binance_dag.py:24} INFO - Start timestamp: 1721929800000
[2024-07-25T16:24:08.132-0300] {binance_dag.py:25} INFO - End timestamp: 1721930100000
[2024-07-25T16:24:08.212-0300] {base.py:84} INFO - Using connection ID 'binance_default' for task execution.
[2024-07-25T16:24:08.212-0300] {logging_mixin.py:188} INFO - https://api.binance.com
[2024-07-25T16:24:08.213-0300] {binance_hook.py:35} INFO - URL: https://api.binance.com/api/v3/klines?symbol=BTCBRL&interval=5m&startTime=1721929800000&endTime=1721930099999&timeZone=-3
[2024-07-25T16:24:08.623-0300] {python.py:237} INFO - Done. Returned value was: None
[2024-07-25T16:24:08.624-0300] {taskinstance.py:441} INFO - ::group::Post task execution logs
[2024-07-25T16:24:08.626-0300] {taskinstance.py:1206} INFO - Marking task as SUCCESS. dag_id=Binance_5m, task_id=get_5m_info, run_id=scheduled__2024-07-25T17:50:00+00:00, execution_date=20240725T175000, start_date=20240725T192407, end_date=20240725T192408
[2024-07-25T16:24:08.684-0300] {local_task_job_runner.py:243} INFO - Task exited with return code 0
[2024-07-25T16:24:08.692-0300] {taskinstance.py:3503} INFO - 0 downstream tasks scheduled from follow-on schedule check
[2024-07-25T16:24:08.693-0300] {local_task_job_runner.py:222} INFO - ::endgroup::
