[2024-07-25T10:00:32.990-0300] {local_task_job_runner.py:120} INFO - ::group::Pre task execution logs
[2024-07-25T10:00:32.995-0300] {taskinstance.py:2076} INFO - Dependencies all met for dep_context=non-requeueable deps ti=<TaskInstance: Mercado_1m.get_1m_info scheduled__2024-07-25T11:57:00+00:00 [queued]>
[2024-07-25T10:00:32.998-0300] {taskinstance.py:2076} INFO - Dependencies all met for dep_context=requeueable deps ti=<TaskInstance: Mercado_1m.get_1m_info scheduled__2024-07-25T11:57:00+00:00 [queued]>
[2024-07-25T10:00:32.998-0300] {taskinstance.py:2306} INFO - Starting attempt 1 of 1
[2024-07-25T10:00:33.013-0300] {taskinstance.py:2330} INFO - Executing <Task(PythonOperator): get_1m_info> on 2024-07-25 11:57:00+00:00
[2024-07-25T10:00:33.015-0300] {standard_task_runner.py:64} INFO - Started process 2445639 to run task
[2024-07-25T10:00:33.018-0300] {standard_task_runner.py:90} INFO - Running: ['airflow', 'tasks', 'run', 'Mercado_1m', 'get_1m_info', 'scheduled__2024-07-25T11:57:00+00:00', '--job-id', '1956', '--raw', '--subdir', 'DAGS_FOLDER/mercado_dag.py', '--cfg-path', '/tmp/tmp8vh184s0']
[2024-07-25T10:00:33.019-0300] {standard_task_runner.py:91} INFO - Job 1956: Subtask get_1m_info
[2024-07-25T10:00:33.045-0300] {task_command.py:426} INFO - Running <TaskInstance: Mercado_1m.get_1m_info scheduled__2024-07-25T11:57:00+00:00 [running]> on host Galaxybook.
[2024-07-25T10:00:33.099-0300] {taskinstance.py:2648} INFO - Exporting env vars: AIRFLOW_CTX_DAG_OWNER='airflow' AIRFLOW_CTX_DAG_ID='Mercado_1m' AIRFLOW_CTX_TASK_ID='get_1m_info' AIRFLOW_CTX_EXECUTION_DATE='2024-07-25T11:57:00+00:00' AIRFLOW_CTX_TRY_NUMBER='1' AIRFLOW_CTX_DAG_RUN_ID='scheduled__2024-07-25T11:57:00+00:00'
[2024-07-25T10:00:33.099-0300] {taskinstance.py:430} INFO - ::endgroup::
[2024-07-25T10:00:33.181-0300] {base.py:84} INFO - Using connection ID 'mercado_default' for task execution.
[2024-07-25T10:00:33.182-0300] {mercado_hook.py:26} INFO - BASE URL: https://api.mercadobitcoin.net/api/v4
[2024-07-25T10:00:33.182-0300] {mercado_hook.py:32} INFO - URL: https://api.mercadobitcoin.net/api/v4/candles?symbol=BTC-BRL&resolution=1m&to=1721912373108&from=1721912433108
[2024-07-25T10:00:33.502-0300] {python.py:237} INFO - Done. Returned value was: None
[2024-07-25T10:00:33.502-0300] {taskinstance.py:441} INFO - ::group::Post task execution logs
[2024-07-25T10:00:33.504-0300] {taskinstance.py:1206} INFO - Marking task as SUCCESS. dag_id=Mercado_1m, task_id=get_1m_info, run_id=scheduled__2024-07-25T11:57:00+00:00, execution_date=20240725T115700, start_date=20240725T130032, end_date=20240725T130033
[2024-07-25T10:00:33.518-0300] {local_task_job_runner.py:243} INFO - Task exited with return code 0
[2024-07-25T10:00:33.524-0300] {taskinstance.py:3503} INFO - 0 downstream tasks scheduled from follow-on schedule check
[2024-07-25T10:00:33.525-0300] {local_task_job_runner.py:222} INFO - ::endgroup::
[2024-07-25T11:00:00.493-0300] {local_task_job_runner.py:120} INFO - ::group::Pre task execution logs
[2024-07-25T11:00:00.500-0300] {taskinstance.py:2076} INFO - Dependencies all met for dep_context=non-requeueable deps ti=<TaskInstance: Mercado_1m.get_1m_info scheduled__2024-07-25T11:57:00+00:00 [queued]>
[2024-07-25T11:00:00.503-0300] {taskinstance.py:2076} INFO - Dependencies all met for dep_context=requeueable deps ti=<TaskInstance: Mercado_1m.get_1m_info scheduled__2024-07-25T11:57:00+00:00 [queued]>
[2024-07-25T11:00:00.503-0300] {taskinstance.py:2306} INFO - Starting attempt 1 of 1
[2024-07-25T11:00:00.518-0300] {taskinstance.py:2330} INFO - Executing <Task(PythonOperator): get_1m_info> on 2024-07-25 11:57:00+00:00
[2024-07-25T11:00:00.520-0300] {standard_task_runner.py:64} INFO - Started process 2481731 to run task
[2024-07-25T11:00:00.522-0300] {standard_task_runner.py:90} INFO - Running: ['airflow', 'tasks', 'run', 'Mercado_1m', 'get_1m_info', 'scheduled__2024-07-25T11:57:00+00:00', '--job-id', '1892', '--raw', '--subdir', 'DAGS_FOLDER/mercado_dag.py', '--cfg-path', '/tmp/tmpbbad9lco']
[2024-07-25T11:00:00.523-0300] {standard_task_runner.py:91} INFO - Job 1892: Subtask get_1m_info
[2024-07-25T11:00:00.554-0300] {task_command.py:426} INFO - Running <TaskInstance: Mercado_1m.get_1m_info scheduled__2024-07-25T11:57:00+00:00 [running]> on host Galaxybook.
[2024-07-25T11:00:00.614-0300] {taskinstance.py:2648} INFO - Exporting env vars: AIRFLOW_CTX_DAG_OWNER='airflow' AIRFLOW_CTX_DAG_ID='Mercado_1m' AIRFLOW_CTX_TASK_ID='get_1m_info' AIRFLOW_CTX_EXECUTION_DATE='2024-07-25T11:57:00+00:00' AIRFLOW_CTX_TRY_NUMBER='1' AIRFLOW_CTX_DAG_RUN_ID='scheduled__2024-07-25T11:57:00+00:00'
[2024-07-25T11:00:00.615-0300] {taskinstance.py:430} INFO - ::endgroup::
[2024-07-25T11:00:00.691-0300] {base.py:84} INFO - Using connection ID 'mercado_default' for task execution.
[2024-07-25T11:00:00.692-0300] {mercado_hook.py:31} INFO - URL: https://api.mercadobitcoin.net/api/v4/candles?symbol=BTC-BRL&resolution=1m&to=1721916000623&countback=1
[2024-07-25T11:00:01.133-0300] {python.py:237} INFO - Done. Returned value was: None
[2024-07-25T11:00:01.133-0300] {taskinstance.py:441} INFO - ::group::Post task execution logs
[2024-07-25T11:00:01.136-0300] {taskinstance.py:1206} INFO - Marking task as SUCCESS. dag_id=Mercado_1m, task_id=get_1m_info, run_id=scheduled__2024-07-25T11:57:00+00:00, execution_date=20240725T115700, start_date=20240725T140000, end_date=20240725T140001
[2024-07-25T11:00:01.181-0300] {local_task_job_runner.py:243} INFO - Task exited with return code 0
[2024-07-25T11:00:01.189-0300] {taskinstance.py:3503} INFO - 0 downstream tasks scheduled from follow-on schedule check
[2024-07-25T11:00:01.190-0300] {local_task_job_runner.py:222} INFO - ::endgroup::
