[2024-07-25T14:49:59.789-0300] {local_task_job_runner.py:120} INFO - ::group::Pre task execution logs
[2024-07-25T14:49:59.796-0300] {taskinstance.py:2076} INFO - Dependencies all met for dep_context=non-requeueable deps ti=<TaskInstance: Binance_5m.get_5m_info scheduled__2024-07-25T07:00:00+00:00 [queued]>
[2024-07-25T14:49:59.800-0300] {taskinstance.py:2076} INFO - Dependencies all met for dep_context=requeueable deps ti=<TaskInstance: Binance_5m.get_5m_info scheduled__2024-07-25T07:00:00+00:00 [queued]>
[2024-07-25T14:49:59.800-0300] {taskinstance.py:2306} INFO - Starting attempt 1 of 1
[2024-07-25T14:49:59.814-0300] {taskinstance.py:2330} INFO - Executing <Task(PythonOperator): get_5m_info> on 2024-07-25 07:00:00+00:00
[2024-07-25T14:49:59.816-0300] {standard_task_runner.py:64} INFO - Started process 2609383 to run task
[2024-07-25T14:49:59.818-0300] {standard_task_runner.py:90} INFO - Running: ['airflow', 'tasks', 'run', 'Binance_5m', 'get_5m_info', 'scheduled__2024-07-25T07:00:00+00:00', '--job-id', '2176', '--raw', '--subdir', 'DAGS_FOLDER/binance_dag.py', '--cfg-path', '/tmp/tmp3kqw3oqg']
[2024-07-25T14:49:59.819-0300] {standard_task_runner.py:91} INFO - Job 2176: Subtask get_5m_info
[2024-07-25T14:49:59.855-0300] {task_command.py:426} INFO - Running <TaskInstance: Binance_5m.get_5m_info scheduled__2024-07-25T07:00:00+00:00 [running]> on host Galaxybook.
[2024-07-25T14:49:59.914-0300] {taskinstance.py:2648} INFO - Exporting env vars: AIRFLOW_CTX_DAG_OWNER='airflow' AIRFLOW_CTX_DAG_ID='Binance_5m' AIRFLOW_CTX_TASK_ID='get_5m_info' AIRFLOW_CTX_EXECUTION_DATE='2024-07-25T07:00:00+00:00' AIRFLOW_CTX_TRY_NUMBER='1' AIRFLOW_CTX_DAG_RUN_ID='scheduled__2024-07-25T07:00:00+00:00'
[2024-07-25T14:49:59.914-0300] {taskinstance.py:430} INFO - ::endgroup::
[2024-07-25T14:49:59.922-0300] {binance_dag.py:23} INFO - End Time: 2024-07-25T07:05:00.00Z
[2024-07-25T14:49:59.922-0300] {binance_dag.py:24} INFO - Start Time: 2024-07-25T07:00:00.00Z
[2024-07-25T14:49:59.992-0300] {base.py:84} INFO - Using connection ID 'binance_default' for task execution.
[2024-07-25T14:49:59.992-0300] {logging_mixin.py:188} INFO - https://api.binance.com
[2024-07-25T14:49:59.993-0300] {binance_hook.py:35} INFO - URL: https://api.binance.com/api/v3/klines?symbol=BTCBRL&interval=5m&startTime=1721901600000&endTime=1721901899999
[2024-07-25T14:50:00.398-0300] {binance_dag.py:43} INFO - r: [[1721901600000, '366220.00000000', '366220.00000000', '365815.00000000', '366058.00000000', '0.09582000', 1721901899999, '35063.72748000', 34, '0.07435000', '27207.20722000', '0']]
[2024-07-25T14:50:00.399-0300] {python.py:237} INFO - Done. Returned value was: None
[2024-07-25T14:50:00.400-0300] {taskinstance.py:441} INFO - ::group::Post task execution logs
[2024-07-25T14:50:00.402-0300] {taskinstance.py:1206} INFO - Marking task as SUCCESS. dag_id=Binance_5m, task_id=get_5m_info, run_id=scheduled__2024-07-25T07:00:00+00:00, execution_date=20240725T070000, start_date=20240725T174959, end_date=20240725T175000
[2024-07-25T14:50:00.440-0300] {local_task_job_runner.py:243} INFO - Task exited with return code 0
[2024-07-25T14:50:00.447-0300] {taskinstance.py:3503} INFO - 0 downstream tasks scheduled from follow-on schedule check
[2024-07-25T14:50:00.447-0300] {local_task_job_runner.py:222} INFO - ::endgroup::
[2024-07-25T15:20:04.509-0300] {local_task_job_runner.py:120} INFO - ::group::Pre task execution logs
[2024-07-25T15:20:04.514-0300] {taskinstance.py:2076} INFO - Dependencies all met for dep_context=non-requeueable deps ti=<TaskInstance: Binance_5m.get_5m_info scheduled__2024-07-25T07:00:00+00:00 [queued]>
[2024-07-25T15:20:04.517-0300] {taskinstance.py:2076} INFO - Dependencies all met for dep_context=requeueable deps ti=<TaskInstance: Binance_5m.get_5m_info scheduled__2024-07-25T07:00:00+00:00 [queued]>
[2024-07-25T15:20:04.517-0300] {taskinstance.py:2306} INFO - Starting attempt 1 of 1
[2024-07-25T15:20:04.532-0300] {taskinstance.py:2330} INFO - Executing <Task(PythonOperator): get_5m_info> on 2024-07-25 07:00:00+00:00
[2024-07-25T15:20:04.533-0300] {standard_task_runner.py:64} INFO - Started process 2631805 to run task
[2024-07-25T15:20:04.535-0300] {standard_task_runner.py:90} INFO - Running: ['airflow', 'tasks', 'run', 'Binance_5m', 'get_5m_info', 'scheduled__2024-07-25T07:00:00+00:00', '--job-id', '2619', '--raw', '--subdir', 'DAGS_FOLDER/binance_dag.py', '--cfg-path', '/tmp/tmpmho6_7fg']
[2024-07-25T15:20:04.536-0300] {standard_task_runner.py:91} INFO - Job 2619: Subtask get_5m_info
[2024-07-25T15:20:04.559-0300] {task_command.py:426} INFO - Running <TaskInstance: Binance_5m.get_5m_info scheduled__2024-07-25T07:00:00+00:00 [running]> on host Galaxybook.
[2024-07-25T15:20:04.613-0300] {taskinstance.py:2648} INFO - Exporting env vars: AIRFLOW_CTX_DAG_OWNER='airflow' AIRFLOW_CTX_DAG_ID='Binance_5m' AIRFLOW_CTX_TASK_ID='get_5m_info' AIRFLOW_CTX_EXECUTION_DATE='2024-07-25T07:00:00+00:00' AIRFLOW_CTX_TRY_NUMBER='1' AIRFLOW_CTX_DAG_RUN_ID='scheduled__2024-07-25T07:00:00+00:00'
[2024-07-25T15:20:04.614-0300] {taskinstance.py:430} INFO - ::endgroup::
[2024-07-25T15:20:04.621-0300] {binance_dag.py:23} INFO - End Time: 2024-07-25T07:05:00.00Z
[2024-07-25T15:20:04.622-0300] {binance_dag.py:24} INFO - Start Time: 2024-07-25T07:00:00.00Z
[2024-07-25T15:20:04.673-0300] {binance_dag.py:25} INFO - 1721901600000
[2024-07-25T15:20:04.675-0300] {base.py:84} INFO - Using connection ID 'binance_default' for task execution.
[2024-07-25T15:20:04.676-0300] {logging_mixin.py:188} INFO - https://api.binance.com
[2024-07-25T15:20:04.676-0300] {binance_hook.py:35} INFO - URL: https://api.binance.com/api/v3/klines?symbol=BTCBRL&interval=5m&startTime=1721901600000&endTime=1721901899999
[2024-07-25T15:20:05.070-0300] {python.py:237} INFO - Done. Returned value was: None
[2024-07-25T15:20:05.071-0300] {taskinstance.py:441} INFO - ::group::Post task execution logs
[2024-07-25T15:20:05.074-0300] {taskinstance.py:1206} INFO - Marking task as SUCCESS. dag_id=Binance_5m, task_id=get_5m_info, run_id=scheduled__2024-07-25T07:00:00+00:00, execution_date=20240725T070000, start_date=20240725T182004, end_date=20240725T182005
[2024-07-25T15:20:05.122-0300] {local_task_job_runner.py:243} INFO - Task exited with return code 0
[2024-07-25T15:20:05.130-0300] {taskinstance.py:3503} INFO - 0 downstream tasks scheduled from follow-on schedule check
[2024-07-25T15:20:05.131-0300] {local_task_job_runner.py:222} INFO - ::endgroup::
[2024-07-25T16:16:37.088-0300] {local_task_job_runner.py:120} INFO - ::group::Pre task execution logs
[2024-07-25T16:16:37.093-0300] {taskinstance.py:2076} INFO - Dependencies all met for dep_context=non-requeueable deps ti=<TaskInstance: Binance_5m.get_5m_info scheduled__2024-07-25T07:00:00+00:00 [queued]>
[2024-07-25T16:16:37.097-0300] {taskinstance.py:2076} INFO - Dependencies all met for dep_context=requeueable deps ti=<TaskInstance: Binance_5m.get_5m_info scheduled__2024-07-25T07:00:00+00:00 [queued]>
[2024-07-25T16:16:37.097-0300] {taskinstance.py:2306} INFO - Starting attempt 1 of 1
[2024-07-25T16:16:37.110-0300] {taskinstance.py:2330} INFO - Executing <Task(PythonOperator): get_5m_info> on 2024-07-25 07:00:00+00:00
[2024-07-25T16:16:37.112-0300] {standard_task_runner.py:64} INFO - Started process 2659590 to run task
[2024-07-25T16:16:37.114-0300] {standard_task_runner.py:90} INFO - Running: ['airflow', 'tasks', 'run', 'Binance_5m', 'get_5m_info', 'scheduled__2024-07-25T07:00:00+00:00', '--job-id', '2179', '--raw', '--subdir', 'DAGS_FOLDER/binance_dag.py', '--cfg-path', '/tmp/tmp1x24tcej']
[2024-07-25T16:16:37.115-0300] {standard_task_runner.py:91} INFO - Job 2179: Subtask get_5m_info
[2024-07-25T16:16:37.143-0300] {task_command.py:426} INFO - Running <TaskInstance: Binance_5m.get_5m_info scheduled__2024-07-25T07:00:00+00:00 [running]> on host Galaxybook.
[2024-07-25T16:16:37.200-0300] {taskinstance.py:2648} INFO - Exporting env vars: AIRFLOW_CTX_DAG_OWNER='airflow' AIRFLOW_CTX_DAG_ID='Binance_5m' AIRFLOW_CTX_TASK_ID='get_5m_info' AIRFLOW_CTX_EXECUTION_DATE='2024-07-25T07:00:00+00:00' AIRFLOW_CTX_TRY_NUMBER='1' AIRFLOW_CTX_DAG_RUN_ID='scheduled__2024-07-25T07:00:00+00:00'
[2024-07-25T16:16:37.201-0300] {taskinstance.py:430} INFO - ::endgroup::
[2024-07-25T16:16:37.209-0300] {binance_dag.py:22} INFO - End Time: 2024-07-25 07:05:00+00:00
[2024-07-25T16:16:37.209-0300] {binance_dag.py:23} INFO - Start Time: 2024-07-25 07:00:00+00:00
[2024-07-25T16:16:37.209-0300] {binance_dag.py:24} INFO - Start timestamp: 1721890800000
[2024-07-25T16:16:37.210-0300] {binance_dag.py:25} INFO - End timestamp: 1721891100000
[2024-07-25T16:16:37.289-0300] {base.py:84} INFO - Using connection ID 'binance_default' for task execution.
[2024-07-25T16:16:37.289-0300] {logging_mixin.py:188} INFO - https://api.binance.com
[2024-07-25T16:16:37.290-0300] {binance_hook.py:35} INFO - URL: https://api.binance.com/api/v3/klines?symbol=BTCBRL&interval=5m&startTime=1721890800000&endTime=1721891099999&timeZone=-3
[2024-07-25T16:16:37.696-0300] {python.py:237} INFO - Done. Returned value was: None
[2024-07-25T16:16:37.697-0300] {taskinstance.py:441} INFO - ::group::Post task execution logs
[2024-07-25T16:16:37.700-0300] {taskinstance.py:1206} INFO - Marking task as SUCCESS. dag_id=Binance_5m, task_id=get_5m_info, run_id=scheduled__2024-07-25T07:00:00+00:00, execution_date=20240725T070000, start_date=20240725T191637, end_date=20240725T191637
[2024-07-25T16:16:37.736-0300] {local_task_job_runner.py:243} INFO - Task exited with return code 0
[2024-07-25T16:16:37.743-0300] {taskinstance.py:3503} INFO - 0 downstream tasks scheduled from follow-on schedule check
[2024-07-25T16:16:37.744-0300] {local_task_job_runner.py:222} INFO - ::endgroup::
