[2024-07-25T14:47:34.076-0300] {local_task_job_runner.py:120} INFO - ::group::Pre task execution logs
[2024-07-25T14:47:34.081-0300] {taskinstance.py:2076} INFO - Dependencies all met for dep_context=non-requeueable deps ti=<TaskInstance: Binance_5m.get_5m_info scheduled__2024-07-25T02:10:00+00:00 [queued]>
[2024-07-25T14:47:34.084-0300] {taskinstance.py:2076} INFO - Dependencies all met for dep_context=requeueable deps ti=<TaskInstance: Binance_5m.get_5m_info scheduled__2024-07-25T02:10:00+00:00 [queued]>
[2024-07-25T14:47:34.084-0300] {taskinstance.py:2306} INFO - Starting attempt 1 of 1
[2024-07-25T14:47:34.096-0300] {taskinstance.py:2330} INFO - Executing <Task(PythonOperator): get_5m_info> on 2024-07-25 02:10:00+00:00
[2024-07-25T14:47:34.098-0300] {standard_task_runner.py:64} INFO - Started process 2606943 to run task
[2024-07-25T14:47:34.100-0300] {standard_task_runner.py:90} INFO - Running: ['airflow', 'tasks', 'run', 'Binance_5m', 'get_5m_info', 'scheduled__2024-07-25T02:10:00+00:00', '--job-id', '2112', '--raw', '--subdir', 'DAGS_FOLDER/binance_dag.py', '--cfg-path', '/tmp/tmpgvxyvxap']
[2024-07-25T14:47:34.101-0300] {standard_task_runner.py:91} INFO - Job 2112: Subtask get_5m_info
[2024-07-25T14:47:34.127-0300] {task_command.py:426} INFO - Running <TaskInstance: Binance_5m.get_5m_info scheduled__2024-07-25T02:10:00+00:00 [running]> on host Galaxybook.
[2024-07-25T14:47:34.179-0300] {taskinstance.py:2648} INFO - Exporting env vars: AIRFLOW_CTX_DAG_OWNER='airflow' AIRFLOW_CTX_DAG_ID='Binance_5m' AIRFLOW_CTX_TASK_ID='get_5m_info' AIRFLOW_CTX_EXECUTION_DATE='2024-07-25T02:10:00+00:00' AIRFLOW_CTX_TRY_NUMBER='1' AIRFLOW_CTX_DAG_RUN_ID='scheduled__2024-07-25T02:10:00+00:00'
[2024-07-25T14:47:34.180-0300] {taskinstance.py:430} INFO - ::endgroup::
[2024-07-25T14:47:34.187-0300] {binance_dag.py:23} INFO - End Time: 2024-07-25T02:15:00.00Z
[2024-07-25T14:47:34.187-0300] {binance_dag.py:24} INFO - Start Time: 2024-07-25T02:10:00.00Z
[2024-07-25T14:47:34.241-0300] {base.py:84} INFO - Using connection ID 'binance_default' for task execution.
[2024-07-25T14:47:34.241-0300] {logging_mixin.py:188} INFO - https://api.binance.com
[2024-07-25T14:47:34.242-0300] {binance_hook.py:35} INFO - URL: https://api.binance.com/api/v3/klines?symbol=BTCBRL&interval=5m&startTime=1721884200000&endTime=1721884499999
[2024-07-25T14:47:34.631-0300] {binance_dag.py:43} INFO - r: [[1721884200000, '365945.00000000', '365970.00000000', '365783.00000000', '365883.00000000', '0.00865000', 1721884499999, '3165.31455000', 14, '0.00809000', '2960.45624000', '0']]
[2024-07-25T14:47:34.632-0300] {python.py:237} INFO - Done. Returned value was: None
[2024-07-25T14:47:34.633-0300] {taskinstance.py:441} INFO - ::group::Post task execution logs
[2024-07-25T14:47:34.636-0300] {taskinstance.py:1206} INFO - Marking task as SUCCESS. dag_id=Binance_5m, task_id=get_5m_info, run_id=scheduled__2024-07-25T02:10:00+00:00, execution_date=20240725T021000, start_date=20240725T174734, end_date=20240725T174734
[2024-07-25T14:47:34.684-0300] {local_task_job_runner.py:243} INFO - Task exited with return code 0
[2024-07-25T14:47:34.692-0300] {taskinstance.py:3503} INFO - 0 downstream tasks scheduled from follow-on schedule check
[2024-07-25T14:47:34.692-0300] {local_task_job_runner.py:222} INFO - ::endgroup::
[2024-07-25T15:17:47.796-0300] {local_task_job_runner.py:120} INFO - ::group::Pre task execution logs
[2024-07-25T15:17:47.801-0300] {taskinstance.py:2076} INFO - Dependencies all met for dep_context=non-requeueable deps ti=<TaskInstance: Binance_5m.get_5m_info scheduled__2024-07-25T02:10:00+00:00 [queued]>
[2024-07-25T15:17:47.806-0300] {taskinstance.py:2076} INFO - Dependencies all met for dep_context=requeueable deps ti=<TaskInstance: Binance_5m.get_5m_info scheduled__2024-07-25T02:10:00+00:00 [queued]>
[2024-07-25T15:17:47.806-0300] {taskinstance.py:2306} INFO - Starting attempt 1 of 1
[2024-07-25T15:17:47.820-0300] {taskinstance.py:2330} INFO - Executing <Task(PythonOperator): get_5m_info> on 2024-07-25 02:10:00+00:00
[2024-07-25T15:17:47.821-0300] {standard_task_runner.py:64} INFO - Started process 2629565 to run task
[2024-07-25T15:17:47.823-0300] {standard_task_runner.py:90} INFO - Running: ['airflow', 'tasks', 'run', 'Binance_5m', 'get_5m_info', 'scheduled__2024-07-25T02:10:00+00:00', '--job-id', '2561', '--raw', '--subdir', 'DAGS_FOLDER/binance_dag.py', '--cfg-path', '/tmp/tmp0sp3dm25']
[2024-07-25T15:17:47.824-0300] {standard_task_runner.py:91} INFO - Job 2561: Subtask get_5m_info
[2024-07-25T15:17:47.848-0300] {task_command.py:426} INFO - Running <TaskInstance: Binance_5m.get_5m_info scheduled__2024-07-25T02:10:00+00:00 [running]> on host Galaxybook.
[2024-07-25T15:17:47.900-0300] {taskinstance.py:2648} INFO - Exporting env vars: AIRFLOW_CTX_DAG_OWNER='airflow' AIRFLOW_CTX_DAG_ID='Binance_5m' AIRFLOW_CTX_TASK_ID='get_5m_info' AIRFLOW_CTX_EXECUTION_DATE='2024-07-25T02:10:00+00:00' AIRFLOW_CTX_TRY_NUMBER='1' AIRFLOW_CTX_DAG_RUN_ID='scheduled__2024-07-25T02:10:00+00:00'
[2024-07-25T15:17:47.900-0300] {taskinstance.py:430} INFO - ::endgroup::
[2024-07-25T15:17:47.908-0300] {binance_dag.py:23} INFO - End Time: 2024-07-25T02:15:00.00Z
[2024-07-25T15:17:47.908-0300] {binance_dag.py:24} INFO - Start Time: 2024-07-25T02:10:00.00Z
[2024-07-25T15:17:47.957-0300] {binance_dag.py:25} INFO - 1721884200000
[2024-07-25T15:17:47.960-0300] {base.py:84} INFO - Using connection ID 'binance_default' for task execution.
[2024-07-25T15:17:47.960-0300] {logging_mixin.py:188} INFO - https://api.binance.com
[2024-07-25T15:17:47.961-0300] {binance_hook.py:35} INFO - URL: https://api.binance.com/api/v3/klines?symbol=BTCBRL&interval=5m&startTime=1721884200000&endTime=1721884499999
[2024-07-25T15:17:48.346-0300] {python.py:237} INFO - Done. Returned value was: None
[2024-07-25T15:17:48.347-0300] {taskinstance.py:441} INFO - ::group::Post task execution logs
[2024-07-25T15:17:48.349-0300] {taskinstance.py:1206} INFO - Marking task as SUCCESS. dag_id=Binance_5m, task_id=get_5m_info, run_id=scheduled__2024-07-25T02:10:00+00:00, execution_date=20240725T021000, start_date=20240725T181747, end_date=20240725T181748
[2024-07-25T15:17:48.366-0300] {local_task_job_runner.py:243} INFO - Task exited with return code 0
[2024-07-25T15:17:48.371-0300] {taskinstance.py:3503} INFO - 0 downstream tasks scheduled from follow-on schedule check
[2024-07-25T15:17:48.372-0300] {local_task_job_runner.py:222} INFO - ::endgroup::
[2024-07-25T16:14:17.073-0300] {local_task_job_runner.py:120} INFO - ::group::Pre task execution logs
[2024-07-25T16:14:17.079-0300] {taskinstance.py:2076} INFO - Dependencies all met for dep_context=non-requeueable deps ti=<TaskInstance: Binance_5m.get_5m_info scheduled__2024-07-25T02:10:00+00:00 [queued]>
[2024-07-25T16:14:17.083-0300] {taskinstance.py:2076} INFO - Dependencies all met for dep_context=requeueable deps ti=<TaskInstance: Binance_5m.get_5m_info scheduled__2024-07-25T02:10:00+00:00 [queued]>
[2024-07-25T16:14:17.083-0300] {taskinstance.py:2306} INFO - Starting attempt 1 of 1
[2024-07-25T16:14:17.096-0300] {taskinstance.py:2330} INFO - Executing <Task(PythonOperator): get_5m_info> on 2024-07-25 02:10:00+00:00
[2024-07-25T16:14:17.098-0300] {standard_task_runner.py:64} INFO - Started process 2657248 to run task
[2024-07-25T16:14:17.101-0300] {standard_task_runner.py:90} INFO - Running: ['airflow', 'tasks', 'run', 'Binance_5m', 'get_5m_info', 'scheduled__2024-07-25T02:10:00+00:00', '--job-id', '2121', '--raw', '--subdir', 'DAGS_FOLDER/binance_dag.py', '--cfg-path', '/tmp/tmprzmdqguy']
[2024-07-25T16:14:17.102-0300] {standard_task_runner.py:91} INFO - Job 2121: Subtask get_5m_info
[2024-07-25T16:14:17.131-0300] {task_command.py:426} INFO - Running <TaskInstance: Binance_5m.get_5m_info scheduled__2024-07-25T02:10:00+00:00 [running]> on host Galaxybook.
[2024-07-25T16:14:17.186-0300] {taskinstance.py:2648} INFO - Exporting env vars: AIRFLOW_CTX_DAG_OWNER='airflow' AIRFLOW_CTX_DAG_ID='Binance_5m' AIRFLOW_CTX_TASK_ID='get_5m_info' AIRFLOW_CTX_EXECUTION_DATE='2024-07-25T02:10:00+00:00' AIRFLOW_CTX_TRY_NUMBER='1' AIRFLOW_CTX_DAG_RUN_ID='scheduled__2024-07-25T02:10:00+00:00'
[2024-07-25T16:14:17.186-0300] {taskinstance.py:430} INFO - ::endgroup::
[2024-07-25T16:14:17.194-0300] {binance_dag.py:22} INFO - End Time: 2024-07-25 02:15:00+00:00
[2024-07-25T16:14:17.194-0300] {binance_dag.py:23} INFO - Start Time: 2024-07-25 02:10:00+00:00
[2024-07-25T16:14:17.194-0300] {binance_dag.py:24} INFO - Start timestamp: 1721873400000
[2024-07-25T16:14:17.194-0300] {binance_dag.py:25} INFO - End timestamp: 1721873700000
[2024-07-25T16:14:17.253-0300] {base.py:84} INFO - Using connection ID 'binance_default' for task execution.
[2024-07-25T16:14:17.253-0300] {logging_mixin.py:188} INFO - https://api.binance.com
[2024-07-25T16:14:17.254-0300] {binance_hook.py:35} INFO - URL: https://api.binance.com/api/v3/klines?symbol=BTCBRL&interval=5m&startTime=1721873400000&endTime=1721873699999&timeZone=-3
[2024-07-25T16:14:17.664-0300] {python.py:237} INFO - Done. Returned value was: None
[2024-07-25T16:14:17.665-0300] {taskinstance.py:441} INFO - ::group::Post task execution logs
[2024-07-25T16:14:17.667-0300] {taskinstance.py:1206} INFO - Marking task as SUCCESS. dag_id=Binance_5m, task_id=get_5m_info, run_id=scheduled__2024-07-25T02:10:00+00:00, execution_date=20240725T021000, start_date=20240725T191417, end_date=20240725T191417
[2024-07-25T16:14:17.686-0300] {local_task_job_runner.py:243} INFO - Task exited with return code 0
[2024-07-25T16:14:17.692-0300] {taskinstance.py:3503} INFO - 0 downstream tasks scheduled from follow-on schedule check
[2024-07-25T16:14:17.692-0300] {local_task_job_runner.py:222} INFO - ::endgroup::
