[2024-07-25T09:58:52.609-0300] {local_task_job_runner.py:120} INFO - ::group::Pre task execution logs
[2024-07-25T09:58:52.613-0300] {taskinstance.py:2076} INFO - Dependencies all met for dep_context=non-requeueable deps ti=<TaskInstance: Mercado_1m.get_1m_info scheduled__2024-07-25T11:18:00+00:00 [queued]>
[2024-07-25T09:58:52.617-0300] {taskinstance.py:2076} INFO - Dependencies all met for dep_context=requeueable deps ti=<TaskInstance: Mercado_1m.get_1m_info scheduled__2024-07-25T11:18:00+00:00 [queued]>
[2024-07-25T09:58:52.617-0300] {taskinstance.py:2306} INFO - Starting attempt 1 of 1
[2024-07-25T09:58:52.631-0300] {taskinstance.py:2330} INFO - Executing <Task(PythonOperator): get_1m_info> on 2024-07-25 11:18:00+00:00
[2024-07-25T09:58:52.634-0300] {standard_task_runner.py:64} INFO - Started process 2443933 to run task
[2024-07-25T09:58:52.636-0300] {standard_task_runner.py:90} INFO - Running: ['airflow', 'tasks', 'run', 'Mercado_1m', 'get_1m_info', 'scheduled__2024-07-25T11:18:00+00:00', '--job-id', '1914', '--raw', '--subdir', 'DAGS_FOLDER/mercado_dag.py', '--cfg-path', '/tmp/tmp357fpzno']
[2024-07-25T09:58:52.637-0300] {standard_task_runner.py:91} INFO - Job 1914: Subtask get_1m_info
[2024-07-25T09:58:52.669-0300] {task_command.py:426} INFO - Running <TaskInstance: Mercado_1m.get_1m_info scheduled__2024-07-25T11:18:00+00:00 [running]> on host Galaxybook.
[2024-07-25T09:58:52.720-0300] {taskinstance.py:2648} INFO - Exporting env vars: AIRFLOW_CTX_DAG_OWNER='airflow' AIRFLOW_CTX_DAG_ID='Mercado_1m' AIRFLOW_CTX_TASK_ID='get_1m_info' AIRFLOW_CTX_EXECUTION_DATE='2024-07-25T11:18:00+00:00' AIRFLOW_CTX_TRY_NUMBER='1' AIRFLOW_CTX_DAG_RUN_ID='scheduled__2024-07-25T11:18:00+00:00'
[2024-07-25T09:58:52.721-0300] {taskinstance.py:430} INFO - ::endgroup::
[2024-07-25T09:58:52.789-0300] {base.py:84} INFO - Using connection ID 'mercado_default' for task execution.
[2024-07-25T09:58:52.790-0300] {mercado_hook.py:26} INFO - BASE URL: https://api.mercadobitcoin.net/api/v4
[2024-07-25T09:58:52.790-0300] {mercado_hook.py:32} INFO - URL: https://api.mercadobitcoin.net/api/v4/candles?symbol=BTC-BRL&resolution=1m&to=1721912272&from=1721912332
[2024-07-25T09:58:53.056-0300] {python.py:237} INFO - Done. Returned value was: None
[2024-07-25T09:58:53.057-0300] {taskinstance.py:441} INFO - ::group::Post task execution logs
[2024-07-25T09:58:53.059-0300] {taskinstance.py:1206} INFO - Marking task as SUCCESS. dag_id=Mercado_1m, task_id=get_1m_info, run_id=scheduled__2024-07-25T11:18:00+00:00, execution_date=20240725T111800, start_date=20240725T125852, end_date=20240725T125853
[2024-07-25T09:58:53.094-0300] {local_task_job_runner.py:243} INFO - Task exited with return code 0
[2024-07-25T09:58:53.101-0300] {taskinstance.py:3503} INFO - 0 downstream tasks scheduled from follow-on schedule check
[2024-07-25T09:58:53.102-0300] {local_task_job_runner.py:222} INFO - ::endgroup::
[2024-07-25T10:58:33.089-0300] {local_task_job_runner.py:120} INFO - ::group::Pre task execution logs
[2024-07-25T10:58:33.095-0300] {taskinstance.py:2076} INFO - Dependencies all met for dep_context=non-requeueable deps ti=<TaskInstance: Mercado_1m.get_1m_info scheduled__2024-07-25T11:18:00+00:00 [queued]>
[2024-07-25T10:58:33.099-0300] {taskinstance.py:2076} INFO - Dependencies all met for dep_context=requeueable deps ti=<TaskInstance: Mercado_1m.get_1m_info scheduled__2024-07-25T11:18:00+00:00 [queued]>
[2024-07-25T10:58:33.099-0300] {taskinstance.py:2306} INFO - Starting attempt 1 of 1
[2024-07-25T10:58:33.115-0300] {taskinstance.py:2330} INFO - Executing <Task(PythonOperator): get_1m_info> on 2024-07-25 11:18:00+00:00
[2024-07-25T10:58:33.117-0300] {standard_task_runner.py:64} INFO - Started process 2480215 to run task
[2024-07-25T10:58:33.119-0300] {standard_task_runner.py:90} INFO - Running: ['airflow', 'tasks', 'run', 'Mercado_1m', 'get_1m_info', 'scheduled__2024-07-25T11:18:00+00:00', '--job-id', '1852', '--raw', '--subdir', 'DAGS_FOLDER/mercado_dag.py', '--cfg-path', '/tmp/tmpehdye1y2']
[2024-07-25T10:58:33.120-0300] {standard_task_runner.py:91} INFO - Job 1852: Subtask get_1m_info
[2024-07-25T10:58:33.149-0300] {task_command.py:426} INFO - Running <TaskInstance: Mercado_1m.get_1m_info scheduled__2024-07-25T11:18:00+00:00 [running]> on host Galaxybook.
[2024-07-25T10:58:33.205-0300] {taskinstance.py:2648} INFO - Exporting env vars: AIRFLOW_CTX_DAG_OWNER='airflow' AIRFLOW_CTX_DAG_ID='Mercado_1m' AIRFLOW_CTX_TASK_ID='get_1m_info' AIRFLOW_CTX_EXECUTION_DATE='2024-07-25T11:18:00+00:00' AIRFLOW_CTX_TRY_NUMBER='1' AIRFLOW_CTX_DAG_RUN_ID='scheduled__2024-07-25T11:18:00+00:00'
[2024-07-25T10:58:33.205-0300] {taskinstance.py:430} INFO - ::endgroup::
[2024-07-25T10:58:33.274-0300] {base.py:84} INFO - Using connection ID 'mercado_default' for task execution.
[2024-07-25T10:58:33.275-0300] {mercado_hook.py:31} INFO - URL: https://api.mercadobitcoin.net/api/v4/candles?symbol=BTC-BRL&resolution=1m&to=1721915913213&countback=1
[2024-07-25T10:58:33.548-0300] {python.py:237} INFO - Done. Returned value was: None
[2024-07-25T10:58:33.549-0300] {taskinstance.py:441} INFO - ::group::Post task execution logs
[2024-07-25T10:58:33.551-0300] {taskinstance.py:1206} INFO - Marking task as SUCCESS. dag_id=Mercado_1m, task_id=get_1m_info, run_id=scheduled__2024-07-25T11:18:00+00:00, execution_date=20240725T111800, start_date=20240725T135833, end_date=20240725T135833
[2024-07-25T10:58:33.581-0300] {local_task_job_runner.py:243} INFO - Task exited with return code 0
[2024-07-25T10:58:33.587-0300] {taskinstance.py:3503} INFO - 0 downstream tasks scheduled from follow-on schedule check
[2024-07-25T10:58:33.587-0300] {local_task_job_runner.py:222} INFO - ::endgroup::
