[2024-07-25T17:23:16.793-0300] {local_task_job_runner.py:120} INFO - ::group::Pre task execution logs
[2024-07-25T17:23:16.798-0300] {taskinstance.py:2076} INFO - Dependencies all met for dep_context=non-requeueable deps ti=<TaskInstance: Mercado_1m.get_5m_info scheduled__2024-07-25T12:43:00+00:00 [queued]>
[2024-07-25T17:23:16.800-0300] {taskinstance.py:2076} INFO - Dependencies all met for dep_context=requeueable deps ti=<TaskInstance: Mercado_1m.get_5m_info scheduled__2024-07-25T12:43:00+00:00 [queued]>
[2024-07-25T17:23:16.801-0300] {taskinstance.py:2306} INFO - Starting attempt 1 of 1
[2024-07-25T17:23:16.813-0300] {taskinstance.py:2330} INFO - Executing <Task(PythonOperator): get_5m_info> on 2024-07-25 12:43:00+00:00
[2024-07-25T17:23:16.815-0300] {standard_task_runner.py:64} INFO - Started process 2694179 to run task
[2024-07-25T17:23:16.817-0300] {standard_task_runner.py:90} INFO - Running: ['airflow', 'tasks', 'run', 'Mercado_1m', 'get_5m_info', 'scheduled__2024-07-25T12:43:00+00:00', '--job-id', '2518', '--raw', '--subdir', 'DAGS_FOLDER/mercado_dag.py', '--cfg-path', '/tmp/tmp4tbjkwog']
[2024-07-25T17:23:16.818-0300] {standard_task_runner.py:91} INFO - Job 2518: Subtask get_5m_info
[2024-07-25T17:23:16.844-0300] {task_command.py:426} INFO - Running <TaskInstance: Mercado_1m.get_5m_info scheduled__2024-07-25T12:43:00+00:00 [running]> on host Galaxybook.
[2024-07-25T17:23:16.897-0300] {taskinstance.py:2648} INFO - Exporting env vars: AIRFLOW_CTX_DAG_OWNER='airflow' AIRFLOW_CTX_DAG_ID='Mercado_1m' AIRFLOW_CTX_TASK_ID='get_5m_info' AIRFLOW_CTX_EXECUTION_DATE='2024-07-25T12:43:00+00:00' AIRFLOW_CTX_TRY_NUMBER='1' AIRFLOW_CTX_DAG_RUN_ID='scheduled__2024-07-25T12:43:00+00:00'
[2024-07-25T17:23:16.898-0300] {taskinstance.py:430} INFO - ::endgroup::
[2024-07-25T17:23:16.907-0300] {mercado_dag.py:21} INFO - To: 2024-07-25 12:44:00+00:00
[2024-07-25T17:23:16.907-0300] {mercado_dag.py:22} INFO - From: 2024-07-25 12:43:00+00:00
[2024-07-25T17:23:16.908-0300] {mercado_dag.py:23} INFO - To timestamp: 1721911440 
[2024-07-25T17:23:16.908-0300] {mercado_dag.py:24} INFO - From timestamp: 1721911380 
[2024-07-25T17:23:16.963-0300] {base.py:84} INFO - Using connection ID 'mercado_default' for task execution.
[2024-07-25T17:23:16.963-0300] {mercado_hook.py:31} INFO - URL: https://api.mercadobitcoin.net/api/v4/candles?symbol=BTC-BRL&resolution=1m&to=1721911440&from=1721911380
[2024-07-25T17:23:17.224-0300] {python.py:237} INFO - Done. Returned value was: None
[2024-07-25T17:23:17.224-0300] {taskinstance.py:441} INFO - ::group::Post task execution logs
[2024-07-25T17:23:17.227-0300] {taskinstance.py:1206} INFO - Marking task as SUCCESS. dag_id=Mercado_1m, task_id=get_5m_info, run_id=scheduled__2024-07-25T12:43:00+00:00, execution_date=20240725T124300, start_date=20240725T202316, end_date=20240725T202317
[2024-07-25T17:23:17.270-0300] {local_task_job_runner.py:243} INFO - Task exited with return code 0
[2024-07-25T17:23:17.276-0300] {taskinstance.py:3503} INFO - 0 downstream tasks scheduled from follow-on schedule check
[2024-07-25T17:23:17.277-0300] {local_task_job_runner.py:222} INFO - ::endgroup::
