[2024-07-25T14:48:11.655-0300] {local_task_job_runner.py:120} INFO - ::group::Pre task execution logs
[2024-07-25T14:48:11.660-0300] {taskinstance.py:2076} INFO - Dependencies all met for dep_context=non-requeueable deps ti=<TaskInstance: Binance_5m.get_5m_info scheduled__2024-07-25T03:25:00+00:00 [queued]>
[2024-07-25T14:48:11.664-0300] {taskinstance.py:2076} INFO - Dependencies all met for dep_context=requeueable deps ti=<TaskInstance: Binance_5m.get_5m_info scheduled__2024-07-25T03:25:00+00:00 [queued]>
[2024-07-25T14:48:11.664-0300] {taskinstance.py:2306} INFO - Starting attempt 1 of 1
[2024-07-25T14:48:11.677-0300] {taskinstance.py:2330} INFO - Executing <Task(PythonOperator): get_5m_info> on 2024-07-25 03:25:00+00:00
[2024-07-25T14:48:11.679-0300] {standard_task_runner.py:64} INFO - Started process 2607567 to run task
[2024-07-25T14:48:11.681-0300] {standard_task_runner.py:90} INFO - Running: ['airflow', 'tasks', 'run', 'Binance_5m', 'get_5m_info', 'scheduled__2024-07-25T03:25:00+00:00', '--job-id', '2127', '--raw', '--subdir', 'DAGS_FOLDER/binance_dag.py', '--cfg-path', '/tmp/tmpga9e9qlo']
[2024-07-25T14:48:11.682-0300] {standard_task_runner.py:91} INFO - Job 2127: Subtask get_5m_info
[2024-07-25T14:48:11.708-0300] {task_command.py:426} INFO - Running <TaskInstance: Binance_5m.get_5m_info scheduled__2024-07-25T03:25:00+00:00 [running]> on host Galaxybook.
[2024-07-25T14:48:11.762-0300] {taskinstance.py:2648} INFO - Exporting env vars: AIRFLOW_CTX_DAG_OWNER='airflow' AIRFLOW_CTX_DAG_ID='Binance_5m' AIRFLOW_CTX_TASK_ID='get_5m_info' AIRFLOW_CTX_EXECUTION_DATE='2024-07-25T03:25:00+00:00' AIRFLOW_CTX_TRY_NUMBER='1' AIRFLOW_CTX_DAG_RUN_ID='scheduled__2024-07-25T03:25:00+00:00'
[2024-07-25T14:48:11.763-0300] {taskinstance.py:430} INFO - ::endgroup::
[2024-07-25T14:48:11.770-0300] {binance_dag.py:23} INFO - End Time: 2024-07-25T03:30:00.00Z
[2024-07-25T14:48:11.771-0300] {binance_dag.py:24} INFO - Start Time: 2024-07-25T03:25:00.00Z
[2024-07-25T14:48:11.833-0300] {base.py:84} INFO - Using connection ID 'binance_default' for task execution.
[2024-07-25T14:48:11.833-0300] {logging_mixin.py:188} INFO - https://api.binance.com
[2024-07-25T14:48:11.834-0300] {binance_hook.py:35} INFO - URL: https://api.binance.com/api/v3/klines?symbol=BTCBRL&interval=5m&startTime=1721888700000&endTime=1721888999999
[2024-07-25T14:48:12.221-0300] {binance_dag.py:43} INFO - r: [[1721888700000, '365458.00000000', '365458.00000000', '365155.00000000', '365386.00000000', '0.01278000', 1721888999999, '4668.07046000', 15, '0.00364000', '1330.05551000', '0']]
[2024-07-25T14:48:12.223-0300] {python.py:237} INFO - Done. Returned value was: None
[2024-07-25T14:48:12.223-0300] {taskinstance.py:441} INFO - ::group::Post task execution logs
[2024-07-25T14:48:12.227-0300] {taskinstance.py:1206} INFO - Marking task as SUCCESS. dag_id=Binance_5m, task_id=get_5m_info, run_id=scheduled__2024-07-25T03:25:00+00:00, execution_date=20240725T032500, start_date=20240725T174811, end_date=20240725T174812
[2024-07-25T14:48:12.262-0300] {local_task_job_runner.py:243} INFO - Task exited with return code 0
[2024-07-25T14:48:12.270-0300] {taskinstance.py:3503} INFO - 0 downstream tasks scheduled from follow-on schedule check
[2024-07-25T14:48:12.270-0300] {local_task_job_runner.py:222} INFO - ::endgroup::
[2024-07-25T15:18:20.162-0300] {local_task_job_runner.py:120} INFO - ::group::Pre task execution logs
[2024-07-25T15:18:20.167-0300] {taskinstance.py:2076} INFO - Dependencies all met for dep_context=non-requeueable deps ti=<TaskInstance: Binance_5m.get_5m_info scheduled__2024-07-25T03:25:00+00:00 [queued]>
[2024-07-25T15:18:20.170-0300] {taskinstance.py:2076} INFO - Dependencies all met for dep_context=requeueable deps ti=<TaskInstance: Binance_5m.get_5m_info scheduled__2024-07-25T03:25:00+00:00 [queued]>
[2024-07-25T15:18:20.170-0300] {taskinstance.py:2306} INFO - Starting attempt 1 of 1
[2024-07-25T15:18:20.182-0300] {taskinstance.py:2330} INFO - Executing <Task(PythonOperator): get_5m_info> on 2024-07-25 03:25:00+00:00
[2024-07-25T15:18:20.183-0300] {standard_task_runner.py:64} INFO - Started process 2630096 to run task
[2024-07-25T15:18:20.185-0300] {standard_task_runner.py:90} INFO - Running: ['airflow', 'tasks', 'run', 'Binance_5m', 'get_5m_info', 'scheduled__2024-07-25T03:25:00+00:00', '--job-id', '2576', '--raw', '--subdir', 'DAGS_FOLDER/binance_dag.py', '--cfg-path', '/tmp/tmpvmgiuqk1']
[2024-07-25T15:18:20.186-0300] {standard_task_runner.py:91} INFO - Job 2576: Subtask get_5m_info
[2024-07-25T15:18:20.210-0300] {task_command.py:426} INFO - Running <TaskInstance: Binance_5m.get_5m_info scheduled__2024-07-25T03:25:00+00:00 [running]> on host Galaxybook.
[2024-07-25T15:18:20.262-0300] {taskinstance.py:2648} INFO - Exporting env vars: AIRFLOW_CTX_DAG_OWNER='airflow' AIRFLOW_CTX_DAG_ID='Binance_5m' AIRFLOW_CTX_TASK_ID='get_5m_info' AIRFLOW_CTX_EXECUTION_DATE='2024-07-25T03:25:00+00:00' AIRFLOW_CTX_TRY_NUMBER='1' AIRFLOW_CTX_DAG_RUN_ID='scheduled__2024-07-25T03:25:00+00:00'
[2024-07-25T15:18:20.262-0300] {taskinstance.py:430} INFO - ::endgroup::
[2024-07-25T15:18:20.271-0300] {binance_dag.py:23} INFO - End Time: 2024-07-25T03:30:00.00Z
[2024-07-25T15:18:20.271-0300] {binance_dag.py:24} INFO - Start Time: 2024-07-25T03:25:00.00Z
[2024-07-25T15:18:20.322-0300] {binance_dag.py:25} INFO - 1721888700000
[2024-07-25T15:18:20.324-0300] {base.py:84} INFO - Using connection ID 'binance_default' for task execution.
[2024-07-25T15:18:20.324-0300] {logging_mixin.py:188} INFO - https://api.binance.com
[2024-07-25T15:18:20.325-0300] {binance_hook.py:35} INFO - URL: https://api.binance.com/api/v3/klines?symbol=BTCBRL&interval=5m&startTime=1721888700000&endTime=1721888999999
[2024-07-25T15:18:20.718-0300] {python.py:237} INFO - Done. Returned value was: None
[2024-07-25T15:18:20.719-0300] {taskinstance.py:441} INFO - ::group::Post task execution logs
[2024-07-25T15:18:20.722-0300] {taskinstance.py:1206} INFO - Marking task as SUCCESS. dag_id=Binance_5m, task_id=get_5m_info, run_id=scheduled__2024-07-25T03:25:00+00:00, execution_date=20240725T032500, start_date=20240725T181820, end_date=20240725T181820
[2024-07-25T15:18:20.763-0300] {local_task_job_runner.py:243} INFO - Task exited with return code 0
[2024-07-25T15:18:20.770-0300] {taskinstance.py:3503} INFO - 0 downstream tasks scheduled from follow-on schedule check
[2024-07-25T15:18:20.770-0300] {local_task_job_runner.py:222} INFO - ::endgroup::
[2024-07-25T16:14:48.980-0300] {local_task_job_runner.py:120} INFO - ::group::Pre task execution logs
[2024-07-25T16:14:48.987-0300] {taskinstance.py:2076} INFO - Dependencies all met for dep_context=non-requeueable deps ti=<TaskInstance: Binance_5m.get_5m_info scheduled__2024-07-25T03:25:00+00:00 [queued]>
[2024-07-25T16:14:48.990-0300] {taskinstance.py:2076} INFO - Dependencies all met for dep_context=requeueable deps ti=<TaskInstance: Binance_5m.get_5m_info scheduled__2024-07-25T03:25:00+00:00 [queued]>
[2024-07-25T16:14:48.990-0300] {taskinstance.py:2306} INFO - Starting attempt 1 of 1
[2024-07-25T16:14:49.003-0300] {taskinstance.py:2330} INFO - Executing <Task(PythonOperator): get_5m_info> on 2024-07-25 03:25:00+00:00
[2024-07-25T16:14:49.005-0300] {standard_task_runner.py:64} INFO - Started process 2657804 to run task
[2024-07-25T16:14:49.008-0300] {standard_task_runner.py:90} INFO - Running: ['airflow', 'tasks', 'run', 'Binance_5m', 'get_5m_info', 'scheduled__2024-07-25T03:25:00+00:00', '--job-id', '2136', '--raw', '--subdir', 'DAGS_FOLDER/binance_dag.py', '--cfg-path', '/tmp/tmpbm4co3un']
[2024-07-25T16:14:49.009-0300] {standard_task_runner.py:91} INFO - Job 2136: Subtask get_5m_info
[2024-07-25T16:14:49.038-0300] {task_command.py:426} INFO - Running <TaskInstance: Binance_5m.get_5m_info scheduled__2024-07-25T03:25:00+00:00 [running]> on host Galaxybook.
[2024-07-25T16:14:49.095-0300] {taskinstance.py:2648} INFO - Exporting env vars: AIRFLOW_CTX_DAG_OWNER='airflow' AIRFLOW_CTX_DAG_ID='Binance_5m' AIRFLOW_CTX_TASK_ID='get_5m_info' AIRFLOW_CTX_EXECUTION_DATE='2024-07-25T03:25:00+00:00' AIRFLOW_CTX_TRY_NUMBER='1' AIRFLOW_CTX_DAG_RUN_ID='scheduled__2024-07-25T03:25:00+00:00'
[2024-07-25T16:14:49.096-0300] {taskinstance.py:430} INFO - ::endgroup::
[2024-07-25T16:14:49.105-0300] {binance_dag.py:22} INFO - End Time: 2024-07-25 03:30:00+00:00
[2024-07-25T16:14:49.105-0300] {binance_dag.py:23} INFO - Start Time: 2024-07-25 03:25:00+00:00
[2024-07-25T16:14:49.105-0300] {binance_dag.py:24} INFO - Start timestamp: 1721877900000
[2024-07-25T16:14:49.106-0300] {binance_dag.py:25} INFO - End timestamp: 1721878200000
[2024-07-25T16:14:49.180-0300] {base.py:84} INFO - Using connection ID 'binance_default' for task execution.
[2024-07-25T16:14:49.181-0300] {logging_mixin.py:188} INFO - https://api.binance.com
[2024-07-25T16:14:49.182-0300] {binance_hook.py:35} INFO - URL: https://api.binance.com/api/v3/klines?symbol=BTCBRL&interval=5m&startTime=1721877900000&endTime=1721878199999&timeZone=-3
[2024-07-25T16:14:50.100-0300] {python.py:237} INFO - Done. Returned value was: None
[2024-07-25T16:14:50.101-0300] {taskinstance.py:441} INFO - ::group::Post task execution logs
[2024-07-25T16:14:50.103-0300] {taskinstance.py:1206} INFO - Marking task as SUCCESS. dag_id=Binance_5m, task_id=get_5m_info, run_id=scheduled__2024-07-25T03:25:00+00:00, execution_date=20240725T032500, start_date=20240725T191448, end_date=20240725T191450
[2024-07-25T16:14:50.163-0300] {local_task_job_runner.py:243} INFO - Task exited with return code 0
[2024-07-25T16:14:50.171-0300] {taskinstance.py:3503} INFO - 0 downstream tasks scheduled from follow-on schedule check
[2024-07-25T16:14:50.172-0300] {local_task_job_runner.py:222} INFO - ::endgroup::
