[2024-07-25T14:51:56.234-0300] {local_task_job_runner.py:120} INFO - ::group::Pre task execution logs
[2024-07-25T14:51:56.238-0300] {taskinstance.py:2076} INFO - Dependencies all met for dep_context=non-requeueable deps ti=<TaskInstance: Binance_5m.get_5m_info scheduled__2024-07-25T11:15:00+00:00 [queued]>
[2024-07-25T14:51:56.242-0300] {taskinstance.py:2076} INFO - Dependencies all met for dep_context=requeueable deps ti=<TaskInstance: Binance_5m.get_5m_info scheduled__2024-07-25T11:15:00+00:00 [queued]>
[2024-07-25T14:51:56.242-0300] {taskinstance.py:2306} INFO - Starting attempt 1 of 1
[2024-07-25T14:51:56.256-0300] {taskinstance.py:2330} INFO - Executing <Task(PythonOperator): get_5m_info> on 2024-07-25 11:15:00+00:00
[2024-07-25T14:51:56.258-0300] {standard_task_runner.py:64} INFO - Started process 2611332 to run task
[2024-07-25T14:51:56.260-0300] {standard_task_runner.py:90} INFO - Running: ['airflow', 'tasks', 'run', 'Binance_5m', 'get_5m_info', 'scheduled__2024-07-25T11:15:00+00:00', '--job-id', '2227', '--raw', '--subdir', 'DAGS_FOLDER/binance_dag.py', '--cfg-path', '/tmp/tmp9ko61_81']
[2024-07-25T14:51:56.261-0300] {standard_task_runner.py:91} INFO - Job 2227: Subtask get_5m_info
[2024-07-25T14:51:56.286-0300] {task_command.py:426} INFO - Running <TaskInstance: Binance_5m.get_5m_info scheduled__2024-07-25T11:15:00+00:00 [running]> on host Galaxybook.
[2024-07-25T14:51:56.347-0300] {taskinstance.py:2648} INFO - Exporting env vars: AIRFLOW_CTX_DAG_OWNER='airflow' AIRFLOW_CTX_DAG_ID='Binance_5m' AIRFLOW_CTX_TASK_ID='get_5m_info' AIRFLOW_CTX_EXECUTION_DATE='2024-07-25T11:15:00+00:00' AIRFLOW_CTX_TRY_NUMBER='1' AIRFLOW_CTX_DAG_RUN_ID='scheduled__2024-07-25T11:15:00+00:00'
[2024-07-25T14:51:56.347-0300] {taskinstance.py:430} INFO - ::endgroup::
[2024-07-25T14:51:56.356-0300] {binance_dag.py:23} INFO - End Time: 2024-07-25T11:20:00.00Z
[2024-07-25T14:51:56.356-0300] {binance_dag.py:24} INFO - Start Time: 2024-07-25T11:15:00.00Z
[2024-07-25T14:51:56.433-0300] {base.py:84} INFO - Using connection ID 'binance_default' for task execution.
[2024-07-25T14:51:56.434-0300] {logging_mixin.py:188} INFO - https://api.binance.com
[2024-07-25T14:51:56.434-0300] {binance_hook.py:35} INFO - URL: https://api.binance.com/api/v3/klines?symbol=BTCBRL&interval=5m&startTime=1721916900000&endTime=1721917199999
[2024-07-25T14:51:56.974-0300] {binance_dag.py:43} INFO - r: [[1721916900000, '361826.00000000', '363151.00000000', '361823.00000000', '363042.00000000', '1.02188000', 1721917199999, '370423.98108000', 191, '0.20689000', '75029.53008000', '0']]
[2024-07-25T14:51:56.976-0300] {python.py:237} INFO - Done. Returned value was: None
[2024-07-25T14:51:56.976-0300] {taskinstance.py:441} INFO - ::group::Post task execution logs
[2024-07-25T14:51:56.980-0300] {taskinstance.py:1206} INFO - Marking task as SUCCESS. dag_id=Binance_5m, task_id=get_5m_info, run_id=scheduled__2024-07-25T11:15:00+00:00, execution_date=20240725T111500, start_date=20240725T175156, end_date=20240725T175156
[2024-07-25T14:51:57.002-0300] {local_task_job_runner.py:243} INFO - Task exited with return code 0
[2024-07-25T14:51:57.010-0300] {taskinstance.py:3503} INFO - 0 downstream tasks scheduled from follow-on schedule check
[2024-07-25T14:51:57.011-0300] {local_task_job_runner.py:222} INFO - ::endgroup::
[2024-07-25T15:21:57.826-0300] {local_task_job_runner.py:120} INFO - ::group::Pre task execution logs
[2024-07-25T15:21:57.831-0300] {taskinstance.py:2076} INFO - Dependencies all met for dep_context=non-requeueable deps ti=<TaskInstance: Binance_5m.get_5m_info scheduled__2024-07-25T11:15:00+00:00 [queued]>
[2024-07-25T15:21:57.835-0300] {taskinstance.py:2076} INFO - Dependencies all met for dep_context=requeueable deps ti=<TaskInstance: Binance_5m.get_5m_info scheduled__2024-07-25T11:15:00+00:00 [queued]>
[2024-07-25T15:21:57.835-0300] {taskinstance.py:2306} INFO - Starting attempt 1 of 1
[2024-07-25T15:21:57.847-0300] {taskinstance.py:2330} INFO - Executing <Task(PythonOperator): get_5m_info> on 2024-07-25 11:15:00+00:00
[2024-07-25T15:21:57.849-0300] {standard_task_runner.py:64} INFO - Started process 2633679 to run task
[2024-07-25T15:21:57.851-0300] {standard_task_runner.py:90} INFO - Running: ['airflow', 'tasks', 'run', 'Binance_5m', 'get_5m_info', 'scheduled__2024-07-25T11:15:00+00:00', '--job-id', '2670', '--raw', '--subdir', 'DAGS_FOLDER/binance_dag.py', '--cfg-path', '/tmp/tmpox7ykrb0']
[2024-07-25T15:21:57.853-0300] {standard_task_runner.py:91} INFO - Job 2670: Subtask get_5m_info
[2024-07-25T15:21:57.879-0300] {task_command.py:426} INFO - Running <TaskInstance: Binance_5m.get_5m_info scheduled__2024-07-25T11:15:00+00:00 [running]> on host Galaxybook.
[2024-07-25T15:21:57.931-0300] {taskinstance.py:2648} INFO - Exporting env vars: AIRFLOW_CTX_DAG_OWNER='airflow' AIRFLOW_CTX_DAG_ID='Binance_5m' AIRFLOW_CTX_TASK_ID='get_5m_info' AIRFLOW_CTX_EXECUTION_DATE='2024-07-25T11:15:00+00:00' AIRFLOW_CTX_TRY_NUMBER='1' AIRFLOW_CTX_DAG_RUN_ID='scheduled__2024-07-25T11:15:00+00:00'
[2024-07-25T15:21:57.931-0300] {taskinstance.py:430} INFO - ::endgroup::
[2024-07-25T15:21:57.938-0300] {binance_dag.py:23} INFO - End Time: 2024-07-25T11:20:00.00Z
[2024-07-25T15:21:57.939-0300] {binance_dag.py:24} INFO - Start Time: 2024-07-25T11:15:00.00Z
[2024-07-25T15:21:57.997-0300] {binance_dag.py:25} INFO - 1721916900000
[2024-07-25T15:21:58.000-0300] {base.py:84} INFO - Using connection ID 'binance_default' for task execution.
[2024-07-25T15:21:58.000-0300] {logging_mixin.py:188} INFO - https://api.binance.com
[2024-07-25T15:21:58.000-0300] {binance_hook.py:35} INFO - URL: https://api.binance.com/api/v3/klines?symbol=BTCBRL&interval=5m&startTime=1721916900000&endTime=1721917199999
[2024-07-25T15:21:58.403-0300] {python.py:237} INFO - Done. Returned value was: None
[2024-07-25T15:21:58.404-0300] {taskinstance.py:441} INFO - ::group::Post task execution logs
[2024-07-25T15:21:58.407-0300] {taskinstance.py:1206} INFO - Marking task as SUCCESS. dag_id=Binance_5m, task_id=get_5m_info, run_id=scheduled__2024-07-25T11:15:00+00:00, execution_date=20240725T111500, start_date=20240725T182157, end_date=20240725T182158
[2024-07-25T15:21:58.431-0300] {local_task_job_runner.py:243} INFO - Task exited with return code 0
[2024-07-25T15:21:58.438-0300] {taskinstance.py:3503} INFO - 0 downstream tasks scheduled from follow-on schedule check
[2024-07-25T15:21:58.438-0300] {local_task_job_runner.py:222} INFO - ::endgroup::
[2024-07-25T16:19:14.479-0300] {local_task_job_runner.py:120} INFO - ::group::Pre task execution logs
[2024-07-25T16:19:14.486-0300] {taskinstance.py:2076} INFO - Dependencies all met for dep_context=non-requeueable deps ti=<TaskInstance: Binance_5m.get_5m_info scheduled__2024-07-25T11:15:00+00:00 [queued]>
[2024-07-25T16:19:14.489-0300] {taskinstance.py:2076} INFO - Dependencies all met for dep_context=requeueable deps ti=<TaskInstance: Binance_5m.get_5m_info scheduled__2024-07-25T11:15:00+00:00 [queued]>
[2024-07-25T16:19:14.489-0300] {taskinstance.py:2306} INFO - Starting attempt 1 of 1
[2024-07-25T16:19:14.504-0300] {taskinstance.py:2330} INFO - Executing <Task(PythonOperator): get_5m_info> on 2024-07-25 11:15:00+00:00
[2024-07-25T16:19:14.506-0300] {standard_task_runner.py:64} INFO - Started process 2662242 to run task
[2024-07-25T16:19:14.508-0300] {standard_task_runner.py:90} INFO - Running: ['airflow', 'tasks', 'run', 'Binance_5m', 'get_5m_info', 'scheduled__2024-07-25T11:15:00+00:00', '--job-id', '2252', '--raw', '--subdir', 'DAGS_FOLDER/binance_dag.py', '--cfg-path', '/tmp/tmpnq3ikw7c']
[2024-07-25T16:19:14.509-0300] {standard_task_runner.py:91} INFO - Job 2252: Subtask get_5m_info
[2024-07-25T16:19:14.544-0300] {task_command.py:426} INFO - Running <TaskInstance: Binance_5m.get_5m_info scheduled__2024-07-25T11:15:00+00:00 [running]> on host Galaxybook.
[2024-07-25T16:19:14.612-0300] {taskinstance.py:2648} INFO - Exporting env vars: AIRFLOW_CTX_DAG_OWNER='airflow' AIRFLOW_CTX_DAG_ID='Binance_5m' AIRFLOW_CTX_TASK_ID='get_5m_info' AIRFLOW_CTX_EXECUTION_DATE='2024-07-25T11:15:00+00:00' AIRFLOW_CTX_TRY_NUMBER='1' AIRFLOW_CTX_DAG_RUN_ID='scheduled__2024-07-25T11:15:00+00:00'
[2024-07-25T16:19:14.612-0300] {taskinstance.py:430} INFO - ::endgroup::
[2024-07-25T16:19:14.622-0300] {binance_dag.py:22} INFO - End Time: 2024-07-25 11:20:00+00:00
[2024-07-25T16:19:14.622-0300] {binance_dag.py:23} INFO - Start Time: 2024-07-25 11:15:00+00:00
[2024-07-25T16:19:14.622-0300] {binance_dag.py:24} INFO - Start timestamp: 1721906100000
[2024-07-25T16:19:14.622-0300] {binance_dag.py:25} INFO - End timestamp: 1721906400000
[2024-07-25T16:19:14.688-0300] {base.py:84} INFO - Using connection ID 'binance_default' for task execution.
[2024-07-25T16:19:14.688-0300] {logging_mixin.py:188} INFO - https://api.binance.com
[2024-07-25T16:19:14.689-0300] {binance_hook.py:35} INFO - URL: https://api.binance.com/api/v3/klines?symbol=BTCBRL&interval=5m&startTime=1721906100000&endTime=1721906399999&timeZone=-3
[2024-07-25T16:19:15.138-0300] {python.py:237} INFO - Done. Returned value was: None
[2024-07-25T16:19:15.139-0300] {taskinstance.py:441} INFO - ::group::Post task execution logs
[2024-07-25T16:19:15.141-0300] {taskinstance.py:1206} INFO - Marking task as SUCCESS. dag_id=Binance_5m, task_id=get_5m_info, run_id=scheduled__2024-07-25T11:15:00+00:00, execution_date=20240725T111500, start_date=20240725T191914, end_date=20240725T191915
[2024-07-25T16:19:15.174-0300] {local_task_job_runner.py:243} INFO - Task exited with return code 0
[2024-07-25T16:19:15.182-0300] {taskinstance.py:3503} INFO - 0 downstream tasks scheduled from follow-on schedule check
[2024-07-25T16:19:15.182-0300] {local_task_job_runner.py:222} INFO - ::endgroup::
