[2024-07-25T14:54:06.727-0300] {local_task_job_runner.py:120} INFO - ::group::Pre task execution logs
[2024-07-25T14:54:06.734-0300] {taskinstance.py:2076} INFO - Dependencies all met for dep_context=non-requeueable deps ti=<TaskInstance: Mercado_5m.get_5m_info scheduled__2024-07-24T23:40:00+00:00 [queued]>
[2024-07-25T14:54:06.738-0300] {taskinstance.py:2076} INFO - Dependencies all met for dep_context=requeueable deps ti=<TaskInstance: Mercado_5m.get_5m_info scheduled__2024-07-24T23:40:00+00:00 [queued]>
[2024-07-25T14:54:06.739-0300] {taskinstance.py:2306} INFO - Starting attempt 1 of 1
[2024-07-25T14:54:06.752-0300] {taskinstance.py:2330} INFO - Executing <Task(PythonOperator): get_5m_info> on 2024-07-24 23:40:00+00:00
[2024-07-25T14:54:06.754-0300] {standard_task_runner.py:64} INFO - Started process 2613493 to run task
[2024-07-25T14:54:06.756-0300] {standard_task_runner.py:90} INFO - Running: ['airflow', 'tasks', 'run', 'Mercado_5m', 'get_5m_info', 'scheduled__2024-07-24T23:40:00+00:00', '--job-id', '2283', '--raw', '--subdir', 'DAGS_FOLDER/mercado_dag.py', '--cfg-path', '/tmp/tmpespnme75']
[2024-07-25T14:54:06.757-0300] {standard_task_runner.py:91} INFO - Job 2283: Subtask get_5m_info
[2024-07-25T14:54:06.787-0300] {task_command.py:426} INFO - Running <TaskInstance: Mercado_5m.get_5m_info scheduled__2024-07-24T23:40:00+00:00 [running]> on host Galaxybook.
[2024-07-25T14:54:06.843-0300] {taskinstance.py:2648} INFO - Exporting env vars: AIRFLOW_CTX_DAG_OWNER='airflow' AIRFLOW_CTX_DAG_ID='Mercado_5m' AIRFLOW_CTX_TASK_ID='get_5m_info' AIRFLOW_CTX_EXECUTION_DATE='2024-07-24T23:40:00+00:00' AIRFLOW_CTX_TRY_NUMBER='1' AIRFLOW_CTX_DAG_RUN_ID='scheduled__2024-07-24T23:40:00+00:00'
[2024-07-25T14:54:06.844-0300] {taskinstance.py:430} INFO - ::endgroup::
[2024-07-25T14:54:06.858-0300] {base.py:84} INFO - Using connection ID 'mercado_default' for task execution.
[2024-07-25T14:54:06.859-0300] {mercado_hook.py:31} INFO - URL: https://api.mercadobitcoin.net/api/v4/candles?symbol=BTC-BRL&resolution=5m&to=1721875500&from=1721875200
[2024-07-25T14:54:07.282-0300] {python.py:237} INFO - Done. Returned value was: None
[2024-07-25T14:54:07.282-0300] {taskinstance.py:441} INFO - ::group::Post task execution logs
[2024-07-25T14:54:07.285-0300] {taskinstance.py:1206} INFO - Marking task as SUCCESS. dag_id=Mercado_5m, task_id=get_5m_info, run_id=scheduled__2024-07-24T23:40:00+00:00, execution_date=20240724T234000, start_date=20240725T175406, end_date=20240725T175407
[2024-07-25T14:54:07.340-0300] {local_task_job_runner.py:243} INFO - Task exited with return code 0
[2024-07-25T14:54:07.347-0300] {taskinstance.py:3503} INFO - 0 downstream tasks scheduled from follow-on schedule check
[2024-07-25T14:54:07.347-0300] {local_task_job_runner.py:222} INFO - ::endgroup::
[2024-07-25T15:05:28.152-0300] {local_task_job_runner.py:120} INFO - ::group::Pre task execution logs
[2024-07-25T15:05:28.158-0300] {taskinstance.py:2076} INFO - Dependencies all met for dep_context=non-requeueable deps ti=<TaskInstance: Mercado_5m.get_5m_info scheduled__2024-07-24T23:40:00+00:00 [queued]>
[2024-07-25T15:05:28.161-0300] {taskinstance.py:2076} INFO - Dependencies all met for dep_context=requeueable deps ti=<TaskInstance: Mercado_5m.get_5m_info scheduled__2024-07-24T23:40:00+00:00 [queued]>
[2024-07-25T15:05:28.161-0300] {taskinstance.py:2306} INFO - Starting attempt 1 of 1
[2024-07-25T15:05:28.172-0300] {taskinstance.py:2330} INFO - Executing <Task(PythonOperator): get_5m_info> on 2024-07-24 23:40:00+00:00
[2024-07-25T15:05:28.174-0300] {standard_task_runner.py:64} INFO - Started process 2623121 to run task
[2024-07-25T15:05:28.176-0300] {standard_task_runner.py:90} INFO - Running: ['airflow', 'tasks', 'run', 'Mercado_5m', 'get_5m_info', 'scheduled__2024-07-24T23:40:00+00:00', '--job-id', '2517', '--raw', '--subdir', 'DAGS_FOLDER/mercado_dag.py', '--cfg-path', '/tmp/tmpc8yz992w']
[2024-07-25T15:05:28.177-0300] {standard_task_runner.py:91} INFO - Job 2517: Subtask get_5m_info
[2024-07-25T15:05:28.208-0300] {task_command.py:426} INFO - Running <TaskInstance: Mercado_5m.get_5m_info scheduled__2024-07-24T23:40:00+00:00 [running]> on host Galaxybook.
[2024-07-25T15:05:28.263-0300] {taskinstance.py:2648} INFO - Exporting env vars: AIRFLOW_CTX_DAG_OWNER='airflow' AIRFLOW_CTX_DAG_ID='Mercado_5m' AIRFLOW_CTX_TASK_ID='get_5m_info' AIRFLOW_CTX_EXECUTION_DATE='2024-07-24T23:40:00+00:00' AIRFLOW_CTX_TRY_NUMBER='1' AIRFLOW_CTX_DAG_RUN_ID='scheduled__2024-07-24T23:40:00+00:00'
[2024-07-25T15:05:28.263-0300] {taskinstance.py:430} INFO - ::endgroup::
[2024-07-25T15:05:28.274-0300] {base.py:84} INFO - Using connection ID 'mercado_default' for task execution.
[2024-07-25T15:05:28.276-0300] {mercado_hook.py:31} INFO - URL: https://api.mercadobitcoin.net/api/v4/candles?symbol=BTC-BRL&resolution=5m&to=1721875500000&from=1721875200000
[2024-07-25T15:05:28.663-0300] {python.py:237} INFO - Done. Returned value was: None
[2024-07-25T15:05:28.663-0300] {taskinstance.py:441} INFO - ::group::Post task execution logs
[2024-07-25T15:05:28.666-0300] {taskinstance.py:1206} INFO - Marking task as SUCCESS. dag_id=Mercado_5m, task_id=get_5m_info, run_id=scheduled__2024-07-24T23:40:00+00:00, execution_date=20240724T234000, start_date=20240725T180528, end_date=20240725T180528
[2024-07-25T15:05:28.715-0300] {local_task_job_runner.py:243} INFO - Task exited with return code 0
[2024-07-25T15:05:28.722-0300] {taskinstance.py:3503} INFO - 0 downstream tasks scheduled from follow-on schedule check
[2024-07-25T15:05:28.722-0300] {local_task_job_runner.py:222} INFO - ::endgroup::
[2024-07-25T16:11:47.986-0300] {local_task_job_runner.py:120} INFO - ::group::Pre task execution logs
[2024-07-25T16:11:47.993-0300] {taskinstance.py:2076} INFO - Dependencies all met for dep_context=non-requeueable deps ti=<TaskInstance: Mercado_5m.get_5m_info scheduled__2024-07-24T23:40:00+00:00 [queued]>
[2024-07-25T16:11:47.996-0300] {taskinstance.py:2076} INFO - Dependencies all met for dep_context=requeueable deps ti=<TaskInstance: Mercado_5m.get_5m_info scheduled__2024-07-24T23:40:00+00:00 [queued]>
[2024-07-25T16:11:47.996-0300] {taskinstance.py:2306} INFO - Starting attempt 1 of 1
[2024-07-25T16:11:48.011-0300] {taskinstance.py:2330} INFO - Executing <Task(PythonOperator): get_5m_info> on 2024-07-24 23:40:00+00:00
[2024-07-25T16:11:48.014-0300] {standard_task_runner.py:64} INFO - Started process 2654881 to run task
[2024-07-25T16:11:48.015-0300] {standard_task_runner.py:90} INFO - Running: ['airflow', 'tasks', 'run', 'Mercado_5m', 'get_5m_info', 'scheduled__2024-07-24T23:40:00+00:00', '--job-id', '2084', '--raw', '--subdir', 'DAGS_FOLDER/mercado_dag.py', '--cfg-path', '/tmp/tmpz0n5egk7']
[2024-07-25T16:11:48.016-0300] {standard_task_runner.py:91} INFO - Job 2084: Subtask get_5m_info
[2024-07-25T16:11:48.045-0300] {task_command.py:426} INFO - Running <TaskInstance: Mercado_5m.get_5m_info scheduled__2024-07-24T23:40:00+00:00 [running]> on host Galaxybook.
[2024-07-25T16:11:48.093-0300] {taskinstance.py:2648} INFO - Exporting env vars: AIRFLOW_CTX_DAG_OWNER='airflow' AIRFLOW_CTX_DAG_ID='Mercado_5m' AIRFLOW_CTX_TASK_ID='get_5m_info' AIRFLOW_CTX_EXECUTION_DATE='2024-07-24T23:40:00+00:00' AIRFLOW_CTX_TRY_NUMBER='1' AIRFLOW_CTX_DAG_RUN_ID='scheduled__2024-07-24T23:40:00+00:00'
[2024-07-25T16:11:48.093-0300] {taskinstance.py:430} INFO - ::endgroup::
[2024-07-25T16:11:48.104-0300] {base.py:84} INFO - Using connection ID 'mercado_default' for task execution.
[2024-07-25T16:11:48.104-0300] {mercado_hook.py:31} INFO - URL: https://api.mercadobitcoin.net/api/v4/candles?symbol=BTC-BRL&resolution=5m&to=1721864700&from=1721864400
[2024-07-25T16:11:53.478-0300] {python.py:237} INFO - Done. Returned value was: None
[2024-07-25T16:11:53.479-0300] {taskinstance.py:441} INFO - ::group::Post task execution logs
[2024-07-25T16:11:53.481-0300] {taskinstance.py:1206} INFO - Marking task as SUCCESS. dag_id=Mercado_5m, task_id=get_5m_info, run_id=scheduled__2024-07-24T23:40:00+00:00, execution_date=20240724T234000, start_date=20240725T191147, end_date=20240725T191153
[2024-07-25T16:11:53.508-0300] {local_task_job_runner.py:243} INFO - Task exited with return code 0
[2024-07-25T16:11:53.513-0300] {taskinstance.py:3503} INFO - 0 downstream tasks scheduled from follow-on schedule check
[2024-07-25T16:11:53.513-0300] {local_task_job_runner.py:222} INFO - ::endgroup::
[2024-07-25T16:12:50.419-0300] {local_task_job_runner.py:120} INFO - ::group::Pre task execution logs
[2024-07-25T16:12:50.426-0300] {taskinstance.py:2076} INFO - Dependencies all met for dep_context=non-requeueable deps ti=<TaskInstance: Mercado_5m.get_5m_info scheduled__2024-07-24T23:40:00+00:00 [queued]>
[2024-07-25T16:12:50.429-0300] {taskinstance.py:2076} INFO - Dependencies all met for dep_context=requeueable deps ti=<TaskInstance: Mercado_5m.get_5m_info scheduled__2024-07-24T23:40:00+00:00 [queued]>
[2024-07-25T16:12:50.430-0300] {taskinstance.py:2306} INFO - Starting attempt 1 of 1
[2024-07-25T16:12:50.442-0300] {taskinstance.py:2330} INFO - Executing <Task(PythonOperator): get_5m_info> on 2024-07-24 23:40:00+00:00
[2024-07-25T16:12:50.444-0300] {standard_task_runner.py:64} INFO - Started process 2655790 to run task
[2024-07-25T16:12:50.447-0300] {standard_task_runner.py:90} INFO - Running: ['airflow', 'tasks', 'run', 'Mercado_5m', 'get_5m_info', 'scheduled__2024-07-24T23:40:00+00:00', '--job-id', '2085', '--raw', '--subdir', 'DAGS_FOLDER/mercado_dag.py', '--cfg-path', '/tmp/tmpdjugzc4i']
[2024-07-25T16:12:50.448-0300] {standard_task_runner.py:91} INFO - Job 2085: Subtask get_5m_info
[2024-07-25T16:12:50.478-0300] {task_command.py:426} INFO - Running <TaskInstance: Mercado_5m.get_5m_info scheduled__2024-07-24T23:40:00+00:00 [running]> on host Galaxybook.
[2024-07-25T16:12:50.523-0300] {taskinstance.py:2648} INFO - Exporting env vars: AIRFLOW_CTX_DAG_OWNER='airflow' AIRFLOW_CTX_DAG_ID='Mercado_5m' AIRFLOW_CTX_TASK_ID='get_5m_info' AIRFLOW_CTX_EXECUTION_DATE='2024-07-24T23:40:00+00:00' AIRFLOW_CTX_TRY_NUMBER='1' AIRFLOW_CTX_DAG_RUN_ID='scheduled__2024-07-24T23:40:00+00:00'
[2024-07-25T16:12:50.523-0300] {taskinstance.py:430} INFO - ::endgroup::
[2024-07-25T16:12:50.535-0300] {base.py:84} INFO - Using connection ID 'mercado_default' for task execution.
[2024-07-25T16:12:50.536-0300] {mercado_hook.py:31} INFO - URL: https://api.mercadobitcoin.net/api/v4/candles?symbol=BTC-BRL&resolution=5m&to=1721864700&from=1721864400
[2024-07-25T16:12:50.893-0300] {python.py:237} INFO - Done. Returned value was: None
[2024-07-25T16:12:50.894-0300] {taskinstance.py:441} INFO - ::group::Post task execution logs
[2024-07-25T16:12:50.897-0300] {taskinstance.py:1206} INFO - Marking task as SUCCESS. dag_id=Mercado_5m, task_id=get_5m_info, run_id=scheduled__2024-07-24T23:40:00+00:00, execution_date=20240724T234000, start_date=20240725T191250, end_date=20240725T191250
[2024-07-25T16:12:50.945-0300] {local_task_job_runner.py:243} INFO - Task exited with return code 0
[2024-07-25T16:12:50.952-0300] {taskinstance.py:3503} INFO - 0 downstream tasks scheduled from follow-on schedule check
[2024-07-25T16:12:50.952-0300] {local_task_job_runner.py:222} INFO - ::endgroup::
[2024-07-25T16:21:35.456-0300] {local_task_job_runner.py:120} INFO - ::group::Pre task execution logs
[2024-07-25T16:21:35.462-0300] {taskinstance.py:2076} INFO - Dependencies all met for dep_context=non-requeueable deps ti=<TaskInstance: Mercado_5m.get_5m_info scheduled__2024-07-24T23:40:00+00:00 [queued]>
[2024-07-25T16:21:35.465-0300] {taskinstance.py:2076} INFO - Dependencies all met for dep_context=requeueable deps ti=<TaskInstance: Mercado_5m.get_5m_info scheduled__2024-07-24T23:40:00+00:00 [queued]>
[2024-07-25T16:21:35.465-0300] {taskinstance.py:2306} INFO - Starting attempt 1 of 1
[2024-07-25T16:21:35.479-0300] {taskinstance.py:2330} INFO - Executing <Task(PythonOperator): get_5m_info> on 2024-07-24 23:40:00+00:00
[2024-07-25T16:21:35.480-0300] {standard_task_runner.py:64} INFO - Started process 2664594 to run task
[2024-07-25T16:21:35.483-0300] {standard_task_runner.py:90} INFO - Running: ['airflow', 'tasks', 'run', 'Mercado_5m', 'get_5m_info', 'scheduled__2024-07-24T23:40:00+00:00', '--job-id', '2322', '--raw', '--subdir', 'DAGS_FOLDER/mercado_dag.py', '--cfg-path', '/tmp/tmptw_jh_14']
[2024-07-25T16:21:35.484-0300] {standard_task_runner.py:91} INFO - Job 2322: Subtask get_5m_info
[2024-07-25T16:21:35.513-0300] {task_command.py:426} INFO - Running <TaskInstance: Mercado_5m.get_5m_info scheduled__2024-07-24T23:40:00+00:00 [running]> on host Galaxybook.
[2024-07-25T16:21:35.566-0300] {taskinstance.py:2648} INFO - Exporting env vars: AIRFLOW_CTX_DAG_OWNER='airflow' AIRFLOW_CTX_DAG_ID='Mercado_5m' AIRFLOW_CTX_TASK_ID='get_5m_info' AIRFLOW_CTX_EXECUTION_DATE='2024-07-24T23:40:00+00:00' AIRFLOW_CTX_TRY_NUMBER='1' AIRFLOW_CTX_DAG_RUN_ID='scheduled__2024-07-24T23:40:00+00:00'
[2024-07-25T16:21:35.566-0300] {taskinstance.py:430} INFO - ::endgroup::
[2024-07-25T16:21:35.578-0300] {mercado_dag.py:22} INFO - To: 2024-07-24 23:45:00+00:00
[2024-07-25T16:21:35.578-0300] {mercado_dag.py:23} INFO - From: 2024-07-24 23:40:00+00:00
[2024-07-25T16:21:35.578-0300] {mercado_dag.py:24} INFO - To timestamp: 1721864700 
[2024-07-25T16:21:35.578-0300] {mercado_dag.py:25} INFO - From timestamp: 1721864400 
[2024-07-25T16:21:35.583-0300] {base.py:84} INFO - Using connection ID 'mercado_default' for task execution.
[2024-07-25T16:21:35.583-0300] {mercado_hook.py:31} INFO - URL: https://api.mercadobitcoin.net/api/v4/candles?symbol=BTC-BRL&resolution=5m&to=1721864700&from=1721864400
[2024-07-25T16:21:35.865-0300] {python.py:237} INFO - Done. Returned value was: None
[2024-07-25T16:21:35.931-0300] {taskinstance.py:441} INFO - ::group::Post task execution logs
[2024-07-25T16:21:35.933-0300] {taskinstance.py:1206} INFO - Marking task as SUCCESS. dag_id=Mercado_5m, task_id=get_5m_info, run_id=scheduled__2024-07-24T23:40:00+00:00, execution_date=20240724T234000, start_date=20240725T192135, end_date=20240725T192135
[2024-07-25T16:21:35.981-0300] {local_task_job_runner.py:243} INFO - Task exited with return code 0
[2024-07-25T16:21:35.988-0300] {taskinstance.py:3503} INFO - 0 downstream tasks scheduled from follow-on schedule check
[2024-07-25T16:21:35.988-0300] {local_task_job_runner.py:222} INFO - ::endgroup::
[2024-07-25T16:24:31.874-0300] {local_task_job_runner.py:120} INFO - ::group::Pre task execution logs
[2024-07-25T16:24:31.880-0300] {taskinstance.py:2076} INFO - Dependencies all met for dep_context=non-requeueable deps ti=<TaskInstance: Mercado_5m.get_5m_info scheduled__2024-07-24T23:40:00+00:00 [queued]>
[2024-07-25T16:24:31.884-0300] {taskinstance.py:2076} INFO - Dependencies all met for dep_context=requeueable deps ti=<TaskInstance: Mercado_5m.get_5m_info scheduled__2024-07-24T23:40:00+00:00 [queued]>
[2024-07-25T16:24:31.884-0300] {taskinstance.py:2306} INFO - Starting attempt 1 of 1
[2024-07-25T16:24:31.898-0300] {taskinstance.py:2330} INFO - Executing <Task(PythonOperator): get_5m_info> on 2024-07-24 23:40:00+00:00
[2024-07-25T16:24:31.900-0300] {standard_task_runner.py:64} INFO - Started process 2667557 to run task
[2024-07-25T16:24:31.902-0300] {standard_task_runner.py:90} INFO - Running: ['airflow', 'tasks', 'run', 'Mercado_5m', 'get_5m_info', 'scheduled__2024-07-24T23:40:00+00:00', '--job-id', '2406', '--raw', '--subdir', 'DAGS_FOLDER/mercado_dag.py', '--cfg-path', '/tmp/tmpw49cy1l6']
[2024-07-25T16:24:31.904-0300] {standard_task_runner.py:91} INFO - Job 2406: Subtask get_5m_info
[2024-07-25T16:24:31.939-0300] {task_command.py:426} INFO - Running <TaskInstance: Mercado_5m.get_5m_info scheduled__2024-07-24T23:40:00+00:00 [running]> on host Galaxybook.
[2024-07-25T16:24:31.994-0300] {taskinstance.py:2648} INFO - Exporting env vars: AIRFLOW_CTX_DAG_OWNER='airflow' AIRFLOW_CTX_DAG_ID='Mercado_5m' AIRFLOW_CTX_TASK_ID='get_5m_info' AIRFLOW_CTX_EXECUTION_DATE='2024-07-24T23:40:00+00:00' AIRFLOW_CTX_TRY_NUMBER='1' AIRFLOW_CTX_DAG_RUN_ID='scheduled__2024-07-24T23:40:00+00:00'
[2024-07-25T16:24:31.995-0300] {taskinstance.py:430} INFO - ::endgroup::
[2024-07-25T16:24:32.002-0300] {mercado_dag.py:22} INFO - To: 2024-07-24 23:45:00+00:00
[2024-07-25T16:24:32.003-0300] {mercado_dag.py:23} INFO - From: 2024-07-24 23:40:00+00:00
[2024-07-25T16:24:32.003-0300] {mercado_dag.py:24} INFO - To timestamp: 1721864700000 
[2024-07-25T16:24:32.003-0300] {mercado_dag.py:25} INFO - From timestamp: 1721864400000 
[2024-07-25T16:24:32.008-0300] {base.py:84} INFO - Using connection ID 'mercado_default' for task execution.
[2024-07-25T16:24:32.009-0300] {mercado_hook.py:31} INFO - URL: https://api.mercadobitcoin.net/api/v4/candles?symbol=BTC-BRL&resolution=5m&to=1721864700000&from=1721864400000
[2024-07-25T16:24:32.316-0300] {python.py:237} INFO - Done. Returned value was: None
[2024-07-25T16:24:32.394-0300] {taskinstance.py:441} INFO - ::group::Post task execution logs
[2024-07-25T16:24:32.397-0300] {taskinstance.py:1206} INFO - Marking task as SUCCESS. dag_id=Mercado_5m, task_id=get_5m_info, run_id=scheduled__2024-07-24T23:40:00+00:00, execution_date=20240724T234000, start_date=20240725T192431, end_date=20240725T192432
[2024-07-25T16:24:32.444-0300] {local_task_job_runner.py:243} INFO - Task exited with return code 0
[2024-07-25T16:24:32.455-0300] {taskinstance.py:3503} INFO - 0 downstream tasks scheduled from follow-on schedule check
[2024-07-25T16:24:32.456-0300] {local_task_job_runner.py:222} INFO - ::endgroup::
