[2024-07-25T14:56:27.437-0300] {local_task_job_runner.py:120} INFO - ::group::Pre task execution logs
[2024-07-25T14:56:27.443-0300] {taskinstance.py:2076} INFO - Dependencies all met for dep_context=non-requeueable deps ti=<TaskInstance: Mercado_5m.get_5m_info scheduled__2024-07-25T03:40:00+00:00 [queued]>
[2024-07-25T14:56:27.448-0300] {taskinstance.py:2076} INFO - Dependencies all met for dep_context=requeueable deps ti=<TaskInstance: Mercado_5m.get_5m_info scheduled__2024-07-25T03:40:00+00:00 [queued]>
[2024-07-25T14:56:27.448-0300] {taskinstance.py:2306} INFO - Starting attempt 1 of 1
[2024-07-25T14:56:27.464-0300] {taskinstance.py:2330} INFO - Executing <Task(PythonOperator): get_5m_info> on 2024-07-25 03:40:00+00:00
[2024-07-25T14:56:27.466-0300] {standard_task_runner.py:64} INFO - Started process 2615908 to run task
[2024-07-25T14:56:27.468-0300] {standard_task_runner.py:90} INFO - Running: ['airflow', 'tasks', 'run', 'Mercado_5m', 'get_5m_info', 'scheduled__2024-07-25T03:40:00+00:00', '--job-id', '2355', '--raw', '--subdir', 'DAGS_FOLDER/mercado_dag.py', '--cfg-path', '/tmp/tmp3_i4f7cz']
[2024-07-25T14:56:27.469-0300] {standard_task_runner.py:91} INFO - Job 2355: Subtask get_5m_info
[2024-07-25T14:56:27.502-0300] {task_command.py:426} INFO - Running <TaskInstance: Mercado_5m.get_5m_info scheduled__2024-07-25T03:40:00+00:00 [running]> on host Galaxybook.
[2024-07-25T14:56:27.561-0300] {taskinstance.py:2648} INFO - Exporting env vars: AIRFLOW_CTX_DAG_OWNER='airflow' AIRFLOW_CTX_DAG_ID='Mercado_5m' AIRFLOW_CTX_TASK_ID='get_5m_info' AIRFLOW_CTX_EXECUTION_DATE='2024-07-25T03:40:00+00:00' AIRFLOW_CTX_TRY_NUMBER='1' AIRFLOW_CTX_DAG_RUN_ID='scheduled__2024-07-25T03:40:00+00:00'
[2024-07-25T14:56:27.562-0300] {taskinstance.py:430} INFO - ::endgroup::
[2024-07-25T14:56:27.650-0300] {base.py:84} INFO - Using connection ID 'mercado_default' for task execution.
[2024-07-25T14:56:27.651-0300] {mercado_hook.py:31} INFO - URL: https://api.mercadobitcoin.net/api/v4/candles?symbol=BTC-BRL&resolution=5m&to=1721889900&from=1721889600
[2024-07-25T14:56:27.973-0300] {python.py:237} INFO - Done. Returned value was: None
[2024-07-25T14:56:27.974-0300] {taskinstance.py:441} INFO - ::group::Post task execution logs
[2024-07-25T14:56:27.977-0300] {taskinstance.py:1206} INFO - Marking task as SUCCESS. dag_id=Mercado_5m, task_id=get_5m_info, run_id=scheduled__2024-07-25T03:40:00+00:00, execution_date=20240725T034000, start_date=20240725T175627, end_date=20240725T175627
[2024-07-25T14:56:28.012-0300] {local_task_job_runner.py:243} INFO - Task exited with return code 0
[2024-07-25T14:56:28.019-0300] {taskinstance.py:3503} INFO - 0 downstream tasks scheduled from follow-on schedule check
[2024-07-25T14:56:28.020-0300] {local_task_job_runner.py:222} INFO - ::endgroup::
[2024-07-25T16:20:44.508-0300] {local_task_job_runner.py:120} INFO - ::group::Pre task execution logs
[2024-07-25T16:20:44.515-0300] {taskinstance.py:2076} INFO - Dependencies all met for dep_context=non-requeueable deps ti=<TaskInstance: Mercado_5m.get_5m_info scheduled__2024-07-25T03:40:00+00:00 [queued]>
[2024-07-25T16:20:44.518-0300] {taskinstance.py:2076} INFO - Dependencies all met for dep_context=requeueable deps ti=<TaskInstance: Mercado_5m.get_5m_info scheduled__2024-07-25T03:40:00+00:00 [queued]>
[2024-07-25T16:20:44.519-0300] {taskinstance.py:2306} INFO - Starting attempt 1 of 1
[2024-07-25T16:20:44.534-0300] {taskinstance.py:2330} INFO - Executing <Task(PythonOperator): get_5m_info> on 2024-07-25 03:40:00+00:00
[2024-07-25T16:20:44.537-0300] {standard_task_runner.py:64} INFO - Started process 2663772 to run task
[2024-07-25T16:20:44.540-0300] {standard_task_runner.py:90} INFO - Running: ['airflow', 'tasks', 'run', 'Mercado_5m', 'get_5m_info', 'scheduled__2024-07-25T03:40:00+00:00', '--job-id', '2298', '--raw', '--subdir', 'DAGS_FOLDER/mercado_dag.py', '--cfg-path', '/tmp/tmp8lgheltq']
[2024-07-25T16:20:44.541-0300] {standard_task_runner.py:91} INFO - Job 2298: Subtask get_5m_info
[2024-07-25T16:20:44.573-0300] {task_command.py:426} INFO - Running <TaskInstance: Mercado_5m.get_5m_info scheduled__2024-07-25T03:40:00+00:00 [running]> on host Galaxybook.
[2024-07-25T16:20:44.639-0300] {taskinstance.py:2648} INFO - Exporting env vars: AIRFLOW_CTX_DAG_OWNER='airflow' AIRFLOW_CTX_DAG_ID='Mercado_5m' AIRFLOW_CTX_TASK_ID='get_5m_info' AIRFLOW_CTX_EXECUTION_DATE='2024-07-25T03:40:00+00:00' AIRFLOW_CTX_TRY_NUMBER='1' AIRFLOW_CTX_DAG_RUN_ID='scheduled__2024-07-25T03:40:00+00:00'
[2024-07-25T16:20:44.640-0300] {taskinstance.py:430} INFO - ::endgroup::
[2024-07-25T16:20:44.649-0300] {mercado_dag.py:22} INFO - To: 2024-07-25 03:45:00+00:00
[2024-07-25T16:20:44.649-0300] {mercado_dag.py:23} INFO - From: 2024-07-25 03:40:00+00:00
[2024-07-25T16:20:44.649-0300] {mercado_dag.py:24} INFO - To timestamp: 1721879100 
[2024-07-25T16:20:44.650-0300] {mercado_dag.py:25} INFO - From timestamp: 1721878800 
[2024-07-25T16:20:44.722-0300] {base.py:84} INFO - Using connection ID 'mercado_default' for task execution.
[2024-07-25T16:20:44.723-0300] {mercado_hook.py:31} INFO - URL: https://api.mercadobitcoin.net/api/v4/candles?symbol=BTC-BRL&resolution=5m&to=1721879100&from=1721878800
[2024-07-25T16:20:45.005-0300] {python.py:237} INFO - Done. Returned value was: None
[2024-07-25T16:20:45.006-0300] {taskinstance.py:441} INFO - ::group::Post task execution logs
[2024-07-25T16:20:45.009-0300] {taskinstance.py:1206} INFO - Marking task as SUCCESS. dag_id=Mercado_5m, task_id=get_5m_info, run_id=scheduled__2024-07-25T03:40:00+00:00, execution_date=20240725T034000, start_date=20240725T192044, end_date=20240725T192045
[2024-07-25T16:20:45.042-0300] {local_task_job_runner.py:243} INFO - Task exited with return code 0
[2024-07-25T16:20:45.048-0300] {taskinstance.py:3503} INFO - 0 downstream tasks scheduled from follow-on schedule check
[2024-07-25T16:20:45.048-0300] {local_task_job_runner.py:222} INFO - ::endgroup::
