[2024-07-25T14:55:05.465-0300] {local_task_job_runner.py:120} INFO - ::group::Pre task execution logs
[2024-07-25T14:55:05.471-0300] {taskinstance.py:2076} INFO - Dependencies all met for dep_context=non-requeueable deps ti=<TaskInstance: Mercado_5m.get_5m_info scheduled__2024-07-25T00:55:00+00:00 [queued]>
[2024-07-25T14:55:05.478-0300] {taskinstance.py:2076} INFO - Dependencies all met for dep_context=requeueable deps ti=<TaskInstance: Mercado_5m.get_5m_info scheduled__2024-07-25T00:55:00+00:00 [queued]>
[2024-07-25T14:55:05.478-0300] {taskinstance.py:2306} INFO - Starting attempt 1 of 1
[2024-07-25T14:55:05.494-0300] {taskinstance.py:2330} INFO - Executing <Task(PythonOperator): get_5m_info> on 2024-07-25 00:55:00+00:00
[2024-07-25T14:55:05.496-0300] {standard_task_runner.py:64} INFO - Started process 2614507 to run task
[2024-07-25T14:55:05.499-0300] {standard_task_runner.py:90} INFO - Running: ['airflow', 'tasks', 'run', 'Mercado_5m', 'get_5m_info', 'scheduled__2024-07-25T00:55:00+00:00', '--job-id', '2313', '--raw', '--subdir', 'DAGS_FOLDER/mercado_dag.py', '--cfg-path', '/tmp/tmp355aj0rf']
[2024-07-25T14:55:05.500-0300] {standard_task_runner.py:91} INFO - Job 2313: Subtask get_5m_info
[2024-07-25T14:55:05.536-0300] {task_command.py:426} INFO - Running <TaskInstance: Mercado_5m.get_5m_info scheduled__2024-07-25T00:55:00+00:00 [running]> on host Galaxybook.
[2024-07-25T14:55:05.603-0300] {taskinstance.py:2648} INFO - Exporting env vars: AIRFLOW_CTX_DAG_OWNER='airflow' AIRFLOW_CTX_DAG_ID='Mercado_5m' AIRFLOW_CTX_TASK_ID='get_5m_info' AIRFLOW_CTX_EXECUTION_DATE='2024-07-25T00:55:00+00:00' AIRFLOW_CTX_TRY_NUMBER='1' AIRFLOW_CTX_DAG_RUN_ID='scheduled__2024-07-25T00:55:00+00:00'
[2024-07-25T14:55:05.604-0300] {taskinstance.py:430} INFO - ::endgroup::
[2024-07-25T14:55:05.707-0300] {base.py:84} INFO - Using connection ID 'mercado_default' for task execution.
[2024-07-25T14:55:05.708-0300] {mercado_hook.py:31} INFO - URL: https://api.mercadobitcoin.net/api/v4/candles?symbol=BTC-BRL&resolution=5m&to=1721880000&from=1721879700
[2024-07-25T14:55:05.993-0300] {python.py:237} INFO - Done. Returned value was: None
[2024-07-25T14:55:05.994-0300] {taskinstance.py:441} INFO - ::group::Post task execution logs
[2024-07-25T14:55:05.997-0300] {taskinstance.py:1206} INFO - Marking task as SUCCESS. dag_id=Mercado_5m, task_id=get_5m_info, run_id=scheduled__2024-07-25T00:55:00+00:00, execution_date=20240725T005500, start_date=20240725T175505, end_date=20240725T175505
[2024-07-25T14:55:06.035-0300] {local_task_job_runner.py:243} INFO - Task exited with return code 0
[2024-07-25T14:55:06.042-0300] {taskinstance.py:3503} INFO - 0 downstream tasks scheduled from follow-on schedule check
[2024-07-25T14:55:06.043-0300] {local_task_job_runner.py:222} INFO - ::endgroup::
[2024-07-25T16:18:35.945-0300] {local_task_job_runner.py:120} INFO - ::group::Pre task execution logs
[2024-07-25T16:18:35.952-0300] {taskinstance.py:2076} INFO - Dependencies all met for dep_context=non-requeueable deps ti=<TaskInstance: Mercado_5m.get_5m_info scheduled__2024-07-25T00:55:00+00:00 [queued]>
[2024-07-25T16:18:35.955-0300] {taskinstance.py:2076} INFO - Dependencies all met for dep_context=requeueable deps ti=<TaskInstance: Mercado_5m.get_5m_info scheduled__2024-07-25T00:55:00+00:00 [queued]>
[2024-07-25T16:18:35.955-0300] {taskinstance.py:2306} INFO - Starting attempt 1 of 1
[2024-07-25T16:18:35.971-0300] {taskinstance.py:2330} INFO - Executing <Task(PythonOperator): get_5m_info> on 2024-07-25 00:55:00+00:00
[2024-07-25T16:18:35.973-0300] {standard_task_runner.py:64} INFO - Started process 2661580 to run task
[2024-07-25T16:18:35.976-0300] {standard_task_runner.py:90} INFO - Running: ['airflow', 'tasks', 'run', 'Mercado_5m', 'get_5m_info', 'scheduled__2024-07-25T00:55:00+00:00', '--job-id', '2232', '--raw', '--subdir', 'DAGS_FOLDER/mercado_dag.py', '--cfg-path', '/tmp/tmpg0y2muoo']
[2024-07-25T16:18:35.977-0300] {standard_task_runner.py:91} INFO - Job 2232: Subtask get_5m_info
[2024-07-25T16:18:36.006-0300] {task_command.py:426} INFO - Running <TaskInstance: Mercado_5m.get_5m_info scheduled__2024-07-25T00:55:00+00:00 [running]> on host Galaxybook.
[2024-07-25T16:18:36.066-0300] {taskinstance.py:2648} INFO - Exporting env vars: AIRFLOW_CTX_DAG_OWNER='airflow' AIRFLOW_CTX_DAG_ID='Mercado_5m' AIRFLOW_CTX_TASK_ID='get_5m_info' AIRFLOW_CTX_EXECUTION_DATE='2024-07-25T00:55:00+00:00' AIRFLOW_CTX_TRY_NUMBER='1' AIRFLOW_CTX_DAG_RUN_ID='scheduled__2024-07-25T00:55:00+00:00'
[2024-07-25T16:18:36.067-0300] {taskinstance.py:430} INFO - ::endgroup::
[2024-07-25T16:18:36.075-0300] {mercado_dag.py:22} INFO - To: 2024-07-25 01:00:00+00:00
[2024-07-25T16:18:36.076-0300] {mercado_dag.py:23} INFO - From: 2024-07-25 00:55:00+00:00
[2024-07-25T16:18:36.076-0300] {taskinstance.py:441} INFO - ::group::Post task execution logs
[2024-07-25T16:18:36.076-0300] {taskinstance.py:2905} ERROR - Task failed with exception
Traceback (most recent call last):
  File "/home/hugoviana/Documentos/data_pipeline_airflow/.venv/lib/python3.12/site-packages/airflow/models/taskinstance.py", line 465, in _execute_task
    result = _execute_callable(context=context, **execute_callable_kwargs)
             ^^^^^^^^^^^^^^^^^^^^^^^^^^^^^^^^^^^^^^^^^^^^^^^^^^^^^^^^^^^^^
  File "/home/hugoviana/Documentos/data_pipeline_airflow/.venv/lib/python3.12/site-packages/airflow/models/taskinstance.py", line 432, in _execute_callable
    return execute_callable(context=context, **execute_callable_kwargs)
           ^^^^^^^^^^^^^^^^^^^^^^^^^^^^^^^^^^^^^^^^^^^^^^^^^^^^^^^^^^^^
  File "/home/hugoviana/Documentos/data_pipeline_airflow/.venv/lib/python3.12/site-packages/airflow/models/baseoperator.py", line 401, in wrapper
    return func(self, *args, **kwargs)
           ^^^^^^^^^^^^^^^^^^^^^^^^^^^
  File "/home/hugoviana/Documentos/data_pipeline_airflow/.venv/lib/python3.12/site-packages/airflow/operators/python.py", line 235, in execute
    return_value = self.execute_callable()
                   ^^^^^^^^^^^^^^^^^^^^^^^
  File "/home/hugoviana/Documentos/data_pipeline_airflow/.venv/lib/python3.12/site-packages/airflow/operators/python.py", line 252, in execute_callable
    return self.python_callable(*self.op_args, **self.op_kwargs)
           ^^^^^^^^^^^^^^^^^^^^^^^^^^^^^^^^^^^^^^^^^^^^^^^^^^^^^
  File "/home/hugoviana/Projetos/crypto-etl/airflow_pipeline/dags/mercado_dag.py", line 24, in execute
    LOGGER.info()
TypeError: Logger.info() missing 1 required positional argument: 'msg'
[2024-07-25T16:18:36.147-0300] {taskinstance.py:1206} INFO - Marking task as FAILED. dag_id=Mercado_5m, task_id=get_5m_info, run_id=scheduled__2024-07-25T00:55:00+00:00, execution_date=20240725T005500, start_date=20240725T191835, end_date=20240725T191836
[2024-07-25T16:18:36.162-0300] {standard_task_runner.py:110} ERROR - Failed to execute job 2232 for task get_5m_info (Logger.info() missing 1 required positional argument: 'msg'; 2661580)
[2024-07-25T16:18:36.190-0300] {local_task_job_runner.py:243} INFO - Task exited with return code 1
[2024-07-25T16:18:36.198-0300] {taskinstance.py:3503} INFO - 0 downstream tasks scheduled from follow-on schedule check
[2024-07-25T16:18:36.198-0300] {local_task_job_runner.py:222} INFO - ::endgroup::
[2024-07-25T16:22:45.773-0300] {local_task_job_runner.py:120} INFO - ::group::Pre task execution logs
[2024-07-25T16:22:45.778-0300] {taskinstance.py:2076} INFO - Dependencies all met for dep_context=non-requeueable deps ti=<TaskInstance: Mercado_5m.get_5m_info scheduled__2024-07-25T00:55:00+00:00 [queued]>
[2024-07-25T16:22:45.782-0300] {taskinstance.py:2076} INFO - Dependencies all met for dep_context=requeueable deps ti=<TaskInstance: Mercado_5m.get_5m_info scheduled__2024-07-25T00:55:00+00:00 [queued]>
[2024-07-25T16:22:45.782-0300] {taskinstance.py:2306} INFO - Starting attempt 1 of 1
[2024-07-25T16:22:45.797-0300] {taskinstance.py:2330} INFO - Executing <Task(PythonOperator): get_5m_info> on 2024-07-25 00:55:00+00:00
[2024-07-25T16:22:45.799-0300] {standard_task_runner.py:64} INFO - Started process 2665791 to run task
[2024-07-25T16:22:45.802-0300] {standard_task_runner.py:90} INFO - Running: ['airflow', 'tasks', 'run', 'Mercado_5m', 'get_5m_info', 'scheduled__2024-07-25T00:55:00+00:00', '--job-id', '2356', '--raw', '--subdir', 'DAGS_FOLDER/mercado_dag.py', '--cfg-path', '/tmp/tmpaxq2doao']
[2024-07-25T16:22:45.803-0300] {standard_task_runner.py:91} INFO - Job 2356: Subtask get_5m_info
[2024-07-25T16:22:45.832-0300] {task_command.py:426} INFO - Running <TaskInstance: Mercado_5m.get_5m_info scheduled__2024-07-25T00:55:00+00:00 [running]> on host Galaxybook.
[2024-07-25T16:22:45.884-0300] {taskinstance.py:2648} INFO - Exporting env vars: AIRFLOW_CTX_DAG_OWNER='airflow' AIRFLOW_CTX_DAG_ID='Mercado_5m' AIRFLOW_CTX_TASK_ID='get_5m_info' AIRFLOW_CTX_EXECUTION_DATE='2024-07-25T00:55:00+00:00' AIRFLOW_CTX_TRY_NUMBER='1' AIRFLOW_CTX_DAG_RUN_ID='scheduled__2024-07-25T00:55:00+00:00'
[2024-07-25T16:22:45.885-0300] {taskinstance.py:430} INFO - ::endgroup::
[2024-07-25T16:22:45.892-0300] {mercado_dag.py:22} INFO - To: 2024-07-25 01:00:00+00:00
[2024-07-25T16:22:45.893-0300] {mercado_dag.py:23} INFO - From: 2024-07-25 00:55:00+00:00
[2024-07-25T16:22:45.894-0300] {mercado_dag.py:24} INFO - To timestamp: 1721869200 
[2024-07-25T16:22:45.894-0300] {mercado_dag.py:25} INFO - From timestamp: 1721868900 
[2024-07-25T16:22:45.954-0300] {base.py:84} INFO - Using connection ID 'mercado_default' for task execution.
[2024-07-25T16:22:45.954-0300] {mercado_hook.py:31} INFO - URL: https://api.mercadobitcoin.net/api/v4/candles?symbol=BTC-BRL&resolution=5m&to=1721869200&from=1721868900
[2024-07-25T16:22:46.279-0300] {python.py:237} INFO - Done. Returned value was: None
[2024-07-25T16:22:46.279-0300] {taskinstance.py:441} INFO - ::group::Post task execution logs
[2024-07-25T16:22:46.282-0300] {taskinstance.py:1206} INFO - Marking task as SUCCESS. dag_id=Mercado_5m, task_id=get_5m_info, run_id=scheduled__2024-07-25T00:55:00+00:00, execution_date=20240725T005500, start_date=20240725T192245, end_date=20240725T192246
[2024-07-25T16:22:46.338-0300] {local_task_job_runner.py:243} INFO - Task exited with return code 0
[2024-07-25T16:22:46.346-0300] {taskinstance.py:3503} INFO - 0 downstream tasks scheduled from follow-on schedule check
[2024-07-25T16:22:46.346-0300] {local_task_job_runner.py:222} INFO - ::endgroup::
[2024-07-25T16:25:29.441-0300] {local_task_job_runner.py:120} INFO - ::group::Pre task execution logs
[2024-07-25T16:25:29.447-0300] {taskinstance.py:2076} INFO - Dependencies all met for dep_context=non-requeueable deps ti=<TaskInstance: Mercado_5m.get_5m_info scheduled__2024-07-25T00:55:00+00:00 [queued]>
[2024-07-25T16:25:29.450-0300] {taskinstance.py:2076} INFO - Dependencies all met for dep_context=requeueable deps ti=<TaskInstance: Mercado_5m.get_5m_info scheduled__2024-07-25T00:55:00+00:00 [queued]>
[2024-07-25T16:25:29.451-0300] {taskinstance.py:2306} INFO - Starting attempt 1 of 1
[2024-07-25T16:25:29.463-0300] {taskinstance.py:2330} INFO - Executing <Task(PythonOperator): get_5m_info> on 2024-07-25 00:55:00+00:00
[2024-07-25T16:25:29.465-0300] {standard_task_runner.py:64} INFO - Started process 2668540 to run task
[2024-07-25T16:25:29.468-0300] {standard_task_runner.py:90} INFO - Running: ['airflow', 'tasks', 'run', 'Mercado_5m', 'get_5m_info', 'scheduled__2024-07-25T00:55:00+00:00', '--job-id', '2431', '--raw', '--subdir', 'DAGS_FOLDER/mercado_dag.py', '--cfg-path', '/tmp/tmphq53m7gw']
[2024-07-25T16:25:29.469-0300] {standard_task_runner.py:91} INFO - Job 2431: Subtask get_5m_info
[2024-07-25T16:25:29.500-0300] {task_command.py:426} INFO - Running <TaskInstance: Mercado_5m.get_5m_info scheduled__2024-07-25T00:55:00+00:00 [running]> on host Galaxybook.
[2024-07-25T16:25:29.559-0300] {taskinstance.py:2648} INFO - Exporting env vars: AIRFLOW_CTX_DAG_OWNER='airflow' AIRFLOW_CTX_DAG_ID='Mercado_5m' AIRFLOW_CTX_TASK_ID='get_5m_info' AIRFLOW_CTX_EXECUTION_DATE='2024-07-25T00:55:00+00:00' AIRFLOW_CTX_TRY_NUMBER='1' AIRFLOW_CTX_DAG_RUN_ID='scheduled__2024-07-25T00:55:00+00:00'
[2024-07-25T16:25:29.559-0300] {taskinstance.py:430} INFO - ::endgroup::
[2024-07-25T16:25:29.568-0300] {mercado_dag.py:22} INFO - To: 2024-07-25 01:00:00+00:00
[2024-07-25T16:25:29.568-0300] {mercado_dag.py:23} INFO - From: 2024-07-25 00:55:00+00:00
[2024-07-25T16:25:29.568-0300] {mercado_dag.py:24} INFO - To timestamp: 1721869200000 
[2024-07-25T16:25:29.568-0300] {mercado_dag.py:25} INFO - From timestamp: 1721868900000 
[2024-07-25T16:25:29.628-0300] {base.py:84} INFO - Using connection ID 'mercado_default' for task execution.
[2024-07-25T16:25:29.629-0300] {mercado_hook.py:31} INFO - URL: https://api.mercadobitcoin.net/api/v4/candles?symbol=BTC-BRL&resolution=5m&to=1721869200000&from=1721868900000
[2024-07-25T16:25:29.908-0300] {python.py:237} INFO - Done. Returned value was: None
[2024-07-25T16:25:29.908-0300] {taskinstance.py:441} INFO - ::group::Post task execution logs
[2024-07-25T16:25:29.911-0300] {taskinstance.py:1206} INFO - Marking task as SUCCESS. dag_id=Mercado_5m, task_id=get_5m_info, run_id=scheduled__2024-07-25T00:55:00+00:00, execution_date=20240725T005500, start_date=20240725T192529, end_date=20240725T192529
[2024-07-25T16:25:29.930-0300] {local_task_job_runner.py:243} INFO - Task exited with return code 0
[2024-07-25T16:25:29.938-0300] {taskinstance.py:3503} INFO - 0 downstream tasks scheduled from follow-on schedule check
[2024-07-25T16:25:29.938-0300] {local_task_job_runner.py:222} INFO - ::endgroup::
