[2024-07-25T14:22:15.307-0300] {local_task_job_runner.py:120} INFO - ::group::Pre task execution logs
[2024-07-25T14:22:15.311-0300] {taskinstance.py:2076} INFO - Dependencies all met for dep_context=non-requeueable deps ti=<TaskInstance: Binance_5m.get_5m_info scheduled__2024-07-25T12:00:00+00:00 [queued]>
[2024-07-25T14:22:15.314-0300] {taskinstance.py:2076} INFO - Dependencies all met for dep_context=requeueable deps ti=<TaskInstance: Binance_5m.get_5m_info scheduled__2024-07-25T12:00:00+00:00 [queued]>
[2024-07-25T14:22:15.314-0300] {taskinstance.py:2306} INFO - Starting attempt 1 of 1
[2024-07-25T14:22:15.328-0300] {taskinstance.py:2330} INFO - Executing <Task(PythonOperator): get_5m_info> on 2024-07-25 12:00:00+00:00
[2024-07-25T14:22:15.329-0300] {standard_task_runner.py:64} INFO - Started process 2587322 to run task
[2024-07-25T14:22:15.332-0300] {standard_task_runner.py:90} INFO - Running: ['airflow', 'tasks', 'run', 'Binance_5m', 'get_5m_info', 'scheduled__2024-07-25T12:00:00+00:00', '--job-id', '2102', '--raw', '--subdir', 'DAGS_FOLDER/binance_dag.py', '--cfg-path', '/tmp/tmpyd7sq4pe']
[2024-07-25T14:22:15.333-0300] {standard_task_runner.py:91} INFO - Job 2102: Subtask get_5m_info
[2024-07-25T14:22:15.359-0300] {task_command.py:426} INFO - Running <TaskInstance: Binance_5m.get_5m_info scheduled__2024-07-25T12:00:00+00:00 [running]> on host Galaxybook.
[2024-07-25T14:22:15.412-0300] {taskinstance.py:2648} INFO - Exporting env vars: AIRFLOW_CTX_DAG_OWNER='airflow' AIRFLOW_CTX_DAG_ID='Binance_5m' AIRFLOW_CTX_TASK_ID='get_5m_info' AIRFLOW_CTX_EXECUTION_DATE='2024-07-25T12:00:00+00:00' AIRFLOW_CTX_TRY_NUMBER='1' AIRFLOW_CTX_DAG_RUN_ID='scheduled__2024-07-25T12:00:00+00:00'
[2024-07-25T14:22:15.412-0300] {taskinstance.py:430} INFO - ::endgroup::
[2024-07-25T14:22:15.419-0300] {binance_dag.py:23} INFO - End Time: 2024-07-25T12:05:00.00Z
[2024-07-25T14:22:15.487-0300] {base.py:84} INFO - Using connection ID 'binance_default' for task execution.
[2024-07-25T14:22:15.487-0300] {logging_mixin.py:188} INFO - https://api.binance.com
[2024-07-25T14:22:15.488-0300] {binance_hook.py:35} INFO - URL: https://api.binance.com/api/v3/klines?symbol=BTCBRL&interval=5m&startTime=1721919600000&endTime=1721919900000
[2024-07-25T14:22:15.876-0300] {python.py:237} INFO - Done. Returned value was: None
[2024-07-25T14:22:15.877-0300] {taskinstance.py:441} INFO - ::group::Post task execution logs
[2024-07-25T14:22:15.879-0300] {taskinstance.py:1206} INFO - Marking task as SUCCESS. dag_id=Binance_5m, task_id=get_5m_info, run_id=scheduled__2024-07-25T12:00:00+00:00, execution_date=20240725T120000, start_date=20240725T172215, end_date=20240725T172215
[2024-07-25T14:22:15.909-0300] {local_task_job_runner.py:243} INFO - Task exited with return code 0
[2024-07-25T14:22:15.915-0300] {taskinstance.py:3503} INFO - 0 downstream tasks scheduled from follow-on schedule check
[2024-07-25T14:22:15.915-0300] {local_task_job_runner.py:222} INFO - ::endgroup::
[2024-07-25T14:27:17.121-0300] {local_task_job_runner.py:120} INFO - ::group::Pre task execution logs
[2024-07-25T14:27:17.129-0300] {taskinstance.py:2076} INFO - Dependencies all met for dep_context=non-requeueable deps ti=<TaskInstance: Binance_5m.get_5m_info scheduled__2024-07-25T12:00:00+00:00 [queued]>
[2024-07-25T14:27:17.133-0300] {taskinstance.py:2076} INFO - Dependencies all met for dep_context=requeueable deps ti=<TaskInstance: Binance_5m.get_5m_info scheduled__2024-07-25T12:00:00+00:00 [queued]>
[2024-07-25T14:27:17.133-0300] {taskinstance.py:2306} INFO - Starting attempt 1 of 1
[2024-07-25T14:27:17.148-0300] {taskinstance.py:2330} INFO - Executing <Task(PythonOperator): get_5m_info> on 2024-07-25 12:00:00+00:00
[2024-07-25T14:27:17.149-0300] {standard_task_runner.py:64} INFO - Started process 2590024 to run task
[2024-07-25T14:27:17.152-0300] {standard_task_runner.py:90} INFO - Running: ['airflow', 'tasks', 'run', 'Binance_5m', 'get_5m_info', 'scheduled__2024-07-25T12:00:00+00:00', '--job-id', '2083', '--raw', '--subdir', 'DAGS_FOLDER/binance_dag.py', '--cfg-path', '/tmp/tmpsupwspe3']
[2024-07-25T14:27:17.153-0300] {standard_task_runner.py:91} INFO - Job 2083: Subtask get_5m_info
[2024-07-25T14:27:17.187-0300] {task_command.py:426} INFO - Running <TaskInstance: Binance_5m.get_5m_info scheduled__2024-07-25T12:00:00+00:00 [running]> on host Galaxybook.
[2024-07-25T14:27:17.231-0300] {taskinstance.py:2648} INFO - Exporting env vars: AIRFLOW_CTX_DAG_OWNER='airflow' AIRFLOW_CTX_DAG_ID='Binance_5m' AIRFLOW_CTX_TASK_ID='get_5m_info' AIRFLOW_CTX_EXECUTION_DATE='2024-07-25T12:00:00+00:00' AIRFLOW_CTX_TRY_NUMBER='1' AIRFLOW_CTX_DAG_RUN_ID='scheduled__2024-07-25T12:00:00+00:00'
[2024-07-25T14:27:17.231-0300] {taskinstance.py:430} INFO - ::endgroup::
[2024-07-25T14:27:17.238-0300] {binance_dag.py:23} INFO - End Time: 2024-07-25T12:05:00.00Z
[2024-07-25T14:27:17.243-0300] {base.py:84} INFO - Using connection ID 'binance_default' for task execution.
[2024-07-25T14:27:17.243-0300] {logging_mixin.py:188} INFO - https://api.binance.com
[2024-07-25T14:27:17.244-0300] {binance_hook.py:35} INFO - URL: https://api.binance.com/api/v3/klines?symbol=BTCBRL&interval=5m&startTime=1721919600000&endTime=1721919900000
[2024-07-25T14:27:22.696-0300] {python.py:237} INFO - Done. Returned value was: None
[2024-07-25T14:27:22.697-0300] {taskinstance.py:441} INFO - ::group::Post task execution logs
[2024-07-25T14:27:22.700-0300] {taskinstance.py:1206} INFO - Marking task as SUCCESS. dag_id=Binance_5m, task_id=get_5m_info, run_id=scheduled__2024-07-25T12:00:00+00:00, execution_date=20240725T120000, start_date=20240725T172717, end_date=20240725T172722
[2024-07-25T14:27:22.727-0300] {local_task_job_runner.py:243} INFO - Task exited with return code 0
[2024-07-25T14:27:22.733-0300] {taskinstance.py:3503} INFO - 0 downstream tasks scheduled from follow-on schedule check
[2024-07-25T14:27:22.734-0300] {local_task_job_runner.py:222} INFO - ::endgroup::
[2024-07-25T14:31:03.536-0300] {local_task_job_runner.py:120} INFO - ::group::Pre task execution logs
[2024-07-25T14:31:03.543-0300] {taskinstance.py:2076} INFO - Dependencies all met for dep_context=non-requeueable deps ti=<TaskInstance: Binance_5m.get_5m_info scheduled__2024-07-25T12:00:00+00:00 [queued]>
[2024-07-25T14:31:03.546-0300] {taskinstance.py:2076} INFO - Dependencies all met for dep_context=requeueable deps ti=<TaskInstance: Binance_5m.get_5m_info scheduled__2024-07-25T12:00:00+00:00 [queued]>
[2024-07-25T14:31:03.546-0300] {taskinstance.py:2306} INFO - Starting attempt 1 of 1
[2024-07-25T14:31:03.559-0300] {taskinstance.py:2330} INFO - Executing <Task(PythonOperator): get_5m_info> on 2024-07-25 12:00:00+00:00
[2024-07-25T14:31:03.561-0300] {standard_task_runner.py:64} INFO - Started process 2593877 to run task
[2024-07-25T14:31:03.563-0300] {standard_task_runner.py:90} INFO - Running: ['airflow', 'tasks', 'run', 'Binance_5m', 'get_5m_info', 'scheduled__2024-07-25T12:00:00+00:00', '--job-id', '2120', '--raw', '--subdir', 'DAGS_FOLDER/binance_dag.py', '--cfg-path', '/tmp/tmp_ak0duvi']
[2024-07-25T14:31:03.564-0300] {standard_task_runner.py:91} INFO - Job 2120: Subtask get_5m_info
[2024-07-25T14:31:03.594-0300] {task_command.py:426} INFO - Running <TaskInstance: Binance_5m.get_5m_info scheduled__2024-07-25T12:00:00+00:00 [running]> on host Galaxybook.
[2024-07-25T14:31:03.650-0300] {taskinstance.py:2648} INFO - Exporting env vars: AIRFLOW_CTX_DAG_OWNER='airflow' AIRFLOW_CTX_DAG_ID='Binance_5m' AIRFLOW_CTX_TASK_ID='get_5m_info' AIRFLOW_CTX_EXECUTION_DATE='2024-07-25T12:00:00+00:00' AIRFLOW_CTX_TRY_NUMBER='1' AIRFLOW_CTX_DAG_RUN_ID='scheduled__2024-07-25T12:00:00+00:00'
[2024-07-25T14:31:03.651-0300] {taskinstance.py:430} INFO - ::endgroup::
[2024-07-25T14:31:03.658-0300] {binance_dag.py:23} INFO - End Time: 2024-07-25T12:05:00.00Z
[2024-07-25T14:31:03.663-0300] {base.py:84} INFO - Using connection ID 'binance_default' for task execution.
[2024-07-25T14:31:03.664-0300] {logging_mixin.py:188} INFO - https://api.binance.com
[2024-07-25T14:31:03.664-0300] {binance_hook.py:35} INFO - URL: https://api.binance.com/api/v3/klines?symbol=BTCBRL&interval=5m&startTime=1721919600000&endTime=1721919900000
[2024-07-25T14:31:05.190-0300] {python.py:237} INFO - Done. Returned value was: None
[2024-07-25T14:31:05.190-0300] {taskinstance.py:441} INFO - ::group::Post task execution logs
[2024-07-25T14:31:05.193-0300] {taskinstance.py:1206} INFO - Marking task as SUCCESS. dag_id=Binance_5m, task_id=get_5m_info, run_id=scheduled__2024-07-25T12:00:00+00:00, execution_date=20240725T120000, start_date=20240725T173103, end_date=20240725T173105
[2024-07-25T14:31:05.243-0300] {local_task_job_runner.py:243} INFO - Task exited with return code 0
[2024-07-25T14:31:05.253-0300] {taskinstance.py:3503} INFO - 0 downstream tasks scheduled from follow-on schedule check
[2024-07-25T14:31:05.253-0300] {local_task_job_runner.py:222} INFO - ::endgroup::
[2024-07-25T14:35:29.263-0300] {local_task_job_runner.py:120} INFO - ::group::Pre task execution logs
[2024-07-25T14:35:29.269-0300] {taskinstance.py:2076} INFO - Dependencies all met for dep_context=non-requeueable deps ti=<TaskInstance: Binance_5m.get_5m_info scheduled__2024-07-25T12:00:00+00:00 [queued]>
[2024-07-25T14:35:29.273-0300] {taskinstance.py:2076} INFO - Dependencies all met for dep_context=requeueable deps ti=<TaskInstance: Binance_5m.get_5m_info scheduled__2024-07-25T12:00:00+00:00 [queued]>
[2024-07-25T14:35:29.273-0300] {taskinstance.py:2306} INFO - Starting attempt 1 of 1
[2024-07-25T14:35:29.288-0300] {taskinstance.py:2330} INFO - Executing <Task(PythonOperator): get_5m_info> on 2024-07-25 12:00:00+00:00
[2024-07-25T14:35:29.290-0300] {standard_task_runner.py:64} INFO - Started process 2597884 to run task
[2024-07-25T14:35:29.292-0300] {standard_task_runner.py:90} INFO - Running: ['airflow', 'tasks', 'run', 'Binance_5m', 'get_5m_info', 'scheduled__2024-07-25T12:00:00+00:00', '--job-id', '2082', '--raw', '--subdir', 'DAGS_FOLDER/binance_dag.py', '--cfg-path', '/tmp/tmpsp2w_etp']
[2024-07-25T14:35:29.293-0300] {standard_task_runner.py:91} INFO - Job 2082: Subtask get_5m_info
[2024-07-25T14:35:29.322-0300] {task_command.py:426} INFO - Running <TaskInstance: Binance_5m.get_5m_info scheduled__2024-07-25T12:00:00+00:00 [running]> on host Galaxybook.
[2024-07-25T14:35:29.374-0300] {taskinstance.py:2648} INFO - Exporting env vars: AIRFLOW_CTX_DAG_OWNER='airflow' AIRFLOW_CTX_DAG_ID='Binance_5m' AIRFLOW_CTX_TASK_ID='get_5m_info' AIRFLOW_CTX_EXECUTION_DATE='2024-07-25T12:00:00+00:00' AIRFLOW_CTX_TRY_NUMBER='1' AIRFLOW_CTX_DAG_RUN_ID='scheduled__2024-07-25T12:00:00+00:00'
[2024-07-25T14:35:29.375-0300] {taskinstance.py:430} INFO - ::endgroup::
[2024-07-25T14:35:29.382-0300] {binance_dag.py:23} INFO - End Time: 2024-07-25T12:05:00.00Z
[2024-07-25T14:35:29.388-0300] {base.py:84} INFO - Using connection ID 'binance_default' for task execution.
[2024-07-25T14:35:29.388-0300] {logging_mixin.py:188} INFO - https://api.binance.com
[2024-07-25T14:35:29.389-0300] {binance_hook.py:35} INFO - URL: https://api.binance.com/api/v3/klines?symbol=BTCBRL&interval=5m&startTime=1721919600000&endTime=1721919900000
[2024-07-25T14:35:34.853-0300] {binance_dag.py:42} INFO - r: [[1721919600000, '367985.00000000', '368168.00000000', '367229.00000000', '367492.00000000', '0.90799000', 1721919899999, '333831.70063000', 155, '0.53727000', '197561.32114000', '0'], [1721919900000, '367365.00000000', '367365.00000000', '366580.00000000', '367029.00000000', '0.44577000', 1721920199999, '163567.68195000', 100, '0.23060000', '84631.32051000', '0']]
[2024-07-25T14:35:34.854-0300] {python.py:237} INFO - Done. Returned value was: None
[2024-07-25T14:35:34.855-0300] {taskinstance.py:441} INFO - ::group::Post task execution logs
[2024-07-25T14:35:34.858-0300] {taskinstance.py:1206} INFO - Marking task as SUCCESS. dag_id=Binance_5m, task_id=get_5m_info, run_id=scheduled__2024-07-25T12:00:00+00:00, execution_date=20240725T120000, start_date=20240725T173529, end_date=20240725T173534
[2024-07-25T14:35:34.908-0300] {local_task_job_runner.py:243} INFO - Task exited with return code 0
[2024-07-25T14:35:34.914-0300] {taskinstance.py:3503} INFO - 0 downstream tasks scheduled from follow-on schedule check
[2024-07-25T14:35:34.914-0300] {local_task_job_runner.py:222} INFO - ::endgroup::
[2024-07-25T14:36:24.023-0300] {local_task_job_runner.py:120} INFO - ::group::Pre task execution logs
[2024-07-25T14:36:24.032-0300] {taskinstance.py:2076} INFO - Dependencies all met for dep_context=non-requeueable deps ti=<TaskInstance: Binance_5m.get_5m_info scheduled__2024-07-25T12:00:00+00:00 [queued]>
[2024-07-25T14:36:24.036-0300] {taskinstance.py:2076} INFO - Dependencies all met for dep_context=requeueable deps ti=<TaskInstance: Binance_5m.get_5m_info scheduled__2024-07-25T12:00:00+00:00 [queued]>
[2024-07-25T14:36:24.036-0300] {taskinstance.py:2306} INFO - Starting attempt 1 of 1
[2024-07-25T14:36:24.051-0300] {taskinstance.py:2330} INFO - Executing <Task(PythonOperator): get_5m_info> on 2024-07-25 12:00:00+00:00
[2024-07-25T14:36:24.053-0300] {standard_task_runner.py:64} INFO - Started process 2598791 to run task
[2024-07-25T14:36:24.056-0300] {standard_task_runner.py:90} INFO - Running: ['airflow', 'tasks', 'run', 'Binance_5m', 'get_5m_info', 'scheduled__2024-07-25T12:00:00+00:00', '--job-id', '2082', '--raw', '--subdir', 'DAGS_FOLDER/binance_dag.py', '--cfg-path', '/tmp/tmp1_nueyzm']
[2024-07-25T14:36:24.057-0300] {standard_task_runner.py:91} INFO - Job 2082: Subtask get_5m_info
[2024-07-25T14:36:24.086-0300] {task_command.py:426} INFO - Running <TaskInstance: Binance_5m.get_5m_info scheduled__2024-07-25T12:00:00+00:00 [running]> on host Galaxybook.
[2024-07-25T14:36:24.136-0300] {taskinstance.py:2648} INFO - Exporting env vars: AIRFLOW_CTX_DAG_OWNER='airflow' AIRFLOW_CTX_DAG_ID='Binance_5m' AIRFLOW_CTX_TASK_ID='get_5m_info' AIRFLOW_CTX_EXECUTION_DATE='2024-07-25T12:00:00+00:00' AIRFLOW_CTX_TRY_NUMBER='1' AIRFLOW_CTX_DAG_RUN_ID='scheduled__2024-07-25T12:00:00+00:00'
[2024-07-25T14:36:24.137-0300] {taskinstance.py:430} INFO - ::endgroup::
[2024-07-25T14:36:24.144-0300] {binance_dag.py:23} INFO - End Time: 2024-07-25T12:05:00.00Z
[2024-07-25T14:36:24.150-0300] {base.py:84} INFO - Using connection ID 'binance_default' for task execution.
[2024-07-25T14:36:24.151-0300] {logging_mixin.py:188} INFO - https://api.binance.com
[2024-07-25T14:36:24.151-0300] {binance_hook.py:35} INFO - URL: https://api.binance.com/api/v3/klines?symbol=BTCBRL&interval=5m&startTime=1721919600000&endTime=1721919900000
[2024-07-25T14:36:24.615-0300] {binance_dag.py:42} INFO - r: [[1721919600000, '367985.00000000', '368168.00000000', '367229.00000000', '367492.00000000', '0.90799000', 1721919899999, '333831.70063000', 155, '0.53727000', '197561.32114000', '0'], [1721919900000, '367365.00000000', '367365.00000000', '366580.00000000', '367029.00000000', '0.44577000', 1721920199999, '163567.68195000', 100, '0.23060000', '84631.32051000', '0']]
[2024-07-25T14:36:24.616-0300] {python.py:237} INFO - Done. Returned value was: None
[2024-07-25T14:36:24.616-0300] {taskinstance.py:441} INFO - ::group::Post task execution logs
[2024-07-25T14:36:24.619-0300] {taskinstance.py:1206} INFO - Marking task as SUCCESS. dag_id=Binance_5m, task_id=get_5m_info, run_id=scheduled__2024-07-25T12:00:00+00:00, execution_date=20240725T120000, start_date=20240725T173624, end_date=20240725T173624
[2024-07-25T14:36:24.639-0300] {local_task_job_runner.py:243} INFO - Task exited with return code 0
[2024-07-25T14:36:24.646-0300] {taskinstance.py:3503} INFO - 0 downstream tasks scheduled from follow-on schedule check
[2024-07-25T14:36:24.646-0300] {local_task_job_runner.py:222} INFO - ::endgroup::
[2024-07-25T14:52:21.565-0300] {local_task_job_runner.py:120} INFO - ::group::Pre task execution logs
[2024-07-25T14:52:21.570-0300] {taskinstance.py:2076} INFO - Dependencies all met for dep_context=non-requeueable deps ti=<TaskInstance: Binance_5m.get_5m_info scheduled__2024-07-25T12:00:00+00:00 [queued]>
[2024-07-25T14:52:21.574-0300] {taskinstance.py:2076} INFO - Dependencies all met for dep_context=requeueable deps ti=<TaskInstance: Binance_5m.get_5m_info scheduled__2024-07-25T12:00:00+00:00 [queued]>
[2024-07-25T14:52:21.574-0300] {taskinstance.py:2306} INFO - Starting attempt 1 of 1
[2024-07-25T14:52:21.589-0300] {taskinstance.py:2330} INFO - Executing <Task(PythonOperator): get_5m_info> on 2024-07-25 12:00:00+00:00
[2024-07-25T14:52:21.591-0300] {standard_task_runner.py:64} INFO - Started process 2611742 to run task
[2024-07-25T14:52:21.593-0300] {standard_task_runner.py:90} INFO - Running: ['airflow', 'tasks', 'run', 'Binance_5m', 'get_5m_info', 'scheduled__2024-07-25T12:00:00+00:00', '--job-id', '2236', '--raw', '--subdir', 'DAGS_FOLDER/binance_dag.py', '--cfg-path', '/tmp/tmp0kgdaj8x']
[2024-07-25T14:52:21.594-0300] {standard_task_runner.py:91} INFO - Job 2236: Subtask get_5m_info
[2024-07-25T14:52:21.622-0300] {task_command.py:426} INFO - Running <TaskInstance: Binance_5m.get_5m_info scheduled__2024-07-25T12:00:00+00:00 [running]> on host Galaxybook.
[2024-07-25T14:52:21.683-0300] {taskinstance.py:2648} INFO - Exporting env vars: AIRFLOW_CTX_DAG_OWNER='airflow' AIRFLOW_CTX_DAG_ID='Binance_5m' AIRFLOW_CTX_TASK_ID='get_5m_info' AIRFLOW_CTX_EXECUTION_DATE='2024-07-25T12:00:00+00:00' AIRFLOW_CTX_TRY_NUMBER='1' AIRFLOW_CTX_DAG_RUN_ID='scheduled__2024-07-25T12:00:00+00:00'
[2024-07-25T14:52:21.683-0300] {taskinstance.py:430} INFO - ::endgroup::
[2024-07-25T14:52:21.692-0300] {binance_dag.py:23} INFO - End Time: 2024-07-25T12:05:00.00Z
[2024-07-25T14:52:21.692-0300] {binance_dag.py:24} INFO - Start Time: 2024-07-25T12:00:00.00Z
[2024-07-25T14:52:21.766-0300] {base.py:84} INFO - Using connection ID 'binance_default' for task execution.
[2024-07-25T14:52:21.767-0300] {logging_mixin.py:188} INFO - https://api.binance.com
[2024-07-25T14:52:21.767-0300] {binance_hook.py:35} INFO - URL: https://api.binance.com/api/v3/klines?symbol=BTCBRL&interval=5m&startTime=1721919600000&endTime=1721919899999
[2024-07-25T14:52:22.167-0300] {binance_dag.py:43} INFO - r: [[1721919600000, '367985.00000000', '368168.00000000', '367229.00000000', '367492.00000000', '0.90799000', 1721919899999, '333831.70063000', 155, '0.53727000', '197561.32114000', '0']]
[2024-07-25T14:52:22.168-0300] {python.py:237} INFO - Done. Returned value was: None
[2024-07-25T14:52:22.168-0300] {taskinstance.py:441} INFO - ::group::Post task execution logs
[2024-07-25T14:52:22.171-0300] {taskinstance.py:1206} INFO - Marking task as SUCCESS. dag_id=Binance_5m, task_id=get_5m_info, run_id=scheduled__2024-07-25T12:00:00+00:00, execution_date=20240725T120000, start_date=20240725T175221, end_date=20240725T175222
[2024-07-25T14:52:22.215-0300] {local_task_job_runner.py:243} INFO - Task exited with return code 0
[2024-07-25T14:52:22.223-0300] {taskinstance.py:3503} INFO - 0 downstream tasks scheduled from follow-on schedule check
[2024-07-25T14:52:22.223-0300] {local_task_job_runner.py:222} INFO - ::endgroup::
[2024-07-25T15:22:16.428-0300] {local_task_job_runner.py:120} INFO - ::group::Pre task execution logs
[2024-07-25T15:22:16.433-0300] {taskinstance.py:2076} INFO - Dependencies all met for dep_context=non-requeueable deps ti=<TaskInstance: Binance_5m.get_5m_info scheduled__2024-07-25T12:00:00+00:00 [queued]>
[2024-07-25T15:22:16.437-0300] {taskinstance.py:2076} INFO - Dependencies all met for dep_context=requeueable deps ti=<TaskInstance: Binance_5m.get_5m_info scheduled__2024-07-25T12:00:00+00:00 [queued]>
[2024-07-25T15:22:16.437-0300] {taskinstance.py:2306} INFO - Starting attempt 1 of 1
[2024-07-25T15:22:16.452-0300] {taskinstance.py:2330} INFO - Executing <Task(PythonOperator): get_5m_info> on 2024-07-25 12:00:00+00:00
[2024-07-25T15:22:16.454-0300] {standard_task_runner.py:64} INFO - Started process 2633998 to run task
[2024-07-25T15:22:16.456-0300] {standard_task_runner.py:90} INFO - Running: ['airflow', 'tasks', 'run', 'Binance_5m', 'get_5m_info', 'scheduled__2024-07-25T12:00:00+00:00', '--job-id', '2679', '--raw', '--subdir', 'DAGS_FOLDER/binance_dag.py', '--cfg-path', '/tmp/tmpejemfioa']
[2024-07-25T15:22:16.457-0300] {standard_task_runner.py:91} INFO - Job 2679: Subtask get_5m_info
[2024-07-25T15:22:16.482-0300] {task_command.py:426} INFO - Running <TaskInstance: Binance_5m.get_5m_info scheduled__2024-07-25T12:00:00+00:00 [running]> on host Galaxybook.
[2024-07-25T15:22:16.535-0300] {taskinstance.py:2648} INFO - Exporting env vars: AIRFLOW_CTX_DAG_OWNER='airflow' AIRFLOW_CTX_DAG_ID='Binance_5m' AIRFLOW_CTX_TASK_ID='get_5m_info' AIRFLOW_CTX_EXECUTION_DATE='2024-07-25T12:00:00+00:00' AIRFLOW_CTX_TRY_NUMBER='1' AIRFLOW_CTX_DAG_RUN_ID='scheduled__2024-07-25T12:00:00+00:00'
[2024-07-25T15:22:16.535-0300] {taskinstance.py:430} INFO - ::endgroup::
[2024-07-25T15:22:16.542-0300] {binance_dag.py:23} INFO - End Time: 2024-07-25T12:05:00.00Z
[2024-07-25T15:22:16.543-0300] {binance_dag.py:24} INFO - Start Time: 2024-07-25T12:00:00.00Z
[2024-07-25T15:22:16.593-0300] {binance_dag.py:25} INFO - 1721919600000
[2024-07-25T15:22:16.596-0300] {base.py:84} INFO - Using connection ID 'binance_default' for task execution.
[2024-07-25T15:22:16.597-0300] {logging_mixin.py:188} INFO - https://api.binance.com
[2024-07-25T15:22:16.597-0300] {binance_hook.py:35} INFO - URL: https://api.binance.com/api/v3/klines?symbol=BTCBRL&interval=5m&startTime=1721919600000&endTime=1721919899999
[2024-07-25T15:22:16.989-0300] {python.py:237} INFO - Done. Returned value was: None
[2024-07-25T15:22:16.989-0300] {taskinstance.py:441} INFO - ::group::Post task execution logs
[2024-07-25T15:22:16.992-0300] {taskinstance.py:1206} INFO - Marking task as SUCCESS. dag_id=Binance_5m, task_id=get_5m_info, run_id=scheduled__2024-07-25T12:00:00+00:00, execution_date=20240725T120000, start_date=20240725T182216, end_date=20240725T182216
[2024-07-25T15:22:17.041-0300] {local_task_job_runner.py:243} INFO - Task exited with return code 0
[2024-07-25T15:22:17.047-0300] {taskinstance.py:3503} INFO - 0 downstream tasks scheduled from follow-on schedule check
[2024-07-25T15:22:17.047-0300] {local_task_job_runner.py:222} INFO - ::endgroup::
[2024-07-25T16:19:54.275-0300] {local_task_job_runner.py:120} INFO - ::group::Pre task execution logs
[2024-07-25T16:19:54.289-0300] {taskinstance.py:2076} INFO - Dependencies all met for dep_context=non-requeueable deps ti=<TaskInstance: Binance_5m.get_5m_info scheduled__2024-07-25T12:00:00+00:00 [queued]>
[2024-07-25T16:19:54.294-0300] {taskinstance.py:2076} INFO - Dependencies all met for dep_context=requeueable deps ti=<TaskInstance: Binance_5m.get_5m_info scheduled__2024-07-25T12:00:00+00:00 [queued]>
[2024-07-25T16:19:54.295-0300] {taskinstance.py:2306} INFO - Starting attempt 1 of 1
[2024-07-25T16:19:54.312-0300] {taskinstance.py:2330} INFO - Executing <Task(PythonOperator): get_5m_info> on 2024-07-25 12:00:00+00:00
[2024-07-25T16:19:54.314-0300] {standard_task_runner.py:64} INFO - Started process 2662909 to run task
[2024-07-25T16:19:54.317-0300] {standard_task_runner.py:90} INFO - Running: ['airflow', 'tasks', 'run', 'Binance_5m', 'get_5m_info', 'scheduled__2024-07-25T12:00:00+00:00', '--job-id', '2271', '--raw', '--subdir', 'DAGS_FOLDER/binance_dag.py', '--cfg-path', '/tmp/tmpky766agr']
[2024-07-25T16:19:54.319-0300] {standard_task_runner.py:91} INFO - Job 2271: Subtask get_5m_info
[2024-07-25T16:19:54.351-0300] {task_command.py:426} INFO - Running <TaskInstance: Binance_5m.get_5m_info scheduled__2024-07-25T12:00:00+00:00 [running]> on host Galaxybook.
[2024-07-25T16:19:54.409-0300] {taskinstance.py:2648} INFO - Exporting env vars: AIRFLOW_CTX_DAG_OWNER='airflow' AIRFLOW_CTX_DAG_ID='Binance_5m' AIRFLOW_CTX_TASK_ID='get_5m_info' AIRFLOW_CTX_EXECUTION_DATE='2024-07-25T12:00:00+00:00' AIRFLOW_CTX_TRY_NUMBER='1' AIRFLOW_CTX_DAG_RUN_ID='scheduled__2024-07-25T12:00:00+00:00'
[2024-07-25T16:19:54.409-0300] {taskinstance.py:430} INFO - ::endgroup::
[2024-07-25T16:19:54.422-0300] {binance_dag.py:22} INFO - End Time: 2024-07-25 12:05:00+00:00
[2024-07-25T16:19:54.422-0300] {binance_dag.py:23} INFO - Start Time: 2024-07-25 12:00:00+00:00
[2024-07-25T16:19:54.423-0300] {binance_dag.py:24} INFO - Start timestamp: 1721908800000
[2024-07-25T16:19:54.424-0300] {binance_dag.py:25} INFO - End timestamp: 1721909100000
[2024-07-25T16:19:54.509-0300] {base.py:84} INFO - Using connection ID 'binance_default' for task execution.
[2024-07-25T16:19:54.510-0300] {logging_mixin.py:188} INFO - https://api.binance.com
[2024-07-25T16:19:54.510-0300] {binance_hook.py:35} INFO - URL: https://api.binance.com/api/v3/klines?symbol=BTCBRL&interval=5m&startTime=1721908800000&endTime=1721909099999&timeZone=-3
[2024-07-25T16:19:54.947-0300] {python.py:237} INFO - Done. Returned value was: None
[2024-07-25T16:19:54.948-0300] {taskinstance.py:441} INFO - ::group::Post task execution logs
[2024-07-25T16:19:54.951-0300] {taskinstance.py:1206} INFO - Marking task as SUCCESS. dag_id=Binance_5m, task_id=get_5m_info, run_id=scheduled__2024-07-25T12:00:00+00:00, execution_date=20240725T120000, start_date=20240725T191954, end_date=20240725T191954
[2024-07-25T16:19:55.020-0300] {local_task_job_runner.py:243} INFO - Task exited with return code 0
[2024-07-25T16:19:55.028-0300] {taskinstance.py:3503} INFO - 0 downstream tasks scheduled from follow-on schedule check
[2024-07-25T16:19:55.028-0300] {local_task_job_runner.py:222} INFO - ::endgroup::
