[2024-07-25T14:56:31.950-0300] {local_task_job_runner.py:120} INFO - ::group::Pre task execution logs
[2024-07-25T14:56:31.955-0300] {taskinstance.py:2076} INFO - Dependencies all met for dep_context=non-requeueable deps ti=<TaskInstance: Mercado_5m.get_5m_info scheduled__2024-07-25T03:50:00+00:00 [queued]>
[2024-07-25T14:56:31.958-0300] {taskinstance.py:2076} INFO - Dependencies all met for dep_context=requeueable deps ti=<TaskInstance: Mercado_5m.get_5m_info scheduled__2024-07-25T03:50:00+00:00 [queued]>
[2024-07-25T14:56:31.958-0300] {taskinstance.py:2306} INFO - Starting attempt 1 of 1
[2024-07-25T14:56:31.971-0300] {taskinstance.py:2330} INFO - Executing <Task(PythonOperator): get_5m_info> on 2024-07-25 03:50:00+00:00
[2024-07-25T14:56:31.973-0300] {standard_task_runner.py:64} INFO - Started process 2615985 to run task
[2024-07-25T14:56:31.975-0300] {standard_task_runner.py:90} INFO - Running: ['airflow', 'tasks', 'run', 'Mercado_5m', 'get_5m_info', 'scheduled__2024-07-25T03:50:00+00:00', '--job-id', '2357', '--raw', '--subdir', 'DAGS_FOLDER/mercado_dag.py', '--cfg-path', '/tmp/tmpvi816rwr']
[2024-07-25T14:56:31.976-0300] {standard_task_runner.py:91} INFO - Job 2357: Subtask get_5m_info
[2024-07-25T14:56:32.007-0300] {task_command.py:426} INFO - Running <TaskInstance: Mercado_5m.get_5m_info scheduled__2024-07-25T03:50:00+00:00 [running]> on host Galaxybook.
[2024-07-25T14:56:32.067-0300] {taskinstance.py:2648} INFO - Exporting env vars: AIRFLOW_CTX_DAG_OWNER='airflow' AIRFLOW_CTX_DAG_ID='Mercado_5m' AIRFLOW_CTX_TASK_ID='get_5m_info' AIRFLOW_CTX_EXECUTION_DATE='2024-07-25T03:50:00+00:00' AIRFLOW_CTX_TRY_NUMBER='1' AIRFLOW_CTX_DAG_RUN_ID='scheduled__2024-07-25T03:50:00+00:00'
[2024-07-25T14:56:32.068-0300] {taskinstance.py:430} INFO - ::endgroup::
[2024-07-25T14:56:32.151-0300] {base.py:84} INFO - Using connection ID 'mercado_default' for task execution.
[2024-07-25T14:56:32.152-0300] {mercado_hook.py:31} INFO - URL: https://api.mercadobitcoin.net/api/v4/candles?symbol=BTC-BRL&resolution=5m&to=1721890500&from=1721890200
[2024-07-25T14:56:32.451-0300] {python.py:237} INFO - Done. Returned value was: None
[2024-07-25T14:56:32.452-0300] {taskinstance.py:441} INFO - ::group::Post task execution logs
[2024-07-25T14:56:32.455-0300] {taskinstance.py:1206} INFO - Marking task as SUCCESS. dag_id=Mercado_5m, task_id=get_5m_info, run_id=scheduled__2024-07-25T03:50:00+00:00, execution_date=20240725T035000, start_date=20240725T175631, end_date=20240725T175632
[2024-07-25T14:56:32.475-0300] {local_task_job_runner.py:243} INFO - Task exited with return code 0
[2024-07-25T14:56:32.481-0300] {taskinstance.py:3503} INFO - 0 downstream tasks scheduled from follow-on schedule check
[2024-07-25T14:56:32.482-0300] {local_task_job_runner.py:222} INFO - ::endgroup::
[2024-07-25T16:20:54.234-0300] {local_task_job_runner.py:120} INFO - ::group::Pre task execution logs
[2024-07-25T16:20:54.241-0300] {taskinstance.py:2076} INFO - Dependencies all met for dep_context=non-requeueable deps ti=<TaskInstance: Mercado_5m.get_5m_info scheduled__2024-07-25T03:50:00+00:00 [queued]>
[2024-07-25T16:20:54.244-0300] {taskinstance.py:2076} INFO - Dependencies all met for dep_context=requeueable deps ti=<TaskInstance: Mercado_5m.get_5m_info scheduled__2024-07-25T03:50:00+00:00 [queued]>
[2024-07-25T16:20:54.244-0300] {taskinstance.py:2306} INFO - Starting attempt 1 of 1
[2024-07-25T16:20:54.263-0300] {taskinstance.py:2330} INFO - Executing <Task(PythonOperator): get_5m_info> on 2024-07-25 03:50:00+00:00
[2024-07-25T16:20:54.266-0300] {standard_task_runner.py:64} INFO - Started process 2663934 to run task
[2024-07-25T16:20:54.268-0300] {standard_task_runner.py:90} INFO - Running: ['airflow', 'tasks', 'run', 'Mercado_5m', 'get_5m_info', 'scheduled__2024-07-25T03:50:00+00:00', '--job-id', '2303', '--raw', '--subdir', 'DAGS_FOLDER/mercado_dag.py', '--cfg-path', '/tmp/tmpnd6r5j36']
[2024-07-25T16:20:54.269-0300] {standard_task_runner.py:91} INFO - Job 2303: Subtask get_5m_info
[2024-07-25T16:20:54.303-0300] {task_command.py:426} INFO - Running <TaskInstance: Mercado_5m.get_5m_info scheduled__2024-07-25T03:50:00+00:00 [running]> on host Galaxybook.
[2024-07-25T16:20:54.365-0300] {taskinstance.py:2648} INFO - Exporting env vars: AIRFLOW_CTX_DAG_OWNER='airflow' AIRFLOW_CTX_DAG_ID='Mercado_5m' AIRFLOW_CTX_TASK_ID='get_5m_info' AIRFLOW_CTX_EXECUTION_DATE='2024-07-25T03:50:00+00:00' AIRFLOW_CTX_TRY_NUMBER='1' AIRFLOW_CTX_DAG_RUN_ID='scheduled__2024-07-25T03:50:00+00:00'
[2024-07-25T16:20:54.366-0300] {taskinstance.py:430} INFO - ::endgroup::
[2024-07-25T16:20:54.374-0300] {mercado_dag.py:22} INFO - To: 2024-07-25 03:55:00+00:00
[2024-07-25T16:20:54.375-0300] {mercado_dag.py:23} INFO - From: 2024-07-25 03:50:00+00:00
[2024-07-25T16:20:54.375-0300] {mercado_dag.py:24} INFO - To timestamp: 1721879700 
[2024-07-25T16:20:54.375-0300] {mercado_dag.py:25} INFO - From timestamp: 1721879400 
[2024-07-25T16:20:54.442-0300] {base.py:84} INFO - Using connection ID 'mercado_default' for task execution.
[2024-07-25T16:20:54.443-0300] {mercado_hook.py:31} INFO - URL: https://api.mercadobitcoin.net/api/v4/candles?symbol=BTC-BRL&resolution=5m&to=1721879700&from=1721879400
[2024-07-25T16:20:54.735-0300] {python.py:237} INFO - Done. Returned value was: None
[2024-07-25T16:20:54.737-0300] {taskinstance.py:441} INFO - ::group::Post task execution logs
[2024-07-25T16:20:54.740-0300] {taskinstance.py:1206} INFO - Marking task as SUCCESS. dag_id=Mercado_5m, task_id=get_5m_info, run_id=scheduled__2024-07-25T03:50:00+00:00, execution_date=20240725T035000, start_date=20240725T192054, end_date=20240725T192054
[2024-07-25T16:20:54.769-0300] {local_task_job_runner.py:243} INFO - Task exited with return code 0
[2024-07-25T16:20:54.777-0300] {taskinstance.py:3503} INFO - 0 downstream tasks scheduled from follow-on schedule check
[2024-07-25T16:20:54.778-0300] {local_task_job_runner.py:222} INFO - ::endgroup::
