[2024-07-25T10:00:18.169-0300] {local_task_job_runner.py:120} INFO - ::group::Pre task execution logs
[2024-07-25T10:00:18.175-0300] {taskinstance.py:2076} INFO - Dependencies all met for dep_context=non-requeueable deps ti=<TaskInstance: Mercado_1m.get_1m_info scheduled__2024-07-25T11:50:00+00:00 [queued]>
[2024-07-25T10:00:18.178-0300] {taskinstance.py:2076} INFO - Dependencies all met for dep_context=requeueable deps ti=<TaskInstance: Mercado_1m.get_1m_info scheduled__2024-07-25T11:50:00+00:00 [queued]>
[2024-07-25T10:00:18.179-0300] {taskinstance.py:2306} INFO - Starting attempt 1 of 1
[2024-07-25T10:00:18.192-0300] {taskinstance.py:2330} INFO - Executing <Task(PythonOperator): get_1m_info> on 2024-07-25 11:50:00+00:00
[2024-07-25T10:00:18.194-0300] {standard_task_runner.py:64} INFO - Started process 2445400 to run task
[2024-07-25T10:00:18.196-0300] {standard_task_runner.py:90} INFO - Running: ['airflow', 'tasks', 'run', 'Mercado_1m', 'get_1m_info', 'scheduled__2024-07-25T11:50:00+00:00', '--job-id', '1949', '--raw', '--subdir', 'DAGS_FOLDER/mercado_dag.py', '--cfg-path', '/tmp/tmpe4vp8fh5']
[2024-07-25T10:00:18.197-0300] {standard_task_runner.py:91} INFO - Job 1949: Subtask get_1m_info
[2024-07-25T10:00:18.223-0300] {task_command.py:426} INFO - Running <TaskInstance: Mercado_1m.get_1m_info scheduled__2024-07-25T11:50:00+00:00 [running]> on host Galaxybook.
[2024-07-25T10:00:18.272-0300] {taskinstance.py:2648} INFO - Exporting env vars: AIRFLOW_CTX_DAG_OWNER='airflow' AIRFLOW_CTX_DAG_ID='Mercado_1m' AIRFLOW_CTX_TASK_ID='get_1m_info' AIRFLOW_CTX_EXECUTION_DATE='2024-07-25T11:50:00+00:00' AIRFLOW_CTX_TRY_NUMBER='1' AIRFLOW_CTX_DAG_RUN_ID='scheduled__2024-07-25T11:50:00+00:00'
[2024-07-25T10:00:18.272-0300] {taskinstance.py:430} INFO - ::endgroup::
[2024-07-25T10:00:18.335-0300] {base.py:84} INFO - Using connection ID 'mercado_default' for task execution.
[2024-07-25T10:00:18.335-0300] {mercado_hook.py:26} INFO - BASE URL: https://api.mercadobitcoin.net/api/v4
[2024-07-25T10:00:18.336-0300] {mercado_hook.py:32} INFO - URL: https://api.mercadobitcoin.net/api/v4/candles?symbol=BTC-BRL&resolution=1m&to=1721912358281&from=1721912418281
[2024-07-25T10:00:18.613-0300] {python.py:237} INFO - Done. Returned value was: None
[2024-07-25T10:00:18.613-0300] {taskinstance.py:441} INFO - ::group::Post task execution logs
[2024-07-25T10:00:18.616-0300] {taskinstance.py:1206} INFO - Marking task as SUCCESS. dag_id=Mercado_1m, task_id=get_1m_info, run_id=scheduled__2024-07-25T11:50:00+00:00, execution_date=20240725T115000, start_date=20240725T130018, end_date=20240725T130018
[2024-07-25T10:00:18.661-0300] {local_task_job_runner.py:243} INFO - Task exited with return code 0
[2024-07-25T10:00:18.667-0300] {taskinstance.py:3503} INFO - 0 downstream tasks scheduled from follow-on schedule check
[2024-07-25T10:00:18.667-0300] {local_task_job_runner.py:222} INFO - ::endgroup::
[2024-07-25T10:59:46.264-0300] {local_task_job_runner.py:120} INFO - ::group::Pre task execution logs
[2024-07-25T10:59:46.271-0300] {taskinstance.py:2076} INFO - Dependencies all met for dep_context=non-requeueable deps ti=<TaskInstance: Mercado_1m.get_1m_info scheduled__2024-07-25T11:50:00+00:00 [queued]>
[2024-07-25T10:59:46.276-0300] {taskinstance.py:2076} INFO - Dependencies all met for dep_context=requeueable deps ti=<TaskInstance: Mercado_1m.get_1m_info scheduled__2024-07-25T11:50:00+00:00 [queued]>
[2024-07-25T10:59:46.276-0300] {taskinstance.py:2306} INFO - Starting attempt 1 of 1
[2024-07-25T10:59:46.291-0300] {taskinstance.py:2330} INFO - Executing <Task(PythonOperator): get_1m_info> on 2024-07-25 11:50:00+00:00
[2024-07-25T10:59:46.293-0300] {standard_task_runner.py:64} INFO - Started process 2481490 to run task
[2024-07-25T10:59:46.295-0300] {standard_task_runner.py:90} INFO - Running: ['airflow', 'tasks', 'run', 'Mercado_1m', 'get_1m_info', 'scheduled__2024-07-25T11:50:00+00:00', '--job-id', '1885', '--raw', '--subdir', 'DAGS_FOLDER/mercado_dag.py', '--cfg-path', '/tmp/tmpco960xte']
[2024-07-25T10:59:46.297-0300] {standard_task_runner.py:91} INFO - Job 1885: Subtask get_1m_info
[2024-07-25T10:59:46.321-0300] {task_command.py:426} INFO - Running <TaskInstance: Mercado_1m.get_1m_info scheduled__2024-07-25T11:50:00+00:00 [running]> on host Galaxybook.
[2024-07-25T10:59:46.372-0300] {taskinstance.py:2648} INFO - Exporting env vars: AIRFLOW_CTX_DAG_OWNER='airflow' AIRFLOW_CTX_DAG_ID='Mercado_1m' AIRFLOW_CTX_TASK_ID='get_1m_info' AIRFLOW_CTX_EXECUTION_DATE='2024-07-25T11:50:00+00:00' AIRFLOW_CTX_TRY_NUMBER='1' AIRFLOW_CTX_DAG_RUN_ID='scheduled__2024-07-25T11:50:00+00:00'
[2024-07-25T10:59:46.372-0300] {taskinstance.py:430} INFO - ::endgroup::
[2024-07-25T10:59:46.434-0300] {base.py:84} INFO - Using connection ID 'mercado_default' for task execution.
[2024-07-25T10:59:46.435-0300] {mercado_hook.py:31} INFO - URL: https://api.mercadobitcoin.net/api/v4/candles?symbol=BTC-BRL&resolution=1m&to=1721915986381&countback=1
[2024-07-25T10:59:46.724-0300] {python.py:237} INFO - Done. Returned value was: None
[2024-07-25T10:59:46.725-0300] {taskinstance.py:441} INFO - ::group::Post task execution logs
[2024-07-25T10:59:46.727-0300] {taskinstance.py:1206} INFO - Marking task as SUCCESS. dag_id=Mercado_1m, task_id=get_1m_info, run_id=scheduled__2024-07-25T11:50:00+00:00, execution_date=20240725T115000, start_date=20240725T135946, end_date=20240725T135946
[2024-07-25T10:59:46.757-0300] {local_task_job_runner.py:243} INFO - Task exited with return code 0
[2024-07-25T10:59:46.763-0300] {taskinstance.py:3503} INFO - 0 downstream tasks scheduled from follow-on schedule check
[2024-07-25T10:59:46.764-0300] {local_task_job_runner.py:222} INFO - ::endgroup::
