[2024-07-25T14:51:25.983-0300] {local_task_job_runner.py:120} INFO - ::group::Pre task execution logs
[2024-07-25T14:51:25.988-0300] {taskinstance.py:2076} INFO - Dependencies all met for dep_context=non-requeueable deps ti=<TaskInstance: Binance_5m.get_5m_info scheduled__2024-07-25T10:05:00+00:00 [queued]>
[2024-07-25T14:51:25.991-0300] {taskinstance.py:2076} INFO - Dependencies all met for dep_context=requeueable deps ti=<TaskInstance: Binance_5m.get_5m_info scheduled__2024-07-25T10:05:00+00:00 [queued]>
[2024-07-25T14:51:25.991-0300] {taskinstance.py:2306} INFO - Starting attempt 1 of 1
[2024-07-25T14:51:26.003-0300] {taskinstance.py:2330} INFO - Executing <Task(PythonOperator): get_5m_info> on 2024-07-25 10:05:00+00:00
[2024-07-25T14:51:26.004-0300] {standard_task_runner.py:64} INFO - Started process 2610836 to run task
[2024-07-25T14:51:26.007-0300] {standard_task_runner.py:90} INFO - Running: ['airflow', 'tasks', 'run', 'Binance_5m', 'get_5m_info', 'scheduled__2024-07-25T10:05:00+00:00', '--job-id', '2213', '--raw', '--subdir', 'DAGS_FOLDER/binance_dag.py', '--cfg-path', '/tmp/tmp6iwdb3lo']
[2024-07-25T14:51:26.008-0300] {standard_task_runner.py:91} INFO - Job 2213: Subtask get_5m_info
[2024-07-25T14:51:26.032-0300] {task_command.py:426} INFO - Running <TaskInstance: Binance_5m.get_5m_info scheduled__2024-07-25T10:05:00+00:00 [running]> on host Galaxybook.
[2024-07-25T14:51:26.085-0300] {taskinstance.py:2648} INFO - Exporting env vars: AIRFLOW_CTX_DAG_OWNER='airflow' AIRFLOW_CTX_DAG_ID='Binance_5m' AIRFLOW_CTX_TASK_ID='get_5m_info' AIRFLOW_CTX_EXECUTION_DATE='2024-07-25T10:05:00+00:00' AIRFLOW_CTX_TRY_NUMBER='1' AIRFLOW_CTX_DAG_RUN_ID='scheduled__2024-07-25T10:05:00+00:00'
[2024-07-25T14:51:26.085-0300] {taskinstance.py:430} INFO - ::endgroup::
[2024-07-25T14:51:26.093-0300] {binance_dag.py:23} INFO - End Time: 2024-07-25T10:10:00.00Z
[2024-07-25T14:51:26.094-0300] {binance_dag.py:24} INFO - Start Time: 2024-07-25T10:05:00.00Z
[2024-07-25T14:51:26.154-0300] {base.py:84} INFO - Using connection ID 'binance_default' for task execution.
[2024-07-25T14:51:26.154-0300] {logging_mixin.py:188} INFO - https://api.binance.com
[2024-07-25T14:51:26.155-0300] {binance_hook.py:35} INFO - URL: https://api.binance.com/api/v3/klines?symbol=BTCBRL&interval=5m&startTime=1721912700000&endTime=1721912999999
[2024-07-25T14:51:26.543-0300] {binance_dag.py:43} INFO - r: [[1721912700000, '362864.00000000', '363170.00000000', '362050.00000000', '362791.00000000', '0.99732000', 1721912999999, '361806.06668000', 164, '0.36569000', '132682.80461000', '0']]
[2024-07-25T14:51:26.544-0300] {python.py:237} INFO - Done. Returned value was: None
[2024-07-25T14:51:26.544-0300] {taskinstance.py:441} INFO - ::group::Post task execution logs
[2024-07-25T14:51:26.546-0300] {taskinstance.py:1206} INFO - Marking task as SUCCESS. dag_id=Binance_5m, task_id=get_5m_info, run_id=scheduled__2024-07-25T10:05:00+00:00, execution_date=20240725T100500, start_date=20240725T175125, end_date=20240725T175126
[2024-07-25T14:51:26.586-0300] {local_task_job_runner.py:243} INFO - Task exited with return code 0
[2024-07-25T14:51:26.594-0300] {taskinstance.py:3503} INFO - 0 downstream tasks scheduled from follow-on schedule check
[2024-07-25T14:51:26.594-0300] {local_task_job_runner.py:222} INFO - ::endgroup::
[2024-07-25T15:21:23.881-0300] {local_task_job_runner.py:120} INFO - ::group::Pre task execution logs
[2024-07-25T15:21:23.887-0300] {taskinstance.py:2076} INFO - Dependencies all met for dep_context=non-requeueable deps ti=<TaskInstance: Binance_5m.get_5m_info scheduled__2024-07-25T10:05:00+00:00 [queued]>
[2024-07-25T15:21:23.890-0300] {taskinstance.py:2076} INFO - Dependencies all met for dep_context=requeueable deps ti=<TaskInstance: Binance_5m.get_5m_info scheduled__2024-07-25T10:05:00+00:00 [queued]>
[2024-07-25T15:21:23.890-0300] {taskinstance.py:2306} INFO - Starting attempt 1 of 1
[2024-07-25T15:21:23.902-0300] {taskinstance.py:2330} INFO - Executing <Task(PythonOperator): get_5m_info> on 2024-07-25 10:05:00+00:00
[2024-07-25T15:21:23.903-0300] {standard_task_runner.py:64} INFO - Started process 2633111 to run task
[2024-07-25T15:21:23.905-0300] {standard_task_runner.py:90} INFO - Running: ['airflow', 'tasks', 'run', 'Binance_5m', 'get_5m_info', 'scheduled__2024-07-25T10:05:00+00:00', '--job-id', '2656', '--raw', '--subdir', 'DAGS_FOLDER/binance_dag.py', '--cfg-path', '/tmp/tmp8uk22gfb']
[2024-07-25T15:21:23.906-0300] {standard_task_runner.py:91} INFO - Job 2656: Subtask get_5m_info
[2024-07-25T15:21:23.931-0300] {task_command.py:426} INFO - Running <TaskInstance: Binance_5m.get_5m_info scheduled__2024-07-25T10:05:00+00:00 [running]> on host Galaxybook.
[2024-07-25T15:21:23.982-0300] {taskinstance.py:2648} INFO - Exporting env vars: AIRFLOW_CTX_DAG_OWNER='airflow' AIRFLOW_CTX_DAG_ID='Binance_5m' AIRFLOW_CTX_TASK_ID='get_5m_info' AIRFLOW_CTX_EXECUTION_DATE='2024-07-25T10:05:00+00:00' AIRFLOW_CTX_TRY_NUMBER='1' AIRFLOW_CTX_DAG_RUN_ID='scheduled__2024-07-25T10:05:00+00:00'
[2024-07-25T15:21:23.983-0300] {taskinstance.py:430} INFO - ::endgroup::
[2024-07-25T15:21:23.990-0300] {binance_dag.py:23} INFO - End Time: 2024-07-25T10:10:00.00Z
[2024-07-25T15:21:23.991-0300] {binance_dag.py:24} INFO - Start Time: 2024-07-25T10:05:00.00Z
[2024-07-25T15:21:24.045-0300] {binance_dag.py:25} INFO - 1721912700000
[2024-07-25T15:21:24.048-0300] {base.py:84} INFO - Using connection ID 'binance_default' for task execution.
[2024-07-25T15:21:24.048-0300] {logging_mixin.py:188} INFO - https://api.binance.com
[2024-07-25T15:21:24.048-0300] {binance_hook.py:35} INFO - URL: https://api.binance.com/api/v3/klines?symbol=BTCBRL&interval=5m&startTime=1721912700000&endTime=1721912999999
[2024-07-25T15:21:24.438-0300] {python.py:237} INFO - Done. Returned value was: None
[2024-07-25T15:21:24.439-0300] {taskinstance.py:441} INFO - ::group::Post task execution logs
[2024-07-25T15:21:24.441-0300] {taskinstance.py:1206} INFO - Marking task as SUCCESS. dag_id=Binance_5m, task_id=get_5m_info, run_id=scheduled__2024-07-25T10:05:00+00:00, execution_date=20240725T100500, start_date=20240725T182123, end_date=20240725T182124
[2024-07-25T15:21:24.493-0300] {local_task_job_runner.py:243} INFO - Task exited with return code 0
[2024-07-25T15:21:24.499-0300] {taskinstance.py:3503} INFO - 0 downstream tasks scheduled from follow-on schedule check
[2024-07-25T15:21:24.500-0300] {local_task_job_runner.py:222} INFO - ::endgroup::
[2024-07-25T16:18:19.081-0300] {local_task_job_runner.py:120} INFO - ::group::Pre task execution logs
[2024-07-25T16:18:19.088-0300] {taskinstance.py:2076} INFO - Dependencies all met for dep_context=non-requeueable deps ti=<TaskInstance: Binance_5m.get_5m_info scheduled__2024-07-25T10:05:00+00:00 [queued]>
[2024-07-25T16:18:19.093-0300] {taskinstance.py:2076} INFO - Dependencies all met for dep_context=requeueable deps ti=<TaskInstance: Binance_5m.get_5m_info scheduled__2024-07-25T10:05:00+00:00 [queued]>
[2024-07-25T16:18:19.094-0300] {taskinstance.py:2306} INFO - Starting attempt 1 of 1
[2024-07-25T16:18:19.110-0300] {taskinstance.py:2330} INFO - Executing <Task(PythonOperator): get_5m_info> on 2024-07-25 10:05:00+00:00
[2024-07-25T16:18:19.112-0300] {standard_task_runner.py:64} INFO - Started process 2661288 to run task
[2024-07-25T16:18:19.114-0300] {standard_task_runner.py:90} INFO - Running: ['airflow', 'tasks', 'run', 'Binance_5m', 'get_5m_info', 'scheduled__2024-07-25T10:05:00+00:00', '--job-id', '2223', '--raw', '--subdir', 'DAGS_FOLDER/binance_dag.py', '--cfg-path', '/tmp/tmp2_ubxltc']
[2024-07-25T16:18:19.115-0300] {standard_task_runner.py:91} INFO - Job 2223: Subtask get_5m_info
[2024-07-25T16:18:19.146-0300] {task_command.py:426} INFO - Running <TaskInstance: Binance_5m.get_5m_info scheduled__2024-07-25T10:05:00+00:00 [running]> on host Galaxybook.
[2024-07-25T16:18:19.214-0300] {taskinstance.py:2648} INFO - Exporting env vars: AIRFLOW_CTX_DAG_OWNER='airflow' AIRFLOW_CTX_DAG_ID='Binance_5m' AIRFLOW_CTX_TASK_ID='get_5m_info' AIRFLOW_CTX_EXECUTION_DATE='2024-07-25T10:05:00+00:00' AIRFLOW_CTX_TRY_NUMBER='1' AIRFLOW_CTX_DAG_RUN_ID='scheduled__2024-07-25T10:05:00+00:00'
[2024-07-25T16:18:19.215-0300] {taskinstance.py:430} INFO - ::endgroup::
[2024-07-25T16:18:19.224-0300] {binance_dag.py:22} INFO - End Time: 2024-07-25 10:10:00+00:00
[2024-07-25T16:18:19.224-0300] {binance_dag.py:23} INFO - Start Time: 2024-07-25 10:05:00+00:00
[2024-07-25T16:18:19.224-0300] {binance_dag.py:24} INFO - Start timestamp: 1721901900000
[2024-07-25T16:18:19.224-0300] {binance_dag.py:25} INFO - End timestamp: 1721902200000
[2024-07-25T16:18:19.293-0300] {base.py:84} INFO - Using connection ID 'binance_default' for task execution.
[2024-07-25T16:18:19.293-0300] {logging_mixin.py:188} INFO - https://api.binance.com
[2024-07-25T16:18:19.294-0300] {binance_hook.py:35} INFO - URL: https://api.binance.com/api/v3/klines?symbol=BTCBRL&interval=5m&startTime=1721901900000&endTime=1721902199999&timeZone=-3
[2024-07-25T16:18:19.720-0300] {python.py:237} INFO - Done. Returned value was: None
[2024-07-25T16:18:19.720-0300] {taskinstance.py:441} INFO - ::group::Post task execution logs
[2024-07-25T16:18:19.723-0300] {taskinstance.py:1206} INFO - Marking task as SUCCESS. dag_id=Binance_5m, task_id=get_5m_info, run_id=scheduled__2024-07-25T10:05:00+00:00, execution_date=20240725T100500, start_date=20240725T191819, end_date=20240725T191819
[2024-07-25T16:18:19.776-0300] {local_task_job_runner.py:243} INFO - Task exited with return code 0
[2024-07-25T16:18:19.783-0300] {taskinstance.py:3503} INFO - 0 downstream tasks scheduled from follow-on schedule check
[2024-07-25T16:18:19.783-0300] {local_task_job_runner.py:222} INFO - ::endgroup::
