[2024-07-25T15:10:02.829-0300] {local_task_job_runner.py:120} INFO - ::group::Pre task execution logs
[2024-07-25T15:10:02.835-0300] {taskinstance.py:2076} INFO - Dependencies all met for dep_context=non-requeueable deps ti=<TaskInstance: Binance_5m.get_5m_info scheduled__2024-07-25T18:05:00+00:00 [queued]>
[2024-07-25T15:10:02.838-0300] {taskinstance.py:2076} INFO - Dependencies all met for dep_context=requeueable deps ti=<TaskInstance: Binance_5m.get_5m_info scheduled__2024-07-25T18:05:00+00:00 [queued]>
[2024-07-25T15:10:02.839-0300] {taskinstance.py:2306} INFO - Starting attempt 1 of 1
[2024-07-25T15:10:02.856-0300] {taskinstance.py:2330} INFO - Executing <Task(PythonOperator): get_5m_info> on 2024-07-25 18:05:00+00:00
[2024-07-25T15:10:02.858-0300] {standard_task_runner.py:64} INFO - Started process 2625273 to run task
[2024-07-25T15:10:02.860-0300] {standard_task_runner.py:90} INFO - Running: ['airflow', 'tasks', 'run', 'Binance_5m', 'get_5m_info', 'scheduled__2024-07-25T18:05:00+00:00', '--job-id', '2531', '--raw', '--subdir', 'DAGS_FOLDER/binance_dag.py', '--cfg-path', '/tmp/tmp5gr76ygh']
[2024-07-25T15:10:02.861-0300] {standard_task_runner.py:91} INFO - Job 2531: Subtask get_5m_info
[2024-07-25T15:10:02.888-0300] {task_command.py:426} INFO - Running <TaskInstance: Binance_5m.get_5m_info scheduled__2024-07-25T18:05:00+00:00 [running]> on host Galaxybook.
[2024-07-25T15:10:02.948-0300] {taskinstance.py:2648} INFO - Exporting env vars: AIRFLOW_CTX_DAG_OWNER='airflow' AIRFLOW_CTX_DAG_ID='Binance_5m' AIRFLOW_CTX_TASK_ID='get_5m_info' AIRFLOW_CTX_EXECUTION_DATE='2024-07-25T18:05:00+00:00' AIRFLOW_CTX_TRY_NUMBER='1' AIRFLOW_CTX_DAG_RUN_ID='scheduled__2024-07-25T18:05:00+00:00'
[2024-07-25T15:10:02.948-0300] {taskinstance.py:430} INFO - ::endgroup::
[2024-07-25T15:10:02.958-0300] {binance_dag.py:23} INFO - End Time: 2024-07-25T18:10:00.00Z
[2024-07-25T15:10:02.959-0300] {binance_dag.py:24} INFO - Start Time: 2024-07-25T18:05:00.00Z
[2024-07-25T15:10:03.042-0300] {base.py:84} INFO - Using connection ID 'binance_default' for task execution.
[2024-07-25T15:10:03.042-0300] {logging_mixin.py:188} INFO - https://api.binance.com
[2024-07-25T15:10:03.043-0300] {binance_hook.py:35} INFO - URL: https://api.binance.com/api/v3/klines?symbol=BTCBRL&interval=5m&startTime=1721941500000&endTime=1721941799999
[2024-07-25T15:10:04.513-0300] {binance_dag.py:43} INFO - r: []
[2024-07-25T15:10:04.514-0300] {python.py:237} INFO - Done. Returned value was: None
[2024-07-25T15:10:04.515-0300] {taskinstance.py:441} INFO - ::group::Post task execution logs
[2024-07-25T15:10:04.518-0300] {taskinstance.py:1206} INFO - Marking task as SUCCESS. dag_id=Binance_5m, task_id=get_5m_info, run_id=scheduled__2024-07-25T18:05:00+00:00, execution_date=20240725T180500, start_date=20240725T181002, end_date=20240725T181004
[2024-07-25T15:10:04.540-0300] {local_task_job_runner.py:243} INFO - Task exited with return code 0
[2024-07-25T15:10:04.547-0300] {taskinstance.py:3503} INFO - 0 downstream tasks scheduled from follow-on schedule check
[2024-07-25T15:10:04.547-0300] {local_task_job_runner.py:222} INFO - ::endgroup::
[2024-07-25T15:24:56.052-0300] {local_task_job_runner.py:120} INFO - ::group::Pre task execution logs
[2024-07-25T15:24:56.057-0300] {taskinstance.py:2076} INFO - Dependencies all met for dep_context=non-requeueable deps ti=<TaskInstance: Binance_5m.get_5m_info scheduled__2024-07-25T18:05:00+00:00 [queued]>
[2024-07-25T15:24:56.060-0300] {taskinstance.py:2076} INFO - Dependencies all met for dep_context=requeueable deps ti=<TaskInstance: Binance_5m.get_5m_info scheduled__2024-07-25T18:05:00+00:00 [queued]>
[2024-07-25T15:24:56.060-0300] {taskinstance.py:2306} INFO - Starting attempt 1 of 1
[2024-07-25T15:24:56.073-0300] {taskinstance.py:2330} INFO - Executing <Task(PythonOperator): get_5m_info> on 2024-07-25 18:05:00+00:00
[2024-07-25T15:24:56.075-0300] {standard_task_runner.py:64} INFO - Started process 2636604 to run task
[2024-07-25T15:24:56.077-0300] {standard_task_runner.py:90} INFO - Running: ['airflow', 'tasks', 'run', 'Binance_5m', 'get_5m_info', 'scheduled__2024-07-25T18:05:00+00:00', '--job-id', '2752', '--raw', '--subdir', 'DAGS_FOLDER/binance_dag.py', '--cfg-path', '/tmp/tmplkkccesw']
[2024-07-25T15:24:56.079-0300] {standard_task_runner.py:91} INFO - Job 2752: Subtask get_5m_info
[2024-07-25T15:24:56.103-0300] {task_command.py:426} INFO - Running <TaskInstance: Binance_5m.get_5m_info scheduled__2024-07-25T18:05:00+00:00 [running]> on host Galaxybook.
[2024-07-25T15:24:56.155-0300] {taskinstance.py:2648} INFO - Exporting env vars: AIRFLOW_CTX_DAG_OWNER='airflow' AIRFLOW_CTX_DAG_ID='Binance_5m' AIRFLOW_CTX_TASK_ID='get_5m_info' AIRFLOW_CTX_EXECUTION_DATE='2024-07-25T18:05:00+00:00' AIRFLOW_CTX_TRY_NUMBER='1' AIRFLOW_CTX_DAG_RUN_ID='scheduled__2024-07-25T18:05:00+00:00'
[2024-07-25T15:24:56.156-0300] {taskinstance.py:430} INFO - ::endgroup::
[2024-07-25T15:24:56.164-0300] {binance_dag.py:23} INFO - End Time: 2024-07-25T18:10:00.00Z
[2024-07-25T15:24:56.164-0300] {binance_dag.py:24} INFO - Start Time: 2024-07-25T18:05:00.00Z
[2024-07-25T15:24:56.224-0300] {binance_dag.py:25} INFO - 1721941500000
[2024-07-25T15:24:56.227-0300] {base.py:84} INFO - Using connection ID 'binance_default' for task execution.
[2024-07-25T15:24:56.227-0300] {logging_mixin.py:188} INFO - https://api.binance.com
[2024-07-25T15:24:56.228-0300] {binance_hook.py:35} INFO - URL: https://api.binance.com/api/v3/klines?symbol=BTCBRL&interval=5m&startTime=1721941500000&endTime=1721941799999
[2024-07-25T15:25:01.634-0300] {python.py:237} INFO - Done. Returned value was: None
[2024-07-25T15:25:01.635-0300] {taskinstance.py:441} INFO - ::group::Post task execution logs
[2024-07-25T15:25:01.637-0300] {taskinstance.py:1206} INFO - Marking task as SUCCESS. dag_id=Binance_5m, task_id=get_5m_info, run_id=scheduled__2024-07-25T18:05:00+00:00, execution_date=20240725T180500, start_date=20240725T182456, end_date=20240725T182501
[2024-07-25T15:25:01.673-0300] {local_task_job_runner.py:243} INFO - Task exited with return code 0
[2024-07-25T15:25:01.680-0300] {taskinstance.py:3503} INFO - 0 downstream tasks scheduled from follow-on schedule check
[2024-07-25T15:25:01.680-0300] {local_task_job_runner.py:222} INFO - ::endgroup::
[2024-07-25T16:24:14.997-0300] {local_task_job_runner.py:120} INFO - ::group::Pre task execution logs
[2024-07-25T16:24:15.014-0300] {taskinstance.py:2076} INFO - Dependencies all met for dep_context=non-requeueable deps ti=<TaskInstance: Binance_5m.get_5m_info scheduled__2024-07-25T18:05:00+00:00 [queued]>
[2024-07-25T16:24:15.020-0300] {taskinstance.py:2076} INFO - Dependencies all met for dep_context=requeueable deps ti=<TaskInstance: Binance_5m.get_5m_info scheduled__2024-07-25T18:05:00+00:00 [queued]>
[2024-07-25T16:24:15.021-0300] {taskinstance.py:2306} INFO - Starting attempt 1 of 1
[2024-07-25T16:24:15.044-0300] {taskinstance.py:2330} INFO - Executing <Task(PythonOperator): get_5m_info> on 2024-07-25 18:05:00+00:00
[2024-07-25T16:24:15.047-0300] {standard_task_runner.py:64} INFO - Started process 2667307 to run task
[2024-07-25T16:24:15.049-0300] {standard_task_runner.py:90} INFO - Running: ['airflow', 'tasks', 'run', 'Binance_5m', 'get_5m_info', 'scheduled__2024-07-25T18:05:00+00:00', '--job-id', '2400', '--raw', '--subdir', 'DAGS_FOLDER/binance_dag.py', '--cfg-path', '/tmp/tmpwtdylsg9']
[2024-07-25T16:24:15.051-0300] {standard_task_runner.py:91} INFO - Job 2400: Subtask get_5m_info
[2024-07-25T16:24:15.092-0300] {task_command.py:426} INFO - Running <TaskInstance: Binance_5m.get_5m_info scheduled__2024-07-25T18:05:00+00:00 [running]> on host Galaxybook.
[2024-07-25T16:24:15.173-0300] {taskinstance.py:2648} INFO - Exporting env vars: AIRFLOW_CTX_DAG_OWNER='airflow' AIRFLOW_CTX_DAG_ID='Binance_5m' AIRFLOW_CTX_TASK_ID='get_5m_info' AIRFLOW_CTX_EXECUTION_DATE='2024-07-25T18:05:00+00:00' AIRFLOW_CTX_TRY_NUMBER='1' AIRFLOW_CTX_DAG_RUN_ID='scheduled__2024-07-25T18:05:00+00:00'
[2024-07-25T16:24:15.174-0300] {taskinstance.py:430} INFO - ::endgroup::
[2024-07-25T16:24:15.185-0300] {binance_dag.py:22} INFO - End Time: 2024-07-25 18:10:00+00:00
[2024-07-25T16:24:15.186-0300] {binance_dag.py:23} INFO - Start Time: 2024-07-25 18:05:00+00:00
[2024-07-25T16:24:15.186-0300] {binance_dag.py:24} INFO - Start timestamp: 1721930700000
[2024-07-25T16:24:15.186-0300] {binance_dag.py:25} INFO - End timestamp: 1721931000000
[2024-07-25T16:24:15.288-0300] {base.py:84} INFO - Using connection ID 'binance_default' for task execution.
[2024-07-25T16:24:15.288-0300] {logging_mixin.py:188} INFO - https://api.binance.com
[2024-07-25T16:24:15.289-0300] {binance_hook.py:35} INFO - URL: https://api.binance.com/api/v3/klines?symbol=BTCBRL&interval=5m&startTime=1721930700000&endTime=1721930999999&timeZone=-3
[2024-07-25T16:24:15.720-0300] {python.py:237} INFO - Done. Returned value was: None
[2024-07-25T16:24:15.721-0300] {taskinstance.py:441} INFO - ::group::Post task execution logs
[2024-07-25T16:24:15.724-0300] {taskinstance.py:1206} INFO - Marking task as SUCCESS. dag_id=Binance_5m, task_id=get_5m_info, run_id=scheduled__2024-07-25T18:05:00+00:00, execution_date=20240725T180500, start_date=20240725T192415, end_date=20240725T192415
[2024-07-25T16:24:15.751-0300] {local_task_job_runner.py:243} INFO - Task exited with return code 0
[2024-07-25T16:24:15.759-0300] {taskinstance.py:3503} INFO - 0 downstream tasks scheduled from follow-on schedule check
[2024-07-25T16:24:15.759-0300] {local_task_job_runner.py:222} INFO - ::endgroup::
