[2024-07-25T10:18:09.914-0300] {local_task_job_runner.py:120} INFO - ::group::Pre task execution logs
[2024-07-25T10:18:09.918-0300] {taskinstance.py:2076} INFO - Dependencies all met for dep_context=non-requeueable deps ti=<TaskInstance: Mercado_1m.get_1m_info scheduled__2024-07-25T13:17:00+00:00 [queued]>
[2024-07-25T10:18:09.922-0300] {taskinstance.py:2076} INFO - Dependencies all met for dep_context=requeueable deps ti=<TaskInstance: Mercado_1m.get_1m_info scheduled__2024-07-25T13:17:00+00:00 [queued]>
[2024-07-25T10:18:09.922-0300] {taskinstance.py:2306} INFO - Starting attempt 1 of 1
[2024-07-25T10:18:09.935-0300] {taskinstance.py:2330} INFO - Executing <Task(PythonOperator): get_1m_info> on 2024-07-25 13:17:00+00:00
[2024-07-25T10:18:09.937-0300] {standard_task_runner.py:64} INFO - Started process 2457068 to run task
[2024-07-25T10:18:09.939-0300] {standard_task_runner.py:90} INFO - Running: ['airflow', 'tasks', 'run', 'Mercado_1m', 'get_1m_info', 'scheduled__2024-07-25T13:17:00+00:00', '--job-id', '2057', '--raw', '--subdir', 'DAGS_FOLDER/mercado_dag.py', '--cfg-path', '/tmp/tmp871tnzj0']
[2024-07-25T10:18:09.939-0300] {standard_task_runner.py:91} INFO - Job 2057: Subtask get_1m_info
[2024-07-25T10:18:09.962-0300] {task_command.py:426} INFO - Running <TaskInstance: Mercado_1m.get_1m_info scheduled__2024-07-25T13:17:00+00:00 [running]> on host Galaxybook.
[2024-07-25T10:18:10.012-0300] {taskinstance.py:2648} INFO - Exporting env vars: AIRFLOW_CTX_DAG_OWNER='airflow' AIRFLOW_CTX_DAG_ID='Mercado_1m' AIRFLOW_CTX_TASK_ID='get_1m_info' AIRFLOW_CTX_EXECUTION_DATE='2024-07-25T13:17:00+00:00' AIRFLOW_CTX_TRY_NUMBER='1' AIRFLOW_CTX_DAG_RUN_ID='scheduled__2024-07-25T13:17:00+00:00'
[2024-07-25T10:18:10.013-0300] {taskinstance.py:430} INFO - ::endgroup::
[2024-07-25T10:18:10.074-0300] {base.py:84} INFO - Using connection ID 'mercado_default' for task execution.
[2024-07-25T10:18:10.074-0300] {mercado_hook.py:27} INFO - BASE URL: https://api.mercadobitcoin.net/api/v4
[2024-07-25T10:18:10.074-0300] {mercado_hook.py:33} INFO - URL: https://api.mercadobitcoin.net/api/v4/candles?symbol=BTC-BRL&resolution=1m&to=1721913490020&countback=1
[2024-07-25T10:18:13.995-0300] {logging_mixin.py:188} INFO - <Response [200]>
[2024-07-25T10:18:13.996-0300] {taskinstance.py:441} INFO - ::group::Post task execution logs
[2024-07-25T10:18:13.996-0300] {taskinstance.py:2905} ERROR - Task failed with exception
Traceback (most recent call last):
  File "/home/hugoviana/Documentos/data_pipeline_airflow/.venv/lib/python3.12/site-packages/airflow/models/taskinstance.py", line 465, in _execute_task
    result = _execute_callable(context=context, **execute_callable_kwargs)
             ^^^^^^^^^^^^^^^^^^^^^^^^^^^^^^^^^^^^^^^^^^^^^^^^^^^^^^^^^^^^^
  File "/home/hugoviana/Documentos/data_pipeline_airflow/.venv/lib/python3.12/site-packages/airflow/models/taskinstance.py", line 432, in _execute_callable
    return execute_callable(context=context, **execute_callable_kwargs)
           ^^^^^^^^^^^^^^^^^^^^^^^^^^^^^^^^^^^^^^^^^^^^^^^^^^^^^^^^^^^^
  File "/home/hugoviana/Documentos/data_pipeline_airflow/.venv/lib/python3.12/site-packages/airflow/models/baseoperator.py", line 401, in wrapper
    return func(self, *args, **kwargs)
           ^^^^^^^^^^^^^^^^^^^^^^^^^^^
  File "/home/hugoviana/Documentos/data_pipeline_airflow/.venv/lib/python3.12/site-packages/airflow/operators/python.py", line 235, in execute
    return_value = self.execute_callable()
                   ^^^^^^^^^^^^^^^^^^^^^^^
  File "/home/hugoviana/Documentos/data_pipeline_airflow/.venv/lib/python3.12/site-packages/airflow/operators/python.py", line 252, in execute_callable
    return self.python_callable(*self.op_args, **self.op_kwargs)
           ^^^^^^^^^^^^^^^^^^^^^^^^^^^^^^^^^^^^^^^^^^^^^^^^^^^^^
  File "/home/hugoviana/Projetos/crypto-etl/airflow_pipeline/dags/mercado_dag.py", line 30, in execute
    json.dump(r.json, file)
  File "/usr/lib/python3.12/json/__init__.py", line 179, in dump
    for chunk in iterable:
  File "/usr/lib/python3.12/json/encoder.py", line 439, in _iterencode
    o = _default(o)
        ^^^^^^^^^^^
  File "/usr/lib/python3.12/json/encoder.py", line 180, in default
    raise TypeError(f'Object of type {o.__class__.__name__} '
TypeError: Object of type method is not JSON serializable
[2024-07-25T10:18:14.000-0300] {taskinstance.py:1206} INFO - Marking task as FAILED. dag_id=Mercado_1m, task_id=get_1m_info, run_id=scheduled__2024-07-25T13:17:00+00:00, execution_date=20240725T131700, start_date=20240725T131809, end_date=20240725T131813
[2024-07-25T10:18:14.014-0300] {standard_task_runner.py:110} ERROR - Failed to execute job 2057 for task get_1m_info (Object of type method is not JSON serializable; 2457068)
[2024-07-25T10:18:14.021-0300] {local_task_job_runner.py:243} INFO - Task exited with return code 1
[2024-07-25T10:18:14.027-0300] {taskinstance.py:3503} INFO - 0 downstream tasks scheduled from follow-on schedule check
[2024-07-25T10:18:14.027-0300] {local_task_job_runner.py:222} INFO - ::endgroup::
