[2024-07-25T14:54:54.178-0300] {local_task_job_runner.py:120} INFO - ::group::Pre task execution logs
[2024-07-25T14:54:54.183-0300] {taskinstance.py:2076} INFO - Dependencies all met for dep_context=non-requeueable deps ti=<TaskInstance: Mercado_5m.get_5m_info scheduled__2024-07-25T00:40:00+00:00 [queued]>
[2024-07-25T14:54:54.186-0300] {taskinstance.py:2076} INFO - Dependencies all met for dep_context=requeueable deps ti=<TaskInstance: Mercado_5m.get_5m_info scheduled__2024-07-25T00:40:00+00:00 [queued]>
[2024-07-25T14:54:54.186-0300] {taskinstance.py:2306} INFO - Starting attempt 1 of 1
[2024-07-25T14:54:54.202-0300] {taskinstance.py:2330} INFO - Executing <Task(PythonOperator): get_5m_info> on 2024-07-25 00:40:00+00:00
[2024-07-25T14:54:54.204-0300] {standard_task_runner.py:64} INFO - Started process 2614330 to run task
[2024-07-25T14:54:54.206-0300] {standard_task_runner.py:90} INFO - Running: ['airflow', 'tasks', 'run', 'Mercado_5m', 'get_5m_info', 'scheduled__2024-07-25T00:40:00+00:00', '--job-id', '2307', '--raw', '--subdir', 'DAGS_FOLDER/mercado_dag.py', '--cfg-path', '/tmp/tmpj3pxuer0']
[2024-07-25T14:54:54.207-0300] {standard_task_runner.py:91} INFO - Job 2307: Subtask get_5m_info
[2024-07-25T14:54:54.235-0300] {task_command.py:426} INFO - Running <TaskInstance: Mercado_5m.get_5m_info scheduled__2024-07-25T00:40:00+00:00 [running]> on host Galaxybook.
[2024-07-25T14:54:54.280-0300] {taskinstance.py:2648} INFO - Exporting env vars: AIRFLOW_CTX_DAG_OWNER='airflow' AIRFLOW_CTX_DAG_ID='Mercado_5m' AIRFLOW_CTX_TASK_ID='get_5m_info' AIRFLOW_CTX_EXECUTION_DATE='2024-07-25T00:40:00+00:00' AIRFLOW_CTX_TRY_NUMBER='1' AIRFLOW_CTX_DAG_RUN_ID='scheduled__2024-07-25T00:40:00+00:00'
[2024-07-25T14:54:54.280-0300] {taskinstance.py:430} INFO - ::endgroup::
[2024-07-25T14:54:54.343-0300] {base.py:84} INFO - Using connection ID 'mercado_default' for task execution.
[2024-07-25T14:54:54.344-0300] {mercado_hook.py:31} INFO - URL: https://api.mercadobitcoin.net/api/v4/candles?symbol=BTC-BRL&resolution=5m&to=1721879100&from=1721878800
[2024-07-25T14:54:54.648-0300] {python.py:237} INFO - Done. Returned value was: None
[2024-07-25T14:54:54.648-0300] {taskinstance.py:441} INFO - ::group::Post task execution logs
[2024-07-25T14:54:54.651-0300] {taskinstance.py:1206} INFO - Marking task as SUCCESS. dag_id=Mercado_5m, task_id=get_5m_info, run_id=scheduled__2024-07-25T00:40:00+00:00, execution_date=20240725T004000, start_date=20240725T175454, end_date=20240725T175454
[2024-07-25T14:54:54.671-0300] {local_task_job_runner.py:243} INFO - Task exited with return code 0
[2024-07-25T14:54:54.677-0300] {taskinstance.py:3503} INFO - 0 downstream tasks scheduled from follow-on schedule check
[2024-07-25T14:54:54.677-0300] {local_task_job_runner.py:222} INFO - ::endgroup::
[2024-07-25T15:05:53.727-0300] {local_task_job_runner.py:120} INFO - ::group::Pre task execution logs
[2024-07-25T15:05:53.733-0300] {taskinstance.py:2076} INFO - Dependencies all met for dep_context=non-requeueable deps ti=<TaskInstance: Mercado_5m.get_5m_info scheduled__2024-07-25T00:40:00+00:00 [queued]>
[2024-07-25T15:05:53.736-0300] {taskinstance.py:2076} INFO - Dependencies all met for dep_context=requeueable deps ti=<TaskInstance: Mercado_5m.get_5m_info scheduled__2024-07-25T00:40:00+00:00 [queued]>
[2024-07-25T15:05:53.736-0300] {taskinstance.py:2306} INFO - Starting attempt 1 of 1
[2024-07-25T15:05:53.748-0300] {taskinstance.py:2330} INFO - Executing <Task(PythonOperator): get_5m_info> on 2024-07-25 00:40:00+00:00
[2024-07-25T15:05:53.750-0300] {standard_task_runner.py:64} INFO - Started process 2623545 to run task
[2024-07-25T15:05:53.753-0300] {standard_task_runner.py:90} INFO - Running: ['airflow', 'tasks', 'run', 'Mercado_5m', 'get_5m_info', 'scheduled__2024-07-25T00:40:00+00:00', '--job-id', '2529', '--raw', '--subdir', 'DAGS_FOLDER/mercado_dag.py', '--cfg-path', '/tmp/tmp7v6lf3iq']
[2024-07-25T15:05:53.754-0300] {standard_task_runner.py:91} INFO - Job 2529: Subtask get_5m_info
[2024-07-25T15:05:53.783-0300] {task_command.py:426} INFO - Running <TaskInstance: Mercado_5m.get_5m_info scheduled__2024-07-25T00:40:00+00:00 [running]> on host Galaxybook.
[2024-07-25T15:05:53.833-0300] {taskinstance.py:2648} INFO - Exporting env vars: AIRFLOW_CTX_DAG_OWNER='airflow' AIRFLOW_CTX_DAG_ID='Mercado_5m' AIRFLOW_CTX_TASK_ID='get_5m_info' AIRFLOW_CTX_EXECUTION_DATE='2024-07-25T00:40:00+00:00' AIRFLOW_CTX_TRY_NUMBER='1' AIRFLOW_CTX_DAG_RUN_ID='scheduled__2024-07-25T00:40:00+00:00'
[2024-07-25T15:05:53.833-0300] {taskinstance.py:430} INFO - ::endgroup::
[2024-07-25T15:05:53.915-0300] {base.py:84} INFO - Using connection ID 'mercado_default' for task execution.
[2024-07-25T15:05:53.916-0300] {mercado_hook.py:31} INFO - URL: https://api.mercadobitcoin.net/api/v4/candles?symbol=BTC-BRL&resolution=5m&to=1721879100000&from=1721878800000
[2024-07-25T15:05:54.200-0300] {python.py:237} INFO - Done. Returned value was: None
[2024-07-25T15:05:54.201-0300] {taskinstance.py:441} INFO - ::group::Post task execution logs
[2024-07-25T15:05:54.204-0300] {taskinstance.py:1206} INFO - Marking task as SUCCESS. dag_id=Mercado_5m, task_id=get_5m_info, run_id=scheduled__2024-07-25T00:40:00+00:00, execution_date=20240725T004000, start_date=20240725T180553, end_date=20240725T180554
[2024-07-25T15:05:54.254-0300] {local_task_job_runner.py:243} INFO - Task exited with return code 0
[2024-07-25T15:05:54.262-0300] {taskinstance.py:3503} INFO - 0 downstream tasks scheduled from follow-on schedule check
[2024-07-25T15:05:54.263-0300] {local_task_job_runner.py:222} INFO - ::endgroup::
[2024-07-25T16:18:24.377-0300] {local_task_job_runner.py:120} INFO - ::group::Pre task execution logs
[2024-07-25T16:18:24.388-0300] {taskinstance.py:2076} INFO - Dependencies all met for dep_context=non-requeueable deps ti=<TaskInstance: Mercado_5m.get_5m_info scheduled__2024-07-25T00:40:00+00:00 [queued]>
[2024-07-25T16:18:24.391-0300] {taskinstance.py:2076} INFO - Dependencies all met for dep_context=requeueable deps ti=<TaskInstance: Mercado_5m.get_5m_info scheduled__2024-07-25T00:40:00+00:00 [queued]>
[2024-07-25T16:18:24.391-0300] {taskinstance.py:2306} INFO - Starting attempt 1 of 1
[2024-07-25T16:18:24.409-0300] {taskinstance.py:2330} INFO - Executing <Task(PythonOperator): get_5m_info> on 2024-07-25 00:40:00+00:00
[2024-07-25T16:18:24.411-0300] {standard_task_runner.py:64} INFO - Started process 2661369 to run task
[2024-07-25T16:18:24.413-0300] {standard_task_runner.py:90} INFO - Running: ['airflow', 'tasks', 'run', 'Mercado_5m', 'get_5m_info', 'scheduled__2024-07-25T00:40:00+00:00', '--job-id', '2226', '--raw', '--subdir', 'DAGS_FOLDER/mercado_dag.py', '--cfg-path', '/tmp/tmp9wch0gz7']
[2024-07-25T16:18:24.414-0300] {standard_task_runner.py:91} INFO - Job 2226: Subtask get_5m_info
[2024-07-25T16:18:24.448-0300] {task_command.py:426} INFO - Running <TaskInstance: Mercado_5m.get_5m_info scheduled__2024-07-25T00:40:00+00:00 [running]> on host Galaxybook.
[2024-07-25T16:18:24.502-0300] {taskinstance.py:2648} INFO - Exporting env vars: AIRFLOW_CTX_DAG_OWNER='airflow' AIRFLOW_CTX_DAG_ID='Mercado_5m' AIRFLOW_CTX_TASK_ID='get_5m_info' AIRFLOW_CTX_EXECUTION_DATE='2024-07-25T00:40:00+00:00' AIRFLOW_CTX_TRY_NUMBER='1' AIRFLOW_CTX_DAG_RUN_ID='scheduled__2024-07-25T00:40:00+00:00'
[2024-07-25T16:18:24.502-0300] {taskinstance.py:430} INFO - ::endgroup::
[2024-07-25T16:18:24.511-0300] {mercado_dag.py:22} INFO - To: 2024-07-25 00:45:00+00:00
[2024-07-25T16:18:24.512-0300] {mercado_dag.py:23} INFO - From: 2024-07-25 00:40:00+00:00
[2024-07-25T16:18:24.584-0300] {base.py:84} INFO - Using connection ID 'mercado_default' for task execution.
[2024-07-25T16:18:24.585-0300] {mercado_hook.py:31} INFO - URL: https://api.mercadobitcoin.net/api/v4/candles?symbol=BTC-BRL&resolution=5m&to=1721868300&from=1721868000
[2024-07-25T16:18:24.868-0300] {python.py:237} INFO - Done. Returned value was: None
[2024-07-25T16:18:24.868-0300] {taskinstance.py:441} INFO - ::group::Post task execution logs
[2024-07-25T16:18:24.871-0300] {taskinstance.py:1206} INFO - Marking task as SUCCESS. dag_id=Mercado_5m, task_id=get_5m_info, run_id=scheduled__2024-07-25T00:40:00+00:00, execution_date=20240725T004000, start_date=20240725T191824, end_date=20240725T191824
[2024-07-25T16:18:24.917-0300] {local_task_job_runner.py:243} INFO - Task exited with return code 0
[2024-07-25T16:18:24.924-0300] {taskinstance.py:3503} INFO - 0 downstream tasks scheduled from follow-on schedule check
[2024-07-25T16:18:24.924-0300] {local_task_job_runner.py:222} INFO - ::endgroup::
[2024-07-25T16:22:30.119-0300] {local_task_job_runner.py:120} INFO - ::group::Pre task execution logs
[2024-07-25T16:22:30.125-0300] {taskinstance.py:2076} INFO - Dependencies all met for dep_context=non-requeueable deps ti=<TaskInstance: Mercado_5m.get_5m_info scheduled__2024-07-25T00:40:00+00:00 [queued]>
[2024-07-25T16:22:30.128-0300] {taskinstance.py:2076} INFO - Dependencies all met for dep_context=requeueable deps ti=<TaskInstance: Mercado_5m.get_5m_info scheduled__2024-07-25T00:40:00+00:00 [queued]>
[2024-07-25T16:22:30.129-0300] {taskinstance.py:2306} INFO - Starting attempt 1 of 1
[2024-07-25T16:22:30.150-0300] {taskinstance.py:2330} INFO - Executing <Task(PythonOperator): get_5m_info> on 2024-07-25 00:40:00+00:00
[2024-07-25T16:22:30.152-0300] {standard_task_runner.py:64} INFO - Started process 2665544 to run task
[2024-07-25T16:22:30.154-0300] {standard_task_runner.py:90} INFO - Running: ['airflow', 'tasks', 'run', 'Mercado_5m', 'get_5m_info', 'scheduled__2024-07-25T00:40:00+00:00', '--job-id', '2350', '--raw', '--subdir', 'DAGS_FOLDER/mercado_dag.py', '--cfg-path', '/tmp/tmpstj1geoe']
[2024-07-25T16:22:30.155-0300] {standard_task_runner.py:91} INFO - Job 2350: Subtask get_5m_info
[2024-07-25T16:22:30.183-0300] {task_command.py:426} INFO - Running <TaskInstance: Mercado_5m.get_5m_info scheduled__2024-07-25T00:40:00+00:00 [running]> on host Galaxybook.
[2024-07-25T16:22:30.235-0300] {taskinstance.py:2648} INFO - Exporting env vars: AIRFLOW_CTX_DAG_OWNER='airflow' AIRFLOW_CTX_DAG_ID='Mercado_5m' AIRFLOW_CTX_TASK_ID='get_5m_info' AIRFLOW_CTX_EXECUTION_DATE='2024-07-25T00:40:00+00:00' AIRFLOW_CTX_TRY_NUMBER='1' AIRFLOW_CTX_DAG_RUN_ID='scheduled__2024-07-25T00:40:00+00:00'
[2024-07-25T16:22:30.236-0300] {taskinstance.py:430} INFO - ::endgroup::
[2024-07-25T16:22:30.244-0300] {mercado_dag.py:22} INFO - To: 2024-07-25 00:45:00+00:00
[2024-07-25T16:22:30.244-0300] {mercado_dag.py:23} INFO - From: 2024-07-25 00:40:00+00:00
[2024-07-25T16:22:30.244-0300] {mercado_dag.py:24} INFO - To timestamp: 1721868300 
[2024-07-25T16:22:30.245-0300] {mercado_dag.py:25} INFO - From timestamp: 1721868000 
[2024-07-25T16:22:30.308-0300] {base.py:84} INFO - Using connection ID 'mercado_default' for task execution.
[2024-07-25T16:22:30.309-0300] {mercado_hook.py:31} INFO - URL: https://api.mercadobitcoin.net/api/v4/candles?symbol=BTC-BRL&resolution=5m&to=1721868300&from=1721868000
[2024-07-25T16:22:30.582-0300] {python.py:237} INFO - Done. Returned value was: None
[2024-07-25T16:22:30.582-0300] {taskinstance.py:441} INFO - ::group::Post task execution logs
[2024-07-25T16:22:30.585-0300] {taskinstance.py:1206} INFO - Marking task as SUCCESS. dag_id=Mercado_5m, task_id=get_5m_info, run_id=scheduled__2024-07-25T00:40:00+00:00, execution_date=20240725T004000, start_date=20240725T192230, end_date=20240725T192230
[2024-07-25T16:22:30.611-0300] {local_task_job_runner.py:243} INFO - Task exited with return code 0
[2024-07-25T16:22:30.617-0300] {taskinstance.py:3503} INFO - 0 downstream tasks scheduled from follow-on schedule check
[2024-07-25T16:22:30.618-0300] {local_task_job_runner.py:222} INFO - ::endgroup::
[2024-07-25T16:25:22.235-0300] {local_task_job_runner.py:120} INFO - ::group::Pre task execution logs
[2024-07-25T16:25:22.241-0300] {taskinstance.py:2076} INFO - Dependencies all met for dep_context=non-requeueable deps ti=<TaskInstance: Mercado_5m.get_5m_info scheduled__2024-07-25T00:40:00+00:00 [queued]>
[2024-07-25T16:25:22.244-0300] {taskinstance.py:2076} INFO - Dependencies all met for dep_context=requeueable deps ti=<TaskInstance: Mercado_5m.get_5m_info scheduled__2024-07-25T00:40:00+00:00 [queued]>
[2024-07-25T16:25:22.244-0300] {taskinstance.py:2306} INFO - Starting attempt 1 of 1
[2024-07-25T16:25:22.263-0300] {taskinstance.py:2330} INFO - Executing <Task(PythonOperator): get_5m_info> on 2024-07-25 00:40:00+00:00
[2024-07-25T16:25:22.266-0300] {standard_task_runner.py:64} INFO - Started process 2668390 to run task
[2024-07-25T16:25:22.268-0300] {standard_task_runner.py:90} INFO - Running: ['airflow', 'tasks', 'run', 'Mercado_5m', 'get_5m_info', 'scheduled__2024-07-25T00:40:00+00:00', '--job-id', '2428', '--raw', '--subdir', 'DAGS_FOLDER/mercado_dag.py', '--cfg-path', '/tmp/tmp9vphikhw']
[2024-07-25T16:25:22.269-0300] {standard_task_runner.py:91} INFO - Job 2428: Subtask get_5m_info
[2024-07-25T16:25:22.303-0300] {task_command.py:426} INFO - Running <TaskInstance: Mercado_5m.get_5m_info scheduled__2024-07-25T00:40:00+00:00 [running]> on host Galaxybook.
[2024-07-25T16:25:22.362-0300] {taskinstance.py:2648} INFO - Exporting env vars: AIRFLOW_CTX_DAG_OWNER='airflow' AIRFLOW_CTX_DAG_ID='Mercado_5m' AIRFLOW_CTX_TASK_ID='get_5m_info' AIRFLOW_CTX_EXECUTION_DATE='2024-07-25T00:40:00+00:00' AIRFLOW_CTX_TRY_NUMBER='1' AIRFLOW_CTX_DAG_RUN_ID='scheduled__2024-07-25T00:40:00+00:00'
[2024-07-25T16:25:22.362-0300] {taskinstance.py:430} INFO - ::endgroup::
[2024-07-25T16:25:22.370-0300] {mercado_dag.py:22} INFO - To: 2024-07-25 00:45:00+00:00
[2024-07-25T16:25:22.370-0300] {mercado_dag.py:23} INFO - From: 2024-07-25 00:40:00+00:00
[2024-07-25T16:25:22.370-0300] {mercado_dag.py:24} INFO - To timestamp: 1721868300000 
[2024-07-25T16:25:22.370-0300] {mercado_dag.py:25} INFO - From timestamp: 1721868000000 
[2024-07-25T16:25:22.445-0300] {base.py:84} INFO - Using connection ID 'mercado_default' for task execution.
[2024-07-25T16:25:22.446-0300] {mercado_hook.py:31} INFO - URL: https://api.mercadobitcoin.net/api/v4/candles?symbol=BTC-BRL&resolution=5m&to=1721868300000&from=1721868000000
[2024-07-25T16:25:22.745-0300] {python.py:237} INFO - Done. Returned value was: None
[2024-07-25T16:25:22.746-0300] {taskinstance.py:441} INFO - ::group::Post task execution logs
[2024-07-25T16:25:22.748-0300] {taskinstance.py:1206} INFO - Marking task as SUCCESS. dag_id=Mercado_5m, task_id=get_5m_info, run_id=scheduled__2024-07-25T00:40:00+00:00, execution_date=20240725T004000, start_date=20240725T192522, end_date=20240725T192522
[2024-07-25T16:25:22.766-0300] {local_task_job_runner.py:243} INFO - Task exited with return code 0
[2024-07-25T16:25:22.774-0300] {taskinstance.py:3503} INFO - 0 downstream tasks scheduled from follow-on schedule check
[2024-07-25T16:25:22.775-0300] {local_task_job_runner.py:222} INFO - ::endgroup::
