[2024-07-25T14:55:58.191-0300] {local_task_job_runner.py:120} INFO - ::group::Pre task execution logs
[2024-07-25T14:55:58.196-0300] {taskinstance.py:2076} INFO - Dependencies all met for dep_context=non-requeueable deps ti=<TaskInstance: Mercado_5m.get_5m_info scheduled__2024-07-25T02:30:00+00:00 [queued]>
[2024-07-25T14:55:58.200-0300] {taskinstance.py:2076} INFO - Dependencies all met for dep_context=requeueable deps ti=<TaskInstance: Mercado_5m.get_5m_info scheduled__2024-07-25T02:30:00+00:00 [queued]>
[2024-07-25T14:55:58.200-0300] {taskinstance.py:2306} INFO - Starting attempt 1 of 1
[2024-07-25T14:55:58.214-0300] {taskinstance.py:2330} INFO - Executing <Task(PythonOperator): get_5m_info> on 2024-07-25 02:30:00+00:00
[2024-07-25T14:55:58.216-0300] {standard_task_runner.py:64} INFO - Started process 2615405 to run task
[2024-07-25T14:55:58.218-0300] {standard_task_runner.py:90} INFO - Running: ['airflow', 'tasks', 'run', 'Mercado_5m', 'get_5m_info', 'scheduled__2024-07-25T02:30:00+00:00', '--job-id', '2341', '--raw', '--subdir', 'DAGS_FOLDER/mercado_dag.py', '--cfg-path', '/tmp/tmpallgp0b6']
[2024-07-25T14:55:58.219-0300] {standard_task_runner.py:91} INFO - Job 2341: Subtask get_5m_info
[2024-07-25T14:55:58.243-0300] {task_command.py:426} INFO - Running <TaskInstance: Mercado_5m.get_5m_info scheduled__2024-07-25T02:30:00+00:00 [running]> on host Galaxybook.
[2024-07-25T14:55:58.297-0300] {taskinstance.py:2648} INFO - Exporting env vars: AIRFLOW_CTX_DAG_OWNER='airflow' AIRFLOW_CTX_DAG_ID='Mercado_5m' AIRFLOW_CTX_TASK_ID='get_5m_info' AIRFLOW_CTX_EXECUTION_DATE='2024-07-25T02:30:00+00:00' AIRFLOW_CTX_TRY_NUMBER='1' AIRFLOW_CTX_DAG_RUN_ID='scheduled__2024-07-25T02:30:00+00:00'
[2024-07-25T14:55:58.297-0300] {taskinstance.py:430} INFO - ::endgroup::
[2024-07-25T14:55:58.361-0300] {base.py:84} INFO - Using connection ID 'mercado_default' for task execution.
[2024-07-25T14:55:58.361-0300] {mercado_hook.py:31} INFO - URL: https://api.mercadobitcoin.net/api/v4/candles?symbol=BTC-BRL&resolution=5m&to=1721885700&from=1721885400
[2024-07-25T14:55:58.637-0300] {python.py:237} INFO - Done. Returned value was: None
[2024-07-25T14:55:58.638-0300] {taskinstance.py:441} INFO - ::group::Post task execution logs
[2024-07-25T14:55:58.642-0300] {taskinstance.py:1206} INFO - Marking task as SUCCESS. dag_id=Mercado_5m, task_id=get_5m_info, run_id=scheduled__2024-07-25T02:30:00+00:00, execution_date=20240725T023000, start_date=20240725T175558, end_date=20240725T175558
[2024-07-25T14:55:58.680-0300] {local_task_job_runner.py:243} INFO - Task exited with return code 0
[2024-07-25T14:55:58.687-0300] {taskinstance.py:3503} INFO - 0 downstream tasks scheduled from follow-on schedule check
[2024-07-25T14:55:58.688-0300] {local_task_job_runner.py:222} INFO - ::endgroup::
[2024-07-25T16:19:52.582-0300] {local_task_job_runner.py:120} INFO - ::group::Pre task execution logs
[2024-07-25T16:19:52.587-0300] {taskinstance.py:2076} INFO - Dependencies all met for dep_context=non-requeueable deps ti=<TaskInstance: Mercado_5m.get_5m_info scheduled__2024-07-25T02:30:00+00:00 [queued]>
[2024-07-25T16:19:52.590-0300] {taskinstance.py:2076} INFO - Dependencies all met for dep_context=requeueable deps ti=<TaskInstance: Mercado_5m.get_5m_info scheduled__2024-07-25T02:30:00+00:00 [queued]>
[2024-07-25T16:19:52.591-0300] {taskinstance.py:2306} INFO - Starting attempt 1 of 1
[2024-07-25T16:19:52.605-0300] {taskinstance.py:2330} INFO - Executing <Task(PythonOperator): get_5m_info> on 2024-07-25 02:30:00+00:00
[2024-07-25T16:19:52.606-0300] {standard_task_runner.py:64} INFO - Started process 2662868 to run task
[2024-07-25T16:19:52.609-0300] {standard_task_runner.py:90} INFO - Running: ['airflow', 'tasks', 'run', 'Mercado_5m', 'get_5m_info', 'scheduled__2024-07-25T02:30:00+00:00', '--job-id', '2270', '--raw', '--subdir', 'DAGS_FOLDER/mercado_dag.py', '--cfg-path', '/tmp/tmp_f7j3r64']
[2024-07-25T16:19:52.610-0300] {standard_task_runner.py:91} INFO - Job 2270: Subtask get_5m_info
[2024-07-25T16:19:52.640-0300] {task_command.py:426} INFO - Running <TaskInstance: Mercado_5m.get_5m_info scheduled__2024-07-25T02:30:00+00:00 [running]> on host Galaxybook.
[2024-07-25T16:19:52.695-0300] {taskinstance.py:2648} INFO - Exporting env vars: AIRFLOW_CTX_DAG_OWNER='airflow' AIRFLOW_CTX_DAG_ID='Mercado_5m' AIRFLOW_CTX_TASK_ID='get_5m_info' AIRFLOW_CTX_EXECUTION_DATE='2024-07-25T02:30:00+00:00' AIRFLOW_CTX_TRY_NUMBER='1' AIRFLOW_CTX_DAG_RUN_ID='scheduled__2024-07-25T02:30:00+00:00'
[2024-07-25T16:19:52.695-0300] {taskinstance.py:430} INFO - ::endgroup::
[2024-07-25T16:19:52.703-0300] {mercado_dag.py:22} INFO - To: 2024-07-25 02:35:00+00:00
[2024-07-25T16:19:52.703-0300] {mercado_dag.py:23} INFO - From: 2024-07-25 02:30:00+00:00
[2024-07-25T16:19:52.703-0300] {mercado_dag.py:24} INFO - To timestamp: 1721874900 
[2024-07-25T16:19:52.703-0300] {mercado_dag.py:25} INFO - From timestamp: 1721874600 
[2024-07-25T16:19:52.769-0300] {base.py:84} INFO - Using connection ID 'mercado_default' for task execution.
[2024-07-25T16:19:52.770-0300] {mercado_hook.py:31} INFO - URL: https://api.mercadobitcoin.net/api/v4/candles?symbol=BTC-BRL&resolution=5m&to=1721874900&from=1721874600
[2024-07-25T16:19:53.038-0300] {python.py:237} INFO - Done. Returned value was: None
[2024-07-25T16:19:53.038-0300] {taskinstance.py:441} INFO - ::group::Post task execution logs
[2024-07-25T16:19:53.041-0300] {taskinstance.py:1206} INFO - Marking task as SUCCESS. dag_id=Mercado_5m, task_id=get_5m_info, run_id=scheduled__2024-07-25T02:30:00+00:00, execution_date=20240725T023000, start_date=20240725T191952, end_date=20240725T191953
[2024-07-25T16:19:53.072-0300] {local_task_job_runner.py:243} INFO - Task exited with return code 0
[2024-07-25T16:19:53.079-0300] {taskinstance.py:3503} INFO - 0 downstream tasks scheduled from follow-on schedule check
[2024-07-25T16:19:53.079-0300] {local_task_job_runner.py:222} INFO - ::endgroup::
[2024-07-25T16:23:55.780-0300] {local_task_job_runner.py:120} INFO - ::group::Pre task execution logs
[2024-07-25T16:23:55.786-0300] {taskinstance.py:2076} INFO - Dependencies all met for dep_context=non-requeueable deps ti=<TaskInstance: Mercado_5m.get_5m_info scheduled__2024-07-25T02:30:00+00:00 [queued]>
[2024-07-25T16:23:55.790-0300] {taskinstance.py:2076} INFO - Dependencies all met for dep_context=requeueable deps ti=<TaskInstance: Mercado_5m.get_5m_info scheduled__2024-07-25T02:30:00+00:00 [queued]>
[2024-07-25T16:23:55.790-0300] {taskinstance.py:2306} INFO - Starting attempt 1 of 1
[2024-07-25T16:23:55.805-0300] {taskinstance.py:2330} INFO - Executing <Task(PythonOperator): get_5m_info> on 2024-07-25 02:30:00+00:00
[2024-07-25T16:23:55.808-0300] {standard_task_runner.py:64} INFO - Started process 2666986 to run task
[2024-07-25T16:23:55.810-0300] {standard_task_runner.py:90} INFO - Running: ['airflow', 'tasks', 'run', 'Mercado_5m', 'get_5m_info', 'scheduled__2024-07-25T02:30:00+00:00', '--job-id', '2393', '--raw', '--subdir', 'DAGS_FOLDER/mercado_dag.py', '--cfg-path', '/tmp/tmpk3p0yryz']
[2024-07-25T16:23:55.811-0300] {standard_task_runner.py:91} INFO - Job 2393: Subtask get_5m_info
[2024-07-25T16:23:55.841-0300] {task_command.py:426} INFO - Running <TaskInstance: Mercado_5m.get_5m_info scheduled__2024-07-25T02:30:00+00:00 [running]> on host Galaxybook.
[2024-07-25T16:23:55.903-0300] {taskinstance.py:2648} INFO - Exporting env vars: AIRFLOW_CTX_DAG_OWNER='airflow' AIRFLOW_CTX_DAG_ID='Mercado_5m' AIRFLOW_CTX_TASK_ID='get_5m_info' AIRFLOW_CTX_EXECUTION_DATE='2024-07-25T02:30:00+00:00' AIRFLOW_CTX_TRY_NUMBER='1' AIRFLOW_CTX_DAG_RUN_ID='scheduled__2024-07-25T02:30:00+00:00'
[2024-07-25T16:23:55.903-0300] {taskinstance.py:430} INFO - ::endgroup::
[2024-07-25T16:23:55.912-0300] {mercado_dag.py:22} INFO - To: 2024-07-25 02:35:00+00:00
[2024-07-25T16:23:55.912-0300] {mercado_dag.py:23} INFO - From: 2024-07-25 02:30:00+00:00
[2024-07-25T16:23:55.912-0300] {mercado_dag.py:24} INFO - To timestamp: 1721874900000 
[2024-07-25T16:23:55.912-0300] {mercado_dag.py:25} INFO - From timestamp: 1721874600000 
[2024-07-25T16:23:55.989-0300] {base.py:84} INFO - Using connection ID 'mercado_default' for task execution.
[2024-07-25T16:23:55.990-0300] {mercado_hook.py:31} INFO - URL: https://api.mercadobitcoin.net/api/v4/candles?symbol=BTC-BRL&resolution=5m&to=1721874900000&from=1721874600000
[2024-07-25T16:23:56.333-0300] {python.py:237} INFO - Done. Returned value was: None
[2024-07-25T16:23:56.334-0300] {taskinstance.py:441} INFO - ::group::Post task execution logs
[2024-07-25T16:23:56.337-0300] {taskinstance.py:1206} INFO - Marking task as SUCCESS. dag_id=Mercado_5m, task_id=get_5m_info, run_id=scheduled__2024-07-25T02:30:00+00:00, execution_date=20240725T023000, start_date=20240725T192355, end_date=20240725T192356
[2024-07-25T16:23:56.393-0300] {local_task_job_runner.py:243} INFO - Task exited with return code 0
[2024-07-25T16:23:56.403-0300] {taskinstance.py:3503} INFO - 0 downstream tasks scheduled from follow-on schedule check
[2024-07-25T16:23:56.403-0300] {local_task_job_runner.py:222} INFO - ::endgroup::
[2024-07-25T16:26:09.232-0300] {local_task_job_runner.py:120} INFO - ::group::Pre task execution logs
[2024-07-25T16:26:09.239-0300] {taskinstance.py:2076} INFO - Dependencies all met for dep_context=non-requeueable deps ti=<TaskInstance: Mercado_5m.get_5m_info scheduled__2024-07-25T02:30:00+00:00 [queued]>
[2024-07-25T16:26:09.243-0300] {taskinstance.py:2076} INFO - Dependencies all met for dep_context=requeueable deps ti=<TaskInstance: Mercado_5m.get_5m_info scheduled__2024-07-25T02:30:00+00:00 [queued]>
[2024-07-25T16:26:09.243-0300] {taskinstance.py:2306} INFO - Starting attempt 1 of 1
[2024-07-25T16:26:09.260-0300] {taskinstance.py:2330} INFO - Executing <Task(PythonOperator): get_5m_info> on 2024-07-25 02:30:00+00:00
[2024-07-25T16:26:09.263-0300] {standard_task_runner.py:64} INFO - Started process 2669193 to run task
[2024-07-25T16:26:09.266-0300] {standard_task_runner.py:90} INFO - Running: ['airflow', 'tasks', 'run', 'Mercado_5m', 'get_5m_info', 'scheduled__2024-07-25T02:30:00+00:00', '--job-id', '2450', '--raw', '--subdir', 'DAGS_FOLDER/mercado_dag.py', '--cfg-path', '/tmp/tmpj8mrfi4f']
[2024-07-25T16:26:09.267-0300] {standard_task_runner.py:91} INFO - Job 2450: Subtask get_5m_info
[2024-07-25T16:26:09.297-0300] {task_command.py:426} INFO - Running <TaskInstance: Mercado_5m.get_5m_info scheduled__2024-07-25T02:30:00+00:00 [running]> on host Galaxybook.
[2024-07-25T16:26:09.355-0300] {taskinstance.py:2648} INFO - Exporting env vars: AIRFLOW_CTX_DAG_OWNER='airflow' AIRFLOW_CTX_DAG_ID='Mercado_5m' AIRFLOW_CTX_TASK_ID='get_5m_info' AIRFLOW_CTX_EXECUTION_DATE='2024-07-25T02:30:00+00:00' AIRFLOW_CTX_TRY_NUMBER='1' AIRFLOW_CTX_DAG_RUN_ID='scheduled__2024-07-25T02:30:00+00:00'
[2024-07-25T16:26:09.355-0300] {taskinstance.py:430} INFO - ::endgroup::
[2024-07-25T16:26:09.363-0300] {mercado_dag.py:22} INFO - To: 2024-07-25 02:35:00+00:00
[2024-07-25T16:26:09.363-0300] {mercado_dag.py:23} INFO - From: 2024-07-25 02:30:00+00:00
[2024-07-25T16:26:09.364-0300] {mercado_dag.py:24} INFO - To timestamp: 1721874900000 
[2024-07-25T16:26:09.364-0300] {mercado_dag.py:25} INFO - From timestamp: 1721874600000 
[2024-07-25T16:26:09.423-0300] {base.py:84} INFO - Using connection ID 'mercado_default' for task execution.
[2024-07-25T16:26:09.424-0300] {mercado_hook.py:31} INFO - URL: https://api.mercadobitcoin.net/api/v4/candles?symbol=BTC-BRL&resolution=5m&to=1721874900000&from=1721874600000
[2024-07-25T16:26:09.728-0300] {python.py:237} INFO - Done. Returned value was: None
[2024-07-25T16:26:09.729-0300] {taskinstance.py:441} INFO - ::group::Post task execution logs
[2024-07-25T16:26:09.731-0300] {taskinstance.py:1206} INFO - Marking task as SUCCESS. dag_id=Mercado_5m, task_id=get_5m_info, run_id=scheduled__2024-07-25T02:30:00+00:00, execution_date=20240725T023000, start_date=20240725T192609, end_date=20240725T192609
[2024-07-25T16:26:09.765-0300] {local_task_job_runner.py:243} INFO - Task exited with return code 0
[2024-07-25T16:26:09.772-0300] {taskinstance.py:3503} INFO - 0 downstream tasks scheduled from follow-on schedule check
[2024-07-25T16:26:09.772-0300] {local_task_job_runner.py:222} INFO - ::endgroup::
