[2024-07-25T12:20:02.148-0300] {local_task_job_runner.py:120} INFO - ::group::Pre task execution logs
[2024-07-25T12:20:02.156-0300] {taskinstance.py:2076} INFO - Dependencies all met for dep_context=non-requeueable deps ti=<TaskInstance: Binance_5m.get_5m_info scheduled__2024-07-25T15:15:00+00:00 [queued]>
[2024-07-25T12:20:02.161-0300] {taskinstance.py:2076} INFO - Dependencies all met for dep_context=requeueable deps ti=<TaskInstance: Binance_5m.get_5m_info scheduled__2024-07-25T15:15:00+00:00 [queued]>
[2024-07-25T12:20:02.161-0300] {taskinstance.py:2306} INFO - Starting attempt 1 of 1
[2024-07-25T12:20:02.183-0300] {taskinstance.py:2330} INFO - Executing <Task(BinanceOperator): get_5m_info> on 2024-07-25 15:15:00+00:00
[2024-07-25T12:20:02.185-0300] {standard_task_runner.py:64} INFO - Started process 2527641 to run task
[2024-07-25T12:20:02.188-0300] {standard_task_runner.py:90} INFO - Running: ['airflow', 'tasks', 'run', 'Binance_5m', 'get_5m_info', 'scheduled__2024-07-25T15:15:00+00:00', '--job-id', '2056', '--raw', '--subdir', 'DAGS_FOLDER/binance_dag.py', '--cfg-path', '/tmp/tmp5ulx9z43']
[2024-07-25T12:20:02.191-0300] {standard_task_runner.py:91} INFO - Job 2056: Subtask get_5m_info
[2024-07-25T12:20:02.228-0300] {task_command.py:426} INFO - Running <TaskInstance: Binance_5m.get_5m_info scheduled__2024-07-25T15:15:00+00:00 [running]> on host Galaxybook.
[2024-07-25T12:20:02.298-0300] {taskinstance.py:2648} INFO - Exporting env vars: AIRFLOW_CTX_DAG_OWNER='airflow' AIRFLOW_CTX_DAG_ID='Binance_5m' AIRFLOW_CTX_TASK_ID='get_5m_info' AIRFLOW_CTX_EXECUTION_DATE='2024-07-25T15:15:00+00:00' AIRFLOW_CTX_TRY_NUMBER='1' AIRFLOW_CTX_DAG_RUN_ID='scheduled__2024-07-25T15:15:00+00:00'
[2024-07-25T12:20:02.298-0300] {taskinstance.py:430} INFO - ::endgroup::
[2024-07-25T12:20:02.429-0300] {base.py:84} INFO - Using connection ID 'binance_default' for task execution.
[2024-07-25T12:20:02.429-0300] {logging_mixin.py:188} INFO - https://api.binance.com
[2024-07-25T12:20:02.429-0300] {binance_hook.py:35} INFO - URL: https://api.binance.com/api/v3/klines?symbol=BTCBRL&interval=5m&startTime=2024-07-25T15%3A15%3A00.00Z&endTime=2024-07-25T15%3A20%3A00.00Z&timeZone=-3
[2024-07-25T12:20:02.861-0300] {http.py:200} ERROR - HTTP error: Bad Request
[2024-07-25T12:20:02.861-0300] {http.py:201} ERROR - {"code":-1100,"msg":"Illegal characters found in parameter 'startTime'; legal range is '^[0-9]{1,20}$'."}
[2024-07-25T12:20:02.861-0300] {taskinstance.py:441} INFO - ::group::Post task execution logs
[2024-07-25T12:20:02.864-0300] {taskinstance.py:2905} ERROR - Task failed with exception
Traceback (most recent call last):
  File "/home/hugoviana/Documentos/data_pipeline_airflow/.venv/lib/python3.12/site-packages/airflow/providers/http/hooks/http.py", line 198, in check_response
    response.raise_for_status()
  File "/home/hugoviana/Documentos/data_pipeline_airflow/.venv/lib/python3.12/site-packages/requests/models.py", line 1021, in raise_for_status
    raise HTTPError(http_error_msg, response=self)
requests.exceptions.HTTPError: 400 Client Error: Bad Request for url: https://api.binance.com/api/v3/klines?symbol=BTCBRL&interval=5m&startTime=2024-07-25T15%3A15%3A00.00Z&endTime=2024-07-25T15%3A20%3A00.00Z&timeZone=-3

During handling of the above exception, another exception occurred:

Traceback (most recent call last):
  File "/home/hugoviana/Documentos/data_pipeline_airflow/.venv/lib/python3.12/site-packages/airflow/models/taskinstance.py", line 465, in _execute_task
    result = _execute_callable(context=context, **execute_callable_kwargs)
             ^^^^^^^^^^^^^^^^^^^^^^^^^^^^^^^^^^^^^^^^^^^^^^^^^^^^^^^^^^^^^
  File "/home/hugoviana/Documentos/data_pipeline_airflow/.venv/lib/python3.12/site-packages/airflow/models/taskinstance.py", line 432, in _execute_callable
    return execute_callable(context=context, **execute_callable_kwargs)
           ^^^^^^^^^^^^^^^^^^^^^^^^^^^^^^^^^^^^^^^^^^^^^^^^^^^^^^^^^^^^
  File "/home/hugoviana/Documentos/data_pipeline_airflow/.venv/lib/python3.12/site-packages/airflow/models/baseoperator.py", line 401, in wrapper
    return func(self, *args, **kwargs)
           ^^^^^^^^^^^^^^^^^^^^^^^^^^^
  File "/home/hugoviana/Projetos/crypto-etl/airflow_pipeline/operators/binance_operator.py", line 28, in execute
    r = BinanceHook(self.start_time, self.end_time, self.symbol, self.interval).run()
        ^^^^^^^^^^^^^^^^^^^^^^^^^^^^^^^^^^^^^^^^^^^^^^^^^^^^^^^^^^^^^^^^^^^^^^^^^^^^^
  File "/home/hugoviana/Projetos/crypto-etl/airflow_pipeline/hook/binance_hook.py", line 42, in run
    return self.connect_to_endpoint(url_raw, session)
           ^^^^^^^^^^^^^^^^^^^^^^^^^^^^^^^^^^^^^^^^^^
  File "/home/hugoviana/Projetos/crypto-etl/airflow_pipeline/hook/binance_hook.py", line 36, in connect_to_endpoint
    return self.run_and_check(session, prep, {})
           ^^^^^^^^^^^^^^^^^^^^^^^^^^^^^^^^^^^^^
  File "/home/hugoviana/Documentos/data_pipeline_airflow/.venv/lib/python3.12/site-packages/airflow/providers/http/hooks/http.py", line 239, in run_and_check
    self.check_response(response)
  File "/home/hugoviana/Documentos/data_pipeline_airflow/.venv/lib/python3.12/site-packages/airflow/providers/http/hooks/http.py", line 202, in check_response
    raise AirflowException(str(response.status_code) + ":" + response.reason)
airflow.exceptions.AirflowException: 400:Bad Request
[2024-07-25T12:20:02.867-0300] {taskinstance.py:1206} INFO - Marking task as FAILED. dag_id=Binance_5m, task_id=get_5m_info, run_id=scheduled__2024-07-25T15:15:00+00:00, execution_date=20240725T151500, start_date=20240725T152002, end_date=20240725T152002
[2024-07-25T12:20:02.884-0300] {standard_task_runner.py:110} ERROR - Failed to execute job 2056 for task get_5m_info (400:Bad Request; 2527641)
[2024-07-25T12:20:02.890-0300] {local_task_job_runner.py:243} INFO - Task exited with return code 1
[2024-07-25T12:20:02.896-0300] {taskinstance.py:3503} INFO - 0 downstream tasks scheduled from follow-on schedule check
[2024-07-25T12:20:02.897-0300] {local_task_job_runner.py:222} INFO - ::endgroup::
[2024-07-25T14:29:22.427-0300] {local_task_job_runner.py:120} INFO - ::group::Pre task execution logs
[2024-07-25T14:29:22.436-0300] {taskinstance.py:2076} INFO - Dependencies all met for dep_context=non-requeueable deps ti=<TaskInstance: Binance_5m.get_5m_info scheduled__2024-07-25T15:15:00+00:00 [queued]>
[2024-07-25T14:29:22.443-0300] {taskinstance.py:2076} INFO - Dependencies all met for dep_context=requeueable deps ti=<TaskInstance: Binance_5m.get_5m_info scheduled__2024-07-25T15:15:00+00:00 [queued]>
[2024-07-25T14:29:22.443-0300] {taskinstance.py:2306} INFO - Starting attempt 1 of 1
[2024-07-25T14:29:22.455-0300] {taskinstance.py:2330} INFO - Executing <Task(PythonOperator): get_5m_info> on 2024-07-25 15:15:00+00:00
[2024-07-25T14:29:22.457-0300] {standard_task_runner.py:64} INFO - Started process 2592206 to run task
[2024-07-25T14:29:22.459-0300] {standard_task_runner.py:90} INFO - Running: ['airflow', 'tasks', 'run', 'Binance_5m', 'get_5m_info', 'scheduled__2024-07-25T15:15:00+00:00', '--job-id', '2156', '--raw', '--subdir', 'DAGS_FOLDER/binance_dag.py', '--cfg-path', '/tmp/tmpvb81g1pi']
[2024-07-25T14:29:22.460-0300] {standard_task_runner.py:91} INFO - Job 2156: Subtask get_5m_info
[2024-07-25T14:29:22.489-0300] {task_command.py:426} INFO - Running <TaskInstance: Binance_5m.get_5m_info scheduled__2024-07-25T15:15:00+00:00 [running]> on host Galaxybook.
[2024-07-25T14:29:22.550-0300] {taskinstance.py:2648} INFO - Exporting env vars: AIRFLOW_CTX_DAG_OWNER='airflow' AIRFLOW_CTX_DAG_ID='Binance_5m' AIRFLOW_CTX_TASK_ID='get_5m_info' AIRFLOW_CTX_EXECUTION_DATE='2024-07-25T15:15:00+00:00' AIRFLOW_CTX_TRY_NUMBER='1' AIRFLOW_CTX_DAG_RUN_ID='scheduled__2024-07-25T15:15:00+00:00'
[2024-07-25T14:29:22.551-0300] {taskinstance.py:430} INFO - ::endgroup::
[2024-07-25T14:29:22.560-0300] {binance_dag.py:23} INFO - End Time: 2024-07-25T15:20:00.00Z
[2024-07-25T14:29:22.621-0300] {base.py:84} INFO - Using connection ID 'binance_default' for task execution.
[2024-07-25T14:29:22.622-0300] {logging_mixin.py:188} INFO - https://api.binance.com
[2024-07-25T14:29:22.622-0300] {binance_hook.py:35} INFO - URL: https://api.binance.com/api/v3/klines?symbol=BTCBRL&interval=5m&startTime=1721931300000&endTime=1721931600000
[2024-07-25T14:29:23.019-0300] {python.py:237} INFO - Done. Returned value was: None
[2024-07-25T14:29:23.019-0300] {taskinstance.py:441} INFO - ::group::Post task execution logs
[2024-07-25T14:29:23.022-0300] {taskinstance.py:1206} INFO - Marking task as SUCCESS. dag_id=Binance_5m, task_id=get_5m_info, run_id=scheduled__2024-07-25T15:15:00+00:00, execution_date=20240725T151500, start_date=20240725T172922, end_date=20240725T172923
[2024-07-25T14:29:23.077-0300] {local_task_job_runner.py:243} INFO - Task exited with return code 0
[2024-07-25T14:29:23.093-0300] {taskinstance.py:3503} INFO - 0 downstream tasks scheduled from follow-on schedule check
[2024-07-25T14:29:23.093-0300] {local_task_job_runner.py:222} INFO - ::endgroup::
[2024-07-25T14:32:33.303-0300] {local_task_job_runner.py:120} INFO - ::group::Pre task execution logs
[2024-07-25T14:32:33.309-0300] {taskinstance.py:2076} INFO - Dependencies all met for dep_context=non-requeueable deps ti=<TaskInstance: Binance_5m.get_5m_info scheduled__2024-07-25T15:15:00+00:00 [queued]>
[2024-07-25T14:32:33.312-0300] {taskinstance.py:2076} INFO - Dependencies all met for dep_context=requeueable deps ti=<TaskInstance: Binance_5m.get_5m_info scheduled__2024-07-25T15:15:00+00:00 [queued]>
[2024-07-25T14:32:33.312-0300] {taskinstance.py:2306} INFO - Starting attempt 1 of 1
[2024-07-25T14:32:33.327-0300] {taskinstance.py:2330} INFO - Executing <Task(PythonOperator): get_5m_info> on 2024-07-25 15:15:00+00:00
[2024-07-25T14:32:33.329-0300] {standard_task_runner.py:64} INFO - Started process 2595406 to run task
[2024-07-25T14:32:33.331-0300] {standard_task_runner.py:90} INFO - Running: ['airflow', 'tasks', 'run', 'Binance_5m', 'get_5m_info', 'scheduled__2024-07-25T15:15:00+00:00', '--job-id', '2159', '--raw', '--subdir', 'DAGS_FOLDER/binance_dag.py', '--cfg-path', '/tmp/tmp6j8lh6ys']
[2024-07-25T14:32:33.332-0300] {standard_task_runner.py:91} INFO - Job 2159: Subtask get_5m_info
[2024-07-25T14:32:33.366-0300] {task_command.py:426} INFO - Running <TaskInstance: Binance_5m.get_5m_info scheduled__2024-07-25T15:15:00+00:00 [running]> on host Galaxybook.
[2024-07-25T14:32:33.417-0300] {taskinstance.py:2648} INFO - Exporting env vars: AIRFLOW_CTX_DAG_OWNER='airflow' AIRFLOW_CTX_DAG_ID='Binance_5m' AIRFLOW_CTX_TASK_ID='get_5m_info' AIRFLOW_CTX_EXECUTION_DATE='2024-07-25T15:15:00+00:00' AIRFLOW_CTX_TRY_NUMBER='1' AIRFLOW_CTX_DAG_RUN_ID='scheduled__2024-07-25T15:15:00+00:00'
[2024-07-25T14:32:33.417-0300] {taskinstance.py:430} INFO - ::endgroup::
[2024-07-25T14:32:33.425-0300] {binance_dag.py:23} INFO - End Time: 2024-07-25T15:20:00.00Z
[2024-07-25T14:32:33.480-0300] {base.py:84} INFO - Using connection ID 'binance_default' for task execution.
[2024-07-25T14:32:33.480-0300] {logging_mixin.py:188} INFO - https://api.binance.com
[2024-07-25T14:32:33.480-0300] {binance_hook.py:35} INFO - URL: https://api.binance.com/api/v3/klines?symbol=BTCBRL&interval=5m&startTime=1721931300000&endTime=1721931600000
[2024-07-25T14:32:33.876-0300] {binance_dag.py:42} INFO - []
[2024-07-25T14:32:33.878-0300] {python.py:237} INFO - Done. Returned value was: None
[2024-07-25T14:32:33.879-0300] {taskinstance.py:441} INFO - ::group::Post task execution logs
[2024-07-25T14:32:33.882-0300] {taskinstance.py:1206} INFO - Marking task as SUCCESS. dag_id=Binance_5m, task_id=get_5m_info, run_id=scheduled__2024-07-25T15:15:00+00:00, execution_date=20240725T151500, start_date=20240725T173233, end_date=20240725T173233
[2024-07-25T14:32:33.917-0300] {local_task_job_runner.py:243} INFO - Task exited with return code 0
[2024-07-25T14:32:33.924-0300] {taskinstance.py:3503} INFO - 0 downstream tasks scheduled from follow-on schedule check
[2024-07-25T14:32:33.924-0300] {local_task_job_runner.py:222} INFO - ::endgroup::
[2024-07-25T14:53:49.963-0300] {local_task_job_runner.py:120} INFO - ::group::Pre task execution logs
[2024-07-25T14:53:49.968-0300] {taskinstance.py:2076} INFO - Dependencies all met for dep_context=non-requeueable deps ti=<TaskInstance: Binance_5m.get_5m_info scheduled__2024-07-25T15:15:00+00:00 [queued]>
[2024-07-25T14:53:49.971-0300] {taskinstance.py:2076} INFO - Dependencies all met for dep_context=requeueable deps ti=<TaskInstance: Binance_5m.get_5m_info scheduled__2024-07-25T15:15:00+00:00 [queued]>
[2024-07-25T14:53:49.971-0300] {taskinstance.py:2306} INFO - Starting attempt 1 of 1
[2024-07-25T14:53:49.982-0300] {taskinstance.py:2330} INFO - Executing <Task(PythonOperator): get_5m_info> on 2024-07-25 15:15:00+00:00
[2024-07-25T14:53:49.984-0300] {standard_task_runner.py:64} INFO - Started process 2613215 to run task
[2024-07-25T14:53:49.986-0300] {standard_task_runner.py:90} INFO - Running: ['airflow', 'tasks', 'run', 'Binance_5m', 'get_5m_info', 'scheduled__2024-07-25T15:15:00+00:00', '--job-id', '2275', '--raw', '--subdir', 'DAGS_FOLDER/binance_dag.py', '--cfg-path', '/tmp/tmp1rbbya9u']
[2024-07-25T14:53:49.987-0300] {standard_task_runner.py:91} INFO - Job 2275: Subtask get_5m_info
[2024-07-25T14:53:50.010-0300] {task_command.py:426} INFO - Running <TaskInstance: Binance_5m.get_5m_info scheduled__2024-07-25T15:15:00+00:00 [running]> on host Galaxybook.
[2024-07-25T14:53:50.063-0300] {taskinstance.py:2648} INFO - Exporting env vars: AIRFLOW_CTX_DAG_OWNER='airflow' AIRFLOW_CTX_DAG_ID='Binance_5m' AIRFLOW_CTX_TASK_ID='get_5m_info' AIRFLOW_CTX_EXECUTION_DATE='2024-07-25T15:15:00+00:00' AIRFLOW_CTX_TRY_NUMBER='1' AIRFLOW_CTX_DAG_RUN_ID='scheduled__2024-07-25T15:15:00+00:00'
[2024-07-25T14:53:50.064-0300] {taskinstance.py:430} INFO - ::endgroup::
[2024-07-25T14:53:50.072-0300] {binance_dag.py:23} INFO - End Time: 2024-07-25T15:20:00.00Z
[2024-07-25T14:53:50.072-0300] {binance_dag.py:24} INFO - Start Time: 2024-07-25T15:15:00.00Z
[2024-07-25T14:53:50.128-0300] {base.py:84} INFO - Using connection ID 'binance_default' for task execution.
[2024-07-25T14:53:50.129-0300] {logging_mixin.py:188} INFO - https://api.binance.com
[2024-07-25T14:53:50.129-0300] {binance_hook.py:35} INFO - URL: https://api.binance.com/api/v3/klines?symbol=BTCBRL&interval=5m&startTime=1721931300000&endTime=1721931599999
[2024-07-25T14:53:50.522-0300] {binance_dag.py:43} INFO - r: []
[2024-07-25T14:53:50.524-0300] {python.py:237} INFO - Done. Returned value was: None
[2024-07-25T14:53:50.525-0300] {taskinstance.py:441} INFO - ::group::Post task execution logs
[2024-07-25T14:53:50.528-0300] {taskinstance.py:1206} INFO - Marking task as SUCCESS. dag_id=Binance_5m, task_id=get_5m_info, run_id=scheduled__2024-07-25T15:15:00+00:00, execution_date=20240725T151500, start_date=20240725T175349, end_date=20240725T175350
[2024-07-25T14:53:50.571-0300] {local_task_job_runner.py:243} INFO - Task exited with return code 0
[2024-07-25T14:53:50.579-0300] {taskinstance.py:3503} INFO - 0 downstream tasks scheduled from follow-on schedule check
[2024-07-25T14:53:50.580-0300] {local_task_job_runner.py:222} INFO - ::endgroup::
[2024-07-25T15:23:38.048-0300] {local_task_job_runner.py:120} INFO - ::group::Pre task execution logs
[2024-07-25T15:23:38.054-0300] {taskinstance.py:2076} INFO - Dependencies all met for dep_context=non-requeueable deps ti=<TaskInstance: Binance_5m.get_5m_info scheduled__2024-07-25T15:15:00+00:00 [queued]>
[2024-07-25T15:23:38.058-0300] {taskinstance.py:2076} INFO - Dependencies all met for dep_context=requeueable deps ti=<TaskInstance: Binance_5m.get_5m_info scheduled__2024-07-25T15:15:00+00:00 [queued]>
[2024-07-25T15:23:38.058-0300] {taskinstance.py:2306} INFO - Starting attempt 1 of 1
[2024-07-25T15:23:38.070-0300] {taskinstance.py:2330} INFO - Executing <Task(PythonOperator): get_5m_info> on 2024-07-25 15:15:00+00:00
[2024-07-25T15:23:38.072-0300] {standard_task_runner.py:64} INFO - Started process 2635335 to run task
[2024-07-25T15:23:38.074-0300] {standard_task_runner.py:90} INFO - Running: ['airflow', 'tasks', 'run', 'Binance_5m', 'get_5m_info', 'scheduled__2024-07-25T15:15:00+00:00', '--job-id', '2718', '--raw', '--subdir', 'DAGS_FOLDER/binance_dag.py', '--cfg-path', '/tmp/tmpz6nznn3l']
[2024-07-25T15:23:38.075-0300] {standard_task_runner.py:91} INFO - Job 2718: Subtask get_5m_info
[2024-07-25T15:23:38.104-0300] {task_command.py:426} INFO - Running <TaskInstance: Binance_5m.get_5m_info scheduled__2024-07-25T15:15:00+00:00 [running]> on host Galaxybook.
[2024-07-25T15:23:38.163-0300] {taskinstance.py:2648} INFO - Exporting env vars: AIRFLOW_CTX_DAG_OWNER='airflow' AIRFLOW_CTX_DAG_ID='Binance_5m' AIRFLOW_CTX_TASK_ID='get_5m_info' AIRFLOW_CTX_EXECUTION_DATE='2024-07-25T15:15:00+00:00' AIRFLOW_CTX_TRY_NUMBER='1' AIRFLOW_CTX_DAG_RUN_ID='scheduled__2024-07-25T15:15:00+00:00'
[2024-07-25T15:23:38.163-0300] {taskinstance.py:430} INFO - ::endgroup::
[2024-07-25T15:23:38.171-0300] {binance_dag.py:23} INFO - End Time: 2024-07-25T15:20:00.00Z
[2024-07-25T15:23:38.172-0300] {binance_dag.py:24} INFO - Start Time: 2024-07-25T15:15:00.00Z
[2024-07-25T15:23:38.236-0300] {binance_dag.py:25} INFO - 1721931300000
[2024-07-25T15:23:38.239-0300] {base.py:84} INFO - Using connection ID 'binance_default' for task execution.
[2024-07-25T15:23:38.239-0300] {logging_mixin.py:188} INFO - https://api.binance.com
[2024-07-25T15:23:38.239-0300] {binance_hook.py:35} INFO - URL: https://api.binance.com/api/v3/klines?symbol=BTCBRL&interval=5m&startTime=1721931300000&endTime=1721931599999
[2024-07-25T15:23:38.792-0300] {python.py:237} INFO - Done. Returned value was: None
[2024-07-25T15:23:38.793-0300] {taskinstance.py:441} INFO - ::group::Post task execution logs
[2024-07-25T15:23:38.795-0300] {taskinstance.py:1206} INFO - Marking task as SUCCESS. dag_id=Binance_5m, task_id=get_5m_info, run_id=scheduled__2024-07-25T15:15:00+00:00, execution_date=20240725T151500, start_date=20240725T182338, end_date=20240725T182338
[2024-07-25T15:23:38.822-0300] {local_task_job_runner.py:243} INFO - Task exited with return code 0
[2024-07-25T15:23:38.832-0300] {taskinstance.py:3503} INFO - 0 downstream tasks scheduled from follow-on schedule check
[2024-07-25T15:23:38.833-0300] {local_task_job_runner.py:222} INFO - ::endgroup::
[2024-07-25T16:22:06.731-0300] {local_task_job_runner.py:120} INFO - ::group::Pre task execution logs
[2024-07-25T16:22:06.739-0300] {taskinstance.py:2076} INFO - Dependencies all met for dep_context=non-requeueable deps ti=<TaskInstance: Binance_5m.get_5m_info scheduled__2024-07-25T15:15:00+00:00 [queued]>
[2024-07-25T16:22:06.744-0300] {taskinstance.py:2076} INFO - Dependencies all met for dep_context=requeueable deps ti=<TaskInstance: Binance_5m.get_5m_info scheduled__2024-07-25T15:15:00+00:00 [queued]>
[2024-07-25T16:22:06.744-0300] {taskinstance.py:2306} INFO - Starting attempt 1 of 1
[2024-07-25T16:22:06.761-0300] {taskinstance.py:2330} INFO - Executing <Task(PythonOperator): get_5m_info> on 2024-07-25 15:15:00+00:00
[2024-07-25T16:22:06.764-0300] {standard_task_runner.py:64} INFO - Started process 2665170 to run task
[2024-07-25T16:22:06.766-0300] {standard_task_runner.py:90} INFO - Running: ['airflow', 'tasks', 'run', 'Binance_5m', 'get_5m_info', 'scheduled__2024-07-25T15:15:00+00:00', '--job-id', '2337', '--raw', '--subdir', 'DAGS_FOLDER/binance_dag.py', '--cfg-path', '/tmp/tmpjmwe19ry']
[2024-07-25T16:22:06.767-0300] {standard_task_runner.py:91} INFO - Job 2337: Subtask get_5m_info
[2024-07-25T16:22:06.800-0300] {task_command.py:426} INFO - Running <TaskInstance: Binance_5m.get_5m_info scheduled__2024-07-25T15:15:00+00:00 [running]> on host Galaxybook.
[2024-07-25T16:22:06.872-0300] {taskinstance.py:2648} INFO - Exporting env vars: AIRFLOW_CTX_DAG_OWNER='airflow' AIRFLOW_CTX_DAG_ID='Binance_5m' AIRFLOW_CTX_TASK_ID='get_5m_info' AIRFLOW_CTX_EXECUTION_DATE='2024-07-25T15:15:00+00:00' AIRFLOW_CTX_TRY_NUMBER='1' AIRFLOW_CTX_DAG_RUN_ID='scheduled__2024-07-25T15:15:00+00:00'
[2024-07-25T16:22:06.872-0300] {taskinstance.py:430} INFO - ::endgroup::
[2024-07-25T16:22:06.883-0300] {binance_dag.py:22} INFO - End Time: 2024-07-25 15:20:00+00:00
[2024-07-25T16:22:06.883-0300] {binance_dag.py:23} INFO - Start Time: 2024-07-25 15:15:00+00:00
[2024-07-25T16:22:06.884-0300] {binance_dag.py:24} INFO - Start timestamp: 1721920500000
[2024-07-25T16:22:06.884-0300] {binance_dag.py:25} INFO - End timestamp: 1721920800000
[2024-07-25T16:22:06.960-0300] {base.py:84} INFO - Using connection ID 'binance_default' for task execution.
[2024-07-25T16:22:06.960-0300] {logging_mixin.py:188} INFO - https://api.binance.com
[2024-07-25T16:22:06.961-0300] {binance_hook.py:35} INFO - URL: https://api.binance.com/api/v3/klines?symbol=BTCBRL&interval=5m&startTime=1721920500000&endTime=1721920799999&timeZone=-3
[2024-07-25T16:22:07.362-0300] {python.py:237} INFO - Done. Returned value was: None
[2024-07-25T16:22:07.363-0300] {taskinstance.py:441} INFO - ::group::Post task execution logs
[2024-07-25T16:22:07.366-0300] {taskinstance.py:1206} INFO - Marking task as SUCCESS. dag_id=Binance_5m, task_id=get_5m_info, run_id=scheduled__2024-07-25T15:15:00+00:00, execution_date=20240725T151500, start_date=20240725T192206, end_date=20240725T192207
[2024-07-25T16:22:07.390-0300] {local_task_job_runner.py:243} INFO - Task exited with return code 0
[2024-07-25T16:22:07.397-0300] {taskinstance.py:3503} INFO - 0 downstream tasks scheduled from follow-on schedule check
[2024-07-25T16:22:07.398-0300] {local_task_job_runner.py:222} INFO - ::endgroup::
