[2024-07-25T17:22:39.286-0300] {local_task_job_runner.py:120} INFO - ::group::Pre task execution logs
[2024-07-25T17:22:39.291-0300] {taskinstance.py:2076} INFO - Dependencies all met for dep_context=non-requeueable deps ti=<TaskInstance: Mercado_1m.get_5m_info scheduled__2024-07-25T12:25:00+00:00 [queued]>
[2024-07-25T17:22:39.294-0300] {taskinstance.py:2076} INFO - Dependencies all met for dep_context=requeueable deps ti=<TaskInstance: Mercado_1m.get_5m_info scheduled__2024-07-25T12:25:00+00:00 [queued]>
[2024-07-25T17:22:39.294-0300] {taskinstance.py:2306} INFO - Starting attempt 1 of 1
[2024-07-25T17:22:39.305-0300] {taskinstance.py:2330} INFO - Executing <Task(PythonOperator): get_5m_info> on 2024-07-25 12:25:00+00:00
[2024-07-25T17:22:39.307-0300] {standard_task_runner.py:64} INFO - Started process 2693540 to run task
[2024-07-25T17:22:39.309-0300] {standard_task_runner.py:90} INFO - Running: ['airflow', 'tasks', 'run', 'Mercado_1m', 'get_5m_info', 'scheduled__2024-07-25T12:25:00+00:00', '--job-id', '2500', '--raw', '--subdir', 'DAGS_FOLDER/mercado_dag.py', '--cfg-path', '/tmp/tmpwjor6_8v']
[2024-07-25T17:22:39.310-0300] {standard_task_runner.py:91} INFO - Job 2500: Subtask get_5m_info
[2024-07-25T17:22:39.335-0300] {task_command.py:426} INFO - Running <TaskInstance: Mercado_1m.get_5m_info scheduled__2024-07-25T12:25:00+00:00 [running]> on host Galaxybook.
[2024-07-25T17:22:39.378-0300] {taskinstance.py:2648} INFO - Exporting env vars: AIRFLOW_CTX_DAG_OWNER='airflow' AIRFLOW_CTX_DAG_ID='Mercado_1m' AIRFLOW_CTX_TASK_ID='get_5m_info' AIRFLOW_CTX_EXECUTION_DATE='2024-07-25T12:25:00+00:00' AIRFLOW_CTX_TRY_NUMBER='1' AIRFLOW_CTX_DAG_RUN_ID='scheduled__2024-07-25T12:25:00+00:00'
[2024-07-25T17:22:39.379-0300] {taskinstance.py:430} INFO - ::endgroup::
[2024-07-25T17:22:39.386-0300] {mercado_dag.py:21} INFO - To: 2024-07-25 12:26:00+00:00
[2024-07-25T17:22:39.386-0300] {mercado_dag.py:22} INFO - From: 2024-07-25 12:25:00+00:00
[2024-07-25T17:22:39.386-0300] {mercado_dag.py:23} INFO - To timestamp: 1721910360 
[2024-07-25T17:22:39.386-0300] {mercado_dag.py:24} INFO - From timestamp: 1721910300 
[2024-07-25T17:22:39.446-0300] {base.py:84} INFO - Using connection ID 'mercado_default' for task execution.
[2024-07-25T17:22:39.447-0300] {mercado_hook.py:31} INFO - URL: https://api.mercadobitcoin.net/api/v4/candles?symbol=BTC-BRL&resolution=1m&to=1721910360&from=1721910300
[2024-07-25T17:22:39.723-0300] {python.py:237} INFO - Done. Returned value was: None
[2024-07-25T17:22:39.724-0300] {taskinstance.py:441} INFO - ::group::Post task execution logs
[2024-07-25T17:22:39.726-0300] {taskinstance.py:1206} INFO - Marking task as SUCCESS. dag_id=Mercado_1m, task_id=get_5m_info, run_id=scheduled__2024-07-25T12:25:00+00:00, execution_date=20240725T122500, start_date=20240725T202239, end_date=20240725T202239
[2024-07-25T17:22:39.761-0300] {local_task_job_runner.py:243} INFO - Task exited with return code 0
[2024-07-25T17:22:39.771-0300] {taskinstance.py:3503} INFO - 0 downstream tasks scheduled from follow-on schedule check
[2024-07-25T17:22:39.771-0300] {local_task_job_runner.py:222} INFO - ::endgroup::
