[2024-07-25T14:48:48.579-0300] {local_task_job_runner.py:120} INFO - ::group::Pre task execution logs
[2024-07-25T14:48:48.588-0300] {taskinstance.py:2076} INFO - Dependencies all met for dep_context=non-requeueable deps ti=<TaskInstance: Binance_5m.get_5m_info scheduled__2024-07-25T04:50:00+00:00 [queued]>
[2024-07-25T14:48:48.593-0300] {taskinstance.py:2076} INFO - Dependencies all met for dep_context=requeueable deps ti=<TaskInstance: Binance_5m.get_5m_info scheduled__2024-07-25T04:50:00+00:00 [queued]>
[2024-07-25T14:48:48.593-0300] {taskinstance.py:2306} INFO - Starting attempt 1 of 1
[2024-07-25T14:48:48.615-0300] {taskinstance.py:2330} INFO - Executing <Task(PythonOperator): get_5m_info> on 2024-07-25 04:50:00+00:00
[2024-07-25T14:48:48.618-0300] {standard_task_runner.py:64} INFO - Started process 2608226 to run task
[2024-07-25T14:48:48.620-0300] {standard_task_runner.py:90} INFO - Running: ['airflow', 'tasks', 'run', 'Binance_5m', 'get_5m_info', 'scheduled__2024-07-25T04:50:00+00:00', '--job-id', '2144', '--raw', '--subdir', 'DAGS_FOLDER/binance_dag.py', '--cfg-path', '/tmp/tmp2jebljn3']
[2024-07-25T14:48:48.621-0300] {standard_task_runner.py:91} INFO - Job 2144: Subtask get_5m_info
[2024-07-25T14:48:48.654-0300] {task_command.py:426} INFO - Running <TaskInstance: Binance_5m.get_5m_info scheduled__2024-07-25T04:50:00+00:00 [running]> on host Galaxybook.
[2024-07-25T14:48:48.718-0300] {taskinstance.py:2648} INFO - Exporting env vars: AIRFLOW_CTX_DAG_OWNER='airflow' AIRFLOW_CTX_DAG_ID='Binance_5m' AIRFLOW_CTX_TASK_ID='get_5m_info' AIRFLOW_CTX_EXECUTION_DATE='2024-07-25T04:50:00+00:00' AIRFLOW_CTX_TRY_NUMBER='1' AIRFLOW_CTX_DAG_RUN_ID='scheduled__2024-07-25T04:50:00+00:00'
[2024-07-25T14:48:48.719-0300] {taskinstance.py:430} INFO - ::endgroup::
[2024-07-25T14:48:48.728-0300] {binance_dag.py:23} INFO - End Time: 2024-07-25T04:55:00.00Z
[2024-07-25T14:48:48.728-0300] {binance_dag.py:24} INFO - Start Time: 2024-07-25T04:50:00.00Z
[2024-07-25T14:48:48.796-0300] {base.py:84} INFO - Using connection ID 'binance_default' for task execution.
[2024-07-25T14:48:48.797-0300] {logging_mixin.py:188} INFO - https://api.binance.com
[2024-07-25T14:48:48.797-0300] {binance_hook.py:35} INFO - URL: https://api.binance.com/api/v3/klines?symbol=BTCBRL&interval=5m&startTime=1721893800000&endTime=1721894099999
[2024-07-25T14:48:49.190-0300] {binance_dag.py:43} INFO - r: [[1721893800000, '365490.00000000', '365498.00000000', '364920.00000000', '365228.00000000', '0.19179000', 1721894099999, '70032.24743000', 43, '0.11663000', '42585.80418000', '0']]
[2024-07-25T14:48:49.191-0300] {python.py:237} INFO - Done. Returned value was: None
[2024-07-25T14:48:49.192-0300] {taskinstance.py:441} INFO - ::group::Post task execution logs
[2024-07-25T14:48:49.195-0300] {taskinstance.py:1206} INFO - Marking task as SUCCESS. dag_id=Binance_5m, task_id=get_5m_info, run_id=scheduled__2024-07-25T04:50:00+00:00, execution_date=20240725T045000, start_date=20240725T174848, end_date=20240725T174849
[2024-07-25T14:48:49.241-0300] {local_task_job_runner.py:243} INFO - Task exited with return code 0
[2024-07-25T14:48:49.248-0300] {taskinstance.py:3503} INFO - 0 downstream tasks scheduled from follow-on schedule check
[2024-07-25T14:48:49.249-0300] {local_task_job_runner.py:222} INFO - ::endgroup::
[2024-07-25T15:19:03.601-0300] {local_task_job_runner.py:120} INFO - ::group::Pre task execution logs
[2024-07-25T15:19:03.607-0300] {taskinstance.py:2076} INFO - Dependencies all met for dep_context=non-requeueable deps ti=<TaskInstance: Binance_5m.get_5m_info scheduled__2024-07-25T04:50:00+00:00 [queued]>
[2024-07-25T15:19:03.610-0300] {taskinstance.py:2076} INFO - Dependencies all met for dep_context=requeueable deps ti=<TaskInstance: Binance_5m.get_5m_info scheduled__2024-07-25T04:50:00+00:00 [queued]>
[2024-07-25T15:19:03.611-0300] {taskinstance.py:2306} INFO - Starting attempt 1 of 1
[2024-07-25T15:19:03.624-0300] {taskinstance.py:2330} INFO - Executing <Task(PythonOperator): get_5m_info> on 2024-07-25 04:50:00+00:00
[2024-07-25T15:19:03.626-0300] {standard_task_runner.py:64} INFO - Started process 2630816 to run task
[2024-07-25T15:19:03.628-0300] {standard_task_runner.py:90} INFO - Running: ['airflow', 'tasks', 'run', 'Binance_5m', 'get_5m_info', 'scheduled__2024-07-25T04:50:00+00:00', '--job-id', '2593', '--raw', '--subdir', 'DAGS_FOLDER/binance_dag.py', '--cfg-path', '/tmp/tmp4rf2rlo8']
[2024-07-25T15:19:03.629-0300] {standard_task_runner.py:91} INFO - Job 2593: Subtask get_5m_info
[2024-07-25T15:19:03.653-0300] {task_command.py:426} INFO - Running <TaskInstance: Binance_5m.get_5m_info scheduled__2024-07-25T04:50:00+00:00 [running]> on host Galaxybook.
[2024-07-25T15:19:03.710-0300] {taskinstance.py:2648} INFO - Exporting env vars: AIRFLOW_CTX_DAG_OWNER='airflow' AIRFLOW_CTX_DAG_ID='Binance_5m' AIRFLOW_CTX_TASK_ID='get_5m_info' AIRFLOW_CTX_EXECUTION_DATE='2024-07-25T04:50:00+00:00' AIRFLOW_CTX_TRY_NUMBER='1' AIRFLOW_CTX_DAG_RUN_ID='scheduled__2024-07-25T04:50:00+00:00'
[2024-07-25T15:19:03.710-0300] {taskinstance.py:430} INFO - ::endgroup::
[2024-07-25T15:19:03.718-0300] {binance_dag.py:23} INFO - End Time: 2024-07-25T04:55:00.00Z
[2024-07-25T15:19:03.718-0300] {binance_dag.py:24} INFO - Start Time: 2024-07-25T04:50:00.00Z
[2024-07-25T15:19:03.773-0300] {binance_dag.py:25} INFO - 1721893800000
[2024-07-25T15:19:03.776-0300] {base.py:84} INFO - Using connection ID 'binance_default' for task execution.
[2024-07-25T15:19:03.776-0300] {logging_mixin.py:188} INFO - https://api.binance.com
[2024-07-25T15:19:03.776-0300] {binance_hook.py:35} INFO - URL: https://api.binance.com/api/v3/klines?symbol=BTCBRL&interval=5m&startTime=1721893800000&endTime=1721894099999
[2024-07-25T15:19:04.167-0300] {python.py:237} INFO - Done. Returned value was: None
[2024-07-25T15:19:04.168-0300] {taskinstance.py:441} INFO - ::group::Post task execution logs
[2024-07-25T15:19:04.170-0300] {taskinstance.py:1206} INFO - Marking task as SUCCESS. dag_id=Binance_5m, task_id=get_5m_info, run_id=scheduled__2024-07-25T04:50:00+00:00, execution_date=20240725T045000, start_date=20240725T181903, end_date=20240725T181904
[2024-07-25T15:19:04.214-0300] {local_task_job_runner.py:243} INFO - Task exited with return code 0
[2024-07-25T15:19:04.222-0300] {taskinstance.py:3503} INFO - 0 downstream tasks scheduled from follow-on schedule check
[2024-07-25T15:19:04.222-0300] {local_task_job_runner.py:222} INFO - ::endgroup::
[2024-07-25T16:15:35.421-0300] {local_task_job_runner.py:120} INFO - ::group::Pre task execution logs
[2024-07-25T16:15:35.429-0300] {taskinstance.py:2076} INFO - Dependencies all met for dep_context=non-requeueable deps ti=<TaskInstance: Binance_5m.get_5m_info scheduled__2024-07-25T04:50:00+00:00 [queued]>
[2024-07-25T16:15:35.432-0300] {taskinstance.py:2076} INFO - Dependencies all met for dep_context=requeueable deps ti=<TaskInstance: Binance_5m.get_5m_info scheduled__2024-07-25T04:50:00+00:00 [queued]>
[2024-07-25T16:15:35.432-0300] {taskinstance.py:2306} INFO - Starting attempt 1 of 1
[2024-07-25T16:15:35.448-0300] {taskinstance.py:2330} INFO - Executing <Task(PythonOperator): get_5m_info> on 2024-07-25 04:50:00+00:00
[2024-07-25T16:15:35.450-0300] {standard_task_runner.py:64} INFO - Started process 2658539 to run task
[2024-07-25T16:15:35.452-0300] {standard_task_runner.py:90} INFO - Running: ['airflow', 'tasks', 'run', 'Binance_5m', 'get_5m_info', 'scheduled__2024-07-25T04:50:00+00:00', '--job-id', '2153', '--raw', '--subdir', 'DAGS_FOLDER/binance_dag.py', '--cfg-path', '/tmp/tmps108durd']
[2024-07-25T16:15:35.453-0300] {standard_task_runner.py:91} INFO - Job 2153: Subtask get_5m_info
[2024-07-25T16:15:35.485-0300] {task_command.py:426} INFO - Running <TaskInstance: Binance_5m.get_5m_info scheduled__2024-07-25T04:50:00+00:00 [running]> on host Galaxybook.
[2024-07-25T16:15:35.543-0300] {taskinstance.py:2648} INFO - Exporting env vars: AIRFLOW_CTX_DAG_OWNER='airflow' AIRFLOW_CTX_DAG_ID='Binance_5m' AIRFLOW_CTX_TASK_ID='get_5m_info' AIRFLOW_CTX_EXECUTION_DATE='2024-07-25T04:50:00+00:00' AIRFLOW_CTX_TRY_NUMBER='1' AIRFLOW_CTX_DAG_RUN_ID='scheduled__2024-07-25T04:50:00+00:00'
[2024-07-25T16:15:35.544-0300] {taskinstance.py:430} INFO - ::endgroup::
[2024-07-25T16:15:35.553-0300] {binance_dag.py:22} INFO - End Time: 2024-07-25 04:55:00+00:00
[2024-07-25T16:15:35.554-0300] {binance_dag.py:23} INFO - Start Time: 2024-07-25 04:50:00+00:00
[2024-07-25T16:15:35.554-0300] {binance_dag.py:24} INFO - Start timestamp: 1721883000000
[2024-07-25T16:15:35.554-0300] {binance_dag.py:25} INFO - End timestamp: 1721883300000
[2024-07-25T16:15:35.623-0300] {base.py:84} INFO - Using connection ID 'binance_default' for task execution.
[2024-07-25T16:15:35.623-0300] {logging_mixin.py:188} INFO - https://api.binance.com
[2024-07-25T16:15:35.624-0300] {binance_hook.py:35} INFO - URL: https://api.binance.com/api/v3/klines?symbol=BTCBRL&interval=5m&startTime=1721883000000&endTime=1721883299999&timeZone=-3
[2024-07-25T16:15:36.023-0300] {python.py:237} INFO - Done. Returned value was: None
[2024-07-25T16:15:36.024-0300] {taskinstance.py:441} INFO - ::group::Post task execution logs
[2024-07-25T16:15:36.026-0300] {taskinstance.py:1206} INFO - Marking task as SUCCESS. dag_id=Binance_5m, task_id=get_5m_info, run_id=scheduled__2024-07-25T04:50:00+00:00, execution_date=20240725T045000, start_date=20240725T191535, end_date=20240725T191536
[2024-07-25T16:15:36.075-0300] {local_task_job_runner.py:243} INFO - Task exited with return code 0
[2024-07-25T16:15:36.083-0300] {taskinstance.py:3503} INFO - 0 downstream tasks scheduled from follow-on schedule check
[2024-07-25T16:15:36.083-0300] {local_task_job_runner.py:222} INFO - ::endgroup::
