[2024-07-25T09:58:51.003-0300] {local_task_job_runner.py:120} INFO - ::group::Pre task execution logs
[2024-07-25T09:58:51.008-0300] {taskinstance.py:2076} INFO - Dependencies all met for dep_context=non-requeueable deps ti=<TaskInstance: Mercado_1m.get_1m_info scheduled__2024-07-25T11:17:00+00:00 [queued]>
[2024-07-25T09:58:51.011-0300] {taskinstance.py:2076} INFO - Dependencies all met for dep_context=requeueable deps ti=<TaskInstance: Mercado_1m.get_1m_info scheduled__2024-07-25T11:17:00+00:00 [queued]>
[2024-07-25T09:58:51.011-0300] {taskinstance.py:2306} INFO - Starting attempt 1 of 1
[2024-07-25T09:58:51.027-0300] {taskinstance.py:2330} INFO - Executing <Task(PythonOperator): get_1m_info> on 2024-07-25 11:17:00+00:00
[2024-07-25T09:58:51.029-0300] {standard_task_runner.py:64} INFO - Started process 2443905 to run task
[2024-07-25T09:58:51.032-0300] {standard_task_runner.py:90} INFO - Running: ['airflow', 'tasks', 'run', 'Mercado_1m', 'get_1m_info', 'scheduled__2024-07-25T11:17:00+00:00', '--job-id', '1913', '--raw', '--subdir', 'DAGS_FOLDER/mercado_dag.py', '--cfg-path', '/tmp/tmp48_lffg5']
[2024-07-25T09:58:51.033-0300] {standard_task_runner.py:91} INFO - Job 1913: Subtask get_1m_info
[2024-07-25T09:58:51.058-0300] {task_command.py:426} INFO - Running <TaskInstance: Mercado_1m.get_1m_info scheduled__2024-07-25T11:17:00+00:00 [running]> on host Galaxybook.
[2024-07-25T09:58:51.105-0300] {taskinstance.py:2648} INFO - Exporting env vars: AIRFLOW_CTX_DAG_OWNER='airflow' AIRFLOW_CTX_DAG_ID='Mercado_1m' AIRFLOW_CTX_TASK_ID='get_1m_info' AIRFLOW_CTX_EXECUTION_DATE='2024-07-25T11:17:00+00:00' AIRFLOW_CTX_TRY_NUMBER='1' AIRFLOW_CTX_DAG_RUN_ID='scheduled__2024-07-25T11:17:00+00:00'
[2024-07-25T09:58:51.105-0300] {taskinstance.py:430} INFO - ::endgroup::
[2024-07-25T09:58:51.171-0300] {base.py:84} INFO - Using connection ID 'mercado_default' for task execution.
[2024-07-25T09:58:51.171-0300] {mercado_hook.py:26} INFO - BASE URL: https://api.mercadobitcoin.net/api/v4
[2024-07-25T09:58:51.171-0300] {mercado_hook.py:32} INFO - URL: https://api.mercadobitcoin.net/api/v4/candles?symbol=BTC-BRL&resolution=1m&to=1721912271&from=1721912331
[2024-07-25T09:58:51.436-0300] {python.py:237} INFO - Done. Returned value was: None
[2024-07-25T09:58:51.437-0300] {taskinstance.py:441} INFO - ::group::Post task execution logs
[2024-07-25T09:58:51.440-0300] {taskinstance.py:1206} INFO - Marking task as SUCCESS. dag_id=Mercado_1m, task_id=get_1m_info, run_id=scheduled__2024-07-25T11:17:00+00:00, execution_date=20240725T111700, start_date=20240725T125851, end_date=20240725T125851
[2024-07-25T09:58:51.492-0300] {local_task_job_runner.py:243} INFO - Task exited with return code 0
[2024-07-25T09:58:51.499-0300] {taskinstance.py:3503} INFO - 0 downstream tasks scheduled from follow-on schedule check
[2024-07-25T09:58:51.499-0300] {local_task_job_runner.py:222} INFO - ::endgroup::
[2024-07-25T10:58:31.383-0300] {local_task_job_runner.py:120} INFO - ::group::Pre task execution logs
[2024-07-25T10:58:31.389-0300] {taskinstance.py:2076} INFO - Dependencies all met for dep_context=non-requeueable deps ti=<TaskInstance: Mercado_1m.get_1m_info scheduled__2024-07-25T11:17:00+00:00 [queued]>
[2024-07-25T10:58:31.394-0300] {taskinstance.py:2076} INFO - Dependencies all met for dep_context=requeueable deps ti=<TaskInstance: Mercado_1m.get_1m_info scheduled__2024-07-25T11:17:00+00:00 [queued]>
[2024-07-25T10:58:31.394-0300] {taskinstance.py:2306} INFO - Starting attempt 1 of 1
[2024-07-25T10:58:31.409-0300] {taskinstance.py:2330} INFO - Executing <Task(PythonOperator): get_1m_info> on 2024-07-25 11:17:00+00:00
[2024-07-25T10:58:31.411-0300] {standard_task_runner.py:64} INFO - Started process 2480200 to run task
[2024-07-25T10:58:31.414-0300] {standard_task_runner.py:90} INFO - Running: ['airflow', 'tasks', 'run', 'Mercado_1m', 'get_1m_info', 'scheduled__2024-07-25T11:17:00+00:00', '--job-id', '1851', '--raw', '--subdir', 'DAGS_FOLDER/mercado_dag.py', '--cfg-path', '/tmp/tmp7dxmlz5k']
[2024-07-25T10:58:31.415-0300] {standard_task_runner.py:91} INFO - Job 1851: Subtask get_1m_info
[2024-07-25T10:58:31.444-0300] {task_command.py:426} INFO - Running <TaskInstance: Mercado_1m.get_1m_info scheduled__2024-07-25T11:17:00+00:00 [running]> on host Galaxybook.
[2024-07-25T10:58:31.510-0300] {taskinstance.py:2648} INFO - Exporting env vars: AIRFLOW_CTX_DAG_OWNER='airflow' AIRFLOW_CTX_DAG_ID='Mercado_1m' AIRFLOW_CTX_TASK_ID='get_1m_info' AIRFLOW_CTX_EXECUTION_DATE='2024-07-25T11:17:00+00:00' AIRFLOW_CTX_TRY_NUMBER='1' AIRFLOW_CTX_DAG_RUN_ID='scheduled__2024-07-25T11:17:00+00:00'
[2024-07-25T10:58:31.510-0300] {taskinstance.py:430} INFO - ::endgroup::
[2024-07-25T10:58:31.586-0300] {base.py:84} INFO - Using connection ID 'mercado_default' for task execution.
[2024-07-25T10:58:31.587-0300] {mercado_hook.py:31} INFO - URL: https://api.mercadobitcoin.net/api/v4/candles?symbol=BTC-BRL&resolution=1m&to=1721915911519&countback=1
[2024-07-25T10:58:31.853-0300] {python.py:237} INFO - Done. Returned value was: None
[2024-07-25T10:58:31.854-0300] {taskinstance.py:441} INFO - ::group::Post task execution logs
[2024-07-25T10:58:31.857-0300] {taskinstance.py:1206} INFO - Marking task as SUCCESS. dag_id=Mercado_1m, task_id=get_1m_info, run_id=scheduled__2024-07-25T11:17:00+00:00, execution_date=20240725T111700, start_date=20240725T135831, end_date=20240725T135831
[2024-07-25T10:58:31.874-0300] {local_task_job_runner.py:243} INFO - Task exited with return code 0
[2024-07-25T10:58:31.882-0300] {taskinstance.py:3503} INFO - 0 downstream tasks scheduled from follow-on schedule check
[2024-07-25T10:58:31.883-0300] {local_task_job_runner.py:222} INFO - ::endgroup::
