[2024-07-25T14:21:52.451-0300] {local_task_job_runner.py:120} INFO - ::group::Pre task execution logs
[2024-07-25T14:21:52.456-0300] {taskinstance.py:2076} INFO - Dependencies all met for dep_context=non-requeueable deps ti=<TaskInstance: Binance_5m.get_5m_info scheduled__2024-07-25T00:50:00+00:00 [queued]>
[2024-07-25T14:21:52.461-0300] {taskinstance.py:2076} INFO - Dependencies all met for dep_context=requeueable deps ti=<TaskInstance: Binance_5m.get_5m_info scheduled__2024-07-25T00:50:00+00:00 [queued]>
[2024-07-25T14:21:52.461-0300] {taskinstance.py:2306} INFO - Starting attempt 1 of 1
[2024-07-25T14:21:52.476-0300] {taskinstance.py:2330} INFO - Executing <Task(PythonOperator): get_5m_info> on 2024-07-25 00:50:00+00:00
[2024-07-25T14:21:52.479-0300] {standard_task_runner.py:64} INFO - Started process 2586931 to run task
[2024-07-25T14:21:52.481-0300] {standard_task_runner.py:90} INFO - Running: ['airflow', 'tasks', 'run', 'Binance_5m', 'get_5m_info', 'scheduled__2024-07-25T00:50:00+00:00', '--job-id', '2092', '--raw', '--subdir', 'DAGS_FOLDER/binance_dag.py', '--cfg-path', '/tmp/tmpgl_paf7q']
[2024-07-25T14:21:52.482-0300] {standard_task_runner.py:91} INFO - Job 2092: Subtask get_5m_info
[2024-07-25T14:21:52.518-0300] {task_command.py:426} INFO - Running <TaskInstance: Binance_5m.get_5m_info scheduled__2024-07-25T00:50:00+00:00 [running]> on host Galaxybook.
[2024-07-25T14:21:52.579-0300] {taskinstance.py:2648} INFO - Exporting env vars: AIRFLOW_CTX_DAG_OWNER='airflow' AIRFLOW_CTX_DAG_ID='Binance_5m' AIRFLOW_CTX_TASK_ID='get_5m_info' AIRFLOW_CTX_EXECUTION_DATE='2024-07-25T00:50:00+00:00' AIRFLOW_CTX_TRY_NUMBER='1' AIRFLOW_CTX_DAG_RUN_ID='scheduled__2024-07-25T00:50:00+00:00'
[2024-07-25T14:21:52.579-0300] {taskinstance.py:430} INFO - ::endgroup::
[2024-07-25T14:21:52.588-0300] {binance_dag.py:23} INFO - End Time: 2024-07-25T00:55:00.00Z
[2024-07-25T14:21:52.665-0300] {base.py:84} INFO - Using connection ID 'binance_default' for task execution.
[2024-07-25T14:21:52.665-0300] {logging_mixin.py:188} INFO - https://api.binance.com
[2024-07-25T14:21:52.666-0300] {binance_hook.py:35} INFO - URL: https://api.binance.com/api/v3/klines?symbol=BTCBRL&interval=5m&startTime=1721879400000&endTime=1721879700000
[2024-07-25T14:21:53.093-0300] {python.py:237} INFO - Done. Returned value was: None
[2024-07-25T14:21:53.094-0300] {taskinstance.py:441} INFO - ::group::Post task execution logs
[2024-07-25T14:21:53.097-0300] {taskinstance.py:1206} INFO - Marking task as SUCCESS. dag_id=Binance_5m, task_id=get_5m_info, run_id=scheduled__2024-07-25T00:50:00+00:00, execution_date=20240725T005000, start_date=20240725T172152, end_date=20240725T172153
[2024-07-25T14:21:53.144-0300] {local_task_job_runner.py:243} INFO - Task exited with return code 0
[2024-07-25T14:21:53.150-0300] {taskinstance.py:3503} INFO - 0 downstream tasks scheduled from follow-on schedule check
[2024-07-25T14:21:53.151-0300] {local_task_job_runner.py:222} INFO - ::endgroup::
[2024-07-25T14:42:45.753-0300] {local_task_job_runner.py:120} INFO - ::group::Pre task execution logs
[2024-07-25T14:42:45.759-0300] {taskinstance.py:2076} INFO - Dependencies all met for dep_context=non-requeueable deps ti=<TaskInstance: Binance_5m.get_5m_info scheduled__2024-07-25T00:50:00+00:00 [queued]>
[2024-07-25T14:42:45.762-0300] {taskinstance.py:2076} INFO - Dependencies all met for dep_context=requeueable deps ti=<TaskInstance: Binance_5m.get_5m_info scheduled__2024-07-25T00:50:00+00:00 [queued]>
[2024-07-25T14:42:45.762-0300] {taskinstance.py:2306} INFO - Starting attempt 1 of 1
[2024-07-25T14:42:45.776-0300] {taskinstance.py:2330} INFO - Executing <Task(PythonOperator): get_5m_info> on 2024-07-25 00:50:00+00:00
[2024-07-25T14:42:45.778-0300] {standard_task_runner.py:64} INFO - Started process 2603468 to run task
[2024-07-25T14:42:45.780-0300] {standard_task_runner.py:90} INFO - Running: ['airflow', 'tasks', 'run', 'Binance_5m', 'get_5m_info', 'scheduled__2024-07-25T00:50:00+00:00', '--job-id', '2096', '--raw', '--subdir', 'DAGS_FOLDER/binance_dag.py', '--cfg-path', '/tmp/tmpo94qq3pl']
[2024-07-25T14:42:45.780-0300] {standard_task_runner.py:91} INFO - Job 2096: Subtask get_5m_info
[2024-07-25T14:42:45.806-0300] {task_command.py:426} INFO - Running <TaskInstance: Binance_5m.get_5m_info scheduled__2024-07-25T00:50:00+00:00 [running]> on host Galaxybook.
[2024-07-25T14:42:45.855-0300] {taskinstance.py:2648} INFO - Exporting env vars: AIRFLOW_CTX_DAG_OWNER='airflow' AIRFLOW_CTX_DAG_ID='Binance_5m' AIRFLOW_CTX_TASK_ID='get_5m_info' AIRFLOW_CTX_EXECUTION_DATE='2024-07-25T00:50:00+00:00' AIRFLOW_CTX_TRY_NUMBER='1' AIRFLOW_CTX_DAG_RUN_ID='scheduled__2024-07-25T00:50:00+00:00'
[2024-07-25T14:42:45.856-0300] {taskinstance.py:430} INFO - ::endgroup::
[2024-07-25T14:42:45.864-0300] {binance_dag.py:23} INFO - End Time: 2024-07-25T00:55:00.00Z
[2024-07-25T14:42:45.864-0300] {binance_dag.py:24} INFO - End Time: 2024-07-25T00:50:00.00Z
[2024-07-25T14:42:45.926-0300] {base.py:84} INFO - Using connection ID 'binance_default' for task execution.
[2024-07-25T14:42:45.926-0300] {logging_mixin.py:188} INFO - https://api.binance.com
[2024-07-25T14:42:45.927-0300] {binance_hook.py:35} INFO - URL: https://api.binance.com/api/v3/klines?symbol=BTCBRL&interval=5m&startTime=1721879400000&endTime=1721879700000
[2024-07-25T14:42:46.314-0300] {binance_dag.py:43} INFO - r: [[1721879400000, '363899.00000000', '364497.00000000', '363899.00000000', '364347.00000000', '0.12491000', 1721879699999, '45506.50709000', 56, '0.11158000', '40653.23322000', '0'], [1721879700000, '364198.00000000', '364742.00000000', '364198.00000000', '364742.00000000', '0.00189000', 1721879999999, '689.13133000', 8, '0.00164000', '598.08183000', '0']]
[2024-07-25T14:42:46.315-0300] {python.py:237} INFO - Done. Returned value was: None
[2024-07-25T14:42:46.316-0300] {taskinstance.py:441} INFO - ::group::Post task execution logs
[2024-07-25T14:42:46.319-0300] {taskinstance.py:1206} INFO - Marking task as SUCCESS. dag_id=Binance_5m, task_id=get_5m_info, run_id=scheduled__2024-07-25T00:50:00+00:00, execution_date=20240725T005000, start_date=20240725T174245, end_date=20240725T174246
[2024-07-25T14:42:46.364-0300] {local_task_job_runner.py:243} INFO - Task exited with return code 0
[2024-07-25T14:42:46.373-0300] {taskinstance.py:3503} INFO - 0 downstream tasks scheduled from follow-on schedule check
[2024-07-25T14:42:46.373-0300] {local_task_job_runner.py:222} INFO - ::endgroup::
[2024-07-25T14:46:02.231-0300] {local_task_job_runner.py:120} INFO - ::group::Pre task execution logs
[2024-07-25T14:46:02.239-0300] {taskinstance.py:2076} INFO - Dependencies all met for dep_context=non-requeueable deps ti=<TaskInstance: Binance_5m.get_5m_info scheduled__2024-07-25T00:50:00+00:00 [queued]>
[2024-07-25T14:46:02.244-0300] {taskinstance.py:2076} INFO - Dependencies all met for dep_context=requeueable deps ti=<TaskInstance: Binance_5m.get_5m_info scheduled__2024-07-25T00:50:00+00:00 [queued]>
[2024-07-25T14:46:02.244-0300] {taskinstance.py:2306} INFO - Starting attempt 1 of 1
[2024-07-25T14:46:02.261-0300] {taskinstance.py:2330} INFO - Executing <Task(PythonOperator): get_5m_info> on 2024-07-25 00:50:00+00:00
[2024-07-25T14:46:02.263-0300] {standard_task_runner.py:64} INFO - Started process 2605476 to run task
[2024-07-25T14:46:02.265-0300] {standard_task_runner.py:90} INFO - Running: ['airflow', 'tasks', 'run', 'Binance_5m', 'get_5m_info', 'scheduled__2024-07-25T00:50:00+00:00', '--job-id', '2096', '--raw', '--subdir', 'DAGS_FOLDER/binance_dag.py', '--cfg-path', '/tmp/tmpez327q_p']
[2024-07-25T14:46:02.266-0300] {standard_task_runner.py:91} INFO - Job 2096: Subtask get_5m_info
[2024-07-25T14:46:02.302-0300] {task_command.py:426} INFO - Running <TaskInstance: Binance_5m.get_5m_info scheduled__2024-07-25T00:50:00+00:00 [running]> on host Galaxybook.
[2024-07-25T14:46:02.356-0300] {taskinstance.py:2648} INFO - Exporting env vars: AIRFLOW_CTX_DAG_OWNER='airflow' AIRFLOW_CTX_DAG_ID='Binance_5m' AIRFLOW_CTX_TASK_ID='get_5m_info' AIRFLOW_CTX_EXECUTION_DATE='2024-07-25T00:50:00+00:00' AIRFLOW_CTX_TRY_NUMBER='1' AIRFLOW_CTX_DAG_RUN_ID='scheduled__2024-07-25T00:50:00+00:00'
[2024-07-25T14:46:02.356-0300] {taskinstance.py:430} INFO - ::endgroup::
[2024-07-25T14:46:02.364-0300] {binance_dag.py:23} INFO - End Time: 2024-07-25T00:55:00.00Z
[2024-07-25T14:46:02.365-0300] {binance_dag.py:24} INFO - Start Time: 2024-07-25T00:50:00.00Z
[2024-07-25T14:46:02.437-0300] {base.py:84} INFO - Using connection ID 'binance_default' for task execution.
[2024-07-25T14:46:02.437-0300] {logging_mixin.py:188} INFO - https://api.binance.com
[2024-07-25T14:46:02.437-0300] {binance_hook.py:35} INFO - URL: https://api.binance.com/api/v3/klines?symbol=BTCBRL&interval=5m&startTime=1721879400000&endTime=1721879699999
[2024-07-25T14:46:02.830-0300] {binance_dag.py:43} INFO - r: [[1721879400000, '363899.00000000', '364497.00000000', '363899.00000000', '364347.00000000', '0.12491000', 1721879699999, '45506.50709000', 56, '0.11158000', '40653.23322000', '0']]
[2024-07-25T14:46:02.832-0300] {python.py:237} INFO - Done. Returned value was: None
[2024-07-25T14:46:02.833-0300] {taskinstance.py:441} INFO - ::group::Post task execution logs
[2024-07-25T14:46:02.836-0300] {taskinstance.py:1206} INFO - Marking task as SUCCESS. dag_id=Binance_5m, task_id=get_5m_info, run_id=scheduled__2024-07-25T00:50:00+00:00, execution_date=20240725T005000, start_date=20240725T174602, end_date=20240725T174602
[2024-07-25T14:46:02.890-0300] {local_task_job_runner.py:243} INFO - Task exited with return code 0
[2024-07-25T14:46:02.897-0300] {taskinstance.py:3503} INFO - 0 downstream tasks scheduled from follow-on schedule check
[2024-07-25T14:46:02.898-0300] {local_task_job_runner.py:222} INFO - ::endgroup::
[2024-07-25T14:46:59.851-0300] {local_task_job_runner.py:120} INFO - ::group::Pre task execution logs
[2024-07-25T14:46:59.859-0300] {taskinstance.py:2076} INFO - Dependencies all met for dep_context=non-requeueable deps ti=<TaskInstance: Binance_5m.get_5m_info scheduled__2024-07-25T00:50:00+00:00 [queued]>
[2024-07-25T14:46:59.862-0300] {taskinstance.py:2076} INFO - Dependencies all met for dep_context=requeueable deps ti=<TaskInstance: Binance_5m.get_5m_info scheduled__2024-07-25T00:50:00+00:00 [queued]>
[2024-07-25T14:46:59.862-0300] {taskinstance.py:2306} INFO - Starting attempt 1 of 1
[2024-07-25T14:46:59.883-0300] {taskinstance.py:2330} INFO - Executing <Task(PythonOperator): get_5m_info> on 2024-07-25 00:50:00+00:00
[2024-07-25T14:46:59.886-0300] {standard_task_runner.py:64} INFO - Started process 2606353 to run task
[2024-07-25T14:46:59.888-0300] {standard_task_runner.py:90} INFO - Running: ['airflow', 'tasks', 'run', 'Binance_5m', 'get_5m_info', 'scheduled__2024-07-25T00:50:00+00:00', '--job-id', '2096', '--raw', '--subdir', 'DAGS_FOLDER/binance_dag.py', '--cfg-path', '/tmp/tmp8937p2t0']
[2024-07-25T14:46:59.889-0300] {standard_task_runner.py:91} INFO - Job 2096: Subtask get_5m_info
[2024-07-25T14:46:59.928-0300] {task_command.py:426} INFO - Running <TaskInstance: Binance_5m.get_5m_info scheduled__2024-07-25T00:50:00+00:00 [running]> on host Galaxybook.
[2024-07-25T14:46:59.984-0300] {taskinstance.py:2648} INFO - Exporting env vars: AIRFLOW_CTX_DAG_OWNER='airflow' AIRFLOW_CTX_DAG_ID='Binance_5m' AIRFLOW_CTX_TASK_ID='get_5m_info' AIRFLOW_CTX_EXECUTION_DATE='2024-07-25T00:50:00+00:00' AIRFLOW_CTX_TRY_NUMBER='1' AIRFLOW_CTX_DAG_RUN_ID='scheduled__2024-07-25T00:50:00+00:00'
[2024-07-25T14:46:59.985-0300] {taskinstance.py:430} INFO - ::endgroup::
[2024-07-25T14:46:59.992-0300] {binance_dag.py:23} INFO - End Time: 2024-07-25T00:55:00.00Z
[2024-07-25T14:46:59.992-0300] {binance_dag.py:24} INFO - Start Time: 2024-07-25T00:50:00.00Z
[2024-07-25T14:47:00.049-0300] {base.py:84} INFO - Using connection ID 'binance_default' for task execution.
[2024-07-25T14:47:00.049-0300] {logging_mixin.py:188} INFO - https://api.binance.com
[2024-07-25T14:47:00.050-0300] {binance_hook.py:35} INFO - URL: https://api.binance.com/api/v3/klines?symbol=BTCBRL&interval=5m&startTime=1721879400000&endTime=1721879699999
[2024-07-25T14:47:00.454-0300] {binance_dag.py:43} INFO - r: [[1721879400000, '363899.00000000', '364497.00000000', '363899.00000000', '364347.00000000', '0.12491000', 1721879699999, '45506.50709000', 56, '0.11158000', '40653.23322000', '0']]
[2024-07-25T14:47:00.456-0300] {python.py:237} INFO - Done. Returned value was: None
[2024-07-25T14:47:00.456-0300] {taskinstance.py:441} INFO - ::group::Post task execution logs
[2024-07-25T14:47:00.459-0300] {taskinstance.py:1206} INFO - Marking task as SUCCESS. dag_id=Binance_5m, task_id=get_5m_info, run_id=scheduled__2024-07-25T00:50:00+00:00, execution_date=20240725T005000, start_date=20240725T174659, end_date=20240725T174700
[2024-07-25T14:47:00.506-0300] {local_task_job_runner.py:243} INFO - Task exited with return code 0
[2024-07-25T14:47:00.512-0300] {taskinstance.py:3503} INFO - 0 downstream tasks scheduled from follow-on schedule check
[2024-07-25T14:47:00.512-0300] {local_task_job_runner.py:222} INFO - ::endgroup::
[2024-07-25T15:17:13.406-0300] {local_task_job_runner.py:120} INFO - ::group::Pre task execution logs
[2024-07-25T15:17:13.413-0300] {taskinstance.py:2076} INFO - Dependencies all met for dep_context=non-requeueable deps ti=<TaskInstance: Binance_5m.get_5m_info scheduled__2024-07-25T00:50:00+00:00 [queued]>
[2024-07-25T15:17:13.416-0300] {taskinstance.py:2076} INFO - Dependencies all met for dep_context=requeueable deps ti=<TaskInstance: Binance_5m.get_5m_info scheduled__2024-07-25T00:50:00+00:00 [queued]>
[2024-07-25T15:17:13.416-0300] {taskinstance.py:2306} INFO - Starting attempt 1 of 1
[2024-07-25T15:17:13.434-0300] {taskinstance.py:2330} INFO - Executing <Task(PythonOperator): get_5m_info> on 2024-07-25 00:50:00+00:00
[2024-07-25T15:17:13.437-0300] {standard_task_runner.py:64} INFO - Started process 2628977 to run task
[2024-07-25T15:17:13.439-0300] {standard_task_runner.py:90} INFO - Running: ['airflow', 'tasks', 'run', 'Binance_5m', 'get_5m_info', 'scheduled__2024-07-25T00:50:00+00:00', '--job-id', '2545', '--raw', '--subdir', 'DAGS_FOLDER/binance_dag.py', '--cfg-path', '/tmp/tmp1vs58e9l']
[2024-07-25T15:17:13.440-0300] {standard_task_runner.py:91} INFO - Job 2545: Subtask get_5m_info
[2024-07-25T15:17:13.471-0300] {task_command.py:426} INFO - Running <TaskInstance: Binance_5m.get_5m_info scheduled__2024-07-25T00:50:00+00:00 [running]> on host Galaxybook.
[2024-07-25T15:17:13.522-0300] {taskinstance.py:2648} INFO - Exporting env vars: AIRFLOW_CTX_DAG_OWNER='airflow' AIRFLOW_CTX_DAG_ID='Binance_5m' AIRFLOW_CTX_TASK_ID='get_5m_info' AIRFLOW_CTX_EXECUTION_DATE='2024-07-25T00:50:00+00:00' AIRFLOW_CTX_TRY_NUMBER='1' AIRFLOW_CTX_DAG_RUN_ID='scheduled__2024-07-25T00:50:00+00:00'
[2024-07-25T15:17:13.523-0300] {taskinstance.py:430} INFO - ::endgroup::
[2024-07-25T15:17:13.530-0300] {binance_dag.py:23} INFO - End Time: 2024-07-25T00:55:00.00Z
[2024-07-25T15:17:13.530-0300] {binance_dag.py:24} INFO - Start Time: 2024-07-25T00:50:00.00Z
[2024-07-25T15:17:13.530-0300] {taskinstance.py:441} INFO - ::group::Post task execution logs
[2024-07-25T15:17:13.531-0300] {taskinstance.py:2905} ERROR - Task failed with exception
Traceback (most recent call last):
  File "/home/hugoviana/Documentos/data_pipeline_airflow/.venv/lib/python3.12/site-packages/airflow/models/taskinstance.py", line 465, in _execute_task
    result = _execute_callable(context=context, **execute_callable_kwargs)
             ^^^^^^^^^^^^^^^^^^^^^^^^^^^^^^^^^^^^^^^^^^^^^^^^^^^^^^^^^^^^^
  File "/home/hugoviana/Documentos/data_pipeline_airflow/.venv/lib/python3.12/site-packages/airflow/models/taskinstance.py", line 432, in _execute_callable
    return execute_callable(context=context, **execute_callable_kwargs)
           ^^^^^^^^^^^^^^^^^^^^^^^^^^^^^^^^^^^^^^^^^^^^^^^^^^^^^^^^^^^^
  File "/home/hugoviana/Documentos/data_pipeline_airflow/.venv/lib/python3.12/site-packages/airflow/models/baseoperator.py", line 401, in wrapper
    return func(self, *args, **kwargs)
           ^^^^^^^^^^^^^^^^^^^^^^^^^^^
  File "/home/hugoviana/Documentos/data_pipeline_airflow/.venv/lib/python3.12/site-packages/airflow/operators/python.py", line 235, in execute
    return_value = self.execute_callable()
                   ^^^^^^^^^^^^^^^^^^^^^^^
  File "/home/hugoviana/Documentos/data_pipeline_airflow/.venv/lib/python3.12/site-packages/airflow/operators/python.py", line 252, in execute_callable
    return self.python_callable(*self.op_args, **self.op_kwargs)
           ^^^^^^^^^^^^^^^^^^^^^^^^^^^^^^^^^^^^^^^^^^^^^^^^^^^^^
  File "/home/hugoviana/Projetos/crypto-etl/airflow_pipeline/dags/binance_dag.py", line 25, in execute
    LOGGER.info()
TypeError: Logger.info() missing 1 required positional argument: 'msg'
[2024-07-25T15:17:13.591-0300] {taskinstance.py:1206} INFO - Marking task as FAILED. dag_id=Binance_5m, task_id=get_5m_info, run_id=scheduled__2024-07-25T00:50:00+00:00, execution_date=20240725T005000, start_date=20240725T181713, end_date=20240725T181713
[2024-07-25T15:17:13.603-0300] {standard_task_runner.py:110} ERROR - Failed to execute job 2545 for task get_5m_info (Logger.info() missing 1 required positional argument: 'msg'; 2628977)
[2024-07-25T15:17:13.613-0300] {local_task_job_runner.py:243} INFO - Task exited with return code 1
[2024-07-25T15:17:13.619-0300] {taskinstance.py:3503} INFO - 0 downstream tasks scheduled from follow-on schedule check
[2024-07-25T15:17:13.620-0300] {local_task_job_runner.py:222} INFO - ::endgroup::
[2024-07-25T16:13:34.985-0300] {local_task_job_runner.py:120} INFO - ::group::Pre task execution logs
[2024-07-25T16:13:34.991-0300] {taskinstance.py:2076} INFO - Dependencies all met for dep_context=non-requeueable deps ti=<TaskInstance: Binance_5m.get_5m_info scheduled__2024-07-25T00:50:00+00:00 [queued]>
[2024-07-25T16:13:34.995-0300] {taskinstance.py:2076} INFO - Dependencies all met for dep_context=requeueable deps ti=<TaskInstance: Binance_5m.get_5m_info scheduled__2024-07-25T00:50:00+00:00 [queued]>
[2024-07-25T16:13:34.995-0300] {taskinstance.py:2306} INFO - Starting attempt 1 of 1
[2024-07-25T16:13:35.009-0300] {taskinstance.py:2330} INFO - Executing <Task(PythonOperator): get_5m_info> on 2024-07-25 00:50:00+00:00
[2024-07-25T16:13:35.011-0300] {standard_task_runner.py:64} INFO - Started process 2656552 to run task
[2024-07-25T16:13:35.013-0300] {standard_task_runner.py:90} INFO - Running: ['airflow', 'tasks', 'run', 'Binance_5m', 'get_5m_info', 'scheduled__2024-07-25T00:50:00+00:00', '--job-id', '2105', '--raw', '--subdir', 'DAGS_FOLDER/binance_dag.py', '--cfg-path', '/tmp/tmp8dq8xvdf']
[2024-07-25T16:13:35.014-0300] {standard_task_runner.py:91} INFO - Job 2105: Subtask get_5m_info
[2024-07-25T16:13:35.043-0300] {task_command.py:426} INFO - Running <TaskInstance: Binance_5m.get_5m_info scheduled__2024-07-25T00:50:00+00:00 [running]> on host Galaxybook.
[2024-07-25T16:13:35.092-0300] {taskinstance.py:2648} INFO - Exporting env vars: AIRFLOW_CTX_DAG_OWNER='airflow' AIRFLOW_CTX_DAG_ID='Binance_5m' AIRFLOW_CTX_TASK_ID='get_5m_info' AIRFLOW_CTX_EXECUTION_DATE='2024-07-25T00:50:00+00:00' AIRFLOW_CTX_TRY_NUMBER='1' AIRFLOW_CTX_DAG_RUN_ID='scheduled__2024-07-25T00:50:00+00:00'
[2024-07-25T16:13:35.093-0300] {taskinstance.py:430} INFO - ::endgroup::
[2024-07-25T16:13:35.102-0300] {binance_dag.py:22} INFO - End Time: 2024-07-25 00:55:00+00:00
[2024-07-25T16:13:35.102-0300] {binance_dag.py:23} INFO - Start Time: 2024-07-25 00:50:00+00:00
[2024-07-25T16:13:35.102-0300] {binance_dag.py:24} INFO - Start timestamp: 1721868600000
[2024-07-25T16:13:35.102-0300] {binance_dag.py:25} INFO - End timestamp: 1721868900000
[2024-07-25T16:13:35.172-0300] {base.py:84} INFO - Using connection ID 'binance_default' for task execution.
[2024-07-25T16:13:35.173-0300] {logging_mixin.py:188} INFO - https://api.binance.com
[2024-07-25T16:13:35.173-0300] {binance_hook.py:35} INFO - URL: https://api.binance.com/api/v3/klines?symbol=BTCBRL&interval=5m&startTime=1721868600000&endTime=1721868899999&timeZone=-3
[2024-07-25T16:13:35.574-0300] {python.py:237} INFO - Done. Returned value was: None
[2024-07-25T16:13:35.574-0300] {taskinstance.py:441} INFO - ::group::Post task execution logs
[2024-07-25T16:13:35.577-0300] {taskinstance.py:1206} INFO - Marking task as SUCCESS. dag_id=Binance_5m, task_id=get_5m_info, run_id=scheduled__2024-07-25T00:50:00+00:00, execution_date=20240725T005000, start_date=20240725T191334, end_date=20240725T191335
[2024-07-25T16:13:35.634-0300] {local_task_job_runner.py:243} INFO - Task exited with return code 0
[2024-07-25T16:13:35.642-0300] {taskinstance.py:3503} INFO - 0 downstream tasks scheduled from follow-on schedule check
[2024-07-25T16:13:35.643-0300] {local_task_job_runner.py:222} INFO - ::endgroup::
