[2024-07-25T14:56:38.657-0300] {local_task_job_runner.py:120} INFO - ::group::Pre task execution logs
[2024-07-25T14:56:38.661-0300] {taskinstance.py:2076} INFO - Dependencies all met for dep_context=non-requeueable deps ti=<TaskInstance: Mercado_5m.get_5m_info scheduled__2024-07-25T04:05:00+00:00 [queued]>
[2024-07-25T14:56:38.665-0300] {taskinstance.py:2076} INFO - Dependencies all met for dep_context=requeueable deps ti=<TaskInstance: Mercado_5m.get_5m_info scheduled__2024-07-25T04:05:00+00:00 [queued]>
[2024-07-25T14:56:38.665-0300] {taskinstance.py:2306} INFO - Starting attempt 1 of 1
[2024-07-25T14:56:38.679-0300] {taskinstance.py:2330} INFO - Executing <Task(PythonOperator): get_5m_info> on 2024-07-25 04:05:00+00:00
[2024-07-25T14:56:38.680-0300] {standard_task_runner.py:64} INFO - Started process 2616074 to run task
[2024-07-25T14:56:38.683-0300] {standard_task_runner.py:90} INFO - Running: ['airflow', 'tasks', 'run', 'Mercado_5m', 'get_5m_info', 'scheduled__2024-07-25T04:05:00+00:00', '--job-id', '2360', '--raw', '--subdir', 'DAGS_FOLDER/mercado_dag.py', '--cfg-path', '/tmp/tmpxmq_i4nv']
[2024-07-25T14:56:38.684-0300] {standard_task_runner.py:91} INFO - Job 2360: Subtask get_5m_info
[2024-07-25T14:56:38.714-0300] {task_command.py:426} INFO - Running <TaskInstance: Mercado_5m.get_5m_info scheduled__2024-07-25T04:05:00+00:00 [running]> on host Galaxybook.
[2024-07-25T14:56:38.774-0300] {taskinstance.py:2648} INFO - Exporting env vars: AIRFLOW_CTX_DAG_OWNER='airflow' AIRFLOW_CTX_DAG_ID='Mercado_5m' AIRFLOW_CTX_TASK_ID='get_5m_info' AIRFLOW_CTX_EXECUTION_DATE='2024-07-25T04:05:00+00:00' AIRFLOW_CTX_TRY_NUMBER='1' AIRFLOW_CTX_DAG_RUN_ID='scheduled__2024-07-25T04:05:00+00:00'
[2024-07-25T14:56:38.774-0300] {taskinstance.py:430} INFO - ::endgroup::
[2024-07-25T14:56:38.840-0300] {base.py:84} INFO - Using connection ID 'mercado_default' for task execution.
[2024-07-25T14:56:38.840-0300] {mercado_hook.py:31} INFO - URL: https://api.mercadobitcoin.net/api/v4/candles?symbol=BTC-BRL&resolution=5m&to=1721891400&from=1721891100
[2024-07-25T14:56:39.163-0300] {python.py:237} INFO - Done. Returned value was: None
[2024-07-25T14:56:39.164-0300] {taskinstance.py:441} INFO - ::group::Post task execution logs
[2024-07-25T14:56:39.166-0300] {taskinstance.py:1206} INFO - Marking task as SUCCESS. dag_id=Mercado_5m, task_id=get_5m_info, run_id=scheduled__2024-07-25T04:05:00+00:00, execution_date=20240725T040500, start_date=20240725T175638, end_date=20240725T175639
[2024-07-25T14:56:39.186-0300] {local_task_job_runner.py:243} INFO - Task exited with return code 0
[2024-07-25T14:56:39.192-0300] {taskinstance.py:3503} INFO - 0 downstream tasks scheduled from follow-on schedule check
[2024-07-25T14:56:39.192-0300] {local_task_job_runner.py:222} INFO - ::endgroup::
[2024-07-25T16:21:03.946-0300] {local_task_job_runner.py:120} INFO - ::group::Pre task execution logs
[2024-07-25T16:21:03.955-0300] {taskinstance.py:2076} INFO - Dependencies all met for dep_context=non-requeueable deps ti=<TaskInstance: Mercado_5m.get_5m_info scheduled__2024-07-25T04:05:00+00:00 [queued]>
[2024-07-25T16:21:03.960-0300] {taskinstance.py:2076} INFO - Dependencies all met for dep_context=requeueable deps ti=<TaskInstance: Mercado_5m.get_5m_info scheduled__2024-07-25T04:05:00+00:00 [queued]>
[2024-07-25T16:21:03.960-0300] {taskinstance.py:2306} INFO - Starting attempt 1 of 1
[2024-07-25T16:21:03.974-0300] {taskinstance.py:2330} INFO - Executing <Task(PythonOperator): get_5m_info> on 2024-07-25 04:05:00+00:00
[2024-07-25T16:21:03.976-0300] {standard_task_runner.py:64} INFO - Started process 2664096 to run task
[2024-07-25T16:21:03.978-0300] {standard_task_runner.py:90} INFO - Running: ['airflow', 'tasks', 'run', 'Mercado_5m', 'get_5m_info', 'scheduled__2024-07-25T04:05:00+00:00', '--job-id', '2308', '--raw', '--subdir', 'DAGS_FOLDER/mercado_dag.py', '--cfg-path', '/tmp/tmpx3o4pbe1']
[2024-07-25T16:21:03.979-0300] {standard_task_runner.py:91} INFO - Job 2308: Subtask get_5m_info
[2024-07-25T16:21:04.010-0300] {task_command.py:426} INFO - Running <TaskInstance: Mercado_5m.get_5m_info scheduled__2024-07-25T04:05:00+00:00 [running]> on host Galaxybook.
[2024-07-25T16:21:04.074-0300] {taskinstance.py:2648} INFO - Exporting env vars: AIRFLOW_CTX_DAG_OWNER='airflow' AIRFLOW_CTX_DAG_ID='Mercado_5m' AIRFLOW_CTX_TASK_ID='get_5m_info' AIRFLOW_CTX_EXECUTION_DATE='2024-07-25T04:05:00+00:00' AIRFLOW_CTX_TRY_NUMBER='1' AIRFLOW_CTX_DAG_RUN_ID='scheduled__2024-07-25T04:05:00+00:00'
[2024-07-25T16:21:04.074-0300] {taskinstance.py:430} INFO - ::endgroup::
[2024-07-25T16:21:04.085-0300] {mercado_dag.py:22} INFO - To: 2024-07-25 04:10:00+00:00
[2024-07-25T16:21:04.085-0300] {mercado_dag.py:23} INFO - From: 2024-07-25 04:05:00+00:00
[2024-07-25T16:21:04.086-0300] {mercado_dag.py:24} INFO - To timestamp: 1721880600 
[2024-07-25T16:21:04.086-0300] {mercado_dag.py:25} INFO - From timestamp: 1721880300 
[2024-07-25T16:21:04.158-0300] {base.py:84} INFO - Using connection ID 'mercado_default' for task execution.
[2024-07-25T16:21:04.159-0300] {mercado_hook.py:31} INFO - URL: https://api.mercadobitcoin.net/api/v4/candles?symbol=BTC-BRL&resolution=5m&to=1721880600&from=1721880300
[2024-07-25T16:21:04.462-0300] {python.py:237} INFO - Done. Returned value was: None
[2024-07-25T16:21:04.463-0300] {taskinstance.py:441} INFO - ::group::Post task execution logs
[2024-07-25T16:21:04.466-0300] {taskinstance.py:1206} INFO - Marking task as SUCCESS. dag_id=Mercado_5m, task_id=get_5m_info, run_id=scheduled__2024-07-25T04:05:00+00:00, execution_date=20240725T040500, start_date=20240725T192103, end_date=20240725T192104
[2024-07-25T16:21:04.480-0300] {local_task_job_runner.py:243} INFO - Task exited with return code 0
[2024-07-25T16:21:04.487-0300] {taskinstance.py:3503} INFO - 0 downstream tasks scheduled from follow-on schedule check
[2024-07-25T16:21:04.487-0300] {local_task_job_runner.py:222} INFO - ::endgroup::
