[2024-07-25T14:29:11.996-0300] {local_task_job_runner.py:120} INFO - ::group::Pre task execution logs
[2024-07-25T14:29:12.002-0300] {taskinstance.py:2076} INFO - Dependencies all met for dep_context=non-requeueable deps ti=<TaskInstance: Binance_5m.get_5m_info scheduled__2024-07-25T14:55:00+00:00 [queued]>
[2024-07-25T14:29:12.005-0300] {taskinstance.py:2076} INFO - Dependencies all met for dep_context=requeueable deps ti=<TaskInstance: Binance_5m.get_5m_info scheduled__2024-07-25T14:55:00+00:00 [queued]>
[2024-07-25T14:29:12.005-0300] {taskinstance.py:2306} INFO - Starting attempt 1 of 1
[2024-07-25T14:29:12.023-0300] {taskinstance.py:2330} INFO - Executing <Task(PythonOperator): get_5m_info> on 2024-07-25 14:55:00+00:00
[2024-07-25T14:29:12.025-0300] {standard_task_runner.py:64} INFO - Started process 2592005 to run task
[2024-07-25T14:29:12.027-0300] {standard_task_runner.py:90} INFO - Running: ['airflow', 'tasks', 'run', 'Binance_5m', 'get_5m_info', 'scheduled__2024-07-25T14:55:00+00:00', '--job-id', '2151', '--raw', '--subdir', 'DAGS_FOLDER/binance_dag.py', '--cfg-path', '/tmp/tmpnrye899j']
[2024-07-25T14:29:12.028-0300] {standard_task_runner.py:91} INFO - Job 2151: Subtask get_5m_info
[2024-07-25T14:29:12.057-0300] {task_command.py:426} INFO - Running <TaskInstance: Binance_5m.get_5m_info scheduled__2024-07-25T14:55:00+00:00 [running]> on host Galaxybook.
[2024-07-25T14:29:12.121-0300] {taskinstance.py:2648} INFO - Exporting env vars: AIRFLOW_CTX_DAG_OWNER='airflow' AIRFLOW_CTX_DAG_ID='Binance_5m' AIRFLOW_CTX_TASK_ID='get_5m_info' AIRFLOW_CTX_EXECUTION_DATE='2024-07-25T14:55:00+00:00' AIRFLOW_CTX_TRY_NUMBER='1' AIRFLOW_CTX_DAG_RUN_ID='scheduled__2024-07-25T14:55:00+00:00'
[2024-07-25T14:29:12.122-0300] {taskinstance.py:430} INFO - ::endgroup::
[2024-07-25T14:29:12.132-0300] {binance_dag.py:23} INFO - End Time: 2024-07-25T15:00:00.00Z
[2024-07-25T14:29:12.210-0300] {base.py:84} INFO - Using connection ID 'binance_default' for task execution.
[2024-07-25T14:29:12.211-0300] {logging_mixin.py:188} INFO - https://api.binance.com
[2024-07-25T14:29:12.212-0300] {binance_hook.py:35} INFO - URL: https://api.binance.com/api/v3/klines?symbol=BTCBRL&interval=5m&startTime=1721930100000&endTime=1721930400000
[2024-07-25T14:29:12.650-0300] {python.py:237} INFO - Done. Returned value was: None
[2024-07-25T14:29:12.650-0300] {taskinstance.py:441} INFO - ::group::Post task execution logs
[2024-07-25T14:29:12.653-0300] {taskinstance.py:1206} INFO - Marking task as SUCCESS. dag_id=Binance_5m, task_id=get_5m_info, run_id=scheduled__2024-07-25T14:55:00+00:00, execution_date=20240725T145500, start_date=20240725T172912, end_date=20240725T172912
[2024-07-25T14:29:12.689-0300] {local_task_job_runner.py:243} INFO - Task exited with return code 0
[2024-07-25T14:29:12.697-0300] {taskinstance.py:3503} INFO - 0 downstream tasks scheduled from follow-on schedule check
[2024-07-25T14:29:12.698-0300] {local_task_job_runner.py:222} INFO - ::endgroup::
[2024-07-25T14:32:24.866-0300] {local_task_job_runner.py:120} INFO - ::group::Pre task execution logs
[2024-07-25T14:32:24.871-0300] {taskinstance.py:2076} INFO - Dependencies all met for dep_context=non-requeueable deps ti=<TaskInstance: Binance_5m.get_5m_info scheduled__2024-07-25T14:55:00+00:00 [queued]>
[2024-07-25T14:32:24.874-0300] {taskinstance.py:2076} INFO - Dependencies all met for dep_context=requeueable deps ti=<TaskInstance: Binance_5m.get_5m_info scheduled__2024-07-25T14:55:00+00:00 [queued]>
[2024-07-25T14:32:24.875-0300] {taskinstance.py:2306} INFO - Starting attempt 1 of 1
[2024-07-25T14:32:24.888-0300] {taskinstance.py:2330} INFO - Executing <Task(PythonOperator): get_5m_info> on 2024-07-25 14:55:00+00:00
[2024-07-25T14:32:24.889-0300] {standard_task_runner.py:64} INFO - Started process 2595282 to run task
[2024-07-25T14:32:24.891-0300] {standard_task_runner.py:90} INFO - Running: ['airflow', 'tasks', 'run', 'Binance_5m', 'get_5m_info', 'scheduled__2024-07-25T14:55:00+00:00', '--job-id', '2155', '--raw', '--subdir', 'DAGS_FOLDER/binance_dag.py', '--cfg-path', '/tmp/tmp__zj64tq']
[2024-07-25T14:32:24.892-0300] {standard_task_runner.py:91} INFO - Job 2155: Subtask get_5m_info
[2024-07-25T14:32:24.919-0300] {task_command.py:426} INFO - Running <TaskInstance: Binance_5m.get_5m_info scheduled__2024-07-25T14:55:00+00:00 [running]> on host Galaxybook.
[2024-07-25T14:32:24.969-0300] {taskinstance.py:2648} INFO - Exporting env vars: AIRFLOW_CTX_DAG_OWNER='airflow' AIRFLOW_CTX_DAG_ID='Binance_5m' AIRFLOW_CTX_TASK_ID='get_5m_info' AIRFLOW_CTX_EXECUTION_DATE='2024-07-25T14:55:00+00:00' AIRFLOW_CTX_TRY_NUMBER='1' AIRFLOW_CTX_DAG_RUN_ID='scheduled__2024-07-25T14:55:00+00:00'
[2024-07-25T14:32:24.969-0300] {taskinstance.py:430} INFO - ::endgroup::
[2024-07-25T14:32:24.976-0300] {binance_dag.py:23} INFO - End Time: 2024-07-25T15:00:00.00Z
[2024-07-25T14:32:25.030-0300] {base.py:84} INFO - Using connection ID 'binance_default' for task execution.
[2024-07-25T14:32:25.030-0300] {logging_mixin.py:188} INFO - https://api.binance.com
[2024-07-25T14:32:25.031-0300] {binance_hook.py:35} INFO - URL: https://api.binance.com/api/v3/klines?symbol=BTCBRL&interval=5m&startTime=1721930100000&endTime=1721930400000
[2024-07-25T14:32:25.426-0300] {binance_dag.py:42} INFO - []
[2024-07-25T14:32:25.427-0300] {python.py:237} INFO - Done. Returned value was: None
[2024-07-25T14:32:25.428-0300] {taskinstance.py:441} INFO - ::group::Post task execution logs
[2024-07-25T14:32:25.431-0300] {taskinstance.py:1206} INFO - Marking task as SUCCESS. dag_id=Binance_5m, task_id=get_5m_info, run_id=scheduled__2024-07-25T14:55:00+00:00, execution_date=20240725T145500, start_date=20240725T173224, end_date=20240725T173225
[2024-07-25T14:32:25.477-0300] {local_task_job_runner.py:243} INFO - Task exited with return code 0
[2024-07-25T14:32:25.484-0300] {taskinstance.py:3503} INFO - 0 downstream tasks scheduled from follow-on schedule check
[2024-07-25T14:32:25.485-0300] {local_task_job_runner.py:222} INFO - ::endgroup::
[2024-07-25T14:53:41.329-0300] {local_task_job_runner.py:120} INFO - ::group::Pre task execution logs
[2024-07-25T14:53:41.334-0300] {taskinstance.py:2076} INFO - Dependencies all met for dep_context=non-requeueable deps ti=<TaskInstance: Binance_5m.get_5m_info scheduled__2024-07-25T14:55:00+00:00 [queued]>
[2024-07-25T14:53:41.338-0300] {taskinstance.py:2076} INFO - Dependencies all met for dep_context=requeueable deps ti=<TaskInstance: Binance_5m.get_5m_info scheduled__2024-07-25T14:55:00+00:00 [queued]>
[2024-07-25T14:53:41.338-0300] {taskinstance.py:2306} INFO - Starting attempt 1 of 1
[2024-07-25T14:53:41.351-0300] {taskinstance.py:2330} INFO - Executing <Task(PythonOperator): get_5m_info> on 2024-07-25 14:55:00+00:00
[2024-07-25T14:53:41.353-0300] {standard_task_runner.py:64} INFO - Started process 2613061 to run task
[2024-07-25T14:53:41.354-0300] {standard_task_runner.py:90} INFO - Running: ['airflow', 'tasks', 'run', 'Binance_5m', 'get_5m_info', 'scheduled__2024-07-25T14:55:00+00:00', '--job-id', '2271', '--raw', '--subdir', 'DAGS_FOLDER/binance_dag.py', '--cfg-path', '/tmp/tmpk4t5vy3r']
[2024-07-25T14:53:41.355-0300] {standard_task_runner.py:91} INFO - Job 2271: Subtask get_5m_info
[2024-07-25T14:53:41.382-0300] {task_command.py:426} INFO - Running <TaskInstance: Binance_5m.get_5m_info scheduled__2024-07-25T14:55:00+00:00 [running]> on host Galaxybook.
[2024-07-25T14:53:41.437-0300] {taskinstance.py:2648} INFO - Exporting env vars: AIRFLOW_CTX_DAG_OWNER='airflow' AIRFLOW_CTX_DAG_ID='Binance_5m' AIRFLOW_CTX_TASK_ID='get_5m_info' AIRFLOW_CTX_EXECUTION_DATE='2024-07-25T14:55:00+00:00' AIRFLOW_CTX_TRY_NUMBER='1' AIRFLOW_CTX_DAG_RUN_ID='scheduled__2024-07-25T14:55:00+00:00'
[2024-07-25T14:53:41.437-0300] {taskinstance.py:430} INFO - ::endgroup::
[2024-07-25T14:53:41.446-0300] {binance_dag.py:23} INFO - End Time: 2024-07-25T15:00:00.00Z
[2024-07-25T14:53:41.446-0300] {binance_dag.py:24} INFO - Start Time: 2024-07-25T14:55:00.00Z
[2024-07-25T14:53:41.499-0300] {base.py:84} INFO - Using connection ID 'binance_default' for task execution.
[2024-07-25T14:53:41.499-0300] {logging_mixin.py:188} INFO - https://api.binance.com
[2024-07-25T14:53:41.500-0300] {binance_hook.py:35} INFO - URL: https://api.binance.com/api/v3/klines?symbol=BTCBRL&interval=5m&startTime=1721930100000&endTime=1721930399999
[2024-07-25T14:53:41.893-0300] {binance_dag.py:43} INFO - r: []
[2024-07-25T14:53:41.894-0300] {python.py:237} INFO - Done. Returned value was: None
[2024-07-25T14:53:41.895-0300] {taskinstance.py:441} INFO - ::group::Post task execution logs
[2024-07-25T14:53:41.897-0300] {taskinstance.py:1206} INFO - Marking task as SUCCESS. dag_id=Binance_5m, task_id=get_5m_info, run_id=scheduled__2024-07-25T14:55:00+00:00, execution_date=20240725T145500, start_date=20240725T175341, end_date=20240725T175341
[2024-07-25T14:53:41.939-0300] {local_task_job_runner.py:243} INFO - Task exited with return code 0
[2024-07-25T14:53:41.945-0300] {taskinstance.py:3503} INFO - 0 downstream tasks scheduled from follow-on schedule check
[2024-07-25T14:53:41.945-0300] {local_task_job_runner.py:222} INFO - ::endgroup::
[2024-07-25T15:23:29.248-0300] {local_task_job_runner.py:120} INFO - ::group::Pre task execution logs
[2024-07-25T15:23:29.253-0300] {taskinstance.py:2076} INFO - Dependencies all met for dep_context=non-requeueable deps ti=<TaskInstance: Binance_5m.get_5m_info scheduled__2024-07-25T14:55:00+00:00 [queued]>
[2024-07-25T15:23:29.256-0300] {taskinstance.py:2076} INFO - Dependencies all met for dep_context=requeueable deps ti=<TaskInstance: Binance_5m.get_5m_info scheduled__2024-07-25T14:55:00+00:00 [queued]>
[2024-07-25T15:23:29.256-0300] {taskinstance.py:2306} INFO - Starting attempt 1 of 1
[2024-07-25T15:23:29.269-0300] {taskinstance.py:2330} INFO - Executing <Task(PythonOperator): get_5m_info> on 2024-07-25 14:55:00+00:00
[2024-07-25T15:23:29.270-0300] {standard_task_runner.py:64} INFO - Started process 2635173 to run task
[2024-07-25T15:23:29.272-0300] {standard_task_runner.py:90} INFO - Running: ['airflow', 'tasks', 'run', 'Binance_5m', 'get_5m_info', 'scheduled__2024-07-25T14:55:00+00:00', '--job-id', '2714', '--raw', '--subdir', 'DAGS_FOLDER/binance_dag.py', '--cfg-path', '/tmp/tmptc9ggm4a']
[2024-07-25T15:23:29.273-0300] {standard_task_runner.py:91} INFO - Job 2714: Subtask get_5m_info
[2024-07-25T15:23:29.299-0300] {task_command.py:426} INFO - Running <TaskInstance: Binance_5m.get_5m_info scheduled__2024-07-25T14:55:00+00:00 [running]> on host Galaxybook.
[2024-07-25T15:23:29.351-0300] {taskinstance.py:2648} INFO - Exporting env vars: AIRFLOW_CTX_DAG_OWNER='airflow' AIRFLOW_CTX_DAG_ID='Binance_5m' AIRFLOW_CTX_TASK_ID='get_5m_info' AIRFLOW_CTX_EXECUTION_DATE='2024-07-25T14:55:00+00:00' AIRFLOW_CTX_TRY_NUMBER='1' AIRFLOW_CTX_DAG_RUN_ID='scheduled__2024-07-25T14:55:00+00:00'
[2024-07-25T15:23:29.351-0300] {taskinstance.py:430} INFO - ::endgroup::
[2024-07-25T15:23:29.361-0300] {binance_dag.py:23} INFO - End Time: 2024-07-25T15:00:00.00Z
[2024-07-25T15:23:29.361-0300] {binance_dag.py:24} INFO - Start Time: 2024-07-25T14:55:00.00Z
[2024-07-25T15:23:29.423-0300] {binance_dag.py:25} INFO - 1721930100000
[2024-07-25T15:23:29.426-0300] {base.py:84} INFO - Using connection ID 'binance_default' for task execution.
[2024-07-25T15:23:29.426-0300] {logging_mixin.py:188} INFO - https://api.binance.com
[2024-07-25T15:23:29.426-0300] {binance_hook.py:35} INFO - URL: https://api.binance.com/api/v3/klines?symbol=BTCBRL&interval=5m&startTime=1721930100000&endTime=1721930399999
[2024-07-25T15:23:29.831-0300] {python.py:237} INFO - Done. Returned value was: None
[2024-07-25T15:23:29.832-0300] {taskinstance.py:441} INFO - ::group::Post task execution logs
[2024-07-25T15:23:29.835-0300] {taskinstance.py:1206} INFO - Marking task as SUCCESS. dag_id=Binance_5m, task_id=get_5m_info, run_id=scheduled__2024-07-25T14:55:00+00:00, execution_date=20240725T145500, start_date=20240725T182329, end_date=20240725T182329
[2024-07-25T15:23:29.852-0300] {local_task_job_runner.py:243} INFO - Task exited with return code 0
[2024-07-25T15:23:29.858-0300] {taskinstance.py:3503} INFO - 0 downstream tasks scheduled from follow-on schedule check
[2024-07-25T15:23:29.858-0300] {local_task_job_runner.py:222} INFO - ::endgroup::
[2024-07-25T16:21:50.163-0300] {local_task_job_runner.py:120} INFO - ::group::Pre task execution logs
[2024-07-25T16:21:50.168-0300] {taskinstance.py:2076} INFO - Dependencies all met for dep_context=non-requeueable deps ti=<TaskInstance: Binance_5m.get_5m_info scheduled__2024-07-25T14:55:00+00:00 [queued]>
[2024-07-25T16:21:50.172-0300] {taskinstance.py:2076} INFO - Dependencies all met for dep_context=requeueable deps ti=<TaskInstance: Binance_5m.get_5m_info scheduled__2024-07-25T14:55:00+00:00 [queued]>
[2024-07-25T16:21:50.172-0300] {taskinstance.py:2306} INFO - Starting attempt 1 of 1
[2024-07-25T16:21:50.187-0300] {taskinstance.py:2330} INFO - Executing <Task(PythonOperator): get_5m_info> on 2024-07-25 14:55:00+00:00
[2024-07-25T16:21:50.188-0300] {standard_task_runner.py:64} INFO - Started process 2664876 to run task
[2024-07-25T16:21:50.190-0300] {standard_task_runner.py:90} INFO - Running: ['airflow', 'tasks', 'run', 'Binance_5m', 'get_5m_info', 'scheduled__2024-07-25T14:55:00+00:00', '--job-id', '2329', '--raw', '--subdir', 'DAGS_FOLDER/binance_dag.py', '--cfg-path', '/tmp/tmpx5ytv_yv']
[2024-07-25T16:21:50.191-0300] {standard_task_runner.py:91} INFO - Job 2329: Subtask get_5m_info
[2024-07-25T16:21:50.215-0300] {task_command.py:426} INFO - Running <TaskInstance: Binance_5m.get_5m_info scheduled__2024-07-25T14:55:00+00:00 [running]> on host Galaxybook.
[2024-07-25T16:21:50.268-0300] {taskinstance.py:2648} INFO - Exporting env vars: AIRFLOW_CTX_DAG_OWNER='airflow' AIRFLOW_CTX_DAG_ID='Binance_5m' AIRFLOW_CTX_TASK_ID='get_5m_info' AIRFLOW_CTX_EXECUTION_DATE='2024-07-25T14:55:00+00:00' AIRFLOW_CTX_TRY_NUMBER='1' AIRFLOW_CTX_DAG_RUN_ID='scheduled__2024-07-25T14:55:00+00:00'
[2024-07-25T16:21:50.269-0300] {taskinstance.py:430} INFO - ::endgroup::
[2024-07-25T16:21:50.277-0300] {binance_dag.py:22} INFO - End Time: 2024-07-25 15:00:00+00:00
[2024-07-25T16:21:50.277-0300] {binance_dag.py:23} INFO - Start Time: 2024-07-25 14:55:00+00:00
[2024-07-25T16:21:50.278-0300] {binance_dag.py:24} INFO - Start timestamp: 1721919300000
[2024-07-25T16:21:50.278-0300] {binance_dag.py:25} INFO - End timestamp: 1721919600000
[2024-07-25T16:21:50.342-0300] {base.py:84} INFO - Using connection ID 'binance_default' for task execution.
[2024-07-25T16:21:50.342-0300] {logging_mixin.py:188} INFO - https://api.binance.com
[2024-07-25T16:21:50.343-0300] {binance_hook.py:35} INFO - URL: https://api.binance.com/api/v3/klines?symbol=BTCBRL&interval=5m&startTime=1721919300000&endTime=1721919599999&timeZone=-3
[2024-07-25T16:21:50.803-0300] {python.py:237} INFO - Done. Returned value was: None
[2024-07-25T16:21:50.804-0300] {taskinstance.py:441} INFO - ::group::Post task execution logs
[2024-07-25T16:21:50.806-0300] {taskinstance.py:1206} INFO - Marking task as SUCCESS. dag_id=Binance_5m, task_id=get_5m_info, run_id=scheduled__2024-07-25T14:55:00+00:00, execution_date=20240725T145500, start_date=20240725T192150, end_date=20240725T192150
[2024-07-25T16:21:50.861-0300] {local_task_job_runner.py:243} INFO - Task exited with return code 0
[2024-07-25T16:21:50.869-0300] {taskinstance.py:3503} INFO - 0 downstream tasks scheduled from follow-on schedule check
[2024-07-25T16:21:50.869-0300] {local_task_job_runner.py:222} INFO - ::endgroup::
