[2024-07-25T17:25:40.674-0300] {local_task_job_runner.py:120} INFO - ::group::Pre task execution logs
[2024-07-25T17:25:40.682-0300] {taskinstance.py:2076} INFO - Dependencies all met for dep_context=non-requeueable deps ti=<TaskInstance: Mercado_1m.get_5m_info scheduled__2024-07-25T13:48:00+00:00 [queued]>
[2024-07-25T17:25:40.687-0300] {taskinstance.py:2076} INFO - Dependencies all met for dep_context=requeueable deps ti=<TaskInstance: Mercado_1m.get_5m_info scheduled__2024-07-25T13:48:00+00:00 [queued]>
[2024-07-25T17:25:40.687-0300] {taskinstance.py:2306} INFO - Starting attempt 1 of 1
[2024-07-25T17:25:40.701-0300] {taskinstance.py:2330} INFO - Executing <Task(PythonOperator): get_5m_info> on 2024-07-25 13:48:00+00:00
[2024-07-25T17:25:40.703-0300] {standard_task_runner.py:64} INFO - Started process 2696716 to run task
[2024-07-25T17:25:40.705-0300] {standard_task_runner.py:90} INFO - Running: ['airflow', 'tasks', 'run', 'Mercado_1m', 'get_5m_info', 'scheduled__2024-07-25T13:48:00+00:00', '--job-id', '2584', '--raw', '--subdir', 'DAGS_FOLDER/mercado_dag.py', '--cfg-path', '/tmp/tmp3575v5lt']
[2024-07-25T17:25:40.707-0300] {standard_task_runner.py:91} INFO - Job 2584: Subtask get_5m_info
[2024-07-25T17:25:40.731-0300] {task_command.py:426} INFO - Running <TaskInstance: Mercado_1m.get_5m_info scheduled__2024-07-25T13:48:00+00:00 [running]> on host Galaxybook.
[2024-07-25T17:25:40.786-0300] {taskinstance.py:2648} INFO - Exporting env vars: AIRFLOW_CTX_DAG_OWNER='airflow' AIRFLOW_CTX_DAG_ID='Mercado_1m' AIRFLOW_CTX_TASK_ID='get_5m_info' AIRFLOW_CTX_EXECUTION_DATE='2024-07-25T13:48:00+00:00' AIRFLOW_CTX_TRY_NUMBER='1' AIRFLOW_CTX_DAG_RUN_ID='scheduled__2024-07-25T13:48:00+00:00'
[2024-07-25T17:25:40.786-0300] {taskinstance.py:430} INFO - ::endgroup::
[2024-07-25T17:25:40.794-0300] {mercado_dag.py:21} INFO - To: 2024-07-25 13:49:00+00:00
[2024-07-25T17:25:40.794-0300] {mercado_dag.py:22} INFO - From: 2024-07-25 13:48:00+00:00
[2024-07-25T17:25:40.794-0300] {mercado_dag.py:23} INFO - To timestamp: 1721915340 
[2024-07-25T17:25:40.795-0300] {mercado_dag.py:24} INFO - From timestamp: 1721915280 
[2024-07-25T17:25:40.855-0300] {base.py:84} INFO - Using connection ID 'mercado_default' for task execution.
[2024-07-25T17:25:40.856-0300] {mercado_hook.py:31} INFO - URL: https://api.mercadobitcoin.net/api/v4/candles?symbol=BTC-BRL&resolution=1m&to=1721915340&from=1721915280
[2024-07-25T17:25:41.122-0300] {python.py:237} INFO - Done. Returned value was: None
[2024-07-25T17:25:41.123-0300] {taskinstance.py:441} INFO - ::group::Post task execution logs
[2024-07-25T17:25:41.125-0300] {taskinstance.py:1206} INFO - Marking task as SUCCESS. dag_id=Mercado_1m, task_id=get_5m_info, run_id=scheduled__2024-07-25T13:48:00+00:00, execution_date=20240725T134800, start_date=20240725T202540, end_date=20240725T202541
[2024-07-25T17:25:41.165-0300] {local_task_job_runner.py:243} INFO - Task exited with return code 0
[2024-07-25T17:25:41.171-0300] {taskinstance.py:3503} INFO - 0 downstream tasks scheduled from follow-on schedule check
[2024-07-25T17:25:41.171-0300] {local_task_job_runner.py:222} INFO - ::endgroup::
