[2024-07-25T14:55:01.105-0300] {local_task_job_runner.py:120} INFO - ::group::Pre task execution logs
[2024-07-25T14:55:01.115-0300] {taskinstance.py:2076} INFO - Dependencies all met for dep_context=non-requeueable deps ti=<TaskInstance: Mercado_5m.get_5m_info scheduled__2024-07-25T00:50:00+00:00 [queued]>
[2024-07-25T14:55:01.121-0300] {taskinstance.py:2076} INFO - Dependencies all met for dep_context=requeueable deps ti=<TaskInstance: Mercado_5m.get_5m_info scheduled__2024-07-25T00:50:00+00:00 [queued]>
[2024-07-25T14:55:01.121-0300] {taskinstance.py:2306} INFO - Starting attempt 1 of 1
[2024-07-25T14:55:01.141-0300] {taskinstance.py:2330} INFO - Executing <Task(PythonOperator): get_5m_info> on 2024-07-25 00:50:00+00:00
[2024-07-25T14:55:01.143-0300] {standard_task_runner.py:64} INFO - Started process 2614451 to run task
[2024-07-25T14:55:01.145-0300] {standard_task_runner.py:90} INFO - Running: ['airflow', 'tasks', 'run', 'Mercado_5m', 'get_5m_info', 'scheduled__2024-07-25T00:50:00+00:00', '--job-id', '2311', '--raw', '--subdir', 'DAGS_FOLDER/mercado_dag.py', '--cfg-path', '/tmp/tmp92k9jlwe']
[2024-07-25T14:55:01.146-0300] {standard_task_runner.py:91} INFO - Job 2311: Subtask get_5m_info
[2024-07-25T14:55:01.176-0300] {task_command.py:426} INFO - Running <TaskInstance: Mercado_5m.get_5m_info scheduled__2024-07-25T00:50:00+00:00 [running]> on host Galaxybook.
[2024-07-25T14:55:01.230-0300] {taskinstance.py:2648} INFO - Exporting env vars: AIRFLOW_CTX_DAG_OWNER='airflow' AIRFLOW_CTX_DAG_ID='Mercado_5m' AIRFLOW_CTX_TASK_ID='get_5m_info' AIRFLOW_CTX_EXECUTION_DATE='2024-07-25T00:50:00+00:00' AIRFLOW_CTX_TRY_NUMBER='1' AIRFLOW_CTX_DAG_RUN_ID='scheduled__2024-07-25T00:50:00+00:00'
[2024-07-25T14:55:01.231-0300] {taskinstance.py:430} INFO - ::endgroup::
[2024-07-25T14:55:01.318-0300] {base.py:84} INFO - Using connection ID 'mercado_default' for task execution.
[2024-07-25T14:55:01.319-0300] {mercado_hook.py:31} INFO - URL: https://api.mercadobitcoin.net/api/v4/candles?symbol=BTC-BRL&resolution=5m&to=1721879700&from=1721879400
[2024-07-25T14:55:01.591-0300] {python.py:237} INFO - Done. Returned value was: None
[2024-07-25T14:55:01.591-0300] {taskinstance.py:441} INFO - ::group::Post task execution logs
[2024-07-25T14:55:01.594-0300] {taskinstance.py:1206} INFO - Marking task as SUCCESS. dag_id=Mercado_5m, task_id=get_5m_info, run_id=scheduled__2024-07-25T00:50:00+00:00, execution_date=20240725T005000, start_date=20240725T175501, end_date=20240725T175501
[2024-07-25T14:55:01.648-0300] {local_task_job_runner.py:243} INFO - Task exited with return code 0
[2024-07-25T14:55:01.656-0300] {taskinstance.py:3503} INFO - 0 downstream tasks scheduled from follow-on schedule check
[2024-07-25T14:55:01.656-0300] {local_task_job_runner.py:222} INFO - ::endgroup::
[2024-07-25T16:18:31.783-0300] {local_task_job_runner.py:120} INFO - ::group::Pre task execution logs
[2024-07-25T16:18:31.795-0300] {taskinstance.py:2076} INFO - Dependencies all met for dep_context=non-requeueable deps ti=<TaskInstance: Mercado_5m.get_5m_info scheduled__2024-07-25T00:50:00+00:00 [queued]>
[2024-07-25T16:18:31.803-0300] {taskinstance.py:2076} INFO - Dependencies all met for dep_context=requeueable deps ti=<TaskInstance: Mercado_5m.get_5m_info scheduled__2024-07-25T00:50:00+00:00 [queued]>
[2024-07-25T16:18:31.804-0300] {taskinstance.py:2306} INFO - Starting attempt 1 of 1
[2024-07-25T16:18:31.825-0300] {taskinstance.py:2330} INFO - Executing <Task(PythonOperator): get_5m_info> on 2024-07-25 00:50:00+00:00
[2024-07-25T16:18:31.828-0300] {standard_task_runner.py:64} INFO - Started process 2661501 to run task
[2024-07-25T16:18:31.831-0300] {standard_task_runner.py:90} INFO - Running: ['airflow', 'tasks', 'run', 'Mercado_5m', 'get_5m_info', 'scheduled__2024-07-25T00:50:00+00:00', '--job-id', '2230', '--raw', '--subdir', 'DAGS_FOLDER/mercado_dag.py', '--cfg-path', '/tmp/tmpmfh750_h']
[2024-07-25T16:18:31.832-0300] {standard_task_runner.py:91} INFO - Job 2230: Subtask get_5m_info
[2024-07-25T16:18:31.875-0300] {task_command.py:426} INFO - Running <TaskInstance: Mercado_5m.get_5m_info scheduled__2024-07-25T00:50:00+00:00 [running]> on host Galaxybook.
[2024-07-25T16:18:31.930-0300] {taskinstance.py:2648} INFO - Exporting env vars: AIRFLOW_CTX_DAG_OWNER='airflow' AIRFLOW_CTX_DAG_ID='Mercado_5m' AIRFLOW_CTX_TASK_ID='get_5m_info' AIRFLOW_CTX_EXECUTION_DATE='2024-07-25T00:50:00+00:00' AIRFLOW_CTX_TRY_NUMBER='1' AIRFLOW_CTX_DAG_RUN_ID='scheduled__2024-07-25T00:50:00+00:00'
[2024-07-25T16:18:31.930-0300] {taskinstance.py:430} INFO - ::endgroup::
[2024-07-25T16:18:31.939-0300] {mercado_dag.py:22} INFO - To: 2024-07-25 00:55:00+00:00
[2024-07-25T16:18:31.939-0300] {mercado_dag.py:23} INFO - From: 2024-07-25 00:50:00+00:00
[2024-07-25T16:18:32.004-0300] {base.py:84} INFO - Using connection ID 'mercado_default' for task execution.
[2024-07-25T16:18:32.005-0300] {mercado_hook.py:31} INFO - URL: https://api.mercadobitcoin.net/api/v4/candles?symbol=BTC-BRL&resolution=5m&to=1721868900&from=1721868600
[2024-07-25T16:18:32.406-0300] {python.py:237} INFO - Done. Returned value was: None
[2024-07-25T16:18:32.407-0300] {taskinstance.py:441} INFO - ::group::Post task execution logs
[2024-07-25T16:18:32.410-0300] {taskinstance.py:1206} INFO - Marking task as SUCCESS. dag_id=Mercado_5m, task_id=get_5m_info, run_id=scheduled__2024-07-25T00:50:00+00:00, execution_date=20240725T005000, start_date=20240725T191831, end_date=20240725T191832
[2024-07-25T16:18:32.454-0300] {local_task_job_runner.py:243} INFO - Task exited with return code 0
[2024-07-25T16:18:32.461-0300] {taskinstance.py:3503} INFO - 0 downstream tasks scheduled from follow-on schedule check
[2024-07-25T16:18:32.462-0300] {local_task_job_runner.py:222} INFO - ::endgroup::
[2024-07-25T16:22:42.090-0300] {local_task_job_runner.py:120} INFO - ::group::Pre task execution logs
[2024-07-25T16:22:42.096-0300] {taskinstance.py:2076} INFO - Dependencies all met for dep_context=non-requeueable deps ti=<TaskInstance: Mercado_5m.get_5m_info scheduled__2024-07-25T00:50:00+00:00 [queued]>
[2024-07-25T16:22:42.099-0300] {taskinstance.py:2076} INFO - Dependencies all met for dep_context=requeueable deps ti=<TaskInstance: Mercado_5m.get_5m_info scheduled__2024-07-25T00:50:00+00:00 [queued]>
[2024-07-25T16:22:42.099-0300] {taskinstance.py:2306} INFO - Starting attempt 1 of 1
[2024-07-25T16:22:42.112-0300] {taskinstance.py:2330} INFO - Executing <Task(PythonOperator): get_5m_info> on 2024-07-25 00:50:00+00:00
[2024-07-25T16:22:42.114-0300] {standard_task_runner.py:64} INFO - Started process 2665753 to run task
[2024-07-25T16:22:42.116-0300] {standard_task_runner.py:90} INFO - Running: ['airflow', 'tasks', 'run', 'Mercado_5m', 'get_5m_info', 'scheduled__2024-07-25T00:50:00+00:00', '--job-id', '2354', '--raw', '--subdir', 'DAGS_FOLDER/mercado_dag.py', '--cfg-path', '/tmp/tmpkuapt_cs']
[2024-07-25T16:22:42.117-0300] {standard_task_runner.py:91} INFO - Job 2354: Subtask get_5m_info
[2024-07-25T16:22:42.146-0300] {task_command.py:426} INFO - Running <TaskInstance: Mercado_5m.get_5m_info scheduled__2024-07-25T00:50:00+00:00 [running]> on host Galaxybook.
[2024-07-25T16:22:42.195-0300] {taskinstance.py:2648} INFO - Exporting env vars: AIRFLOW_CTX_DAG_OWNER='airflow' AIRFLOW_CTX_DAG_ID='Mercado_5m' AIRFLOW_CTX_TASK_ID='get_5m_info' AIRFLOW_CTX_EXECUTION_DATE='2024-07-25T00:50:00+00:00' AIRFLOW_CTX_TRY_NUMBER='1' AIRFLOW_CTX_DAG_RUN_ID='scheduled__2024-07-25T00:50:00+00:00'
[2024-07-25T16:22:42.195-0300] {taskinstance.py:430} INFO - ::endgroup::
[2024-07-25T16:22:42.203-0300] {mercado_dag.py:22} INFO - To: 2024-07-25 00:55:00+00:00
[2024-07-25T16:22:42.204-0300] {mercado_dag.py:23} INFO - From: 2024-07-25 00:50:00+00:00
[2024-07-25T16:22:42.204-0300] {mercado_dag.py:24} INFO - To timestamp: 1721868900 
[2024-07-25T16:22:42.204-0300] {mercado_dag.py:25} INFO - From timestamp: 1721868600 
[2024-07-25T16:22:42.261-0300] {base.py:84} INFO - Using connection ID 'mercado_default' for task execution.
[2024-07-25T16:22:42.262-0300] {mercado_hook.py:31} INFO - URL: https://api.mercadobitcoin.net/api/v4/candles?symbol=BTC-BRL&resolution=5m&to=1721868900&from=1721868600
[2024-07-25T16:22:42.531-0300] {python.py:237} INFO - Done. Returned value was: None
[2024-07-25T16:22:42.532-0300] {taskinstance.py:441} INFO - ::group::Post task execution logs
[2024-07-25T16:22:42.535-0300] {taskinstance.py:1206} INFO - Marking task as SUCCESS. dag_id=Mercado_5m, task_id=get_5m_info, run_id=scheduled__2024-07-25T00:50:00+00:00, execution_date=20240725T005000, start_date=20240725T192242, end_date=20240725T192242
[2024-07-25T16:22:42.578-0300] {local_task_job_runner.py:243} INFO - Task exited with return code 0
[2024-07-25T16:22:42.585-0300] {taskinstance.py:3503} INFO - 0 downstream tasks scheduled from follow-on schedule check
[2024-07-25T16:22:42.585-0300] {local_task_job_runner.py:222} INFO - ::endgroup::
[2024-07-25T16:25:26.577-0300] {local_task_job_runner.py:120} INFO - ::group::Pre task execution logs
[2024-07-25T16:25:26.583-0300] {taskinstance.py:2076} INFO - Dependencies all met for dep_context=non-requeueable deps ti=<TaskInstance: Mercado_5m.get_5m_info scheduled__2024-07-25T00:50:00+00:00 [queued]>
[2024-07-25T16:25:26.586-0300] {taskinstance.py:2076} INFO - Dependencies all met for dep_context=requeueable deps ti=<TaskInstance: Mercado_5m.get_5m_info scheduled__2024-07-25T00:50:00+00:00 [queued]>
[2024-07-25T16:25:26.586-0300] {taskinstance.py:2306} INFO - Starting attempt 1 of 1
[2024-07-25T16:25:26.601-0300] {taskinstance.py:2330} INFO - Executing <Task(PythonOperator): get_5m_info> on 2024-07-25 00:50:00+00:00
[2024-07-25T16:25:26.603-0300] {standard_task_runner.py:64} INFO - Started process 2668474 to run task
[2024-07-25T16:25:26.606-0300] {standard_task_runner.py:90} INFO - Running: ['airflow', 'tasks', 'run', 'Mercado_5m', 'get_5m_info', 'scheduled__2024-07-25T00:50:00+00:00', '--job-id', '2430', '--raw', '--subdir', 'DAGS_FOLDER/mercado_dag.py', '--cfg-path', '/tmp/tmpl3axfwuq']
[2024-07-25T16:25:26.608-0300] {standard_task_runner.py:91} INFO - Job 2430: Subtask get_5m_info
[2024-07-25T16:25:26.639-0300] {task_command.py:426} INFO - Running <TaskInstance: Mercado_5m.get_5m_info scheduled__2024-07-25T00:50:00+00:00 [running]> on host Galaxybook.
[2024-07-25T16:25:26.697-0300] {taskinstance.py:2648} INFO - Exporting env vars: AIRFLOW_CTX_DAG_OWNER='airflow' AIRFLOW_CTX_DAG_ID='Mercado_5m' AIRFLOW_CTX_TASK_ID='get_5m_info' AIRFLOW_CTX_EXECUTION_DATE='2024-07-25T00:50:00+00:00' AIRFLOW_CTX_TRY_NUMBER='1' AIRFLOW_CTX_DAG_RUN_ID='scheduled__2024-07-25T00:50:00+00:00'
[2024-07-25T16:25:26.697-0300] {taskinstance.py:430} INFO - ::endgroup::
[2024-07-25T16:25:26.706-0300] {mercado_dag.py:22} INFO - To: 2024-07-25 00:55:00+00:00
[2024-07-25T16:25:26.706-0300] {mercado_dag.py:23} INFO - From: 2024-07-25 00:50:00+00:00
[2024-07-25T16:25:26.706-0300] {mercado_dag.py:24} INFO - To timestamp: 1721868900000 
[2024-07-25T16:25:26.706-0300] {mercado_dag.py:25} INFO - From timestamp: 1721868600000 
[2024-07-25T16:25:26.783-0300] {base.py:84} INFO - Using connection ID 'mercado_default' for task execution.
[2024-07-25T16:25:26.784-0300] {mercado_hook.py:31} INFO - URL: https://api.mercadobitcoin.net/api/v4/candles?symbol=BTC-BRL&resolution=5m&to=1721868900000&from=1721868600000
[2024-07-25T16:25:27.068-0300] {python.py:237} INFO - Done. Returned value was: None
[2024-07-25T16:25:27.068-0300] {taskinstance.py:441} INFO - ::group::Post task execution logs
[2024-07-25T16:25:27.071-0300] {taskinstance.py:1206} INFO - Marking task as SUCCESS. dag_id=Mercado_5m, task_id=get_5m_info, run_id=scheduled__2024-07-25T00:50:00+00:00, execution_date=20240725T005000, start_date=20240725T192526, end_date=20240725T192527
[2024-07-25T16:25:27.107-0300] {local_task_job_runner.py:243} INFO - Task exited with return code 0
[2024-07-25T16:25:27.115-0300] {taskinstance.py:3503} INFO - 0 downstream tasks scheduled from follow-on schedule check
[2024-07-25T16:25:27.115-0300] {local_task_job_runner.py:222} INFO - ::endgroup::
