[2024-07-25T12:36:34.251-0300] {local_task_job_runner.py:120} INFO - ::group::Pre task execution logs
[2024-07-25T12:36:34.263-0300] {taskinstance.py:2076} INFO - Dependencies all met for dep_context=non-requeueable deps ti=<TaskInstance: Binance_5m.get_5m_info scheduled__2024-07-25T15:30:00+00:00 [queued]>
[2024-07-25T12:36:34.266-0300] {taskinstance.py:2076} INFO - Dependencies all met for dep_context=requeueable deps ti=<TaskInstance: Binance_5m.get_5m_info scheduled__2024-07-25T15:30:00+00:00 [queued]>
[2024-07-25T12:36:34.266-0300] {taskinstance.py:2306} INFO - Starting attempt 1 of 1
[2024-07-25T12:36:34.280-0300] {taskinstance.py:2330} INFO - Executing <Task(PythonOperator): get_5m_info> on 2024-07-25 15:30:00+00:00
[2024-07-25T12:36:34.282-0300] {standard_task_runner.py:64} INFO - Started process 2536521 to run task
[2024-07-25T12:36:34.284-0300] {standard_task_runner.py:90} INFO - Running: ['airflow', 'tasks', 'run', 'Binance_5m', 'get_5m_info', 'scheduled__2024-07-25T15:30:00+00:00', '--job-id', '2061', '--raw', '--subdir', 'DAGS_FOLDER/binance_dag.py', '--cfg-path', '/tmp/tmpvluqendm']
[2024-07-25T12:36:34.285-0300] {standard_task_runner.py:91} INFO - Job 2061: Subtask get_5m_info
[2024-07-25T12:36:34.311-0300] {task_command.py:426} INFO - Running <TaskInstance: Binance_5m.get_5m_info scheduled__2024-07-25T15:30:00+00:00 [running]> on host Galaxybook.
[2024-07-25T12:36:34.358-0300] {taskinstance.py:2648} INFO - Exporting env vars: AIRFLOW_CTX_DAG_OWNER='airflow' AIRFLOW_CTX_DAG_ID='Binance_5m' AIRFLOW_CTX_TASK_ID='get_5m_info' AIRFLOW_CTX_EXECUTION_DATE='2024-07-25T15:30:00+00:00' AIRFLOW_CTX_TRY_NUMBER='1' AIRFLOW_CTX_DAG_RUN_ID='scheduled__2024-07-25T15:30:00+00:00'
[2024-07-25T12:36:34.358-0300] {taskinstance.py:430} INFO - ::endgroup::
[2024-07-25T12:36:34.365-0300] {taskinstance.py:441} INFO - ::group::Post task execution logs
[2024-07-25T12:36:34.365-0300] {taskinstance.py:2905} ERROR - Task failed with exception
Traceback (most recent call last):
  File "/home/hugoviana/Documentos/data_pipeline_airflow/.venv/lib/python3.12/site-packages/airflow/models/taskinstance.py", line 465, in _execute_task
    result = _execute_callable(context=context, **execute_callable_kwargs)
             ^^^^^^^^^^^^^^^^^^^^^^^^^^^^^^^^^^^^^^^^^^^^^^^^^^^^^^^^^^^^^
  File "/home/hugoviana/Documentos/data_pipeline_airflow/.venv/lib/python3.12/site-packages/airflow/models/taskinstance.py", line 432, in _execute_callable
    return execute_callable(context=context, **execute_callable_kwargs)
           ^^^^^^^^^^^^^^^^^^^^^^^^^^^^^^^^^^^^^^^^^^^^^^^^^^^^^^^^^^^^
  File "/home/hugoviana/Documentos/data_pipeline_airflow/.venv/lib/python3.12/site-packages/airflow/models/baseoperator.py", line 401, in wrapper
    return func(self, *args, **kwargs)
           ^^^^^^^^^^^^^^^^^^^^^^^^^^^
  File "/home/hugoviana/Documentos/data_pipeline_airflow/.venv/lib/python3.12/site-packages/airflow/operators/python.py", line 235, in execute
    return_value = self.execute_callable()
                   ^^^^^^^^^^^^^^^^^^^^^^^
  File "/home/hugoviana/Documentos/data_pipeline_airflow/.venv/lib/python3.12/site-packages/airflow/operators/python.py", line 252, in execute_callable
    return self.python_callable(*self.op_args, **self.op_kwargs)
           ^^^^^^^^^^^^^^^^^^^^^^^^^^^^^^^^^^^^^^^^^^^^^^^^^^^^^
  File "/home/hugoviana/Projetos/crypto-etl/airflow_pipeline/dags/binance_dag.py", line 26, in execute
    file_path = f"../Datalake/bronze/mercado/binance_5m_{data_interval_end}.csv"
                                                         ^^^^^^^^^^^^^^^^^
NameError: name 'data_interval_end' is not defined
[2024-07-25T12:36:34.370-0300] {taskinstance.py:1206} INFO - Marking task as FAILED. dag_id=Binance_5m, task_id=get_5m_info, run_id=scheduled__2024-07-25T15:30:00+00:00, execution_date=20240725T153000, start_date=20240725T153634, end_date=20240725T153634
[2024-07-25T12:36:34.382-0300] {standard_task_runner.py:110} ERROR - Failed to execute job 2061 for task get_5m_info (name 'data_interval_end' is not defined; 2536521)
[2024-07-25T12:36:34.417-0300] {local_task_job_runner.py:243} INFO - Task exited with return code 1
[2024-07-25T12:36:34.424-0300] {taskinstance.py:3503} INFO - 0 downstream tasks scheduled from follow-on schedule check
[2024-07-25T12:36:34.424-0300] {local_task_job_runner.py:222} INFO - ::endgroup::
[2024-07-25T14:29:30.805-0300] {local_task_job_runner.py:120} INFO - ::group::Pre task execution logs
[2024-07-25T14:29:30.813-0300] {taskinstance.py:2076} INFO - Dependencies all met for dep_context=non-requeueable deps ti=<TaskInstance: Binance_5m.get_5m_info scheduled__2024-07-25T15:30:00+00:00 [queued]>
[2024-07-25T14:29:30.817-0300] {taskinstance.py:2076} INFO - Dependencies all met for dep_context=requeueable deps ti=<TaskInstance: Binance_5m.get_5m_info scheduled__2024-07-25T15:30:00+00:00 [queued]>
[2024-07-25T14:29:30.818-0300] {taskinstance.py:2306} INFO - Starting attempt 1 of 1
[2024-07-25T14:29:30.833-0300] {taskinstance.py:2330} INFO - Executing <Task(PythonOperator): get_5m_info> on 2024-07-25 15:30:00+00:00
[2024-07-25T14:29:30.835-0300] {standard_task_runner.py:64} INFO - Started process 2592322 to run task
[2024-07-25T14:29:30.837-0300] {standard_task_runner.py:90} INFO - Running: ['airflow', 'tasks', 'run', 'Binance_5m', 'get_5m_info', 'scheduled__2024-07-25T15:30:00+00:00', '--job-id', '2159', '--raw', '--subdir', 'DAGS_FOLDER/binance_dag.py', '--cfg-path', '/tmp/tmp64khz1rp']
[2024-07-25T14:29:30.838-0300] {standard_task_runner.py:91} INFO - Job 2159: Subtask get_5m_info
[2024-07-25T14:29:30.867-0300] {task_command.py:426} INFO - Running <TaskInstance: Binance_5m.get_5m_info scheduled__2024-07-25T15:30:00+00:00 [running]> on host Galaxybook.
[2024-07-25T14:29:30.929-0300] {taskinstance.py:2648} INFO - Exporting env vars: AIRFLOW_CTX_DAG_OWNER='airflow' AIRFLOW_CTX_DAG_ID='Binance_5m' AIRFLOW_CTX_TASK_ID='get_5m_info' AIRFLOW_CTX_EXECUTION_DATE='2024-07-25T15:30:00+00:00' AIRFLOW_CTX_TRY_NUMBER='1' AIRFLOW_CTX_DAG_RUN_ID='scheduled__2024-07-25T15:30:00+00:00'
[2024-07-25T14:29:30.930-0300] {taskinstance.py:430} INFO - ::endgroup::
[2024-07-25T14:29:30.938-0300] {binance_dag.py:23} INFO - End Time: 2024-07-25T15:35:00.00Z
[2024-07-25T14:29:31.014-0300] {base.py:84} INFO - Using connection ID 'binance_default' for task execution.
[2024-07-25T14:29:31.014-0300] {logging_mixin.py:188} INFO - https://api.binance.com
[2024-07-25T14:29:31.015-0300] {binance_hook.py:35} INFO - URL: https://api.binance.com/api/v3/klines?symbol=BTCBRL&interval=5m&startTime=1721932200000&endTime=1721932500000
[2024-07-25T14:29:31.408-0300] {python.py:237} INFO - Done. Returned value was: None
[2024-07-25T14:29:31.409-0300] {taskinstance.py:441} INFO - ::group::Post task execution logs
[2024-07-25T14:29:31.413-0300] {taskinstance.py:1206} INFO - Marking task as SUCCESS. dag_id=Binance_5m, task_id=get_5m_info, run_id=scheduled__2024-07-25T15:30:00+00:00, execution_date=20240725T153000, start_date=20240725T172930, end_date=20240725T172931
[2024-07-25T14:29:31.462-0300] {local_task_job_runner.py:243} INFO - Task exited with return code 0
[2024-07-25T14:29:31.474-0300] {taskinstance.py:3503} INFO - 0 downstream tasks scheduled from follow-on schedule check
[2024-07-25T14:29:31.474-0300] {local_task_job_runner.py:222} INFO - ::endgroup::
[2024-07-25T14:53:55.690-0300] {local_task_job_runner.py:120} INFO - ::group::Pre task execution logs
[2024-07-25T14:53:55.695-0300] {taskinstance.py:2076} INFO - Dependencies all met for dep_context=non-requeueable deps ti=<TaskInstance: Binance_5m.get_5m_info scheduled__2024-07-25T15:30:00+00:00 [queued]>
[2024-07-25T14:53:55.699-0300] {taskinstance.py:2076} INFO - Dependencies all met for dep_context=requeueable deps ti=<TaskInstance: Binance_5m.get_5m_info scheduled__2024-07-25T15:30:00+00:00 [queued]>
[2024-07-25T14:53:55.699-0300] {taskinstance.py:2306} INFO - Starting attempt 1 of 1
[2024-07-25T14:53:55.712-0300] {taskinstance.py:2330} INFO - Executing <Task(PythonOperator): get_5m_info> on 2024-07-25 15:30:00+00:00
[2024-07-25T14:53:55.714-0300] {standard_task_runner.py:64} INFO - Started process 2613300 to run task
[2024-07-25T14:53:55.716-0300] {standard_task_runner.py:90} INFO - Running: ['airflow', 'tasks', 'run', 'Binance_5m', 'get_5m_info', 'scheduled__2024-07-25T15:30:00+00:00', '--job-id', '2278', '--raw', '--subdir', 'DAGS_FOLDER/binance_dag.py', '--cfg-path', '/tmp/tmp_i_am5ay']
[2024-07-25T14:53:55.717-0300] {standard_task_runner.py:91} INFO - Job 2278: Subtask get_5m_info
[2024-07-25T14:53:55.742-0300] {task_command.py:426} INFO - Running <TaskInstance: Binance_5m.get_5m_info scheduled__2024-07-25T15:30:00+00:00 [running]> on host Galaxybook.
[2024-07-25T14:53:55.797-0300] {taskinstance.py:2648} INFO - Exporting env vars: AIRFLOW_CTX_DAG_OWNER='airflow' AIRFLOW_CTX_DAG_ID='Binance_5m' AIRFLOW_CTX_TASK_ID='get_5m_info' AIRFLOW_CTX_EXECUTION_DATE='2024-07-25T15:30:00+00:00' AIRFLOW_CTX_TRY_NUMBER='1' AIRFLOW_CTX_DAG_RUN_ID='scheduled__2024-07-25T15:30:00+00:00'
[2024-07-25T14:53:55.798-0300] {taskinstance.py:430} INFO - ::endgroup::
[2024-07-25T14:53:55.808-0300] {binance_dag.py:23} INFO - End Time: 2024-07-25T15:35:00.00Z
[2024-07-25T14:53:55.808-0300] {binance_dag.py:24} INFO - Start Time: 2024-07-25T15:30:00.00Z
[2024-07-25T14:53:55.887-0300] {base.py:84} INFO - Using connection ID 'binance_default' for task execution.
[2024-07-25T14:53:55.888-0300] {logging_mixin.py:188} INFO - https://api.binance.com
[2024-07-25T14:53:55.889-0300] {binance_hook.py:35} INFO - URL: https://api.binance.com/api/v3/klines?symbol=BTCBRL&interval=5m&startTime=1721932200000&endTime=1721932499999
[2024-07-25T14:53:56.292-0300] {binance_dag.py:43} INFO - r: []
[2024-07-25T14:53:56.293-0300] {python.py:237} INFO - Done. Returned value was: None
[2024-07-25T14:53:56.293-0300] {taskinstance.py:441} INFO - ::group::Post task execution logs
[2024-07-25T14:53:56.295-0300] {taskinstance.py:1206} INFO - Marking task as SUCCESS. dag_id=Binance_5m, task_id=get_5m_info, run_id=scheduled__2024-07-25T15:30:00+00:00, execution_date=20240725T153000, start_date=20240725T175355, end_date=20240725T175356
[2024-07-25T14:53:56.338-0300] {local_task_job_runner.py:243} INFO - Task exited with return code 0
[2024-07-25T14:53:56.346-0300] {taskinstance.py:3503} INFO - 0 downstream tasks scheduled from follow-on schedule check
[2024-07-25T14:53:56.346-0300] {local_task_job_runner.py:222} INFO - ::endgroup::
[2024-07-25T15:23:44.179-0300] {local_task_job_runner.py:120} INFO - ::group::Pre task execution logs
[2024-07-25T15:23:44.184-0300] {taskinstance.py:2076} INFO - Dependencies all met for dep_context=non-requeueable deps ti=<TaskInstance: Binance_5m.get_5m_info scheduled__2024-07-25T15:30:00+00:00 [queued]>
[2024-07-25T15:23:44.188-0300] {taskinstance.py:2076} INFO - Dependencies all met for dep_context=requeueable deps ti=<TaskInstance: Binance_5m.get_5m_info scheduled__2024-07-25T15:30:00+00:00 [queued]>
[2024-07-25T15:23:44.188-0300] {taskinstance.py:2306} INFO - Starting attempt 1 of 1
[2024-07-25T15:23:44.201-0300] {taskinstance.py:2330} INFO - Executing <Task(PythonOperator): get_5m_info> on 2024-07-25 15:30:00+00:00
[2024-07-25T15:23:44.203-0300] {standard_task_runner.py:64} INFO - Started process 2635457 to run task
[2024-07-25T15:23:44.205-0300] {standard_task_runner.py:90} INFO - Running: ['airflow', 'tasks', 'run', 'Binance_5m', 'get_5m_info', 'scheduled__2024-07-25T15:30:00+00:00', '--job-id', '2721', '--raw', '--subdir', 'DAGS_FOLDER/binance_dag.py', '--cfg-path', '/tmp/tmponayzyxv']
[2024-07-25T15:23:44.206-0300] {standard_task_runner.py:91} INFO - Job 2721: Subtask get_5m_info
[2024-07-25T15:23:44.230-0300] {task_command.py:426} INFO - Running <TaskInstance: Binance_5m.get_5m_info scheduled__2024-07-25T15:30:00+00:00 [running]> on host Galaxybook.
[2024-07-25T15:23:44.283-0300] {taskinstance.py:2648} INFO - Exporting env vars: AIRFLOW_CTX_DAG_OWNER='airflow' AIRFLOW_CTX_DAG_ID='Binance_5m' AIRFLOW_CTX_TASK_ID='get_5m_info' AIRFLOW_CTX_EXECUTION_DATE='2024-07-25T15:30:00+00:00' AIRFLOW_CTX_TRY_NUMBER='1' AIRFLOW_CTX_DAG_RUN_ID='scheduled__2024-07-25T15:30:00+00:00'
[2024-07-25T15:23:44.284-0300] {taskinstance.py:430} INFO - ::endgroup::
[2024-07-25T15:23:44.292-0300] {binance_dag.py:23} INFO - End Time: 2024-07-25T15:35:00.00Z
[2024-07-25T15:23:44.292-0300] {binance_dag.py:24} INFO - Start Time: 2024-07-25T15:30:00.00Z
[2024-07-25T15:23:44.343-0300] {binance_dag.py:25} INFO - 1721932200000
[2024-07-25T15:23:44.345-0300] {base.py:84} INFO - Using connection ID 'binance_default' for task execution.
[2024-07-25T15:23:44.346-0300] {logging_mixin.py:188} INFO - https://api.binance.com
[2024-07-25T15:23:44.346-0300] {binance_hook.py:35} INFO - URL: https://api.binance.com/api/v3/klines?symbol=BTCBRL&interval=5m&startTime=1721932200000&endTime=1721932499999
[2024-07-25T15:23:44.739-0300] {python.py:237} INFO - Done. Returned value was: None
[2024-07-25T15:23:44.740-0300] {taskinstance.py:441} INFO - ::group::Post task execution logs
[2024-07-25T15:23:44.744-0300] {taskinstance.py:1206} INFO - Marking task as SUCCESS. dag_id=Binance_5m, task_id=get_5m_info, run_id=scheduled__2024-07-25T15:30:00+00:00, execution_date=20240725T153000, start_date=20240725T182344, end_date=20240725T182344
[2024-07-25T15:23:44.790-0300] {local_task_job_runner.py:243} INFO - Task exited with return code 0
[2024-07-25T15:23:44.796-0300] {taskinstance.py:3503} INFO - 0 downstream tasks scheduled from follow-on schedule check
[2024-07-25T15:23:44.796-0300] {local_task_job_runner.py:222} INFO - ::endgroup::
[2024-07-25T16:22:18.007-0300] {local_task_job_runner.py:120} INFO - ::group::Pre task execution logs
[2024-07-25T16:22:18.014-0300] {taskinstance.py:2076} INFO - Dependencies all met for dep_context=non-requeueable deps ti=<TaskInstance: Binance_5m.get_5m_info scheduled__2024-07-25T15:30:00+00:00 [queued]>
[2024-07-25T16:22:18.019-0300] {taskinstance.py:2076} INFO - Dependencies all met for dep_context=requeueable deps ti=<TaskInstance: Binance_5m.get_5m_info scheduled__2024-07-25T15:30:00+00:00 [queued]>
[2024-07-25T16:22:18.019-0300] {taskinstance.py:2306} INFO - Starting attempt 1 of 1
[2024-07-25T16:22:18.036-0300] {taskinstance.py:2330} INFO - Executing <Task(PythonOperator): get_5m_info> on 2024-07-25 15:30:00+00:00
[2024-07-25T16:22:18.038-0300] {standard_task_runner.py:64} INFO - Started process 2665347 to run task
[2024-07-25T16:22:18.040-0300] {standard_task_runner.py:90} INFO - Running: ['airflow', 'tasks', 'run', 'Binance_5m', 'get_5m_info', 'scheduled__2024-07-25T15:30:00+00:00', '--job-id', '2344', '--raw', '--subdir', 'DAGS_FOLDER/binance_dag.py', '--cfg-path', '/tmp/tmpwjbvg2ao']
[2024-07-25T16:22:18.041-0300] {standard_task_runner.py:91} INFO - Job 2344: Subtask get_5m_info
[2024-07-25T16:22:18.072-0300] {task_command.py:426} INFO - Running <TaskInstance: Binance_5m.get_5m_info scheduled__2024-07-25T15:30:00+00:00 [running]> on host Galaxybook.
[2024-07-25T16:22:18.125-0300] {taskinstance.py:2648} INFO - Exporting env vars: AIRFLOW_CTX_DAG_OWNER='airflow' AIRFLOW_CTX_DAG_ID='Binance_5m' AIRFLOW_CTX_TASK_ID='get_5m_info' AIRFLOW_CTX_EXECUTION_DATE='2024-07-25T15:30:00+00:00' AIRFLOW_CTX_TRY_NUMBER='1' AIRFLOW_CTX_DAG_RUN_ID='scheduled__2024-07-25T15:30:00+00:00'
[2024-07-25T16:22:18.126-0300] {taskinstance.py:430} INFO - ::endgroup::
[2024-07-25T16:22:18.134-0300] {binance_dag.py:22} INFO - End Time: 2024-07-25 15:35:00+00:00
[2024-07-25T16:22:18.134-0300] {binance_dag.py:23} INFO - Start Time: 2024-07-25 15:30:00+00:00
[2024-07-25T16:22:18.135-0300] {binance_dag.py:24} INFO - Start timestamp: 1721921400000
[2024-07-25T16:22:18.135-0300] {binance_dag.py:25} INFO - End timestamp: 1721921700000
[2024-07-25T16:22:18.197-0300] {base.py:84} INFO - Using connection ID 'binance_default' for task execution.
[2024-07-25T16:22:18.198-0300] {logging_mixin.py:188} INFO - https://api.binance.com
[2024-07-25T16:22:18.198-0300] {binance_hook.py:35} INFO - URL: https://api.binance.com/api/v3/klines?symbol=BTCBRL&interval=5m&startTime=1721921400000&endTime=1721921699999&timeZone=-3
[2024-07-25T16:22:18.596-0300] {python.py:237} INFO - Done. Returned value was: None
[2024-07-25T16:22:18.597-0300] {taskinstance.py:441} INFO - ::group::Post task execution logs
[2024-07-25T16:22:18.599-0300] {taskinstance.py:1206} INFO - Marking task as SUCCESS. dag_id=Binance_5m, task_id=get_5m_info, run_id=scheduled__2024-07-25T15:30:00+00:00, execution_date=20240725T153000, start_date=20240725T192218, end_date=20240725T192218
[2024-07-25T16:22:18.624-0300] {local_task_job_runner.py:243} INFO - Task exited with return code 0
[2024-07-25T16:22:18.631-0300] {taskinstance.py:3503} INFO - 0 downstream tasks scheduled from follow-on schedule check
[2024-07-25T16:22:18.631-0300] {local_task_job_runner.py:222} INFO - ::endgroup::
