[2024-07-25T14:48:44.632-0300] {local_task_job_runner.py:120} INFO - ::group::Pre task execution logs
[2024-07-25T14:48:44.637-0300] {taskinstance.py:2076} INFO - Dependencies all met for dep_context=non-requeueable deps ti=<TaskInstance: Binance_5m.get_5m_info scheduled__2024-07-25T04:40:00+00:00 [queued]>
[2024-07-25T14:48:44.640-0300] {taskinstance.py:2076} INFO - Dependencies all met for dep_context=requeueable deps ti=<TaskInstance: Binance_5m.get_5m_info scheduled__2024-07-25T04:40:00+00:00 [queued]>
[2024-07-25T14:48:44.640-0300] {taskinstance.py:2306} INFO - Starting attempt 1 of 1
[2024-07-25T14:48:44.653-0300] {taskinstance.py:2330} INFO - Executing <Task(PythonOperator): get_5m_info> on 2024-07-25 04:40:00+00:00
[2024-07-25T14:48:44.655-0300] {standard_task_runner.py:64} INFO - Started process 2608142 to run task
[2024-07-25T14:48:44.657-0300] {standard_task_runner.py:90} INFO - Running: ['airflow', 'tasks', 'run', 'Binance_5m', 'get_5m_info', 'scheduled__2024-07-25T04:40:00+00:00', '--job-id', '2142', '--raw', '--subdir', 'DAGS_FOLDER/binance_dag.py', '--cfg-path', '/tmp/tmpz2y3rewe']
[2024-07-25T14:48:44.658-0300] {standard_task_runner.py:91} INFO - Job 2142: Subtask get_5m_info
[2024-07-25T14:48:44.688-0300] {task_command.py:426} INFO - Running <TaskInstance: Binance_5m.get_5m_info scheduled__2024-07-25T04:40:00+00:00 [running]> on host Galaxybook.
[2024-07-25T14:48:44.743-0300] {taskinstance.py:2648} INFO - Exporting env vars: AIRFLOW_CTX_DAG_OWNER='airflow' AIRFLOW_CTX_DAG_ID='Binance_5m' AIRFLOW_CTX_TASK_ID='get_5m_info' AIRFLOW_CTX_EXECUTION_DATE='2024-07-25T04:40:00+00:00' AIRFLOW_CTX_TRY_NUMBER='1' AIRFLOW_CTX_DAG_RUN_ID='scheduled__2024-07-25T04:40:00+00:00'
[2024-07-25T14:48:44.743-0300] {taskinstance.py:430} INFO - ::endgroup::
[2024-07-25T14:48:44.751-0300] {binance_dag.py:23} INFO - End Time: 2024-07-25T04:45:00.00Z
[2024-07-25T14:48:44.751-0300] {binance_dag.py:24} INFO - Start Time: 2024-07-25T04:40:00.00Z
[2024-07-25T14:48:44.810-0300] {base.py:84} INFO - Using connection ID 'binance_default' for task execution.
[2024-07-25T14:48:44.811-0300] {logging_mixin.py:188} INFO - https://api.binance.com
[2024-07-25T14:48:44.811-0300] {binance_hook.py:35} INFO - URL: https://api.binance.com/api/v3/klines?symbol=BTCBRL&interval=5m&startTime=1721893200000&endTime=1721893499999
[2024-07-25T14:48:45.226-0300] {binance_dag.py:43} INFO - r: [[1721893200000, '366509.00000000', '366509.00000000', '365617.00000000', '365748.00000000', '0.09135000', 1721893499999, '33424.13139000', 21, '0.00412000', '1506.68791000', '0']]
[2024-07-25T14:48:45.227-0300] {python.py:237} INFO - Done. Returned value was: None
[2024-07-25T14:48:45.227-0300] {taskinstance.py:441} INFO - ::group::Post task execution logs
[2024-07-25T14:48:45.230-0300] {taskinstance.py:1206} INFO - Marking task as SUCCESS. dag_id=Binance_5m, task_id=get_5m_info, run_id=scheduled__2024-07-25T04:40:00+00:00, execution_date=20240725T044000, start_date=20240725T174844, end_date=20240725T174845
[2024-07-25T14:48:45.279-0300] {local_task_job_runner.py:243} INFO - Task exited with return code 0
[2024-07-25T14:48:45.290-0300] {taskinstance.py:3503} INFO - 0 downstream tasks scheduled from follow-on schedule check
[2024-07-25T14:48:45.290-0300] {local_task_job_runner.py:222} INFO - ::endgroup::
[2024-07-25T15:18:59.671-0300] {local_task_job_runner.py:120} INFO - ::group::Pre task execution logs
[2024-07-25T15:18:59.676-0300] {taskinstance.py:2076} INFO - Dependencies all met for dep_context=non-requeueable deps ti=<TaskInstance: Binance_5m.get_5m_info scheduled__2024-07-25T04:40:00+00:00 [queued]>
[2024-07-25T15:18:59.679-0300] {taskinstance.py:2076} INFO - Dependencies all met for dep_context=requeueable deps ti=<TaskInstance: Binance_5m.get_5m_info scheduled__2024-07-25T04:40:00+00:00 [queued]>
[2024-07-25T15:18:59.680-0300] {taskinstance.py:2306} INFO - Starting attempt 1 of 1
[2024-07-25T15:18:59.692-0300] {taskinstance.py:2330} INFO - Executing <Task(PythonOperator): get_5m_info> on 2024-07-25 04:40:00+00:00
[2024-07-25T15:18:59.694-0300] {standard_task_runner.py:64} INFO - Started process 2630744 to run task
[2024-07-25T15:18:59.696-0300] {standard_task_runner.py:90} INFO - Running: ['airflow', 'tasks', 'run', 'Binance_5m', 'get_5m_info', 'scheduled__2024-07-25T04:40:00+00:00', '--job-id', '2591', '--raw', '--subdir', 'DAGS_FOLDER/binance_dag.py', '--cfg-path', '/tmp/tmpb22fnn9w']
[2024-07-25T15:18:59.697-0300] {standard_task_runner.py:91} INFO - Job 2591: Subtask get_5m_info
[2024-07-25T15:18:59.723-0300] {task_command.py:426} INFO - Running <TaskInstance: Binance_5m.get_5m_info scheduled__2024-07-25T04:40:00+00:00 [running]> on host Galaxybook.
[2024-07-25T15:18:59.777-0300] {taskinstance.py:2648} INFO - Exporting env vars: AIRFLOW_CTX_DAG_OWNER='airflow' AIRFLOW_CTX_DAG_ID='Binance_5m' AIRFLOW_CTX_TASK_ID='get_5m_info' AIRFLOW_CTX_EXECUTION_DATE='2024-07-25T04:40:00+00:00' AIRFLOW_CTX_TRY_NUMBER='1' AIRFLOW_CTX_DAG_RUN_ID='scheduled__2024-07-25T04:40:00+00:00'
[2024-07-25T15:18:59.778-0300] {taskinstance.py:430} INFO - ::endgroup::
[2024-07-25T15:18:59.785-0300] {binance_dag.py:23} INFO - End Time: 2024-07-25T04:45:00.00Z
[2024-07-25T15:18:59.785-0300] {binance_dag.py:24} INFO - Start Time: 2024-07-25T04:40:00.00Z
[2024-07-25T15:18:59.838-0300] {binance_dag.py:25} INFO - 1721893200000
[2024-07-25T15:18:59.841-0300] {base.py:84} INFO - Using connection ID 'binance_default' for task execution.
[2024-07-25T15:18:59.841-0300] {logging_mixin.py:188} INFO - https://api.binance.com
[2024-07-25T15:18:59.842-0300] {binance_hook.py:35} INFO - URL: https://api.binance.com/api/v3/klines?symbol=BTCBRL&interval=5m&startTime=1721893200000&endTime=1721893499999
[2024-07-25T15:19:00.237-0300] {python.py:237} INFO - Done. Returned value was: None
[2024-07-25T15:19:00.237-0300] {taskinstance.py:441} INFO - ::group::Post task execution logs
[2024-07-25T15:19:00.240-0300] {taskinstance.py:1206} INFO - Marking task as SUCCESS. dag_id=Binance_5m, task_id=get_5m_info, run_id=scheduled__2024-07-25T04:40:00+00:00, execution_date=20240725T044000, start_date=20240725T181859, end_date=20240725T181900
[2024-07-25T15:19:00.282-0300] {local_task_job_runner.py:243} INFO - Task exited with return code 0
[2024-07-25T15:19:00.288-0300] {taskinstance.py:3503} INFO - 0 downstream tasks scheduled from follow-on schedule check
[2024-07-25T15:19:00.288-0300] {local_task_job_runner.py:222} INFO - ::endgroup::
[2024-07-25T16:15:30.759-0300] {local_task_job_runner.py:120} INFO - ::group::Pre task execution logs
[2024-07-25T16:15:30.765-0300] {taskinstance.py:2076} INFO - Dependencies all met for dep_context=non-requeueable deps ti=<TaskInstance: Binance_5m.get_5m_info scheduled__2024-07-25T04:40:00+00:00 [queued]>
[2024-07-25T16:15:30.768-0300] {taskinstance.py:2076} INFO - Dependencies all met for dep_context=requeueable deps ti=<TaskInstance: Binance_5m.get_5m_info scheduled__2024-07-25T04:40:00+00:00 [queued]>
[2024-07-25T16:15:30.768-0300] {taskinstance.py:2306} INFO - Starting attempt 1 of 1
[2024-07-25T16:15:30.783-0300] {taskinstance.py:2330} INFO - Executing <Task(PythonOperator): get_5m_info> on 2024-07-25 04:40:00+00:00
[2024-07-25T16:15:30.784-0300] {standard_task_runner.py:64} INFO - Started process 2658457 to run task
[2024-07-25T16:15:30.787-0300] {standard_task_runner.py:90} INFO - Running: ['airflow', 'tasks', 'run', 'Binance_5m', 'get_5m_info', 'scheduled__2024-07-25T04:40:00+00:00', '--job-id', '2151', '--raw', '--subdir', 'DAGS_FOLDER/binance_dag.py', '--cfg-path', '/tmp/tmppxjw4acf']
[2024-07-25T16:15:30.788-0300] {standard_task_runner.py:91} INFO - Job 2151: Subtask get_5m_info
[2024-07-25T16:15:30.813-0300] {task_command.py:426} INFO - Running <TaskInstance: Binance_5m.get_5m_info scheduled__2024-07-25T04:40:00+00:00 [running]> on host Galaxybook.
[2024-07-25T16:15:30.870-0300] {taskinstance.py:2648} INFO - Exporting env vars: AIRFLOW_CTX_DAG_OWNER='airflow' AIRFLOW_CTX_DAG_ID='Binance_5m' AIRFLOW_CTX_TASK_ID='get_5m_info' AIRFLOW_CTX_EXECUTION_DATE='2024-07-25T04:40:00+00:00' AIRFLOW_CTX_TRY_NUMBER='1' AIRFLOW_CTX_DAG_RUN_ID='scheduled__2024-07-25T04:40:00+00:00'
[2024-07-25T16:15:30.870-0300] {taskinstance.py:430} INFO - ::endgroup::
[2024-07-25T16:15:30.878-0300] {binance_dag.py:22} INFO - End Time: 2024-07-25 04:45:00+00:00
[2024-07-25T16:15:30.878-0300] {binance_dag.py:23} INFO - Start Time: 2024-07-25 04:40:00+00:00
[2024-07-25T16:15:30.878-0300] {binance_dag.py:24} INFO - Start timestamp: 1721882400000
[2024-07-25T16:15:30.879-0300] {binance_dag.py:25} INFO - End timestamp: 1721882700000
[2024-07-25T16:15:30.936-0300] {base.py:84} INFO - Using connection ID 'binance_default' for task execution.
[2024-07-25T16:15:30.936-0300] {logging_mixin.py:188} INFO - https://api.binance.com
[2024-07-25T16:15:30.936-0300] {binance_hook.py:35} INFO - URL: https://api.binance.com/api/v3/klines?symbol=BTCBRL&interval=5m&startTime=1721882400000&endTime=1721882699999&timeZone=-3
[2024-07-25T16:15:31.323-0300] {python.py:237} INFO - Done. Returned value was: None
[2024-07-25T16:15:31.324-0300] {taskinstance.py:441} INFO - ::group::Post task execution logs
[2024-07-25T16:15:31.327-0300] {taskinstance.py:1206} INFO - Marking task as SUCCESS. dag_id=Binance_5m, task_id=get_5m_info, run_id=scheduled__2024-07-25T04:40:00+00:00, execution_date=20240725T044000, start_date=20240725T191530, end_date=20240725T191531
[2024-07-25T16:15:31.367-0300] {local_task_job_runner.py:243} INFO - Task exited with return code 0
[2024-07-25T16:15:31.376-0300] {taskinstance.py:3503} INFO - 0 downstream tasks scheduled from follow-on schedule check
[2024-07-25T16:15:31.376-0300] {local_task_job_runner.py:222} INFO - ::endgroup::
