[2024-07-25T14:55:34.632-0300] {local_task_job_runner.py:120} INFO - ::group::Pre task execution logs
[2024-07-25T14:55:34.636-0300] {taskinstance.py:2076} INFO - Dependencies all met for dep_context=non-requeueable deps ti=<TaskInstance: Mercado_5m.get_5m_info scheduled__2024-07-25T01:35:00+00:00 [queued]>
[2024-07-25T14:55:34.639-0300] {taskinstance.py:2076} INFO - Dependencies all met for dep_context=requeueable deps ti=<TaskInstance: Mercado_5m.get_5m_info scheduled__2024-07-25T01:35:00+00:00 [queued]>
[2024-07-25T14:55:34.640-0300] {taskinstance.py:2306} INFO - Starting attempt 1 of 1
[2024-07-25T14:55:34.656-0300] {taskinstance.py:2330} INFO - Executing <Task(PythonOperator): get_5m_info> on 2024-07-25 01:35:00+00:00
[2024-07-25T14:55:34.658-0300] {standard_task_runner.py:64} INFO - Started process 2615000 to run task
[2024-07-25T14:55:34.660-0300] {standard_task_runner.py:90} INFO - Running: ['airflow', 'tasks', 'run', 'Mercado_5m', 'get_5m_info', 'scheduled__2024-07-25T01:35:00+00:00', '--job-id', '2329', '--raw', '--subdir', 'DAGS_FOLDER/mercado_dag.py', '--cfg-path', '/tmp/tmpaxfnmn0h']
[2024-07-25T14:55:34.661-0300] {standard_task_runner.py:91} INFO - Job 2329: Subtask get_5m_info
[2024-07-25T14:55:34.687-0300] {task_command.py:426} INFO - Running <TaskInstance: Mercado_5m.get_5m_info scheduled__2024-07-25T01:35:00+00:00 [running]> on host Galaxybook.
[2024-07-25T14:55:34.734-0300] {taskinstance.py:2648} INFO - Exporting env vars: AIRFLOW_CTX_DAG_OWNER='airflow' AIRFLOW_CTX_DAG_ID='Mercado_5m' AIRFLOW_CTX_TASK_ID='get_5m_info' AIRFLOW_CTX_EXECUTION_DATE='2024-07-25T01:35:00+00:00' AIRFLOW_CTX_TRY_NUMBER='1' AIRFLOW_CTX_DAG_RUN_ID='scheduled__2024-07-25T01:35:00+00:00'
[2024-07-25T14:55:34.735-0300] {taskinstance.py:430} INFO - ::endgroup::
[2024-07-25T14:55:34.801-0300] {base.py:84} INFO - Using connection ID 'mercado_default' for task execution.
[2024-07-25T14:55:34.801-0300] {mercado_hook.py:31} INFO - URL: https://api.mercadobitcoin.net/api/v4/candles?symbol=BTC-BRL&resolution=5m&to=1721882400&from=1721882100
[2024-07-25T14:55:35.076-0300] {python.py:237} INFO - Done. Returned value was: None
[2024-07-25T14:55:35.076-0300] {taskinstance.py:441} INFO - ::group::Post task execution logs
[2024-07-25T14:55:35.079-0300] {taskinstance.py:1206} INFO - Marking task as SUCCESS. dag_id=Mercado_5m, task_id=get_5m_info, run_id=scheduled__2024-07-25T01:35:00+00:00, execution_date=20240725T013500, start_date=20240725T175534, end_date=20240725T175535
[2024-07-25T14:55:35.120-0300] {local_task_job_runner.py:243} INFO - Task exited with return code 0
[2024-07-25T14:55:35.127-0300] {taskinstance.py:3503} INFO - 0 downstream tasks scheduled from follow-on schedule check
[2024-07-25T14:55:35.128-0300] {local_task_job_runner.py:222} INFO - ::endgroup::
[2024-07-25T16:19:05.746-0300] {local_task_job_runner.py:120} INFO - ::group::Pre task execution logs
[2024-07-25T16:19:05.754-0300] {taskinstance.py:2076} INFO - Dependencies all met for dep_context=non-requeueable deps ti=<TaskInstance: Mercado_5m.get_5m_info scheduled__2024-07-25T01:35:00+00:00 [queued]>
[2024-07-25T16:19:05.757-0300] {taskinstance.py:2076} INFO - Dependencies all met for dep_context=requeueable deps ti=<TaskInstance: Mercado_5m.get_5m_info scheduled__2024-07-25T01:35:00+00:00 [queued]>
[2024-07-25T16:19:05.757-0300] {taskinstance.py:2306} INFO - Starting attempt 1 of 1
[2024-07-25T16:19:05.771-0300] {taskinstance.py:2330} INFO - Executing <Task(PythonOperator): get_5m_info> on 2024-07-25 01:35:00+00:00
[2024-07-25T16:19:05.774-0300] {standard_task_runner.py:64} INFO - Started process 2662080 to run task
[2024-07-25T16:19:05.776-0300] {standard_task_runner.py:90} INFO - Running: ['airflow', 'tasks', 'run', 'Mercado_5m', 'get_5m_info', 'scheduled__2024-07-25T01:35:00+00:00', '--job-id', '2248', '--raw', '--subdir', 'DAGS_FOLDER/mercado_dag.py', '--cfg-path', '/tmp/tmp34bbl8pw']
[2024-07-25T16:19:05.777-0300] {standard_task_runner.py:91} INFO - Job 2248: Subtask get_5m_info
[2024-07-25T16:19:05.808-0300] {task_command.py:426} INFO - Running <TaskInstance: Mercado_5m.get_5m_info scheduled__2024-07-25T01:35:00+00:00 [running]> on host Galaxybook.
[2024-07-25T16:19:05.864-0300] {taskinstance.py:2648} INFO - Exporting env vars: AIRFLOW_CTX_DAG_OWNER='airflow' AIRFLOW_CTX_DAG_ID='Mercado_5m' AIRFLOW_CTX_TASK_ID='get_5m_info' AIRFLOW_CTX_EXECUTION_DATE='2024-07-25T01:35:00+00:00' AIRFLOW_CTX_TRY_NUMBER='1' AIRFLOW_CTX_DAG_RUN_ID='scheduled__2024-07-25T01:35:00+00:00'
[2024-07-25T16:19:05.864-0300] {taskinstance.py:430} INFO - ::endgroup::
[2024-07-25T16:19:05.874-0300] {mercado_dag.py:22} INFO - To: 2024-07-25 01:40:00+00:00
[2024-07-25T16:19:05.874-0300] {mercado_dag.py:23} INFO - From: 2024-07-25 01:35:00+00:00
[2024-07-25T16:19:05.874-0300] {mercado_dag.py:24} INFO - To timestamp: 1721871600 
[2024-07-25T16:19:05.874-0300] {mercado_dag.py:25} INFO - To timestamp: 1721871300 
[2024-07-25T16:19:05.944-0300] {base.py:84} INFO - Using connection ID 'mercado_default' for task execution.
[2024-07-25T16:19:05.945-0300] {mercado_hook.py:31} INFO - URL: https://api.mercadobitcoin.net/api/v4/candles?symbol=BTC-BRL&resolution=5m&to=1721871600&from=1721871300
[2024-07-25T16:19:06.566-0300] {python.py:237} INFO - Done. Returned value was: None
[2024-07-25T16:19:06.566-0300] {taskinstance.py:441} INFO - ::group::Post task execution logs
[2024-07-25T16:19:06.569-0300] {taskinstance.py:1206} INFO - Marking task as SUCCESS. dag_id=Mercado_5m, task_id=get_5m_info, run_id=scheduled__2024-07-25T01:35:00+00:00, execution_date=20240725T013500, start_date=20240725T191905, end_date=20240725T191906
[2024-07-25T16:19:06.604-0300] {local_task_job_runner.py:243} INFO - Task exited with return code 0
[2024-07-25T16:19:06.612-0300] {taskinstance.py:3503} INFO - 0 downstream tasks scheduled from follow-on schedule check
[2024-07-25T16:19:06.612-0300] {local_task_job_runner.py:222} INFO - ::endgroup::
[2024-07-25T16:23:14.335-0300] {local_task_job_runner.py:120} INFO - ::group::Pre task execution logs
[2024-07-25T16:23:14.341-0300] {taskinstance.py:2076} INFO - Dependencies all met for dep_context=non-requeueable deps ti=<TaskInstance: Mercado_5m.get_5m_info scheduled__2024-07-25T01:35:00+00:00 [queued]>
[2024-07-25T16:23:14.345-0300] {taskinstance.py:2076} INFO - Dependencies all met for dep_context=requeueable deps ti=<TaskInstance: Mercado_5m.get_5m_info scheduled__2024-07-25T01:35:00+00:00 [queued]>
[2024-07-25T16:23:14.346-0300] {taskinstance.py:2306} INFO - Starting attempt 1 of 1
[2024-07-25T16:23:14.359-0300] {taskinstance.py:2330} INFO - Executing <Task(PythonOperator): get_5m_info> on 2024-07-25 01:35:00+00:00
[2024-07-25T16:23:14.361-0300] {standard_task_runner.py:64} INFO - Started process 2666294 to run task
[2024-07-25T16:23:14.364-0300] {standard_task_runner.py:90} INFO - Running: ['airflow', 'tasks', 'run', 'Mercado_5m', 'get_5m_info', 'scheduled__2024-07-25T01:35:00+00:00', '--job-id', '2372', '--raw', '--subdir', 'DAGS_FOLDER/mercado_dag.py', '--cfg-path', '/tmp/tmp836rwcgg']
[2024-07-25T16:23:14.365-0300] {standard_task_runner.py:91} INFO - Job 2372: Subtask get_5m_info
[2024-07-25T16:23:14.397-0300] {task_command.py:426} INFO - Running <TaskInstance: Mercado_5m.get_5m_info scheduled__2024-07-25T01:35:00+00:00 [running]> on host Galaxybook.
[2024-07-25T16:23:14.447-0300] {taskinstance.py:2648} INFO - Exporting env vars: AIRFLOW_CTX_DAG_OWNER='airflow' AIRFLOW_CTX_DAG_ID='Mercado_5m' AIRFLOW_CTX_TASK_ID='get_5m_info' AIRFLOW_CTX_EXECUTION_DATE='2024-07-25T01:35:00+00:00' AIRFLOW_CTX_TRY_NUMBER='1' AIRFLOW_CTX_DAG_RUN_ID='scheduled__2024-07-25T01:35:00+00:00'
[2024-07-25T16:23:14.447-0300] {taskinstance.py:430} INFO - ::endgroup::
[2024-07-25T16:23:14.455-0300] {mercado_dag.py:22} INFO - To: 2024-07-25 01:40:00+00:00
[2024-07-25T16:23:14.455-0300] {mercado_dag.py:23} INFO - From: 2024-07-25 01:35:00+00:00
[2024-07-25T16:23:14.455-0300] {mercado_dag.py:24} INFO - To timestamp: 1721871600 
[2024-07-25T16:23:14.456-0300] {mercado_dag.py:25} INFO - From timestamp: 1721871300 
[2024-07-25T16:23:14.518-0300] {base.py:84} INFO - Using connection ID 'mercado_default' for task execution.
[2024-07-25T16:23:14.518-0300] {mercado_hook.py:31} INFO - URL: https://api.mercadobitcoin.net/api/v4/candles?symbol=BTC-BRL&resolution=5m&to=1721871600&from=1721871300
[2024-07-25T16:23:14.834-0300] {python.py:237} INFO - Done. Returned value was: None
[2024-07-25T16:23:14.835-0300] {taskinstance.py:441} INFO - ::group::Post task execution logs
[2024-07-25T16:23:14.837-0300] {taskinstance.py:1206} INFO - Marking task as SUCCESS. dag_id=Mercado_5m, task_id=get_5m_info, run_id=scheduled__2024-07-25T01:35:00+00:00, execution_date=20240725T013500, start_date=20240725T192314, end_date=20240725T192314
[2024-07-25T16:23:14.867-0300] {local_task_job_runner.py:243} INFO - Task exited with return code 0
[2024-07-25T16:23:14.874-0300] {taskinstance.py:3503} INFO - 0 downstream tasks scheduled from follow-on schedule check
[2024-07-25T16:23:14.875-0300] {local_task_job_runner.py:222} INFO - ::endgroup::
[2024-07-25T16:25:45.268-0300] {local_task_job_runner.py:120} INFO - ::group::Pre task execution logs
[2024-07-25T16:25:45.274-0300] {taskinstance.py:2076} INFO - Dependencies all met for dep_context=non-requeueable deps ti=<TaskInstance: Mercado_5m.get_5m_info scheduled__2024-07-25T01:35:00+00:00 [queued]>
[2024-07-25T16:25:45.279-0300] {taskinstance.py:2076} INFO - Dependencies all met for dep_context=requeueable deps ti=<TaskInstance: Mercado_5m.get_5m_info scheduled__2024-07-25T01:35:00+00:00 [queued]>
[2024-07-25T16:25:45.279-0300] {taskinstance.py:2306} INFO - Starting attempt 1 of 1
[2024-07-25T16:25:45.294-0300] {taskinstance.py:2330} INFO - Executing <Task(PythonOperator): get_5m_info> on 2024-07-25 01:35:00+00:00
[2024-07-25T16:25:45.296-0300] {standard_task_runner.py:64} INFO - Started process 2668793 to run task
[2024-07-25T16:25:45.298-0300] {standard_task_runner.py:90} INFO - Running: ['airflow', 'tasks', 'run', 'Mercado_5m', 'get_5m_info', 'scheduled__2024-07-25T01:35:00+00:00', '--job-id', '2439', '--raw', '--subdir', 'DAGS_FOLDER/mercado_dag.py', '--cfg-path', '/tmp/tmp_cct0cmg']
[2024-07-25T16:25:45.299-0300] {standard_task_runner.py:91} INFO - Job 2439: Subtask get_5m_info
[2024-07-25T16:25:45.323-0300] {task_command.py:426} INFO - Running <TaskInstance: Mercado_5m.get_5m_info scheduled__2024-07-25T01:35:00+00:00 [running]> on host Galaxybook.
[2024-07-25T16:25:45.378-0300] {taskinstance.py:2648} INFO - Exporting env vars: AIRFLOW_CTX_DAG_OWNER='airflow' AIRFLOW_CTX_DAG_ID='Mercado_5m' AIRFLOW_CTX_TASK_ID='get_5m_info' AIRFLOW_CTX_EXECUTION_DATE='2024-07-25T01:35:00+00:00' AIRFLOW_CTX_TRY_NUMBER='1' AIRFLOW_CTX_DAG_RUN_ID='scheduled__2024-07-25T01:35:00+00:00'
[2024-07-25T16:25:45.379-0300] {taskinstance.py:430} INFO - ::endgroup::
[2024-07-25T16:25:45.387-0300] {mercado_dag.py:22} INFO - To: 2024-07-25 01:40:00+00:00
[2024-07-25T16:25:45.387-0300] {mercado_dag.py:23} INFO - From: 2024-07-25 01:35:00+00:00
[2024-07-25T16:25:45.387-0300] {mercado_dag.py:24} INFO - To timestamp: 1721871600000 
[2024-07-25T16:25:45.387-0300] {mercado_dag.py:25} INFO - From timestamp: 1721871300000 
[2024-07-25T16:25:45.456-0300] {base.py:84} INFO - Using connection ID 'mercado_default' for task execution.
[2024-07-25T16:25:45.456-0300] {mercado_hook.py:31} INFO - URL: https://api.mercadobitcoin.net/api/v4/candles?symbol=BTC-BRL&resolution=5m&to=1721871600000&from=1721871300000
[2024-07-25T16:25:45.744-0300] {python.py:237} INFO - Done. Returned value was: None
[2024-07-25T16:25:45.745-0300] {taskinstance.py:441} INFO - ::group::Post task execution logs
[2024-07-25T16:25:45.747-0300] {taskinstance.py:1206} INFO - Marking task as SUCCESS. dag_id=Mercado_5m, task_id=get_5m_info, run_id=scheduled__2024-07-25T01:35:00+00:00, execution_date=20240725T013500, start_date=20240725T192545, end_date=20240725T192545
[2024-07-25T16:25:45.799-0300] {local_task_job_runner.py:243} INFO - Task exited with return code 0
[2024-07-25T16:25:45.806-0300] {taskinstance.py:3503} INFO - 0 downstream tasks scheduled from follow-on schedule check
[2024-07-25T16:25:45.807-0300] {local_task_job_runner.py:222} INFO - ::endgroup::
