[2024-07-25T14:29:27.708-0300] {local_task_job_runner.py:120} INFO - ::group::Pre task execution logs
[2024-07-25T14:29:27.715-0300] {taskinstance.py:2076} INFO - Dependencies all met for dep_context=non-requeueable deps ti=<TaskInstance: Binance_5m.get_5m_info scheduled__2024-07-25T15:25:00+00:00 [queued]>
[2024-07-25T14:29:27.719-0300] {taskinstance.py:2076} INFO - Dependencies all met for dep_context=requeueable deps ti=<TaskInstance: Binance_5m.get_5m_info scheduled__2024-07-25T15:25:00+00:00 [queued]>
[2024-07-25T14:29:27.719-0300] {taskinstance.py:2306} INFO - Starting attempt 1 of 1
[2024-07-25T14:29:27.731-0300] {taskinstance.py:2330} INFO - Executing <Task(PythonOperator): get_5m_info> on 2024-07-25 15:25:00+00:00
[2024-07-25T14:29:27.734-0300] {standard_task_runner.py:64} INFO - Started process 2592302 to run task
[2024-07-25T14:29:27.736-0300] {standard_task_runner.py:90} INFO - Running: ['airflow', 'tasks', 'run', 'Binance_5m', 'get_5m_info', 'scheduled__2024-07-25T15:25:00+00:00', '--job-id', '2158', '--raw', '--subdir', 'DAGS_FOLDER/binance_dag.py', '--cfg-path', '/tmp/tmpwoi9aflh']
[2024-07-25T14:29:27.737-0300] {standard_task_runner.py:91} INFO - Job 2158: Subtask get_5m_info
[2024-07-25T14:29:27.764-0300] {task_command.py:426} INFO - Running <TaskInstance: Binance_5m.get_5m_info scheduled__2024-07-25T15:25:00+00:00 [running]> on host Galaxybook.
[2024-07-25T14:29:27.813-0300] {taskinstance.py:2648} INFO - Exporting env vars: AIRFLOW_CTX_DAG_OWNER='airflow' AIRFLOW_CTX_DAG_ID='Binance_5m' AIRFLOW_CTX_TASK_ID='get_5m_info' AIRFLOW_CTX_EXECUTION_DATE='2024-07-25T15:25:00+00:00' AIRFLOW_CTX_TRY_NUMBER='1' AIRFLOW_CTX_DAG_RUN_ID='scheduled__2024-07-25T15:25:00+00:00'
[2024-07-25T14:29:27.814-0300] {taskinstance.py:430} INFO - ::endgroup::
[2024-07-25T14:29:27.821-0300] {binance_dag.py:23} INFO - End Time: 2024-07-25T15:30:00.00Z
[2024-07-25T14:29:27.879-0300] {base.py:84} INFO - Using connection ID 'binance_default' for task execution.
[2024-07-25T14:29:27.879-0300] {logging_mixin.py:188} INFO - https://api.binance.com
[2024-07-25T14:29:27.880-0300] {binance_hook.py:35} INFO - URL: https://api.binance.com/api/v3/klines?symbol=BTCBRL&interval=5m&startTime=1721931900000&endTime=1721932200000
[2024-07-25T14:29:28.268-0300] {python.py:237} INFO - Done. Returned value was: None
[2024-07-25T14:29:28.269-0300] {taskinstance.py:441} INFO - ::group::Post task execution logs
[2024-07-25T14:29:28.272-0300] {taskinstance.py:1206} INFO - Marking task as SUCCESS. dag_id=Binance_5m, task_id=get_5m_info, run_id=scheduled__2024-07-25T15:25:00+00:00, execution_date=20240725T152500, start_date=20240725T172927, end_date=20240725T172928
[2024-07-25T14:29:28.316-0300] {local_task_job_runner.py:243} INFO - Task exited with return code 0
[2024-07-25T14:29:28.323-0300] {taskinstance.py:3503} INFO - 0 downstream tasks scheduled from follow-on schedule check
[2024-07-25T14:29:28.323-0300] {local_task_job_runner.py:222} INFO - ::endgroup::
[2024-07-25T14:32:37.245-0300] {local_task_job_runner.py:120} INFO - ::group::Pre task execution logs
[2024-07-25T14:32:37.253-0300] {taskinstance.py:2076} INFO - Dependencies all met for dep_context=non-requeueable deps ti=<TaskInstance: Binance_5m.get_5m_info scheduled__2024-07-25T15:25:00+00:00 [queued]>
[2024-07-25T14:32:37.258-0300] {taskinstance.py:2076} INFO - Dependencies all met for dep_context=requeueable deps ti=<TaskInstance: Binance_5m.get_5m_info scheduled__2024-07-25T15:25:00+00:00 [queued]>
[2024-07-25T14:32:37.258-0300] {taskinstance.py:2306} INFO - Starting attempt 1 of 1
[2024-07-25T14:32:37.274-0300] {taskinstance.py:2330} INFO - Executing <Task(PythonOperator): get_5m_info> on 2024-07-25 15:25:00+00:00
[2024-07-25T14:32:37.276-0300] {standard_task_runner.py:64} INFO - Started process 2595458 to run task
[2024-07-25T14:32:37.278-0300] {standard_task_runner.py:90} INFO - Running: ['airflow', 'tasks', 'run', 'Binance_5m', 'get_5m_info', 'scheduled__2024-07-25T15:25:00+00:00', '--job-id', '2161', '--raw', '--subdir', 'DAGS_FOLDER/binance_dag.py', '--cfg-path', '/tmp/tmpo94nu9s0']
[2024-07-25T14:32:37.279-0300] {standard_task_runner.py:91} INFO - Job 2161: Subtask get_5m_info
[2024-07-25T14:32:37.309-0300] {task_command.py:426} INFO - Running <TaskInstance: Binance_5m.get_5m_info scheduled__2024-07-25T15:25:00+00:00 [running]> on host Galaxybook.
[2024-07-25T14:32:37.367-0300] {taskinstance.py:2648} INFO - Exporting env vars: AIRFLOW_CTX_DAG_OWNER='airflow' AIRFLOW_CTX_DAG_ID='Binance_5m' AIRFLOW_CTX_TASK_ID='get_5m_info' AIRFLOW_CTX_EXECUTION_DATE='2024-07-25T15:25:00+00:00' AIRFLOW_CTX_TRY_NUMBER='1' AIRFLOW_CTX_DAG_RUN_ID='scheduled__2024-07-25T15:25:00+00:00'
[2024-07-25T14:32:37.368-0300] {taskinstance.py:430} INFO - ::endgroup::
[2024-07-25T14:32:37.376-0300] {binance_dag.py:23} INFO - End Time: 2024-07-25T15:30:00.00Z
[2024-07-25T14:32:37.432-0300] {base.py:84} INFO - Using connection ID 'binance_default' for task execution.
[2024-07-25T14:32:37.432-0300] {logging_mixin.py:188} INFO - https://api.binance.com
[2024-07-25T14:32:37.433-0300] {binance_hook.py:35} INFO - URL: https://api.binance.com/api/v3/klines?symbol=BTCBRL&interval=5m&startTime=1721931900000&endTime=1721932200000
[2024-07-25T14:32:37.826-0300] {binance_dag.py:42} INFO - []
[2024-07-25T14:32:37.827-0300] {python.py:237} INFO - Done. Returned value was: None
[2024-07-25T14:32:37.828-0300] {taskinstance.py:441} INFO - ::group::Post task execution logs
[2024-07-25T14:32:37.830-0300] {taskinstance.py:1206} INFO - Marking task as SUCCESS. dag_id=Binance_5m, task_id=get_5m_info, run_id=scheduled__2024-07-25T15:25:00+00:00, execution_date=20240725T152500, start_date=20240725T173237, end_date=20240725T173237
[2024-07-25T14:32:37.859-0300] {local_task_job_runner.py:243} INFO - Task exited with return code 0
[2024-07-25T14:32:37.865-0300] {taskinstance.py:3503} INFO - 0 downstream tasks scheduled from follow-on schedule check
[2024-07-25T14:32:37.866-0300] {local_task_job_runner.py:222} INFO - ::endgroup::
[2024-07-25T14:53:54.045-0300] {local_task_job_runner.py:120} INFO - ::group::Pre task execution logs
[2024-07-25T14:53:54.050-0300] {taskinstance.py:2076} INFO - Dependencies all met for dep_context=non-requeueable deps ti=<TaskInstance: Binance_5m.get_5m_info scheduled__2024-07-25T15:25:00+00:00 [queued]>
[2024-07-25T14:53:54.054-0300] {taskinstance.py:2076} INFO - Dependencies all met for dep_context=requeueable deps ti=<TaskInstance: Binance_5m.get_5m_info scheduled__2024-07-25T15:25:00+00:00 [queued]>
[2024-07-25T14:53:54.054-0300] {taskinstance.py:2306} INFO - Starting attempt 1 of 1
[2024-07-25T14:53:54.071-0300] {taskinstance.py:2330} INFO - Executing <Task(PythonOperator): get_5m_info> on 2024-07-25 15:25:00+00:00
[2024-07-25T14:53:54.073-0300] {standard_task_runner.py:64} INFO - Started process 2613294 to run task
[2024-07-25T14:53:54.075-0300] {standard_task_runner.py:90} INFO - Running: ['airflow', 'tasks', 'run', 'Binance_5m', 'get_5m_info', 'scheduled__2024-07-25T15:25:00+00:00', '--job-id', '2277', '--raw', '--subdir', 'DAGS_FOLDER/binance_dag.py', '--cfg-path', '/tmp/tmpt96y3zx_']
[2024-07-25T14:53:54.076-0300] {standard_task_runner.py:91} INFO - Job 2277: Subtask get_5m_info
[2024-07-25T14:53:54.101-0300] {task_command.py:426} INFO - Running <TaskInstance: Binance_5m.get_5m_info scheduled__2024-07-25T15:25:00+00:00 [running]> on host Galaxybook.
[2024-07-25T14:53:54.153-0300] {taskinstance.py:2648} INFO - Exporting env vars: AIRFLOW_CTX_DAG_OWNER='airflow' AIRFLOW_CTX_DAG_ID='Binance_5m' AIRFLOW_CTX_TASK_ID='get_5m_info' AIRFLOW_CTX_EXECUTION_DATE='2024-07-25T15:25:00+00:00' AIRFLOW_CTX_TRY_NUMBER='1' AIRFLOW_CTX_DAG_RUN_ID='scheduled__2024-07-25T15:25:00+00:00'
[2024-07-25T14:53:54.153-0300] {taskinstance.py:430} INFO - ::endgroup::
[2024-07-25T14:53:54.161-0300] {binance_dag.py:23} INFO - End Time: 2024-07-25T15:30:00.00Z
[2024-07-25T14:53:54.161-0300] {binance_dag.py:24} INFO - Start Time: 2024-07-25T15:25:00.00Z
[2024-07-25T14:53:54.215-0300] {base.py:84} INFO - Using connection ID 'binance_default' for task execution.
[2024-07-25T14:53:54.215-0300] {logging_mixin.py:188} INFO - https://api.binance.com
[2024-07-25T14:53:54.215-0300] {binance_hook.py:35} INFO - URL: https://api.binance.com/api/v3/klines?symbol=BTCBRL&interval=5m&startTime=1721931900000&endTime=1721932199999
[2024-07-25T14:53:54.610-0300] {binance_dag.py:43} INFO - r: []
[2024-07-25T14:53:54.612-0300] {python.py:237} INFO - Done. Returned value was: None
[2024-07-25T14:53:54.613-0300] {taskinstance.py:441} INFO - ::group::Post task execution logs
[2024-07-25T14:53:54.616-0300] {taskinstance.py:1206} INFO - Marking task as SUCCESS. dag_id=Binance_5m, task_id=get_5m_info, run_id=scheduled__2024-07-25T15:25:00+00:00, execution_date=20240725T152500, start_date=20240725T175354, end_date=20240725T175354
[2024-07-25T14:53:54.661-0300] {local_task_job_runner.py:243} INFO - Task exited with return code 0
[2024-07-25T14:53:54.669-0300] {taskinstance.py:3503} INFO - 0 downstream tasks scheduled from follow-on schedule check
[2024-07-25T14:53:54.669-0300] {local_task_job_runner.py:222} INFO - ::endgroup::
[2024-07-25T15:23:42.505-0300] {local_task_job_runner.py:120} INFO - ::group::Pre task execution logs
[2024-07-25T15:23:42.510-0300] {taskinstance.py:2076} INFO - Dependencies all met for dep_context=non-requeueable deps ti=<TaskInstance: Binance_5m.get_5m_info scheduled__2024-07-25T15:25:00+00:00 [queued]>
[2024-07-25T15:23:42.513-0300] {taskinstance.py:2076} INFO - Dependencies all met for dep_context=requeueable deps ti=<TaskInstance: Binance_5m.get_5m_info scheduled__2024-07-25T15:25:00+00:00 [queued]>
[2024-07-25T15:23:42.513-0300] {taskinstance.py:2306} INFO - Starting attempt 1 of 1
[2024-07-25T15:23:42.526-0300] {taskinstance.py:2330} INFO - Executing <Task(PythonOperator): get_5m_info> on 2024-07-25 15:25:00+00:00
[2024-07-25T15:23:42.528-0300] {standard_task_runner.py:64} INFO - Started process 2635389 to run task
[2024-07-25T15:23:42.530-0300] {standard_task_runner.py:90} INFO - Running: ['airflow', 'tasks', 'run', 'Binance_5m', 'get_5m_info', 'scheduled__2024-07-25T15:25:00+00:00', '--job-id', '2720', '--raw', '--subdir', 'DAGS_FOLDER/binance_dag.py', '--cfg-path', '/tmp/tmpram0ryhg']
[2024-07-25T15:23:42.531-0300] {standard_task_runner.py:91} INFO - Job 2720: Subtask get_5m_info
[2024-07-25T15:23:42.554-0300] {task_command.py:426} INFO - Running <TaskInstance: Binance_5m.get_5m_info scheduled__2024-07-25T15:25:00+00:00 [running]> on host Galaxybook.
[2024-07-25T15:23:42.608-0300] {taskinstance.py:2648} INFO - Exporting env vars: AIRFLOW_CTX_DAG_OWNER='airflow' AIRFLOW_CTX_DAG_ID='Binance_5m' AIRFLOW_CTX_TASK_ID='get_5m_info' AIRFLOW_CTX_EXECUTION_DATE='2024-07-25T15:25:00+00:00' AIRFLOW_CTX_TRY_NUMBER='1' AIRFLOW_CTX_DAG_RUN_ID='scheduled__2024-07-25T15:25:00+00:00'
[2024-07-25T15:23:42.608-0300] {taskinstance.py:430} INFO - ::endgroup::
[2024-07-25T15:23:42.616-0300] {binance_dag.py:23} INFO - End Time: 2024-07-25T15:30:00.00Z
[2024-07-25T15:23:42.617-0300] {binance_dag.py:24} INFO - Start Time: 2024-07-25T15:25:00.00Z
[2024-07-25T15:23:42.667-0300] {binance_dag.py:25} INFO - 1721931900000
[2024-07-25T15:23:42.670-0300] {base.py:84} INFO - Using connection ID 'binance_default' for task execution.
[2024-07-25T15:23:42.670-0300] {logging_mixin.py:188} INFO - https://api.binance.com
[2024-07-25T15:23:42.670-0300] {binance_hook.py:35} INFO - URL: https://api.binance.com/api/v3/klines?symbol=BTCBRL&interval=5m&startTime=1721931900000&endTime=1721932199999
[2024-07-25T15:23:43.068-0300] {python.py:237} INFO - Done. Returned value was: None
[2024-07-25T15:23:43.068-0300] {taskinstance.py:441} INFO - ::group::Post task execution logs
[2024-07-25T15:23:43.070-0300] {taskinstance.py:1206} INFO - Marking task as SUCCESS. dag_id=Binance_5m, task_id=get_5m_info, run_id=scheduled__2024-07-25T15:25:00+00:00, execution_date=20240725T152500, start_date=20240725T182342, end_date=20240725T182343
[2024-07-25T15:23:43.109-0300] {local_task_job_runner.py:243} INFO - Task exited with return code 0
[2024-07-25T15:23:43.115-0300] {taskinstance.py:3503} INFO - 0 downstream tasks scheduled from follow-on schedule check
[2024-07-25T15:23:43.116-0300] {local_task_job_runner.py:222} INFO - ::endgroup::
[2024-07-25T16:22:13.023-0300] {local_task_job_runner.py:120} INFO - ::group::Pre task execution logs
[2024-07-25T16:22:13.031-0300] {taskinstance.py:2076} INFO - Dependencies all met for dep_context=non-requeueable deps ti=<TaskInstance: Binance_5m.get_5m_info scheduled__2024-07-25T15:25:00+00:00 [queued]>
[2024-07-25T16:22:13.034-0300] {taskinstance.py:2076} INFO - Dependencies all met for dep_context=requeueable deps ti=<TaskInstance: Binance_5m.get_5m_info scheduled__2024-07-25T15:25:00+00:00 [queued]>
[2024-07-25T16:22:13.034-0300] {taskinstance.py:2306} INFO - Starting attempt 1 of 1
[2024-07-25T16:22:13.048-0300] {taskinstance.py:2330} INFO - Executing <Task(PythonOperator): get_5m_info> on 2024-07-25 15:25:00+00:00
[2024-07-25T16:22:13.049-0300] {standard_task_runner.py:64} INFO - Started process 2665259 to run task
[2024-07-25T16:22:13.051-0300] {standard_task_runner.py:90} INFO - Running: ['airflow', 'tasks', 'run', 'Binance_5m', 'get_5m_info', 'scheduled__2024-07-25T15:25:00+00:00', '--job-id', '2341', '--raw', '--subdir', 'DAGS_FOLDER/binance_dag.py', '--cfg-path', '/tmp/tmpb99z18d2']
[2024-07-25T16:22:13.052-0300] {standard_task_runner.py:91} INFO - Job 2341: Subtask get_5m_info
[2024-07-25T16:22:13.081-0300] {task_command.py:426} INFO - Running <TaskInstance: Binance_5m.get_5m_info scheduled__2024-07-25T15:25:00+00:00 [running]> on host Galaxybook.
[2024-07-25T16:22:13.135-0300] {taskinstance.py:2648} INFO - Exporting env vars: AIRFLOW_CTX_DAG_OWNER='airflow' AIRFLOW_CTX_DAG_ID='Binance_5m' AIRFLOW_CTX_TASK_ID='get_5m_info' AIRFLOW_CTX_EXECUTION_DATE='2024-07-25T15:25:00+00:00' AIRFLOW_CTX_TRY_NUMBER='1' AIRFLOW_CTX_DAG_RUN_ID='scheduled__2024-07-25T15:25:00+00:00'
[2024-07-25T16:22:13.136-0300] {taskinstance.py:430} INFO - ::endgroup::
[2024-07-25T16:22:13.143-0300] {binance_dag.py:22} INFO - End Time: 2024-07-25 15:30:00+00:00
[2024-07-25T16:22:13.144-0300] {binance_dag.py:23} INFO - Start Time: 2024-07-25 15:25:00+00:00
[2024-07-25T16:22:13.144-0300] {binance_dag.py:24} INFO - Start timestamp: 1721921100000
[2024-07-25T16:22:13.144-0300] {binance_dag.py:25} INFO - End timestamp: 1721921400000
[2024-07-25T16:22:13.203-0300] {base.py:84} INFO - Using connection ID 'binance_default' for task execution.
[2024-07-25T16:22:13.204-0300] {logging_mixin.py:188} INFO - https://api.binance.com
[2024-07-25T16:22:13.204-0300] {binance_hook.py:35} INFO - URL: https://api.binance.com/api/v3/klines?symbol=BTCBRL&interval=5m&startTime=1721921100000&endTime=1721921399999&timeZone=-3
[2024-07-25T16:22:13.605-0300] {python.py:237} INFO - Done. Returned value was: None
[2024-07-25T16:22:13.606-0300] {taskinstance.py:441} INFO - ::group::Post task execution logs
[2024-07-25T16:22:13.608-0300] {taskinstance.py:1206} INFO - Marking task as SUCCESS. dag_id=Binance_5m, task_id=get_5m_info, run_id=scheduled__2024-07-25T15:25:00+00:00, execution_date=20240725T152500, start_date=20240725T192213, end_date=20240725T192213
[2024-07-25T16:22:13.630-0300] {local_task_job_runner.py:243} INFO - Task exited with return code 0
[2024-07-25T16:22:13.637-0300] {taskinstance.py:3503} INFO - 0 downstream tasks scheduled from follow-on schedule check
[2024-07-25T16:22:13.637-0300] {local_task_job_runner.py:222} INFO - ::endgroup::
