[2024-07-25T14:21:47.902-0300] {local_task_job_runner.py:120} INFO - ::group::Pre task execution logs
[2024-07-25T14:21:47.907-0300] {taskinstance.py:2076} INFO - Dependencies all met for dep_context=non-requeueable deps ti=<TaskInstance: Binance_5m.get_5m_info scheduled__2024-07-25T00:40:00+00:00 [queued]>
[2024-07-25T14:21:47.910-0300] {taskinstance.py:2076} INFO - Dependencies all met for dep_context=requeueable deps ti=<TaskInstance: Binance_5m.get_5m_info scheduled__2024-07-25T00:40:00+00:00 [queued]>
[2024-07-25T14:21:47.911-0300] {taskinstance.py:2306} INFO - Starting attempt 1 of 1
[2024-07-25T14:21:47.925-0300] {taskinstance.py:2330} INFO - Executing <Task(PythonOperator): get_5m_info> on 2024-07-25 00:40:00+00:00
[2024-07-25T14:21:47.927-0300] {standard_task_runner.py:64} INFO - Started process 2586851 to run task
[2024-07-25T14:21:47.930-0300] {standard_task_runner.py:90} INFO - Running: ['airflow', 'tasks', 'run', 'Binance_5m', 'get_5m_info', 'scheduled__2024-07-25T00:40:00+00:00', '--job-id', '2090', '--raw', '--subdir', 'DAGS_FOLDER/binance_dag.py', '--cfg-path', '/tmp/tmp9di6d1g0']
[2024-07-25T14:21:47.931-0300] {standard_task_runner.py:91} INFO - Job 2090: Subtask get_5m_info
[2024-07-25T14:21:47.970-0300] {task_command.py:426} INFO - Running <TaskInstance: Binance_5m.get_5m_info scheduled__2024-07-25T00:40:00+00:00 [running]> on host Galaxybook.
[2024-07-25T14:21:48.028-0300] {taskinstance.py:2648} INFO - Exporting env vars: AIRFLOW_CTX_DAG_OWNER='airflow' AIRFLOW_CTX_DAG_ID='Binance_5m' AIRFLOW_CTX_TASK_ID='get_5m_info' AIRFLOW_CTX_EXECUTION_DATE='2024-07-25T00:40:00+00:00' AIRFLOW_CTX_TRY_NUMBER='1' AIRFLOW_CTX_DAG_RUN_ID='scheduled__2024-07-25T00:40:00+00:00'
[2024-07-25T14:21:48.028-0300] {taskinstance.py:430} INFO - ::endgroup::
[2024-07-25T14:21:48.036-0300] {binance_dag.py:23} INFO - End Time: 2024-07-25T00:45:00.00Z
[2024-07-25T14:21:48.105-0300] {base.py:84} INFO - Using connection ID 'binance_default' for task execution.
[2024-07-25T14:21:48.105-0300] {logging_mixin.py:188} INFO - https://api.binance.com
[2024-07-25T14:21:48.106-0300] {binance_hook.py:35} INFO - URL: https://api.binance.com/api/v3/klines?symbol=BTCBRL&interval=5m&startTime=1721878800000&endTime=1721879100000
[2024-07-25T14:21:48.543-0300] {python.py:237} INFO - Done. Returned value was: None
[2024-07-25T14:21:48.543-0300] {taskinstance.py:441} INFO - ::group::Post task execution logs
[2024-07-25T14:21:48.546-0300] {taskinstance.py:1206} INFO - Marking task as SUCCESS. dag_id=Binance_5m, task_id=get_5m_info, run_id=scheduled__2024-07-25T00:40:00+00:00, execution_date=20240725T004000, start_date=20240725T172147, end_date=20240725T172148
[2024-07-25T14:21:48.592-0300] {local_task_job_runner.py:243} INFO - Task exited with return code 0
[2024-07-25T14:21:48.599-0300] {taskinstance.py:3503} INFO - 0 downstream tasks scheduled from follow-on schedule check
[2024-07-25T14:21:48.600-0300] {local_task_job_runner.py:222} INFO - ::endgroup::
[2024-07-25T14:40:13.781-0300] {local_task_job_runner.py:120} INFO - ::group::Pre task execution logs
[2024-07-25T14:40:13.789-0300] {taskinstance.py:2076} INFO - Dependencies all met for dep_context=non-requeueable deps ti=<TaskInstance: Binance_5m.get_5m_info scheduled__2024-07-25T00:40:00+00:00 [queued]>
[2024-07-25T14:40:13.794-0300] {taskinstance.py:2076} INFO - Dependencies all met for dep_context=requeueable deps ti=<TaskInstance: Binance_5m.get_5m_info scheduled__2024-07-25T00:40:00+00:00 [queued]>
[2024-07-25T14:40:13.794-0300] {taskinstance.py:2306} INFO - Starting attempt 1 of 1
[2024-07-25T14:40:13.812-0300] {taskinstance.py:2330} INFO - Executing <Task(PythonOperator): get_5m_info> on 2024-07-25 00:40:00+00:00
[2024-07-25T14:40:13.814-0300] {standard_task_runner.py:64} INFO - Started process 2601563 to run task
[2024-07-25T14:40:13.817-0300] {standard_task_runner.py:90} INFO - Running: ['airflow', 'tasks', 'run', 'Binance_5m', 'get_5m_info', 'scheduled__2024-07-25T00:40:00+00:00', '--job-id', '2094', '--raw', '--subdir', 'DAGS_FOLDER/binance_dag.py', '--cfg-path', '/tmp/tmpcscwseyg']
[2024-07-25T14:40:13.818-0300] {standard_task_runner.py:91} INFO - Job 2094: Subtask get_5m_info
[2024-07-25T14:40:13.857-0300] {task_command.py:426} INFO - Running <TaskInstance: Binance_5m.get_5m_info scheduled__2024-07-25T00:40:00+00:00 [running]> on host Galaxybook.
[2024-07-25T14:40:13.919-0300] {taskinstance.py:2648} INFO - Exporting env vars: AIRFLOW_CTX_DAG_OWNER='airflow' AIRFLOW_CTX_DAG_ID='Binance_5m' AIRFLOW_CTX_TASK_ID='get_5m_info' AIRFLOW_CTX_EXECUTION_DATE='2024-07-25T00:40:00+00:00' AIRFLOW_CTX_TRY_NUMBER='1' AIRFLOW_CTX_DAG_RUN_ID='scheduled__2024-07-25T00:40:00+00:00'
[2024-07-25T14:40:13.920-0300] {taskinstance.py:430} INFO - ::endgroup::
[2024-07-25T14:40:13.930-0300] {binance_dag.py:23} INFO - End Time: 2024-07-25T00:45:00.00Z
[2024-07-25T14:40:14.011-0300] {base.py:84} INFO - Using connection ID 'binance_default' for task execution.
[2024-07-25T14:40:14.011-0300] {logging_mixin.py:188} INFO - https://api.binance.com
[2024-07-25T14:40:14.012-0300] {binance_hook.py:35} INFO - URL: https://api.binance.com/api/v3/klines?symbol=BTCBRL&interval=5m&startTime=1721878800000&endTime=1721879100000
[2024-07-25T14:40:14.405-0300] {binance_dag.py:42} INFO - r: [[1721878800000, '365104.00000000', '365170.00000000', '363771.00000000', '363953.00000000', '0.36595000', 1721879099999, '133350.41513000', 61, '0.11432000', '41668.01952000', '0'], [1721879100000, '363771.00000000', '364052.00000000', '363242.00000000', '364012.00000000', '0.20692000', 1721879399999, '75284.66219000', 42, '0.09519000', '34630.03844000', '0']]
[2024-07-25T14:40:14.406-0300] {python.py:237} INFO - Done. Returned value was: None
[2024-07-25T14:40:14.406-0300] {taskinstance.py:441} INFO - ::group::Post task execution logs
[2024-07-25T14:40:14.409-0300] {taskinstance.py:1206} INFO - Marking task as SUCCESS. dag_id=Binance_5m, task_id=get_5m_info, run_id=scheduled__2024-07-25T00:40:00+00:00, execution_date=20240725T004000, start_date=20240725T174013, end_date=20240725T174014
[2024-07-25T14:40:14.439-0300] {local_task_job_runner.py:243} INFO - Task exited with return code 0
[2024-07-25T14:40:14.446-0300] {taskinstance.py:3503} INFO - 0 downstream tasks scheduled from follow-on schedule check
[2024-07-25T14:40:14.447-0300] {local_task_job_runner.py:222} INFO - ::endgroup::
[2024-07-25T14:42:41.026-0300] {local_task_job_runner.py:120} INFO - ::group::Pre task execution logs
[2024-07-25T14:42:41.031-0300] {taskinstance.py:2076} INFO - Dependencies all met for dep_context=non-requeueable deps ti=<TaskInstance: Binance_5m.get_5m_info scheduled__2024-07-25T00:40:00+00:00 [queued]>
[2024-07-25T14:42:41.034-0300] {taskinstance.py:2076} INFO - Dependencies all met for dep_context=requeueable deps ti=<TaskInstance: Binance_5m.get_5m_info scheduled__2024-07-25T00:40:00+00:00 [queued]>
[2024-07-25T14:42:41.034-0300] {taskinstance.py:2306} INFO - Starting attempt 1 of 1
[2024-07-25T14:42:41.046-0300] {taskinstance.py:2330} INFO - Executing <Task(PythonOperator): get_5m_info> on 2024-07-25 00:40:00+00:00
[2024-07-25T14:42:41.047-0300] {standard_task_runner.py:64} INFO - Started process 2603387 to run task
[2024-07-25T14:42:41.049-0300] {standard_task_runner.py:90} INFO - Running: ['airflow', 'tasks', 'run', 'Binance_5m', 'get_5m_info', 'scheduled__2024-07-25T00:40:00+00:00', '--job-id', '2094', '--raw', '--subdir', 'DAGS_FOLDER/binance_dag.py', '--cfg-path', '/tmp/tmp1hxhqn0z']
[2024-07-25T14:42:41.050-0300] {standard_task_runner.py:91} INFO - Job 2094: Subtask get_5m_info
[2024-07-25T14:42:41.076-0300] {task_command.py:426} INFO - Running <TaskInstance: Binance_5m.get_5m_info scheduled__2024-07-25T00:40:00+00:00 [running]> on host Galaxybook.
[2024-07-25T14:42:41.123-0300] {taskinstance.py:2648} INFO - Exporting env vars: AIRFLOW_CTX_DAG_OWNER='airflow' AIRFLOW_CTX_DAG_ID='Binance_5m' AIRFLOW_CTX_TASK_ID='get_5m_info' AIRFLOW_CTX_EXECUTION_DATE='2024-07-25T00:40:00+00:00' AIRFLOW_CTX_TRY_NUMBER='1' AIRFLOW_CTX_DAG_RUN_ID='scheduled__2024-07-25T00:40:00+00:00'
[2024-07-25T14:42:41.124-0300] {taskinstance.py:430} INFO - ::endgroup::
[2024-07-25T14:42:41.131-0300] {binance_dag.py:23} INFO - End Time: 2024-07-25T00:45:00.00Z
[2024-07-25T14:42:41.131-0300] {binance_dag.py:24} INFO - End Time: 2024-07-25T00:40:00.00Z
[2024-07-25T14:42:41.189-0300] {base.py:84} INFO - Using connection ID 'binance_default' for task execution.
[2024-07-25T14:42:41.189-0300] {logging_mixin.py:188} INFO - https://api.binance.com
[2024-07-25T14:42:41.189-0300] {binance_hook.py:35} INFO - URL: https://api.binance.com/api/v3/klines?symbol=BTCBRL&interval=5m&startTime=1721878800000&endTime=1721879100000
[2024-07-25T14:42:41.597-0300] {binance_dag.py:43} INFO - r: [[1721878800000, '365104.00000000', '365170.00000000', '363771.00000000', '363953.00000000', '0.36595000', 1721879099999, '133350.41513000', 61, '0.11432000', '41668.01952000', '0'], [1721879100000, '363771.00000000', '364052.00000000', '363242.00000000', '364012.00000000', '0.20692000', 1721879399999, '75284.66219000', 42, '0.09519000', '34630.03844000', '0']]
[2024-07-25T14:42:41.598-0300] {python.py:237} INFO - Done. Returned value was: None
[2024-07-25T14:42:41.599-0300] {taskinstance.py:441} INFO - ::group::Post task execution logs
[2024-07-25T14:42:41.602-0300] {taskinstance.py:1206} INFO - Marking task as SUCCESS. dag_id=Binance_5m, task_id=get_5m_info, run_id=scheduled__2024-07-25T00:40:00+00:00, execution_date=20240725T004000, start_date=20240725T174241, end_date=20240725T174241
[2024-07-25T14:42:41.635-0300] {local_task_job_runner.py:243} INFO - Task exited with return code 0
[2024-07-25T14:42:41.644-0300] {taskinstance.py:3503} INFO - 0 downstream tasks scheduled from follow-on schedule check
[2024-07-25T14:42:41.644-0300] {local_task_job_runner.py:222} INFO - ::endgroup::
[2024-07-25T14:45:57.398-0300] {local_task_job_runner.py:120} INFO - ::group::Pre task execution logs
[2024-07-25T14:45:57.408-0300] {taskinstance.py:2076} INFO - Dependencies all met for dep_context=non-requeueable deps ti=<TaskInstance: Binance_5m.get_5m_info scheduled__2024-07-25T00:40:00+00:00 [queued]>
[2024-07-25T14:45:57.413-0300] {taskinstance.py:2076} INFO - Dependencies all met for dep_context=requeueable deps ti=<TaskInstance: Binance_5m.get_5m_info scheduled__2024-07-25T00:40:00+00:00 [queued]>
[2024-07-25T14:45:57.413-0300] {taskinstance.py:2306} INFO - Starting attempt 1 of 1
[2024-07-25T14:45:57.431-0300] {taskinstance.py:2330} INFO - Executing <Task(PythonOperator): get_5m_info> on 2024-07-25 00:40:00+00:00
[2024-07-25T14:45:57.434-0300] {standard_task_runner.py:64} INFO - Started process 2605385 to run task
[2024-07-25T14:45:57.435-0300] {standard_task_runner.py:90} INFO - Running: ['airflow', 'tasks', 'run', 'Binance_5m', 'get_5m_info', 'scheduled__2024-07-25T00:40:00+00:00', '--job-id', '2094', '--raw', '--subdir', 'DAGS_FOLDER/binance_dag.py', '--cfg-path', '/tmp/tmprtvgfc_7']
[2024-07-25T14:45:57.436-0300] {standard_task_runner.py:91} INFO - Job 2094: Subtask get_5m_info
[2024-07-25T14:45:57.466-0300] {task_command.py:426} INFO - Running <TaskInstance: Binance_5m.get_5m_info scheduled__2024-07-25T00:40:00+00:00 [running]> on host Galaxybook.
[2024-07-25T14:45:57.520-0300] {taskinstance.py:2648} INFO - Exporting env vars: AIRFLOW_CTX_DAG_OWNER='airflow' AIRFLOW_CTX_DAG_ID='Binance_5m' AIRFLOW_CTX_TASK_ID='get_5m_info' AIRFLOW_CTX_EXECUTION_DATE='2024-07-25T00:40:00+00:00' AIRFLOW_CTX_TRY_NUMBER='1' AIRFLOW_CTX_DAG_RUN_ID='scheduled__2024-07-25T00:40:00+00:00'
[2024-07-25T14:45:57.520-0300] {taskinstance.py:430} INFO - ::endgroup::
[2024-07-25T14:45:57.531-0300] {binance_dag.py:23} INFO - End Time: 2024-07-25T00:45:00.00Z
[2024-07-25T14:45:57.531-0300] {binance_dag.py:24} INFO - Start Time: 2024-07-25T00:40:00.00Z
[2024-07-25T14:45:57.605-0300] {base.py:84} INFO - Using connection ID 'binance_default' for task execution.
[2024-07-25T14:45:57.606-0300] {logging_mixin.py:188} INFO - https://api.binance.com
[2024-07-25T14:45:57.606-0300] {binance_hook.py:35} INFO - URL: https://api.binance.com/api/v3/klines?symbol=BTCBRL&interval=5m&startTime=1721878800000&endTime=1721879099999
[2024-07-25T14:45:58.002-0300] {binance_dag.py:43} INFO - r: [[1721878800000, '365104.00000000', '365170.00000000', '363771.00000000', '363953.00000000', '0.36595000', 1721879099999, '133350.41513000', 61, '0.11432000', '41668.01952000', '0']]
[2024-07-25T14:45:58.003-0300] {python.py:237} INFO - Done. Returned value was: None
[2024-07-25T14:45:58.003-0300] {taskinstance.py:441} INFO - ::group::Post task execution logs
[2024-07-25T14:45:58.006-0300] {taskinstance.py:1206} INFO - Marking task as SUCCESS. dag_id=Binance_5m, task_id=get_5m_info, run_id=scheduled__2024-07-25T00:40:00+00:00, execution_date=20240725T004000, start_date=20240725T174557, end_date=20240725T174558
[2024-07-25T14:45:58.061-0300] {local_task_job_runner.py:243} INFO - Task exited with return code 0
[2024-07-25T14:45:58.067-0300] {taskinstance.py:3503} INFO - 0 downstream tasks scheduled from follow-on schedule check
[2024-07-25T14:45:58.067-0300] {local_task_job_runner.py:222} INFO - ::endgroup::
[2024-07-25T14:46:55.437-0300] {local_task_job_runner.py:120} INFO - ::group::Pre task execution logs
[2024-07-25T14:46:55.451-0300] {taskinstance.py:2076} INFO - Dependencies all met for dep_context=non-requeueable deps ti=<TaskInstance: Binance_5m.get_5m_info scheduled__2024-07-25T00:40:00+00:00 [queued]>
[2024-07-25T14:46:55.455-0300] {taskinstance.py:2076} INFO - Dependencies all met for dep_context=requeueable deps ti=<TaskInstance: Binance_5m.get_5m_info scheduled__2024-07-25T00:40:00+00:00 [queued]>
[2024-07-25T14:46:55.455-0300] {taskinstance.py:2306} INFO - Starting attempt 1 of 1
[2024-07-25T14:46:55.466-0300] {taskinstance.py:2330} INFO - Executing <Task(PythonOperator): get_5m_info> on 2024-07-25 00:40:00+00:00
[2024-07-25T14:46:55.468-0300] {standard_task_runner.py:64} INFO - Started process 2606310 to run task
[2024-07-25T14:46:55.470-0300] {standard_task_runner.py:90} INFO - Running: ['airflow', 'tasks', 'run', 'Binance_5m', 'get_5m_info', 'scheduled__2024-07-25T00:40:00+00:00', '--job-id', '2094', '--raw', '--subdir', 'DAGS_FOLDER/binance_dag.py', '--cfg-path', '/tmp/tmpd42alfkd']
[2024-07-25T14:46:55.471-0300] {standard_task_runner.py:91} INFO - Job 2094: Subtask get_5m_info
[2024-07-25T14:46:55.495-0300] {task_command.py:426} INFO - Running <TaskInstance: Binance_5m.get_5m_info scheduled__2024-07-25T00:40:00+00:00 [running]> on host Galaxybook.
[2024-07-25T14:46:55.543-0300] {taskinstance.py:2648} INFO - Exporting env vars: AIRFLOW_CTX_DAG_OWNER='airflow' AIRFLOW_CTX_DAG_ID='Binance_5m' AIRFLOW_CTX_TASK_ID='get_5m_info' AIRFLOW_CTX_EXECUTION_DATE='2024-07-25T00:40:00+00:00' AIRFLOW_CTX_TRY_NUMBER='1' AIRFLOW_CTX_DAG_RUN_ID='scheduled__2024-07-25T00:40:00+00:00'
[2024-07-25T14:46:55.543-0300] {taskinstance.py:430} INFO - ::endgroup::
[2024-07-25T14:46:55.550-0300] {binance_dag.py:23} INFO - End Time: 2024-07-25T00:45:00.00Z
[2024-07-25T14:46:55.551-0300] {binance_dag.py:24} INFO - Start Time: 2024-07-25T00:40:00.00Z
[2024-07-25T14:46:55.608-0300] {base.py:84} INFO - Using connection ID 'binance_default' for task execution.
[2024-07-25T14:46:55.609-0300] {logging_mixin.py:188} INFO - https://api.binance.com
[2024-07-25T14:46:55.609-0300] {binance_hook.py:35} INFO - URL: https://api.binance.com/api/v3/klines?symbol=BTCBRL&interval=5m&startTime=1721878800000&endTime=1721879099999
[2024-07-25T14:46:56.003-0300] {binance_dag.py:43} INFO - r: [[1721878800000, '365104.00000000', '365170.00000000', '363771.00000000', '363953.00000000', '0.36595000', 1721879099999, '133350.41513000', 61, '0.11432000', '41668.01952000', '0']]
[2024-07-25T14:46:56.005-0300] {python.py:237} INFO - Done. Returned value was: None
[2024-07-25T14:46:56.006-0300] {taskinstance.py:441} INFO - ::group::Post task execution logs
[2024-07-25T14:46:56.009-0300] {taskinstance.py:1206} INFO - Marking task as SUCCESS. dag_id=Binance_5m, task_id=get_5m_info, run_id=scheduled__2024-07-25T00:40:00+00:00, execution_date=20240725T004000, start_date=20240725T174655, end_date=20240725T174656
[2024-07-25T14:46:56.057-0300] {local_task_job_runner.py:243} INFO - Task exited with return code 0
[2024-07-25T14:46:56.066-0300] {taskinstance.py:3503} INFO - 0 downstream tasks scheduled from follow-on schedule check
[2024-07-25T14:46:56.067-0300] {local_task_job_runner.py:222} INFO - ::endgroup::
[2024-07-25T15:17:08.653-0300] {local_task_job_runner.py:120} INFO - ::group::Pre task execution logs
[2024-07-25T15:17:08.659-0300] {taskinstance.py:2076} INFO - Dependencies all met for dep_context=non-requeueable deps ti=<TaskInstance: Binance_5m.get_5m_info scheduled__2024-07-25T00:40:00+00:00 [queued]>
[2024-07-25T15:17:08.662-0300] {taskinstance.py:2076} INFO - Dependencies all met for dep_context=requeueable deps ti=<TaskInstance: Binance_5m.get_5m_info scheduled__2024-07-25T00:40:00+00:00 [queued]>
[2024-07-25T15:17:08.662-0300] {taskinstance.py:2306} INFO - Starting attempt 1 of 1
[2024-07-25T15:17:08.674-0300] {taskinstance.py:2330} INFO - Executing <Task(PythonOperator): get_5m_info> on 2024-07-25 00:40:00+00:00
[2024-07-25T15:17:08.676-0300] {standard_task_runner.py:64} INFO - Started process 2628891 to run task
[2024-07-25T15:17:08.678-0300] {standard_task_runner.py:90} INFO - Running: ['airflow', 'tasks', 'run', 'Binance_5m', 'get_5m_info', 'scheduled__2024-07-25T00:40:00+00:00', '--job-id', '2543', '--raw', '--subdir', 'DAGS_FOLDER/binance_dag.py', '--cfg-path', '/tmp/tmpkgpluvrk']
[2024-07-25T15:17:08.679-0300] {standard_task_runner.py:91} INFO - Job 2543: Subtask get_5m_info
[2024-07-25T15:17:08.705-0300] {task_command.py:426} INFO - Running <TaskInstance: Binance_5m.get_5m_info scheduled__2024-07-25T00:40:00+00:00 [running]> on host Galaxybook.
[2024-07-25T15:17:08.751-0300] {taskinstance.py:2648} INFO - Exporting env vars: AIRFLOW_CTX_DAG_OWNER='airflow' AIRFLOW_CTX_DAG_ID='Binance_5m' AIRFLOW_CTX_TASK_ID='get_5m_info' AIRFLOW_CTX_EXECUTION_DATE='2024-07-25T00:40:00+00:00' AIRFLOW_CTX_TRY_NUMBER='1' AIRFLOW_CTX_DAG_RUN_ID='scheduled__2024-07-25T00:40:00+00:00'
[2024-07-25T15:17:08.752-0300] {taskinstance.py:430} INFO - ::endgroup::
[2024-07-25T15:17:08.758-0300] {binance_dag.py:23} INFO - End Time: 2024-07-25T00:45:00.00Z
[2024-07-25T15:17:08.759-0300] {binance_dag.py:24} INFO - Start Time: 2024-07-25T00:40:00.00Z
[2024-07-25T15:17:08.812-0300] {base.py:84} INFO - Using connection ID 'binance_default' for task execution.
[2024-07-25T15:17:08.812-0300] {logging_mixin.py:188} INFO - https://api.binance.com
[2024-07-25T15:17:08.812-0300] {binance_hook.py:35} INFO - URL: https://api.binance.com/api/v3/klines?symbol=BTCBRL&interval=5m&startTime=1721878800000&endTime=1721879099999
[2024-07-25T15:17:09.213-0300] {python.py:237} INFO - Done. Returned value was: None
[2024-07-25T15:17:09.214-0300] {taskinstance.py:441} INFO - ::group::Post task execution logs
[2024-07-25T15:17:09.216-0300] {taskinstance.py:1206} INFO - Marking task as SUCCESS. dag_id=Binance_5m, task_id=get_5m_info, run_id=scheduled__2024-07-25T00:40:00+00:00, execution_date=20240725T004000, start_date=20240725T181708, end_date=20240725T181709
[2024-07-25T15:17:09.254-0300] {local_task_job_runner.py:243} INFO - Task exited with return code 0
[2024-07-25T15:17:09.261-0300] {taskinstance.py:3503} INFO - 0 downstream tasks scheduled from follow-on schedule check
[2024-07-25T15:17:09.261-0300] {local_task_job_runner.py:222} INFO - ::endgroup::
[2024-07-25T16:13:30.953-0300] {local_task_job_runner.py:120} INFO - ::group::Pre task execution logs
[2024-07-25T16:13:30.959-0300] {taskinstance.py:2076} INFO - Dependencies all met for dep_context=non-requeueable deps ti=<TaskInstance: Binance_5m.get_5m_info scheduled__2024-07-25T00:40:00+00:00 [queued]>
[2024-07-25T16:13:30.963-0300] {taskinstance.py:2076} INFO - Dependencies all met for dep_context=requeueable deps ti=<TaskInstance: Binance_5m.get_5m_info scheduled__2024-07-25T00:40:00+00:00 [queued]>
[2024-07-25T16:13:30.963-0300] {taskinstance.py:2306} INFO - Starting attempt 1 of 1
[2024-07-25T16:13:30.978-0300] {taskinstance.py:2330} INFO - Executing <Task(PythonOperator): get_5m_info> on 2024-07-25 00:40:00+00:00
[2024-07-25T16:13:30.980-0300] {standard_task_runner.py:64} INFO - Started process 2656507 to run task
[2024-07-25T16:13:30.982-0300] {standard_task_runner.py:90} INFO - Running: ['airflow', 'tasks', 'run', 'Binance_5m', 'get_5m_info', 'scheduled__2024-07-25T00:40:00+00:00', '--job-id', '2103', '--raw', '--subdir', 'DAGS_FOLDER/binance_dag.py', '--cfg-path', '/tmp/tmp_srmqc5h']
[2024-07-25T16:13:30.984-0300] {standard_task_runner.py:91} INFO - Job 2103: Subtask get_5m_info
[2024-07-25T16:13:31.010-0300] {task_command.py:426} INFO - Running <TaskInstance: Binance_5m.get_5m_info scheduled__2024-07-25T00:40:00+00:00 [running]> on host Galaxybook.
[2024-07-25T16:13:31.062-0300] {taskinstance.py:2648} INFO - Exporting env vars: AIRFLOW_CTX_DAG_OWNER='airflow' AIRFLOW_CTX_DAG_ID='Binance_5m' AIRFLOW_CTX_TASK_ID='get_5m_info' AIRFLOW_CTX_EXECUTION_DATE='2024-07-25T00:40:00+00:00' AIRFLOW_CTX_TRY_NUMBER='1' AIRFLOW_CTX_DAG_RUN_ID='scheduled__2024-07-25T00:40:00+00:00'
[2024-07-25T16:13:31.063-0300] {taskinstance.py:430} INFO - ::endgroup::
[2024-07-25T16:13:31.072-0300] {binance_dag.py:22} INFO - End Time: 2024-07-25 00:45:00+00:00
[2024-07-25T16:13:31.072-0300] {binance_dag.py:23} INFO - Start Time: 2024-07-25 00:40:00+00:00
[2024-07-25T16:13:31.072-0300] {binance_dag.py:24} INFO - Start timestamp: 1721868000000
[2024-07-25T16:13:31.072-0300] {binance_dag.py:25} INFO - End timestamp: 1721868300000
[2024-07-25T16:13:31.135-0300] {base.py:84} INFO - Using connection ID 'binance_default' for task execution.
[2024-07-25T16:13:31.135-0300] {logging_mixin.py:188} INFO - https://api.binance.com
[2024-07-25T16:13:31.136-0300] {binance_hook.py:35} INFO - URL: https://api.binance.com/api/v3/klines?symbol=BTCBRL&interval=5m&startTime=1721868000000&endTime=1721868299999&timeZone=-3
[2024-07-25T16:13:31.573-0300] {python.py:237} INFO - Done. Returned value was: None
[2024-07-25T16:13:31.574-0300] {taskinstance.py:441} INFO - ::group::Post task execution logs
[2024-07-25T16:13:31.577-0300] {taskinstance.py:1206} INFO - Marking task as SUCCESS. dag_id=Binance_5m, task_id=get_5m_info, run_id=scheduled__2024-07-25T00:40:00+00:00, execution_date=20240725T004000, start_date=20240725T191330, end_date=20240725T191331
[2024-07-25T16:13:31.606-0300] {local_task_job_runner.py:243} INFO - Task exited with return code 0
[2024-07-25T16:13:31.613-0300] {taskinstance.py:3503} INFO - 0 downstream tasks scheduled from follow-on schedule check
[2024-07-25T16:13:31.613-0300] {local_task_job_runner.py:222} INFO - ::endgroup::
