[2024-07-25T14:21:31.633-0300] {local_task_job_runner.py:120} INFO - ::group::Pre task execution logs
[2024-07-25T14:21:31.639-0300] {taskinstance.py:2076} INFO - Dependencies all met for dep_context=non-requeueable deps ti=<TaskInstance: Binance_5m.get_5m_info scheduled__2024-07-25T00:05:00+00:00 [queued]>
[2024-07-25T14:21:31.643-0300] {taskinstance.py:2076} INFO - Dependencies all met for dep_context=requeueable deps ti=<TaskInstance: Binance_5m.get_5m_info scheduled__2024-07-25T00:05:00+00:00 [queued]>
[2024-07-25T14:21:31.643-0300] {taskinstance.py:2306} INFO - Starting attempt 1 of 1
[2024-07-25T14:21:31.658-0300] {taskinstance.py:2330} INFO - Executing <Task(PythonOperator): get_5m_info> on 2024-07-25 00:05:00+00:00
[2024-07-25T14:21:31.660-0300] {standard_task_runner.py:64} INFO - Started process 2586597 to run task
[2024-07-25T14:21:31.662-0300] {standard_task_runner.py:90} INFO - Running: ['airflow', 'tasks', 'run', 'Binance_5m', 'get_5m_info', 'scheduled__2024-07-25T00:05:00+00:00', '--job-id', '2083', '--raw', '--subdir', 'DAGS_FOLDER/binance_dag.py', '--cfg-path', '/tmp/tmpwu64tten']
[2024-07-25T14:21:31.663-0300] {standard_task_runner.py:91} INFO - Job 2083: Subtask get_5m_info
[2024-07-25T14:21:31.693-0300] {task_command.py:426} INFO - Running <TaskInstance: Binance_5m.get_5m_info scheduled__2024-07-25T00:05:00+00:00 [running]> on host Galaxybook.
[2024-07-25T14:21:31.745-0300] {taskinstance.py:2648} INFO - Exporting env vars: AIRFLOW_CTX_DAG_OWNER='airflow' AIRFLOW_CTX_DAG_ID='Binance_5m' AIRFLOW_CTX_TASK_ID='get_5m_info' AIRFLOW_CTX_EXECUTION_DATE='2024-07-25T00:05:00+00:00' AIRFLOW_CTX_TRY_NUMBER='1' AIRFLOW_CTX_DAG_RUN_ID='scheduled__2024-07-25T00:05:00+00:00'
[2024-07-25T14:21:31.745-0300] {taskinstance.py:430} INFO - ::endgroup::
[2024-07-25T14:21:31.755-0300] {binance_dag.py:23} INFO - End Time: 2024-07-25T00:10:00.00Z
[2024-07-25T14:21:31.823-0300] {base.py:84} INFO - Using connection ID 'binance_default' for task execution.
[2024-07-25T14:21:31.824-0300] {logging_mixin.py:188} INFO - https://api.binance.com
[2024-07-25T14:21:31.824-0300] {binance_hook.py:35} INFO - URL: https://api.binance.com/api/v3/klines?symbol=BTCBRL&interval=5m&startTime=1721876700000&endTime=1721877000000
[2024-07-25T14:21:32.217-0300] {python.py:237} INFO - Done. Returned value was: None
[2024-07-25T14:21:32.217-0300] {taskinstance.py:441} INFO - ::group::Post task execution logs
[2024-07-25T14:21:32.219-0300] {taskinstance.py:1206} INFO - Marking task as SUCCESS. dag_id=Binance_5m, task_id=get_5m_info, run_id=scheduled__2024-07-25T00:05:00+00:00, execution_date=20240725T000500, start_date=20240725T172131, end_date=20240725T172132
[2024-07-25T14:21:32.246-0300] {local_task_job_runner.py:243} INFO - Task exited with return code 0
[2024-07-25T14:21:32.252-0300] {taskinstance.py:3503} INFO - 0 downstream tasks scheduled from follow-on schedule check
[2024-07-25T14:21:32.252-0300] {local_task_job_runner.py:222} INFO - ::endgroup::
[2024-07-25T14:39:56.333-0300] {local_task_job_runner.py:120} INFO - ::group::Pre task execution logs
[2024-07-25T14:39:56.339-0300] {taskinstance.py:2076} INFO - Dependencies all met for dep_context=non-requeueable deps ti=<TaskInstance: Binance_5m.get_5m_info scheduled__2024-07-25T00:05:00+00:00 [queued]>
[2024-07-25T14:39:56.343-0300] {taskinstance.py:2076} INFO - Dependencies all met for dep_context=requeueable deps ti=<TaskInstance: Binance_5m.get_5m_info scheduled__2024-07-25T00:05:00+00:00 [queued]>
[2024-07-25T14:39:56.343-0300] {taskinstance.py:2306} INFO - Starting attempt 1 of 1
[2024-07-25T14:39:56.358-0300] {taskinstance.py:2330} INFO - Executing <Task(PythonOperator): get_5m_info> on 2024-07-25 00:05:00+00:00
[2024-07-25T14:39:56.360-0300] {standard_task_runner.py:64} INFO - Started process 2601297 to run task
[2024-07-25T14:39:56.363-0300] {standard_task_runner.py:90} INFO - Running: ['airflow', 'tasks', 'run', 'Binance_5m', 'get_5m_info', 'scheduled__2024-07-25T00:05:00+00:00', '--job-id', '2087', '--raw', '--subdir', 'DAGS_FOLDER/binance_dag.py', '--cfg-path', '/tmp/tmp9ejveens']
[2024-07-25T14:39:56.364-0300] {standard_task_runner.py:91} INFO - Job 2087: Subtask get_5m_info
[2024-07-25T14:39:56.390-0300] {task_command.py:426} INFO - Running <TaskInstance: Binance_5m.get_5m_info scheduled__2024-07-25T00:05:00+00:00 [running]> on host Galaxybook.
[2024-07-25T14:39:56.439-0300] {taskinstance.py:2648} INFO - Exporting env vars: AIRFLOW_CTX_DAG_OWNER='airflow' AIRFLOW_CTX_DAG_ID='Binance_5m' AIRFLOW_CTX_TASK_ID='get_5m_info' AIRFLOW_CTX_EXECUTION_DATE='2024-07-25T00:05:00+00:00' AIRFLOW_CTX_TRY_NUMBER='1' AIRFLOW_CTX_DAG_RUN_ID='scheduled__2024-07-25T00:05:00+00:00'
[2024-07-25T14:39:56.440-0300] {taskinstance.py:430} INFO - ::endgroup::
[2024-07-25T14:39:56.448-0300] {binance_dag.py:23} INFO - End Time: 2024-07-25T00:10:00.00Z
[2024-07-25T14:39:56.514-0300] {base.py:84} INFO - Using connection ID 'binance_default' for task execution.
[2024-07-25T14:39:56.514-0300] {logging_mixin.py:188} INFO - https://api.binance.com
[2024-07-25T14:39:56.515-0300] {binance_hook.py:35} INFO - URL: https://api.binance.com/api/v3/klines?symbol=BTCBRL&interval=5m&startTime=1721876700000&endTime=1721877000000
[2024-07-25T14:39:56.975-0300] {binance_dag.py:42} INFO - r: [[1721876700000, '364531.00000000', '364754.00000000', '364324.00000000', '364754.00000000', '0.56755000', 1721876999999, '206810.94547000', 54, '0.03614000', '13175.87870000', '0'], [1721877000000, '364673.00000000', '364673.00000000', '363953.00000000', '363953.00000000', '0.50687000', 1721877299999, '184630.78548000', 49, '0.11239000', '40942.92821000', '0']]
[2024-07-25T14:39:56.977-0300] {python.py:237} INFO - Done. Returned value was: None
[2024-07-25T14:39:56.977-0300] {taskinstance.py:441} INFO - ::group::Post task execution logs
[2024-07-25T14:39:56.979-0300] {taskinstance.py:1206} INFO - Marking task as SUCCESS. dag_id=Binance_5m, task_id=get_5m_info, run_id=scheduled__2024-07-25T00:05:00+00:00, execution_date=20240725T000500, start_date=20240725T173956, end_date=20240725T173956
[2024-07-25T14:39:57.021-0300] {local_task_job_runner.py:243} INFO - Task exited with return code 0
[2024-07-25T14:39:57.032-0300] {taskinstance.py:3503} INFO - 0 downstream tasks scheduled from follow-on schedule check
[2024-07-25T14:39:57.032-0300] {local_task_job_runner.py:222} INFO - ::endgroup::
[2024-07-25T14:42:26.487-0300] {local_task_job_runner.py:120} INFO - ::group::Pre task execution logs
[2024-07-25T14:42:26.492-0300] {taskinstance.py:2076} INFO - Dependencies all met for dep_context=non-requeueable deps ti=<TaskInstance: Binance_5m.get_5m_info scheduled__2024-07-25T00:05:00+00:00 [queued]>
[2024-07-25T14:42:26.496-0300] {taskinstance.py:2076} INFO - Dependencies all met for dep_context=requeueable deps ti=<TaskInstance: Binance_5m.get_5m_info scheduled__2024-07-25T00:05:00+00:00 [queued]>
[2024-07-25T14:42:26.496-0300] {taskinstance.py:2306} INFO - Starting attempt 1 of 1
[2024-07-25T14:42:26.509-0300] {taskinstance.py:2330} INFO - Executing <Task(PythonOperator): get_5m_info> on 2024-07-25 00:05:00+00:00
[2024-07-25T14:42:26.511-0300] {standard_task_runner.py:64} INFO - Started process 2603123 to run task
[2024-07-25T14:42:26.513-0300] {standard_task_runner.py:90} INFO - Running: ['airflow', 'tasks', 'run', 'Binance_5m', 'get_5m_info', 'scheduled__2024-07-25T00:05:00+00:00', '--job-id', '2087', '--raw', '--subdir', 'DAGS_FOLDER/binance_dag.py', '--cfg-path', '/tmp/tmpx70djo8a']
[2024-07-25T14:42:26.514-0300] {standard_task_runner.py:91} INFO - Job 2087: Subtask get_5m_info
[2024-07-25T14:42:26.538-0300] {task_command.py:426} INFO - Running <TaskInstance: Binance_5m.get_5m_info scheduled__2024-07-25T00:05:00+00:00 [running]> on host Galaxybook.
[2024-07-25T14:42:26.584-0300] {taskinstance.py:2648} INFO - Exporting env vars: AIRFLOW_CTX_DAG_OWNER='airflow' AIRFLOW_CTX_DAG_ID='Binance_5m' AIRFLOW_CTX_TASK_ID='get_5m_info' AIRFLOW_CTX_EXECUTION_DATE='2024-07-25T00:05:00+00:00' AIRFLOW_CTX_TRY_NUMBER='1' AIRFLOW_CTX_DAG_RUN_ID='scheduled__2024-07-25T00:05:00+00:00'
[2024-07-25T14:42:26.584-0300] {taskinstance.py:430} INFO - ::endgroup::
[2024-07-25T14:42:26.593-0300] {binance_dag.py:23} INFO - End Time: 2024-07-25T00:10:00.00Z
[2024-07-25T14:42:26.594-0300] {binance_dag.py:24} INFO - End Time: 2024-07-25T00:05:00.00Z
[2024-07-25T14:42:26.650-0300] {base.py:84} INFO - Using connection ID 'binance_default' for task execution.
[2024-07-25T14:42:26.651-0300] {logging_mixin.py:188} INFO - https://api.binance.com
[2024-07-25T14:42:26.651-0300] {binance_hook.py:35} INFO - URL: https://api.binance.com/api/v3/klines?symbol=BTCBRL&interval=5m&startTime=1721876700000&endTime=1721877000000
[2024-07-25T14:42:27.048-0300] {binance_dag.py:43} INFO - r: [[1721876700000, '364531.00000000', '364754.00000000', '364324.00000000', '364754.00000000', '0.56755000', 1721876999999, '206810.94547000', 54, '0.03614000', '13175.87870000', '0'], [1721877000000, '364673.00000000', '364673.00000000', '363953.00000000', '363953.00000000', '0.50687000', 1721877299999, '184630.78548000', 49, '0.11239000', '40942.92821000', '0']]
[2024-07-25T14:42:27.049-0300] {python.py:237} INFO - Done. Returned value was: None
[2024-07-25T14:42:27.050-0300] {taskinstance.py:441} INFO - ::group::Post task execution logs
[2024-07-25T14:42:27.053-0300] {taskinstance.py:1206} INFO - Marking task as SUCCESS. dag_id=Binance_5m, task_id=get_5m_info, run_id=scheduled__2024-07-25T00:05:00+00:00, execution_date=20240725T000500, start_date=20240725T174226, end_date=20240725T174227
[2024-07-25T14:42:27.095-0300] {local_task_job_runner.py:243} INFO - Task exited with return code 0
[2024-07-25T14:42:27.102-0300] {taskinstance.py:3503} INFO - 0 downstream tasks scheduled from follow-on schedule check
[2024-07-25T14:42:27.102-0300] {local_task_job_runner.py:222} INFO - ::endgroup::
[2024-07-25T14:45:35.111-0300] {local_task_job_runner.py:120} INFO - ::group::Pre task execution logs
[2024-07-25T14:45:35.120-0300] {taskinstance.py:2076} INFO - Dependencies all met for dep_context=non-requeueable deps ti=<TaskInstance: Binance_5m.get_5m_info scheduled__2024-07-25T00:05:00+00:00 [queued]>
[2024-07-25T14:45:35.124-0300] {taskinstance.py:2076} INFO - Dependencies all met for dep_context=requeueable deps ti=<TaskInstance: Binance_5m.get_5m_info scheduled__2024-07-25T00:05:00+00:00 [queued]>
[2024-07-25T14:45:35.124-0300] {taskinstance.py:2306} INFO - Starting attempt 1 of 1
[2024-07-25T14:45:35.142-0300] {taskinstance.py:2330} INFO - Executing <Task(PythonOperator): get_5m_info> on 2024-07-25 00:05:00+00:00
[2024-07-25T14:45:35.145-0300] {standard_task_runner.py:64} INFO - Started process 2605003 to run task
[2024-07-25T14:45:35.147-0300] {standard_task_runner.py:90} INFO - Running: ['airflow', 'tasks', 'run', 'Binance_5m', 'get_5m_info', 'scheduled__2024-07-25T00:05:00+00:00', '--job-id', '2087', '--raw', '--subdir', 'DAGS_FOLDER/binance_dag.py', '--cfg-path', '/tmp/tmpnyu04_o7']
[2024-07-25T14:45:35.148-0300] {standard_task_runner.py:91} INFO - Job 2087: Subtask get_5m_info
[2024-07-25T14:45:35.183-0300] {task_command.py:426} INFO - Running <TaskInstance: Binance_5m.get_5m_info scheduled__2024-07-25T00:05:00+00:00 [running]> on host Galaxybook.
[2024-07-25T14:45:35.236-0300] {taskinstance.py:2648} INFO - Exporting env vars: AIRFLOW_CTX_DAG_OWNER='airflow' AIRFLOW_CTX_DAG_ID='Binance_5m' AIRFLOW_CTX_TASK_ID='get_5m_info' AIRFLOW_CTX_EXECUTION_DATE='2024-07-25T00:05:00+00:00' AIRFLOW_CTX_TRY_NUMBER='1' AIRFLOW_CTX_DAG_RUN_ID='scheduled__2024-07-25T00:05:00+00:00'
[2024-07-25T14:45:35.236-0300] {taskinstance.py:430} INFO - ::endgroup::
[2024-07-25T14:45:35.245-0300] {binance_dag.py:23} INFO - End Time: 2024-07-25T00:10:00.00Z
[2024-07-25T14:45:35.245-0300] {binance_dag.py:24} INFO - Start Time: 2024-07-25T00:05:00.00Z
[2024-07-25T14:45:35.306-0300] {base.py:84} INFO - Using connection ID 'binance_default' for task execution.
[2024-07-25T14:45:35.306-0300] {logging_mixin.py:188} INFO - https://api.binance.com
[2024-07-25T14:45:35.306-0300] {binance_hook.py:35} INFO - URL: https://api.binance.com/api/v3/klines?symbol=BTCBRL&interval=5m&startTime=1721876700000&endTime=1721876999999
[2024-07-25T14:45:35.702-0300] {binance_dag.py:43} INFO - r: [[1721876700000, '364531.00000000', '364754.00000000', '364324.00000000', '364754.00000000', '0.56755000', 1721876999999, '206810.94547000', 54, '0.03614000', '13175.87870000', '0']]
[2024-07-25T14:45:35.703-0300] {python.py:237} INFO - Done. Returned value was: None
[2024-07-25T14:45:35.704-0300] {taskinstance.py:441} INFO - ::group::Post task execution logs
[2024-07-25T14:45:35.706-0300] {taskinstance.py:1206} INFO - Marking task as SUCCESS. dag_id=Binance_5m, task_id=get_5m_info, run_id=scheduled__2024-07-25T00:05:00+00:00, execution_date=20240725T000500, start_date=20240725T174535, end_date=20240725T174535
[2024-07-25T14:45:35.729-0300] {local_task_job_runner.py:243} INFO - Task exited with return code 0
[2024-07-25T14:45:35.737-0300] {taskinstance.py:3503} INFO - 0 downstream tasks scheduled from follow-on schedule check
[2024-07-25T14:45:35.737-0300] {local_task_job_runner.py:222} INFO - ::endgroup::
[2024-07-25T14:46:41.530-0300] {local_task_job_runner.py:120} INFO - ::group::Pre task execution logs
[2024-07-25T14:46:41.536-0300] {taskinstance.py:2076} INFO - Dependencies all met for dep_context=non-requeueable deps ti=<TaskInstance: Binance_5m.get_5m_info scheduled__2024-07-25T00:05:00+00:00 [queued]>
[2024-07-25T14:46:41.541-0300] {taskinstance.py:2076} INFO - Dependencies all met for dep_context=requeueable deps ti=<TaskInstance: Binance_5m.get_5m_info scheduled__2024-07-25T00:05:00+00:00 [queued]>
[2024-07-25T14:46:41.541-0300] {taskinstance.py:2306} INFO - Starting attempt 1 of 1
[2024-07-25T14:46:41.556-0300] {taskinstance.py:2330} INFO - Executing <Task(PythonOperator): get_5m_info> on 2024-07-25 00:05:00+00:00
[2024-07-25T14:46:41.558-0300] {standard_task_runner.py:64} INFO - Started process 2606063 to run task
[2024-07-25T14:46:41.561-0300] {standard_task_runner.py:90} INFO - Running: ['airflow', 'tasks', 'run', 'Binance_5m', 'get_5m_info', 'scheduled__2024-07-25T00:05:00+00:00', '--job-id', '2087', '--raw', '--subdir', 'DAGS_FOLDER/binance_dag.py', '--cfg-path', '/tmp/tmp0hy2pnzr']
[2024-07-25T14:46:41.562-0300] {standard_task_runner.py:91} INFO - Job 2087: Subtask get_5m_info
[2024-07-25T14:46:41.594-0300] {task_command.py:426} INFO - Running <TaskInstance: Binance_5m.get_5m_info scheduled__2024-07-25T00:05:00+00:00 [running]> on host Galaxybook.
[2024-07-25T14:46:41.644-0300] {taskinstance.py:2648} INFO - Exporting env vars: AIRFLOW_CTX_DAG_OWNER='airflow' AIRFLOW_CTX_DAG_ID='Binance_5m' AIRFLOW_CTX_TASK_ID='get_5m_info' AIRFLOW_CTX_EXECUTION_DATE='2024-07-25T00:05:00+00:00' AIRFLOW_CTX_TRY_NUMBER='1' AIRFLOW_CTX_DAG_RUN_ID='scheduled__2024-07-25T00:05:00+00:00'
[2024-07-25T14:46:41.644-0300] {taskinstance.py:430} INFO - ::endgroup::
[2024-07-25T14:46:41.653-0300] {binance_dag.py:23} INFO - End Time: 2024-07-25T00:10:00.00Z
[2024-07-25T14:46:41.653-0300] {binance_dag.py:24} INFO - Start Time: 2024-07-25T00:05:00.00Z
[2024-07-25T14:46:41.718-0300] {base.py:84} INFO - Using connection ID 'binance_default' for task execution.
[2024-07-25T14:46:41.719-0300] {logging_mixin.py:188} INFO - https://api.binance.com
[2024-07-25T14:46:41.719-0300] {binance_hook.py:35} INFO - URL: https://api.binance.com/api/v3/klines?symbol=BTCBRL&interval=5m&startTime=1721876700000&endTime=1721876999999
[2024-07-25T14:46:42.117-0300] {binance_dag.py:43} INFO - r: [[1721876700000, '364531.00000000', '364754.00000000', '364324.00000000', '364754.00000000', '0.56755000', 1721876999999, '206810.94547000', 54, '0.03614000', '13175.87870000', '0']]
[2024-07-25T14:46:42.118-0300] {python.py:237} INFO - Done. Returned value was: None
[2024-07-25T14:46:42.119-0300] {taskinstance.py:441} INFO - ::group::Post task execution logs
[2024-07-25T14:46:42.121-0300] {taskinstance.py:1206} INFO - Marking task as SUCCESS. dag_id=Binance_5m, task_id=get_5m_info, run_id=scheduled__2024-07-25T00:05:00+00:00, execution_date=20240725T000500, start_date=20240725T174641, end_date=20240725T174642
[2024-07-25T14:46:42.144-0300] {local_task_job_runner.py:243} INFO - Task exited with return code 0
[2024-07-25T14:46:42.150-0300] {taskinstance.py:3503} INFO - 0 downstream tasks scheduled from follow-on schedule check
[2024-07-25T14:46:42.151-0300] {local_task_job_runner.py:222} INFO - ::endgroup::
[2024-07-25T15:16:53.369-0300] {local_task_job_runner.py:120} INFO - ::group::Pre task execution logs
[2024-07-25T15:16:53.375-0300] {taskinstance.py:2076} INFO - Dependencies all met for dep_context=non-requeueable deps ti=<TaskInstance: Binance_5m.get_5m_info scheduled__2024-07-25T00:05:00+00:00 [queued]>
[2024-07-25T15:16:53.378-0300] {taskinstance.py:2076} INFO - Dependencies all met for dep_context=requeueable deps ti=<TaskInstance: Binance_5m.get_5m_info scheduled__2024-07-25T00:05:00+00:00 [queued]>
[2024-07-25T15:16:53.378-0300] {taskinstance.py:2306} INFO - Starting attempt 1 of 1
[2024-07-25T15:16:53.390-0300] {taskinstance.py:2330} INFO - Executing <Task(PythonOperator): get_5m_info> on 2024-07-25 00:05:00+00:00
[2024-07-25T15:16:53.391-0300] {standard_task_runner.py:64} INFO - Started process 2628639 to run task
[2024-07-25T15:16:53.394-0300] {standard_task_runner.py:90} INFO - Running: ['airflow', 'tasks', 'run', 'Binance_5m', 'get_5m_info', 'scheduled__2024-07-25T00:05:00+00:00', '--job-id', '2536', '--raw', '--subdir', 'DAGS_FOLDER/binance_dag.py', '--cfg-path', '/tmp/tmpmjmehfiz']
[2024-07-25T15:16:53.395-0300] {standard_task_runner.py:91} INFO - Job 2536: Subtask get_5m_info
[2024-07-25T15:16:53.420-0300] {task_command.py:426} INFO - Running <TaskInstance: Binance_5m.get_5m_info scheduled__2024-07-25T00:05:00+00:00 [running]> on host Galaxybook.
[2024-07-25T15:16:53.465-0300] {taskinstance.py:2648} INFO - Exporting env vars: AIRFLOW_CTX_DAG_OWNER='airflow' AIRFLOW_CTX_DAG_ID='Binance_5m' AIRFLOW_CTX_TASK_ID='get_5m_info' AIRFLOW_CTX_EXECUTION_DATE='2024-07-25T00:05:00+00:00' AIRFLOW_CTX_TRY_NUMBER='1' AIRFLOW_CTX_DAG_RUN_ID='scheduled__2024-07-25T00:05:00+00:00'
[2024-07-25T15:16:53.466-0300] {taskinstance.py:430} INFO - ::endgroup::
[2024-07-25T15:16:53.473-0300] {binance_dag.py:25} INFO - End Time: 2024-07-25T00:10:00.00Z
[2024-07-25T15:16:53.474-0300] {binance_dag.py:26} INFO - Start Time: 2024-07-25T00:05:00.00Z
[2024-07-25T15:16:53.524-0300] {binance_dag.py:20} INFO - dt:
[2024-07-25T15:16:53.524-0300] {binance_dag.py:21} INFO - 2024-07-25 00:05:00
[2024-07-25T15:16:53.524-0300] {binance_dag.py:20} INFO - dt:
[2024-07-25T15:16:53.524-0300] {binance_dag.py:21} INFO - 2024-07-25 00:10:00
[2024-07-25T15:16:53.526-0300] {base.py:84} INFO - Using connection ID 'binance_default' for task execution.
[2024-07-25T15:16:53.527-0300] {logging_mixin.py:188} INFO - https://api.binance.com
[2024-07-25T15:16:53.527-0300] {binance_hook.py:35} INFO - URL: https://api.binance.com/api/v3/klines?symbol=BTCBRL&interval=5m&startTime=1721876700000&endTime=1721876999999
[2024-07-25T15:16:53.949-0300] {python.py:237} INFO - Done. Returned value was: None
[2024-07-25T15:16:53.950-0300] {taskinstance.py:441} INFO - ::group::Post task execution logs
[2024-07-25T15:16:53.953-0300] {taskinstance.py:1206} INFO - Marking task as SUCCESS. dag_id=Binance_5m, task_id=get_5m_info, run_id=scheduled__2024-07-25T00:05:00+00:00, execution_date=20240725T000500, start_date=20240725T181653, end_date=20240725T181653
[2024-07-25T15:16:53.979-0300] {local_task_job_runner.py:243} INFO - Task exited with return code 0
[2024-07-25T15:16:53.985-0300] {taskinstance.py:3503} INFO - 0 downstream tasks scheduled from follow-on schedule check
[2024-07-25T15:16:53.986-0300] {local_task_job_runner.py:222} INFO - ::endgroup::
[2024-07-25T16:13:10.969-0300] {local_task_job_runner.py:120} INFO - ::group::Pre task execution logs
[2024-07-25T16:13:10.976-0300] {taskinstance.py:2076} INFO - Dependencies all met for dep_context=non-requeueable deps ti=<TaskInstance: Binance_5m.get_5m_info scheduled__2024-07-25T00:05:00+00:00 [queued]>
[2024-07-25T16:13:10.980-0300] {taskinstance.py:2076} INFO - Dependencies all met for dep_context=requeueable deps ti=<TaskInstance: Binance_5m.get_5m_info scheduled__2024-07-25T00:05:00+00:00 [queued]>
[2024-07-25T16:13:10.980-0300] {taskinstance.py:2306} INFO - Starting attempt 1 of 1
[2024-07-25T16:13:10.995-0300] {taskinstance.py:2330} INFO - Executing <Task(PythonOperator): get_5m_info> on 2024-07-25 00:05:00+00:00
[2024-07-25T16:13:10.998-0300] {standard_task_runner.py:64} INFO - Started process 2656160 to run task
[2024-07-25T16:13:11.000-0300] {standard_task_runner.py:90} INFO - Running: ['airflow', 'tasks', 'run', 'Binance_5m', 'get_5m_info', 'scheduled__2024-07-25T00:05:00+00:00', '--job-id', '2094', '--raw', '--subdir', 'DAGS_FOLDER/binance_dag.py', '--cfg-path', '/tmp/tmpedalca3h']
[2024-07-25T16:13:11.001-0300] {standard_task_runner.py:91} INFO - Job 2094: Subtask get_5m_info
[2024-07-25T16:13:11.036-0300] {task_command.py:426} INFO - Running <TaskInstance: Binance_5m.get_5m_info scheduled__2024-07-25T00:05:00+00:00 [running]> on host Galaxybook.
[2024-07-25T16:13:11.088-0300] {taskinstance.py:2648} INFO - Exporting env vars: AIRFLOW_CTX_DAG_OWNER='airflow' AIRFLOW_CTX_DAG_ID='Binance_5m' AIRFLOW_CTX_TASK_ID='get_5m_info' AIRFLOW_CTX_EXECUTION_DATE='2024-07-25T00:05:00+00:00' AIRFLOW_CTX_TRY_NUMBER='1' AIRFLOW_CTX_DAG_RUN_ID='scheduled__2024-07-25T00:05:00+00:00'
[2024-07-25T16:13:11.089-0300] {taskinstance.py:430} INFO - ::endgroup::
[2024-07-25T16:13:11.097-0300] {binance_dag.py:22} INFO - End Time: 2024-07-25 00:10:00+00:00
[2024-07-25T16:13:11.098-0300] {binance_dag.py:23} INFO - Start Time: 2024-07-25 00:05:00+00:00
[2024-07-25T16:13:11.098-0300] {binance_dag.py:24} INFO - Start timestamp: 1721865900000
[2024-07-25T16:13:11.098-0300] {binance_dag.py:25} INFO - End timestamp: 1721866200000
[2024-07-25T16:13:11.171-0300] {base.py:84} INFO - Using connection ID 'binance_default' for task execution.
[2024-07-25T16:13:11.171-0300] {logging_mixin.py:188} INFO - https://api.binance.com
[2024-07-25T16:13:11.172-0300] {binance_hook.py:35} INFO - URL: https://api.binance.com/api/v3/klines?symbol=BTCBRL&interval=5m&startTime=1721865900000&endTime=1721866199999&timeZone=-3
[2024-07-25T16:13:11.563-0300] {python.py:237} INFO - Done. Returned value was: None
[2024-07-25T16:13:11.563-0300] {taskinstance.py:441} INFO - ::group::Post task execution logs
[2024-07-25T16:13:11.567-0300] {taskinstance.py:1206} INFO - Marking task as SUCCESS. dag_id=Binance_5m, task_id=get_5m_info, run_id=scheduled__2024-07-25T00:05:00+00:00, execution_date=20240725T000500, start_date=20240725T191310, end_date=20240725T191311
[2024-07-25T16:13:11.622-0300] {local_task_job_runner.py:243} INFO - Task exited with return code 0
[2024-07-25T16:13:11.628-0300] {taskinstance.py:3503} INFO - 0 downstream tasks scheduled from follow-on schedule check
[2024-07-25T16:13:11.629-0300] {local_task_job_runner.py:222} INFO - ::endgroup::
