[2024-07-25T14:22:02.491-0300] {local_task_job_runner.py:120} INFO - ::group::Pre task execution logs
[2024-07-25T14:22:02.498-0300] {taskinstance.py:2076} INFO - Dependencies all met for dep_context=non-requeueable deps ti=<TaskInstance: Binance_5m.get_5m_info scheduled__2024-07-25T01:15:00+00:00 [queued]>
[2024-07-25T14:22:02.504-0300] {taskinstance.py:2076} INFO - Dependencies all met for dep_context=requeueable deps ti=<TaskInstance: Binance_5m.get_5m_info scheduled__2024-07-25T01:15:00+00:00 [queued]>
[2024-07-25T14:22:02.505-0300] {taskinstance.py:2306} INFO - Starting attempt 1 of 1
[2024-07-25T14:22:02.529-0300] {taskinstance.py:2330} INFO - Executing <Task(PythonOperator): get_5m_info> on 2024-07-25 01:15:00+00:00
[2024-07-25T14:22:02.532-0300] {standard_task_runner.py:64} INFO - Started process 2587120 to run task
[2024-07-25T14:22:02.533-0300] {standard_task_runner.py:90} INFO - Running: ['airflow', 'tasks', 'run', 'Binance_5m', 'get_5m_info', 'scheduled__2024-07-25T01:15:00+00:00', '--job-id', '2097', '--raw', '--subdir', 'DAGS_FOLDER/binance_dag.py', '--cfg-path', '/tmp/tmpb9een07r']
[2024-07-25T14:22:02.534-0300] {standard_task_runner.py:91} INFO - Job 2097: Subtask get_5m_info
[2024-07-25T14:22:02.564-0300] {task_command.py:426} INFO - Running <TaskInstance: Binance_5m.get_5m_info scheduled__2024-07-25T01:15:00+00:00 [running]> on host Galaxybook.
[2024-07-25T14:22:02.614-0300] {taskinstance.py:2648} INFO - Exporting env vars: AIRFLOW_CTX_DAG_OWNER='airflow' AIRFLOW_CTX_DAG_ID='Binance_5m' AIRFLOW_CTX_TASK_ID='get_5m_info' AIRFLOW_CTX_EXECUTION_DATE='2024-07-25T01:15:00+00:00' AIRFLOW_CTX_TRY_NUMBER='1' AIRFLOW_CTX_DAG_RUN_ID='scheduled__2024-07-25T01:15:00+00:00'
[2024-07-25T14:22:02.614-0300] {taskinstance.py:430} INFO - ::endgroup::
[2024-07-25T14:22:02.621-0300] {binance_dag.py:23} INFO - End Time: 2024-07-25T01:20:00.00Z
[2024-07-25T14:22:02.676-0300] {base.py:84} INFO - Using connection ID 'binance_default' for task execution.
[2024-07-25T14:22:02.676-0300] {logging_mixin.py:188} INFO - https://api.binance.com
[2024-07-25T14:22:02.677-0300] {binance_hook.py:35} INFO - URL: https://api.binance.com/api/v3/klines?symbol=BTCBRL&interval=5m&startTime=1721880900000&endTime=1721881200000
[2024-07-25T14:22:03.068-0300] {python.py:237} INFO - Done. Returned value was: None
[2024-07-25T14:22:03.069-0300] {taskinstance.py:441} INFO - ::group::Post task execution logs
[2024-07-25T14:22:03.072-0300] {taskinstance.py:1206} INFO - Marking task as SUCCESS. dag_id=Binance_5m, task_id=get_5m_info, run_id=scheduled__2024-07-25T01:15:00+00:00, execution_date=20240725T011500, start_date=20240725T172202, end_date=20240725T172203
[2024-07-25T14:22:03.115-0300] {local_task_job_runner.py:243} INFO - Task exited with return code 0
[2024-07-25T14:22:03.122-0300] {taskinstance.py:3503} INFO - 0 downstream tasks scheduled from follow-on schedule check
[2024-07-25T14:22:03.122-0300] {local_task_job_runner.py:222} INFO - ::endgroup::
[2024-07-25T14:47:11.722-0300] {local_task_job_runner.py:120} INFO - ::group::Pre task execution logs
[2024-07-25T14:47:11.730-0300] {taskinstance.py:2076} INFO - Dependencies all met for dep_context=non-requeueable deps ti=<TaskInstance: Binance_5m.get_5m_info scheduled__2024-07-25T01:15:00+00:00 [queued]>
[2024-07-25T14:47:11.734-0300] {taskinstance.py:2076} INFO - Dependencies all met for dep_context=requeueable deps ti=<TaskInstance: Binance_5m.get_5m_info scheduled__2024-07-25T01:15:00+00:00 [queued]>
[2024-07-25T14:47:11.734-0300] {taskinstance.py:2306} INFO - Starting attempt 1 of 1
[2024-07-25T14:47:11.104-0300] {taskinstance.py:2330} INFO - Executing <Task(PythonOperator): get_5m_info> on 2024-07-25 01:15:00+00:00
[2024-07-25T14:47:11.106-0300] {standard_task_runner.py:64} INFO - Started process 2606572 to run task
[2024-07-25T14:47:11.108-0300] {standard_task_runner.py:90} INFO - Running: ['airflow', 'tasks', 'run', 'Binance_5m', 'get_5m_info', 'scheduled__2024-07-25T01:15:00+00:00', '--job-id', '2101', '--raw', '--subdir', 'DAGS_FOLDER/binance_dag.py', '--cfg-path', '/tmp/tmpy428rzkc']
[2024-07-25T14:47:11.110-0300] {standard_task_runner.py:91} INFO - Job 2101: Subtask get_5m_info
[2024-07-25T14:47:11.141-0300] {task_command.py:426} INFO - Running <TaskInstance: Binance_5m.get_5m_info scheduled__2024-07-25T01:15:00+00:00 [running]> on host Galaxybook.
[2024-07-25T14:47:11.192-0300] {taskinstance.py:2648} INFO - Exporting env vars: AIRFLOW_CTX_DAG_OWNER='airflow' AIRFLOW_CTX_DAG_ID='Binance_5m' AIRFLOW_CTX_TASK_ID='get_5m_info' AIRFLOW_CTX_EXECUTION_DATE='2024-07-25T01:15:00+00:00' AIRFLOW_CTX_TRY_NUMBER='1' AIRFLOW_CTX_DAG_RUN_ID='scheduled__2024-07-25T01:15:00+00:00'
[2024-07-25T14:47:11.193-0300] {taskinstance.py:430} INFO - ::endgroup::
[2024-07-25T14:47:11.202-0300] {binance_dag.py:23} INFO - End Time: 2024-07-25T01:20:00.00Z
[2024-07-25T14:47:11.202-0300] {binance_dag.py:24} INFO - Start Time: 2024-07-25T01:15:00.00Z
[2024-07-25T14:47:11.268-0300] {base.py:84} INFO - Using connection ID 'binance_default' for task execution.
[2024-07-25T14:47:11.268-0300] {logging_mixin.py:188} INFO - https://api.binance.com
[2024-07-25T14:47:11.269-0300] {binance_hook.py:35} INFO - URL: https://api.binance.com/api/v3/klines?symbol=BTCBRL&interval=5m&startTime=1721880900000&endTime=1721881199999
[2024-07-25T14:47:11.666-0300] {binance_dag.py:43} INFO - r: [[1721880900000, '364671.00000000', '364771.00000000', '364500.00000000', '364771.00000000', '0.20085000', 1721881199999, '73222.22083000', 22, '0.16949000', '61791.36070000', '0']]
[2024-07-25T14:47:11.668-0300] {python.py:237} INFO - Done. Returned value was: None
[2024-07-25T14:47:11.668-0300] {taskinstance.py:441} INFO - ::group::Post task execution logs
[2024-07-25T14:47:11.671-0300] {taskinstance.py:1206} INFO - Marking task as SUCCESS. dag_id=Binance_5m, task_id=get_5m_info, run_id=scheduled__2024-07-25T01:15:00+00:00, execution_date=20240725T011500, start_date=20240725T174711, end_date=20240725T174711
[2024-07-25T14:47:11.727-0300] {local_task_job_runner.py:243} INFO - Task exited with return code 0
[2024-07-25T14:47:11.736-0300] {taskinstance.py:3503} INFO - 0 downstream tasks scheduled from follow-on schedule check
[2024-07-25T14:47:11.736-0300] {local_task_job_runner.py:222} INFO - ::endgroup::
[2024-07-25T15:17:24.045-0300] {local_task_job_runner.py:120} INFO - ::group::Pre task execution logs
[2024-07-25T15:17:24.051-0300] {taskinstance.py:2076} INFO - Dependencies all met for dep_context=non-requeueable deps ti=<TaskInstance: Binance_5m.get_5m_info scheduled__2024-07-25T01:15:00+00:00 [queued]>
[2024-07-25T15:17:24.054-0300] {taskinstance.py:2076} INFO - Dependencies all met for dep_context=requeueable deps ti=<TaskInstance: Binance_5m.get_5m_info scheduled__2024-07-25T01:15:00+00:00 [queued]>
[2024-07-25T15:17:24.054-0300] {taskinstance.py:2306} INFO - Starting attempt 1 of 1
[2024-07-25T15:17:24.068-0300] {taskinstance.py:2330} INFO - Executing <Task(PythonOperator): get_5m_info> on 2024-07-25 01:15:00+00:00
[2024-07-25T15:17:24.070-0300] {standard_task_runner.py:64} INFO - Started process 2629165 to run task
[2024-07-25T15:17:24.072-0300] {standard_task_runner.py:90} INFO - Running: ['airflow', 'tasks', 'run', 'Binance_5m', 'get_5m_info', 'scheduled__2024-07-25T01:15:00+00:00', '--job-id', '2550', '--raw', '--subdir', 'DAGS_FOLDER/binance_dag.py', '--cfg-path', '/tmp/tmplp9phinq']
[2024-07-25T15:17:24.073-0300] {standard_task_runner.py:91} INFO - Job 2550: Subtask get_5m_info
[2024-07-25T15:17:24.100-0300] {task_command.py:426} INFO - Running <TaskInstance: Binance_5m.get_5m_info scheduled__2024-07-25T01:15:00+00:00 [running]> on host Galaxybook.
[2024-07-25T15:17:24.151-0300] {taskinstance.py:2648} INFO - Exporting env vars: AIRFLOW_CTX_DAG_OWNER='airflow' AIRFLOW_CTX_DAG_ID='Binance_5m' AIRFLOW_CTX_TASK_ID='get_5m_info' AIRFLOW_CTX_EXECUTION_DATE='2024-07-25T01:15:00+00:00' AIRFLOW_CTX_TRY_NUMBER='1' AIRFLOW_CTX_DAG_RUN_ID='scheduled__2024-07-25T01:15:00+00:00'
[2024-07-25T15:17:24.151-0300] {taskinstance.py:430} INFO - ::endgroup::
[2024-07-25T15:17:24.159-0300] {binance_dag.py:23} INFO - End Time: 2024-07-25T01:20:00.00Z
[2024-07-25T15:17:24.159-0300] {binance_dag.py:24} INFO - Start Time: 2024-07-25T01:15:00.00Z
[2024-07-25T15:17:24.217-0300] {binance_dag.py:25} INFO - 1721880900000
[2024-07-25T15:17:24.219-0300] {base.py:84} INFO - Using connection ID 'binance_default' for task execution.
[2024-07-25T15:17:24.220-0300] {logging_mixin.py:188} INFO - https://api.binance.com
[2024-07-25T15:17:24.220-0300] {binance_hook.py:35} INFO - URL: https://api.binance.com/api/v3/klines?symbol=BTCBRL&interval=5m&startTime=1721880900000&endTime=1721881199999
[2024-07-25T15:17:24.622-0300] {python.py:237} INFO - Done. Returned value was: None
[2024-07-25T15:17:24.623-0300] {taskinstance.py:441} INFO - ::group::Post task execution logs
[2024-07-25T15:17:24.626-0300] {taskinstance.py:1206} INFO - Marking task as SUCCESS. dag_id=Binance_5m, task_id=get_5m_info, run_id=scheduled__2024-07-25T01:15:00+00:00, execution_date=20240725T011500, start_date=20240725T181724, end_date=20240725T181724
[2024-07-25T15:17:24.651-0300] {local_task_job_runner.py:243} INFO - Task exited with return code 0
[2024-07-25T15:17:24.657-0300] {taskinstance.py:3503} INFO - 0 downstream tasks scheduled from follow-on schedule check
[2024-07-25T15:17:24.658-0300] {local_task_job_runner.py:222} INFO - ::endgroup::
[2024-07-25T16:13:46.160-0300] {local_task_job_runner.py:120} INFO - ::group::Pre task execution logs
[2024-07-25T16:13:46.166-0300] {taskinstance.py:2076} INFO - Dependencies all met for dep_context=non-requeueable deps ti=<TaskInstance: Binance_5m.get_5m_info scheduled__2024-07-25T01:15:00+00:00 [queued]>
[2024-07-25T16:13:46.170-0300] {taskinstance.py:2076} INFO - Dependencies all met for dep_context=requeueable deps ti=<TaskInstance: Binance_5m.get_5m_info scheduled__2024-07-25T01:15:00+00:00 [queued]>
[2024-07-25T16:13:46.170-0300] {taskinstance.py:2306} INFO - Starting attempt 1 of 1
[2024-07-25T16:13:46.187-0300] {taskinstance.py:2330} INFO - Executing <Task(PythonOperator): get_5m_info> on 2024-07-25 01:15:00+00:00
[2024-07-25T16:13:46.190-0300] {standard_task_runner.py:64} INFO - Started process 2656761 to run task
[2024-07-25T16:13:46.192-0300] {standard_task_runner.py:90} INFO - Running: ['airflow', 'tasks', 'run', 'Binance_5m', 'get_5m_info', 'scheduled__2024-07-25T01:15:00+00:00', '--job-id', '2110', '--raw', '--subdir', 'DAGS_FOLDER/binance_dag.py', '--cfg-path', '/tmp/tmpzj7iry8b']
[2024-07-25T16:13:46.194-0300] {standard_task_runner.py:91} INFO - Job 2110: Subtask get_5m_info
[2024-07-25T16:13:46.227-0300] {task_command.py:426} INFO - Running <TaskInstance: Binance_5m.get_5m_info scheduled__2024-07-25T01:15:00+00:00 [running]> on host Galaxybook.
[2024-07-25T16:13:46.280-0300] {taskinstance.py:2648} INFO - Exporting env vars: AIRFLOW_CTX_DAG_OWNER='airflow' AIRFLOW_CTX_DAG_ID='Binance_5m' AIRFLOW_CTX_TASK_ID='get_5m_info' AIRFLOW_CTX_EXECUTION_DATE='2024-07-25T01:15:00+00:00' AIRFLOW_CTX_TRY_NUMBER='1' AIRFLOW_CTX_DAG_RUN_ID='scheduled__2024-07-25T01:15:00+00:00'
[2024-07-25T16:13:46.280-0300] {taskinstance.py:430} INFO - ::endgroup::
[2024-07-25T16:13:46.294-0300] {binance_dag.py:22} INFO - End Time: 2024-07-25 01:20:00+00:00
[2024-07-25T16:13:46.294-0300] {binance_dag.py:23} INFO - Start Time: 2024-07-25 01:15:00+00:00
[2024-07-25T16:13:46.294-0300] {binance_dag.py:24} INFO - Start timestamp: 1721870100000
[2024-07-25T16:13:46.294-0300] {binance_dag.py:25} INFO - End timestamp: 1721870400000
[2024-07-25T16:13:46.356-0300] {base.py:84} INFO - Using connection ID 'binance_default' for task execution.
[2024-07-25T16:13:46.356-0300] {logging_mixin.py:188} INFO - https://api.binance.com
[2024-07-25T16:13:46.357-0300] {binance_hook.py:35} INFO - URL: https://api.binance.com/api/v3/klines?symbol=BTCBRL&interval=5m&startTime=1721870100000&endTime=1721870399999&timeZone=-3
[2024-07-25T16:13:46.821-0300] {python.py:237} INFO - Done. Returned value was: None
[2024-07-25T16:13:46.821-0300] {taskinstance.py:441} INFO - ::group::Post task execution logs
[2024-07-25T16:13:46.824-0300] {taskinstance.py:1206} INFO - Marking task as SUCCESS. dag_id=Binance_5m, task_id=get_5m_info, run_id=scheduled__2024-07-25T01:15:00+00:00, execution_date=20240725T011500, start_date=20240725T191346, end_date=20240725T191346
[2024-07-25T16:13:46.855-0300] {local_task_job_runner.py:243} INFO - Task exited with return code 0
[2024-07-25T16:13:46.862-0300] {taskinstance.py:3503} INFO - 0 downstream tasks scheduled from follow-on schedule check
[2024-07-25T16:13:46.862-0300] {local_task_job_runner.py:222} INFO - ::endgroup::
