[2024-07-25T14:55:44.405-0300] {local_task_job_runner.py:120} INFO - ::group::Pre task execution logs
[2024-07-25T14:55:44.409-0300] {taskinstance.py:2076} INFO - Dependencies all met for dep_context=non-requeueable deps ti=<TaskInstance: Mercado_5m.get_5m_info scheduled__2024-07-25T01:55:00+00:00 [queued]>
[2024-07-25T14:55:44.412-0300] {taskinstance.py:2076} INFO - Dependencies all met for dep_context=requeueable deps ti=<TaskInstance: Mercado_5m.get_5m_info scheduled__2024-07-25T01:55:00+00:00 [queued]>
[2024-07-25T14:55:44.412-0300] {taskinstance.py:2306} INFO - Starting attempt 1 of 1
[2024-07-25T14:55:44.425-0300] {taskinstance.py:2330} INFO - Executing <Task(PythonOperator): get_5m_info> on 2024-07-25 01:55:00+00:00
[2024-07-25T14:55:44.427-0300] {standard_task_runner.py:64} INFO - Started process 2615165 to run task
[2024-07-25T14:55:44.429-0300] {standard_task_runner.py:90} INFO - Running: ['airflow', 'tasks', 'run', 'Mercado_5m', 'get_5m_info', 'scheduled__2024-07-25T01:55:00+00:00', '--job-id', '2334', '--raw', '--subdir', 'DAGS_FOLDER/mercado_dag.py', '--cfg-path', '/tmp/tmpjso4fcs5']
[2024-07-25T14:55:44.430-0300] {standard_task_runner.py:91} INFO - Job 2334: Subtask get_5m_info
[2024-07-25T14:55:44.455-0300] {task_command.py:426} INFO - Running <TaskInstance: Mercado_5m.get_5m_info scheduled__2024-07-25T01:55:00+00:00 [running]> on host Galaxybook.
[2024-07-25T14:55:44.508-0300] {taskinstance.py:2648} INFO - Exporting env vars: AIRFLOW_CTX_DAG_OWNER='airflow' AIRFLOW_CTX_DAG_ID='Mercado_5m' AIRFLOW_CTX_TASK_ID='get_5m_info' AIRFLOW_CTX_EXECUTION_DATE='2024-07-25T01:55:00+00:00' AIRFLOW_CTX_TRY_NUMBER='1' AIRFLOW_CTX_DAG_RUN_ID='scheduled__2024-07-25T01:55:00+00:00'
[2024-07-25T14:55:44.509-0300] {taskinstance.py:430} INFO - ::endgroup::
[2024-07-25T14:55:44.576-0300] {base.py:84} INFO - Using connection ID 'mercado_default' for task execution.
[2024-07-25T14:55:44.577-0300] {mercado_hook.py:31} INFO - URL: https://api.mercadobitcoin.net/api/v4/candles?symbol=BTC-BRL&resolution=5m&to=1721883600&from=1721883300
[2024-07-25T14:55:44.905-0300] {python.py:237} INFO - Done. Returned value was: None
[2024-07-25T14:55:44.906-0300] {taskinstance.py:441} INFO - ::group::Post task execution logs
[2024-07-25T14:55:44.909-0300] {taskinstance.py:1206} INFO - Marking task as SUCCESS. dag_id=Mercado_5m, task_id=get_5m_info, run_id=scheduled__2024-07-25T01:55:00+00:00, execution_date=20240725T015500, start_date=20240725T175544, end_date=20240725T175544
[2024-07-25T14:55:44.967-0300] {local_task_job_runner.py:243} INFO - Task exited with return code 0
[2024-07-25T14:55:44.976-0300] {taskinstance.py:3503} INFO - 0 downstream tasks scheduled from follow-on schedule check
[2024-07-25T14:55:44.977-0300] {local_task_job_runner.py:222} INFO - ::endgroup::
[2024-07-25T16:19:22.744-0300] {local_task_job_runner.py:120} INFO - ::group::Pre task execution logs
[2024-07-25T16:19:22.751-0300] {taskinstance.py:2076} INFO - Dependencies all met for dep_context=non-requeueable deps ti=<TaskInstance: Mercado_5m.get_5m_info scheduled__2024-07-25T01:55:00+00:00 [queued]>
[2024-07-25T16:19:22.756-0300] {taskinstance.py:2076} INFO - Dependencies all met for dep_context=requeueable deps ti=<TaskInstance: Mercado_5m.get_5m_info scheduled__2024-07-25T01:55:00+00:00 [queued]>
[2024-07-25T16:19:22.756-0300] {taskinstance.py:2306} INFO - Starting attempt 1 of 1
[2024-07-25T16:19:22.770-0300] {taskinstance.py:2330} INFO - Executing <Task(PythonOperator): get_5m_info> on 2024-07-25 01:55:00+00:00
[2024-07-25T16:19:22.772-0300] {standard_task_runner.py:64} INFO - Started process 2662343 to run task
[2024-07-25T16:19:22.775-0300] {standard_task_runner.py:90} INFO - Running: ['airflow', 'tasks', 'run', 'Mercado_5m', 'get_5m_info', 'scheduled__2024-07-25T01:55:00+00:00', '--job-id', '2256', '--raw', '--subdir', 'DAGS_FOLDER/mercado_dag.py', '--cfg-path', '/tmp/tmpoj2dv7ky']
[2024-07-25T16:19:22.776-0300] {standard_task_runner.py:91} INFO - Job 2256: Subtask get_5m_info
[2024-07-25T16:19:22.810-0300] {task_command.py:426} INFO - Running <TaskInstance: Mercado_5m.get_5m_info scheduled__2024-07-25T01:55:00+00:00 [running]> on host Galaxybook.
[2024-07-25T16:19:22.872-0300] {taskinstance.py:2648} INFO - Exporting env vars: AIRFLOW_CTX_DAG_OWNER='airflow' AIRFLOW_CTX_DAG_ID='Mercado_5m' AIRFLOW_CTX_TASK_ID='get_5m_info' AIRFLOW_CTX_EXECUTION_DATE='2024-07-25T01:55:00+00:00' AIRFLOW_CTX_TRY_NUMBER='1' AIRFLOW_CTX_DAG_RUN_ID='scheduled__2024-07-25T01:55:00+00:00'
[2024-07-25T16:19:22.872-0300] {taskinstance.py:430} INFO - ::endgroup::
[2024-07-25T16:19:22.881-0300] {mercado_dag.py:22} INFO - To: 2024-07-25 02:00:00+00:00
[2024-07-25T16:19:22.882-0300] {mercado_dag.py:23} INFO - From: 2024-07-25 01:55:00+00:00
[2024-07-25T16:19:22.882-0300] {mercado_dag.py:24} INFO - To timestamp: 1721872800 
[2024-07-25T16:19:22.882-0300] {mercado_dag.py:25} INFO - From timestamp: 1721872500 
[2024-07-25T16:19:22.952-0300] {base.py:84} INFO - Using connection ID 'mercado_default' for task execution.
[2024-07-25T16:19:22.953-0300] {mercado_hook.py:31} INFO - URL: https://api.mercadobitcoin.net/api/v4/candles?symbol=BTC-BRL&resolution=5m&to=1721872800&from=1721872500
[2024-07-25T16:19:23.240-0300] {python.py:237} INFO - Done. Returned value was: None
[2024-07-25T16:19:23.241-0300] {taskinstance.py:441} INFO - ::group::Post task execution logs
[2024-07-25T16:19:23.244-0300] {taskinstance.py:1206} INFO - Marking task as SUCCESS. dag_id=Mercado_5m, task_id=get_5m_info, run_id=scheduled__2024-07-25T01:55:00+00:00, execution_date=20240725T015500, start_date=20240725T191922, end_date=20240725T191923
[2024-07-25T16:19:23.275-0300] {local_task_job_runner.py:243} INFO - Task exited with return code 0
[2024-07-25T16:19:23.281-0300] {taskinstance.py:3503} INFO - 0 downstream tasks scheduled from follow-on schedule check
[2024-07-25T16:19:23.282-0300] {local_task_job_runner.py:222} INFO - ::endgroup::
[2024-07-25T16:23:28.857-0300] {local_task_job_runner.py:120} INFO - ::group::Pre task execution logs
[2024-07-25T16:23:28.863-0300] {taskinstance.py:2076} INFO - Dependencies all met for dep_context=non-requeueable deps ti=<TaskInstance: Mercado_5m.get_5m_info scheduled__2024-07-25T01:55:00+00:00 [queued]>
[2024-07-25T16:23:28.866-0300] {taskinstance.py:2076} INFO - Dependencies all met for dep_context=requeueable deps ti=<TaskInstance: Mercado_5m.get_5m_info scheduled__2024-07-25T01:55:00+00:00 [queued]>
[2024-07-25T16:23:28.866-0300] {taskinstance.py:2306} INFO - Starting attempt 1 of 1
[2024-07-25T16:23:28.878-0300] {taskinstance.py:2330} INFO - Executing <Task(PythonOperator): get_5m_info> on 2024-07-25 01:55:00+00:00
[2024-07-25T16:23:28.880-0300] {standard_task_runner.py:64} INFO - Started process 2666508 to run task
[2024-07-25T16:23:28.882-0300] {standard_task_runner.py:90} INFO - Running: ['airflow', 'tasks', 'run', 'Mercado_5m', 'get_5m_info', 'scheduled__2024-07-25T01:55:00+00:00', '--job-id', '2379', '--raw', '--subdir', 'DAGS_FOLDER/mercado_dag.py', '--cfg-path', '/tmp/tmppg6ejbvo']
[2024-07-25T16:23:28.883-0300] {standard_task_runner.py:91} INFO - Job 2379: Subtask get_5m_info
[2024-07-25T16:23:28.915-0300] {task_command.py:426} INFO - Running <TaskInstance: Mercado_5m.get_5m_info scheduled__2024-07-25T01:55:00+00:00 [running]> on host Galaxybook.
[2024-07-25T16:23:28.964-0300] {taskinstance.py:2648} INFO - Exporting env vars: AIRFLOW_CTX_DAG_OWNER='airflow' AIRFLOW_CTX_DAG_ID='Mercado_5m' AIRFLOW_CTX_TASK_ID='get_5m_info' AIRFLOW_CTX_EXECUTION_DATE='2024-07-25T01:55:00+00:00' AIRFLOW_CTX_TRY_NUMBER='1' AIRFLOW_CTX_DAG_RUN_ID='scheduled__2024-07-25T01:55:00+00:00'
[2024-07-25T16:23:28.965-0300] {taskinstance.py:430} INFO - ::endgroup::
[2024-07-25T16:23:28.973-0300] {mercado_dag.py:22} INFO - To: 2024-07-25 02:00:00+00:00
[2024-07-25T16:23:28.973-0300] {mercado_dag.py:23} INFO - From: 2024-07-25 01:55:00+00:00
[2024-07-25T16:23:28.973-0300] {mercado_dag.py:24} INFO - To timestamp: 1721872800 
[2024-07-25T16:23:28.973-0300] {mercado_dag.py:25} INFO - From timestamp: 1721872500 
[2024-07-25T16:23:29.056-0300] {base.py:84} INFO - Using connection ID 'mercado_default' for task execution.
[2024-07-25T16:23:29.057-0300] {mercado_hook.py:31} INFO - URL: https://api.mercadobitcoin.net/api/v4/candles?symbol=BTC-BRL&resolution=5m&to=1721872800&from=1721872500
[2024-07-25T16:23:29.357-0300] {python.py:237} INFO - Done. Returned value was: None
[2024-07-25T16:23:29.358-0300] {taskinstance.py:441} INFO - ::group::Post task execution logs
[2024-07-25T16:23:29.360-0300] {taskinstance.py:1206} INFO - Marking task as SUCCESS. dag_id=Mercado_5m, task_id=get_5m_info, run_id=scheduled__2024-07-25T01:55:00+00:00, execution_date=20240725T015500, start_date=20240725T192328, end_date=20240725T192329
[2024-07-25T16:23:29.381-0300] {local_task_job_runner.py:243} INFO - Task exited with return code 0
[2024-07-25T16:23:29.387-0300] {taskinstance.py:3503} INFO - 0 downstream tasks scheduled from follow-on schedule check
[2024-07-25T16:23:29.388-0300] {local_task_job_runner.py:222} INFO - ::endgroup::
[2024-07-25T16:25:53.736-0300] {local_task_job_runner.py:120} INFO - ::group::Pre task execution logs
[2024-07-25T16:25:53.742-0300] {taskinstance.py:2076} INFO - Dependencies all met for dep_context=non-requeueable deps ti=<TaskInstance: Mercado_5m.get_5m_info scheduled__2024-07-25T01:55:00+00:00 [queued]>
[2024-07-25T16:25:53.746-0300] {taskinstance.py:2076} INFO - Dependencies all met for dep_context=requeueable deps ti=<TaskInstance: Mercado_5m.get_5m_info scheduled__2024-07-25T01:55:00+00:00 [queued]>
[2024-07-25T16:25:53.746-0300] {taskinstance.py:2306} INFO - Starting attempt 1 of 1
[2024-07-25T16:25:53.763-0300] {taskinstance.py:2330} INFO - Executing <Task(PythonOperator): get_5m_info> on 2024-07-25 01:55:00+00:00
[2024-07-25T16:25:53.765-0300] {standard_task_runner.py:64} INFO - Started process 2668946 to run task
[2024-07-25T16:25:53.767-0300] {standard_task_runner.py:90} INFO - Running: ['airflow', 'tasks', 'run', 'Mercado_5m', 'get_5m_info', 'scheduled__2024-07-25T01:55:00+00:00', '--job-id', '2443', '--raw', '--subdir', 'DAGS_FOLDER/mercado_dag.py', '--cfg-path', '/tmp/tmpq76g5ov6']
[2024-07-25T16:25:53.768-0300] {standard_task_runner.py:91} INFO - Job 2443: Subtask get_5m_info
[2024-07-25T16:25:53.799-0300] {task_command.py:426} INFO - Running <TaskInstance: Mercado_5m.get_5m_info scheduled__2024-07-25T01:55:00+00:00 [running]> on host Galaxybook.
[2024-07-25T16:25:53.859-0300] {taskinstance.py:2648} INFO - Exporting env vars: AIRFLOW_CTX_DAG_OWNER='airflow' AIRFLOW_CTX_DAG_ID='Mercado_5m' AIRFLOW_CTX_TASK_ID='get_5m_info' AIRFLOW_CTX_EXECUTION_DATE='2024-07-25T01:55:00+00:00' AIRFLOW_CTX_TRY_NUMBER='1' AIRFLOW_CTX_DAG_RUN_ID='scheduled__2024-07-25T01:55:00+00:00'
[2024-07-25T16:25:53.860-0300] {taskinstance.py:430} INFO - ::endgroup::
[2024-07-25T16:25:53.869-0300] {mercado_dag.py:22} INFO - To: 2024-07-25 02:00:00+00:00
[2024-07-25T16:25:53.869-0300] {mercado_dag.py:23} INFO - From: 2024-07-25 01:55:00+00:00
[2024-07-25T16:25:53.869-0300] {mercado_dag.py:24} INFO - To timestamp: 1721872800000 
[2024-07-25T16:25:53.870-0300] {mercado_dag.py:25} INFO - From timestamp: 1721872500000 
[2024-07-25T16:25:53.939-0300] {base.py:84} INFO - Using connection ID 'mercado_default' for task execution.
[2024-07-25T16:25:53.940-0300] {mercado_hook.py:31} INFO - URL: https://api.mercadobitcoin.net/api/v4/candles?symbol=BTC-BRL&resolution=5m&to=1721872800000&from=1721872500000
[2024-07-25T16:25:54.222-0300] {python.py:237} INFO - Done. Returned value was: None
[2024-07-25T16:25:54.222-0300] {taskinstance.py:441} INFO - ::group::Post task execution logs
[2024-07-25T16:25:54.225-0300] {taskinstance.py:1206} INFO - Marking task as SUCCESS. dag_id=Mercado_5m, task_id=get_5m_info, run_id=scheduled__2024-07-25T01:55:00+00:00, execution_date=20240725T015500, start_date=20240725T192553, end_date=20240725T192554
[2024-07-25T16:25:54.269-0300] {local_task_job_runner.py:243} INFO - Task exited with return code 0
[2024-07-25T16:25:54.275-0300] {taskinstance.py:3503} INFO - 0 downstream tasks scheduled from follow-on schedule check
[2024-07-25T16:25:54.276-0300] {local_task_job_runner.py:222} INFO - ::endgroup::
