[2024-07-25T14:29:10.656-0300] {local_task_job_runner.py:120} INFO - ::group::Pre task execution logs
[2024-07-25T14:29:10.667-0300] {taskinstance.py:2076} INFO - Dependencies all met for dep_context=non-requeueable deps ti=<TaskInstance: Mercado_5m.get_5m_info scheduled__2024-07-25T14:50:00+00:00 [queued]>
[2024-07-25T14:29:10.670-0300] {taskinstance.py:2076} INFO - Dependencies all met for dep_context=requeueable deps ti=<TaskInstance: Mercado_5m.get_5m_info scheduled__2024-07-25T14:50:00+00:00 [queued]>
[2024-07-25T14:29:10.670-0300] {taskinstance.py:2306} INFO - Starting attempt 1 of 1
[2024-07-25T14:29:10.682-0300] {taskinstance.py:2330} INFO - Executing <Task(PythonOperator): get_5m_info> on 2024-07-25 14:50:00+00:00
[2024-07-25T14:29:10.684-0300] {standard_task_runner.py:64} INFO - Started process 2591972 to run task
[2024-07-25T14:29:10.686-0300] {standard_task_runner.py:90} INFO - Running: ['airflow', 'tasks', 'run', 'Mercado_5m', 'get_5m_info', 'scheduled__2024-07-25T14:50:00+00:00', '--job-id', '2150', '--raw', '--subdir', 'DAGS_FOLDER/mercado_dag.py', '--cfg-path', '/tmp/tmp2xjw9ist']
[2024-07-25T14:29:10.687-0300] {standard_task_runner.py:91} INFO - Job 2150: Subtask get_5m_info
[2024-07-25T14:29:10.715-0300] {task_command.py:426} INFO - Running <TaskInstance: Mercado_5m.get_5m_info scheduled__2024-07-25T14:50:00+00:00 [running]> on host Galaxybook.
[2024-07-25T14:29:10.772-0300] {taskinstance.py:2648} INFO - Exporting env vars: AIRFLOW_CTX_DAG_OWNER='airflow' AIRFLOW_CTX_DAG_ID='Mercado_5m' AIRFLOW_CTX_TASK_ID='get_5m_info' AIRFLOW_CTX_EXECUTION_DATE='2024-07-25T14:50:00+00:00' AIRFLOW_CTX_TRY_NUMBER='1' AIRFLOW_CTX_DAG_RUN_ID='scheduled__2024-07-25T14:50:00+00:00'
[2024-07-25T14:29:10.772-0300] {taskinstance.py:430} INFO - ::endgroup::
[2024-07-25T14:29:10.780-0300] {taskinstance.py:441} INFO - ::group::Post task execution logs
[2024-07-25T14:29:10.780-0300] {taskinstance.py:2905} ERROR - Task failed with exception
Traceback (most recent call last):
  File "/home/hugoviana/Documentos/data_pipeline_airflow/.venv/lib/python3.12/site-packages/airflow/models/taskinstance.py", line 465, in _execute_task
    result = _execute_callable(context=context, **execute_callable_kwargs)
             ^^^^^^^^^^^^^^^^^^^^^^^^^^^^^^^^^^^^^^^^^^^^^^^^^^^^^^^^^^^^^
  File "/home/hugoviana/Documentos/data_pipeline_airflow/.venv/lib/python3.12/site-packages/airflow/models/taskinstance.py", line 432, in _execute_callable
    return execute_callable(context=context, **execute_callable_kwargs)
           ^^^^^^^^^^^^^^^^^^^^^^^^^^^^^^^^^^^^^^^^^^^^^^^^^^^^^^^^^^^^
  File "/home/hugoviana/Documentos/data_pipeline_airflow/.venv/lib/python3.12/site-packages/airflow/models/baseoperator.py", line 401, in wrapper
    return func(self, *args, **kwargs)
           ^^^^^^^^^^^^^^^^^^^^^^^^^^^
  File "/home/hugoviana/Documentos/data_pipeline_airflow/.venv/lib/python3.12/site-packages/airflow/operators/python.py", line 232, in execute
    context_merge(context, self.op_kwargs, templates_dict=self.templates_dict)
  File "/home/hugoviana/Documentos/data_pipeline_airflow/.venv/lib/python3.12/site-packages/airflow/utils/context.py", line 266, in context_merge
    context.update(*args, **kwargs)
  File "<frozen _collections_abc>", line 987, in update
ValueError: too many values to unpack (expected 2)
[2024-07-25T14:29:10.785-0300] {taskinstance.py:1206} INFO - Marking task as FAILED. dag_id=Mercado_5m, task_id=get_5m_info, run_id=scheduled__2024-07-25T14:50:00+00:00, execution_date=20240725T145000, start_date=20240725T172910, end_date=20240725T172910
[2024-07-25T14:29:10.797-0300] {standard_task_runner.py:110} ERROR - Failed to execute job 2150 for task get_5m_info (too many values to unpack (expected 2); 2591972)
[2024-07-25T14:29:10.819-0300] {local_task_job_runner.py:243} INFO - Task exited with return code 1
[2024-07-25T14:29:10.825-0300] {taskinstance.py:3503} INFO - 0 downstream tasks scheduled from follow-on schedule check
[2024-07-25T14:29:10.825-0300] {local_task_job_runner.py:222} INFO - ::endgroup::
[2024-07-25T14:30:54.996-0300] {local_task_job_runner.py:120} INFO - ::group::Pre task execution logs
[2024-07-25T14:30:55.005-0300] {taskinstance.py:2076} INFO - Dependencies all met for dep_context=non-requeueable deps ti=<TaskInstance: Mercado_5m.get_5m_info scheduled__2024-07-25T14:50:00+00:00 [queued]>
[2024-07-25T14:30:55.010-0300] {taskinstance.py:2076} INFO - Dependencies all met for dep_context=requeueable deps ti=<TaskInstance: Mercado_5m.get_5m_info scheduled__2024-07-25T14:50:00+00:00 [queued]>
[2024-07-25T14:30:55.011-0300] {taskinstance.py:2306} INFO - Starting attempt 1 of 1
[2024-07-25T14:30:55.026-0300] {taskinstance.py:2330} INFO - Executing <Task(PythonOperator): get_5m_info> on 2024-07-25 14:50:00+00:00
[2024-07-25T14:30:55.028-0300] {standard_task_runner.py:64} INFO - Started process 2593746 to run task
[2024-07-25T14:30:55.030-0300] {standard_task_runner.py:90} INFO - Running: ['airflow', 'tasks', 'run', 'Mercado_5m', 'get_5m_info', 'scheduled__2024-07-25T14:50:00+00:00', '--job-id', '2116', '--raw', '--subdir', 'DAGS_FOLDER/mercado_dag.py', '--cfg-path', '/tmp/tmp29dqrny5']
[2024-07-25T14:30:55.031-0300] {standard_task_runner.py:91} INFO - Job 2116: Subtask get_5m_info
[2024-07-25T14:30:55.061-0300] {task_command.py:426} INFO - Running <TaskInstance: Mercado_5m.get_5m_info scheduled__2024-07-25T14:50:00+00:00 [running]> on host Galaxybook.
[2024-07-25T14:30:55.124-0300] {taskinstance.py:2648} INFO - Exporting env vars: AIRFLOW_CTX_DAG_OWNER='airflow' AIRFLOW_CTX_DAG_ID='Mercado_5m' AIRFLOW_CTX_TASK_ID='get_5m_info' AIRFLOW_CTX_EXECUTION_DATE='2024-07-25T14:50:00+00:00' AIRFLOW_CTX_TRY_NUMBER='1' AIRFLOW_CTX_DAG_RUN_ID='scheduled__2024-07-25T14:50:00+00:00'
[2024-07-25T14:30:55.124-0300] {taskinstance.py:430} INFO - ::endgroup::
[2024-07-25T14:30:55.132-0300] {taskinstance.py:441} INFO - ::group::Post task execution logs
[2024-07-25T14:30:55.132-0300] {taskinstance.py:2905} ERROR - Task failed with exception
Traceback (most recent call last):
  File "/home/hugoviana/Documentos/data_pipeline_airflow/.venv/lib/python3.12/site-packages/airflow/models/taskinstance.py", line 465, in _execute_task
    result = _execute_callable(context=context, **execute_callable_kwargs)
             ^^^^^^^^^^^^^^^^^^^^^^^^^^^^^^^^^^^^^^^^^^^^^^^^^^^^^^^^^^^^^
  File "/home/hugoviana/Documentos/data_pipeline_airflow/.venv/lib/python3.12/site-packages/airflow/models/taskinstance.py", line 432, in _execute_callable
    return execute_callable(context=context, **execute_callable_kwargs)
           ^^^^^^^^^^^^^^^^^^^^^^^^^^^^^^^^^^^^^^^^^^^^^^^^^^^^^^^^^^^^
  File "/home/hugoviana/Documentos/data_pipeline_airflow/.venv/lib/python3.12/site-packages/airflow/models/baseoperator.py", line 401, in wrapper
    return func(self, *args, **kwargs)
           ^^^^^^^^^^^^^^^^^^^^^^^^^^^
  File "/home/hugoviana/Documentos/data_pipeline_airflow/.venv/lib/python3.12/site-packages/airflow/operators/python.py", line 235, in execute
    return_value = self.execute_callable()
                   ^^^^^^^^^^^^^^^^^^^^^^^
  File "/home/hugoviana/Documentos/data_pipeline_airflow/.venv/lib/python3.12/site-packages/airflow/operators/python.py", line 252, in execute_callable
    return self.python_callable(*self.op_args, **self.op_kwargs)
           ^^^^^^^^^^^^^^^^^^^^^^^^^^^^^^^^^^^^^^^^^^^^^^^^^^^^^
  File "/home/hugoviana/Projetos/crypto-etl/airflow_pipeline/dags/mercado_dag.py", line 24, in execute
    to_time=to_timestamp(to_time),
            ^^^^^^^^^^^^^^^^^^^^^
  File "/home/hugoviana/Projetos/crypto-etl/airflow_pipeline/dags/mercado_dag.py", line 15, in to_timestamp
    timestamp = int(datetime.timestamp(dt))
                    ^^^^^^^^^^^^^^^^^^^^^^
TypeError: descriptor 'timestamp' for 'datetime.datetime' objects doesn't apply to a 'str' object
[2024-07-25T14:30:55.136-0300] {taskinstance.py:1206} INFO - Marking task as FAILED. dag_id=Mercado_5m, task_id=get_5m_info, run_id=scheduled__2024-07-25T14:50:00+00:00, execution_date=20240725T145000, start_date=20240725T173055, end_date=20240725T173055
[2024-07-25T14:30:55.215-0300] {standard_task_runner.py:110} ERROR - Failed to execute job 2116 for task get_5m_info (descriptor 'timestamp' for 'datetime.datetime' objects doesn't apply to a 'str' object; 2593746)
[2024-07-25T14:30:55.244-0300] {local_task_job_runner.py:243} INFO - Task exited with return code 1
[2024-07-25T14:30:55.252-0300] {taskinstance.py:3503} INFO - 0 downstream tasks scheduled from follow-on schedule check
[2024-07-25T14:30:55.253-0300] {local_task_job_runner.py:222} INFO - ::endgroup::
[2024-07-25T15:01:13.835-0300] {local_task_job_runner.py:120} INFO - ::group::Pre task execution logs
[2024-07-25T15:01:13.842-0300] {taskinstance.py:2076} INFO - Dependencies all met for dep_context=non-requeueable deps ti=<TaskInstance: Mercado_5m.get_5m_info scheduled__2024-07-25T14:50:00+00:00 [queued]>
[2024-07-25T15:01:13.845-0300] {taskinstance.py:2076} INFO - Dependencies all met for dep_context=requeueable deps ti=<TaskInstance: Mercado_5m.get_5m_info scheduled__2024-07-25T14:50:00+00:00 [queued]>
[2024-07-25T15:01:13.846-0300] {taskinstance.py:2306} INFO - Starting attempt 1 of 1
[2024-07-25T15:01:13.860-0300] {taskinstance.py:2330} INFO - Executing <Task(PythonOperator): get_5m_info> on 2024-07-25 14:50:00+00:00
[2024-07-25T15:01:13.863-0300] {standard_task_runner.py:64} INFO - Started process 2620633 to run task
[2024-07-25T15:01:13.865-0300] {standard_task_runner.py:90} INFO - Running: ['airflow', 'tasks', 'run', 'Mercado_5m', 'get_5m_info', 'scheduled__2024-07-25T14:50:00+00:00', '--job-id', '2490', '--raw', '--subdir', 'DAGS_FOLDER/mercado_dag.py', '--cfg-path', '/tmp/tmpo7etjnw1']
[2024-07-25T15:01:13.867-0300] {standard_task_runner.py:91} INFO - Job 2490: Subtask get_5m_info
[2024-07-25T15:01:13.901-0300] {task_command.py:426} INFO - Running <TaskInstance: Mercado_5m.get_5m_info scheduled__2024-07-25T14:50:00+00:00 [running]> on host Galaxybook.
[2024-07-25T15:01:13.959-0300] {taskinstance.py:2648} INFO - Exporting env vars: AIRFLOW_CTX_DAG_OWNER='airflow' AIRFLOW_CTX_DAG_ID='Mercado_5m' AIRFLOW_CTX_TASK_ID='get_5m_info' AIRFLOW_CTX_EXECUTION_DATE='2024-07-25T14:50:00+00:00' AIRFLOW_CTX_TRY_NUMBER='1' AIRFLOW_CTX_DAG_RUN_ID='scheduled__2024-07-25T14:50:00+00:00'
[2024-07-25T15:01:13.960-0300] {taskinstance.py:430} INFO - ::endgroup::
[2024-07-25T15:01:14.035-0300] {base.py:84} INFO - Using connection ID 'mercado_default' for task execution.
[2024-07-25T15:01:14.036-0300] {mercado_hook.py:31} INFO - URL: https://api.mercadobitcoin.net/api/v4/candles?symbol=BTC-BRL&resolution=5m&to=1721930100&from=1721929800
[2024-07-25T15:01:14.330-0300] {python.py:237} INFO - Done. Returned value was: None
[2024-07-25T15:01:14.331-0300] {taskinstance.py:441} INFO - ::group::Post task execution logs
[2024-07-25T15:01:14.335-0300] {taskinstance.py:1206} INFO - Marking task as SUCCESS. dag_id=Mercado_5m, task_id=get_5m_info, run_id=scheduled__2024-07-25T14:50:00+00:00, execution_date=20240725T145000, start_date=20240725T180113, end_date=20240725T180114
[2024-07-25T15:01:14.365-0300] {local_task_job_runner.py:243} INFO - Task exited with return code 0
[2024-07-25T15:01:14.372-0300] {taskinstance.py:3503} INFO - 0 downstream tasks scheduled from follow-on schedule check
[2024-07-25T15:01:14.373-0300] {local_task_job_runner.py:222} INFO - ::endgroup::
