[2024-07-25T14:52:01.064-0300] {local_task_job_runner.py:120} INFO - ::group::Pre task execution logs
[2024-07-25T14:52:01.070-0300] {taskinstance.py:2076} INFO - Dependencies all met for dep_context=non-requeueable deps ti=<TaskInstance: Binance_5m.get_5m_info scheduled__2024-07-25T11:25:00+00:00 [queued]>
[2024-07-25T14:52:01.074-0300] {taskinstance.py:2076} INFO - Dependencies all met for dep_context=requeueable deps ti=<TaskInstance: Binance_5m.get_5m_info scheduled__2024-07-25T11:25:00+00:00 [queued]>
[2024-07-25T14:52:01.075-0300] {taskinstance.py:2306} INFO - Starting attempt 1 of 1
[2024-07-25T14:52:01.089-0300] {taskinstance.py:2330} INFO - Executing <Task(PythonOperator): get_5m_info> on 2024-07-25 11:25:00+00:00
[2024-07-25T14:52:01.090-0300] {standard_task_runner.py:64} INFO - Started process 2611407 to run task
[2024-07-25T14:52:01.093-0300] {standard_task_runner.py:90} INFO - Running: ['airflow', 'tasks', 'run', 'Binance_5m', 'get_5m_info', 'scheduled__2024-07-25T11:25:00+00:00', '--job-id', '2229', '--raw', '--subdir', 'DAGS_FOLDER/binance_dag.py', '--cfg-path', '/tmp/tmp_ur4ukmb']
[2024-07-25T14:52:01.094-0300] {standard_task_runner.py:91} INFO - Job 2229: Subtask get_5m_info
[2024-07-25T14:52:01.117-0300] {task_command.py:426} INFO - Running <TaskInstance: Binance_5m.get_5m_info scheduled__2024-07-25T11:25:00+00:00 [running]> on host Galaxybook.
[2024-07-25T14:52:01.174-0300] {taskinstance.py:2648} INFO - Exporting env vars: AIRFLOW_CTX_DAG_OWNER='airflow' AIRFLOW_CTX_DAG_ID='Binance_5m' AIRFLOW_CTX_TASK_ID='get_5m_info' AIRFLOW_CTX_EXECUTION_DATE='2024-07-25T11:25:00+00:00' AIRFLOW_CTX_TRY_NUMBER='1' AIRFLOW_CTX_DAG_RUN_ID='scheduled__2024-07-25T11:25:00+00:00'
[2024-07-25T14:52:01.174-0300] {taskinstance.py:430} INFO - ::endgroup::
[2024-07-25T14:52:01.181-0300] {binance_dag.py:23} INFO - End Time: 2024-07-25T11:30:00.00Z
[2024-07-25T14:52:01.181-0300] {binance_dag.py:24} INFO - Start Time: 2024-07-25T11:25:00.00Z
[2024-07-25T14:52:01.249-0300] {base.py:84} INFO - Using connection ID 'binance_default' for task execution.
[2024-07-25T14:52:01.249-0300] {logging_mixin.py:188} INFO - https://api.binance.com
[2024-07-25T14:52:01.249-0300] {binance_hook.py:35} INFO - URL: https://api.binance.com/api/v3/klines?symbol=BTCBRL&interval=5m&startTime=1721917500000&endTime=1721917799999
[2024-07-25T14:52:01.657-0300] {binance_dag.py:43} INFO - r: [[1721917500000, '363300.00000000', '365001.00000000', '363261.00000000', '364925.00000000', '0.67625000', 1721917799999, '246521.30423000', 181, '0.39345000', '143405.43808000', '0']]
[2024-07-25T14:52:01.658-0300] {python.py:237} INFO - Done. Returned value was: None
[2024-07-25T14:52:01.659-0300] {taskinstance.py:441} INFO - ::group::Post task execution logs
[2024-07-25T14:52:01.661-0300] {taskinstance.py:1206} INFO - Marking task as SUCCESS. dag_id=Binance_5m, task_id=get_5m_info, run_id=scheduled__2024-07-25T11:25:00+00:00, execution_date=20240725T112500, start_date=20240725T175201, end_date=20240725T175201
[2024-07-25T14:52:01.714-0300] {local_task_job_runner.py:243} INFO - Task exited with return code 0
[2024-07-25T14:52:01.720-0300] {taskinstance.py:3503} INFO - 0 downstream tasks scheduled from follow-on schedule check
[2024-07-25T14:52:01.720-0300] {local_task_job_runner.py:222} INFO - ::endgroup::
[2024-07-25T15:22:01.532-0300] {local_task_job_runner.py:120} INFO - ::group::Pre task execution logs
[2024-07-25T15:22:01.538-0300] {taskinstance.py:2076} INFO - Dependencies all met for dep_context=non-requeueable deps ti=<TaskInstance: Binance_5m.get_5m_info scheduled__2024-07-25T11:25:00+00:00 [queued]>
[2024-07-25T15:22:01.541-0300] {taskinstance.py:2076} INFO - Dependencies all met for dep_context=requeueable deps ti=<TaskInstance: Binance_5m.get_5m_info scheduled__2024-07-25T11:25:00+00:00 [queued]>
[2024-07-25T15:22:01.541-0300] {taskinstance.py:2306} INFO - Starting attempt 1 of 1
[2024-07-25T15:22:01.555-0300] {taskinstance.py:2330} INFO - Executing <Task(PythonOperator): get_5m_info> on 2024-07-25 11:25:00+00:00
[2024-07-25T15:22:01.556-0300] {standard_task_runner.py:64} INFO - Started process 2633755 to run task
[2024-07-25T15:22:01.558-0300] {standard_task_runner.py:90} INFO - Running: ['airflow', 'tasks', 'run', 'Binance_5m', 'get_5m_info', 'scheduled__2024-07-25T11:25:00+00:00', '--job-id', '2672', '--raw', '--subdir', 'DAGS_FOLDER/binance_dag.py', '--cfg-path', '/tmp/tmpvmrsxart']
[2024-07-25T15:22:01.559-0300] {standard_task_runner.py:91} INFO - Job 2672: Subtask get_5m_info
[2024-07-25T15:22:01.584-0300] {task_command.py:426} INFO - Running <TaskInstance: Binance_5m.get_5m_info scheduled__2024-07-25T11:25:00+00:00 [running]> on host Galaxybook.
[2024-07-25T15:22:01.638-0300] {taskinstance.py:2648} INFO - Exporting env vars: AIRFLOW_CTX_DAG_OWNER='airflow' AIRFLOW_CTX_DAG_ID='Binance_5m' AIRFLOW_CTX_TASK_ID='get_5m_info' AIRFLOW_CTX_EXECUTION_DATE='2024-07-25T11:25:00+00:00' AIRFLOW_CTX_TRY_NUMBER='1' AIRFLOW_CTX_DAG_RUN_ID='scheduled__2024-07-25T11:25:00+00:00'
[2024-07-25T15:22:01.638-0300] {taskinstance.py:430} INFO - ::endgroup::
[2024-07-25T15:22:01.647-0300] {binance_dag.py:23} INFO - End Time: 2024-07-25T11:30:00.00Z
[2024-07-25T15:22:01.647-0300] {binance_dag.py:24} INFO - Start Time: 2024-07-25T11:25:00.00Z
[2024-07-25T15:22:01.701-0300] {binance_dag.py:25} INFO - 1721917500000
[2024-07-25T15:22:01.703-0300] {base.py:84} INFO - Using connection ID 'binance_default' for task execution.
[2024-07-25T15:22:01.703-0300] {logging_mixin.py:188} INFO - https://api.binance.com
[2024-07-25T15:22:01.704-0300] {binance_hook.py:35} INFO - URL: https://api.binance.com/api/v3/klines?symbol=BTCBRL&interval=5m&startTime=1721917500000&endTime=1721917799999
[2024-07-25T15:22:02.100-0300] {python.py:237} INFO - Done. Returned value was: None
[2024-07-25T15:22:02.101-0300] {taskinstance.py:441} INFO - ::group::Post task execution logs
[2024-07-25T15:22:02.104-0300] {taskinstance.py:1206} INFO - Marking task as SUCCESS. dag_id=Binance_5m, task_id=get_5m_info, run_id=scheduled__2024-07-25T11:25:00+00:00, execution_date=20240725T112500, start_date=20240725T182201, end_date=20240725T182202
[2024-07-25T15:22:02.143-0300] {local_task_job_runner.py:243} INFO - Task exited with return code 0
[2024-07-25T15:22:02.150-0300] {taskinstance.py:3503} INFO - 0 downstream tasks scheduled from follow-on schedule check
[2024-07-25T15:22:02.151-0300] {local_task_job_runner.py:222} INFO - ::endgroup::
[2024-07-25T16:19:24.655-0300] {local_task_job_runner.py:120} INFO - ::group::Pre task execution logs
[2024-07-25T16:19:24.665-0300] {taskinstance.py:2076} INFO - Dependencies all met for dep_context=non-requeueable deps ti=<TaskInstance: Binance_5m.get_5m_info scheduled__2024-07-25T11:25:00+00:00 [queued]>
[2024-07-25T16:19:24.671-0300] {taskinstance.py:2076} INFO - Dependencies all met for dep_context=requeueable deps ti=<TaskInstance: Binance_5m.get_5m_info scheduled__2024-07-25T11:25:00+00:00 [queued]>
[2024-07-25T16:19:24.672-0300] {taskinstance.py:2306} INFO - Starting attempt 1 of 1
[2024-07-25T16:19:24.689-0300] {taskinstance.py:2330} INFO - Executing <Task(PythonOperator): get_5m_info> on 2024-07-25 11:25:00+00:00
[2024-07-25T16:19:24.692-0300] {standard_task_runner.py:64} INFO - Started process 2662411 to run task
[2024-07-25T16:19:24.694-0300] {standard_task_runner.py:90} INFO - Running: ['airflow', 'tasks', 'run', 'Binance_5m', 'get_5m_info', 'scheduled__2024-07-25T11:25:00+00:00', '--job-id', '2257', '--raw', '--subdir', 'DAGS_FOLDER/binance_dag.py', '--cfg-path', '/tmp/tmp__6qp0dk']
[2024-07-25T16:19:24.695-0300] {standard_task_runner.py:91} INFO - Job 2257: Subtask get_5m_info
[2024-07-25T16:19:24.737-0300] {task_command.py:426} INFO - Running <TaskInstance: Binance_5m.get_5m_info scheduled__2024-07-25T11:25:00+00:00 [running]> on host Galaxybook.
[2024-07-25T16:19:24.820-0300] {taskinstance.py:2648} INFO - Exporting env vars: AIRFLOW_CTX_DAG_OWNER='airflow' AIRFLOW_CTX_DAG_ID='Binance_5m' AIRFLOW_CTX_TASK_ID='get_5m_info' AIRFLOW_CTX_EXECUTION_DATE='2024-07-25T11:25:00+00:00' AIRFLOW_CTX_TRY_NUMBER='1' AIRFLOW_CTX_DAG_RUN_ID='scheduled__2024-07-25T11:25:00+00:00'
[2024-07-25T16:19:24.820-0300] {taskinstance.py:430} INFO - ::endgroup::
[2024-07-25T16:19:24.831-0300] {binance_dag.py:22} INFO - End Time: 2024-07-25 11:30:00+00:00
[2024-07-25T16:19:24.831-0300] {binance_dag.py:23} INFO - Start Time: 2024-07-25 11:25:00+00:00
[2024-07-25T16:19:24.832-0300] {binance_dag.py:24} INFO - Start timestamp: 1721906700000
[2024-07-25T16:19:24.833-0300] {binance_dag.py:25} INFO - End timestamp: 1721907000000
[2024-07-25T16:19:24.917-0300] {base.py:84} INFO - Using connection ID 'binance_default' for task execution.
[2024-07-25T16:19:24.917-0300] {logging_mixin.py:188} INFO - https://api.binance.com
[2024-07-25T16:19:24.918-0300] {binance_hook.py:35} INFO - URL: https://api.binance.com/api/v3/klines?symbol=BTCBRL&interval=5m&startTime=1721906700000&endTime=1721906999999&timeZone=-3
[2024-07-25T16:19:30.616-0300] {python.py:237} INFO - Done. Returned value was: None
[2024-07-25T16:19:30.617-0300] {taskinstance.py:441} INFO - ::group::Post task execution logs
[2024-07-25T16:19:30.620-0300] {taskinstance.py:1206} INFO - Marking task as SUCCESS. dag_id=Binance_5m, task_id=get_5m_info, run_id=scheduled__2024-07-25T11:25:00+00:00, execution_date=20240725T112500, start_date=20240725T191924, end_date=20240725T191930
[2024-07-25T16:19:30.646-0300] {local_task_job_runner.py:243} INFO - Task exited with return code 0
[2024-07-25T16:19:30.651-0300] {taskinstance.py:3503} INFO - 0 downstream tasks scheduled from follow-on schedule check
[2024-07-25T16:19:30.652-0300] {local_task_job_runner.py:222} INFO - ::endgroup::
