[2024-07-25T09:58:43.874-0300] {local_task_job_runner.py:120} INFO - ::group::Pre task execution logs
[2024-07-25T09:58:43.880-0300] {taskinstance.py:2076} INFO - Dependencies all met for dep_context=non-requeueable deps ti=<TaskInstance: Mercado_1m.get_1m_info scheduled__2024-07-25T11:14:00+00:00 [queued]>
[2024-07-25T09:58:43.884-0300] {taskinstance.py:2076} INFO - Dependencies all met for dep_context=requeueable deps ti=<TaskInstance: Mercado_1m.get_1m_info scheduled__2024-07-25T11:14:00+00:00 [queued]>
[2024-07-25T09:58:43.884-0300] {taskinstance.py:2306} INFO - Starting attempt 1 of 1
[2024-07-25T09:58:43.898-0300] {taskinstance.py:2330} INFO - Executing <Task(PythonOperator): get_1m_info> on 2024-07-25 11:14:00+00:00
[2024-07-25T09:58:43.900-0300] {standard_task_runner.py:64} INFO - Started process 2443811 to run task
[2024-07-25T09:58:43.902-0300] {standard_task_runner.py:90} INFO - Running: ['airflow', 'tasks', 'run', 'Mercado_1m', 'get_1m_info', 'scheduled__2024-07-25T11:14:00+00:00', '--job-id', '1910', '--raw', '--subdir', 'DAGS_FOLDER/mercado_dag.py', '--cfg-path', '/tmp/tmpli59hxci']
[2024-07-25T09:58:43.903-0300] {standard_task_runner.py:91} INFO - Job 1910: Subtask get_1m_info
[2024-07-25T09:58:43.932-0300] {task_command.py:426} INFO - Running <TaskInstance: Mercado_1m.get_1m_info scheduled__2024-07-25T11:14:00+00:00 [running]> on host Galaxybook.
[2024-07-25T09:58:43.986-0300] {taskinstance.py:2648} INFO - Exporting env vars: AIRFLOW_CTX_DAG_OWNER='airflow' AIRFLOW_CTX_DAG_ID='Mercado_1m' AIRFLOW_CTX_TASK_ID='get_1m_info' AIRFLOW_CTX_EXECUTION_DATE='2024-07-25T11:14:00+00:00' AIRFLOW_CTX_TRY_NUMBER='1' AIRFLOW_CTX_DAG_RUN_ID='scheduled__2024-07-25T11:14:00+00:00'
[2024-07-25T09:58:43.987-0300] {taskinstance.py:430} INFO - ::endgroup::
[2024-07-25T09:58:44.064-0300] {base.py:84} INFO - Using connection ID 'mercado_default' for task execution.
[2024-07-25T09:58:44.064-0300] {mercado_hook.py:26} INFO - BASE URL: https://api.mercadobitcoin.net/api/v4
[2024-07-25T09:58:44.064-0300] {mercado_hook.py:32} INFO - URL: https://api.mercadobitcoin.net/api/v4/candles?symbol=BTC-BRL&resolution=1m&to=1721912263&from=1721912323
[2024-07-25T09:58:44.331-0300] {python.py:237} INFO - Done. Returned value was: None
[2024-07-25T09:58:44.332-0300] {taskinstance.py:441} INFO - ::group::Post task execution logs
[2024-07-25T09:58:44.334-0300] {taskinstance.py:1206} INFO - Marking task as SUCCESS. dag_id=Mercado_1m, task_id=get_1m_info, run_id=scheduled__2024-07-25T11:14:00+00:00, execution_date=20240725T111400, start_date=20240725T125843, end_date=20240725T125844
[2024-07-25T09:58:44.363-0300] {local_task_job_runner.py:243} INFO - Task exited with return code 0
[2024-07-25T09:58:44.371-0300] {taskinstance.py:3503} INFO - 0 downstream tasks scheduled from follow-on schedule check
[2024-07-25T09:58:44.372-0300] {local_task_job_runner.py:222} INFO - ::endgroup::
[2024-07-25T10:58:24.546-0300] {local_task_job_runner.py:120} INFO - ::group::Pre task execution logs
[2024-07-25T10:58:24.553-0300] {taskinstance.py:2076} INFO - Dependencies all met for dep_context=non-requeueable deps ti=<TaskInstance: Mercado_1m.get_1m_info scheduled__2024-07-25T11:14:00+00:00 [queued]>
[2024-07-25T10:58:24.556-0300] {taskinstance.py:2076} INFO - Dependencies all met for dep_context=requeueable deps ti=<TaskInstance: Mercado_1m.get_1m_info scheduled__2024-07-25T11:14:00+00:00 [queued]>
[2024-07-25T10:58:24.557-0300] {taskinstance.py:2306} INFO - Starting attempt 1 of 1
[2024-07-25T10:58:24.572-0300] {taskinstance.py:2330} INFO - Executing <Task(PythonOperator): get_1m_info> on 2024-07-25 11:14:00+00:00
[2024-07-25T10:58:24.574-0300] {standard_task_runner.py:64} INFO - Started process 2480081 to run task
[2024-07-25T10:58:24.576-0300] {standard_task_runner.py:90} INFO - Running: ['airflow', 'tasks', 'run', 'Mercado_1m', 'get_1m_info', 'scheduled__2024-07-25T11:14:00+00:00', '--job-id', '1848', '--raw', '--subdir', 'DAGS_FOLDER/mercado_dag.py', '--cfg-path', '/tmp/tmp3utsc7j6']
[2024-07-25T10:58:24.577-0300] {standard_task_runner.py:91} INFO - Job 1848: Subtask get_1m_info
[2024-07-25T10:58:24.606-0300] {task_command.py:426} INFO - Running <TaskInstance: Mercado_1m.get_1m_info scheduled__2024-07-25T11:14:00+00:00 [running]> on host Galaxybook.
[2024-07-25T10:58:24.658-0300] {taskinstance.py:2648} INFO - Exporting env vars: AIRFLOW_CTX_DAG_OWNER='airflow' AIRFLOW_CTX_DAG_ID='Mercado_1m' AIRFLOW_CTX_TASK_ID='get_1m_info' AIRFLOW_CTX_EXECUTION_DATE='2024-07-25T11:14:00+00:00' AIRFLOW_CTX_TRY_NUMBER='1' AIRFLOW_CTX_DAG_RUN_ID='scheduled__2024-07-25T11:14:00+00:00'
[2024-07-25T10:58:24.659-0300] {taskinstance.py:430} INFO - ::endgroup::
[2024-07-25T10:58:24.733-0300] {base.py:84} INFO - Using connection ID 'mercado_default' for task execution.
[2024-07-25T10:58:24.733-0300] {mercado_hook.py:31} INFO - URL: https://api.mercadobitcoin.net/api/v4/candles?symbol=BTC-BRL&resolution=1m&to=1721915904667&countback=1
[2024-07-25T10:58:25.002-0300] {python.py:237} INFO - Done. Returned value was: None
[2024-07-25T10:58:25.003-0300] {taskinstance.py:441} INFO - ::group::Post task execution logs
[2024-07-25T10:58:25.005-0300] {taskinstance.py:1206} INFO - Marking task as SUCCESS. dag_id=Mercado_1m, task_id=get_1m_info, run_id=scheduled__2024-07-25T11:14:00+00:00, execution_date=20240725T111400, start_date=20240725T135824, end_date=20240725T135825
[2024-07-25T10:58:25.036-0300] {local_task_job_runner.py:243} INFO - Task exited with return code 0
[2024-07-25T10:58:25.042-0300] {taskinstance.py:3503} INFO - 0 downstream tasks scheduled from follow-on schedule check
[2024-07-25T10:58:25.042-0300] {local_task_job_runner.py:222} INFO - ::endgroup::
