[2024-07-25T14:56:44.116-0300] {local_task_job_runner.py:120} INFO - ::group::Pre task execution logs
[2024-07-25T14:56:44.120-0300] {taskinstance.py:2076} INFO - Dependencies all met for dep_context=non-requeueable deps ti=<TaskInstance: Mercado_5m.get_5m_info scheduled__2024-07-25T04:20:00+00:00 [queued]>
[2024-07-25T14:56:44.124-0300] {taskinstance.py:2076} INFO - Dependencies all met for dep_context=requeueable deps ti=<TaskInstance: Mercado_5m.get_5m_info scheduled__2024-07-25T04:20:00+00:00 [queued]>
[2024-07-25T14:56:44.124-0300] {taskinstance.py:2306} INFO - Starting attempt 1 of 1
[2024-07-25T14:56:44.138-0300] {taskinstance.py:2330} INFO - Executing <Task(PythonOperator): get_5m_info> on 2024-07-25 04:20:00+00:00
[2024-07-25T14:56:44.140-0300] {standard_task_runner.py:64} INFO - Started process 2616187 to run task
[2024-07-25T14:56:44.143-0300] {standard_task_runner.py:90} INFO - Running: ['airflow', 'tasks', 'run', 'Mercado_5m', 'get_5m_info', 'scheduled__2024-07-25T04:20:00+00:00', '--job-id', '2363', '--raw', '--subdir', 'DAGS_FOLDER/mercado_dag.py', '--cfg-path', '/tmp/tmpmd_l41ix']
[2024-07-25T14:56:44.144-0300] {standard_task_runner.py:91} INFO - Job 2363: Subtask get_5m_info
[2024-07-25T14:56:44.172-0300] {task_command.py:426} INFO - Running <TaskInstance: Mercado_5m.get_5m_info scheduled__2024-07-25T04:20:00+00:00 [running]> on host Galaxybook.
[2024-07-25T14:56:44.228-0300] {taskinstance.py:2648} INFO - Exporting env vars: AIRFLOW_CTX_DAG_OWNER='airflow' AIRFLOW_CTX_DAG_ID='Mercado_5m' AIRFLOW_CTX_TASK_ID='get_5m_info' AIRFLOW_CTX_EXECUTION_DATE='2024-07-25T04:20:00+00:00' AIRFLOW_CTX_TRY_NUMBER='1' AIRFLOW_CTX_DAG_RUN_ID='scheduled__2024-07-25T04:20:00+00:00'
[2024-07-25T14:56:44.229-0300] {taskinstance.py:430} INFO - ::endgroup::
[2024-07-25T14:56:44.299-0300] {base.py:84} INFO - Using connection ID 'mercado_default' for task execution.
[2024-07-25T14:56:44.299-0300] {mercado_hook.py:31} INFO - URL: https://api.mercadobitcoin.net/api/v4/candles?symbol=BTC-BRL&resolution=5m&to=1721892300&from=1721892000
[2024-07-25T14:56:44.561-0300] {python.py:237} INFO - Done. Returned value was: None
[2024-07-25T14:56:44.562-0300] {taskinstance.py:441} INFO - ::group::Post task execution logs
[2024-07-25T14:56:44.564-0300] {taskinstance.py:1206} INFO - Marking task as SUCCESS. dag_id=Mercado_5m, task_id=get_5m_info, run_id=scheduled__2024-07-25T04:20:00+00:00, execution_date=20240725T042000, start_date=20240725T175644, end_date=20240725T175644
[2024-07-25T14:56:44.601-0300] {local_task_job_runner.py:243} INFO - Task exited with return code 0
[2024-07-25T14:56:44.608-0300] {taskinstance.py:3503} INFO - 0 downstream tasks scheduled from follow-on schedule check
[2024-07-25T14:56:44.608-0300] {local_task_job_runner.py:222} INFO - ::endgroup::
[2024-07-25T16:21:16.167-0300] {local_task_job_runner.py:120} INFO - ::group::Pre task execution logs
[2024-07-25T16:21:16.175-0300] {taskinstance.py:2076} INFO - Dependencies all met for dep_context=non-requeueable deps ti=<TaskInstance: Mercado_5m.get_5m_info scheduled__2024-07-25T04:20:00+00:00 [queued]>
[2024-07-25T16:21:16.179-0300] {taskinstance.py:2076} INFO - Dependencies all met for dep_context=requeueable deps ti=<TaskInstance: Mercado_5m.get_5m_info scheduled__2024-07-25T04:20:00+00:00 [queued]>
[2024-07-25T16:21:16.179-0300] {taskinstance.py:2306} INFO - Starting attempt 1 of 1
[2024-07-25T16:21:16.196-0300] {taskinstance.py:2330} INFO - Executing <Task(PythonOperator): get_5m_info> on 2024-07-25 04:20:00+00:00
[2024-07-25T16:21:16.198-0300] {standard_task_runner.py:64} INFO - Started process 2664300 to run task
[2024-07-25T16:21:16.200-0300] {standard_task_runner.py:90} INFO - Running: ['airflow', 'tasks', 'run', 'Mercado_5m', 'get_5m_info', 'scheduled__2024-07-25T04:20:00+00:00', '--job-id', '2315', '--raw', '--subdir', 'DAGS_FOLDER/mercado_dag.py', '--cfg-path', '/tmp/tmp3jtyvyok']
[2024-07-25T16:21:16.201-0300] {standard_task_runner.py:91} INFO - Job 2315: Subtask get_5m_info
[2024-07-25T16:21:16.233-0300] {task_command.py:426} INFO - Running <TaskInstance: Mercado_5m.get_5m_info scheduled__2024-07-25T04:20:00+00:00 [running]> on host Galaxybook.
[2024-07-25T16:21:16.293-0300] {taskinstance.py:2648} INFO - Exporting env vars: AIRFLOW_CTX_DAG_OWNER='airflow' AIRFLOW_CTX_DAG_ID='Mercado_5m' AIRFLOW_CTX_TASK_ID='get_5m_info' AIRFLOW_CTX_EXECUTION_DATE='2024-07-25T04:20:00+00:00' AIRFLOW_CTX_TRY_NUMBER='1' AIRFLOW_CTX_DAG_RUN_ID='scheduled__2024-07-25T04:20:00+00:00'
[2024-07-25T16:21:16.294-0300] {taskinstance.py:430} INFO - ::endgroup::
[2024-07-25T16:21:16.303-0300] {mercado_dag.py:22} INFO - To: 2024-07-25 04:25:00+00:00
[2024-07-25T16:21:16.303-0300] {mercado_dag.py:23} INFO - From: 2024-07-25 04:20:00+00:00
[2024-07-25T16:21:16.304-0300] {mercado_dag.py:24} INFO - To timestamp: 1721881500 
[2024-07-25T16:21:16.304-0300] {mercado_dag.py:25} INFO - From timestamp: 1721881200 
[2024-07-25T16:21:16.372-0300] {base.py:84} INFO - Using connection ID 'mercado_default' for task execution.
[2024-07-25T16:21:16.373-0300] {mercado_hook.py:31} INFO - URL: https://api.mercadobitcoin.net/api/v4/candles?symbol=BTC-BRL&resolution=5m&to=1721881500&from=1721881200
[2024-07-25T16:21:16.660-0300] {python.py:237} INFO - Done. Returned value was: None
[2024-07-25T16:21:16.661-0300] {taskinstance.py:441} INFO - ::group::Post task execution logs
[2024-07-25T16:21:16.663-0300] {taskinstance.py:1206} INFO - Marking task as SUCCESS. dag_id=Mercado_5m, task_id=get_5m_info, run_id=scheduled__2024-07-25T04:20:00+00:00, execution_date=20240725T042000, start_date=20240725T192116, end_date=20240725T192116
[2024-07-25T16:21:16.701-0300] {local_task_job_runner.py:243} INFO - Task exited with return code 0
[2024-07-25T16:21:16.709-0300] {taskinstance.py:3503} INFO - 0 downstream tasks scheduled from follow-on schedule check
[2024-07-25T16:21:16.709-0300] {local_task_job_runner.py:222} INFO - ::endgroup::
