[2024-07-25T14:51:46.884-0300] {local_task_job_runner.py:120} INFO - ::group::Pre task execution logs
[2024-07-25T14:51:46.890-0300] {taskinstance.py:2076} INFO - Dependencies all met for dep_context=non-requeueable deps ti=<TaskInstance: Binance_5m.get_5m_info scheduled__2024-07-25T10:55:00+00:00 [queued]>
[2024-07-25T14:51:46.897-0300] {taskinstance.py:2076} INFO - Dependencies all met for dep_context=requeueable deps ti=<TaskInstance: Binance_5m.get_5m_info scheduled__2024-07-25T10:55:00+00:00 [queued]>
[2024-07-25T14:51:46.897-0300] {taskinstance.py:2306} INFO - Starting attempt 1 of 1
[2024-07-25T14:51:46.917-0300] {taskinstance.py:2330} INFO - Executing <Task(PythonOperator): get_5m_info> on 2024-07-25 10:55:00+00:00
[2024-07-25T14:51:46.919-0300] {standard_task_runner.py:64} INFO - Started process 2611165 to run task
[2024-07-25T14:51:46.922-0300] {standard_task_runner.py:90} INFO - Running: ['airflow', 'tasks', 'run', 'Binance_5m', 'get_5m_info', 'scheduled__2024-07-25T10:55:00+00:00', '--job-id', '2223', '--raw', '--subdir', 'DAGS_FOLDER/binance_dag.py', '--cfg-path', '/tmp/tmpfdo28asb']
[2024-07-25T14:51:46.923-0300] {standard_task_runner.py:91} INFO - Job 2223: Subtask get_5m_info
[2024-07-25T14:51:46.968-0300] {task_command.py:426} INFO - Running <TaskInstance: Binance_5m.get_5m_info scheduled__2024-07-25T10:55:00+00:00 [running]> on host Galaxybook.
[2024-07-25T14:51:47.033-0300] {taskinstance.py:2648} INFO - Exporting env vars: AIRFLOW_CTX_DAG_OWNER='airflow' AIRFLOW_CTX_DAG_ID='Binance_5m' AIRFLOW_CTX_TASK_ID='get_5m_info' AIRFLOW_CTX_EXECUTION_DATE='2024-07-25T10:55:00+00:00' AIRFLOW_CTX_TRY_NUMBER='1' AIRFLOW_CTX_DAG_RUN_ID='scheduled__2024-07-25T10:55:00+00:00'
[2024-07-25T14:51:47.033-0300] {taskinstance.py:430} INFO - ::endgroup::
[2024-07-25T14:51:47.043-0300] {binance_dag.py:23} INFO - End Time: 2024-07-25T11:00:00.00Z
[2024-07-25T14:51:47.043-0300] {binance_dag.py:24} INFO - Start Time: 2024-07-25T10:55:00.00Z
[2024-07-25T14:51:47.120-0300] {base.py:84} INFO - Using connection ID 'binance_default' for task execution.
[2024-07-25T14:51:47.121-0300] {logging_mixin.py:188} INFO - https://api.binance.com
[2024-07-25T14:51:47.122-0300] {binance_hook.py:35} INFO - URL: https://api.binance.com/api/v3/klines?symbol=BTCBRL&interval=5m&startTime=1721915700000&endTime=1721915999999
[2024-07-25T14:51:47.517-0300] {binance_dag.py:43} INFO - r: [[1721915700000, '363105.00000000', '363894.00000000', '362180.00000000', '363890.00000000', '2.40366000', 1721915999999, '872619.57543000', 265, '0.97638000', '354453.51722000', '0']]
[2024-07-25T14:51:47.519-0300] {python.py:237} INFO - Done. Returned value was: None
[2024-07-25T14:51:47.519-0300] {taskinstance.py:441} INFO - ::group::Post task execution logs
[2024-07-25T14:51:47.522-0300] {taskinstance.py:1206} INFO - Marking task as SUCCESS. dag_id=Binance_5m, task_id=get_5m_info, run_id=scheduled__2024-07-25T10:55:00+00:00, execution_date=20240725T105500, start_date=20240725T175146, end_date=20240725T175147
[2024-07-25T14:51:47.541-0300] {local_task_job_runner.py:243} INFO - Task exited with return code 0
[2024-07-25T14:51:47.547-0300] {taskinstance.py:3503} INFO - 0 downstream tasks scheduled from follow-on schedule check
[2024-07-25T14:51:47.547-0300] {local_task_job_runner.py:222} INFO - ::endgroup::
[2024-07-25T15:21:44.986-0300] {local_task_job_runner.py:120} INFO - ::group::Pre task execution logs
[2024-07-25T15:21:44.992-0300] {taskinstance.py:2076} INFO - Dependencies all met for dep_context=non-requeueable deps ti=<TaskInstance: Binance_5m.get_5m_info scheduled__2024-07-25T10:55:00+00:00 [queued]>
[2024-07-25T15:21:44.996-0300] {taskinstance.py:2076} INFO - Dependencies all met for dep_context=requeueable deps ti=<TaskInstance: Binance_5m.get_5m_info scheduled__2024-07-25T10:55:00+00:00 [queued]>
[2024-07-25T15:21:44.996-0300] {taskinstance.py:2306} INFO - Starting attempt 1 of 1
[2024-07-25T15:21:45.009-0300] {taskinstance.py:2330} INFO - Executing <Task(PythonOperator): get_5m_info> on 2024-07-25 10:55:00+00:00
[2024-07-25T15:21:45.011-0300] {standard_task_runner.py:64} INFO - Started process 2633469 to run task
[2024-07-25T15:21:45.013-0300] {standard_task_runner.py:90} INFO - Running: ['airflow', 'tasks', 'run', 'Binance_5m', 'get_5m_info', 'scheduled__2024-07-25T10:55:00+00:00', '--job-id', '2666', '--raw', '--subdir', 'DAGS_FOLDER/binance_dag.py', '--cfg-path', '/tmp/tmprncj838n']
[2024-07-25T15:21:45.014-0300] {standard_task_runner.py:91} INFO - Job 2666: Subtask get_5m_info
[2024-07-25T15:21:45.043-0300] {task_command.py:426} INFO - Running <TaskInstance: Binance_5m.get_5m_info scheduled__2024-07-25T10:55:00+00:00 [running]> on host Galaxybook.
[2024-07-25T15:21:45.099-0300] {taskinstance.py:2648} INFO - Exporting env vars: AIRFLOW_CTX_DAG_OWNER='airflow' AIRFLOW_CTX_DAG_ID='Binance_5m' AIRFLOW_CTX_TASK_ID='get_5m_info' AIRFLOW_CTX_EXECUTION_DATE='2024-07-25T10:55:00+00:00' AIRFLOW_CTX_TRY_NUMBER='1' AIRFLOW_CTX_DAG_RUN_ID='scheduled__2024-07-25T10:55:00+00:00'
[2024-07-25T15:21:45.099-0300] {taskinstance.py:430} INFO - ::endgroup::
[2024-07-25T15:21:45.108-0300] {binance_dag.py:23} INFO - End Time: 2024-07-25T11:00:00.00Z
[2024-07-25T15:21:45.108-0300] {binance_dag.py:24} INFO - Start Time: 2024-07-25T10:55:00.00Z
[2024-07-25T15:21:45.160-0300] {binance_dag.py:25} INFO - 1721915700000
[2024-07-25T15:21:45.162-0300] {base.py:84} INFO - Using connection ID 'binance_default' for task execution.
[2024-07-25T15:21:45.163-0300] {logging_mixin.py:188} INFO - https://api.binance.com
[2024-07-25T15:21:45.163-0300] {binance_hook.py:35} INFO - URL: https://api.binance.com/api/v3/klines?symbol=BTCBRL&interval=5m&startTime=1721915700000&endTime=1721915999999
[2024-07-25T15:21:45.563-0300] {python.py:237} INFO - Done. Returned value was: None
[2024-07-25T15:21:45.564-0300] {taskinstance.py:441} INFO - ::group::Post task execution logs
[2024-07-25T15:21:45.566-0300] {taskinstance.py:1206} INFO - Marking task as SUCCESS. dag_id=Binance_5m, task_id=get_5m_info, run_id=scheduled__2024-07-25T10:55:00+00:00, execution_date=20240725T105500, start_date=20240725T182144, end_date=20240725T182145
[2024-07-25T15:21:45.597-0300] {local_task_job_runner.py:243} INFO - Task exited with return code 0
[2024-07-25T15:21:45.604-0300] {taskinstance.py:3503} INFO - 0 downstream tasks scheduled from follow-on schedule check
[2024-07-25T15:21:45.605-0300] {local_task_job_runner.py:222} INFO - ::endgroup::
[2024-07-25T16:18:56.313-0300] {local_task_job_runner.py:120} INFO - ::group::Pre task execution logs
[2024-07-25T16:18:56.320-0300] {taskinstance.py:2076} INFO - Dependencies all met for dep_context=non-requeueable deps ti=<TaskInstance: Binance_5m.get_5m_info scheduled__2024-07-25T10:55:00+00:00 [queued]>
[2024-07-25T16:18:56.324-0300] {taskinstance.py:2076} INFO - Dependencies all met for dep_context=requeueable deps ti=<TaskInstance: Binance_5m.get_5m_info scheduled__2024-07-25T10:55:00+00:00 [queued]>
[2024-07-25T16:18:56.324-0300] {taskinstance.py:2306} INFO - Starting attempt 1 of 1
[2024-07-25T16:18:56.340-0300] {taskinstance.py:2330} INFO - Executing <Task(PythonOperator): get_5m_info> on 2024-07-25 10:55:00+00:00
[2024-07-25T16:18:56.343-0300] {standard_task_runner.py:64} INFO - Started process 2661912 to run task
[2024-07-25T16:18:56.345-0300] {standard_task_runner.py:90} INFO - Running: ['airflow', 'tasks', 'run', 'Binance_5m', 'get_5m_info', 'scheduled__2024-07-25T10:55:00+00:00', '--job-id', '2243', '--raw', '--subdir', 'DAGS_FOLDER/binance_dag.py', '--cfg-path', '/tmp/tmpc_pnkbvi']
[2024-07-25T16:18:56.346-0300] {standard_task_runner.py:91} INFO - Job 2243: Subtask get_5m_info
[2024-07-25T16:18:56.380-0300] {task_command.py:426} INFO - Running <TaskInstance: Binance_5m.get_5m_info scheduled__2024-07-25T10:55:00+00:00 [running]> on host Galaxybook.
[2024-07-25T16:18:56.434-0300] {taskinstance.py:2648} INFO - Exporting env vars: AIRFLOW_CTX_DAG_OWNER='airflow' AIRFLOW_CTX_DAG_ID='Binance_5m' AIRFLOW_CTX_TASK_ID='get_5m_info' AIRFLOW_CTX_EXECUTION_DATE='2024-07-25T10:55:00+00:00' AIRFLOW_CTX_TRY_NUMBER='1' AIRFLOW_CTX_DAG_RUN_ID='scheduled__2024-07-25T10:55:00+00:00'
[2024-07-25T16:18:56.435-0300] {taskinstance.py:430} INFO - ::endgroup::
[2024-07-25T16:18:56.443-0300] {binance_dag.py:22} INFO - End Time: 2024-07-25 11:00:00+00:00
[2024-07-25T16:18:56.443-0300] {binance_dag.py:23} INFO - Start Time: 2024-07-25 10:55:00+00:00
[2024-07-25T16:18:56.444-0300] {binance_dag.py:24} INFO - Start timestamp: 1721904900000
[2024-07-25T16:18:56.444-0300] {binance_dag.py:25} INFO - End timestamp: 1721905200000
[2024-07-25T16:18:56.511-0300] {base.py:84} INFO - Using connection ID 'binance_default' for task execution.
[2024-07-25T16:18:56.512-0300] {logging_mixin.py:188} INFO - https://api.binance.com
[2024-07-25T16:18:56.512-0300] {binance_hook.py:35} INFO - URL: https://api.binance.com/api/v3/klines?symbol=BTCBRL&interval=5m&startTime=1721904900000&endTime=1721905199999&timeZone=-3
[2024-07-25T16:18:56.941-0300] {python.py:237} INFO - Done. Returned value was: None
[2024-07-25T16:18:56.941-0300] {taskinstance.py:441} INFO - ::group::Post task execution logs
[2024-07-25T16:18:56.944-0300] {taskinstance.py:1206} INFO - Marking task as SUCCESS. dag_id=Binance_5m, task_id=get_5m_info, run_id=scheduled__2024-07-25T10:55:00+00:00, execution_date=20240725T105500, start_date=20240725T191856, end_date=20240725T191856
[2024-07-25T16:18:56.963-0300] {local_task_job_runner.py:243} INFO - Task exited with return code 0
[2024-07-25T16:18:56.971-0300] {taskinstance.py:3503} INFO - 0 downstream tasks scheduled from follow-on schedule check
[2024-07-25T16:18:56.972-0300] {local_task_job_runner.py:222} INFO - ::endgroup::
