[2024-07-25T14:39:45.157-0300] {local_task_job_runner.py:120} INFO - ::group::Pre task execution logs
[2024-07-25T14:39:45.168-0300] {taskinstance.py:2076} INFO - Dependencies all met for dep_context=non-requeueable deps ti=<TaskInstance: Binance_5m.get_5m_info scheduled__2024-07-24T23:40:00+00:00 [queued]>
[2024-07-25T14:39:45.174-0300] {taskinstance.py:2076} INFO - Dependencies all met for dep_context=requeueable deps ti=<TaskInstance: Binance_5m.get_5m_info scheduled__2024-07-24T23:40:00+00:00 [queued]>
[2024-07-25T14:39:45.174-0300] {taskinstance.py:2306} INFO - Starting attempt 1 of 1
[2024-07-25T14:39:45.190-0300] {taskinstance.py:2330} INFO - Executing <Task(PythonOperator): get_5m_info> on 2024-07-24 23:40:00+00:00
[2024-07-25T14:39:45.192-0300] {standard_task_runner.py:64} INFO - Started process 2601080 to run task
[2024-07-25T14:39:45.194-0300] {standard_task_runner.py:90} INFO - Running: ['airflow', 'tasks', 'run', 'Binance_5m', 'get_5m_info', 'scheduled__2024-07-24T23:40:00+00:00', '--job-id', '2082', '--raw', '--subdir', 'DAGS_FOLDER/binance_dag.py', '--cfg-path', '/tmp/tmp4g2630au']
[2024-07-25T14:39:45.195-0300] {standard_task_runner.py:91} INFO - Job 2082: Subtask get_5m_info
[2024-07-25T14:39:45.226-0300] {task_command.py:426} INFO - Running <TaskInstance: Binance_5m.get_5m_info scheduled__2024-07-24T23:40:00+00:00 [running]> on host Galaxybook.
[2024-07-25T14:39:45.291-0300] {taskinstance.py:2648} INFO - Exporting env vars: AIRFLOW_CTX_DAG_OWNER='airflow' AIRFLOW_CTX_DAG_ID='Binance_5m' AIRFLOW_CTX_TASK_ID='get_5m_info' AIRFLOW_CTX_EXECUTION_DATE='2024-07-24T23:40:00+00:00' AIRFLOW_CTX_TRY_NUMBER='1' AIRFLOW_CTX_DAG_RUN_ID='scheduled__2024-07-24T23:40:00+00:00'
[2024-07-25T14:39:45.291-0300] {taskinstance.py:430} INFO - ::endgroup::
[2024-07-25T14:39:45.300-0300] {binance_dag.py:23} INFO - End Time: 2024-07-24T23:45:00.00Z
[2024-07-25T14:39:45.306-0300] {base.py:84} INFO - Using connection ID 'binance_default' for task execution.
[2024-07-25T14:39:45.307-0300] {logging_mixin.py:188} INFO - https://api.binance.com
[2024-07-25T14:39:45.308-0300] {binance_hook.py:35} INFO - URL: https://api.binance.com/api/v3/klines?symbol=BTCBRL&interval=5m&startTime=1721875200000&endTime=1721875500000
[2024-07-25T14:39:46.893-0300] {binance_dag.py:42} INFO - r: [[1721875200000, '364998.00000000', '365060.00000000', '364266.00000000', '364266.00000000', '0.56194000', 1721875499999, '205002.09568000', 50, '0.06976000', '25449.93392000', '0'], [1721875500000, '364164.00000000', '364499.00000000', '363308.00000000', '363771.00000000', '0.46576000', 1721875799999, '169433.54977000', 118, '0.11846000', '43110.16299000', '0']]
[2024-07-25T14:39:46.894-0300] {python.py:237} INFO - Done. Returned value was: None
[2024-07-25T14:39:46.894-0300] {taskinstance.py:441} INFO - ::group::Post task execution logs
[2024-07-25T14:39:46.896-0300] {taskinstance.py:1206} INFO - Marking task as SUCCESS. dag_id=Binance_5m, task_id=get_5m_info, run_id=scheduled__2024-07-24T23:40:00+00:00, execution_date=20240724T234000, start_date=20240725T173945, end_date=20240725T173946
[2024-07-25T14:39:46.913-0300] {local_task_job_runner.py:243} INFO - Task exited with return code 0
[2024-07-25T14:39:46.919-0300] {taskinstance.py:3503} INFO - 0 downstream tasks scheduled from follow-on schedule check
[2024-07-25T14:39:46.919-0300] {local_task_job_runner.py:222} INFO - ::endgroup::
[2024-07-25T14:42:13.365-0300] {local_task_job_runner.py:120} INFO - ::group::Pre task execution logs
[2024-07-25T14:42:13.370-0300] {taskinstance.py:2076} INFO - Dependencies all met for dep_context=non-requeueable deps ti=<TaskInstance: Binance_5m.get_5m_info scheduled__2024-07-24T23:40:00+00:00 [queued]>
[2024-07-25T14:42:13.373-0300] {taskinstance.py:2076} INFO - Dependencies all met for dep_context=requeueable deps ti=<TaskInstance: Binance_5m.get_5m_info scheduled__2024-07-24T23:40:00+00:00 [queued]>
[2024-07-25T14:42:13.373-0300] {taskinstance.py:2306} INFO - Starting attempt 1 of 1
[2024-07-25T14:42:13.387-0300] {taskinstance.py:2330} INFO - Executing <Task(PythonOperator): get_5m_info> on 2024-07-24 23:40:00+00:00
[2024-07-25T14:42:13.389-0300] {standard_task_runner.py:64} INFO - Started process 2602909 to run task
[2024-07-25T14:42:13.391-0300] {standard_task_runner.py:90} INFO - Running: ['airflow', 'tasks', 'run', 'Binance_5m', 'get_5m_info', 'scheduled__2024-07-24T23:40:00+00:00', '--job-id', '2082', '--raw', '--subdir', 'DAGS_FOLDER/binance_dag.py', '--cfg-path', '/tmp/tmpj56p5hnk']
[2024-07-25T14:42:13.393-0300] {standard_task_runner.py:91} INFO - Job 2082: Subtask get_5m_info
[2024-07-25T14:42:13.422-0300] {task_command.py:426} INFO - Running <TaskInstance: Binance_5m.get_5m_info scheduled__2024-07-24T23:40:00+00:00 [running]> on host Galaxybook.
[2024-07-25T14:42:13.468-0300] {taskinstance.py:2648} INFO - Exporting env vars: AIRFLOW_CTX_DAG_OWNER='airflow' AIRFLOW_CTX_DAG_ID='Binance_5m' AIRFLOW_CTX_TASK_ID='get_5m_info' AIRFLOW_CTX_EXECUTION_DATE='2024-07-24T23:40:00+00:00' AIRFLOW_CTX_TRY_NUMBER='1' AIRFLOW_CTX_DAG_RUN_ID='scheduled__2024-07-24T23:40:00+00:00'
[2024-07-25T14:42:13.468-0300] {taskinstance.py:430} INFO - ::endgroup::
[2024-07-25T14:42:13.475-0300] {binance_dag.py:23} INFO - End Time: 2024-07-24T23:45:00.00Z
[2024-07-25T14:42:13.475-0300] {binance_dag.py:24} INFO - End Time: 2024-07-24T23:40:00.00Z
[2024-07-25T14:42:13.480-0300] {base.py:84} INFO - Using connection ID 'binance_default' for task execution.
[2024-07-25T14:42:13.480-0300] {logging_mixin.py:188} INFO - https://api.binance.com
[2024-07-25T14:42:13.482-0300] {binance_hook.py:35} INFO - URL: https://api.binance.com/api/v3/klines?symbol=BTCBRL&interval=5m&startTime=1721875200000&endTime=1721875500000
[2024-07-25T14:42:15.037-0300] {binance_dag.py:43} INFO - r: [[1721875200000, '364998.00000000', '365060.00000000', '364266.00000000', '364266.00000000', '0.56194000', 1721875499999, '205002.09568000', 50, '0.06976000', '25449.93392000', '0'], [1721875500000, '364164.00000000', '364499.00000000', '363308.00000000', '363771.00000000', '0.46576000', 1721875799999, '169433.54977000', 118, '0.11846000', '43110.16299000', '0']]
[2024-07-25T14:42:15.039-0300] {python.py:237} INFO - Done. Returned value was: None
[2024-07-25T14:42:15.040-0300] {taskinstance.py:441} INFO - ::group::Post task execution logs
[2024-07-25T14:42:15.043-0300] {taskinstance.py:1206} INFO - Marking task as SUCCESS. dag_id=Binance_5m, task_id=get_5m_info, run_id=scheduled__2024-07-24T23:40:00+00:00, execution_date=20240724T234000, start_date=20240725T174213, end_date=20240725T174215
[2024-07-25T14:42:15.077-0300] {local_task_job_runner.py:243} INFO - Task exited with return code 0
[2024-07-25T14:42:15.085-0300] {taskinstance.py:3503} INFO - 0 downstream tasks scheduled from follow-on schedule check
[2024-07-25T14:42:15.086-0300] {local_task_job_runner.py:222} INFO - ::endgroup::
[2024-07-25T14:45:23.054-0300] {local_task_job_runner.py:120} INFO - ::group::Pre task execution logs
[2024-07-25T14:45:23.059-0300] {taskinstance.py:2076} INFO - Dependencies all met for dep_context=non-requeueable deps ti=<TaskInstance: Binance_5m.get_5m_info scheduled__2024-07-24T23:40:00+00:00 [queued]>
[2024-07-25T14:45:23.063-0300] {taskinstance.py:2076} INFO - Dependencies all met for dep_context=requeueable deps ti=<TaskInstance: Binance_5m.get_5m_info scheduled__2024-07-24T23:40:00+00:00 [queued]>
[2024-07-25T14:45:23.063-0300] {taskinstance.py:2306} INFO - Starting attempt 1 of 1
[2024-07-25T14:45:23.075-0300] {taskinstance.py:2330} INFO - Executing <Task(PythonOperator): get_5m_info> on 2024-07-24 23:40:00+00:00
[2024-07-25T14:45:23.077-0300] {standard_task_runner.py:64} INFO - Started process 2604784 to run task
[2024-07-25T14:45:23.079-0300] {standard_task_runner.py:90} INFO - Running: ['airflow', 'tasks', 'run', 'Binance_5m', 'get_5m_info', 'scheduled__2024-07-24T23:40:00+00:00', '--job-id', '2082', '--raw', '--subdir', 'DAGS_FOLDER/binance_dag.py', '--cfg-path', '/tmp/tmp_pqd65xe']
[2024-07-25T14:45:23.080-0300] {standard_task_runner.py:91} INFO - Job 2082: Subtask get_5m_info
[2024-07-25T14:45:23.110-0300] {task_command.py:426} INFO - Running <TaskInstance: Binance_5m.get_5m_info scheduled__2024-07-24T23:40:00+00:00 [running]> on host Galaxybook.
[2024-07-25T14:45:23.155-0300] {taskinstance.py:2648} INFO - Exporting env vars: AIRFLOW_CTX_DAG_OWNER='airflow' AIRFLOW_CTX_DAG_ID='Binance_5m' AIRFLOW_CTX_TASK_ID='get_5m_info' AIRFLOW_CTX_EXECUTION_DATE='2024-07-24T23:40:00+00:00' AIRFLOW_CTX_TRY_NUMBER='1' AIRFLOW_CTX_DAG_RUN_ID='scheduled__2024-07-24T23:40:00+00:00'
[2024-07-25T14:45:23.155-0300] {taskinstance.py:430} INFO - ::endgroup::
[2024-07-25T14:45:23.162-0300] {binance_dag.py:23} INFO - End Time: 2024-07-24T23:45:00.00Z
[2024-07-25T14:45:23.162-0300] {binance_dag.py:24} INFO - Start Time: 2024-07-24T23:40:00.00Z
[2024-07-25T14:45:23.167-0300] {base.py:84} INFO - Using connection ID 'binance_default' for task execution.
[2024-07-25T14:45:23.167-0300] {logging_mixin.py:188} INFO - https://api.binance.com
[2024-07-25T14:45:23.168-0300] {binance_hook.py:35} INFO - URL: https://api.binance.com/api/v3/klines?symbol=BTCBRL&interval=5m&startTime=1721875200000&endTime=1721875499999
[2024-07-25T14:45:23.646-0300] {binance_dag.py:43} INFO - r: [[1721875200000, '364998.00000000', '365060.00000000', '364266.00000000', '364266.00000000', '0.56194000', 1721875499999, '205002.09568000', 50, '0.06976000', '25449.93392000', '0']]
[2024-07-25T14:45:23.647-0300] {python.py:237} INFO - Done. Returned value was: None
[2024-07-25T14:45:23.647-0300] {taskinstance.py:441} INFO - ::group::Post task execution logs
[2024-07-25T14:45:23.650-0300] {taskinstance.py:1206} INFO - Marking task as SUCCESS. dag_id=Binance_5m, task_id=get_5m_info, run_id=scheduled__2024-07-24T23:40:00+00:00, execution_date=20240724T234000, start_date=20240725T174523, end_date=20240725T174523
[2024-07-25T14:45:23.701-0300] {local_task_job_runner.py:243} INFO - Task exited with return code 0
[2024-07-25T14:45:23.708-0300] {taskinstance.py:3503} INFO - 0 downstream tasks scheduled from follow-on schedule check
[2024-07-25T14:45:23.709-0300] {local_task_job_runner.py:222} INFO - ::endgroup::
[2024-07-25T14:46:30.562-0300] {local_task_job_runner.py:120} INFO - ::group::Pre task execution logs
[2024-07-25T14:46:30.568-0300] {taskinstance.py:2076} INFO - Dependencies all met for dep_context=non-requeueable deps ti=<TaskInstance: Binance_5m.get_5m_info scheduled__2024-07-24T23:40:00+00:00 [queued]>
[2024-07-25T14:46:30.572-0300] {taskinstance.py:2076} INFO - Dependencies all met for dep_context=requeueable deps ti=<TaskInstance: Binance_5m.get_5m_info scheduled__2024-07-24T23:40:00+00:00 [queued]>
[2024-07-25T14:46:30.572-0300] {taskinstance.py:2306} INFO - Starting attempt 1 of 1
[2024-07-25T14:46:30.586-0300] {taskinstance.py:2330} INFO - Executing <Task(PythonOperator): get_5m_info> on 2024-07-24 23:40:00+00:00
[2024-07-25T14:46:30.588-0300] {standard_task_runner.py:64} INFO - Started process 2605861 to run task
[2024-07-25T14:46:30.590-0300] {standard_task_runner.py:90} INFO - Running: ['airflow', 'tasks', 'run', 'Binance_5m', 'get_5m_info', 'scheduled__2024-07-24T23:40:00+00:00', '--job-id', '2082', '--raw', '--subdir', 'DAGS_FOLDER/binance_dag.py', '--cfg-path', '/tmp/tmpa7qiz7em']
[2024-07-25T14:46:30.591-0300] {standard_task_runner.py:91} INFO - Job 2082: Subtask get_5m_info
[2024-07-25T14:46:30.617-0300] {task_command.py:426} INFO - Running <TaskInstance: Binance_5m.get_5m_info scheduled__2024-07-24T23:40:00+00:00 [running]> on host Galaxybook.
[2024-07-25T14:46:30.661-0300] {taskinstance.py:2648} INFO - Exporting env vars: AIRFLOW_CTX_DAG_OWNER='airflow' AIRFLOW_CTX_DAG_ID='Binance_5m' AIRFLOW_CTX_TASK_ID='get_5m_info' AIRFLOW_CTX_EXECUTION_DATE='2024-07-24T23:40:00+00:00' AIRFLOW_CTX_TRY_NUMBER='1' AIRFLOW_CTX_DAG_RUN_ID='scheduled__2024-07-24T23:40:00+00:00'
[2024-07-25T14:46:30.661-0300] {taskinstance.py:430} INFO - ::endgroup::
[2024-07-25T14:46:30.668-0300] {binance_dag.py:23} INFO - End Time: 2024-07-24T23:45:00.00Z
[2024-07-25T14:46:30.668-0300] {binance_dag.py:24} INFO - Start Time: 2024-07-24T23:40:00.00Z
[2024-07-25T14:46:30.674-0300] {base.py:84} INFO - Using connection ID 'binance_default' for task execution.
[2024-07-25T14:46:30.674-0300] {logging_mixin.py:188} INFO - https://api.binance.com
[2024-07-25T14:46:30.675-0300] {binance_hook.py:35} INFO - URL: https://api.binance.com/api/v3/klines?symbol=BTCBRL&interval=5m&startTime=1721875200000&endTime=1721875499999
[2024-07-25T14:46:31.213-0300] {binance_dag.py:43} INFO - r: [[1721875200000, '364998.00000000', '365060.00000000', '364266.00000000', '364266.00000000', '0.56194000', 1721875499999, '205002.09568000', 50, '0.06976000', '25449.93392000', '0']]
[2024-07-25T14:46:31.215-0300] {python.py:237} INFO - Done. Returned value was: None
[2024-07-25T14:46:31.216-0300] {taskinstance.py:441} INFO - ::group::Post task execution logs
[2024-07-25T14:46:31.220-0300] {taskinstance.py:1206} INFO - Marking task as SUCCESS. dag_id=Binance_5m, task_id=get_5m_info, run_id=scheduled__2024-07-24T23:40:00+00:00, execution_date=20240724T234000, start_date=20240725T174630, end_date=20240725T174631
[2024-07-25T14:46:31.258-0300] {local_task_job_runner.py:243} INFO - Task exited with return code 0
[2024-07-25T14:46:31.267-0300] {taskinstance.py:3503} INFO - 0 downstream tasks scheduled from follow-on schedule check
[2024-07-25T14:46:31.267-0300] {local_task_job_runner.py:222} INFO - ::endgroup::
[2024-07-25T15:16:38.234-0300] {local_task_job_runner.py:120} INFO - ::group::Pre task execution logs
[2024-07-25T15:16:38.242-0300] {taskinstance.py:2076} INFO - Dependencies all met for dep_context=non-requeueable deps ti=<TaskInstance: Binance_5m.get_5m_info scheduled__2024-07-24T23:40:00+00:00 [queued]>
[2024-07-25T15:16:38.245-0300] {taskinstance.py:2076} INFO - Dependencies all met for dep_context=requeueable deps ti=<TaskInstance: Binance_5m.get_5m_info scheduled__2024-07-24T23:40:00+00:00 [queued]>
[2024-07-25T15:16:38.245-0300] {taskinstance.py:2306} INFO - Starting attempt 1 of 1
[2024-07-25T15:16:38.258-0300] {taskinstance.py:2330} INFO - Executing <Task(PythonOperator): get_5m_info> on 2024-07-24 23:40:00+00:00
[2024-07-25T15:16:38.260-0300] {standard_task_runner.py:64} INFO - Started process 2628391 to run task
[2024-07-25T15:16:38.262-0300] {standard_task_runner.py:90} INFO - Running: ['airflow', 'tasks', 'run', 'Binance_5m', 'get_5m_info', 'scheduled__2024-07-24T23:40:00+00:00', '--job-id', '2531', '--raw', '--subdir', 'DAGS_FOLDER/binance_dag.py', '--cfg-path', '/tmp/tmp277szx1t']
[2024-07-25T15:16:38.263-0300] {standard_task_runner.py:91} INFO - Job 2531: Subtask get_5m_info
[2024-07-25T15:16:38.296-0300] {task_command.py:426} INFO - Running <TaskInstance: Binance_5m.get_5m_info scheduled__2024-07-24T23:40:00+00:00 [running]> on host Galaxybook.
[2024-07-25T15:16:38.359-0300] {taskinstance.py:2648} INFO - Exporting env vars: AIRFLOW_CTX_DAG_OWNER='airflow' AIRFLOW_CTX_DAG_ID='Binance_5m' AIRFLOW_CTX_TASK_ID='get_5m_info' AIRFLOW_CTX_EXECUTION_DATE='2024-07-24T23:40:00+00:00' AIRFLOW_CTX_TRY_NUMBER='1' AIRFLOW_CTX_DAG_RUN_ID='scheduled__2024-07-24T23:40:00+00:00'
[2024-07-25T15:16:38.359-0300] {taskinstance.py:430} INFO - ::endgroup::
[2024-07-25T15:16:38.368-0300] {binance_dag.py:25} INFO - End Time: 2024-07-24T23:45:00.00Z
[2024-07-25T15:16:38.368-0300] {binance_dag.py:26} INFO - Start Time: 2024-07-24T23:40:00.00Z
[2024-07-25T15:16:38.371-0300] {binance_dag.py:20} INFO - dt:
[2024-07-25T15:16:38.371-0300] {binance_dag.py:21} INFO - 2024-07-24 23:40:00
[2024-07-25T15:16:38.371-0300] {binance_dag.py:20} INFO - dt:
[2024-07-25T15:16:38.371-0300] {binance_dag.py:21} INFO - 2024-07-24 23:45:00
[2024-07-25T15:16:38.375-0300] {base.py:84} INFO - Using connection ID 'binance_default' for task execution.
[2024-07-25T15:16:38.375-0300] {logging_mixin.py:188} INFO - https://api.binance.com
[2024-07-25T15:16:38.376-0300] {binance_hook.py:35} INFO - URL: https://api.binance.com/api/v3/klines?symbol=BTCBRL&interval=5m&startTime=1721875200000&endTime=1721875499999
[2024-07-25T15:16:43.218-0300] {python.py:237} INFO - Done. Returned value was: None
[2024-07-25T15:16:43.219-0300] {taskinstance.py:441} INFO - ::group::Post task execution logs
[2024-07-25T15:16:43.221-0300] {taskinstance.py:1206} INFO - Marking task as SUCCESS. dag_id=Binance_5m, task_id=get_5m_info, run_id=scheduled__2024-07-24T23:40:00+00:00, execution_date=20240724T234000, start_date=20240725T181638, end_date=20240725T181643
[2024-07-25T15:16:43.234-0300] {local_task_job_runner.py:243} INFO - Task exited with return code 0
[2024-07-25T15:16:43.239-0300] {taskinstance.py:3503} INFO - 0 downstream tasks scheduled from follow-on schedule check
[2024-07-25T15:16:43.239-0300] {local_task_job_runner.py:222} INFO - ::endgroup::
[2024-07-25T16:11:54.597-0300] {local_task_job_runner.py:120} INFO - ::group::Pre task execution logs
[2024-07-25T16:11:54.602-0300] {taskinstance.py:2076} INFO - Dependencies all met for dep_context=non-requeueable deps ti=<TaskInstance: Binance_5m.get_5m_info scheduled__2024-07-24T23:40:00+00:00 [queued]>
[2024-07-25T16:11:54.605-0300] {taskinstance.py:2076} INFO - Dependencies all met for dep_context=requeueable deps ti=<TaskInstance: Binance_5m.get_5m_info scheduled__2024-07-24T23:40:00+00:00 [queued]>
[2024-07-25T16:11:54.606-0300] {taskinstance.py:2306} INFO - Starting attempt 1 of 1
[2024-07-25T16:11:54.619-0300] {taskinstance.py:2330} INFO - Executing <Task(PythonOperator): get_5m_info> on 2024-07-24 23:40:00+00:00
[2024-07-25T16:11:54.621-0300] {standard_task_runner.py:64} INFO - Started process 2654969 to run task
[2024-07-25T16:11:54.623-0300] {standard_task_runner.py:90} INFO - Running: ['airflow', 'tasks', 'run', 'Binance_5m', 'get_5m_info', 'scheduled__2024-07-24T23:40:00+00:00', '--job-id', '2085', '--raw', '--subdir', 'DAGS_FOLDER/binance_dag.py', '--cfg-path', '/tmp/tmpn0aodmhj']
[2024-07-25T16:11:54.624-0300] {standard_task_runner.py:91} INFO - Job 2085: Subtask get_5m_info
[2024-07-25T16:11:54.652-0300] {task_command.py:426} INFO - Running <TaskInstance: Binance_5m.get_5m_info scheduled__2024-07-24T23:40:00+00:00 [running]> on host Galaxybook.
[2024-07-25T16:11:54.695-0300] {taskinstance.py:2648} INFO - Exporting env vars: AIRFLOW_CTX_DAG_OWNER='airflow' AIRFLOW_CTX_DAG_ID='Binance_5m' AIRFLOW_CTX_TASK_ID='get_5m_info' AIRFLOW_CTX_EXECUTION_DATE='2024-07-24T23:40:00+00:00' AIRFLOW_CTX_TRY_NUMBER='1' AIRFLOW_CTX_DAG_RUN_ID='scheduled__2024-07-24T23:40:00+00:00'
[2024-07-25T16:11:54.696-0300] {taskinstance.py:430} INFO - ::endgroup::
[2024-07-25T16:11:54.702-0300] {binance_dag.py:22} INFO - End Time: 2024-07-24 23:45:00+00:00
[2024-07-25T16:11:54.702-0300] {binance_dag.py:23} INFO - Start Time: 2024-07-24 23:40:00+00:00
[2024-07-25T16:11:54.703-0300] {binance_dag.py:24} INFO - Start timestamp: 1721864400000
[2024-07-25T16:11:54.703-0300] {binance_dag.py:25} INFO - End timestamp: 1721864700000
[2024-07-25T16:11:54.707-0300] {base.py:84} INFO - Using connection ID 'binance_default' for task execution.
[2024-07-25T16:11:54.707-0300] {logging_mixin.py:188} INFO - https://api.binance.com
[2024-07-25T16:11:54.708-0300] {binance_hook.py:35} INFO - URL: https://api.binance.com/api/v3/klines?symbol=BTCBRL&interval=5m&startTime=1721864400000&endTime=1721864699999&timeZone=-3
[2024-07-25T16:11:56.178-0300] {python.py:237} INFO - Done. Returned value was: None
[2024-07-25T16:11:56.179-0300] {taskinstance.py:441} INFO - ::group::Post task execution logs
[2024-07-25T16:11:56.255-0300] {taskinstance.py:1206} INFO - Marking task as SUCCESS. dag_id=Binance_5m, task_id=get_5m_info, run_id=scheduled__2024-07-24T23:40:00+00:00, execution_date=20240724T234000, start_date=20240725T191154, end_date=20240725T191156
[2024-07-25T16:11:56.276-0300] {local_task_job_runner.py:243} INFO - Task exited with return code 0
[2024-07-25T16:11:56.284-0300] {taskinstance.py:3503} INFO - 0 downstream tasks scheduled from follow-on schedule check
[2024-07-25T16:11:56.285-0300] {local_task_job_runner.py:222} INFO - ::endgroup::
[2024-07-25T16:12:48.614-0300] {local_task_job_runner.py:120} INFO - ::group::Pre task execution logs
[2024-07-25T16:12:48.621-0300] {taskinstance.py:2076} INFO - Dependencies all met for dep_context=non-requeueable deps ti=<TaskInstance: Binance_5m.get_5m_info scheduled__2024-07-24T23:40:00+00:00 [queued]>
[2024-07-25T16:12:48.624-0300] {taskinstance.py:2076} INFO - Dependencies all met for dep_context=requeueable deps ti=<TaskInstance: Binance_5m.get_5m_info scheduled__2024-07-24T23:40:00+00:00 [queued]>
[2024-07-25T16:12:48.624-0300] {taskinstance.py:2306} INFO - Starting attempt 1 of 1
[2024-07-25T16:12:48.640-0300] {taskinstance.py:2330} INFO - Executing <Task(PythonOperator): get_5m_info> on 2024-07-24 23:40:00+00:00
[2024-07-25T16:12:48.642-0300] {standard_task_runner.py:64} INFO - Started process 2655756 to run task
[2024-07-25T16:12:48.644-0300] {standard_task_runner.py:90} INFO - Running: ['airflow', 'tasks', 'run', 'Binance_5m', 'get_5m_info', 'scheduled__2024-07-24T23:40:00+00:00', '--job-id', '2084', '--raw', '--subdir', 'DAGS_FOLDER/binance_dag.py', '--cfg-path', '/tmp/tmp9atvcmu4']
[2024-07-25T16:12:48.646-0300] {standard_task_runner.py:91} INFO - Job 2084: Subtask get_5m_info
[2024-07-25T16:12:48.675-0300] {task_command.py:426} INFO - Running <TaskInstance: Binance_5m.get_5m_info scheduled__2024-07-24T23:40:00+00:00 [running]> on host Galaxybook.
[2024-07-25T16:12:48.728-0300] {taskinstance.py:2648} INFO - Exporting env vars: AIRFLOW_CTX_DAG_OWNER='airflow' AIRFLOW_CTX_DAG_ID='Binance_5m' AIRFLOW_CTX_TASK_ID='get_5m_info' AIRFLOW_CTX_EXECUTION_DATE='2024-07-24T23:40:00+00:00' AIRFLOW_CTX_TRY_NUMBER='1' AIRFLOW_CTX_DAG_RUN_ID='scheduled__2024-07-24T23:40:00+00:00'
[2024-07-25T16:12:48.728-0300] {taskinstance.py:430} INFO - ::endgroup::
[2024-07-25T16:12:48.737-0300] {binance_dag.py:22} INFO - End Time: 2024-07-24 23:45:00+00:00
[2024-07-25T16:12:48.737-0300] {binance_dag.py:23} INFO - Start Time: 2024-07-24 23:40:00+00:00
[2024-07-25T16:12:48.738-0300] {binance_dag.py:24} INFO - Start timestamp: 1721864400000
[2024-07-25T16:12:48.738-0300] {binance_dag.py:25} INFO - End timestamp: 1721864700000
[2024-07-25T16:12:48.744-0300] {base.py:84} INFO - Using connection ID 'binance_default' for task execution.
[2024-07-25T16:12:48.744-0300] {logging_mixin.py:188} INFO - https://api.binance.com
[2024-07-25T16:12:48.745-0300] {binance_hook.py:35} INFO - URL: https://api.binance.com/api/v3/klines?symbol=BTCBRL&interval=5m&startTime=1721864400000&endTime=1721864699999&timeZone=-3
[2024-07-25T16:12:49.139-0300] {python.py:237} INFO - Done. Returned value was: None
[2024-07-25T16:12:49.140-0300] {taskinstance.py:441} INFO - ::group::Post task execution logs
[2024-07-25T16:12:49.230-0300] {taskinstance.py:1206} INFO - Marking task as SUCCESS. dag_id=Binance_5m, task_id=get_5m_info, run_id=scheduled__2024-07-24T23:40:00+00:00, execution_date=20240724T234000, start_date=20240725T191248, end_date=20240725T191249
[2024-07-25T16:12:49.267-0300] {local_task_job_runner.py:243} INFO - Task exited with return code 0
[2024-07-25T16:12:49.274-0300] {taskinstance.py:3503} INFO - 0 downstream tasks scheduled from follow-on schedule check
[2024-07-25T16:12:49.274-0300] {local_task_job_runner.py:222} INFO - ::endgroup::
