[2024-07-25T14:50:12.000-0300] {local_task_job_runner.py:120} INFO - ::group::Pre task execution logs
[2024-07-25T14:50:12.006-0300] {taskinstance.py:2076} INFO - Dependencies all met for dep_context=non-requeueable deps ti=<TaskInstance: Binance_5m.get_5m_info scheduled__2024-07-25T07:25:00+00:00 [queued]>
[2024-07-25T14:50:12.009-0300] {taskinstance.py:2076} INFO - Dependencies all met for dep_context=requeueable deps ti=<TaskInstance: Binance_5m.get_5m_info scheduled__2024-07-25T07:25:00+00:00 [queued]>
[2024-07-25T14:50:12.009-0300] {taskinstance.py:2306} INFO - Starting attempt 1 of 1
[2024-07-25T14:50:12.023-0300] {taskinstance.py:2330} INFO - Executing <Task(PythonOperator): get_5m_info> on 2024-07-25 07:25:00+00:00
[2024-07-25T14:50:12.025-0300] {standard_task_runner.py:64} INFO - Started process 2609614 to run task
[2024-07-25T14:50:12.027-0300] {standard_task_runner.py:90} INFO - Running: ['airflow', 'tasks', 'run', 'Binance_5m', 'get_5m_info', 'scheduled__2024-07-25T07:25:00+00:00', '--job-id', '2181', '--raw', '--subdir', 'DAGS_FOLDER/binance_dag.py', '--cfg-path', '/tmp/tmp_q288phx']
[2024-07-25T14:50:12.027-0300] {standard_task_runner.py:91} INFO - Job 2181: Subtask get_5m_info
[2024-07-25T14:50:12.057-0300] {task_command.py:426} INFO - Running <TaskInstance: Binance_5m.get_5m_info scheduled__2024-07-25T07:25:00+00:00 [running]> on host Galaxybook.
[2024-07-25T14:50:12.112-0300] {taskinstance.py:2648} INFO - Exporting env vars: AIRFLOW_CTX_DAG_OWNER='airflow' AIRFLOW_CTX_DAG_ID='Binance_5m' AIRFLOW_CTX_TASK_ID='get_5m_info' AIRFLOW_CTX_EXECUTION_DATE='2024-07-25T07:25:00+00:00' AIRFLOW_CTX_TRY_NUMBER='1' AIRFLOW_CTX_DAG_RUN_ID='scheduled__2024-07-25T07:25:00+00:00'
[2024-07-25T14:50:12.112-0300] {taskinstance.py:430} INFO - ::endgroup::
[2024-07-25T14:50:12.120-0300] {binance_dag.py:23} INFO - End Time: 2024-07-25T07:30:00.00Z
[2024-07-25T14:50:12.120-0300] {binance_dag.py:24} INFO - Start Time: 2024-07-25T07:25:00.00Z
[2024-07-25T14:50:12.177-0300] {base.py:84} INFO - Using connection ID 'binance_default' for task execution.
[2024-07-25T14:50:12.177-0300] {logging_mixin.py:188} INFO - https://api.binance.com
[2024-07-25T14:50:12.178-0300] {binance_hook.py:35} INFO - URL: https://api.binance.com/api/v3/klines?symbol=BTCBRL&interval=5m&startTime=1721903100000&endTime=1721903399999
[2024-07-25T14:50:12.578-0300] {binance_dag.py:43} INFO - r: [[1721903100000, '365063.00000000', '365228.00000000', '364844.00000000', '364924.00000000', '0.28714000', 1721903399999, '104802.67611000', 69, '0.21305000', '77765.82298000', '0']]
[2024-07-25T14:50:12.579-0300] {python.py:237} INFO - Done. Returned value was: None
[2024-07-25T14:50:12.579-0300] {taskinstance.py:441} INFO - ::group::Post task execution logs
[2024-07-25T14:50:12.582-0300] {taskinstance.py:1206} INFO - Marking task as SUCCESS. dag_id=Binance_5m, task_id=get_5m_info, run_id=scheduled__2024-07-25T07:25:00+00:00, execution_date=20240725T072500, start_date=20240725T175012, end_date=20240725T175012
[2024-07-25T14:50:12.613-0300] {local_task_job_runner.py:243} INFO - Task exited with return code 0
[2024-07-25T14:50:12.619-0300] {taskinstance.py:3503} INFO - 0 downstream tasks scheduled from follow-on schedule check
[2024-07-25T14:50:12.620-0300] {local_task_job_runner.py:222} INFO - ::endgroup::
[2024-07-25T15:20:15.321-0300] {local_task_job_runner.py:120} INFO - ::group::Pre task execution logs
[2024-07-25T15:20:15.328-0300] {taskinstance.py:2076} INFO - Dependencies all met for dep_context=non-requeueable deps ti=<TaskInstance: Binance_5m.get_5m_info scheduled__2024-07-25T07:25:00+00:00 [queued]>
[2024-07-25T15:20:15.331-0300] {taskinstance.py:2076} INFO - Dependencies all met for dep_context=requeueable deps ti=<TaskInstance: Binance_5m.get_5m_info scheduled__2024-07-25T07:25:00+00:00 [queued]>
[2024-07-25T15:20:15.332-0300] {taskinstance.py:2306} INFO - Starting attempt 1 of 1
[2024-07-25T15:20:15.346-0300] {taskinstance.py:2330} INFO - Executing <Task(PythonOperator): get_5m_info> on 2024-07-25 07:25:00+00:00
[2024-07-25T15:20:15.349-0300] {standard_task_runner.py:64} INFO - Started process 2631970 to run task
[2024-07-25T15:20:15.351-0300] {standard_task_runner.py:90} INFO - Running: ['airflow', 'tasks', 'run', 'Binance_5m', 'get_5m_info', 'scheduled__2024-07-25T07:25:00+00:00', '--job-id', '2624', '--raw', '--subdir', 'DAGS_FOLDER/binance_dag.py', '--cfg-path', '/tmp/tmps4b3vt40']
[2024-07-25T15:20:15.353-0300] {standard_task_runner.py:91} INFO - Job 2624: Subtask get_5m_info
[2024-07-25T15:20:15.388-0300] {task_command.py:426} INFO - Running <TaskInstance: Binance_5m.get_5m_info scheduled__2024-07-25T07:25:00+00:00 [running]> on host Galaxybook.
[2024-07-25T15:20:15.452-0300] {taskinstance.py:2648} INFO - Exporting env vars: AIRFLOW_CTX_DAG_OWNER='airflow' AIRFLOW_CTX_DAG_ID='Binance_5m' AIRFLOW_CTX_TASK_ID='get_5m_info' AIRFLOW_CTX_EXECUTION_DATE='2024-07-25T07:25:00+00:00' AIRFLOW_CTX_TRY_NUMBER='1' AIRFLOW_CTX_DAG_RUN_ID='scheduled__2024-07-25T07:25:00+00:00'
[2024-07-25T15:20:15.453-0300] {taskinstance.py:430} INFO - ::endgroup::
[2024-07-25T15:20:15.461-0300] {binance_dag.py:23} INFO - End Time: 2024-07-25T07:30:00.00Z
[2024-07-25T15:20:15.461-0300] {binance_dag.py:24} INFO - Start Time: 2024-07-25T07:25:00.00Z
[2024-07-25T15:20:15.527-0300] {binance_dag.py:25} INFO - 1721903100000
[2024-07-25T15:20:15.530-0300] {base.py:84} INFO - Using connection ID 'binance_default' for task execution.
[2024-07-25T15:20:15.530-0300] {logging_mixin.py:188} INFO - https://api.binance.com
[2024-07-25T15:20:15.531-0300] {binance_hook.py:35} INFO - URL: https://api.binance.com/api/v3/klines?symbol=BTCBRL&interval=5m&startTime=1721903100000&endTime=1721903399999
[2024-07-25T15:20:15.948-0300] {python.py:237} INFO - Done. Returned value was: None
[2024-07-25T15:20:15.949-0300] {taskinstance.py:441} INFO - ::group::Post task execution logs
[2024-07-25T15:20:15.951-0300] {taskinstance.py:1206} INFO - Marking task as SUCCESS. dag_id=Binance_5m, task_id=get_5m_info, run_id=scheduled__2024-07-25T07:25:00+00:00, execution_date=20240725T072500, start_date=20240725T182015, end_date=20240725T182015
[2024-07-25T15:20:15.974-0300] {local_task_job_runner.py:243} INFO - Task exited with return code 0
[2024-07-25T15:20:15.980-0300] {taskinstance.py:3503} INFO - 0 downstream tasks scheduled from follow-on schedule check
[2024-07-25T15:20:15.980-0300] {local_task_job_runner.py:222} INFO - ::endgroup::
[2024-07-25T16:16:48.778-0300] {local_task_job_runner.py:120} INFO - ::group::Pre task execution logs
[2024-07-25T16:16:48.784-0300] {taskinstance.py:2076} INFO - Dependencies all met for dep_context=non-requeueable deps ti=<TaskInstance: Binance_5m.get_5m_info scheduled__2024-07-25T07:25:00+00:00 [queued]>
[2024-07-25T16:16:48.787-0300] {taskinstance.py:2076} INFO - Dependencies all met for dep_context=requeueable deps ti=<TaskInstance: Binance_5m.get_5m_info scheduled__2024-07-25T07:25:00+00:00 [queued]>
[2024-07-25T16:16:48.787-0300] {taskinstance.py:2306} INFO - Starting attempt 1 of 1
[2024-07-25T16:16:48.800-0300] {taskinstance.py:2330} INFO - Executing <Task(PythonOperator): get_5m_info> on 2024-07-25 07:25:00+00:00
[2024-07-25T16:16:48.802-0300] {standard_task_runner.py:64} INFO - Started process 2659764 to run task
[2024-07-25T16:16:48.804-0300] {standard_task_runner.py:90} INFO - Running: ['airflow', 'tasks', 'run', 'Binance_5m', 'get_5m_info', 'scheduled__2024-07-25T07:25:00+00:00', '--job-id', '2184', '--raw', '--subdir', 'DAGS_FOLDER/binance_dag.py', '--cfg-path', '/tmp/tmpr6wp3fxg']
[2024-07-25T16:16:48.805-0300] {standard_task_runner.py:91} INFO - Job 2184: Subtask get_5m_info
[2024-07-25T16:16:48.831-0300] {task_command.py:426} INFO - Running <TaskInstance: Binance_5m.get_5m_info scheduled__2024-07-25T07:25:00+00:00 [running]> on host Galaxybook.
[2024-07-25T16:16:48.889-0300] {taskinstance.py:2648} INFO - Exporting env vars: AIRFLOW_CTX_DAG_OWNER='airflow' AIRFLOW_CTX_DAG_ID='Binance_5m' AIRFLOW_CTX_TASK_ID='get_5m_info' AIRFLOW_CTX_EXECUTION_DATE='2024-07-25T07:25:00+00:00' AIRFLOW_CTX_TRY_NUMBER='1' AIRFLOW_CTX_DAG_RUN_ID='scheduled__2024-07-25T07:25:00+00:00'
[2024-07-25T16:16:48.889-0300] {taskinstance.py:430} INFO - ::endgroup::
[2024-07-25T16:16:48.900-0300] {binance_dag.py:22} INFO - End Time: 2024-07-25 07:30:00+00:00
[2024-07-25T16:16:48.900-0300] {binance_dag.py:23} INFO - Start Time: 2024-07-25 07:25:00+00:00
[2024-07-25T16:16:48.900-0300] {binance_dag.py:24} INFO - Start timestamp: 1721892300000
[2024-07-25T16:16:48.900-0300] {binance_dag.py:25} INFO - End timestamp: 1721892600000
[2024-07-25T16:16:48.973-0300] {base.py:84} INFO - Using connection ID 'binance_default' for task execution.
[2024-07-25T16:16:48.973-0300] {logging_mixin.py:188} INFO - https://api.binance.com
[2024-07-25T16:16:48.973-0300] {binance_hook.py:35} INFO - URL: https://api.binance.com/api/v3/klines?symbol=BTCBRL&interval=5m&startTime=1721892300000&endTime=1721892599999&timeZone=-3
[2024-07-25T16:16:49.367-0300] {python.py:237} INFO - Done. Returned value was: None
[2024-07-25T16:16:49.367-0300] {taskinstance.py:441} INFO - ::group::Post task execution logs
[2024-07-25T16:16:49.370-0300] {taskinstance.py:1206} INFO - Marking task as SUCCESS. dag_id=Binance_5m, task_id=get_5m_info, run_id=scheduled__2024-07-25T07:25:00+00:00, execution_date=20240725T072500, start_date=20240725T191648, end_date=20240725T191649
[2024-07-25T16:16:49.425-0300] {local_task_job_runner.py:243} INFO - Task exited with return code 0
[2024-07-25T16:16:49.433-0300] {taskinstance.py:3503} INFO - 0 downstream tasks scheduled from follow-on schedule check
[2024-07-25T16:16:49.433-0300] {local_task_job_runner.py:222} INFO - ::endgroup::
