[2024-07-25T14:27:43.437-0300] {local_task_job_runner.py:120} INFO - ::group::Pre task execution logs
[2024-07-25T14:27:43.442-0300] {taskinstance.py:2076} INFO - Dependencies all met for dep_context=non-requeueable deps ti=<TaskInstance: Binance_5m.get_5m_info scheduled__2024-07-25T12:30:00+00:00 [queued]>
[2024-07-25T14:27:43.445-0300] {taskinstance.py:2076} INFO - Dependencies all met for dep_context=requeueable deps ti=<TaskInstance: Binance_5m.get_5m_info scheduled__2024-07-25T12:30:00+00:00 [queued]>
[2024-07-25T14:27:43.445-0300] {taskinstance.py:2306} INFO - Starting attempt 1 of 1
[2024-07-25T14:27:43.462-0300] {taskinstance.py:2330} INFO - Executing <Task(PythonOperator): get_5m_info> on 2024-07-25 12:30:00+00:00
[2024-07-25T14:27:43.465-0300] {standard_task_runner.py:64} INFO - Started process 2590494 to run task
[2024-07-25T14:27:43.467-0300] {standard_task_runner.py:90} INFO - Running: ['airflow', 'tasks', 'run', 'Binance_5m', 'get_5m_info', 'scheduled__2024-07-25T12:30:00+00:00', '--job-id', '2095', '--raw', '--subdir', 'DAGS_FOLDER/binance_dag.py', '--cfg-path', '/tmp/tmpq_039dut']
[2024-07-25T14:27:43.469-0300] {standard_task_runner.py:91} INFO - Job 2095: Subtask get_5m_info
[2024-07-25T14:27:43.499-0300] {task_command.py:426} INFO - Running <TaskInstance: Binance_5m.get_5m_info scheduled__2024-07-25T12:30:00+00:00 [running]> on host Galaxybook.
[2024-07-25T14:27:43.565-0300] {taskinstance.py:2648} INFO - Exporting env vars: AIRFLOW_CTX_DAG_OWNER='airflow' AIRFLOW_CTX_DAG_ID='Binance_5m' AIRFLOW_CTX_TASK_ID='get_5m_info' AIRFLOW_CTX_EXECUTION_DATE='2024-07-25T12:30:00+00:00' AIRFLOW_CTX_TRY_NUMBER='1' AIRFLOW_CTX_DAG_RUN_ID='scheduled__2024-07-25T12:30:00+00:00'
[2024-07-25T14:27:43.565-0300] {taskinstance.py:430} INFO - ::endgroup::
[2024-07-25T14:27:43.574-0300] {binance_dag.py:23} INFO - End Time: 2024-07-25T12:35:00.00Z
[2024-07-25T14:27:43.639-0300] {base.py:84} INFO - Using connection ID 'binance_default' for task execution.
[2024-07-25T14:27:43.639-0300] {logging_mixin.py:188} INFO - https://api.binance.com
[2024-07-25T14:27:43.640-0300] {binance_hook.py:35} INFO - URL: https://api.binance.com/api/v3/klines?symbol=BTCBRL&interval=5m&startTime=1721921400000&endTime=1721921700000
[2024-07-25T14:27:44.040-0300] {python.py:237} INFO - Done. Returned value was: None
[2024-07-25T14:27:44.041-0300] {taskinstance.py:441} INFO - ::group::Post task execution logs
[2024-07-25T14:27:44.044-0300] {taskinstance.py:1206} INFO - Marking task as SUCCESS. dag_id=Binance_5m, task_id=get_5m_info, run_id=scheduled__2024-07-25T12:30:00+00:00, execution_date=20240725T123000, start_date=20240725T172743, end_date=20240725T172744
[2024-07-25T14:27:44.092-0300] {local_task_job_runner.py:243} INFO - Task exited with return code 0
[2024-07-25T14:27:44.099-0300] {taskinstance.py:3503} INFO - 0 downstream tasks scheduled from follow-on schedule check
[2024-07-25T14:27:44.100-0300] {local_task_job_runner.py:222} INFO - ::endgroup::
[2024-07-25T14:31:18.748-0300] {local_task_job_runner.py:120} INFO - ::group::Pre task execution logs
[2024-07-25T14:31:18.755-0300] {taskinstance.py:2076} INFO - Dependencies all met for dep_context=non-requeueable deps ti=<TaskInstance: Binance_5m.get_5m_info scheduled__2024-07-25T12:30:00+00:00 [queued]>
[2024-07-25T14:31:18.759-0300] {taskinstance.py:2076} INFO - Dependencies all met for dep_context=requeueable deps ti=<TaskInstance: Binance_5m.get_5m_info scheduled__2024-07-25T12:30:00+00:00 [queued]>
[2024-07-25T14:31:18.759-0300] {taskinstance.py:2306} INFO - Starting attempt 1 of 1
[2024-07-25T14:31:18.774-0300] {taskinstance.py:2330} INFO - Executing <Task(PythonOperator): get_5m_info> on 2024-07-25 12:30:00+00:00
[2024-07-25T14:31:18.777-0300] {standard_task_runner.py:64} INFO - Started process 2594142 to run task
[2024-07-25T14:31:18.779-0300] {standard_task_runner.py:90} INFO - Running: ['airflow', 'tasks', 'run', 'Binance_5m', 'get_5m_info', 'scheduled__2024-07-25T12:30:00+00:00', '--job-id', '2126', '--raw', '--subdir', 'DAGS_FOLDER/binance_dag.py', '--cfg-path', '/tmp/tmp29dc5o2l']
[2024-07-25T14:31:18.781-0300] {standard_task_runner.py:91} INFO - Job 2126: Subtask get_5m_info
[2024-07-25T14:31:18.810-0300] {task_command.py:426} INFO - Running <TaskInstance: Binance_5m.get_5m_info scheduled__2024-07-25T12:30:00+00:00 [running]> on host Galaxybook.
[2024-07-25T14:31:18.861-0300] {taskinstance.py:2648} INFO - Exporting env vars: AIRFLOW_CTX_DAG_OWNER='airflow' AIRFLOW_CTX_DAG_ID='Binance_5m' AIRFLOW_CTX_TASK_ID='get_5m_info' AIRFLOW_CTX_EXECUTION_DATE='2024-07-25T12:30:00+00:00' AIRFLOW_CTX_TRY_NUMBER='1' AIRFLOW_CTX_DAG_RUN_ID='scheduled__2024-07-25T12:30:00+00:00'
[2024-07-25T14:31:18.862-0300] {taskinstance.py:430} INFO - ::endgroup::
[2024-07-25T14:31:18.871-0300] {binance_dag.py:23} INFO - End Time: 2024-07-25T12:35:00.00Z
[2024-07-25T14:31:18.950-0300] {base.py:84} INFO - Using connection ID 'binance_default' for task execution.
[2024-07-25T14:31:18.950-0300] {logging_mixin.py:188} INFO - https://api.binance.com
[2024-07-25T14:31:18.951-0300] {binance_hook.py:35} INFO - URL: https://api.binance.com/api/v3/klines?symbol=BTCBRL&interval=5m&startTime=1721921400000&endTime=1721921700000
[2024-07-25T14:31:19.340-0300] {python.py:237} INFO - Done. Returned value was: None
[2024-07-25T14:31:19.340-0300] {taskinstance.py:441} INFO - ::group::Post task execution logs
[2024-07-25T14:31:19.343-0300] {taskinstance.py:1206} INFO - Marking task as SUCCESS. dag_id=Binance_5m, task_id=get_5m_info, run_id=scheduled__2024-07-25T12:30:00+00:00, execution_date=20240725T123000, start_date=20240725T173118, end_date=20240725T173119
[2024-07-25T14:31:19.363-0300] {local_task_job_runner.py:243} INFO - Task exited with return code 0
[2024-07-25T14:31:19.370-0300] {taskinstance.py:3503} INFO - 0 downstream tasks scheduled from follow-on schedule check
[2024-07-25T14:31:19.370-0300] {local_task_job_runner.py:222} INFO - ::endgroup::
[2024-07-25T14:35:46.930-0300] {local_task_job_runner.py:120} INFO - ::group::Pre task execution logs
[2024-07-25T14:35:46.935-0300] {taskinstance.py:2076} INFO - Dependencies all met for dep_context=non-requeueable deps ti=<TaskInstance: Binance_5m.get_5m_info scheduled__2024-07-25T12:30:00+00:00 [queued]>
[2024-07-25T14:35:46.938-0300] {taskinstance.py:2076} INFO - Dependencies all met for dep_context=requeueable deps ti=<TaskInstance: Binance_5m.get_5m_info scheduled__2024-07-25T12:30:00+00:00 [queued]>
[2024-07-25T14:35:46.938-0300] {taskinstance.py:2306} INFO - Starting attempt 1 of 1
[2024-07-25T14:35:46.952-0300] {taskinstance.py:2330} INFO - Executing <Task(PythonOperator): get_5m_info> on 2024-07-25 12:30:00+00:00
[2024-07-25T14:35:46.954-0300] {standard_task_runner.py:64} INFO - Started process 2598172 to run task
[2024-07-25T14:35:46.955-0300] {standard_task_runner.py:90} INFO - Running: ['airflow', 'tasks', 'run', 'Binance_5m', 'get_5m_info', 'scheduled__2024-07-25T12:30:00+00:00', '--job-id', '2088', '--raw', '--subdir', 'DAGS_FOLDER/binance_dag.py', '--cfg-path', '/tmp/tmpx409pc7i']
[2024-07-25T14:35:46.956-0300] {standard_task_runner.py:91} INFO - Job 2088: Subtask get_5m_info
[2024-07-25T14:35:46.980-0300] {task_command.py:426} INFO - Running <TaskInstance: Binance_5m.get_5m_info scheduled__2024-07-25T12:30:00+00:00 [running]> on host Galaxybook.
[2024-07-25T14:35:47.026-0300] {taskinstance.py:2648} INFO - Exporting env vars: AIRFLOW_CTX_DAG_OWNER='airflow' AIRFLOW_CTX_DAG_ID='Binance_5m' AIRFLOW_CTX_TASK_ID='get_5m_info' AIRFLOW_CTX_EXECUTION_DATE='2024-07-25T12:30:00+00:00' AIRFLOW_CTX_TRY_NUMBER='1' AIRFLOW_CTX_DAG_RUN_ID='scheduled__2024-07-25T12:30:00+00:00'
[2024-07-25T14:35:47.026-0300] {taskinstance.py:430} INFO - ::endgroup::
[2024-07-25T14:35:47.034-0300] {binance_dag.py:23} INFO - End Time: 2024-07-25T12:35:00.00Z
[2024-07-25T14:35:47.085-0300] {base.py:84} INFO - Using connection ID 'binance_default' for task execution.
[2024-07-25T14:35:47.085-0300] {logging_mixin.py:188} INFO - https://api.binance.com
[2024-07-25T14:35:47.086-0300] {binance_hook.py:35} INFO - URL: https://api.binance.com/api/v3/klines?symbol=BTCBRL&interval=5m&startTime=1721921400000&endTime=1721921700000
[2024-07-25T14:35:47.483-0300] {binance_dag.py:42} INFO - r: [[1721921400000, '366967.00000000', '367787.00000000', '366875.00000000', '367552.00000000', '0.20692000', 1721921699999, '75972.53146000', 53, '0.13037000', '47867.73657000', '0'], [1721921700000, '367653.00000000', '368044.00000000', '366829.00000000', '366995.00000000', '0.65164000', 1721921999999, '239534.10641000', 127, '0.23177000', '85219.58165000', '0']]
[2024-07-25T14:35:47.484-0300] {python.py:237} INFO - Done. Returned value was: None
[2024-07-25T14:35:47.484-0300] {taskinstance.py:441} INFO - ::group::Post task execution logs
[2024-07-25T14:35:47.486-0300] {taskinstance.py:1206} INFO - Marking task as SUCCESS. dag_id=Binance_5m, task_id=get_5m_info, run_id=scheduled__2024-07-25T12:30:00+00:00, execution_date=20240725T123000, start_date=20240725T173546, end_date=20240725T173547
[2024-07-25T14:35:47.536-0300] {local_task_job_runner.py:243} INFO - Task exited with return code 0
[2024-07-25T14:35:47.544-0300] {taskinstance.py:3503} INFO - 0 downstream tasks scheduled from follow-on schedule check
[2024-07-25T14:35:47.544-0300] {local_task_job_runner.py:222} INFO - ::endgroup::
[2024-07-25T14:36:42.035-0300] {local_task_job_runner.py:120} INFO - ::group::Pre task execution logs
[2024-07-25T14:36:42.041-0300] {taskinstance.py:2076} INFO - Dependencies all met for dep_context=non-requeueable deps ti=<TaskInstance: Binance_5m.get_5m_info scheduled__2024-07-25T12:30:00+00:00 [queued]>
[2024-07-25T14:36:42.046-0300] {taskinstance.py:2076} INFO - Dependencies all met for dep_context=requeueable deps ti=<TaskInstance: Binance_5m.get_5m_info scheduled__2024-07-25T12:30:00+00:00 [queued]>
[2024-07-25T14:36:42.046-0300] {taskinstance.py:2306} INFO - Starting attempt 1 of 1
[2024-07-25T14:36:42.060-0300] {taskinstance.py:2330} INFO - Executing <Task(PythonOperator): get_5m_info> on 2024-07-25 12:30:00+00:00
[2024-07-25T14:36:42.062-0300] {standard_task_runner.py:64} INFO - Started process 2599124 to run task
[2024-07-25T14:36:42.063-0300] {standard_task_runner.py:90} INFO - Running: ['airflow', 'tasks', 'run', 'Binance_5m', 'get_5m_info', 'scheduled__2024-07-25T12:30:00+00:00', '--job-id', '2088', '--raw', '--subdir', 'DAGS_FOLDER/binance_dag.py', '--cfg-path', '/tmp/tmp35wasxjq']
[2024-07-25T14:36:42.064-0300] {standard_task_runner.py:91} INFO - Job 2088: Subtask get_5m_info
[2024-07-25T14:36:42.093-0300] {task_command.py:426} INFO - Running <TaskInstance: Binance_5m.get_5m_info scheduled__2024-07-25T12:30:00+00:00 [running]> on host Galaxybook.
[2024-07-25T14:36:42.141-0300] {taskinstance.py:2648} INFO - Exporting env vars: AIRFLOW_CTX_DAG_OWNER='airflow' AIRFLOW_CTX_DAG_ID='Binance_5m' AIRFLOW_CTX_TASK_ID='get_5m_info' AIRFLOW_CTX_EXECUTION_DATE='2024-07-25T12:30:00+00:00' AIRFLOW_CTX_TRY_NUMBER='1' AIRFLOW_CTX_DAG_RUN_ID='scheduled__2024-07-25T12:30:00+00:00'
[2024-07-25T14:36:42.141-0300] {taskinstance.py:430} INFO - ::endgroup::
[2024-07-25T14:36:42.149-0300] {binance_dag.py:23} INFO - End Time: 2024-07-25T12:35:00.00Z
[2024-07-25T14:36:42.207-0300] {base.py:84} INFO - Using connection ID 'binance_default' for task execution.
[2024-07-25T14:36:42.207-0300] {logging_mixin.py:188} INFO - https://api.binance.com
[2024-07-25T14:36:42.208-0300] {binance_hook.py:35} INFO - URL: https://api.binance.com/api/v3/klines?symbol=BTCBRL&interval=5m&startTime=1721921400000&endTime=1721921700000
[2024-07-25T14:36:42.606-0300] {binance_dag.py:42} INFO - r: [[1721921400000, '366967.00000000', '367787.00000000', '366875.00000000', '367552.00000000', '0.20692000', 1721921699999, '75972.53146000', 53, '0.13037000', '47867.73657000', '0'], [1721921700000, '367653.00000000', '368044.00000000', '366829.00000000', '366995.00000000', '0.65164000', 1721921999999, '239534.10641000', 127, '0.23177000', '85219.58165000', '0']]
[2024-07-25T14:36:42.607-0300] {python.py:237} INFO - Done. Returned value was: None
[2024-07-25T14:36:42.607-0300] {taskinstance.py:441} INFO - ::group::Post task execution logs
[2024-07-25T14:36:42.610-0300] {taskinstance.py:1206} INFO - Marking task as SUCCESS. dag_id=Binance_5m, task_id=get_5m_info, run_id=scheduled__2024-07-25T12:30:00+00:00, execution_date=20240725T123000, start_date=20240725T173642, end_date=20240725T173642
[2024-07-25T14:36:42.645-0300] {local_task_job_runner.py:243} INFO - Task exited with return code 0
[2024-07-25T14:36:42.652-0300] {taskinstance.py:3503} INFO - 0 downstream tasks scheduled from follow-on schedule check
[2024-07-25T14:36:42.652-0300] {local_task_job_runner.py:222} INFO - ::endgroup::
[2024-07-25T14:52:35.674-0300] {local_task_job_runner.py:120} INFO - ::group::Pre task execution logs
[2024-07-25T14:52:35.680-0300] {taskinstance.py:2076} INFO - Dependencies all met for dep_context=non-requeueable deps ti=<TaskInstance: Binance_5m.get_5m_info scheduled__2024-07-25T12:30:00+00:00 [queued]>
[2024-07-25T14:52:35.684-0300] {taskinstance.py:2076} INFO - Dependencies all met for dep_context=requeueable deps ti=<TaskInstance: Binance_5m.get_5m_info scheduled__2024-07-25T12:30:00+00:00 [queued]>
[2024-07-25T14:52:35.684-0300] {taskinstance.py:2306} INFO - Starting attempt 1 of 1
[2024-07-25T14:52:35.699-0300] {taskinstance.py:2330} INFO - Executing <Task(PythonOperator): get_5m_info> on 2024-07-25 12:30:00+00:00
[2024-07-25T14:52:35.702-0300] {standard_task_runner.py:64} INFO - Started process 2611985 to run task
[2024-07-25T14:52:35.704-0300] {standard_task_runner.py:90} INFO - Running: ['airflow', 'tasks', 'run', 'Binance_5m', 'get_5m_info', 'scheduled__2024-07-25T12:30:00+00:00', '--job-id', '2242', '--raw', '--subdir', 'DAGS_FOLDER/binance_dag.py', '--cfg-path', '/tmp/tmpv__arqxm']
[2024-07-25T14:52:35.705-0300] {standard_task_runner.py:91} INFO - Job 2242: Subtask get_5m_info
[2024-07-25T14:52:35.735-0300] {task_command.py:426} INFO - Running <TaskInstance: Binance_5m.get_5m_info scheduled__2024-07-25T12:30:00+00:00 [running]> on host Galaxybook.
[2024-07-25T14:52:35.794-0300] {taskinstance.py:2648} INFO - Exporting env vars: AIRFLOW_CTX_DAG_OWNER='airflow' AIRFLOW_CTX_DAG_ID='Binance_5m' AIRFLOW_CTX_TASK_ID='get_5m_info' AIRFLOW_CTX_EXECUTION_DATE='2024-07-25T12:30:00+00:00' AIRFLOW_CTX_TRY_NUMBER='1' AIRFLOW_CTX_DAG_RUN_ID='scheduled__2024-07-25T12:30:00+00:00'
[2024-07-25T14:52:35.794-0300] {taskinstance.py:430} INFO - ::endgroup::
[2024-07-25T14:52:35.804-0300] {binance_dag.py:23} INFO - End Time: 2024-07-25T12:35:00.00Z
[2024-07-25T14:52:35.804-0300] {binance_dag.py:24} INFO - Start Time: 2024-07-25T12:30:00.00Z
[2024-07-25T14:52:35.871-0300] {base.py:84} INFO - Using connection ID 'binance_default' for task execution.
[2024-07-25T14:52:35.871-0300] {logging_mixin.py:188} INFO - https://api.binance.com
[2024-07-25T14:52:35.872-0300] {binance_hook.py:35} INFO - URL: https://api.binance.com/api/v3/klines?symbol=BTCBRL&interval=5m&startTime=1721921400000&endTime=1721921699999
[2024-07-25T14:52:36.288-0300] {binance_dag.py:43} INFO - r: [[1721921400000, '366967.00000000', '367787.00000000', '366875.00000000', '367552.00000000', '0.20692000', 1721921699999, '75972.53146000', 53, '0.13037000', '47867.73657000', '0']]
[2024-07-25T14:52:36.289-0300] {python.py:237} INFO - Done. Returned value was: None
[2024-07-25T14:52:36.289-0300] {taskinstance.py:441} INFO - ::group::Post task execution logs
[2024-07-25T14:52:36.292-0300] {taskinstance.py:1206} INFO - Marking task as SUCCESS. dag_id=Binance_5m, task_id=get_5m_info, run_id=scheduled__2024-07-25T12:30:00+00:00, execution_date=20240725T123000, start_date=20240725T175235, end_date=20240725T175236
[2024-07-25T14:52:36.330-0300] {local_task_job_runner.py:243} INFO - Task exited with return code 0
[2024-07-25T14:52:36.336-0300] {taskinstance.py:3503} INFO - 0 downstream tasks scheduled from follow-on schedule check
[2024-07-25T14:52:36.337-0300] {local_task_job_runner.py:222} INFO - ::endgroup::
[2024-07-25T15:22:28.199-0300] {local_task_job_runner.py:120} INFO - ::group::Pre task execution logs
[2024-07-25T15:22:28.204-0300] {taskinstance.py:2076} INFO - Dependencies all met for dep_context=non-requeueable deps ti=<TaskInstance: Binance_5m.get_5m_info scheduled__2024-07-25T12:30:00+00:00 [queued]>
[2024-07-25T15:22:28.207-0300] {taskinstance.py:2076} INFO - Dependencies all met for dep_context=requeueable deps ti=<TaskInstance: Binance_5m.get_5m_info scheduled__2024-07-25T12:30:00+00:00 [queued]>
[2024-07-25T15:22:28.207-0300] {taskinstance.py:2306} INFO - Starting attempt 1 of 1
[2024-07-25T15:22:28.222-0300] {taskinstance.py:2330} INFO - Executing <Task(PythonOperator): get_5m_info> on 2024-07-25 12:30:00+00:00
[2024-07-25T15:22:28.224-0300] {standard_task_runner.py:64} INFO - Started process 2634170 to run task
[2024-07-25T15:22:28.226-0300] {standard_task_runner.py:90} INFO - Running: ['airflow', 'tasks', 'run', 'Binance_5m', 'get_5m_info', 'scheduled__2024-07-25T12:30:00+00:00', '--job-id', '2685', '--raw', '--subdir', 'DAGS_FOLDER/binance_dag.py', '--cfg-path', '/tmp/tmpzdwqstxd']
[2024-07-25T15:22:28.227-0300] {standard_task_runner.py:91} INFO - Job 2685: Subtask get_5m_info
[2024-07-25T15:22:28.251-0300] {task_command.py:426} INFO - Running <TaskInstance: Binance_5m.get_5m_info scheduled__2024-07-25T12:30:00+00:00 [running]> on host Galaxybook.
[2024-07-25T15:22:28.313-0300] {taskinstance.py:2648} INFO - Exporting env vars: AIRFLOW_CTX_DAG_OWNER='airflow' AIRFLOW_CTX_DAG_ID='Binance_5m' AIRFLOW_CTX_TASK_ID='get_5m_info' AIRFLOW_CTX_EXECUTION_DATE='2024-07-25T12:30:00+00:00' AIRFLOW_CTX_TRY_NUMBER='1' AIRFLOW_CTX_DAG_RUN_ID='scheduled__2024-07-25T12:30:00+00:00'
[2024-07-25T15:22:28.313-0300] {taskinstance.py:430} INFO - ::endgroup::
[2024-07-25T15:22:28.323-0300] {binance_dag.py:23} INFO - End Time: 2024-07-25T12:35:00.00Z
[2024-07-25T15:22:28.323-0300] {binance_dag.py:24} INFO - Start Time: 2024-07-25T12:30:00.00Z
[2024-07-25T15:22:28.377-0300] {binance_dag.py:25} INFO - 1721921400000
[2024-07-25T15:22:28.380-0300] {base.py:84} INFO - Using connection ID 'binance_default' for task execution.
[2024-07-25T15:22:28.380-0300] {logging_mixin.py:188} INFO - https://api.binance.com
[2024-07-25T15:22:28.380-0300] {binance_hook.py:35} INFO - URL: https://api.binance.com/api/v3/klines?symbol=BTCBRL&interval=5m&startTime=1721921400000&endTime=1721921699999
[2024-07-25T15:22:28.777-0300] {python.py:237} INFO - Done. Returned value was: None
[2024-07-25T15:22:28.778-0300] {taskinstance.py:441} INFO - ::group::Post task execution logs
[2024-07-25T15:22:28.781-0300] {taskinstance.py:1206} INFO - Marking task as SUCCESS. dag_id=Binance_5m, task_id=get_5m_info, run_id=scheduled__2024-07-25T12:30:00+00:00, execution_date=20240725T123000, start_date=20240725T182228, end_date=20240725T182228
[2024-07-25T15:22:28.810-0300] {local_task_job_runner.py:243} INFO - Task exited with return code 0
[2024-07-25T15:22:28.816-0300] {taskinstance.py:3503} INFO - 0 downstream tasks scheduled from follow-on schedule check
[2024-07-25T15:22:28.817-0300] {local_task_job_runner.py:222} INFO - ::endgroup::
[2024-07-25T16:20:18.315-0300] {local_task_job_runner.py:120} INFO - ::group::Pre task execution logs
[2024-07-25T16:20:18.322-0300] {taskinstance.py:2076} INFO - Dependencies all met for dep_context=non-requeueable deps ti=<TaskInstance: Binance_5m.get_5m_info scheduled__2024-07-25T12:30:00+00:00 [queued]>
[2024-07-25T16:20:18.326-0300] {taskinstance.py:2076} INFO - Dependencies all met for dep_context=requeueable deps ti=<TaskInstance: Binance_5m.get_5m_info scheduled__2024-07-25T12:30:00+00:00 [queued]>
[2024-07-25T16:20:18.326-0300] {taskinstance.py:2306} INFO - Starting attempt 1 of 1
[2024-07-25T16:20:18.341-0300] {taskinstance.py:2330} INFO - Executing <Task(PythonOperator): get_5m_info> on 2024-07-25 12:30:00+00:00
[2024-07-25T16:20:18.343-0300] {standard_task_runner.py:64} INFO - Started process 2663350 to run task
[2024-07-25T16:20:18.345-0300] {standard_task_runner.py:90} INFO - Running: ['airflow', 'tasks', 'run', 'Binance_5m', 'get_5m_info', 'scheduled__2024-07-25T12:30:00+00:00', '--job-id', '2283', '--raw', '--subdir', 'DAGS_FOLDER/binance_dag.py', '--cfg-path', '/tmp/tmpet5po3iu']
[2024-07-25T16:20:18.346-0300] {standard_task_runner.py:91} INFO - Job 2283: Subtask get_5m_info
[2024-07-25T16:20:18.376-0300] {task_command.py:426} INFO - Running <TaskInstance: Binance_5m.get_5m_info scheduled__2024-07-25T12:30:00+00:00 [running]> on host Galaxybook.
[2024-07-25T16:20:18.457-0300] {taskinstance.py:2648} INFO - Exporting env vars: AIRFLOW_CTX_DAG_OWNER='airflow' AIRFLOW_CTX_DAG_ID='Binance_5m' AIRFLOW_CTX_TASK_ID='get_5m_info' AIRFLOW_CTX_EXECUTION_DATE='2024-07-25T12:30:00+00:00' AIRFLOW_CTX_TRY_NUMBER='1' AIRFLOW_CTX_DAG_RUN_ID='scheduled__2024-07-25T12:30:00+00:00'
[2024-07-25T16:20:18.457-0300] {taskinstance.py:430} INFO - ::endgroup::
[2024-07-25T16:20:18.467-0300] {binance_dag.py:22} INFO - End Time: 2024-07-25 12:35:00+00:00
[2024-07-25T16:20:18.467-0300] {binance_dag.py:23} INFO - Start Time: 2024-07-25 12:30:00+00:00
[2024-07-25T16:20:18.468-0300] {binance_dag.py:24} INFO - Start timestamp: 1721910600000
[2024-07-25T16:20:18.468-0300] {binance_dag.py:25} INFO - End timestamp: 1721910900000
[2024-07-25T16:20:18.545-0300] {base.py:84} INFO - Using connection ID 'binance_default' for task execution.
[2024-07-25T16:20:18.545-0300] {logging_mixin.py:188} INFO - https://api.binance.com
[2024-07-25T16:20:18.546-0300] {binance_hook.py:35} INFO - URL: https://api.binance.com/api/v3/klines?symbol=BTCBRL&interval=5m&startTime=1721910600000&endTime=1721910899999&timeZone=-3
[2024-07-25T16:20:18.944-0300] {python.py:237} INFO - Done. Returned value was: None
[2024-07-25T16:20:18.945-0300] {taskinstance.py:441} INFO - ::group::Post task execution logs
[2024-07-25T16:20:18.947-0300] {taskinstance.py:1206} INFO - Marking task as SUCCESS. dag_id=Binance_5m, task_id=get_5m_info, run_id=scheduled__2024-07-25T12:30:00+00:00, execution_date=20240725T123000, start_date=20240725T192018, end_date=20240725T192018
[2024-07-25T16:20:18.970-0300] {local_task_job_runner.py:243} INFO - Task exited with return code 0
[2024-07-25T16:20:18.978-0300] {taskinstance.py:3503} INFO - 0 downstream tasks scheduled from follow-on schedule check
[2024-07-25T16:20:18.979-0300] {local_task_job_runner.py:222} INFO - ::endgroup::
