[2024-07-25T14:47:26.185-0300] {local_task_job_runner.py:120} INFO - ::group::Pre task execution logs
[2024-07-25T14:47:26.189-0300] {taskinstance.py:2076} INFO - Dependencies all met for dep_context=non-requeueable deps ti=<TaskInstance: Binance_5m.get_5m_info scheduled__2024-07-25T01:50:00+00:00 [queued]>
[2024-07-25T14:47:26.192-0300] {taskinstance.py:2076} INFO - Dependencies all met for dep_context=requeueable deps ti=<TaskInstance: Binance_5m.get_5m_info scheduled__2024-07-25T01:50:00+00:00 [queued]>
[2024-07-25T14:47:26.192-0300] {taskinstance.py:2306} INFO - Starting attempt 1 of 1
[2024-07-25T14:47:26.204-0300] {taskinstance.py:2330} INFO - Executing <Task(PythonOperator): get_5m_info> on 2024-07-25 01:50:00+00:00
[2024-07-25T14:47:26.206-0300] {standard_task_runner.py:64} INFO - Started process 2606818 to run task
[2024-07-25T14:47:26.208-0300] {standard_task_runner.py:90} INFO - Running: ['airflow', 'tasks', 'run', 'Binance_5m', 'get_5m_info', 'scheduled__2024-07-25T01:50:00+00:00', '--job-id', '2108', '--raw', '--subdir', 'DAGS_FOLDER/binance_dag.py', '--cfg-path', '/tmp/tmpj4yv1gc0']
[2024-07-25T14:47:26.209-0300] {standard_task_runner.py:91} INFO - Job 2108: Subtask get_5m_info
[2024-07-25T14:47:26.237-0300] {task_command.py:426} INFO - Running <TaskInstance: Binance_5m.get_5m_info scheduled__2024-07-25T01:50:00+00:00 [running]> on host Galaxybook.
[2024-07-25T14:47:26.283-0300] {taskinstance.py:2648} INFO - Exporting env vars: AIRFLOW_CTX_DAG_OWNER='airflow' AIRFLOW_CTX_DAG_ID='Binance_5m' AIRFLOW_CTX_TASK_ID='get_5m_info' AIRFLOW_CTX_EXECUTION_DATE='2024-07-25T01:50:00+00:00' AIRFLOW_CTX_TRY_NUMBER='1' AIRFLOW_CTX_DAG_RUN_ID='scheduled__2024-07-25T01:50:00+00:00'
[2024-07-25T14:47:26.283-0300] {taskinstance.py:430} INFO - ::endgroup::
[2024-07-25T14:47:26.291-0300] {binance_dag.py:23} INFO - End Time: 2024-07-25T01:55:00.00Z
[2024-07-25T14:47:26.291-0300] {binance_dag.py:24} INFO - Start Time: 2024-07-25T01:50:00.00Z
[2024-07-25T14:47:26.360-0300] {base.py:84} INFO - Using connection ID 'binance_default' for task execution.
[2024-07-25T14:47:26.360-0300] {logging_mixin.py:188} INFO - https://api.binance.com
[2024-07-25T14:47:26.360-0300] {binance_hook.py:35} INFO - URL: https://api.binance.com/api/v3/klines?symbol=BTCBRL&interval=5m&startTime=1721883000000&endTime=1721883299999
[2024-07-25T14:47:26.760-0300] {binance_dag.py:43} INFO - r: [[1721883000000, '365777.00000000', '365933.00000000', '365479.00000000', '365622.00000000', '0.08012000', 1721883299999, '29315.08935000', 18, '0.07669000', '28061.31507000', '0']]
[2024-07-25T14:47:26.762-0300] {python.py:237} INFO - Done. Returned value was: None
[2024-07-25T14:47:26.763-0300] {taskinstance.py:441} INFO - ::group::Post task execution logs
[2024-07-25T14:47:26.767-0300] {taskinstance.py:1206} INFO - Marking task as SUCCESS. dag_id=Binance_5m, task_id=get_5m_info, run_id=scheduled__2024-07-25T01:50:00+00:00, execution_date=20240725T015000, start_date=20240725T174726, end_date=20240725T174726
[2024-07-25T14:47:26.790-0300] {local_task_job_runner.py:243} INFO - Task exited with return code 0
[2024-07-25T14:47:26.796-0300] {taskinstance.py:3503} INFO - 0 downstream tasks scheduled from follow-on schedule check
[2024-07-25T14:47:26.796-0300] {local_task_job_runner.py:222} INFO - ::endgroup::
[2024-07-25T15:17:39.716-0300] {local_task_job_runner.py:120} INFO - ::group::Pre task execution logs
[2024-07-25T15:17:39.721-0300] {taskinstance.py:2076} INFO - Dependencies all met for dep_context=non-requeueable deps ti=<TaskInstance: Binance_5m.get_5m_info scheduled__2024-07-25T01:50:00+00:00 [queued]>
[2024-07-25T15:17:39.724-0300] {taskinstance.py:2076} INFO - Dependencies all met for dep_context=requeueable deps ti=<TaskInstance: Binance_5m.get_5m_info scheduled__2024-07-25T01:50:00+00:00 [queued]>
[2024-07-25T15:17:39.725-0300] {taskinstance.py:2306} INFO - Starting attempt 1 of 1
[2024-07-25T15:17:39.738-0300] {taskinstance.py:2330} INFO - Executing <Task(PythonOperator): get_5m_info> on 2024-07-25 01:50:00+00:00
[2024-07-25T15:17:39.740-0300] {standard_task_runner.py:64} INFO - Started process 2629442 to run task
[2024-07-25T15:17:39.742-0300] {standard_task_runner.py:90} INFO - Running: ['airflow', 'tasks', 'run', 'Binance_5m', 'get_5m_info', 'scheduled__2024-07-25T01:50:00+00:00', '--job-id', '2557', '--raw', '--subdir', 'DAGS_FOLDER/binance_dag.py', '--cfg-path', '/tmp/tmpu_3svo_k']
[2024-07-25T15:17:39.743-0300] {standard_task_runner.py:91} INFO - Job 2557: Subtask get_5m_info
[2024-07-25T15:17:39.772-0300] {task_command.py:426} INFO - Running <TaskInstance: Binance_5m.get_5m_info scheduled__2024-07-25T01:50:00+00:00 [running]> on host Galaxybook.
[2024-07-25T15:17:39.820-0300] {taskinstance.py:2648} INFO - Exporting env vars: AIRFLOW_CTX_DAG_OWNER='airflow' AIRFLOW_CTX_DAG_ID='Binance_5m' AIRFLOW_CTX_TASK_ID='get_5m_info' AIRFLOW_CTX_EXECUTION_DATE='2024-07-25T01:50:00+00:00' AIRFLOW_CTX_TRY_NUMBER='1' AIRFLOW_CTX_DAG_RUN_ID='scheduled__2024-07-25T01:50:00+00:00'
[2024-07-25T15:17:39.820-0300] {taskinstance.py:430} INFO - ::endgroup::
[2024-07-25T15:17:39.828-0300] {binance_dag.py:23} INFO - End Time: 2024-07-25T01:55:00.00Z
[2024-07-25T15:17:39.828-0300] {binance_dag.py:24} INFO - Start Time: 2024-07-25T01:50:00.00Z
[2024-07-25T15:17:39.878-0300] {binance_dag.py:25} INFO - 1721883000000
[2024-07-25T15:17:39.881-0300] {base.py:84} INFO - Using connection ID 'binance_default' for task execution.
[2024-07-25T15:17:39.881-0300] {logging_mixin.py:188} INFO - https://api.binance.com
[2024-07-25T15:17:39.881-0300] {binance_hook.py:35} INFO - URL: https://api.binance.com/api/v3/klines?symbol=BTCBRL&interval=5m&startTime=1721883000000&endTime=1721883299999
[2024-07-25T15:17:40.304-0300] {python.py:237} INFO - Done. Returned value was: None
[2024-07-25T15:17:40.305-0300] {taskinstance.py:441} INFO - ::group::Post task execution logs
[2024-07-25T15:17:40.308-0300] {taskinstance.py:1206} INFO - Marking task as SUCCESS. dag_id=Binance_5m, task_id=get_5m_info, run_id=scheduled__2024-07-25T01:50:00+00:00, execution_date=20240725T015000, start_date=20240725T181739, end_date=20240725T181740
[2024-07-25T15:17:40.327-0300] {local_task_job_runner.py:243} INFO - Task exited with return code 0
[2024-07-25T15:17:40.333-0300] {taskinstance.py:3503} INFO - 0 downstream tasks scheduled from follow-on schedule check
[2024-07-25T15:17:40.333-0300] {local_task_job_runner.py:222} INFO - ::endgroup::
[2024-07-25T16:14:07.140-0300] {local_task_job_runner.py:120} INFO - ::group::Pre task execution logs
[2024-07-25T16:14:07.147-0300] {taskinstance.py:2076} INFO - Dependencies all met for dep_context=non-requeueable deps ti=<TaskInstance: Binance_5m.get_5m_info scheduled__2024-07-25T01:50:00+00:00 [queued]>
[2024-07-25T16:14:07.151-0300] {taskinstance.py:2076} INFO - Dependencies all met for dep_context=requeueable deps ti=<TaskInstance: Binance_5m.get_5m_info scheduled__2024-07-25T01:50:00+00:00 [queued]>
[2024-07-25T16:14:07.151-0300] {taskinstance.py:2306} INFO - Starting attempt 1 of 1
[2024-07-25T16:14:07.163-0300] {taskinstance.py:2330} INFO - Executing <Task(PythonOperator): get_5m_info> on 2024-07-25 01:50:00+00:00
[2024-07-25T16:14:07.165-0300] {standard_task_runner.py:64} INFO - Started process 2657088 to run task
[2024-07-25T16:14:07.167-0300] {standard_task_runner.py:90} INFO - Running: ['airflow', 'tasks', 'run', 'Binance_5m', 'get_5m_info', 'scheduled__2024-07-25T01:50:00+00:00', '--job-id', '2117', '--raw', '--subdir', 'DAGS_FOLDER/binance_dag.py', '--cfg-path', '/tmp/tmpg0wy9fx_']
[2024-07-25T16:14:07.168-0300] {standard_task_runner.py:91} INFO - Job 2117: Subtask get_5m_info
[2024-07-25T16:14:07.197-0300] {task_command.py:426} INFO - Running <TaskInstance: Binance_5m.get_5m_info scheduled__2024-07-25T01:50:00+00:00 [running]> on host Galaxybook.
[2024-07-25T16:14:07.253-0300] {taskinstance.py:2648} INFO - Exporting env vars: AIRFLOW_CTX_DAG_OWNER='airflow' AIRFLOW_CTX_DAG_ID='Binance_5m' AIRFLOW_CTX_TASK_ID='get_5m_info' AIRFLOW_CTX_EXECUTION_DATE='2024-07-25T01:50:00+00:00' AIRFLOW_CTX_TRY_NUMBER='1' AIRFLOW_CTX_DAG_RUN_ID='scheduled__2024-07-25T01:50:00+00:00'
[2024-07-25T16:14:07.253-0300] {taskinstance.py:430} INFO - ::endgroup::
[2024-07-25T16:14:07.262-0300] {binance_dag.py:22} INFO - End Time: 2024-07-25 01:55:00+00:00
[2024-07-25T16:14:07.262-0300] {binance_dag.py:23} INFO - Start Time: 2024-07-25 01:50:00+00:00
[2024-07-25T16:14:07.262-0300] {binance_dag.py:24} INFO - Start timestamp: 1721872200000
[2024-07-25T16:14:07.262-0300] {binance_dag.py:25} INFO - End timestamp: 1721872500000
[2024-07-25T16:14:07.328-0300] {base.py:84} INFO - Using connection ID 'binance_default' for task execution.
[2024-07-25T16:14:07.328-0300] {logging_mixin.py:188} INFO - https://api.binance.com
[2024-07-25T16:14:07.329-0300] {binance_hook.py:35} INFO - URL: https://api.binance.com/api/v3/klines?symbol=BTCBRL&interval=5m&startTime=1721872200000&endTime=1721872499999&timeZone=-3
[2024-07-25T16:14:07.722-0300] {python.py:237} INFO - Done. Returned value was: None
[2024-07-25T16:14:07.723-0300] {taskinstance.py:441} INFO - ::group::Post task execution logs
[2024-07-25T16:14:07.726-0300] {taskinstance.py:1206} INFO - Marking task as SUCCESS. dag_id=Binance_5m, task_id=get_5m_info, run_id=scheduled__2024-07-25T01:50:00+00:00, execution_date=20240725T015000, start_date=20240725T191407, end_date=20240725T191407
[2024-07-25T16:14:07.752-0300] {local_task_job_runner.py:243} INFO - Task exited with return code 0
[2024-07-25T16:14:07.758-0300] {taskinstance.py:3503} INFO - 0 downstream tasks scheduled from follow-on schedule check
[2024-07-25T16:14:07.758-0300] {local_task_job_runner.py:222} INFO - ::endgroup::
