[2024-07-25T14:56:12.505-0300] {local_task_job_runner.py:120} INFO - ::group::Pre task execution logs
[2024-07-25T14:56:12.513-0300] {taskinstance.py:2076} INFO - Dependencies all met for dep_context=non-requeueable deps ti=<TaskInstance: Mercado_5m.get_5m_info scheduled__2024-07-25T03:05:00+00:00 [queued]>
[2024-07-25T14:56:12.517-0300] {taskinstance.py:2076} INFO - Dependencies all met for dep_context=requeueable deps ti=<TaskInstance: Mercado_5m.get_5m_info scheduled__2024-07-25T03:05:00+00:00 [queued]>
[2024-07-25T14:56:12.517-0300] {taskinstance.py:2306} INFO - Starting attempt 1 of 1
[2024-07-25T14:56:12.533-0300] {taskinstance.py:2330} INFO - Executing <Task(PythonOperator): get_5m_info> on 2024-07-25 03:05:00+00:00
[2024-07-25T14:56:12.536-0300] {standard_task_runner.py:64} INFO - Started process 2615654 to run task
[2024-07-25T14:56:12.538-0300] {standard_task_runner.py:90} INFO - Running: ['airflow', 'tasks', 'run', 'Mercado_5m', 'get_5m_info', 'scheduled__2024-07-25T03:05:00+00:00', '--job-id', '2348', '--raw', '--subdir', 'DAGS_FOLDER/mercado_dag.py', '--cfg-path', '/tmp/tmphgx9y9p9']
[2024-07-25T14:56:12.539-0300] {standard_task_runner.py:91} INFO - Job 2348: Subtask get_5m_info
[2024-07-25T14:56:12.572-0300] {task_command.py:426} INFO - Running <TaskInstance: Mercado_5m.get_5m_info scheduled__2024-07-25T03:05:00+00:00 [running]> on host Galaxybook.
[2024-07-25T14:56:12.634-0300] {taskinstance.py:2648} INFO - Exporting env vars: AIRFLOW_CTX_DAG_OWNER='airflow' AIRFLOW_CTX_DAG_ID='Mercado_5m' AIRFLOW_CTX_TASK_ID='get_5m_info' AIRFLOW_CTX_EXECUTION_DATE='2024-07-25T03:05:00+00:00' AIRFLOW_CTX_TRY_NUMBER='1' AIRFLOW_CTX_DAG_RUN_ID='scheduled__2024-07-25T03:05:00+00:00'
[2024-07-25T14:56:12.634-0300] {taskinstance.py:430} INFO - ::endgroup::
[2024-07-25T14:56:12.707-0300] {base.py:84} INFO - Using connection ID 'mercado_default' for task execution.
[2024-07-25T14:56:12.708-0300] {mercado_hook.py:31} INFO - URL: https://api.mercadobitcoin.net/api/v4/candles?symbol=BTC-BRL&resolution=5m&to=1721887800&from=1721887500
[2024-07-25T14:56:12.999-0300] {python.py:237} INFO - Done. Returned value was: None
[2024-07-25T14:56:13.000-0300] {taskinstance.py:441} INFO - ::group::Post task execution logs
[2024-07-25T14:56:13.003-0300] {taskinstance.py:1206} INFO - Marking task as SUCCESS. dag_id=Mercado_5m, task_id=get_5m_info, run_id=scheduled__2024-07-25T03:05:00+00:00, execution_date=20240725T030500, start_date=20240725T175612, end_date=20240725T175613
[2024-07-25T14:56:13.038-0300] {local_task_job_runner.py:243} INFO - Task exited with return code 0
[2024-07-25T14:56:13.046-0300] {taskinstance.py:3503} INFO - 0 downstream tasks scheduled from follow-on schedule check
[2024-07-25T14:56:13.046-0300] {local_task_job_runner.py:222} INFO - ::endgroup::
[2024-07-25T16:20:22.367-0300] {local_task_job_runner.py:120} INFO - ::group::Pre task execution logs
[2024-07-25T16:20:22.375-0300] {taskinstance.py:2076} INFO - Dependencies all met for dep_context=non-requeueable deps ti=<TaskInstance: Mercado_5m.get_5m_info scheduled__2024-07-25T03:05:00+00:00 [queued]>
[2024-07-25T16:20:22.379-0300] {taskinstance.py:2076} INFO - Dependencies all met for dep_context=requeueable deps ti=<TaskInstance: Mercado_5m.get_5m_info scheduled__2024-07-25T03:05:00+00:00 [queued]>
[2024-07-25T16:20:22.379-0300] {taskinstance.py:2306} INFO - Starting attempt 1 of 1
[2024-07-25T16:20:22.395-0300] {taskinstance.py:2330} INFO - Executing <Task(PythonOperator): get_5m_info> on 2024-07-25 03:05:00+00:00
[2024-07-25T16:20:22.397-0300] {standard_task_runner.py:64} INFO - Started process 2663396 to run task
[2024-07-25T16:20:22.400-0300] {standard_task_runner.py:90} INFO - Running: ['airflow', 'tasks', 'run', 'Mercado_5m', 'get_5m_info', 'scheduled__2024-07-25T03:05:00+00:00', '--job-id', '2285', '--raw', '--subdir', 'DAGS_FOLDER/mercado_dag.py', '--cfg-path', '/tmp/tmpv56hub8y']
[2024-07-25T16:20:22.402-0300] {standard_task_runner.py:91} INFO - Job 2285: Subtask get_5m_info
[2024-07-25T16:20:22.433-0300] {task_command.py:426} INFO - Running <TaskInstance: Mercado_5m.get_5m_info scheduled__2024-07-25T03:05:00+00:00 [running]> on host Galaxybook.
[2024-07-25T16:20:22.494-0300] {taskinstance.py:2648} INFO - Exporting env vars: AIRFLOW_CTX_DAG_OWNER='airflow' AIRFLOW_CTX_DAG_ID='Mercado_5m' AIRFLOW_CTX_TASK_ID='get_5m_info' AIRFLOW_CTX_EXECUTION_DATE='2024-07-25T03:05:00+00:00' AIRFLOW_CTX_TRY_NUMBER='1' AIRFLOW_CTX_DAG_RUN_ID='scheduled__2024-07-25T03:05:00+00:00'
[2024-07-25T16:20:22.494-0300] {taskinstance.py:430} INFO - ::endgroup::
[2024-07-25T16:20:22.503-0300] {mercado_dag.py:22} INFO - To: 2024-07-25 03:10:00+00:00
[2024-07-25T16:20:22.503-0300] {mercado_dag.py:23} INFO - From: 2024-07-25 03:05:00+00:00
[2024-07-25T16:20:22.503-0300] {mercado_dag.py:24} INFO - To timestamp: 1721877000 
[2024-07-25T16:20:22.504-0300] {mercado_dag.py:25} INFO - From timestamp: 1721876700 
[2024-07-25T16:20:22.571-0300] {base.py:84} INFO - Using connection ID 'mercado_default' for task execution.
[2024-07-25T16:20:22.572-0300] {mercado_hook.py:31} INFO - URL: https://api.mercadobitcoin.net/api/v4/candles?symbol=BTC-BRL&resolution=5m&to=1721877000&from=1721876700
[2024-07-25T16:20:22.837-0300] {python.py:237} INFO - Done. Returned value was: None
[2024-07-25T16:20:22.838-0300] {taskinstance.py:441} INFO - ::group::Post task execution logs
[2024-07-25T16:20:22.840-0300] {taskinstance.py:1206} INFO - Marking task as SUCCESS. dag_id=Mercado_5m, task_id=get_5m_info, run_id=scheduled__2024-07-25T03:05:00+00:00, execution_date=20240725T030500, start_date=20240725T192022, end_date=20240725T192022
[2024-07-25T16:20:22.857-0300] {local_task_job_runner.py:243} INFO - Task exited with return code 0
[2024-07-25T16:20:22.862-0300] {taskinstance.py:3503} INFO - 0 downstream tasks scheduled from follow-on schedule check
[2024-07-25T16:20:22.863-0300] {local_task_job_runner.py:222} INFO - ::endgroup::
[2024-07-25T16:26:24.208-0300] {local_task_job_runner.py:120} INFO - ::group::Pre task execution logs
[2024-07-25T16:26:24.213-0300] {taskinstance.py:2076} INFO - Dependencies all met for dep_context=non-requeueable deps ti=<TaskInstance: Mercado_5m.get_5m_info scheduled__2024-07-25T03:05:00+00:00 [queued]>
[2024-07-25T16:26:24.216-0300] {taskinstance.py:2076} INFO - Dependencies all met for dep_context=requeueable deps ti=<TaskInstance: Mercado_5m.get_5m_info scheduled__2024-07-25T03:05:00+00:00 [queued]>
[2024-07-25T16:26:24.216-0300] {taskinstance.py:2306} INFO - Starting attempt 1 of 1
[2024-07-25T16:26:24.230-0300] {taskinstance.py:2330} INFO - Executing <Task(PythonOperator): get_5m_info> on 2024-07-25 03:05:00+00:00
[2024-07-25T16:26:24.232-0300] {standard_task_runner.py:64} INFO - Started process 2669467 to run task
[2024-07-25T16:26:24.234-0300] {standard_task_runner.py:90} INFO - Running: ['airflow', 'tasks', 'run', 'Mercado_5m', 'get_5m_info', 'scheduled__2024-07-25T03:05:00+00:00', '--job-id', '2457', '--raw', '--subdir', 'DAGS_FOLDER/mercado_dag.py', '--cfg-path', '/tmp/tmpfyxd70i2']
[2024-07-25T16:26:24.234-0300] {standard_task_runner.py:91} INFO - Job 2457: Subtask get_5m_info
[2024-07-25T16:26:24.259-0300] {task_command.py:426} INFO - Running <TaskInstance: Mercado_5m.get_5m_info scheduled__2024-07-25T03:05:00+00:00 [running]> on host Galaxybook.
[2024-07-25T16:26:24.309-0300] {taskinstance.py:2648} INFO - Exporting env vars: AIRFLOW_CTX_DAG_OWNER='airflow' AIRFLOW_CTX_DAG_ID='Mercado_5m' AIRFLOW_CTX_TASK_ID='get_5m_info' AIRFLOW_CTX_EXECUTION_DATE='2024-07-25T03:05:00+00:00' AIRFLOW_CTX_TRY_NUMBER='1' AIRFLOW_CTX_DAG_RUN_ID='scheduled__2024-07-25T03:05:00+00:00'
[2024-07-25T16:26:24.310-0300] {taskinstance.py:430} INFO - ::endgroup::
[2024-07-25T16:26:24.318-0300] {mercado_dag.py:22} INFO - To: 2024-07-25 03:10:00+00:00
[2024-07-25T16:26:24.318-0300] {mercado_dag.py:23} INFO - From: 2024-07-25 03:05:00+00:00
[2024-07-25T16:26:24.319-0300] {mercado_dag.py:24} INFO - To timestamp: 1721877000000 
[2024-07-25T16:26:24.319-0300] {mercado_dag.py:25} INFO - From timestamp: 1721876700000 
[2024-07-25T16:26:24.378-0300] {base.py:84} INFO - Using connection ID 'mercado_default' for task execution.
[2024-07-25T16:26:24.378-0300] {mercado_hook.py:31} INFO - URL: https://api.mercadobitcoin.net/api/v4/candles?symbol=BTC-BRL&resolution=5m&to=1721877000000&from=1721876700000
[2024-07-25T16:26:24.675-0300] {python.py:237} INFO - Done. Returned value was: None
[2024-07-25T16:26:24.676-0300] {taskinstance.py:441} INFO - ::group::Post task execution logs
[2024-07-25T16:26:24.678-0300] {taskinstance.py:1206} INFO - Marking task as SUCCESS. dag_id=Mercado_5m, task_id=get_5m_info, run_id=scheduled__2024-07-25T03:05:00+00:00, execution_date=20240725T030500, start_date=20240725T192624, end_date=20240725T192624
[2024-07-25T16:26:24.694-0300] {local_task_job_runner.py:243} INFO - Task exited with return code 0
[2024-07-25T16:26:24.700-0300] {taskinstance.py:3503} INFO - 0 downstream tasks scheduled from follow-on schedule check
[2024-07-25T16:26:24.700-0300] {local_task_job_runner.py:222} INFO - ::endgroup::
