[2024-07-25T15:25:07.536-0300] {local_task_job_runner.py:120} INFO - ::group::Pre task execution logs
[2024-07-25T15:25:07.540-0300] {taskinstance.py:2076} INFO - Dependencies all met for dep_context=non-requeueable deps ti=<TaskInstance: Binance_5m.get_5m_info scheduled__2024-07-25T18:20:00+00:00 [queued]>
[2024-07-25T15:25:07.543-0300] {taskinstance.py:2076} INFO - Dependencies all met for dep_context=requeueable deps ti=<TaskInstance: Binance_5m.get_5m_info scheduled__2024-07-25T18:20:00+00:00 [queued]>
[2024-07-25T15:25:07.543-0300] {taskinstance.py:2306} INFO - Starting attempt 1 of 1
[2024-07-25T15:25:07.559-0300] {taskinstance.py:2330} INFO - Executing <Task(PythonOperator): get_5m_info> on 2024-07-25 18:20:00+00:00
[2024-07-25T15:25:07.561-0300] {standard_task_runner.py:64} INFO - Started process 2636795 to run task
[2024-07-25T15:25:07.563-0300] {standard_task_runner.py:90} INFO - Running: ['airflow', 'tasks', 'run', 'Binance_5m', 'get_5m_info', 'scheduled__2024-07-25T18:20:00+00:00', '--job-id', '2755', '--raw', '--subdir', 'DAGS_FOLDER/binance_dag.py', '--cfg-path', '/tmp/tmpu7bs_hxc']
[2024-07-25T15:25:07.564-0300] {standard_task_runner.py:91} INFO - Job 2755: Subtask get_5m_info
[2024-07-25T15:25:07.590-0300] {task_command.py:426} INFO - Running <TaskInstance: Binance_5m.get_5m_info scheduled__2024-07-25T18:20:00+00:00 [running]> on host Galaxybook.
[2024-07-25T15:25:07.644-0300] {taskinstance.py:2648} INFO - Exporting env vars: AIRFLOW_CTX_DAG_OWNER='airflow' AIRFLOW_CTX_DAG_ID='Binance_5m' AIRFLOW_CTX_TASK_ID='get_5m_info' AIRFLOW_CTX_EXECUTION_DATE='2024-07-25T18:20:00+00:00' AIRFLOW_CTX_TRY_NUMBER='1' AIRFLOW_CTX_DAG_RUN_ID='scheduled__2024-07-25T18:20:00+00:00'
[2024-07-25T15:25:07.645-0300] {taskinstance.py:430} INFO - ::endgroup::
[2024-07-25T15:25:07.653-0300] {binance_dag.py:23} INFO - End Time: 2024-07-25T18:25:00.00Z
[2024-07-25T15:25:07.653-0300] {binance_dag.py:24} INFO - Start Time: 2024-07-25T18:20:00.00Z
[2024-07-25T15:25:07.704-0300] {binance_dag.py:25} INFO - 1721942400000
[2024-07-25T15:25:07.707-0300] {base.py:84} INFO - Using connection ID 'binance_default' for task execution.
[2024-07-25T15:25:07.707-0300] {logging_mixin.py:188} INFO - https://api.binance.com
[2024-07-25T15:25:07.708-0300] {binance_hook.py:35} INFO - URL: https://api.binance.com/api/v3/klines?symbol=BTCBRL&interval=5m&startTime=1721942400000&endTime=1721942699999
[2024-07-25T15:25:08.149-0300] {python.py:237} INFO - Done. Returned value was: None
[2024-07-25T15:25:08.149-0300] {taskinstance.py:441} INFO - ::group::Post task execution logs
[2024-07-25T15:25:08.152-0300] {taskinstance.py:1206} INFO - Marking task as SUCCESS. dag_id=Binance_5m, task_id=get_5m_info, run_id=scheduled__2024-07-25T18:20:00+00:00, execution_date=20240725T182000, start_date=20240725T182507, end_date=20240725T182508
[2024-07-25T15:25:08.189-0300] {local_task_job_runner.py:243} INFO - Task exited with return code 0
[2024-07-25T15:25:08.195-0300] {taskinstance.py:3503} INFO - 0 downstream tasks scheduled from follow-on schedule check
[2024-07-25T15:25:08.196-0300] {local_task_job_runner.py:222} INFO - ::endgroup::
[2024-07-25T16:24:24.053-0300] {local_task_job_runner.py:120} INFO - ::group::Pre task execution logs
[2024-07-25T16:24:24.060-0300] {taskinstance.py:2076} INFO - Dependencies all met for dep_context=non-requeueable deps ti=<TaskInstance: Binance_5m.get_5m_info scheduled__2024-07-25T18:20:00+00:00 [queued]>
[2024-07-25T16:24:24.066-0300] {taskinstance.py:2076} INFO - Dependencies all met for dep_context=requeueable deps ti=<TaskInstance: Binance_5m.get_5m_info scheduled__2024-07-25T18:20:00+00:00 [queued]>
[2024-07-25T16:24:24.066-0300] {taskinstance.py:2306} INFO - Starting attempt 1 of 1
[2024-07-25T16:24:24.084-0300] {taskinstance.py:2330} INFO - Executing <Task(PythonOperator): get_5m_info> on 2024-07-25 18:20:00+00:00
[2024-07-25T16:24:24.087-0300] {standard_task_runner.py:64} INFO - Started process 2667434 to run task
[2024-07-25T16:24:24.090-0300] {standard_task_runner.py:90} INFO - Running: ['airflow', 'tasks', 'run', 'Binance_5m', 'get_5m_info', 'scheduled__2024-07-25T18:20:00+00:00', '--job-id', '2403', '--raw', '--subdir', 'DAGS_FOLDER/binance_dag.py', '--cfg-path', '/tmp/tmpywpdye54']
[2024-07-25T16:24:24.092-0300] {standard_task_runner.py:91} INFO - Job 2403: Subtask get_5m_info
[2024-07-25T16:24:24.135-0300] {task_command.py:426} INFO - Running <TaskInstance: Binance_5m.get_5m_info scheduled__2024-07-25T18:20:00+00:00 [running]> on host Galaxybook.
[2024-07-25T16:24:24.204-0300] {taskinstance.py:2648} INFO - Exporting env vars: AIRFLOW_CTX_DAG_OWNER='airflow' AIRFLOW_CTX_DAG_ID='Binance_5m' AIRFLOW_CTX_TASK_ID='get_5m_info' AIRFLOW_CTX_EXECUTION_DATE='2024-07-25T18:20:00+00:00' AIRFLOW_CTX_TRY_NUMBER='1' AIRFLOW_CTX_DAG_RUN_ID='scheduled__2024-07-25T18:20:00+00:00'
[2024-07-25T16:24:24.204-0300] {taskinstance.py:430} INFO - ::endgroup::
[2024-07-25T16:24:24.215-0300] {binance_dag.py:22} INFO - End Time: 2024-07-25 18:25:00+00:00
[2024-07-25T16:24:24.215-0300] {binance_dag.py:23} INFO - Start Time: 2024-07-25 18:20:00+00:00
[2024-07-25T16:24:24.216-0300] {binance_dag.py:24} INFO - Start timestamp: 1721931600000
[2024-07-25T16:24:24.216-0300] {binance_dag.py:25} INFO - End timestamp: 1721931900000
[2024-07-25T16:24:24.290-0300] {base.py:84} INFO - Using connection ID 'binance_default' for task execution.
[2024-07-25T16:24:24.291-0300] {logging_mixin.py:188} INFO - https://api.binance.com
[2024-07-25T16:24:24.291-0300] {binance_hook.py:35} INFO - URL: https://api.binance.com/api/v3/klines?symbol=BTCBRL&interval=5m&startTime=1721931600000&endTime=1721931899999&timeZone=-3
[2024-07-25T16:24:24.735-0300] {python.py:237} INFO - Done. Returned value was: None
[2024-07-25T16:24:24.735-0300] {taskinstance.py:441} INFO - ::group::Post task execution logs
[2024-07-25T16:24:24.738-0300] {taskinstance.py:1206} INFO - Marking task as SUCCESS. dag_id=Binance_5m, task_id=get_5m_info, run_id=scheduled__2024-07-25T18:20:00+00:00, execution_date=20240725T182000, start_date=20240725T192424, end_date=20240725T192424
[2024-07-25T16:24:24.788-0300] {local_task_job_runner.py:243} INFO - Task exited with return code 0
[2024-07-25T16:24:24.799-0300] {taskinstance.py:3503} INFO - 0 downstream tasks scheduled from follow-on schedule check
[2024-07-25T16:24:24.800-0300] {local_task_job_runner.py:222} INFO - ::endgroup::
