[2024-07-25T09:59:56.902-0300] {local_task_job_runner.py:120} INFO - ::group::Pre task execution logs
[2024-07-25T09:59:56.907-0300] {taskinstance.py:2076} INFO - Dependencies all met for dep_context=non-requeueable deps ti=<TaskInstance: Mercado_1m.get_1m_info scheduled__2024-07-25T11:44:00+00:00 [queued]>
[2024-07-25T09:59:56.912-0300] {taskinstance.py:2076} INFO - Dependencies all met for dep_context=requeueable deps ti=<TaskInstance: Mercado_1m.get_1m_info scheduled__2024-07-25T11:44:00+00:00 [queued]>
[2024-07-25T09:59:56.912-0300] {taskinstance.py:2306} INFO - Starting attempt 1 of 1
[2024-07-25T09:59:56.927-0300] {taskinstance.py:2330} INFO - Executing <Task(PythonOperator): get_1m_info> on 2024-07-25 11:44:00+00:00
[2024-07-25T09:59:56.928-0300] {standard_task_runner.py:64} INFO - Started process 2445028 to run task
[2024-07-25T09:59:56.931-0300] {standard_task_runner.py:90} INFO - Running: ['airflow', 'tasks', 'run', 'Mercado_1m', 'get_1m_info', 'scheduled__2024-07-25T11:44:00+00:00', '--job-id', '1941', '--raw', '--subdir', 'DAGS_FOLDER/mercado_dag.py', '--cfg-path', '/tmp/tmpp_94nep6']
[2024-07-25T09:59:56.931-0300] {standard_task_runner.py:91} INFO - Job 1941: Subtask get_1m_info
[2024-07-25T09:59:56.958-0300] {task_command.py:426} INFO - Running <TaskInstance: Mercado_1m.get_1m_info scheduled__2024-07-25T11:44:00+00:00 [running]> on host Galaxybook.
[2024-07-25T09:59:57.008-0300] {taskinstance.py:2648} INFO - Exporting env vars: AIRFLOW_CTX_DAG_OWNER='airflow' AIRFLOW_CTX_DAG_ID='Mercado_1m' AIRFLOW_CTX_TASK_ID='get_1m_info' AIRFLOW_CTX_EXECUTION_DATE='2024-07-25T11:44:00+00:00' AIRFLOW_CTX_TRY_NUMBER='1' AIRFLOW_CTX_DAG_RUN_ID='scheduled__2024-07-25T11:44:00+00:00'
[2024-07-25T09:59:57.009-0300] {taskinstance.py:430} INFO - ::endgroup::
[2024-07-25T09:59:57.071-0300] {base.py:84} INFO - Using connection ID 'mercado_default' for task execution.
[2024-07-25T09:59:57.071-0300] {mercado_hook.py:26} INFO - BASE URL: https://api.mercadobitcoin.net/api/v4
[2024-07-25T09:59:57.072-0300] {mercado_hook.py:32} INFO - URL: https://api.mercadobitcoin.net/api/v4/candles?symbol=BTC-BRL&resolution=1m&to=1721912337017&from=1721912397017
[2024-07-25T09:59:57.333-0300] {python.py:237} INFO - Done. Returned value was: None
[2024-07-25T09:59:57.333-0300] {taskinstance.py:441} INFO - ::group::Post task execution logs
[2024-07-25T09:59:57.335-0300] {taskinstance.py:1206} INFO - Marking task as SUCCESS. dag_id=Mercado_1m, task_id=get_1m_info, run_id=scheduled__2024-07-25T11:44:00+00:00, execution_date=20240725T114400, start_date=20240725T125956, end_date=20240725T125957
[2024-07-25T09:59:57.351-0300] {local_task_job_runner.py:243} INFO - Task exited with return code 0
[2024-07-25T09:59:57.357-0300] {taskinstance.py:3503} INFO - 0 downstream tasks scheduled from follow-on schedule check
[2024-07-25T09:59:57.357-0300] {local_task_job_runner.py:222} INFO - ::endgroup::
[2024-07-25T10:59:34.255-0300] {local_task_job_runner.py:120} INFO - ::group::Pre task execution logs
[2024-07-25T10:59:34.262-0300] {taskinstance.py:2076} INFO - Dependencies all met for dep_context=non-requeueable deps ti=<TaskInstance: Mercado_1m.get_1m_info scheduled__2024-07-25T11:44:00+00:00 [queued]>
[2024-07-25T10:59:34.265-0300] {taskinstance.py:2076} INFO - Dependencies all met for dep_context=requeueable deps ti=<TaskInstance: Mercado_1m.get_1m_info scheduled__2024-07-25T11:44:00+00:00 [queued]>
[2024-07-25T10:59:34.265-0300] {taskinstance.py:2306} INFO - Starting attempt 1 of 1
[2024-07-25T10:59:34.284-0300] {taskinstance.py:2330} INFO - Executing <Task(PythonOperator): get_1m_info> on 2024-07-25 11:44:00+00:00
[2024-07-25T10:59:34.286-0300] {standard_task_runner.py:64} INFO - Started process 2481303 to run task
[2024-07-25T10:59:34.288-0300] {standard_task_runner.py:90} INFO - Running: ['airflow', 'tasks', 'run', 'Mercado_1m', 'get_1m_info', 'scheduled__2024-07-25T11:44:00+00:00', '--job-id', '1879', '--raw', '--subdir', 'DAGS_FOLDER/mercado_dag.py', '--cfg-path', '/tmp/tmp2i3z5h5m']
[2024-07-25T10:59:34.289-0300] {standard_task_runner.py:91} INFO - Job 1879: Subtask get_1m_info
[2024-07-25T10:59:34.320-0300] {task_command.py:426} INFO - Running <TaskInstance: Mercado_1m.get_1m_info scheduled__2024-07-25T11:44:00+00:00 [running]> on host Galaxybook.
[2024-07-25T10:59:34.373-0300] {taskinstance.py:2648} INFO - Exporting env vars: AIRFLOW_CTX_DAG_OWNER='airflow' AIRFLOW_CTX_DAG_ID='Mercado_1m' AIRFLOW_CTX_TASK_ID='get_1m_info' AIRFLOW_CTX_EXECUTION_DATE='2024-07-25T11:44:00+00:00' AIRFLOW_CTX_TRY_NUMBER='1' AIRFLOW_CTX_DAG_RUN_ID='scheduled__2024-07-25T11:44:00+00:00'
[2024-07-25T10:59:34.374-0300] {taskinstance.py:430} INFO - ::endgroup::
[2024-07-25T10:59:34.434-0300] {base.py:84} INFO - Using connection ID 'mercado_default' for task execution.
[2024-07-25T10:59:34.435-0300] {mercado_hook.py:31} INFO - URL: https://api.mercadobitcoin.net/api/v4/candles?symbol=BTC-BRL&resolution=1m&to=1721915974381&countback=1
[2024-07-25T10:59:34.720-0300] {python.py:237} INFO - Done. Returned value was: None
[2024-07-25T10:59:34.720-0300] {taskinstance.py:441} INFO - ::group::Post task execution logs
[2024-07-25T10:59:34.723-0300] {taskinstance.py:1206} INFO - Marking task as SUCCESS. dag_id=Mercado_1m, task_id=get_1m_info, run_id=scheduled__2024-07-25T11:44:00+00:00, execution_date=20240725T114400, start_date=20240725T135934, end_date=20240725T135934
[2024-07-25T10:59:34.749-0300] {local_task_job_runner.py:243} INFO - Task exited with return code 0
[2024-07-25T10:59:34.755-0300] {taskinstance.py:3503} INFO - 0 downstream tasks scheduled from follow-on schedule check
[2024-07-25T10:59:34.755-0300] {local_task_job_runner.py:222} INFO - ::endgroup::
