[2024-07-25T14:49:10.214-0300] {local_task_job_runner.py:120} INFO - ::group::Pre task execution logs
[2024-07-25T14:49:10.220-0300] {taskinstance.py:2076} INFO - Dependencies all met for dep_context=non-requeueable deps ti=<TaskInstance: Binance_5m.get_5m_info scheduled__2024-07-25T05:25:00+00:00 [queued]>
[2024-07-25T14:49:10.223-0300] {taskinstance.py:2076} INFO - Dependencies all met for dep_context=requeueable deps ti=<TaskInstance: Binance_5m.get_5m_info scheduled__2024-07-25T05:25:00+00:00 [queued]>
[2024-07-25T14:49:10.223-0300] {taskinstance.py:2306} INFO - Starting attempt 1 of 1
[2024-07-25T14:49:10.236-0300] {taskinstance.py:2330} INFO - Executing <Task(PythonOperator): get_5m_info> on 2024-07-25 05:25:00+00:00
[2024-07-25T14:49:10.238-0300] {standard_task_runner.py:64} INFO - Started process 2608558 to run task
[2024-07-25T14:49:10.241-0300] {standard_task_runner.py:90} INFO - Running: ['airflow', 'tasks', 'run', 'Binance_5m', 'get_5m_info', 'scheduled__2024-07-25T05:25:00+00:00', '--job-id', '2151', '--raw', '--subdir', 'DAGS_FOLDER/binance_dag.py', '--cfg-path', '/tmp/tmplioxed4g']
[2024-07-25T14:49:10.242-0300] {standard_task_runner.py:91} INFO - Job 2151: Subtask get_5m_info
[2024-07-25T14:49:10.267-0300] {task_command.py:426} INFO - Running <TaskInstance: Binance_5m.get_5m_info scheduled__2024-07-25T05:25:00+00:00 [running]> on host Galaxybook.
[2024-07-25T14:49:10.322-0300] {taskinstance.py:2648} INFO - Exporting env vars: AIRFLOW_CTX_DAG_OWNER='airflow' AIRFLOW_CTX_DAG_ID='Binance_5m' AIRFLOW_CTX_TASK_ID='get_5m_info' AIRFLOW_CTX_EXECUTION_DATE='2024-07-25T05:25:00+00:00' AIRFLOW_CTX_TRY_NUMBER='1' AIRFLOW_CTX_DAG_RUN_ID='scheduled__2024-07-25T05:25:00+00:00'
[2024-07-25T14:49:10.322-0300] {taskinstance.py:430} INFO - ::endgroup::
[2024-07-25T14:49:10.330-0300] {binance_dag.py:23} INFO - End Time: 2024-07-25T05:30:00.00Z
[2024-07-25T14:49:10.330-0300] {binance_dag.py:24} INFO - Start Time: 2024-07-25T05:25:00.00Z
[2024-07-25T14:49:10.385-0300] {base.py:84} INFO - Using connection ID 'binance_default' for task execution.
[2024-07-25T14:49:10.385-0300] {logging_mixin.py:188} INFO - https://api.binance.com
[2024-07-25T14:49:10.386-0300] {binance_hook.py:35} INFO - URL: https://api.binance.com/api/v3/klines?symbol=BTCBRL&interval=5m&startTime=1721895900000&endTime=1721896199999
[2024-07-25T14:49:10.777-0300] {binance_dag.py:43} INFO - r: [[1721895900000, '364570.00000000', '365079.00000000', '364087.00000000', '364864.00000000', '0.34840000', 1721896199999, '127006.01571000', 41, '0.33147000', '120841.69024000', '0']]
[2024-07-25T14:49:10.779-0300] {python.py:237} INFO - Done. Returned value was: None
[2024-07-25T14:49:10.780-0300] {taskinstance.py:441} INFO - ::group::Post task execution logs
[2024-07-25T14:49:10.783-0300] {taskinstance.py:1206} INFO - Marking task as SUCCESS. dag_id=Binance_5m, task_id=get_5m_info, run_id=scheduled__2024-07-25T05:25:00+00:00, execution_date=20240725T052500, start_date=20240725T174910, end_date=20240725T174910
[2024-07-25T14:49:10.823-0300] {local_task_job_runner.py:243} INFO - Task exited with return code 0
[2024-07-25T14:49:10.831-0300] {taskinstance.py:3503} INFO - 0 downstream tasks scheduled from follow-on schedule check
[2024-07-25T14:49:10.832-0300] {local_task_job_runner.py:222} INFO - ::endgroup::
[2024-07-25T15:19:19.054-0300] {local_task_job_runner.py:120} INFO - ::group::Pre task execution logs
[2024-07-25T15:19:19.059-0300] {taskinstance.py:2076} INFO - Dependencies all met for dep_context=non-requeueable deps ti=<TaskInstance: Binance_5m.get_5m_info scheduled__2024-07-25T05:25:00+00:00 [queued]>
[2024-07-25T15:19:19.062-0300] {taskinstance.py:2076} INFO - Dependencies all met for dep_context=requeueable deps ti=<TaskInstance: Binance_5m.get_5m_info scheduled__2024-07-25T05:25:00+00:00 [queued]>
[2024-07-25T15:19:19.062-0300] {taskinstance.py:2306} INFO - Starting attempt 1 of 1
[2024-07-25T15:19:19.074-0300] {taskinstance.py:2330} INFO - Executing <Task(PythonOperator): get_5m_info> on 2024-07-25 05:25:00+00:00
[2024-07-25T15:19:19.076-0300] {standard_task_runner.py:64} INFO - Started process 2631065 to run task
[2024-07-25T15:19:19.078-0300] {standard_task_runner.py:90} INFO - Running: ['airflow', 'tasks', 'run', 'Binance_5m', 'get_5m_info', 'scheduled__2024-07-25T05:25:00+00:00', '--job-id', '2600', '--raw', '--subdir', 'DAGS_FOLDER/binance_dag.py', '--cfg-path', '/tmp/tmpqx48geax']
[2024-07-25T15:19:19.079-0300] {standard_task_runner.py:91} INFO - Job 2600: Subtask get_5m_info
[2024-07-25T15:19:19.102-0300] {task_command.py:426} INFO - Running <TaskInstance: Binance_5m.get_5m_info scheduled__2024-07-25T05:25:00+00:00 [running]> on host Galaxybook.
[2024-07-25T15:19:19.153-0300] {taskinstance.py:2648} INFO - Exporting env vars: AIRFLOW_CTX_DAG_OWNER='airflow' AIRFLOW_CTX_DAG_ID='Binance_5m' AIRFLOW_CTX_TASK_ID='get_5m_info' AIRFLOW_CTX_EXECUTION_DATE='2024-07-25T05:25:00+00:00' AIRFLOW_CTX_TRY_NUMBER='1' AIRFLOW_CTX_DAG_RUN_ID='scheduled__2024-07-25T05:25:00+00:00'
[2024-07-25T15:19:19.153-0300] {taskinstance.py:430} INFO - ::endgroup::
[2024-07-25T15:19:19.161-0300] {binance_dag.py:23} INFO - End Time: 2024-07-25T05:30:00.00Z
[2024-07-25T15:19:19.161-0300] {binance_dag.py:24} INFO - Start Time: 2024-07-25T05:25:00.00Z
[2024-07-25T15:19:19.212-0300] {binance_dag.py:25} INFO - 1721895900000
[2024-07-25T15:19:19.214-0300] {base.py:84} INFO - Using connection ID 'binance_default' for task execution.
[2024-07-25T15:19:19.215-0300] {logging_mixin.py:188} INFO - https://api.binance.com
[2024-07-25T15:19:19.215-0300] {binance_hook.py:35} INFO - URL: https://api.binance.com/api/v3/klines?symbol=BTCBRL&interval=5m&startTime=1721895900000&endTime=1721896199999
[2024-07-25T15:19:19.597-0300] {python.py:237} INFO - Done. Returned value was: None
[2024-07-25T15:19:19.598-0300] {taskinstance.py:441} INFO - ::group::Post task execution logs
[2024-07-25T15:19:19.600-0300] {taskinstance.py:1206} INFO - Marking task as SUCCESS. dag_id=Binance_5m, task_id=get_5m_info, run_id=scheduled__2024-07-25T05:25:00+00:00, execution_date=20240725T052500, start_date=20240725T181919, end_date=20240725T181919
[2024-07-25T15:19:19.621-0300] {local_task_job_runner.py:243} INFO - Task exited with return code 0
[2024-07-25T15:19:19.627-0300] {taskinstance.py:3503} INFO - 0 downstream tasks scheduled from follow-on schedule check
[2024-07-25T15:19:19.628-0300] {local_task_job_runner.py:222} INFO - ::endgroup::
[2024-07-25T16:15:50.831-0300] {local_task_job_runner.py:120} INFO - ::group::Pre task execution logs
[2024-07-25T16:15:50.837-0300] {taskinstance.py:2076} INFO - Dependencies all met for dep_context=non-requeueable deps ti=<TaskInstance: Binance_5m.get_5m_info scheduled__2024-07-25T05:25:00+00:00 [queued]>
[2024-07-25T16:15:50.841-0300] {taskinstance.py:2076} INFO - Dependencies all met for dep_context=requeueable deps ti=<TaskInstance: Binance_5m.get_5m_info scheduled__2024-07-25T05:25:00+00:00 [queued]>
[2024-07-25T16:15:50.841-0300] {taskinstance.py:2306} INFO - Starting attempt 1 of 1
[2024-07-25T16:15:50.857-0300] {taskinstance.py:2330} INFO - Executing <Task(PythonOperator): get_5m_info> on 2024-07-25 05:25:00+00:00
[2024-07-25T16:15:50.859-0300] {standard_task_runner.py:64} INFO - Started process 2658780 to run task
[2024-07-25T16:15:50.861-0300] {standard_task_runner.py:90} INFO - Running: ['airflow', 'tasks', 'run', 'Binance_5m', 'get_5m_info', 'scheduled__2024-07-25T05:25:00+00:00', '--job-id', '2160', '--raw', '--subdir', 'DAGS_FOLDER/binance_dag.py', '--cfg-path', '/tmp/tmpkrbyj8f4']
[2024-07-25T16:15:50.861-0300] {standard_task_runner.py:91} INFO - Job 2160: Subtask get_5m_info
[2024-07-25T16:15:50.889-0300] {task_command.py:426} INFO - Running <TaskInstance: Binance_5m.get_5m_info scheduled__2024-07-25T05:25:00+00:00 [running]> on host Galaxybook.
[2024-07-25T16:15:50.943-0300] {taskinstance.py:2648} INFO - Exporting env vars: AIRFLOW_CTX_DAG_OWNER='airflow' AIRFLOW_CTX_DAG_ID='Binance_5m' AIRFLOW_CTX_TASK_ID='get_5m_info' AIRFLOW_CTX_EXECUTION_DATE='2024-07-25T05:25:00+00:00' AIRFLOW_CTX_TRY_NUMBER='1' AIRFLOW_CTX_DAG_RUN_ID='scheduled__2024-07-25T05:25:00+00:00'
[2024-07-25T16:15:50.944-0300] {taskinstance.py:430} INFO - ::endgroup::
[2024-07-25T16:15:50.953-0300] {binance_dag.py:22} INFO - End Time: 2024-07-25 05:30:00+00:00
[2024-07-25T16:15:50.953-0300] {binance_dag.py:23} INFO - Start Time: 2024-07-25 05:25:00+00:00
[2024-07-25T16:15:50.953-0300] {binance_dag.py:24} INFO - Start timestamp: 1721885100000
[2024-07-25T16:15:50.953-0300] {binance_dag.py:25} INFO - End timestamp: 1721885400000
[2024-07-25T16:15:51.021-0300] {base.py:84} INFO - Using connection ID 'binance_default' for task execution.
[2024-07-25T16:15:51.022-0300] {logging_mixin.py:188} INFO - https://api.binance.com
[2024-07-25T16:15:51.022-0300] {binance_hook.py:35} INFO - URL: https://api.binance.com/api/v3/klines?symbol=BTCBRL&interval=5m&startTime=1721885100000&endTime=1721885399999&timeZone=-3
[2024-07-25T16:15:51.421-0300] {python.py:237} INFO - Done. Returned value was: None
[2024-07-25T16:15:51.421-0300] {taskinstance.py:441} INFO - ::group::Post task execution logs
[2024-07-25T16:15:51.424-0300] {taskinstance.py:1206} INFO - Marking task as SUCCESS. dag_id=Binance_5m, task_id=get_5m_info, run_id=scheduled__2024-07-25T05:25:00+00:00, execution_date=20240725T052500, start_date=20240725T191550, end_date=20240725T191551
[2024-07-25T16:15:51.482-0300] {local_task_job_runner.py:243} INFO - Task exited with return code 0
[2024-07-25T16:15:51.489-0300] {taskinstance.py:3503} INFO - 0 downstream tasks scheduled from follow-on schedule check
[2024-07-25T16:15:51.489-0300] {local_task_job_runner.py:222} INFO - ::endgroup::
