[2024-07-25T09:58:30.642-0300] {local_task_job_runner.py:120} INFO - ::group::Pre task execution logs
[2024-07-25T09:58:30.646-0300] {taskinstance.py:2076} INFO - Dependencies all met for dep_context=non-requeueable deps ti=<TaskInstance: Mercado_1m.get_1m_info scheduled__2024-07-25T11:07:00+00:00 [queued]>
[2024-07-25T09:58:30.649-0300] {taskinstance.py:2076} INFO - Dependencies all met for dep_context=requeueable deps ti=<TaskInstance: Mercado_1m.get_1m_info scheduled__2024-07-25T11:07:00+00:00 [queued]>
[2024-07-25T09:58:30.649-0300] {taskinstance.py:2306} INFO - Starting attempt 1 of 1
[2024-07-25T09:58:30.661-0300] {taskinstance.py:2330} INFO - Executing <Task(PythonOperator): get_1m_info> on 2024-07-25 11:07:00+00:00
[2024-07-25T09:58:30.663-0300] {standard_task_runner.py:64} INFO - Started process 2443565 to run task
[2024-07-25T09:58:30.664-0300] {standard_task_runner.py:90} INFO - Running: ['airflow', 'tasks', 'run', 'Mercado_1m', 'get_1m_info', 'scheduled__2024-07-25T11:07:00+00:00', '--job-id', '1903', '--raw', '--subdir', 'DAGS_FOLDER/mercado_dag.py', '--cfg-path', '/tmp/tmpoku883p9']
[2024-07-25T09:58:30.665-0300] {standard_task_runner.py:91} INFO - Job 1903: Subtask get_1m_info
[2024-07-25T09:58:30.694-0300] {task_command.py:426} INFO - Running <TaskInstance: Mercado_1m.get_1m_info scheduled__2024-07-25T11:07:00+00:00 [running]> on host Galaxybook.
[2024-07-25T09:58:30.742-0300] {taskinstance.py:2648} INFO - Exporting env vars: AIRFLOW_CTX_DAG_OWNER='airflow' AIRFLOW_CTX_DAG_ID='Mercado_1m' AIRFLOW_CTX_TASK_ID='get_1m_info' AIRFLOW_CTX_EXECUTION_DATE='2024-07-25T11:07:00+00:00' AIRFLOW_CTX_TRY_NUMBER='1' AIRFLOW_CTX_DAG_RUN_ID='scheduled__2024-07-25T11:07:00+00:00'
[2024-07-25T09:58:30.743-0300] {taskinstance.py:430} INFO - ::endgroup::
[2024-07-25T09:58:30.801-0300] {base.py:84} INFO - Using connection ID 'mercado_default' for task execution.
[2024-07-25T09:58:30.801-0300] {mercado_hook.py:26} INFO - BASE URL: https://api.mercadobitcoin.net/api/v4
[2024-07-25T09:58:30.802-0300] {mercado_hook.py:32} INFO - URL: https://api.mercadobitcoin.net/api/v4/candles?symbol=BTC-BRL&resolution=1m&to=1721912250&from=1721912310
[2024-07-25T09:58:31.065-0300] {python.py:237} INFO - Done. Returned value was: None
[2024-07-25T09:58:31.065-0300] {taskinstance.py:441} INFO - ::group::Post task execution logs
[2024-07-25T09:58:31.068-0300] {taskinstance.py:1206} INFO - Marking task as SUCCESS. dag_id=Mercado_1m, task_id=get_1m_info, run_id=scheduled__2024-07-25T11:07:00+00:00, execution_date=20240725T110700, start_date=20240725T125830, end_date=20240725T125831
[2024-07-25T09:58:31.082-0300] {local_task_job_runner.py:243} INFO - Task exited with return code 0
[2024-07-25T09:58:31.088-0300] {taskinstance.py:3503} INFO - 0 downstream tasks scheduled from follow-on schedule check
[2024-07-25T09:58:31.088-0300] {local_task_job_runner.py:222} INFO - ::endgroup::
[2024-07-25T10:58:08.312-0300] {local_task_job_runner.py:120} INFO - ::group::Pre task execution logs
[2024-07-25T10:58:08.319-0300] {taskinstance.py:2076} INFO - Dependencies all met for dep_context=non-requeueable deps ti=<TaskInstance: Mercado_1m.get_1m_info scheduled__2024-07-25T11:07:00+00:00 [queued]>
[2024-07-25T10:58:08.323-0300] {taskinstance.py:2076} INFO - Dependencies all met for dep_context=requeueable deps ti=<TaskInstance: Mercado_1m.get_1m_info scheduled__2024-07-25T11:07:00+00:00 [queued]>
[2024-07-25T10:58:08.323-0300] {taskinstance.py:2306} INFO - Starting attempt 1 of 1
[2024-07-25T10:58:08.341-0300] {taskinstance.py:2330} INFO - Executing <Task(PythonOperator): get_1m_info> on 2024-07-25 11:07:00+00:00
[2024-07-25T10:58:08.343-0300] {standard_task_runner.py:64} INFO - Started process 2479806 to run task
[2024-07-25T10:58:08.345-0300] {standard_task_runner.py:90} INFO - Running: ['airflow', 'tasks', 'run', 'Mercado_1m', 'get_1m_info', 'scheduled__2024-07-25T11:07:00+00:00', '--job-id', '1841', '--raw', '--subdir', 'DAGS_FOLDER/mercado_dag.py', '--cfg-path', '/tmp/tmpzyl_aocp']
[2024-07-25T10:58:08.346-0300] {standard_task_runner.py:91} INFO - Job 1841: Subtask get_1m_info
[2024-07-25T10:58:08.377-0300] {task_command.py:426} INFO - Running <TaskInstance: Mercado_1m.get_1m_info scheduled__2024-07-25T11:07:00+00:00 [running]> on host Galaxybook.
[2024-07-25T10:58:08.431-0300] {taskinstance.py:2648} INFO - Exporting env vars: AIRFLOW_CTX_DAG_OWNER='airflow' AIRFLOW_CTX_DAG_ID='Mercado_1m' AIRFLOW_CTX_TASK_ID='get_1m_info' AIRFLOW_CTX_EXECUTION_DATE='2024-07-25T11:07:00+00:00' AIRFLOW_CTX_TRY_NUMBER='1' AIRFLOW_CTX_DAG_RUN_ID='scheduled__2024-07-25T11:07:00+00:00'
[2024-07-25T10:58:08.432-0300] {taskinstance.py:430} INFO - ::endgroup::
[2024-07-25T10:58:08.497-0300] {base.py:84} INFO - Using connection ID 'mercado_default' for task execution.
[2024-07-25T10:58:08.497-0300] {mercado_hook.py:31} INFO - URL: https://api.mercadobitcoin.net/api/v4/candles?symbol=BTC-BRL&resolution=1m&to=1721915888441&countback=1
[2024-07-25T10:58:08.823-0300] {python.py:237} INFO - Done. Returned value was: None
[2024-07-25T10:58:08.824-0300] {taskinstance.py:441} INFO - ::group::Post task execution logs
[2024-07-25T10:58:08.826-0300] {taskinstance.py:1206} INFO - Marking task as SUCCESS. dag_id=Mercado_1m, task_id=get_1m_info, run_id=scheduled__2024-07-25T11:07:00+00:00, execution_date=20240725T110700, start_date=20240725T135808, end_date=20240725T135808
[2024-07-25T10:58:08.883-0300] {local_task_job_runner.py:243} INFO - Task exited with return code 0
[2024-07-25T10:58:08.893-0300] {taskinstance.py:3503} INFO - 0 downstream tasks scheduled from follow-on schedule check
[2024-07-25T10:58:08.894-0300] {local_task_job_runner.py:222} INFO - ::endgroup::
