[2024-07-25T14:55:48.097-0300] {local_task_job_runner.py:120} INFO - ::group::Pre task execution logs
[2024-07-25T14:55:48.103-0300] {taskinstance.py:2076} INFO - Dependencies all met for dep_context=non-requeueable deps ti=<TaskInstance: Mercado_5m.get_5m_info scheduled__2024-07-25T02:05:00+00:00 [queued]>
[2024-07-25T14:55:48.106-0300] {taskinstance.py:2076} INFO - Dependencies all met for dep_context=requeueable deps ti=<TaskInstance: Mercado_5m.get_5m_info scheduled__2024-07-25T02:05:00+00:00 [queued]>
[2024-07-25T14:55:48.107-0300] {taskinstance.py:2306} INFO - Starting attempt 1 of 1
[2024-07-25T14:55:48.123-0300] {taskinstance.py:2330} INFO - Executing <Task(PythonOperator): get_5m_info> on 2024-07-25 02:05:00+00:00
[2024-07-25T14:55:48.125-0300] {standard_task_runner.py:64} INFO - Started process 2615243 to run task
[2024-07-25T14:55:48.127-0300] {standard_task_runner.py:90} INFO - Running: ['airflow', 'tasks', 'run', 'Mercado_5m', 'get_5m_info', 'scheduled__2024-07-25T02:05:00+00:00', '--job-id', '2336', '--raw', '--subdir', 'DAGS_FOLDER/mercado_dag.py', '--cfg-path', '/tmp/tmpkoe7yk7f']
[2024-07-25T14:55:48.128-0300] {standard_task_runner.py:91} INFO - Job 2336: Subtask get_5m_info
[2024-07-25T14:55:48.157-0300] {task_command.py:426} INFO - Running <TaskInstance: Mercado_5m.get_5m_info scheduled__2024-07-25T02:05:00+00:00 [running]> on host Galaxybook.
[2024-07-25T14:55:48.226-0300] {taskinstance.py:2648} INFO - Exporting env vars: AIRFLOW_CTX_DAG_OWNER='airflow' AIRFLOW_CTX_DAG_ID='Mercado_5m' AIRFLOW_CTX_TASK_ID='get_5m_info' AIRFLOW_CTX_EXECUTION_DATE='2024-07-25T02:05:00+00:00' AIRFLOW_CTX_TRY_NUMBER='1' AIRFLOW_CTX_DAG_RUN_ID='scheduled__2024-07-25T02:05:00+00:00'
[2024-07-25T14:55:48.227-0300] {taskinstance.py:430} INFO - ::endgroup::
[2024-07-25T14:55:48.310-0300] {base.py:84} INFO - Using connection ID 'mercado_default' for task execution.
[2024-07-25T14:55:48.311-0300] {mercado_hook.py:31} INFO - URL: https://api.mercadobitcoin.net/api/v4/candles?symbol=BTC-BRL&resolution=5m&to=1721884200&from=1721883900
[2024-07-25T14:55:48.597-0300] {python.py:237} INFO - Done. Returned value was: None
[2024-07-25T14:55:48.598-0300] {taskinstance.py:441} INFO - ::group::Post task execution logs
[2024-07-25T14:55:48.601-0300] {taskinstance.py:1206} INFO - Marking task as SUCCESS. dag_id=Mercado_5m, task_id=get_5m_info, run_id=scheduled__2024-07-25T02:05:00+00:00, execution_date=20240725T020500, start_date=20240725T175548, end_date=20240725T175548
[2024-07-25T14:55:48.630-0300] {local_task_job_runner.py:243} INFO - Task exited with return code 0
[2024-07-25T14:55:48.639-0300] {taskinstance.py:3503} INFO - 0 downstream tasks scheduled from follow-on schedule check
[2024-07-25T14:55:48.639-0300] {local_task_job_runner.py:222} INFO - ::endgroup::
[2024-07-25T16:19:34.682-0300] {local_task_job_runner.py:120} INFO - ::group::Pre task execution logs
[2024-07-25T16:19:34.687-0300] {taskinstance.py:2076} INFO - Dependencies all met for dep_context=non-requeueable deps ti=<TaskInstance: Mercado_5m.get_5m_info scheduled__2024-07-25T02:05:00+00:00 [queued]>
[2024-07-25T16:19:34.691-0300] {taskinstance.py:2076} INFO - Dependencies all met for dep_context=requeueable deps ti=<TaskInstance: Mercado_5m.get_5m_info scheduled__2024-07-25T02:05:00+00:00 [queued]>
[2024-07-25T16:19:34.691-0300] {taskinstance.py:2306} INFO - Starting attempt 1 of 1
[2024-07-25T16:19:34.706-0300] {taskinstance.py:2330} INFO - Executing <Task(PythonOperator): get_5m_info> on 2024-07-25 02:05:00+00:00
[2024-07-25T16:19:34.708-0300] {standard_task_runner.py:64} INFO - Started process 2662576 to run task
[2024-07-25T16:19:34.711-0300] {standard_task_runner.py:90} INFO - Running: ['airflow', 'tasks', 'run', 'Mercado_5m', 'get_5m_info', 'scheduled__2024-07-25T02:05:00+00:00', '--job-id', '2260', '--raw', '--subdir', 'DAGS_FOLDER/mercado_dag.py', '--cfg-path', '/tmp/tmpmjxd63ft']
[2024-07-25T16:19:34.712-0300] {standard_task_runner.py:91} INFO - Job 2260: Subtask get_5m_info
[2024-07-25T16:19:34.740-0300] {task_command.py:426} INFO - Running <TaskInstance: Mercado_5m.get_5m_info scheduled__2024-07-25T02:05:00+00:00 [running]> on host Galaxybook.
[2024-07-25T16:19:34.799-0300] {taskinstance.py:2648} INFO - Exporting env vars: AIRFLOW_CTX_DAG_OWNER='airflow' AIRFLOW_CTX_DAG_ID='Mercado_5m' AIRFLOW_CTX_TASK_ID='get_5m_info' AIRFLOW_CTX_EXECUTION_DATE='2024-07-25T02:05:00+00:00' AIRFLOW_CTX_TRY_NUMBER='1' AIRFLOW_CTX_DAG_RUN_ID='scheduled__2024-07-25T02:05:00+00:00'
[2024-07-25T16:19:34.799-0300] {taskinstance.py:430} INFO - ::endgroup::
[2024-07-25T16:19:34.807-0300] {mercado_dag.py:22} INFO - To: 2024-07-25 02:10:00+00:00
[2024-07-25T16:19:34.807-0300] {mercado_dag.py:23} INFO - From: 2024-07-25 02:05:00+00:00
[2024-07-25T16:19:34.807-0300] {mercado_dag.py:24} INFO - To timestamp: 1721873400 
[2024-07-25T16:19:34.807-0300] {mercado_dag.py:25} INFO - From timestamp: 1721873100 
[2024-07-25T16:19:34.865-0300] {base.py:84} INFO - Using connection ID 'mercado_default' for task execution.
[2024-07-25T16:19:34.866-0300] {mercado_hook.py:31} INFO - URL: https://api.mercadobitcoin.net/api/v4/candles?symbol=BTC-BRL&resolution=5m&to=1721873400&from=1721873100
[2024-07-25T16:19:35.131-0300] {python.py:237} INFO - Done. Returned value was: None
[2024-07-25T16:19:35.132-0300] {taskinstance.py:441} INFO - ::group::Post task execution logs
[2024-07-25T16:19:35.135-0300] {taskinstance.py:1206} INFO - Marking task as SUCCESS. dag_id=Mercado_5m, task_id=get_5m_info, run_id=scheduled__2024-07-25T02:05:00+00:00, execution_date=20240725T020500, start_date=20240725T191934, end_date=20240725T191935
[2024-07-25T16:19:35.171-0300] {local_task_job_runner.py:243} INFO - Task exited with return code 0
[2024-07-25T16:19:35.178-0300] {taskinstance.py:3503} INFO - 0 downstream tasks scheduled from follow-on schedule check
[2024-07-25T16:19:35.179-0300] {local_task_job_runner.py:222} INFO - ::endgroup::
[2024-07-25T16:23:36.115-0300] {local_task_job_runner.py:120} INFO - ::group::Pre task execution logs
[2024-07-25T16:23:36.124-0300] {taskinstance.py:2076} INFO - Dependencies all met for dep_context=non-requeueable deps ti=<TaskInstance: Mercado_5m.get_5m_info scheduled__2024-07-25T02:05:00+00:00 [queued]>
[2024-07-25T16:23:36.128-0300] {taskinstance.py:2076} INFO - Dependencies all met for dep_context=requeueable deps ti=<TaskInstance: Mercado_5m.get_5m_info scheduled__2024-07-25T02:05:00+00:00 [queued]>
[2024-07-25T16:23:36.128-0300] {taskinstance.py:2306} INFO - Starting attempt 1 of 1
[2024-07-25T16:23:36.140-0300] {taskinstance.py:2330} INFO - Executing <Task(PythonOperator): get_5m_info> on 2024-07-25 02:05:00+00:00
[2024-07-25T16:23:36.142-0300] {standard_task_runner.py:64} INFO - Started process 2666657 to run task
[2024-07-25T16:23:36.144-0300] {standard_task_runner.py:90} INFO - Running: ['airflow', 'tasks', 'run', 'Mercado_5m', 'get_5m_info', 'scheduled__2024-07-25T02:05:00+00:00', '--job-id', '2383', '--raw', '--subdir', 'DAGS_FOLDER/mercado_dag.py', '--cfg-path', '/tmp/tmput9lahop']
[2024-07-25T16:23:36.145-0300] {standard_task_runner.py:91} INFO - Job 2383: Subtask get_5m_info
[2024-07-25T16:23:36.179-0300] {task_command.py:426} INFO - Running <TaskInstance: Mercado_5m.get_5m_info scheduled__2024-07-25T02:05:00+00:00 [running]> on host Galaxybook.
[2024-07-25T16:23:36.227-0300] {taskinstance.py:2648} INFO - Exporting env vars: AIRFLOW_CTX_DAG_OWNER='airflow' AIRFLOW_CTX_DAG_ID='Mercado_5m' AIRFLOW_CTX_TASK_ID='get_5m_info' AIRFLOW_CTX_EXECUTION_DATE='2024-07-25T02:05:00+00:00' AIRFLOW_CTX_TRY_NUMBER='1' AIRFLOW_CTX_DAG_RUN_ID='scheduled__2024-07-25T02:05:00+00:00'
[2024-07-25T16:23:36.227-0300] {taskinstance.py:430} INFO - ::endgroup::
[2024-07-25T16:23:36.235-0300] {mercado_dag.py:22} INFO - To: 2024-07-25 02:10:00+00:00
[2024-07-25T16:23:36.235-0300] {mercado_dag.py:23} INFO - From: 2024-07-25 02:05:00+00:00
[2024-07-25T16:23:36.235-0300] {mercado_dag.py:24} INFO - To timestamp: 1721873400 
[2024-07-25T16:23:36.235-0300] {mercado_dag.py:25} INFO - From timestamp: 1721873100 
[2024-07-25T16:23:36.304-0300] {base.py:84} INFO - Using connection ID 'mercado_default' for task execution.
[2024-07-25T16:23:36.305-0300] {mercado_hook.py:31} INFO - URL: https://api.mercadobitcoin.net/api/v4/candles?symbol=BTC-BRL&resolution=5m&to=1721873400&from=1721873100
[2024-07-25T16:23:36.587-0300] {python.py:237} INFO - Done. Returned value was: None
[2024-07-25T16:23:36.587-0300] {taskinstance.py:441} INFO - ::group::Post task execution logs
[2024-07-25T16:23:36.590-0300] {taskinstance.py:1206} INFO - Marking task as SUCCESS. dag_id=Mercado_5m, task_id=get_5m_info, run_id=scheduled__2024-07-25T02:05:00+00:00, execution_date=20240725T020500, start_date=20240725T192336, end_date=20240725T192336
[2024-07-25T16:23:36.644-0300] {local_task_job_runner.py:243} INFO - Task exited with return code 0
[2024-07-25T16:23:36.652-0300] {taskinstance.py:3503} INFO - 0 downstream tasks scheduled from follow-on schedule check
[2024-07-25T16:23:36.653-0300] {local_task_job_runner.py:222} INFO - ::endgroup::
[2024-07-25T16:25:58.995-0300] {local_task_job_runner.py:120} INFO - ::group::Pre task execution logs
[2024-07-25T16:25:59.002-0300] {taskinstance.py:2076} INFO - Dependencies all met for dep_context=non-requeueable deps ti=<TaskInstance: Mercado_5m.get_5m_info scheduled__2024-07-25T02:05:00+00:00 [queued]>
[2024-07-25T16:25:59.005-0300] {taskinstance.py:2076} INFO - Dependencies all met for dep_context=requeueable deps ti=<TaskInstance: Mercado_5m.get_5m_info scheduled__2024-07-25T02:05:00+00:00 [queued]>
[2024-07-25T16:25:59.005-0300] {taskinstance.py:2306} INFO - Starting attempt 1 of 1
[2024-07-25T16:25:59.018-0300] {taskinstance.py:2330} INFO - Executing <Task(PythonOperator): get_5m_info> on 2024-07-25 02:05:00+00:00
[2024-07-25T16:25:59.020-0300] {standard_task_runner.py:64} INFO - Started process 2669029 to run task
[2024-07-25T16:25:59.022-0300] {standard_task_runner.py:90} INFO - Running: ['airflow', 'tasks', 'run', 'Mercado_5m', 'get_5m_info', 'scheduled__2024-07-25T02:05:00+00:00', '--job-id', '2445', '--raw', '--subdir', 'DAGS_FOLDER/mercado_dag.py', '--cfg-path', '/tmp/tmpo22gw8zk']
[2024-07-25T16:25:59.023-0300] {standard_task_runner.py:91} INFO - Job 2445: Subtask get_5m_info
[2024-07-25T16:25:59.054-0300] {task_command.py:426} INFO - Running <TaskInstance: Mercado_5m.get_5m_info scheduled__2024-07-25T02:05:00+00:00 [running]> on host Galaxybook.
[2024-07-25T16:25:59.104-0300] {taskinstance.py:2648} INFO - Exporting env vars: AIRFLOW_CTX_DAG_OWNER='airflow' AIRFLOW_CTX_DAG_ID='Mercado_5m' AIRFLOW_CTX_TASK_ID='get_5m_info' AIRFLOW_CTX_EXECUTION_DATE='2024-07-25T02:05:00+00:00' AIRFLOW_CTX_TRY_NUMBER='1' AIRFLOW_CTX_DAG_RUN_ID='scheduled__2024-07-25T02:05:00+00:00'
[2024-07-25T16:25:59.104-0300] {taskinstance.py:430} INFO - ::endgroup::
[2024-07-25T16:25:59.114-0300] {mercado_dag.py:22} INFO - To: 2024-07-25 02:10:00+00:00
[2024-07-25T16:25:59.114-0300] {mercado_dag.py:23} INFO - From: 2024-07-25 02:05:00+00:00
[2024-07-25T16:25:59.114-0300] {mercado_dag.py:24} INFO - To timestamp: 1721873400000 
[2024-07-25T16:25:59.114-0300] {mercado_dag.py:25} INFO - From timestamp: 1721873100000 
[2024-07-25T16:25:59.175-0300] {base.py:84} INFO - Using connection ID 'mercado_default' for task execution.
[2024-07-25T16:25:59.175-0300] {mercado_hook.py:31} INFO - URL: https://api.mercadobitcoin.net/api/v4/candles?symbol=BTC-BRL&resolution=5m&to=1721873400000&from=1721873100000
[2024-07-25T16:25:59.466-0300] {python.py:237} INFO - Done. Returned value was: None
[2024-07-25T16:25:59.467-0300] {taskinstance.py:441} INFO - ::group::Post task execution logs
[2024-07-25T16:25:59.469-0300] {taskinstance.py:1206} INFO - Marking task as SUCCESS. dag_id=Mercado_5m, task_id=get_5m_info, run_id=scheduled__2024-07-25T02:05:00+00:00, execution_date=20240725T020500, start_date=20240725T192559, end_date=20240725T192559
[2024-07-25T16:25:59.525-0300] {local_task_job_runner.py:243} INFO - Task exited with return code 0
[2024-07-25T16:25:59.534-0300] {taskinstance.py:3503} INFO - 0 downstream tasks scheduled from follow-on schedule check
[2024-07-25T16:25:59.535-0300] {local_task_job_runner.py:222} INFO - ::endgroup::
