[2024-07-25T14:49:38.650-0300] {local_task_job_runner.py:120} INFO - ::group::Pre task execution logs
[2024-07-25T14:49:38.656-0300] {taskinstance.py:2076} INFO - Dependencies all met for dep_context=non-requeueable deps ti=<TaskInstance: Binance_5m.get_5m_info scheduled__2024-07-25T06:10:00+00:00 [queued]>
[2024-07-25T14:49:38.659-0300] {taskinstance.py:2076} INFO - Dependencies all met for dep_context=requeueable deps ti=<TaskInstance: Binance_5m.get_5m_info scheduled__2024-07-25T06:10:00+00:00 [queued]>
[2024-07-25T14:49:38.659-0300] {taskinstance.py:2306} INFO - Starting attempt 1 of 1
[2024-07-25T14:49:38.672-0300] {taskinstance.py:2330} INFO - Executing <Task(PythonOperator): get_5m_info> on 2024-07-25 06:10:00+00:00
[2024-07-25T14:49:38.674-0300] {standard_task_runner.py:64} INFO - Started process 2609054 to run task
[2024-07-25T14:49:38.676-0300] {standard_task_runner.py:90} INFO - Running: ['airflow', 'tasks', 'run', 'Binance_5m', 'get_5m_info', 'scheduled__2024-07-25T06:10:00+00:00', '--job-id', '2166', '--raw', '--subdir', 'DAGS_FOLDER/binance_dag.py', '--cfg-path', '/tmp/tmp_exv9sgm']
[2024-07-25T14:49:38.677-0300] {standard_task_runner.py:91} INFO - Job 2166: Subtask get_5m_info
[2024-07-25T14:49:38.701-0300] {task_command.py:426} INFO - Running <TaskInstance: Binance_5m.get_5m_info scheduled__2024-07-25T06:10:00+00:00 [running]> on host Galaxybook.
[2024-07-25T14:49:38.756-0300] {taskinstance.py:2648} INFO - Exporting env vars: AIRFLOW_CTX_DAG_OWNER='airflow' AIRFLOW_CTX_DAG_ID='Binance_5m' AIRFLOW_CTX_TASK_ID='get_5m_info' AIRFLOW_CTX_EXECUTION_DATE='2024-07-25T06:10:00+00:00' AIRFLOW_CTX_TRY_NUMBER='1' AIRFLOW_CTX_DAG_RUN_ID='scheduled__2024-07-25T06:10:00+00:00'
[2024-07-25T14:49:38.757-0300] {taskinstance.py:430} INFO - ::endgroup::
[2024-07-25T14:49:38.765-0300] {binance_dag.py:23} INFO - End Time: 2024-07-25T06:15:00.00Z
[2024-07-25T14:49:38.765-0300] {binance_dag.py:24} INFO - Start Time: 2024-07-25T06:10:00.00Z
[2024-07-25T14:49:38.826-0300] {base.py:84} INFO - Using connection ID 'binance_default' for task execution.
[2024-07-25T14:49:38.826-0300] {logging_mixin.py:188} INFO - https://api.binance.com
[2024-07-25T14:49:38.827-0300] {binance_hook.py:35} INFO - URL: https://api.binance.com/api/v3/klines?symbol=BTCBRL&interval=5m&startTime=1721898600000&endTime=1721898899999
[2024-07-25T14:49:39.222-0300] {binance_dag.py:43} INFO - r: [[1721898600000, '366465.00000000', '366616.00000000', '366327.00000000', '366545.00000000', '1.42633000', 1721898899999, '522710.17130000', 91, '1.09618000', '401725.20584000', '0']]
[2024-07-25T14:49:39.224-0300] {python.py:237} INFO - Done. Returned value was: None
[2024-07-25T14:49:39.224-0300] {taskinstance.py:441} INFO - ::group::Post task execution logs
[2024-07-25T14:49:39.227-0300] {taskinstance.py:1206} INFO - Marking task as SUCCESS. dag_id=Binance_5m, task_id=get_5m_info, run_id=scheduled__2024-07-25T06:10:00+00:00, execution_date=20240725T061000, start_date=20240725T174938, end_date=20240725T174939
[2024-07-25T14:49:39.260-0300] {local_task_job_runner.py:243} INFO - Task exited with return code 0
[2024-07-25T14:49:39.267-0300] {taskinstance.py:3503} INFO - 0 downstream tasks scheduled from follow-on schedule check
[2024-07-25T14:49:39.268-0300] {local_task_job_runner.py:222} INFO - ::endgroup::
[2024-07-25T15:19:37.872-0300] {local_task_job_runner.py:120} INFO - ::group::Pre task execution logs
[2024-07-25T15:19:37.877-0300] {taskinstance.py:2076} INFO - Dependencies all met for dep_context=non-requeueable deps ti=<TaskInstance: Binance_5m.get_5m_info scheduled__2024-07-25T06:10:00+00:00 [queued]>
[2024-07-25T15:19:37.880-0300] {taskinstance.py:2076} INFO - Dependencies all met for dep_context=requeueable deps ti=<TaskInstance: Binance_5m.get_5m_info scheduled__2024-07-25T06:10:00+00:00 [queued]>
[2024-07-25T15:19:37.881-0300] {taskinstance.py:2306} INFO - Starting attempt 1 of 1
[2024-07-25T15:19:37.894-0300] {taskinstance.py:2330} INFO - Executing <Task(PythonOperator): get_5m_info> on 2024-07-25 06:10:00+00:00
[2024-07-25T15:19:37.896-0300] {standard_task_runner.py:64} INFO - Started process 2631384 to run task
[2024-07-25T15:19:37.898-0300] {standard_task_runner.py:90} INFO - Running: ['airflow', 'tasks', 'run', 'Binance_5m', 'get_5m_info', 'scheduled__2024-07-25T06:10:00+00:00', '--job-id', '2609', '--raw', '--subdir', 'DAGS_FOLDER/binance_dag.py', '--cfg-path', '/tmp/tmpjalekc0u']
[2024-07-25T15:19:37.899-0300] {standard_task_runner.py:91} INFO - Job 2609: Subtask get_5m_info
[2024-07-25T15:19:37.925-0300] {task_command.py:426} INFO - Running <TaskInstance: Binance_5m.get_5m_info scheduled__2024-07-25T06:10:00+00:00 [running]> on host Galaxybook.
[2024-07-25T15:19:37.979-0300] {taskinstance.py:2648} INFO - Exporting env vars: AIRFLOW_CTX_DAG_OWNER='airflow' AIRFLOW_CTX_DAG_ID='Binance_5m' AIRFLOW_CTX_TASK_ID='get_5m_info' AIRFLOW_CTX_EXECUTION_DATE='2024-07-25T06:10:00+00:00' AIRFLOW_CTX_TRY_NUMBER='1' AIRFLOW_CTX_DAG_RUN_ID='scheduled__2024-07-25T06:10:00+00:00'
[2024-07-25T15:19:37.979-0300] {taskinstance.py:430} INFO - ::endgroup::
[2024-07-25T15:19:37.987-0300] {binance_dag.py:23} INFO - End Time: 2024-07-25T06:15:00.00Z
[2024-07-25T15:19:37.987-0300] {binance_dag.py:24} INFO - Start Time: 2024-07-25T06:10:00.00Z
[2024-07-25T15:19:38.042-0300] {binance_dag.py:25} INFO - 1721898600000
[2024-07-25T15:19:38.045-0300] {base.py:84} INFO - Using connection ID 'binance_default' for task execution.
[2024-07-25T15:19:38.045-0300] {logging_mixin.py:188} INFO - https://api.binance.com
[2024-07-25T15:19:38.045-0300] {binance_hook.py:35} INFO - URL: https://api.binance.com/api/v3/klines?symbol=BTCBRL&interval=5m&startTime=1721898600000&endTime=1721898899999
[2024-07-25T15:19:38.464-0300] {python.py:237} INFO - Done. Returned value was: None
[2024-07-25T15:19:38.464-0300] {taskinstance.py:441} INFO - ::group::Post task execution logs
[2024-07-25T15:19:38.466-0300] {taskinstance.py:1206} INFO - Marking task as SUCCESS. dag_id=Binance_5m, task_id=get_5m_info, run_id=scheduled__2024-07-25T06:10:00+00:00, execution_date=20240725T061000, start_date=20240725T181937, end_date=20240725T181938
[2024-07-25T15:19:38.519-0300] {local_task_job_runner.py:243} INFO - Task exited with return code 0
[2024-07-25T15:19:38.525-0300] {taskinstance.py:3503} INFO - 0 downstream tasks scheduled from follow-on schedule check
[2024-07-25T15:19:38.526-0300] {local_task_job_runner.py:222} INFO - ::endgroup::
[2024-07-25T16:16:15.215-0300] {local_task_job_runner.py:120} INFO - ::group::Pre task execution logs
[2024-07-25T16:16:15.221-0300] {taskinstance.py:2076} INFO - Dependencies all met for dep_context=non-requeueable deps ti=<TaskInstance: Binance_5m.get_5m_info scheduled__2024-07-25T06:10:00+00:00 [queued]>
[2024-07-25T16:16:15.225-0300] {taskinstance.py:2076} INFO - Dependencies all met for dep_context=requeueable deps ti=<TaskInstance: Binance_5m.get_5m_info scheduled__2024-07-25T06:10:00+00:00 [queued]>
[2024-07-25T16:16:15.225-0300] {taskinstance.py:2306} INFO - Starting attempt 1 of 1
[2024-07-25T16:16:15.240-0300] {taskinstance.py:2330} INFO - Executing <Task(PythonOperator): get_5m_info> on 2024-07-25 06:10:00+00:00
[2024-07-25T16:16:15.242-0300] {standard_task_runner.py:64} INFO - Started process 2659188 to run task
[2024-07-25T16:16:15.245-0300] {standard_task_runner.py:90} INFO - Running: ['airflow', 'tasks', 'run', 'Binance_5m', 'get_5m_info', 'scheduled__2024-07-25T06:10:00+00:00', '--job-id', '2169', '--raw', '--subdir', 'DAGS_FOLDER/binance_dag.py', '--cfg-path', '/tmp/tmpqppfukwb']
[2024-07-25T16:16:15.246-0300] {standard_task_runner.py:91} INFO - Job 2169: Subtask get_5m_info
[2024-07-25T16:16:15.284-0300] {task_command.py:426} INFO - Running <TaskInstance: Binance_5m.get_5m_info scheduled__2024-07-25T06:10:00+00:00 [running]> on host Galaxybook.
[2024-07-25T16:16:15.357-0300] {taskinstance.py:2648} INFO - Exporting env vars: AIRFLOW_CTX_DAG_OWNER='airflow' AIRFLOW_CTX_DAG_ID='Binance_5m' AIRFLOW_CTX_TASK_ID='get_5m_info' AIRFLOW_CTX_EXECUTION_DATE='2024-07-25T06:10:00+00:00' AIRFLOW_CTX_TRY_NUMBER='1' AIRFLOW_CTX_DAG_RUN_ID='scheduled__2024-07-25T06:10:00+00:00'
[2024-07-25T16:16:15.358-0300] {taskinstance.py:430} INFO - ::endgroup::
[2024-07-25T16:16:15.368-0300] {binance_dag.py:22} INFO - End Time: 2024-07-25 06:15:00+00:00
[2024-07-25T16:16:15.368-0300] {binance_dag.py:23} INFO - Start Time: 2024-07-25 06:10:00+00:00
[2024-07-25T16:16:15.369-0300] {binance_dag.py:24} INFO - Start timestamp: 1721887800000
[2024-07-25T16:16:15.369-0300] {binance_dag.py:25} INFO - End timestamp: 1721888100000
[2024-07-25T16:16:15.437-0300] {base.py:84} INFO - Using connection ID 'binance_default' for task execution.
[2024-07-25T16:16:15.438-0300] {logging_mixin.py:188} INFO - https://api.binance.com
[2024-07-25T16:16:15.438-0300] {binance_hook.py:35} INFO - URL: https://api.binance.com/api/v3/klines?symbol=BTCBRL&interval=5m&startTime=1721887800000&endTime=1721888099999&timeZone=-3
[2024-07-25T16:16:15.841-0300] {python.py:237} INFO - Done. Returned value was: None
[2024-07-25T16:16:15.841-0300] {taskinstance.py:441} INFO - ::group::Post task execution logs
[2024-07-25T16:16:15.844-0300] {taskinstance.py:1206} INFO - Marking task as SUCCESS. dag_id=Binance_5m, task_id=get_5m_info, run_id=scheduled__2024-07-25T06:10:00+00:00, execution_date=20240725T061000, start_date=20240725T191615, end_date=20240725T191615
[2024-07-25T16:16:15.865-0300] {local_task_job_runner.py:243} INFO - Task exited with return code 0
[2024-07-25T16:16:15.872-0300] {taskinstance.py:3503} INFO - 0 downstream tasks scheduled from follow-on schedule check
[2024-07-25T16:16:15.872-0300] {local_task_job_runner.py:222} INFO - ::endgroup::
