[2024-07-25T09:58:26.160-0300] {local_task_job_runner.py:120} INFO - ::group::Pre task execution logs
[2024-07-25T09:58:26.165-0300] {taskinstance.py:2076} INFO - Dependencies all met for dep_context=non-requeueable deps ti=<TaskInstance: Mercado_1m.get_1m_info scheduled__2024-07-25T11:05:00+00:00 [queued]>
[2024-07-25T09:58:26.168-0300] {taskinstance.py:2076} INFO - Dependencies all met for dep_context=requeueable deps ti=<TaskInstance: Mercado_1m.get_1m_info scheduled__2024-07-25T11:05:00+00:00 [queued]>
[2024-07-25T09:58:26.168-0300] {taskinstance.py:2306} INFO - Starting attempt 1 of 1
[2024-07-25T09:58:26.183-0300] {taskinstance.py:2330} INFO - Executing <Task(PythonOperator): get_1m_info> on 2024-07-25 11:05:00+00:00
[2024-07-25T09:58:26.185-0300] {standard_task_runner.py:64} INFO - Started process 2443486 to run task
[2024-07-25T09:58:26.187-0300] {standard_task_runner.py:90} INFO - Running: ['airflow', 'tasks', 'run', 'Mercado_1m', 'get_1m_info', 'scheduled__2024-07-25T11:05:00+00:00', '--job-id', '1901', '--raw', '--subdir', 'DAGS_FOLDER/mercado_dag.py', '--cfg-path', '/tmp/tmpy2itztnu']
[2024-07-25T09:58:26.188-0300] {standard_task_runner.py:91} INFO - Job 1901: Subtask get_1m_info
[2024-07-25T09:58:26.215-0300] {task_command.py:426} INFO - Running <TaskInstance: Mercado_1m.get_1m_info scheduled__2024-07-25T11:05:00+00:00 [running]> on host Galaxybook.
[2024-07-25T09:58:26.270-0300] {taskinstance.py:2648} INFO - Exporting env vars: AIRFLOW_CTX_DAG_OWNER='airflow' AIRFLOW_CTX_DAG_ID='Mercado_1m' AIRFLOW_CTX_TASK_ID='get_1m_info' AIRFLOW_CTX_EXECUTION_DATE='2024-07-25T11:05:00+00:00' AIRFLOW_CTX_TRY_NUMBER='1' AIRFLOW_CTX_DAG_RUN_ID='scheduled__2024-07-25T11:05:00+00:00'
[2024-07-25T09:58:26.271-0300] {taskinstance.py:430} INFO - ::endgroup::
[2024-07-25T09:58:26.330-0300] {base.py:84} INFO - Using connection ID 'mercado_default' for task execution.
[2024-07-25T09:58:26.331-0300] {mercado_hook.py:26} INFO - BASE URL: https://api.mercadobitcoin.net/api/v4
[2024-07-25T09:58:26.331-0300] {mercado_hook.py:32} INFO - URL: https://api.mercadobitcoin.net/api/v4/candles?symbol=BTC-BRL&resolution=1m&to=1721912246&from=1721912306
[2024-07-25T09:58:26.600-0300] {python.py:237} INFO - Done. Returned value was: None
[2024-07-25T09:58:26.601-0300] {taskinstance.py:441} INFO - ::group::Post task execution logs
[2024-07-25T09:58:26.604-0300] {taskinstance.py:1206} INFO - Marking task as SUCCESS. dag_id=Mercado_1m, task_id=get_1m_info, run_id=scheduled__2024-07-25T11:05:00+00:00, execution_date=20240725T110500, start_date=20240725T125826, end_date=20240725T125826
[2024-07-25T09:58:26.648-0300] {local_task_job_runner.py:243} INFO - Task exited with return code 0
[2024-07-25T09:58:26.656-0300] {taskinstance.py:3503} INFO - 0 downstream tasks scheduled from follow-on schedule check
[2024-07-25T09:58:26.656-0300] {local_task_job_runner.py:222} INFO - ::endgroup::
[2024-07-25T10:58:02.671-0300] {local_task_job_runner.py:120} INFO - ::group::Pre task execution logs
[2024-07-25T10:58:02.678-0300] {taskinstance.py:2076} INFO - Dependencies all met for dep_context=non-requeueable deps ti=<TaskInstance: Mercado_1m.get_1m_info scheduled__2024-07-25T11:05:00+00:00 [queued]>
[2024-07-25T10:58:02.683-0300] {taskinstance.py:2076} INFO - Dependencies all met for dep_context=requeueable deps ti=<TaskInstance: Mercado_1m.get_1m_info scheduled__2024-07-25T11:05:00+00:00 [queued]>
[2024-07-25T10:58:02.683-0300] {taskinstance.py:2306} INFO - Starting attempt 1 of 1
[2024-07-25T10:58:02.700-0300] {taskinstance.py:2330} INFO - Executing <Task(PythonOperator): get_1m_info> on 2024-07-25 11:05:00+00:00
[2024-07-25T10:58:02.701-0300] {standard_task_runner.py:64} INFO - Started process 2479720 to run task
[2024-07-25T10:58:02.704-0300] {standard_task_runner.py:90} INFO - Running: ['airflow', 'tasks', 'run', 'Mercado_1m', 'get_1m_info', 'scheduled__2024-07-25T11:05:00+00:00', '--job-id', '1838', '--raw', '--subdir', 'DAGS_FOLDER/mercado_dag.py', '--cfg-path', '/tmp/tmpxl2066kv']
[2024-07-25T10:58:02.706-0300] {standard_task_runner.py:91} INFO - Job 1838: Subtask get_1m_info
[2024-07-25T10:58:02.739-0300] {task_command.py:426} INFO - Running <TaskInstance: Mercado_1m.get_1m_info scheduled__2024-07-25T11:05:00+00:00 [running]> on host Galaxybook.
[2024-07-25T10:58:02.796-0300] {taskinstance.py:2648} INFO - Exporting env vars: AIRFLOW_CTX_DAG_OWNER='airflow' AIRFLOW_CTX_DAG_ID='Mercado_1m' AIRFLOW_CTX_TASK_ID='get_1m_info' AIRFLOW_CTX_EXECUTION_DATE='2024-07-25T11:05:00+00:00' AIRFLOW_CTX_TRY_NUMBER='1' AIRFLOW_CTX_DAG_RUN_ID='scheduled__2024-07-25T11:05:00+00:00'
[2024-07-25T10:58:02.797-0300] {taskinstance.py:430} INFO - ::endgroup::
[2024-07-25T10:58:02.872-0300] {base.py:84} INFO - Using connection ID 'mercado_default' for task execution.
[2024-07-25T10:58:02.873-0300] {mercado_hook.py:31} INFO - URL: https://api.mercadobitcoin.net/api/v4/candles?symbol=BTC-BRL&resolution=1m&to=1721915882806&countback=1
[2024-07-25T10:58:03.143-0300] {python.py:237} INFO - Done. Returned value was: None
[2024-07-25T10:58:03.144-0300] {taskinstance.py:441} INFO - ::group::Post task execution logs
[2024-07-25T10:58:03.147-0300] {taskinstance.py:1206} INFO - Marking task as SUCCESS. dag_id=Mercado_1m, task_id=get_1m_info, run_id=scheduled__2024-07-25T11:05:00+00:00, execution_date=20240725T110500, start_date=20240725T135802, end_date=20240725T135803
[2024-07-25T10:58:03.166-0300] {local_task_job_runner.py:243} INFO - Task exited with return code 0
[2024-07-25T10:58:03.172-0300] {taskinstance.py:3503} INFO - 0 downstream tasks scheduled from follow-on schedule check
[2024-07-25T10:58:03.172-0300] {local_task_job_runner.py:222} INFO - ::endgroup::
