[2024-07-25T09:58:48.269-0300] {local_task_job_runner.py:120} INFO - ::group::Pre task execution logs
[2024-07-25T09:58:48.274-0300] {taskinstance.py:2076} INFO - Dependencies all met for dep_context=non-requeueable deps ti=<TaskInstance: Mercado_1m.get_1m_info scheduled__2024-07-25T11:16:00+00:00 [queued]>
[2024-07-25T09:58:48.277-0300] {taskinstance.py:2076} INFO - Dependencies all met for dep_context=requeueable deps ti=<TaskInstance: Mercado_1m.get_1m_info scheduled__2024-07-25T11:16:00+00:00 [queued]>
[2024-07-25T09:58:48.277-0300] {taskinstance.py:2306} INFO - Starting attempt 1 of 1
[2024-07-25T09:58:48.292-0300] {taskinstance.py:2330} INFO - Executing <Task(PythonOperator): get_1m_info> on 2024-07-25 11:16:00+00:00
[2024-07-25T09:58:48.295-0300] {standard_task_runner.py:64} INFO - Started process 2443888 to run task
[2024-07-25T09:58:48.297-0300] {standard_task_runner.py:90} INFO - Running: ['airflow', 'tasks', 'run', 'Mercado_1m', 'get_1m_info', 'scheduled__2024-07-25T11:16:00+00:00', '--job-id', '1912', '--raw', '--subdir', 'DAGS_FOLDER/mercado_dag.py', '--cfg-path', '/tmp/tmp5tp4ymqz']
[2024-07-25T09:58:48.298-0300] {standard_task_runner.py:91} INFO - Job 1912: Subtask get_1m_info
[2024-07-25T09:58:48.333-0300] {task_command.py:426} INFO - Running <TaskInstance: Mercado_1m.get_1m_info scheduled__2024-07-25T11:16:00+00:00 [running]> on host Galaxybook.
[2024-07-25T09:58:48.385-0300] {taskinstance.py:2648} INFO - Exporting env vars: AIRFLOW_CTX_DAG_OWNER='airflow' AIRFLOW_CTX_DAG_ID='Mercado_1m' AIRFLOW_CTX_TASK_ID='get_1m_info' AIRFLOW_CTX_EXECUTION_DATE='2024-07-25T11:16:00+00:00' AIRFLOW_CTX_TRY_NUMBER='1' AIRFLOW_CTX_DAG_RUN_ID='scheduled__2024-07-25T11:16:00+00:00'
[2024-07-25T09:58:48.385-0300] {taskinstance.py:430} INFO - ::endgroup::
[2024-07-25T09:58:48.456-0300] {base.py:84} INFO - Using connection ID 'mercado_default' for task execution.
[2024-07-25T09:58:48.456-0300] {mercado_hook.py:26} INFO - BASE URL: https://api.mercadobitcoin.net/api/v4
[2024-07-25T09:58:48.457-0300] {mercado_hook.py:32} INFO - URL: https://api.mercadobitcoin.net/api/v4/candles?symbol=BTC-BRL&resolution=1m&to=1721912268&from=1721912328
[2024-07-25T09:58:48.724-0300] {python.py:237} INFO - Done. Returned value was: None
[2024-07-25T09:58:48.725-0300] {taskinstance.py:441} INFO - ::group::Post task execution logs
[2024-07-25T09:58:48.728-0300] {taskinstance.py:1206} INFO - Marking task as SUCCESS. dag_id=Mercado_1m, task_id=get_1m_info, run_id=scheduled__2024-07-25T11:16:00+00:00, execution_date=20240725T111600, start_date=20240725T125848, end_date=20240725T125848
[2024-07-25T09:58:48.755-0300] {local_task_job_runner.py:243} INFO - Task exited with return code 0
[2024-07-25T09:58:48.761-0300] {taskinstance.py:3503} INFO - 0 downstream tasks scheduled from follow-on schedule check
[2024-07-25T09:58:48.761-0300] {local_task_job_runner.py:222} INFO - ::endgroup::
[2024-07-25T10:58:28.704-0300] {local_task_job_runner.py:120} INFO - ::group::Pre task execution logs
[2024-07-25T10:58:28.709-0300] {taskinstance.py:2076} INFO - Dependencies all met for dep_context=non-requeueable deps ti=<TaskInstance: Mercado_1m.get_1m_info scheduled__2024-07-25T11:16:00+00:00 [queued]>
[2024-07-25T10:58:28.712-0300] {taskinstance.py:2076} INFO - Dependencies all met for dep_context=requeueable deps ti=<TaskInstance: Mercado_1m.get_1m_info scheduled__2024-07-25T11:16:00+00:00 [queued]>
[2024-07-25T10:58:28.712-0300] {taskinstance.py:2306} INFO - Starting attempt 1 of 1
[2024-07-25T10:58:28.726-0300] {taskinstance.py:2330} INFO - Executing <Task(PythonOperator): get_1m_info> on 2024-07-25 11:16:00+00:00
[2024-07-25T10:58:28.728-0300] {standard_task_runner.py:64} INFO - Started process 2480133 to run task
[2024-07-25T10:58:28.730-0300] {standard_task_runner.py:90} INFO - Running: ['airflow', 'tasks', 'run', 'Mercado_1m', 'get_1m_info', 'scheduled__2024-07-25T11:16:00+00:00', '--job-id', '1850', '--raw', '--subdir', 'DAGS_FOLDER/mercado_dag.py', '--cfg-path', '/tmp/tmpguq3wirr']
[2024-07-25T10:58:28.731-0300] {standard_task_runner.py:91} INFO - Job 1850: Subtask get_1m_info
[2024-07-25T10:58:28.758-0300] {task_command.py:426} INFO - Running <TaskInstance: Mercado_1m.get_1m_info scheduled__2024-07-25T11:16:00+00:00 [running]> on host Galaxybook.
[2024-07-25T10:58:28.803-0300] {taskinstance.py:2648} INFO - Exporting env vars: AIRFLOW_CTX_DAG_OWNER='airflow' AIRFLOW_CTX_DAG_ID='Mercado_1m' AIRFLOW_CTX_TASK_ID='get_1m_info' AIRFLOW_CTX_EXECUTION_DATE='2024-07-25T11:16:00+00:00' AIRFLOW_CTX_TRY_NUMBER='1' AIRFLOW_CTX_DAG_RUN_ID='scheduled__2024-07-25T11:16:00+00:00'
[2024-07-25T10:58:28.803-0300] {taskinstance.py:430} INFO - ::endgroup::
[2024-07-25T10:58:28.865-0300] {base.py:84} INFO - Using connection ID 'mercado_default' for task execution.
[2024-07-25T10:58:28.866-0300] {mercado_hook.py:31} INFO - URL: https://api.mercadobitcoin.net/api/v4/candles?symbol=BTC-BRL&resolution=1m&to=1721915908810&countback=1
[2024-07-25T10:58:29.142-0300] {python.py:237} INFO - Done. Returned value was: None
[2024-07-25T10:58:29.143-0300] {taskinstance.py:441} INFO - ::group::Post task execution logs
[2024-07-25T10:58:29.145-0300] {taskinstance.py:1206} INFO - Marking task as SUCCESS. dag_id=Mercado_1m, task_id=get_1m_info, run_id=scheduled__2024-07-25T11:16:00+00:00, execution_date=20240725T111600, start_date=20240725T135828, end_date=20240725T135829
[2024-07-25T10:58:29.190-0300] {local_task_job_runner.py:243} INFO - Task exited with return code 0
[2024-07-25T10:58:29.197-0300] {taskinstance.py:3503} INFO - 0 downstream tasks scheduled from follow-on schedule check
[2024-07-25T10:58:29.197-0300] {local_task_job_runner.py:222} INFO - ::endgroup::
