[2024-07-25T14:50:47.595-0300] {local_task_job_runner.py:120} INFO - ::group::Pre task execution logs
[2024-07-25T14:50:47.599-0300] {taskinstance.py:2076} INFO - Dependencies all met for dep_context=non-requeueable deps ti=<TaskInstance: Binance_5m.get_5m_info scheduled__2024-07-25T08:50:00+00:00 [queued]>
[2024-07-25T14:50:47.602-0300] {taskinstance.py:2076} INFO - Dependencies all met for dep_context=requeueable deps ti=<TaskInstance: Binance_5m.get_5m_info scheduled__2024-07-25T08:50:00+00:00 [queued]>
[2024-07-25T14:50:47.603-0300] {taskinstance.py:2306} INFO - Starting attempt 1 of 1
[2024-07-25T14:50:47.618-0300] {taskinstance.py:2330} INFO - Executing <Task(PythonOperator): get_5m_info> on 2024-07-25 08:50:00+00:00
[2024-07-25T14:50:47.619-0300] {standard_task_runner.py:64} INFO - Started process 2610181 to run task
[2024-07-25T14:50:47.621-0300] {standard_task_runner.py:90} INFO - Running: ['airflow', 'tasks', 'run', 'Binance_5m', 'get_5m_info', 'scheduled__2024-07-25T08:50:00+00:00', '--job-id', '2198', '--raw', '--subdir', 'DAGS_FOLDER/binance_dag.py', '--cfg-path', '/tmp/tmpce4r2guh']
[2024-07-25T14:50:47.622-0300] {standard_task_runner.py:91} INFO - Job 2198: Subtask get_5m_info
[2024-07-25T14:50:47.648-0300] {task_command.py:426} INFO - Running <TaskInstance: Binance_5m.get_5m_info scheduled__2024-07-25T08:50:00+00:00 [running]> on host Galaxybook.
[2024-07-25T14:50:47.713-0300] {taskinstance.py:2648} INFO - Exporting env vars: AIRFLOW_CTX_DAG_OWNER='airflow' AIRFLOW_CTX_DAG_ID='Binance_5m' AIRFLOW_CTX_TASK_ID='get_5m_info' AIRFLOW_CTX_EXECUTION_DATE='2024-07-25T08:50:00+00:00' AIRFLOW_CTX_TRY_NUMBER='1' AIRFLOW_CTX_DAG_RUN_ID='scheduled__2024-07-25T08:50:00+00:00'
[2024-07-25T14:50:47.713-0300] {taskinstance.py:430} INFO - ::endgroup::
[2024-07-25T14:50:47.722-0300] {binance_dag.py:23} INFO - End Time: 2024-07-25T08:55:00.00Z
[2024-07-25T14:50:47.722-0300] {binance_dag.py:24} INFO - Start Time: 2024-07-25T08:50:00.00Z
[2024-07-25T14:50:47.787-0300] {base.py:84} INFO - Using connection ID 'binance_default' for task execution.
[2024-07-25T14:50:47.787-0300] {logging_mixin.py:188} INFO - https://api.binance.com
[2024-07-25T14:50:47.787-0300] {binance_hook.py:35} INFO - URL: https://api.binance.com/api/v3/klines?symbol=BTCBRL&interval=5m&startTime=1721908200000&endTime=1721908499999
[2024-07-25T14:50:48.181-0300] {binance_dag.py:43} INFO - r: [[1721908200000, '365620.00000000', '365680.00000000', '365290.00000000', '365521.00000000', '0.08830000', 1721908499999, '32274.68002000', 66, '0.03223000', '11781.90849000', '0']]
[2024-07-25T14:50:48.183-0300] {python.py:237} INFO - Done. Returned value was: None
[2024-07-25T14:50:48.184-0300] {taskinstance.py:441} INFO - ::group::Post task execution logs
[2024-07-25T14:50:48.187-0300] {taskinstance.py:1206} INFO - Marking task as SUCCESS. dag_id=Binance_5m, task_id=get_5m_info, run_id=scheduled__2024-07-25T08:50:00+00:00, execution_date=20240725T085000, start_date=20240725T175047, end_date=20240725T175048
[2024-07-25T14:50:48.206-0300] {local_task_job_runner.py:243} INFO - Task exited with return code 0
[2024-07-25T14:50:48.212-0300] {taskinstance.py:3503} INFO - 0 downstream tasks scheduled from follow-on schedule check
[2024-07-25T14:50:48.212-0300] {local_task_job_runner.py:222} INFO - ::endgroup::
[2024-07-25T15:20:51.861-0300] {local_task_job_runner.py:120} INFO - ::group::Pre task execution logs
[2024-07-25T15:20:51.865-0300] {taskinstance.py:2076} INFO - Dependencies all met for dep_context=non-requeueable deps ti=<TaskInstance: Binance_5m.get_5m_info scheduled__2024-07-25T08:50:00+00:00 [queued]>
[2024-07-25T15:20:51.869-0300] {taskinstance.py:2076} INFO - Dependencies all met for dep_context=requeueable deps ti=<TaskInstance: Binance_5m.get_5m_info scheduled__2024-07-25T08:50:00+00:00 [queued]>
[2024-07-25T15:20:51.869-0300] {taskinstance.py:2306} INFO - Starting attempt 1 of 1
[2024-07-25T15:20:51.882-0300] {taskinstance.py:2330} INFO - Executing <Task(PythonOperator): get_5m_info> on 2024-07-25 08:50:00+00:00
[2024-07-25T15:20:51.883-0300] {standard_task_runner.py:64} INFO - Started process 2632606 to run task
[2024-07-25T15:20:51.886-0300] {standard_task_runner.py:90} INFO - Running: ['airflow', 'tasks', 'run', 'Binance_5m', 'get_5m_info', 'scheduled__2024-07-25T08:50:00+00:00', '--job-id', '2641', '--raw', '--subdir', 'DAGS_FOLDER/binance_dag.py', '--cfg-path', '/tmp/tmp1uwnn6ks']
[2024-07-25T15:20:51.887-0300] {standard_task_runner.py:91} INFO - Job 2641: Subtask get_5m_info
[2024-07-25T15:20:51.910-0300] {task_command.py:426} INFO - Running <TaskInstance: Binance_5m.get_5m_info scheduled__2024-07-25T08:50:00+00:00 [running]> on host Galaxybook.
[2024-07-25T15:20:51.962-0300] {taskinstance.py:2648} INFO - Exporting env vars: AIRFLOW_CTX_DAG_OWNER='airflow' AIRFLOW_CTX_DAG_ID='Binance_5m' AIRFLOW_CTX_TASK_ID='get_5m_info' AIRFLOW_CTX_EXECUTION_DATE='2024-07-25T08:50:00+00:00' AIRFLOW_CTX_TRY_NUMBER='1' AIRFLOW_CTX_DAG_RUN_ID='scheduled__2024-07-25T08:50:00+00:00'
[2024-07-25T15:20:51.962-0300] {taskinstance.py:430} INFO - ::endgroup::
[2024-07-25T15:20:51.970-0300] {binance_dag.py:23} INFO - End Time: 2024-07-25T08:55:00.00Z
[2024-07-25T15:20:51.970-0300] {binance_dag.py:24} INFO - Start Time: 2024-07-25T08:50:00.00Z
[2024-07-25T15:20:52.020-0300] {binance_dag.py:25} INFO - 1721908200000
[2024-07-25T15:20:52.023-0300] {base.py:84} INFO - Using connection ID 'binance_default' for task execution.
[2024-07-25T15:20:52.023-0300] {logging_mixin.py:188} INFO - https://api.binance.com
[2024-07-25T15:20:52.024-0300] {binance_hook.py:35} INFO - URL: https://api.binance.com/api/v3/klines?symbol=BTCBRL&interval=5m&startTime=1721908200000&endTime=1721908499999
[2024-07-25T15:20:52.425-0300] {python.py:237} INFO - Done. Returned value was: None
[2024-07-25T15:20:52.426-0300] {taskinstance.py:441} INFO - ::group::Post task execution logs
[2024-07-25T15:20:52.429-0300] {taskinstance.py:1206} INFO - Marking task as SUCCESS. dag_id=Binance_5m, task_id=get_5m_info, run_id=scheduled__2024-07-25T08:50:00+00:00, execution_date=20240725T085000, start_date=20240725T182051, end_date=20240725T182052
[2024-07-25T15:20:52.470-0300] {local_task_job_runner.py:243} INFO - Task exited with return code 0
[2024-07-25T15:20:52.477-0300] {taskinstance.py:3503} INFO - 0 downstream tasks scheduled from follow-on schedule check
[2024-07-25T15:20:52.477-0300] {local_task_job_runner.py:222} INFO - ::endgroup::
[2024-07-25T16:17:37.779-0300] {local_task_job_runner.py:120} INFO - ::group::Pre task execution logs
[2024-07-25T16:17:37.785-0300] {taskinstance.py:2076} INFO - Dependencies all met for dep_context=non-requeueable deps ti=<TaskInstance: Binance_5m.get_5m_info scheduled__2024-07-25T08:50:00+00:00 [queued]>
[2024-07-25T16:17:37.788-0300] {taskinstance.py:2076} INFO - Dependencies all met for dep_context=requeueable deps ti=<TaskInstance: Binance_5m.get_5m_info scheduled__2024-07-25T08:50:00+00:00 [queued]>
[2024-07-25T16:17:37.788-0300] {taskinstance.py:2306} INFO - Starting attempt 1 of 1
[2024-07-25T16:17:37.802-0300] {taskinstance.py:2330} INFO - Executing <Task(PythonOperator): get_5m_info> on 2024-07-25 08:50:00+00:00
[2024-07-25T16:17:37.804-0300] {standard_task_runner.py:64} INFO - Started process 2660595 to run task
[2024-07-25T16:17:37.806-0300] {standard_task_runner.py:90} INFO - Running: ['airflow', 'tasks', 'run', 'Binance_5m', 'get_5m_info', 'scheduled__2024-07-25T08:50:00+00:00', '--job-id', '2204', '--raw', '--subdir', 'DAGS_FOLDER/binance_dag.py', '--cfg-path', '/tmp/tmpw05lnxk6']
[2024-07-25T16:17:37.807-0300] {standard_task_runner.py:91} INFO - Job 2204: Subtask get_5m_info
[2024-07-25T16:17:37.845-0300] {task_command.py:426} INFO - Running <TaskInstance: Binance_5m.get_5m_info scheduled__2024-07-25T08:50:00+00:00 [running]> on host Galaxybook.
[2024-07-25T16:17:37.905-0300] {taskinstance.py:2648} INFO - Exporting env vars: AIRFLOW_CTX_DAG_OWNER='airflow' AIRFLOW_CTX_DAG_ID='Binance_5m' AIRFLOW_CTX_TASK_ID='get_5m_info' AIRFLOW_CTX_EXECUTION_DATE='2024-07-25T08:50:00+00:00' AIRFLOW_CTX_TRY_NUMBER='1' AIRFLOW_CTX_DAG_RUN_ID='scheduled__2024-07-25T08:50:00+00:00'
[2024-07-25T16:17:37.905-0300] {taskinstance.py:430} INFO - ::endgroup::
[2024-07-25T16:17:37.913-0300] {binance_dag.py:22} INFO - End Time: 2024-07-25 08:55:00+00:00
[2024-07-25T16:17:37.913-0300] {binance_dag.py:23} INFO - Start Time: 2024-07-25 08:50:00+00:00
[2024-07-25T16:17:37.914-0300] {binance_dag.py:24} INFO - Start timestamp: 1721897400000
[2024-07-25T16:17:37.914-0300] {binance_dag.py:25} INFO - End timestamp: 1721897700000
[2024-07-25T16:17:37.974-0300] {base.py:84} INFO - Using connection ID 'binance_default' for task execution.
[2024-07-25T16:17:37.974-0300] {logging_mixin.py:188} INFO - https://api.binance.com
[2024-07-25T16:17:37.975-0300] {binance_hook.py:35} INFO - URL: https://api.binance.com/api/v3/klines?symbol=BTCBRL&interval=5m&startTime=1721897400000&endTime=1721897699999&timeZone=-3
[2024-07-25T16:17:38.407-0300] {python.py:237} INFO - Done. Returned value was: None
[2024-07-25T16:17:38.408-0300] {taskinstance.py:441} INFO - ::group::Post task execution logs
[2024-07-25T16:17:38.411-0300] {taskinstance.py:1206} INFO - Marking task as SUCCESS. dag_id=Binance_5m, task_id=get_5m_info, run_id=scheduled__2024-07-25T08:50:00+00:00, execution_date=20240725T085000, start_date=20240725T191737, end_date=20240725T191738
[2024-07-25T16:17:38.466-0300] {local_task_job_runner.py:243} INFO - Task exited with return code 0
[2024-07-25T16:17:38.472-0300] {taskinstance.py:3503} INFO - 0 downstream tasks scheduled from follow-on schedule check
[2024-07-25T16:17:38.473-0300] {local_task_job_runner.py:222} INFO - ::endgroup::
