[2024-07-25T14:56:36.786-0300] {local_task_job_runner.py:120} INFO - ::group::Pre task execution logs
[2024-07-25T14:56:36.793-0300] {taskinstance.py:2076} INFO - Dependencies all met for dep_context=non-requeueable deps ti=<TaskInstance: Mercado_5m.get_5m_info scheduled__2024-07-25T04:00:00+00:00 [queued]>
[2024-07-25T14:56:36.797-0300] {taskinstance.py:2076} INFO - Dependencies all met for dep_context=requeueable deps ti=<TaskInstance: Mercado_5m.get_5m_info scheduled__2024-07-25T04:00:00+00:00 [queued]>
[2024-07-25T14:56:36.798-0300] {taskinstance.py:2306} INFO - Starting attempt 1 of 1
[2024-07-25T14:56:36.812-0300] {taskinstance.py:2330} INFO - Executing <Task(PythonOperator): get_5m_info> on 2024-07-25 04:00:00+00:00
[2024-07-25T14:56:36.815-0300] {standard_task_runner.py:64} INFO - Started process 2616064 to run task
[2024-07-25T14:56:36.817-0300] {standard_task_runner.py:90} INFO - Running: ['airflow', 'tasks', 'run', 'Mercado_5m', 'get_5m_info', 'scheduled__2024-07-25T04:00:00+00:00', '--job-id', '2359', '--raw', '--subdir', 'DAGS_FOLDER/mercado_dag.py', '--cfg-path', '/tmp/tmpyevuvu3c']
[2024-07-25T14:56:36.818-0300] {standard_task_runner.py:91} INFO - Job 2359: Subtask get_5m_info
[2024-07-25T14:56:36.848-0300] {task_command.py:426} INFO - Running <TaskInstance: Mercado_5m.get_5m_info scheduled__2024-07-25T04:00:00+00:00 [running]> on host Galaxybook.
[2024-07-25T14:56:36.910-0300] {taskinstance.py:2648} INFO - Exporting env vars: AIRFLOW_CTX_DAG_OWNER='airflow' AIRFLOW_CTX_DAG_ID='Mercado_5m' AIRFLOW_CTX_TASK_ID='get_5m_info' AIRFLOW_CTX_EXECUTION_DATE='2024-07-25T04:00:00+00:00' AIRFLOW_CTX_TRY_NUMBER='1' AIRFLOW_CTX_DAG_RUN_ID='scheduled__2024-07-25T04:00:00+00:00'
[2024-07-25T14:56:36.911-0300] {taskinstance.py:430} INFO - ::endgroup::
[2024-07-25T14:56:36.994-0300] {base.py:84} INFO - Using connection ID 'mercado_default' for task execution.
[2024-07-25T14:56:36.995-0300] {mercado_hook.py:31} INFO - URL: https://api.mercadobitcoin.net/api/v4/candles?symbol=BTC-BRL&resolution=5m&to=1721891100&from=1721890800
[2024-07-25T14:56:37.275-0300] {python.py:237} INFO - Done. Returned value was: None
[2024-07-25T14:56:37.275-0300] {taskinstance.py:441} INFO - ::group::Post task execution logs
[2024-07-25T14:56:37.278-0300] {taskinstance.py:1206} INFO - Marking task as SUCCESS. dag_id=Mercado_5m, task_id=get_5m_info, run_id=scheduled__2024-07-25T04:00:00+00:00, execution_date=20240725T040000, start_date=20240725T175636, end_date=20240725T175637
[2024-07-25T14:56:37.319-0300] {local_task_job_runner.py:243} INFO - Task exited with return code 0
[2024-07-25T14:56:37.325-0300] {taskinstance.py:3503} INFO - 0 downstream tasks scheduled from follow-on schedule check
[2024-07-25T14:56:37.326-0300] {local_task_job_runner.py:222} INFO - ::endgroup::
[2024-07-25T16:21:02.084-0300] {local_task_job_runner.py:120} INFO - ::group::Pre task execution logs
[2024-07-25T16:21:02.091-0300] {taskinstance.py:2076} INFO - Dependencies all met for dep_context=non-requeueable deps ti=<TaskInstance: Mercado_5m.get_5m_info scheduled__2024-07-25T04:00:00+00:00 [queued]>
[2024-07-25T16:21:02.095-0300] {taskinstance.py:2076} INFO - Dependencies all met for dep_context=requeueable deps ti=<TaskInstance: Mercado_5m.get_5m_info scheduled__2024-07-25T04:00:00+00:00 [queued]>
[2024-07-25T16:21:02.095-0300] {taskinstance.py:2306} INFO - Starting attempt 1 of 1
[2024-07-25T16:21:02.109-0300] {taskinstance.py:2330} INFO - Executing <Task(PythonOperator): get_5m_info> on 2024-07-25 04:00:00+00:00
[2024-07-25T16:21:02.111-0300] {standard_task_runner.py:64} INFO - Started process 2664052 to run task
[2024-07-25T16:21:02.113-0300] {standard_task_runner.py:90} INFO - Running: ['airflow', 'tasks', 'run', 'Mercado_5m', 'get_5m_info', 'scheduled__2024-07-25T04:00:00+00:00', '--job-id', '2307', '--raw', '--subdir', 'DAGS_FOLDER/mercado_dag.py', '--cfg-path', '/tmp/tmpkqq2lbia']
[2024-07-25T16:21:02.114-0300] {standard_task_runner.py:91} INFO - Job 2307: Subtask get_5m_info
[2024-07-25T16:21:02.144-0300] {task_command.py:426} INFO - Running <TaskInstance: Mercado_5m.get_5m_info scheduled__2024-07-25T04:00:00+00:00 [running]> on host Galaxybook.
[2024-07-25T16:21:02.210-0300] {taskinstance.py:2648} INFO - Exporting env vars: AIRFLOW_CTX_DAG_OWNER='airflow' AIRFLOW_CTX_DAG_ID='Mercado_5m' AIRFLOW_CTX_TASK_ID='get_5m_info' AIRFLOW_CTX_EXECUTION_DATE='2024-07-25T04:00:00+00:00' AIRFLOW_CTX_TRY_NUMBER='1' AIRFLOW_CTX_DAG_RUN_ID='scheduled__2024-07-25T04:00:00+00:00'
[2024-07-25T16:21:02.211-0300] {taskinstance.py:430} INFO - ::endgroup::
[2024-07-25T16:21:02.221-0300] {mercado_dag.py:22} INFO - To: 2024-07-25 04:05:00+00:00
[2024-07-25T16:21:02.221-0300] {mercado_dag.py:23} INFO - From: 2024-07-25 04:00:00+00:00
[2024-07-25T16:21:02.221-0300] {mercado_dag.py:24} INFO - To timestamp: 1721880300 
[2024-07-25T16:21:02.222-0300] {mercado_dag.py:25} INFO - From timestamp: 1721880000 
[2024-07-25T16:21:02.284-0300] {base.py:84} INFO - Using connection ID 'mercado_default' for task execution.
[2024-07-25T16:21:02.285-0300] {mercado_hook.py:31} INFO - URL: https://api.mercadobitcoin.net/api/v4/candles?symbol=BTC-BRL&resolution=5m&to=1721880300&from=1721880000
[2024-07-25T16:21:02.580-0300] {python.py:237} INFO - Done. Returned value was: None
[2024-07-25T16:21:02.581-0300] {taskinstance.py:441} INFO - ::group::Post task execution logs
[2024-07-25T16:21:02.583-0300] {taskinstance.py:1206} INFO - Marking task as SUCCESS. dag_id=Mercado_5m, task_id=get_5m_info, run_id=scheduled__2024-07-25T04:00:00+00:00, execution_date=20240725T040000, start_date=20240725T192102, end_date=20240725T192102
[2024-07-25T16:21:02.610-0300] {local_task_job_runner.py:243} INFO - Task exited with return code 0
[2024-07-25T16:21:02.620-0300] {taskinstance.py:3503} INFO - 0 downstream tasks scheduled from follow-on schedule check
[2024-07-25T16:21:02.620-0300] {local_task_job_runner.py:222} INFO - ::endgroup::
