[2024-07-25T14:56:04.761-0300] {local_task_job_runner.py:120} INFO - ::group::Pre task execution logs
[2024-07-25T14:56:04.766-0300] {taskinstance.py:2076} INFO - Dependencies all met for dep_context=non-requeueable deps ti=<TaskInstance: Mercado_5m.get_5m_info scheduled__2024-07-25T02:45:00+00:00 [queued]>
[2024-07-25T14:56:04.770-0300] {taskinstance.py:2076} INFO - Dependencies all met for dep_context=requeueable deps ti=<TaskInstance: Mercado_5m.get_5m_info scheduled__2024-07-25T02:45:00+00:00 [queued]>
[2024-07-25T14:56:04.770-0300] {taskinstance.py:2306} INFO - Starting attempt 1 of 1
[2024-07-25T14:56:04.784-0300] {taskinstance.py:2330} INFO - Executing <Task(PythonOperator): get_5m_info> on 2024-07-25 02:45:00+00:00
[2024-07-25T14:56:04.786-0300] {standard_task_runner.py:64} INFO - Started process 2615517 to run task
[2024-07-25T14:56:04.788-0300] {standard_task_runner.py:90} INFO - Running: ['airflow', 'tasks', 'run', 'Mercado_5m', 'get_5m_info', 'scheduled__2024-07-25T02:45:00+00:00', '--job-id', '2344', '--raw', '--subdir', 'DAGS_FOLDER/mercado_dag.py', '--cfg-path', '/tmp/tmp69ktcp_3']
[2024-07-25T14:56:04.789-0300] {standard_task_runner.py:91} INFO - Job 2344: Subtask get_5m_info
[2024-07-25T14:56:04.813-0300] {task_command.py:426} INFO - Running <TaskInstance: Mercado_5m.get_5m_info scheduled__2024-07-25T02:45:00+00:00 [running]> on host Galaxybook.
[2024-07-25T14:56:04.863-0300] {taskinstance.py:2648} INFO - Exporting env vars: AIRFLOW_CTX_DAG_OWNER='airflow' AIRFLOW_CTX_DAG_ID='Mercado_5m' AIRFLOW_CTX_TASK_ID='get_5m_info' AIRFLOW_CTX_EXECUTION_DATE='2024-07-25T02:45:00+00:00' AIRFLOW_CTX_TRY_NUMBER='1' AIRFLOW_CTX_DAG_RUN_ID='scheduled__2024-07-25T02:45:00+00:00'
[2024-07-25T14:56:04.864-0300] {taskinstance.py:430} INFO - ::endgroup::
[2024-07-25T14:56:04.928-0300] {base.py:84} INFO - Using connection ID 'mercado_default' for task execution.
[2024-07-25T14:56:04.929-0300] {mercado_hook.py:31} INFO - URL: https://api.mercadobitcoin.net/api/v4/candles?symbol=BTC-BRL&resolution=5m&to=1721886600&from=1721886300
[2024-07-25T14:56:05.212-0300] {python.py:237} INFO - Done. Returned value was: None
[2024-07-25T14:56:05.213-0300] {taskinstance.py:441} INFO - ::group::Post task execution logs
[2024-07-25T14:56:05.216-0300] {taskinstance.py:1206} INFO - Marking task as SUCCESS. dag_id=Mercado_5m, task_id=get_5m_info, run_id=scheduled__2024-07-25T02:45:00+00:00, execution_date=20240725T024500, start_date=20240725T175604, end_date=20240725T175605
[2024-07-25T14:56:05.244-0300] {local_task_job_runner.py:243} INFO - Task exited with return code 0
[2024-07-25T14:56:05.250-0300] {taskinstance.py:3503} INFO - 0 downstream tasks scheduled from follow-on schedule check
[2024-07-25T14:56:05.251-0300] {local_task_job_runner.py:222} INFO - ::endgroup::
[2024-07-25T16:20:06.592-0300] {local_task_job_runner.py:120} INFO - ::group::Pre task execution logs
[2024-07-25T16:20:06.599-0300] {taskinstance.py:2076} INFO - Dependencies all met for dep_context=non-requeueable deps ti=<TaskInstance: Mercado_5m.get_5m_info scheduled__2024-07-25T02:45:00+00:00 [queued]>
[2024-07-25T16:20:06.602-0300] {taskinstance.py:2076} INFO - Dependencies all met for dep_context=requeueable deps ti=<TaskInstance: Mercado_5m.get_5m_info scheduled__2024-07-25T02:45:00+00:00 [queued]>
[2024-07-25T16:20:06.602-0300] {taskinstance.py:2306} INFO - Starting attempt 1 of 1
[2024-07-25T16:20:06.614-0300] {taskinstance.py:2330} INFO - Executing <Task(PythonOperator): get_5m_info> on 2024-07-25 02:45:00+00:00
[2024-07-25T16:20:06.616-0300] {standard_task_runner.py:64} INFO - Started process 2663116 to run task
[2024-07-25T16:20:06.618-0300] {standard_task_runner.py:90} INFO - Running: ['airflow', 'tasks', 'run', 'Mercado_5m', 'get_5m_info', 'scheduled__2024-07-25T02:45:00+00:00', '--job-id', '2277', '--raw', '--subdir', 'DAGS_FOLDER/mercado_dag.py', '--cfg-path', '/tmp/tmpibo5o59j']
[2024-07-25T16:20:06.619-0300] {standard_task_runner.py:91} INFO - Job 2277: Subtask get_5m_info
[2024-07-25T16:20:06.649-0300] {task_command.py:426} INFO - Running <TaskInstance: Mercado_5m.get_5m_info scheduled__2024-07-25T02:45:00+00:00 [running]> on host Galaxybook.
[2024-07-25T16:20:06.709-0300] {taskinstance.py:2648} INFO - Exporting env vars: AIRFLOW_CTX_DAG_OWNER='airflow' AIRFLOW_CTX_DAG_ID='Mercado_5m' AIRFLOW_CTX_TASK_ID='get_5m_info' AIRFLOW_CTX_EXECUTION_DATE='2024-07-25T02:45:00+00:00' AIRFLOW_CTX_TRY_NUMBER='1' AIRFLOW_CTX_DAG_RUN_ID='scheduled__2024-07-25T02:45:00+00:00'
[2024-07-25T16:20:06.710-0300] {taskinstance.py:430} INFO - ::endgroup::
[2024-07-25T16:20:06.718-0300] {mercado_dag.py:22} INFO - To: 2024-07-25 02:50:00+00:00
[2024-07-25T16:20:06.718-0300] {mercado_dag.py:23} INFO - From: 2024-07-25 02:45:00+00:00
[2024-07-25T16:20:06.719-0300] {mercado_dag.py:24} INFO - To timestamp: 1721875800 
[2024-07-25T16:20:06.719-0300] {mercado_dag.py:25} INFO - From timestamp: 1721875500 
[2024-07-25T16:20:06.796-0300] {base.py:84} INFO - Using connection ID 'mercado_default' for task execution.
[2024-07-25T16:20:06.797-0300] {mercado_hook.py:31} INFO - URL: https://api.mercadobitcoin.net/api/v4/candles?symbol=BTC-BRL&resolution=5m&to=1721875800&from=1721875500
[2024-07-25T16:20:07.089-0300] {python.py:237} INFO - Done. Returned value was: None
[2024-07-25T16:20:07.090-0300] {taskinstance.py:441} INFO - ::group::Post task execution logs
[2024-07-25T16:20:07.092-0300] {taskinstance.py:1206} INFO - Marking task as SUCCESS. dag_id=Mercado_5m, task_id=get_5m_info, run_id=scheduled__2024-07-25T02:45:00+00:00, execution_date=20240725T024500, start_date=20240725T192006, end_date=20240725T192007
[2024-07-25T16:20:07.113-0300] {local_task_job_runner.py:243} INFO - Task exited with return code 0
[2024-07-25T16:20:07.119-0300] {taskinstance.py:3503} INFO - 0 downstream tasks scheduled from follow-on schedule check
[2024-07-25T16:20:07.120-0300] {local_task_job_runner.py:222} INFO - ::endgroup::
[2024-07-25T16:26:15.999-0300] {local_task_job_runner.py:120} INFO - ::group::Pre task execution logs
[2024-07-25T16:26:16.006-0300] {taskinstance.py:2076} INFO - Dependencies all met for dep_context=non-requeueable deps ti=<TaskInstance: Mercado_5m.get_5m_info scheduled__2024-07-25T02:45:00+00:00 [queued]>
[2024-07-25T16:26:16.012-0300] {taskinstance.py:2076} INFO - Dependencies all met for dep_context=requeueable deps ti=<TaskInstance: Mercado_5m.get_5m_info scheduled__2024-07-25T02:45:00+00:00 [queued]>
[2024-07-25T16:26:16.012-0300] {taskinstance.py:2306} INFO - Starting attempt 1 of 1
[2024-07-25T16:26:16.030-0300] {taskinstance.py:2330} INFO - Executing <Task(PythonOperator): get_5m_info> on 2024-07-25 02:45:00+00:00
[2024-07-25T16:26:16.032-0300] {standard_task_runner.py:64} INFO - Started process 2669281 to run task
[2024-07-25T16:26:16.034-0300] {standard_task_runner.py:90} INFO - Running: ['airflow', 'tasks', 'run', 'Mercado_5m', 'get_5m_info', 'scheduled__2024-07-25T02:45:00+00:00', '--job-id', '2453', '--raw', '--subdir', 'DAGS_FOLDER/mercado_dag.py', '--cfg-path', '/tmp/tmpgdyaui_q']
[2024-07-25T16:26:16.035-0300] {standard_task_runner.py:91} INFO - Job 2453: Subtask get_5m_info
[2024-07-25T16:26:16.065-0300] {task_command.py:426} INFO - Running <TaskInstance: Mercado_5m.get_5m_info scheduled__2024-07-25T02:45:00+00:00 [running]> on host Galaxybook.
[2024-07-25T16:26:16.128-0300] {taskinstance.py:2648} INFO - Exporting env vars: AIRFLOW_CTX_DAG_OWNER='airflow' AIRFLOW_CTX_DAG_ID='Mercado_5m' AIRFLOW_CTX_TASK_ID='get_5m_info' AIRFLOW_CTX_EXECUTION_DATE='2024-07-25T02:45:00+00:00' AIRFLOW_CTX_TRY_NUMBER='1' AIRFLOW_CTX_DAG_RUN_ID='scheduled__2024-07-25T02:45:00+00:00'
[2024-07-25T16:26:16.129-0300] {taskinstance.py:430} INFO - ::endgroup::
[2024-07-25T16:26:16.138-0300] {mercado_dag.py:22} INFO - To: 2024-07-25 02:50:00+00:00
[2024-07-25T16:26:16.138-0300] {mercado_dag.py:23} INFO - From: 2024-07-25 02:45:00+00:00
[2024-07-25T16:26:16.138-0300] {mercado_dag.py:24} INFO - To timestamp: 1721875800000 
[2024-07-25T16:26:16.138-0300] {mercado_dag.py:25} INFO - From timestamp: 1721875500000 
[2024-07-25T16:26:16.207-0300] {base.py:84} INFO - Using connection ID 'mercado_default' for task execution.
[2024-07-25T16:26:16.208-0300] {mercado_hook.py:31} INFO - URL: https://api.mercadobitcoin.net/api/v4/candles?symbol=BTC-BRL&resolution=5m&to=1721875800000&from=1721875500000
[2024-07-25T16:26:16.489-0300] {python.py:237} INFO - Done. Returned value was: None
[2024-07-25T16:26:16.490-0300] {taskinstance.py:441} INFO - ::group::Post task execution logs
[2024-07-25T16:26:16.493-0300] {taskinstance.py:1206} INFO - Marking task as SUCCESS. dag_id=Mercado_5m, task_id=get_5m_info, run_id=scheduled__2024-07-25T02:45:00+00:00, execution_date=20240725T024500, start_date=20240725T192616, end_date=20240725T192616
[2024-07-25T16:26:16.533-0300] {local_task_job_runner.py:243} INFO - Task exited with return code 0
[2024-07-25T16:26:16.539-0300] {taskinstance.py:3503} INFO - 0 downstream tasks scheduled from follow-on schedule check
[2024-07-25T16:26:16.540-0300] {local_task_job_runner.py:222} INFO - ::endgroup::
