[2024-07-25T14:00:01.270-0300] {local_task_job_runner.py:120} INFO - ::group::Pre task execution logs
[2024-07-25T14:00:01.276-0300] {taskinstance.py:2076} INFO - Dependencies all met for dep_context=non-requeueable deps ti=<TaskInstance: Binance_5m.get_5m_info scheduled__2024-07-25T16:55:00+00:00 [queued]>
[2024-07-25T14:00:01.279-0300] {taskinstance.py:2076} INFO - Dependencies all met for dep_context=requeueable deps ti=<TaskInstance: Binance_5m.get_5m_info scheduled__2024-07-25T16:55:00+00:00 [queued]>
[2024-07-25T14:00:01.279-0300] {taskinstance.py:2306} INFO - Starting attempt 1 of 1
[2024-07-25T14:00:01.299-0300] {taskinstance.py:2330} INFO - Executing <Task(PythonOperator): get_5m_info> on 2024-07-25 16:55:00+00:00
[2024-07-25T14:00:01.300-0300] {standard_task_runner.py:64} INFO - Started process 2575615 to run task
[2024-07-25T14:00:01.302-0300] {standard_task_runner.py:90} INFO - Running: ['airflow', 'tasks', 'run', 'Binance_5m', 'get_5m_info', 'scheduled__2024-07-25T16:55:00+00:00', '--job-id', '2107', '--raw', '--subdir', 'DAGS_FOLDER/binance_dag.py', '--cfg-path', '/tmp/tmpg9qg3nx1']
[2024-07-25T14:00:01.303-0300] {standard_task_runner.py:91} INFO - Job 2107: Subtask get_5m_info
[2024-07-25T14:00:01.330-0300] {task_command.py:426} INFO - Running <TaskInstance: Binance_5m.get_5m_info scheduled__2024-07-25T16:55:00+00:00 [running]> on host Galaxybook.
[2024-07-25T14:00:01.381-0300] {taskinstance.py:2648} INFO - Exporting env vars: AIRFLOW_CTX_DAG_OWNER='airflow' AIRFLOW_CTX_DAG_ID='Binance_5m' AIRFLOW_CTX_TASK_ID='get_5m_info' AIRFLOW_CTX_EXECUTION_DATE='2024-07-25T16:55:00+00:00' AIRFLOW_CTX_TRY_NUMBER='1' AIRFLOW_CTX_DAG_RUN_ID='scheduled__2024-07-25T16:55:00+00:00'
[2024-07-25T14:00:01.382-0300] {taskinstance.py:430} INFO - ::endgroup::
[2024-07-25T14:00:01.389-0300] {binance_dag.py:22} INFO - End Time: 2024-07-25T17:00:00.00Z
[2024-07-25T14:00:01.444-0300] {base.py:84} INFO - Using connection ID 'binance_default' for task execution.
[2024-07-25T14:00:01.445-0300] {logging_mixin.py:188} INFO - https://api.binance.com
[2024-07-25T14:00:01.445-0300] {binance_hook.py:35} INFO - URL: https://api.binance.com/api/v3/klines?symbol=BTCBRL&interval=5m&startTime=1721937300000&endTime=1721937600000
[2024-07-25T14:00:02.377-0300] {python.py:237} INFO - Done. Returned value was: None
[2024-07-25T14:00:02.377-0300] {taskinstance.py:441} INFO - ::group::Post task execution logs
[2024-07-25T14:00:02.380-0300] {taskinstance.py:1206} INFO - Marking task as SUCCESS. dag_id=Binance_5m, task_id=get_5m_info, run_id=scheduled__2024-07-25T16:55:00+00:00, execution_date=20240725T165500, start_date=20240725T170001, end_date=20240725T170002
[2024-07-25T14:00:02.419-0300] {local_task_job_runner.py:243} INFO - Task exited with return code 0
[2024-07-25T14:00:02.425-0300] {taskinstance.py:3503} INFO - 0 downstream tasks scheduled from follow-on schedule check
[2024-07-25T14:00:02.425-0300] {local_task_job_runner.py:222} INFO - ::endgroup::
[2024-07-25T14:54:55.610-0300] {local_task_job_runner.py:120} INFO - ::group::Pre task execution logs
[2024-07-25T14:54:55.615-0300] {taskinstance.py:2076} INFO - Dependencies all met for dep_context=non-requeueable deps ti=<TaskInstance: Binance_5m.get_5m_info scheduled__2024-07-25T16:55:00+00:00 [queued]>
[2024-07-25T14:54:55.618-0300] {taskinstance.py:2076} INFO - Dependencies all met for dep_context=requeueable deps ti=<TaskInstance: Binance_5m.get_5m_info scheduled__2024-07-25T16:55:00+00:00 [queued]>
[2024-07-25T14:54:55.618-0300] {taskinstance.py:2306} INFO - Starting attempt 1 of 1
[2024-07-25T14:54:55.631-0300] {taskinstance.py:2330} INFO - Executing <Task(PythonOperator): get_5m_info> on 2024-07-25 16:55:00+00:00
[2024-07-25T14:54:55.633-0300] {standard_task_runner.py:64} INFO - Started process 2614338 to run task
[2024-07-25T14:54:55.635-0300] {standard_task_runner.py:90} INFO - Running: ['airflow', 'tasks', 'run', 'Binance_5m', 'get_5m_info', 'scheduled__2024-07-25T16:55:00+00:00', '--job-id', '2308', '--raw', '--subdir', 'DAGS_FOLDER/binance_dag.py', '--cfg-path', '/tmp/tmp0hciz8xk']
[2024-07-25T14:54:55.636-0300] {standard_task_runner.py:91} INFO - Job 2308: Subtask get_5m_info
[2024-07-25T14:54:55.658-0300] {task_command.py:426} INFO - Running <TaskInstance: Binance_5m.get_5m_info scheduled__2024-07-25T16:55:00+00:00 [running]> on host Galaxybook.
[2024-07-25T14:54:55.711-0300] {taskinstance.py:2648} INFO - Exporting env vars: AIRFLOW_CTX_DAG_OWNER='airflow' AIRFLOW_CTX_DAG_ID='Binance_5m' AIRFLOW_CTX_TASK_ID='get_5m_info' AIRFLOW_CTX_EXECUTION_DATE='2024-07-25T16:55:00+00:00' AIRFLOW_CTX_TRY_NUMBER='1' AIRFLOW_CTX_DAG_RUN_ID='scheduled__2024-07-25T16:55:00+00:00'
[2024-07-25T14:54:55.712-0300] {taskinstance.py:430} INFO - ::endgroup::
[2024-07-25T14:54:55.720-0300] {binance_dag.py:23} INFO - End Time: 2024-07-25T17:00:00.00Z
[2024-07-25T14:54:55.720-0300] {binance_dag.py:24} INFO - Start Time: 2024-07-25T16:55:00.00Z
[2024-07-25T14:54:55.775-0300] {base.py:84} INFO - Using connection ID 'binance_default' for task execution.
[2024-07-25T14:54:55.776-0300] {logging_mixin.py:188} INFO - https://api.binance.com
[2024-07-25T14:54:55.776-0300] {binance_hook.py:35} INFO - URL: https://api.binance.com/api/v3/klines?symbol=BTCBRL&interval=5m&startTime=1721937300000&endTime=1721937599999
[2024-07-25T14:54:56.170-0300] {binance_dag.py:43} INFO - r: []
[2024-07-25T14:54:56.171-0300] {python.py:237} INFO - Done. Returned value was: None
[2024-07-25T14:54:56.172-0300] {taskinstance.py:441} INFO - ::group::Post task execution logs
[2024-07-25T14:54:56.174-0300] {taskinstance.py:1206} INFO - Marking task as SUCCESS. dag_id=Binance_5m, task_id=get_5m_info, run_id=scheduled__2024-07-25T16:55:00+00:00, execution_date=20240725T165500, start_date=20240725T175455, end_date=20240725T175456
[2024-07-25T14:54:56.217-0300] {local_task_job_runner.py:243} INFO - Task exited with return code 0
[2024-07-25T14:54:56.223-0300] {taskinstance.py:3503} INFO - 0 downstream tasks scheduled from follow-on schedule check
[2024-07-25T14:54:56.223-0300] {local_task_job_runner.py:222} INFO - ::endgroup::
[2024-07-25T15:24:26.494-0300] {local_task_job_runner.py:120} INFO - ::group::Pre task execution logs
[2024-07-25T15:24:26.500-0300] {taskinstance.py:2076} INFO - Dependencies all met for dep_context=non-requeueable deps ti=<TaskInstance: Binance_5m.get_5m_info scheduled__2024-07-25T16:55:00+00:00 [queued]>
[2024-07-25T15:24:26.504-0300] {taskinstance.py:2076} INFO - Dependencies all met for dep_context=requeueable deps ti=<TaskInstance: Binance_5m.get_5m_info scheduled__2024-07-25T16:55:00+00:00 [queued]>
[2024-07-25T15:24:26.504-0300] {taskinstance.py:2306} INFO - Starting attempt 1 of 1
[2024-07-25T15:24:26.519-0300] {taskinstance.py:2330} INFO - Executing <Task(PythonOperator): get_5m_info> on 2024-07-25 16:55:00+00:00
[2024-07-25T15:24:26.522-0300] {standard_task_runner.py:64} INFO - Started process 2636120 to run task
[2024-07-25T15:24:26.524-0300] {standard_task_runner.py:90} INFO - Running: ['airflow', 'tasks', 'run', 'Binance_5m', 'get_5m_info', 'scheduled__2024-07-25T16:55:00+00:00', '--job-id', '2738', '--raw', '--subdir', 'DAGS_FOLDER/binance_dag.py', '--cfg-path', '/tmp/tmpliml1q22']
[2024-07-25T15:24:26.525-0300] {standard_task_runner.py:91} INFO - Job 2738: Subtask get_5m_info
[2024-07-25T15:24:26.552-0300] {task_command.py:426} INFO - Running <TaskInstance: Binance_5m.get_5m_info scheduled__2024-07-25T16:55:00+00:00 [running]> on host Galaxybook.
[2024-07-25T15:24:26.607-0300] {taskinstance.py:2648} INFO - Exporting env vars: AIRFLOW_CTX_DAG_OWNER='airflow' AIRFLOW_CTX_DAG_ID='Binance_5m' AIRFLOW_CTX_TASK_ID='get_5m_info' AIRFLOW_CTX_EXECUTION_DATE='2024-07-25T16:55:00+00:00' AIRFLOW_CTX_TRY_NUMBER='1' AIRFLOW_CTX_DAG_RUN_ID='scheduled__2024-07-25T16:55:00+00:00'
[2024-07-25T15:24:26.607-0300] {taskinstance.py:430} INFO - ::endgroup::
[2024-07-25T15:24:26.615-0300] {binance_dag.py:23} INFO - End Time: 2024-07-25T17:00:00.00Z
[2024-07-25T15:24:26.615-0300] {binance_dag.py:24} INFO - Start Time: 2024-07-25T16:55:00.00Z
[2024-07-25T15:24:26.668-0300] {binance_dag.py:25} INFO - 1721937300000
[2024-07-25T15:24:26.670-0300] {base.py:84} INFO - Using connection ID 'binance_default' for task execution.
[2024-07-25T15:24:26.670-0300] {logging_mixin.py:188} INFO - https://api.binance.com
[2024-07-25T15:24:26.671-0300] {binance_hook.py:35} INFO - URL: https://api.binance.com/api/v3/klines?symbol=BTCBRL&interval=5m&startTime=1721937300000&endTime=1721937599999
[2024-07-25T15:24:27.124-0300] {python.py:237} INFO - Done. Returned value was: None
[2024-07-25T15:24:27.125-0300] {taskinstance.py:441} INFO - ::group::Post task execution logs
[2024-07-25T15:24:27.129-0300] {taskinstance.py:1206} INFO - Marking task as SUCCESS. dag_id=Binance_5m, task_id=get_5m_info, run_id=scheduled__2024-07-25T16:55:00+00:00, execution_date=20240725T165500, start_date=20240725T182426, end_date=20240725T182427
[2024-07-25T15:24:27.145-0300] {local_task_job_runner.py:243} INFO - Task exited with return code 0
[2024-07-25T15:24:27.152-0300] {taskinstance.py:3503} INFO - 0 downstream tasks scheduled from follow-on schedule check
[2024-07-25T15:24:27.152-0300] {local_task_job_runner.py:222} INFO - ::endgroup::
[2024-07-25T16:23:26.802-0300] {local_task_job_runner.py:120} INFO - ::group::Pre task execution logs
[2024-07-25T16:23:26.809-0300] {taskinstance.py:2076} INFO - Dependencies all met for dep_context=non-requeueable deps ti=<TaskInstance: Binance_5m.get_5m_info scheduled__2024-07-25T16:55:00+00:00 [queued]>
[2024-07-25T16:23:26.812-0300] {taskinstance.py:2076} INFO - Dependencies all met for dep_context=requeueable deps ti=<TaskInstance: Binance_5m.get_5m_info scheduled__2024-07-25T16:55:00+00:00 [queued]>
[2024-07-25T16:23:26.812-0300] {taskinstance.py:2306} INFO - Starting attempt 1 of 1
[2024-07-25T16:23:26.826-0300] {taskinstance.py:2330} INFO - Executing <Task(PythonOperator): get_5m_info> on 2024-07-25 16:55:00+00:00
[2024-07-25T16:23:26.828-0300] {standard_task_runner.py:64} INFO - Started process 2666497 to run task
[2024-07-25T16:23:26.830-0300] {standard_task_runner.py:90} INFO - Running: ['airflow', 'tasks', 'run', 'Binance_5m', 'get_5m_info', 'scheduled__2024-07-25T16:55:00+00:00', '--job-id', '2378', '--raw', '--subdir', 'DAGS_FOLDER/binance_dag.py', '--cfg-path', '/tmp/tmpl4am39u5']
[2024-07-25T16:23:26.831-0300] {standard_task_runner.py:91} INFO - Job 2378: Subtask get_5m_info
[2024-07-25T16:23:26.861-0300] {task_command.py:426} INFO - Running <TaskInstance: Binance_5m.get_5m_info scheduled__2024-07-25T16:55:00+00:00 [running]> on host Galaxybook.
[2024-07-25T16:23:26.923-0300] {taskinstance.py:2648} INFO - Exporting env vars: AIRFLOW_CTX_DAG_OWNER='airflow' AIRFLOW_CTX_DAG_ID='Binance_5m' AIRFLOW_CTX_TASK_ID='get_5m_info' AIRFLOW_CTX_EXECUTION_DATE='2024-07-25T16:55:00+00:00' AIRFLOW_CTX_TRY_NUMBER='1' AIRFLOW_CTX_DAG_RUN_ID='scheduled__2024-07-25T16:55:00+00:00'
[2024-07-25T16:23:26.924-0300] {taskinstance.py:430} INFO - ::endgroup::
[2024-07-25T16:23:26.933-0300] {binance_dag.py:22} INFO - End Time: 2024-07-25 17:00:00+00:00
[2024-07-25T16:23:26.933-0300] {binance_dag.py:23} INFO - Start Time: 2024-07-25 16:55:00+00:00
[2024-07-25T16:23:26.934-0300] {binance_dag.py:24} INFO - Start timestamp: 1721926500000
[2024-07-25T16:23:26.934-0300] {binance_dag.py:25} INFO - End timestamp: 1721926800000
[2024-07-25T16:23:27.020-0300] {base.py:84} INFO - Using connection ID 'binance_default' for task execution.
[2024-07-25T16:23:27.020-0300] {logging_mixin.py:188} INFO - https://api.binance.com
[2024-07-25T16:23:27.021-0300] {binance_hook.py:35} INFO - URL: https://api.binance.com/api/v3/klines?symbol=BTCBRL&interval=5m&startTime=1721926500000&endTime=1721926799999&timeZone=-3
[2024-07-25T16:23:27.413-0300] {python.py:237} INFO - Done. Returned value was: None
[2024-07-25T16:23:27.414-0300] {taskinstance.py:441} INFO - ::group::Post task execution logs
[2024-07-25T16:23:27.417-0300] {taskinstance.py:1206} INFO - Marking task as SUCCESS. dag_id=Binance_5m, task_id=get_5m_info, run_id=scheduled__2024-07-25T16:55:00+00:00, execution_date=20240725T165500, start_date=20240725T192326, end_date=20240725T192327
[2024-07-25T16:23:27.452-0300] {local_task_job_runner.py:243} INFO - Task exited with return code 0
[2024-07-25T16:23:27.459-0300] {taskinstance.py:3503} INFO - 0 downstream tasks scheduled from follow-on schedule check
[2024-07-25T16:23:27.459-0300] {local_task_job_runner.py:222} INFO - ::endgroup::
