[2024-07-25T14:48:31.261-0300] {local_task_job_runner.py:120} INFO - ::group::Pre task execution logs
[2024-07-25T14:48:31.268-0300] {taskinstance.py:2076} INFO - Dependencies all met for dep_context=non-requeueable deps ti=<TaskInstance: Binance_5m.get_5m_info scheduled__2024-07-25T04:10:00+00:00 [queued]>
[2024-07-25T14:48:31.271-0300] {taskinstance.py:2076} INFO - Dependencies all met for dep_context=requeueable deps ti=<TaskInstance: Binance_5m.get_5m_info scheduled__2024-07-25T04:10:00+00:00 [queued]>
[2024-07-25T14:48:31.272-0300] {taskinstance.py:2306} INFO - Starting attempt 1 of 1
[2024-07-25T14:48:31.285-0300] {taskinstance.py:2330} INFO - Executing <Task(PythonOperator): get_5m_info> on 2024-07-25 04:10:00+00:00
[2024-07-25T14:48:31.287-0300] {standard_task_runner.py:64} INFO - Started process 2607913 to run task
[2024-07-25T14:48:31.289-0300] {standard_task_runner.py:90} INFO - Running: ['airflow', 'tasks', 'run', 'Binance_5m', 'get_5m_info', 'scheduled__2024-07-25T04:10:00+00:00', '--job-id', '2136', '--raw', '--subdir', 'DAGS_FOLDER/binance_dag.py', '--cfg-path', '/tmp/tmprtunweog']
[2024-07-25T14:48:31.291-0300] {standard_task_runner.py:91} INFO - Job 2136: Subtask get_5m_info
[2024-07-25T14:48:31.322-0300] {task_command.py:426} INFO - Running <TaskInstance: Binance_5m.get_5m_info scheduled__2024-07-25T04:10:00+00:00 [running]> on host Galaxybook.
[2024-07-25T14:48:31.382-0300] {taskinstance.py:2648} INFO - Exporting env vars: AIRFLOW_CTX_DAG_OWNER='airflow' AIRFLOW_CTX_DAG_ID='Binance_5m' AIRFLOW_CTX_TASK_ID='get_5m_info' AIRFLOW_CTX_EXECUTION_DATE='2024-07-25T04:10:00+00:00' AIRFLOW_CTX_TRY_NUMBER='1' AIRFLOW_CTX_DAG_RUN_ID='scheduled__2024-07-25T04:10:00+00:00'
[2024-07-25T14:48:31.382-0300] {taskinstance.py:430} INFO - ::endgroup::
[2024-07-25T14:48:31.392-0300] {binance_dag.py:23} INFO - End Time: 2024-07-25T04:15:00.00Z
[2024-07-25T14:48:31.392-0300] {binance_dag.py:24} INFO - Start Time: 2024-07-25T04:10:00.00Z
[2024-07-25T14:48:31.463-0300] {base.py:84} INFO - Using connection ID 'binance_default' for task execution.
[2024-07-25T14:48:31.464-0300] {logging_mixin.py:188} INFO - https://api.binance.com
[2024-07-25T14:48:31.465-0300] {binance_hook.py:35} INFO - URL: https://api.binance.com/api/v3/klines?symbol=BTCBRL&interval=5m&startTime=1721891400000&endTime=1721891699999
[2024-07-25T14:48:31.853-0300] {binance_dag.py:43} INFO - r: [[1721891400000, '365959.00000000', '365959.00000000', '365568.00000000', '365568.00000000', '0.00459000', 1721891699999, '1678.87876000', 13, '0.00401000', '1466.76660000', '0']]
[2024-07-25T14:48:31.855-0300] {python.py:237} INFO - Done. Returned value was: None
[2024-07-25T14:48:31.856-0300] {taskinstance.py:441} INFO - ::group::Post task execution logs
[2024-07-25T14:48:31.859-0300] {taskinstance.py:1206} INFO - Marking task as SUCCESS. dag_id=Binance_5m, task_id=get_5m_info, run_id=scheduled__2024-07-25T04:10:00+00:00, execution_date=20240725T041000, start_date=20240725T174831, end_date=20240725T174831
[2024-07-25T14:48:31.871-0300] {local_task_job_runner.py:243} INFO - Task exited with return code 0
[2024-07-25T14:48:31.877-0300] {taskinstance.py:3503} INFO - 0 downstream tasks scheduled from follow-on schedule check
[2024-07-25T14:48:31.878-0300] {local_task_job_runner.py:222} INFO - ::endgroup::
[2024-07-25T15:18:41.148-0300] {local_task_job_runner.py:120} INFO - ::group::Pre task execution logs
[2024-07-25T15:18:41.153-0300] {taskinstance.py:2076} INFO - Dependencies all met for dep_context=non-requeueable deps ti=<TaskInstance: Binance_5m.get_5m_info scheduled__2024-07-25T04:10:00+00:00 [queued]>
[2024-07-25T15:18:41.156-0300] {taskinstance.py:2076} INFO - Dependencies all met for dep_context=requeueable deps ti=<TaskInstance: Binance_5m.get_5m_info scheduled__2024-07-25T04:10:00+00:00 [queued]>
[2024-07-25T15:18:41.156-0300] {taskinstance.py:2306} INFO - Starting attempt 1 of 1
[2024-07-25T15:18:41.172-0300] {taskinstance.py:2330} INFO - Executing <Task(PythonOperator): get_5m_info> on 2024-07-25 04:10:00+00:00
[2024-07-25T15:18:41.174-0300] {standard_task_runner.py:64} INFO - Started process 2630427 to run task
[2024-07-25T15:18:41.176-0300] {standard_task_runner.py:90} INFO - Running: ['airflow', 'tasks', 'run', 'Binance_5m', 'get_5m_info', 'scheduled__2024-07-25T04:10:00+00:00', '--job-id', '2585', '--raw', '--subdir', 'DAGS_FOLDER/binance_dag.py', '--cfg-path', '/tmp/tmpmk7i53_4']
[2024-07-25T15:18:41.177-0300] {standard_task_runner.py:91} INFO - Job 2585: Subtask get_5m_info
[2024-07-25T15:18:41.202-0300] {task_command.py:426} INFO - Running <TaskInstance: Binance_5m.get_5m_info scheduled__2024-07-25T04:10:00+00:00 [running]> on host Galaxybook.
[2024-07-25T15:18:41.258-0300] {taskinstance.py:2648} INFO - Exporting env vars: AIRFLOW_CTX_DAG_OWNER='airflow' AIRFLOW_CTX_DAG_ID='Binance_5m' AIRFLOW_CTX_TASK_ID='get_5m_info' AIRFLOW_CTX_EXECUTION_DATE='2024-07-25T04:10:00+00:00' AIRFLOW_CTX_TRY_NUMBER='1' AIRFLOW_CTX_DAG_RUN_ID='scheduled__2024-07-25T04:10:00+00:00'
[2024-07-25T15:18:41.259-0300] {taskinstance.py:430} INFO - ::endgroup::
[2024-07-25T15:18:41.266-0300] {binance_dag.py:23} INFO - End Time: 2024-07-25T04:15:00.00Z
[2024-07-25T15:18:41.266-0300] {binance_dag.py:24} INFO - Start Time: 2024-07-25T04:10:00.00Z
[2024-07-25T15:18:41.327-0300] {binance_dag.py:25} INFO - 1721891400000
[2024-07-25T15:18:41.330-0300] {base.py:84} INFO - Using connection ID 'binance_default' for task execution.
[2024-07-25T15:18:41.330-0300] {logging_mixin.py:188} INFO - https://api.binance.com
[2024-07-25T15:18:41.331-0300] {binance_hook.py:35} INFO - URL: https://api.binance.com/api/v3/klines?symbol=BTCBRL&interval=5m&startTime=1721891400000&endTime=1721891699999
[2024-07-25T15:18:41.741-0300] {python.py:237} INFO - Done. Returned value was: None
[2024-07-25T15:18:41.742-0300] {taskinstance.py:441} INFO - ::group::Post task execution logs
[2024-07-25T15:18:41.745-0300] {taskinstance.py:1206} INFO - Marking task as SUCCESS. dag_id=Binance_5m, task_id=get_5m_info, run_id=scheduled__2024-07-25T04:10:00+00:00, execution_date=20240725T041000, start_date=20240725T181841, end_date=20240725T181841
[2024-07-25T15:18:41.760-0300] {local_task_job_runner.py:243} INFO - Task exited with return code 0
[2024-07-25T15:18:41.765-0300] {taskinstance.py:3503} INFO - 0 downstream tasks scheduled from follow-on schedule check
[2024-07-25T15:18:41.766-0300] {local_task_job_runner.py:222} INFO - ::endgroup::
[2024-07-25T16:15:17.481-0300] {local_task_job_runner.py:120} INFO - ::group::Pre task execution logs
[2024-07-25T16:15:17.488-0300] {taskinstance.py:2076} INFO - Dependencies all met for dep_context=non-requeueable deps ti=<TaskInstance: Binance_5m.get_5m_info scheduled__2024-07-25T04:10:00+00:00 [queued]>
[2024-07-25T16:15:17.491-0300] {taskinstance.py:2076} INFO - Dependencies all met for dep_context=requeueable deps ti=<TaskInstance: Binance_5m.get_5m_info scheduled__2024-07-25T04:10:00+00:00 [queued]>
[2024-07-25T16:15:17.492-0300] {taskinstance.py:2306} INFO - Starting attempt 1 of 1
[2024-07-25T16:15:17.508-0300] {taskinstance.py:2330} INFO - Executing <Task(PythonOperator): get_5m_info> on 2024-07-25 04:10:00+00:00
[2024-07-25T16:15:17.510-0300] {standard_task_runner.py:64} INFO - Started process 2658249 to run task
[2024-07-25T16:15:17.512-0300] {standard_task_runner.py:90} INFO - Running: ['airflow', 'tasks', 'run', 'Binance_5m', 'get_5m_info', 'scheduled__2024-07-25T04:10:00+00:00', '--job-id', '2145', '--raw', '--subdir', 'DAGS_FOLDER/binance_dag.py', '--cfg-path', '/tmp/tmp4m1h5m42']
[2024-07-25T16:15:17.513-0300] {standard_task_runner.py:91} INFO - Job 2145: Subtask get_5m_info
[2024-07-25T16:15:17.542-0300] {task_command.py:426} INFO - Running <TaskInstance: Binance_5m.get_5m_info scheduled__2024-07-25T04:10:00+00:00 [running]> on host Galaxybook.
[2024-07-25T16:15:17.601-0300] {taskinstance.py:2648} INFO - Exporting env vars: AIRFLOW_CTX_DAG_OWNER='airflow' AIRFLOW_CTX_DAG_ID='Binance_5m' AIRFLOW_CTX_TASK_ID='get_5m_info' AIRFLOW_CTX_EXECUTION_DATE='2024-07-25T04:10:00+00:00' AIRFLOW_CTX_TRY_NUMBER='1' AIRFLOW_CTX_DAG_RUN_ID='scheduled__2024-07-25T04:10:00+00:00'
[2024-07-25T16:15:17.601-0300] {taskinstance.py:430} INFO - ::endgroup::
[2024-07-25T16:15:17.610-0300] {binance_dag.py:22} INFO - End Time: 2024-07-25 04:15:00+00:00
[2024-07-25T16:15:17.610-0300] {binance_dag.py:23} INFO - Start Time: 2024-07-25 04:10:00+00:00
[2024-07-25T16:15:17.610-0300] {binance_dag.py:24} INFO - Start timestamp: 1721880600000
[2024-07-25T16:15:17.610-0300] {binance_dag.py:25} INFO - End timestamp: 1721880900000
[2024-07-25T16:15:17.670-0300] {base.py:84} INFO - Using connection ID 'binance_default' for task execution.
[2024-07-25T16:15:17.670-0300] {logging_mixin.py:188} INFO - https://api.binance.com
[2024-07-25T16:15:17.670-0300] {binance_hook.py:35} INFO - URL: https://api.binance.com/api/v3/klines?symbol=BTCBRL&interval=5m&startTime=1721880600000&endTime=1721880899999&timeZone=-3
[2024-07-25T16:15:18.066-0300] {python.py:237} INFO - Done. Returned value was: None
[2024-07-25T16:15:18.067-0300] {taskinstance.py:441} INFO - ::group::Post task execution logs
[2024-07-25T16:15:18.069-0300] {taskinstance.py:1206} INFO - Marking task as SUCCESS. dag_id=Binance_5m, task_id=get_5m_info, run_id=scheduled__2024-07-25T04:10:00+00:00, execution_date=20240725T041000, start_date=20240725T191517, end_date=20240725T191518
[2024-07-25T16:15:18.091-0300] {local_task_job_runner.py:243} INFO - Task exited with return code 0
[2024-07-25T16:15:18.099-0300] {taskinstance.py:3503} INFO - 0 downstream tasks scheduled from follow-on schedule check
[2024-07-25T16:15:18.099-0300] {local_task_job_runner.py:222} INFO - ::endgroup::
