[2024-07-25T14:52:07.838-0300] {local_task_job_runner.py:120} INFO - ::group::Pre task execution logs
[2024-07-25T14:52:07.844-0300] {taskinstance.py:2076} INFO - Dependencies all met for dep_context=non-requeueable deps ti=<TaskInstance: Binance_5m.get_5m_info scheduled__2024-07-25T11:40:00+00:00 [queued]>
[2024-07-25T14:52:07.848-0300] {taskinstance.py:2076} INFO - Dependencies all met for dep_context=requeueable deps ti=<TaskInstance: Binance_5m.get_5m_info scheduled__2024-07-25T11:40:00+00:00 [queued]>
[2024-07-25T14:52:07.848-0300] {taskinstance.py:2306} INFO - Starting attempt 1 of 1
[2024-07-25T14:52:07.864-0300] {taskinstance.py:2330} INFO - Executing <Task(PythonOperator): get_5m_info> on 2024-07-25 11:40:00+00:00
[2024-07-25T14:52:07.866-0300] {standard_task_runner.py:64} INFO - Started process 2611500 to run task
[2024-07-25T14:52:07.869-0300] {standard_task_runner.py:90} INFO - Running: ['airflow', 'tasks', 'run', 'Binance_5m', 'get_5m_info', 'scheduled__2024-07-25T11:40:00+00:00', '--job-id', '2232', '--raw', '--subdir', 'DAGS_FOLDER/binance_dag.py', '--cfg-path', '/tmp/tmpnjsolg6c']
[2024-07-25T14:52:07.870-0300] {standard_task_runner.py:91} INFO - Job 2232: Subtask get_5m_info
[2024-07-25T14:52:07.906-0300] {task_command.py:426} INFO - Running <TaskInstance: Binance_5m.get_5m_info scheduled__2024-07-25T11:40:00+00:00 [running]> on host Galaxybook.
[2024-07-25T14:52:07.968-0300] {taskinstance.py:2648} INFO - Exporting env vars: AIRFLOW_CTX_DAG_OWNER='airflow' AIRFLOW_CTX_DAG_ID='Binance_5m' AIRFLOW_CTX_TASK_ID='get_5m_info' AIRFLOW_CTX_EXECUTION_DATE='2024-07-25T11:40:00+00:00' AIRFLOW_CTX_TRY_NUMBER='1' AIRFLOW_CTX_DAG_RUN_ID='scheduled__2024-07-25T11:40:00+00:00'
[2024-07-25T14:52:07.968-0300] {taskinstance.py:430} INFO - ::endgroup::
[2024-07-25T14:52:07.976-0300] {binance_dag.py:23} INFO - End Time: 2024-07-25T11:45:00.00Z
[2024-07-25T14:52:07.976-0300] {binance_dag.py:24} INFO - Start Time: 2024-07-25T11:40:00.00Z
[2024-07-25T14:52:08.049-0300] {base.py:84} INFO - Using connection ID 'binance_default' for task execution.
[2024-07-25T14:52:08.049-0300] {logging_mixin.py:188} INFO - https://api.binance.com
[2024-07-25T14:52:08.050-0300] {binance_hook.py:35} INFO - URL: https://api.binance.com/api/v3/klines?symbol=BTCBRL&interval=5m&startTime=1721918400000&endTime=1721918699999
[2024-07-25T14:52:08.456-0300] {binance_dag.py:43} INFO - r: [[1721918400000, '367164.00000000', '367738.00000000', '366344.00000000', '367738.00000000', '0.64291000', 1721918699999, '235848.16148000', 126, '0.44862000', '164569.84663000', '0']]
[2024-07-25T14:52:08.457-0300] {python.py:237} INFO - Done. Returned value was: None
[2024-07-25T14:52:08.458-0300] {taskinstance.py:441} INFO - ::group::Post task execution logs
[2024-07-25T14:52:08.460-0300] {taskinstance.py:1206} INFO - Marking task as SUCCESS. dag_id=Binance_5m, task_id=get_5m_info, run_id=scheduled__2024-07-25T11:40:00+00:00, execution_date=20240725T114000, start_date=20240725T175207, end_date=20240725T175208
[2024-07-25T14:52:08.487-0300] {local_task_job_runner.py:243} INFO - Task exited with return code 0
[2024-07-25T14:52:08.494-0300] {taskinstance.py:3503} INFO - 0 downstream tasks scheduled from follow-on schedule check
[2024-07-25T14:52:08.495-0300] {local_task_job_runner.py:222} INFO - ::endgroup::
[2024-07-25T15:22:08.204-0300] {local_task_job_runner.py:120} INFO - ::group::Pre task execution logs
[2024-07-25T15:22:08.209-0300] {taskinstance.py:2076} INFO - Dependencies all met for dep_context=non-requeueable deps ti=<TaskInstance: Binance_5m.get_5m_info scheduled__2024-07-25T11:40:00+00:00 [queued]>
[2024-07-25T15:22:08.212-0300] {taskinstance.py:2076} INFO - Dependencies all met for dep_context=requeueable deps ti=<TaskInstance: Binance_5m.get_5m_info scheduled__2024-07-25T11:40:00+00:00 [queued]>
[2024-07-25T15:22:08.212-0300] {taskinstance.py:2306} INFO - Starting attempt 1 of 1
[2024-07-25T15:22:08.223-0300] {taskinstance.py:2330} INFO - Executing <Task(PythonOperator): get_5m_info> on 2024-07-25 11:40:00+00:00
[2024-07-25T15:22:08.225-0300] {standard_task_runner.py:64} INFO - Started process 2633844 to run task
[2024-07-25T15:22:08.227-0300] {standard_task_runner.py:90} INFO - Running: ['airflow', 'tasks', 'run', 'Binance_5m', 'get_5m_info', 'scheduled__2024-07-25T11:40:00+00:00', '--job-id', '2675', '--raw', '--subdir', 'DAGS_FOLDER/binance_dag.py', '--cfg-path', '/tmp/tmpdcqswdk_']
[2024-07-25T15:22:08.227-0300] {standard_task_runner.py:91} INFO - Job 2675: Subtask get_5m_info
[2024-07-25T15:22:08.253-0300] {task_command.py:426} INFO - Running <TaskInstance: Binance_5m.get_5m_info scheduled__2024-07-25T11:40:00+00:00 [running]> on host Galaxybook.
[2024-07-25T15:22:08.304-0300] {taskinstance.py:2648} INFO - Exporting env vars: AIRFLOW_CTX_DAG_OWNER='airflow' AIRFLOW_CTX_DAG_ID='Binance_5m' AIRFLOW_CTX_TASK_ID='get_5m_info' AIRFLOW_CTX_EXECUTION_DATE='2024-07-25T11:40:00+00:00' AIRFLOW_CTX_TRY_NUMBER='1' AIRFLOW_CTX_DAG_RUN_ID='scheduled__2024-07-25T11:40:00+00:00'
[2024-07-25T15:22:08.305-0300] {taskinstance.py:430} INFO - ::endgroup::
[2024-07-25T15:22:08.312-0300] {binance_dag.py:23} INFO - End Time: 2024-07-25T11:45:00.00Z
[2024-07-25T15:22:08.312-0300] {binance_dag.py:24} INFO - Start Time: 2024-07-25T11:40:00.00Z
[2024-07-25T15:22:08.362-0300] {binance_dag.py:25} INFO - 1721918400000
[2024-07-25T15:22:08.366-0300] {base.py:84} INFO - Using connection ID 'binance_default' for task execution.
[2024-07-25T15:22:08.366-0300] {logging_mixin.py:188} INFO - https://api.binance.com
[2024-07-25T15:22:08.367-0300] {binance_hook.py:35} INFO - URL: https://api.binance.com/api/v3/klines?symbol=BTCBRL&interval=5m&startTime=1721918400000&endTime=1721918699999
[2024-07-25T15:22:08.760-0300] {python.py:237} INFO - Done. Returned value was: None
[2024-07-25T15:22:08.761-0300] {taskinstance.py:441} INFO - ::group::Post task execution logs
[2024-07-25T15:22:08.765-0300] {taskinstance.py:1206} INFO - Marking task as SUCCESS. dag_id=Binance_5m, task_id=get_5m_info, run_id=scheduled__2024-07-25T11:40:00+00:00, execution_date=20240725T114000, start_date=20240725T182208, end_date=20240725T182208
[2024-07-25T15:22:08.813-0300] {local_task_job_runner.py:243} INFO - Task exited with return code 0
[2024-07-25T15:22:08.819-0300] {taskinstance.py:3503} INFO - 0 downstream tasks scheduled from follow-on schedule check
[2024-07-25T15:22:08.819-0300] {local_task_job_runner.py:222} INFO - ::endgroup::
[2024-07-25T16:19:38.521-0300] {local_task_job_runner.py:120} INFO - ::group::Pre task execution logs
[2024-07-25T16:19:38.526-0300] {taskinstance.py:2076} INFO - Dependencies all met for dep_context=non-requeueable deps ti=<TaskInstance: Binance_5m.get_5m_info scheduled__2024-07-25T11:40:00+00:00 [queued]>
[2024-07-25T16:19:38.529-0300] {taskinstance.py:2076} INFO - Dependencies all met for dep_context=requeueable deps ti=<TaskInstance: Binance_5m.get_5m_info scheduled__2024-07-25T11:40:00+00:00 [queued]>
[2024-07-25T16:19:38.529-0300] {taskinstance.py:2306} INFO - Starting attempt 1 of 1
[2024-07-25T16:19:38.541-0300] {taskinstance.py:2330} INFO - Executing <Task(PythonOperator): get_5m_info> on 2024-07-25 11:40:00+00:00
[2024-07-25T16:19:38.543-0300] {standard_task_runner.py:64} INFO - Started process 2662653 to run task
[2024-07-25T16:19:38.546-0300] {standard_task_runner.py:90} INFO - Running: ['airflow', 'tasks', 'run', 'Binance_5m', 'get_5m_info', 'scheduled__2024-07-25T11:40:00+00:00', '--job-id', '2262', '--raw', '--subdir', 'DAGS_FOLDER/binance_dag.py', '--cfg-path', '/tmp/tmp2da9hvjv']
[2024-07-25T16:19:38.547-0300] {standard_task_runner.py:91} INFO - Job 2262: Subtask get_5m_info
[2024-07-25T16:19:38.575-0300] {task_command.py:426} INFO - Running <TaskInstance: Binance_5m.get_5m_info scheduled__2024-07-25T11:40:00+00:00 [running]> on host Galaxybook.
[2024-07-25T16:19:38.636-0300] {taskinstance.py:2648} INFO - Exporting env vars: AIRFLOW_CTX_DAG_OWNER='airflow' AIRFLOW_CTX_DAG_ID='Binance_5m' AIRFLOW_CTX_TASK_ID='get_5m_info' AIRFLOW_CTX_EXECUTION_DATE='2024-07-25T11:40:00+00:00' AIRFLOW_CTX_TRY_NUMBER='1' AIRFLOW_CTX_DAG_RUN_ID='scheduled__2024-07-25T11:40:00+00:00'
[2024-07-25T16:19:38.636-0300] {taskinstance.py:430} INFO - ::endgroup::
[2024-07-25T16:19:38.644-0300] {binance_dag.py:22} INFO - End Time: 2024-07-25 11:45:00+00:00
[2024-07-25T16:19:38.644-0300] {binance_dag.py:23} INFO - Start Time: 2024-07-25 11:40:00+00:00
[2024-07-25T16:19:38.644-0300] {binance_dag.py:24} INFO - Start timestamp: 1721907600000
[2024-07-25T16:19:38.644-0300] {binance_dag.py:25} INFO - End timestamp: 1721907900000
[2024-07-25T16:19:38.706-0300] {base.py:84} INFO - Using connection ID 'binance_default' for task execution.
[2024-07-25T16:19:38.706-0300] {logging_mixin.py:188} INFO - https://api.binance.com
[2024-07-25T16:19:38.706-0300] {binance_hook.py:35} INFO - URL: https://api.binance.com/api/v3/klines?symbol=BTCBRL&interval=5m&startTime=1721907600000&endTime=1721907899999&timeZone=-3
[2024-07-25T16:19:39.121-0300] {python.py:237} INFO - Done. Returned value was: None
[2024-07-25T16:19:39.122-0300] {taskinstance.py:441} INFO - ::group::Post task execution logs
[2024-07-25T16:19:39.125-0300] {taskinstance.py:1206} INFO - Marking task as SUCCESS. dag_id=Binance_5m, task_id=get_5m_info, run_id=scheduled__2024-07-25T11:40:00+00:00, execution_date=20240725T114000, start_date=20240725T191938, end_date=20240725T191939
[2024-07-25T16:19:39.171-0300] {local_task_job_runner.py:243} INFO - Task exited with return code 0
[2024-07-25T16:19:39.178-0300] {taskinstance.py:3503} INFO - 0 downstream tasks scheduled from follow-on schedule check
[2024-07-25T16:19:39.179-0300] {local_task_job_runner.py:222} INFO - ::endgroup::
