[2024-07-25T14:47:53.925-0300] {local_task_job_runner.py:120} INFO - ::group::Pre task execution logs
[2024-07-25T14:47:53.930-0300] {taskinstance.py:2076} INFO - Dependencies all met for dep_context=non-requeueable deps ti=<TaskInstance: Binance_5m.get_5m_info scheduled__2024-07-25T02:55:00+00:00 [queued]>
[2024-07-25T14:47:53.934-0300] {taskinstance.py:2076} INFO - Dependencies all met for dep_context=requeueable deps ti=<TaskInstance: Binance_5m.get_5m_info scheduled__2024-07-25T02:55:00+00:00 [queued]>
[2024-07-25T14:47:53.934-0300] {taskinstance.py:2306} INFO - Starting attempt 1 of 1
[2024-07-25T14:47:53.949-0300] {taskinstance.py:2330} INFO - Executing <Task(PythonOperator): get_5m_info> on 2024-07-25 02:55:00+00:00
[2024-07-25T14:47:53.951-0300] {standard_task_runner.py:64} INFO - Started process 2607298 to run task
[2024-07-25T14:47:53.953-0300] {standard_task_runner.py:90} INFO - Running: ['airflow', 'tasks', 'run', 'Binance_5m', 'get_5m_info', 'scheduled__2024-07-25T02:55:00+00:00', '--job-id', '2121', '--raw', '--subdir', 'DAGS_FOLDER/binance_dag.py', '--cfg-path', '/tmp/tmph9di4ixp']
[2024-07-25T14:47:53.955-0300] {standard_task_runner.py:91} INFO - Job 2121: Subtask get_5m_info
[2024-07-25T14:47:53.984-0300] {task_command.py:426} INFO - Running <TaskInstance: Binance_5m.get_5m_info scheduled__2024-07-25T02:55:00+00:00 [running]> on host Galaxybook.
[2024-07-25T14:47:54.046-0300] {taskinstance.py:2648} INFO - Exporting env vars: AIRFLOW_CTX_DAG_OWNER='airflow' AIRFLOW_CTX_DAG_ID='Binance_5m' AIRFLOW_CTX_TASK_ID='get_5m_info' AIRFLOW_CTX_EXECUTION_DATE='2024-07-25T02:55:00+00:00' AIRFLOW_CTX_TRY_NUMBER='1' AIRFLOW_CTX_DAG_RUN_ID='scheduled__2024-07-25T02:55:00+00:00'
[2024-07-25T14:47:54.047-0300] {taskinstance.py:430} INFO - ::endgroup::
[2024-07-25T14:47:54.057-0300] {binance_dag.py:23} INFO - End Time: 2024-07-25T03:00:00.00Z
[2024-07-25T14:47:54.057-0300] {binance_dag.py:24} INFO - Start Time: 2024-07-25T02:55:00.00Z
[2024-07-25T14:47:54.130-0300] {base.py:84} INFO - Using connection ID 'binance_default' for task execution.
[2024-07-25T14:47:54.131-0300] {logging_mixin.py:188} INFO - https://api.binance.com
[2024-07-25T14:47:54.131-0300] {binance_hook.py:35} INFO - URL: https://api.binance.com/api/v3/klines?symbol=BTCBRL&interval=5m&startTime=1721886900000&endTime=1721887199999
[2024-07-25T14:47:59.539-0300] {binance_dag.py:43} INFO - r: [[1721886900000, '365878.00000000', '366111.00000000', '365878.00000000', '366052.00000000', '0.26454000', 1721887199999, '96817.97804000', 21, '0.23533000', '86129.68719000', '0']]
[2024-07-25T14:47:59.540-0300] {python.py:237} INFO - Done. Returned value was: None
[2024-07-25T14:47:59.541-0300] {taskinstance.py:441} INFO - ::group::Post task execution logs
[2024-07-25T14:47:59.544-0300] {taskinstance.py:1206} INFO - Marking task as SUCCESS. dag_id=Binance_5m, task_id=get_5m_info, run_id=scheduled__2024-07-25T02:55:00+00:00, execution_date=20240725T025500, start_date=20240725T174753, end_date=20240725T174759
[2024-07-25T14:47:59.597-0300] {local_task_job_runner.py:243} INFO - Task exited with return code 0
[2024-07-25T14:47:59.602-0300] {taskinstance.py:3503} INFO - 0 downstream tasks scheduled from follow-on schedule check
[2024-07-25T14:47:59.603-0300] {local_task_job_runner.py:222} INFO - ::endgroup::
[2024-07-25T15:18:07.916-0300] {local_task_job_runner.py:120} INFO - ::group::Pre task execution logs
[2024-07-25T15:18:07.922-0300] {taskinstance.py:2076} INFO - Dependencies all met for dep_context=non-requeueable deps ti=<TaskInstance: Binance_5m.get_5m_info scheduled__2024-07-25T02:55:00+00:00 [queued]>
[2024-07-25T15:18:07.925-0300] {taskinstance.py:2076} INFO - Dependencies all met for dep_context=requeueable deps ti=<TaskInstance: Binance_5m.get_5m_info scheduled__2024-07-25T02:55:00+00:00 [queued]>
[2024-07-25T15:18:07.925-0300] {taskinstance.py:2306} INFO - Starting attempt 1 of 1
[2024-07-25T15:18:07.937-0300] {taskinstance.py:2330} INFO - Executing <Task(PythonOperator): get_5m_info> on 2024-07-25 02:55:00+00:00
[2024-07-25T15:18:07.939-0300] {standard_task_runner.py:64} INFO - Started process 2629885 to run task
[2024-07-25T15:18:07.941-0300] {standard_task_runner.py:90} INFO - Running: ['airflow', 'tasks', 'run', 'Binance_5m', 'get_5m_info', 'scheduled__2024-07-25T02:55:00+00:00', '--job-id', '2570', '--raw', '--subdir', 'DAGS_FOLDER/binance_dag.py', '--cfg-path', '/tmp/tmp0jmah63a']
[2024-07-25T15:18:07.941-0300] {standard_task_runner.py:91} INFO - Job 2570: Subtask get_5m_info
[2024-07-25T15:18:07.968-0300] {task_command.py:426} INFO - Running <TaskInstance: Binance_5m.get_5m_info scheduled__2024-07-25T02:55:00+00:00 [running]> on host Galaxybook.
[2024-07-25T15:18:08.019-0300] {taskinstance.py:2648} INFO - Exporting env vars: AIRFLOW_CTX_DAG_OWNER='airflow' AIRFLOW_CTX_DAG_ID='Binance_5m' AIRFLOW_CTX_TASK_ID='get_5m_info' AIRFLOW_CTX_EXECUTION_DATE='2024-07-25T02:55:00+00:00' AIRFLOW_CTX_TRY_NUMBER='1' AIRFLOW_CTX_DAG_RUN_ID='scheduled__2024-07-25T02:55:00+00:00'
[2024-07-25T15:18:08.019-0300] {taskinstance.py:430} INFO - ::endgroup::
[2024-07-25T15:18:08.026-0300] {binance_dag.py:23} INFO - End Time: 2024-07-25T03:00:00.00Z
[2024-07-25T15:18:08.027-0300] {binance_dag.py:24} INFO - Start Time: 2024-07-25T02:55:00.00Z
[2024-07-25T15:18:08.077-0300] {binance_dag.py:25} INFO - 1721886900000
[2024-07-25T15:18:08.080-0300] {base.py:84} INFO - Using connection ID 'binance_default' for task execution.
[2024-07-25T15:18:08.080-0300] {logging_mixin.py:188} INFO - https://api.binance.com
[2024-07-25T15:18:08.080-0300] {binance_hook.py:35} INFO - URL: https://api.binance.com/api/v3/klines?symbol=BTCBRL&interval=5m&startTime=1721886900000&endTime=1721887199999
[2024-07-25T15:18:08.472-0300] {python.py:237} INFO - Done. Returned value was: None
[2024-07-25T15:18:08.472-0300] {taskinstance.py:441} INFO - ::group::Post task execution logs
[2024-07-25T15:18:08.474-0300] {taskinstance.py:1206} INFO - Marking task as SUCCESS. dag_id=Binance_5m, task_id=get_5m_info, run_id=scheduled__2024-07-25T02:55:00+00:00, execution_date=20240725T025500, start_date=20240725T181807, end_date=20240725T181808
[2024-07-25T15:18:08.527-0300] {local_task_job_runner.py:243} INFO - Task exited with return code 0
[2024-07-25T15:18:08.533-0300] {taskinstance.py:3503} INFO - 0 downstream tasks scheduled from follow-on schedule check
[2024-07-25T15:18:08.533-0300] {local_task_job_runner.py:222} INFO - ::endgroup::
[2024-07-25T16:14:36.517-0300] {local_task_job_runner.py:120} INFO - ::group::Pre task execution logs
[2024-07-25T16:14:36.523-0300] {taskinstance.py:2076} INFO - Dependencies all met for dep_context=non-requeueable deps ti=<TaskInstance: Binance_5m.get_5m_info scheduled__2024-07-25T02:55:00+00:00 [queued]>
[2024-07-25T16:14:36.526-0300] {taskinstance.py:2076} INFO - Dependencies all met for dep_context=requeueable deps ti=<TaskInstance: Binance_5m.get_5m_info scheduled__2024-07-25T02:55:00+00:00 [queued]>
[2024-07-25T16:14:36.526-0300] {taskinstance.py:2306} INFO - Starting attempt 1 of 1
[2024-07-25T16:14:36.541-0300] {taskinstance.py:2330} INFO - Executing <Task(PythonOperator): get_5m_info> on 2024-07-25 02:55:00+00:00
[2024-07-25T16:14:36.544-0300] {standard_task_runner.py:64} INFO - Started process 2657567 to run task
[2024-07-25T16:14:36.546-0300] {standard_task_runner.py:90} INFO - Running: ['airflow', 'tasks', 'run', 'Binance_5m', 'get_5m_info', 'scheduled__2024-07-25T02:55:00+00:00', '--job-id', '2130', '--raw', '--subdir', 'DAGS_FOLDER/binance_dag.py', '--cfg-path', '/tmp/tmpst9inpg8']
[2024-07-25T16:14:36.547-0300] {standard_task_runner.py:91} INFO - Job 2130: Subtask get_5m_info
[2024-07-25T16:14:36.574-0300] {task_command.py:426} INFO - Running <TaskInstance: Binance_5m.get_5m_info scheduled__2024-07-25T02:55:00+00:00 [running]> on host Galaxybook.
[2024-07-25T16:14:36.627-0300] {taskinstance.py:2648} INFO - Exporting env vars: AIRFLOW_CTX_DAG_OWNER='airflow' AIRFLOW_CTX_DAG_ID='Binance_5m' AIRFLOW_CTX_TASK_ID='get_5m_info' AIRFLOW_CTX_EXECUTION_DATE='2024-07-25T02:55:00+00:00' AIRFLOW_CTX_TRY_NUMBER='1' AIRFLOW_CTX_DAG_RUN_ID='scheduled__2024-07-25T02:55:00+00:00'
[2024-07-25T16:14:36.627-0300] {taskinstance.py:430} INFO - ::endgroup::
[2024-07-25T16:14:36.636-0300] {binance_dag.py:22} INFO - End Time: 2024-07-25 03:00:00+00:00
[2024-07-25T16:14:36.636-0300] {binance_dag.py:23} INFO - Start Time: 2024-07-25 02:55:00+00:00
[2024-07-25T16:14:36.636-0300] {binance_dag.py:24} INFO - Start timestamp: 1721876100000
[2024-07-25T16:14:36.636-0300] {binance_dag.py:25} INFO - End timestamp: 1721876400000
[2024-07-25T16:14:36.697-0300] {base.py:84} INFO - Using connection ID 'binance_default' for task execution.
[2024-07-25T16:14:36.697-0300] {logging_mixin.py:188} INFO - https://api.binance.com
[2024-07-25T16:14:36.698-0300] {binance_hook.py:35} INFO - URL: https://api.binance.com/api/v3/klines?symbol=BTCBRL&interval=5m&startTime=1721876100000&endTime=1721876399999&timeZone=-3
[2024-07-25T16:14:37.090-0300] {python.py:237} INFO - Done. Returned value was: None
[2024-07-25T16:14:37.091-0300] {taskinstance.py:441} INFO - ::group::Post task execution logs
[2024-07-25T16:14:37.094-0300] {taskinstance.py:1206} INFO - Marking task as SUCCESS. dag_id=Binance_5m, task_id=get_5m_info, run_id=scheduled__2024-07-25T02:55:00+00:00, execution_date=20240725T025500, start_date=20240725T191436, end_date=20240725T191437
[2024-07-25T16:14:37.128-0300] {local_task_job_runner.py:243} INFO - Task exited with return code 0
[2024-07-25T16:14:37.135-0300] {taskinstance.py:3503} INFO - 0 downstream tasks scheduled from follow-on schedule check
[2024-07-25T16:14:37.136-0300] {local_task_job_runner.py:222} INFO - ::endgroup::
