[2024-07-25T17:22:13.315-0300] {local_task_job_runner.py:120} INFO - ::group::Pre task execution logs
[2024-07-25T17:22:13.320-0300] {taskinstance.py:2076} INFO - Dependencies all met for dep_context=non-requeueable deps ti=<TaskInstance: Mercado_1m.get_5m_info scheduled__2024-07-25T12:14:00+00:00 [queued]>
[2024-07-25T17:22:13.324-0300] {taskinstance.py:2076} INFO - Dependencies all met for dep_context=requeueable deps ti=<TaskInstance: Mercado_1m.get_5m_info scheduled__2024-07-25T12:14:00+00:00 [queued]>
[2024-07-25T17:22:13.325-0300] {taskinstance.py:2306} INFO - Starting attempt 1 of 1
[2024-07-25T17:22:13.338-0300] {taskinstance.py:2330} INFO - Executing <Task(PythonOperator): get_5m_info> on 2024-07-25 12:14:00+00:00
[2024-07-25T17:22:13.339-0300] {standard_task_runner.py:64} INFO - Started process 2693081 to run task
[2024-07-25T17:22:13.341-0300] {standard_task_runner.py:90} INFO - Running: ['airflow', 'tasks', 'run', 'Mercado_1m', 'get_5m_info', 'scheduled__2024-07-25T12:14:00+00:00', '--job-id', '2489', '--raw', '--subdir', 'DAGS_FOLDER/mercado_dag.py', '--cfg-path', '/tmp/tmphh88_uq8']
[2024-07-25T17:22:13.342-0300] {standard_task_runner.py:91} INFO - Job 2489: Subtask get_5m_info
[2024-07-25T17:22:13.367-0300] {task_command.py:426} INFO - Running <TaskInstance: Mercado_1m.get_5m_info scheduled__2024-07-25T12:14:00+00:00 [running]> on host Galaxybook.
[2024-07-25T17:22:13.420-0300] {taskinstance.py:2648} INFO - Exporting env vars: AIRFLOW_CTX_DAG_OWNER='airflow' AIRFLOW_CTX_DAG_ID='Mercado_1m' AIRFLOW_CTX_TASK_ID='get_5m_info' AIRFLOW_CTX_EXECUTION_DATE='2024-07-25T12:14:00+00:00' AIRFLOW_CTX_TRY_NUMBER='1' AIRFLOW_CTX_DAG_RUN_ID='scheduled__2024-07-25T12:14:00+00:00'
[2024-07-25T17:22:13.421-0300] {taskinstance.py:430} INFO - ::endgroup::
[2024-07-25T17:22:13.429-0300] {mercado_dag.py:21} INFO - To: 2024-07-25 12:15:00+00:00
[2024-07-25T17:22:13.429-0300] {mercado_dag.py:22} INFO - From: 2024-07-25 12:14:00+00:00
[2024-07-25T17:22:13.429-0300] {mercado_dag.py:23} INFO - To timestamp: 1721909700 
[2024-07-25T17:22:13.429-0300] {mercado_dag.py:24} INFO - From timestamp: 1721909640 
[2024-07-25T17:22:13.481-0300] {base.py:84} INFO - Using connection ID 'mercado_default' for task execution.
[2024-07-25T17:22:13.481-0300] {mercado_hook.py:31} INFO - URL: https://api.mercadobitcoin.net/api/v4/candles?symbol=BTC-BRL&resolution=1m&to=1721909700&from=1721909640
[2024-07-25T17:22:13.753-0300] {python.py:237} INFO - Done. Returned value was: None
[2024-07-25T17:22:13.754-0300] {taskinstance.py:441} INFO - ::group::Post task execution logs
[2024-07-25T17:22:13.756-0300] {taskinstance.py:1206} INFO - Marking task as SUCCESS. dag_id=Mercado_1m, task_id=get_5m_info, run_id=scheduled__2024-07-25T12:14:00+00:00, execution_date=20240725T121400, start_date=20240725T202213, end_date=20240725T202213
[2024-07-25T17:22:13.794-0300] {local_task_job_runner.py:243} INFO - Task exited with return code 0
[2024-07-25T17:22:13.800-0300] {taskinstance.py:3503} INFO - 0 downstream tasks scheduled from follow-on schedule check
[2024-07-25T17:22:13.801-0300] {local_task_job_runner.py:222} INFO - ::endgroup::
