[2024-07-25T14:47:32.419-0300] {local_task_job_runner.py:120} INFO - ::group::Pre task execution logs
[2024-07-25T14:47:32.423-0300] {taskinstance.py:2076} INFO - Dependencies all met for dep_context=non-requeueable deps ti=<TaskInstance: Binance_5m.get_5m_info scheduled__2024-07-25T02:05:00+00:00 [queued]>
[2024-07-25T14:47:32.427-0300] {taskinstance.py:2076} INFO - Dependencies all met for dep_context=requeueable deps ti=<TaskInstance: Binance_5m.get_5m_info scheduled__2024-07-25T02:05:00+00:00 [queued]>
[2024-07-25T14:47:32.427-0300] {taskinstance.py:2306} INFO - Starting attempt 1 of 1
[2024-07-25T14:47:32.442-0300] {taskinstance.py:2330} INFO - Executing <Task(PythonOperator): get_5m_info> on 2024-07-25 02:05:00+00:00
[2024-07-25T14:47:32.444-0300] {standard_task_runner.py:64} INFO - Started process 2606909 to run task
[2024-07-25T14:47:32.446-0300] {standard_task_runner.py:90} INFO - Running: ['airflow', 'tasks', 'run', 'Binance_5m', 'get_5m_info', 'scheduled__2024-07-25T02:05:00+00:00', '--job-id', '2111', '--raw', '--subdir', 'DAGS_FOLDER/binance_dag.py', '--cfg-path', '/tmp/tmpm5mfypnt']
[2024-07-25T14:47:32.447-0300] {standard_task_runner.py:91} INFO - Job 2111: Subtask get_5m_info
[2024-07-25T14:47:32.474-0300] {task_command.py:426} INFO - Running <TaskInstance: Binance_5m.get_5m_info scheduled__2024-07-25T02:05:00+00:00 [running]> on host Galaxybook.
[2024-07-25T14:47:32.525-0300] {taskinstance.py:2648} INFO - Exporting env vars: AIRFLOW_CTX_DAG_OWNER='airflow' AIRFLOW_CTX_DAG_ID='Binance_5m' AIRFLOW_CTX_TASK_ID='get_5m_info' AIRFLOW_CTX_EXECUTION_DATE='2024-07-25T02:05:00+00:00' AIRFLOW_CTX_TRY_NUMBER='1' AIRFLOW_CTX_DAG_RUN_ID='scheduled__2024-07-25T02:05:00+00:00'
[2024-07-25T14:47:32.526-0300] {taskinstance.py:430} INFO - ::endgroup::
[2024-07-25T14:47:32.533-0300] {binance_dag.py:23} INFO - End Time: 2024-07-25T02:10:00.00Z
[2024-07-25T14:47:32.533-0300] {binance_dag.py:24} INFO - Start Time: 2024-07-25T02:05:00.00Z
[2024-07-25T14:47:32.589-0300] {base.py:84} INFO - Using connection ID 'binance_default' for task execution.
[2024-07-25T14:47:32.589-0300] {logging_mixin.py:188} INFO - https://api.binance.com
[2024-07-25T14:47:32.589-0300] {binance_hook.py:35} INFO - URL: https://api.binance.com/api/v3/klines?symbol=BTCBRL&interval=5m&startTime=1721883900000&endTime=1721884199999
[2024-07-25T14:47:32.989-0300] {binance_dag.py:43} INFO - r: [[1721883900000, '365270.00000000', '365930.00000000', '365270.00000000', '365887.00000000', '0.08556000', 1721884199999, '31280.82846000', 19, '0.08165000', '29852.08485000', '0']]
[2024-07-25T14:47:32.990-0300] {python.py:237} INFO - Done. Returned value was: None
[2024-07-25T14:47:32.991-0300] {taskinstance.py:441} INFO - ::group::Post task execution logs
[2024-07-25T14:47:32.994-0300] {taskinstance.py:1206} INFO - Marking task as SUCCESS. dag_id=Binance_5m, task_id=get_5m_info, run_id=scheduled__2024-07-25T02:05:00+00:00, execution_date=20240725T020500, start_date=20240725T174732, end_date=20240725T174732
[2024-07-25T14:47:33.027-0300] {local_task_job_runner.py:243} INFO - Task exited with return code 0
[2024-07-25T14:47:33.035-0300] {taskinstance.py:3503} INFO - 0 downstream tasks scheduled from follow-on schedule check
[2024-07-25T14:47:33.035-0300] {local_task_job_runner.py:222} INFO - ::endgroup::
[2024-07-25T15:17:46.155-0300] {local_task_job_runner.py:120} INFO - ::group::Pre task execution logs
[2024-07-25T15:17:46.160-0300] {taskinstance.py:2076} INFO - Dependencies all met for dep_context=non-requeueable deps ti=<TaskInstance: Binance_5m.get_5m_info scheduled__2024-07-25T02:05:00+00:00 [queued]>
[2024-07-25T15:17:46.163-0300] {taskinstance.py:2076} INFO - Dependencies all met for dep_context=requeueable deps ti=<TaskInstance: Binance_5m.get_5m_info scheduled__2024-07-25T02:05:00+00:00 [queued]>
[2024-07-25T15:17:46.163-0300] {taskinstance.py:2306} INFO - Starting attempt 1 of 1
[2024-07-25T15:17:46.177-0300] {taskinstance.py:2330} INFO - Executing <Task(PythonOperator): get_5m_info> on 2024-07-25 02:05:00+00:00
[2024-07-25T15:17:46.179-0300] {standard_task_runner.py:64} INFO - Started process 2629530 to run task
[2024-07-25T15:17:46.181-0300] {standard_task_runner.py:90} INFO - Running: ['airflow', 'tasks', 'run', 'Binance_5m', 'get_5m_info', 'scheduled__2024-07-25T02:05:00+00:00', '--job-id', '2560', '--raw', '--subdir', 'DAGS_FOLDER/binance_dag.py', '--cfg-path', '/tmp/tmpla1nldqd']
[2024-07-25T15:17:46.181-0300] {standard_task_runner.py:91} INFO - Job 2560: Subtask get_5m_info
[2024-07-25T15:17:46.206-0300] {task_command.py:426} INFO - Running <TaskInstance: Binance_5m.get_5m_info scheduled__2024-07-25T02:05:00+00:00 [running]> on host Galaxybook.
[2024-07-25T15:17:46.252-0300] {taskinstance.py:2648} INFO - Exporting env vars: AIRFLOW_CTX_DAG_OWNER='airflow' AIRFLOW_CTX_DAG_ID='Binance_5m' AIRFLOW_CTX_TASK_ID='get_5m_info' AIRFLOW_CTX_EXECUTION_DATE='2024-07-25T02:05:00+00:00' AIRFLOW_CTX_TRY_NUMBER='1' AIRFLOW_CTX_DAG_RUN_ID='scheduled__2024-07-25T02:05:00+00:00'
[2024-07-25T15:17:46.252-0300] {taskinstance.py:430} INFO - ::endgroup::
[2024-07-25T15:17:46.259-0300] {binance_dag.py:23} INFO - End Time: 2024-07-25T02:10:00.00Z
[2024-07-25T15:17:46.259-0300] {binance_dag.py:24} INFO - Start Time: 2024-07-25T02:05:00.00Z
[2024-07-25T15:17:46.314-0300] {binance_dag.py:25} INFO - 1721883900000
[2024-07-25T15:17:46.317-0300] {base.py:84} INFO - Using connection ID 'binance_default' for task execution.
[2024-07-25T15:17:46.317-0300] {logging_mixin.py:188} INFO - https://api.binance.com
[2024-07-25T15:17:46.317-0300] {binance_hook.py:35} INFO - URL: https://api.binance.com/api/v3/klines?symbol=BTCBRL&interval=5m&startTime=1721883900000&endTime=1721884199999
[2024-07-25T15:17:46.730-0300] {python.py:237} INFO - Done. Returned value was: None
[2024-07-25T15:17:46.731-0300] {taskinstance.py:441} INFO - ::group::Post task execution logs
[2024-07-25T15:17:46.733-0300] {taskinstance.py:1206} INFO - Marking task as SUCCESS. dag_id=Binance_5m, task_id=get_5m_info, run_id=scheduled__2024-07-25T02:05:00+00:00, execution_date=20240725T020500, start_date=20240725T181746, end_date=20240725T181746
[2024-07-25T15:17:46.762-0300] {local_task_job_runner.py:243} INFO - Task exited with return code 0
[2024-07-25T15:17:46.768-0300] {taskinstance.py:3503} INFO - 0 downstream tasks scheduled from follow-on schedule check
[2024-07-25T15:17:46.768-0300] {local_task_job_runner.py:222} INFO - ::endgroup::
[2024-07-25T16:14:15.228-0300] {local_task_job_runner.py:120} INFO - ::group::Pre task execution logs
[2024-07-25T16:14:15.238-0300] {taskinstance.py:2076} INFO - Dependencies all met for dep_context=non-requeueable deps ti=<TaskInstance: Binance_5m.get_5m_info scheduled__2024-07-25T02:05:00+00:00 [queued]>
[2024-07-25T16:14:15.242-0300] {taskinstance.py:2076} INFO - Dependencies all met for dep_context=requeueable deps ti=<TaskInstance: Binance_5m.get_5m_info scheduled__2024-07-25T02:05:00+00:00 [queued]>
[2024-07-25T16:14:15.243-0300] {taskinstance.py:2306} INFO - Starting attempt 1 of 1
[2024-07-25T16:14:15.258-0300] {taskinstance.py:2330} INFO - Executing <Task(PythonOperator): get_5m_info> on 2024-07-25 02:05:00+00:00
[2024-07-25T16:14:15.261-0300] {standard_task_runner.py:64} INFO - Started process 2657238 to run task
[2024-07-25T16:14:15.263-0300] {standard_task_runner.py:90} INFO - Running: ['airflow', 'tasks', 'run', 'Binance_5m', 'get_5m_info', 'scheduled__2024-07-25T02:05:00+00:00', '--job-id', '2120', '--raw', '--subdir', 'DAGS_FOLDER/binance_dag.py', '--cfg-path', '/tmp/tmpesb0g196']
[2024-07-25T16:14:15.264-0300] {standard_task_runner.py:91} INFO - Job 2120: Subtask get_5m_info
[2024-07-25T16:14:15.305-0300] {task_command.py:426} INFO - Running <TaskInstance: Binance_5m.get_5m_info scheduled__2024-07-25T02:05:00+00:00 [running]> on host Galaxybook.
[2024-07-25T16:14:15.360-0300] {taskinstance.py:2648} INFO - Exporting env vars: AIRFLOW_CTX_DAG_OWNER='airflow' AIRFLOW_CTX_DAG_ID='Binance_5m' AIRFLOW_CTX_TASK_ID='get_5m_info' AIRFLOW_CTX_EXECUTION_DATE='2024-07-25T02:05:00+00:00' AIRFLOW_CTX_TRY_NUMBER='1' AIRFLOW_CTX_DAG_RUN_ID='scheduled__2024-07-25T02:05:00+00:00'
[2024-07-25T16:14:15.360-0300] {taskinstance.py:430} INFO - ::endgroup::
[2024-07-25T16:14:15.369-0300] {binance_dag.py:22} INFO - End Time: 2024-07-25 02:10:00+00:00
[2024-07-25T16:14:15.369-0300] {binance_dag.py:23} INFO - Start Time: 2024-07-25 02:05:00+00:00
[2024-07-25T16:14:15.370-0300] {binance_dag.py:24} INFO - Start timestamp: 1721873100000
[2024-07-25T16:14:15.370-0300] {binance_dag.py:25} INFO - End timestamp: 1721873400000
[2024-07-25T16:14:15.444-0300] {base.py:84} INFO - Using connection ID 'binance_default' for task execution.
[2024-07-25T16:14:15.444-0300] {logging_mixin.py:188} INFO - https://api.binance.com
[2024-07-25T16:14:15.445-0300] {binance_hook.py:35} INFO - URL: https://api.binance.com/api/v3/klines?symbol=BTCBRL&interval=5m&startTime=1721873100000&endTime=1721873399999&timeZone=-3
[2024-07-25T16:14:15.845-0300] {python.py:237} INFO - Done. Returned value was: None
[2024-07-25T16:14:15.846-0300] {taskinstance.py:441} INFO - ::group::Post task execution logs
[2024-07-25T16:14:15.848-0300] {taskinstance.py:1206} INFO - Marking task as SUCCESS. dag_id=Binance_5m, task_id=get_5m_info, run_id=scheduled__2024-07-25T02:05:00+00:00, execution_date=20240725T020500, start_date=20240725T191415, end_date=20240725T191415
[2024-07-25T16:14:15.886-0300] {local_task_job_runner.py:243} INFO - Task exited with return code 0
[2024-07-25T16:14:15.895-0300] {taskinstance.py:3503} INFO - 0 downstream tasks scheduled from follow-on schedule check
[2024-07-25T16:14:15.896-0300] {local_task_job_runner.py:222} INFO - ::endgroup::
