[2024-07-25T12:15:02.146-0300] {local_task_job_runner.py:120} INFO - ::group::Pre task execution logs
[2024-07-25T12:15:02.152-0300] {taskinstance.py:2076} INFO - Dependencies all met for dep_context=non-requeueable deps ti=<TaskInstance: Binance_5m.get_5m_info scheduled__2024-07-25T15:10:00+00:00 [queued]>
[2024-07-25T12:15:02.157-0300] {taskinstance.py:2076} INFO - Dependencies all met for dep_context=requeueable deps ti=<TaskInstance: Binance_5m.get_5m_info scheduled__2024-07-25T15:10:00+00:00 [queued]>
[2024-07-25T12:15:02.157-0300] {taskinstance.py:2306} INFO - Starting attempt 1 of 1
[2024-07-25T12:15:02.173-0300] {taskinstance.py:2330} INFO - Executing <Task(BinanceOperator): get_5m_info> on 2024-07-25 15:10:00+00:00
[2024-07-25T12:15:02.175-0300] {standard_task_runner.py:64} INFO - Started process 2524897 to run task
[2024-07-25T12:15:02.177-0300] {standard_task_runner.py:90} INFO - Running: ['airflow', 'tasks', 'run', 'Binance_5m', 'get_5m_info', 'scheduled__2024-07-25T15:10:00+00:00', '--job-id', '2052', '--raw', '--subdir', 'DAGS_FOLDER/binance_dag.py', '--cfg-path', '/tmp/tmpdgymbtz0']
[2024-07-25T12:15:02.178-0300] {standard_task_runner.py:91} INFO - Job 2052: Subtask get_5m_info
[2024-07-25T12:15:02.212-0300] {task_command.py:426} INFO - Running <TaskInstance: Binance_5m.get_5m_info scheduled__2024-07-25T15:10:00+00:00 [running]> on host Galaxybook.
[2024-07-25T12:15:02.272-0300] {taskinstance.py:2648} INFO - Exporting env vars: AIRFLOW_CTX_DAG_OWNER='airflow' AIRFLOW_CTX_DAG_ID='Binance_5m' AIRFLOW_CTX_TASK_ID='get_5m_info' AIRFLOW_CTX_EXECUTION_DATE='2024-07-25T15:10:00+00:00' AIRFLOW_CTX_TRY_NUMBER='1' AIRFLOW_CTX_DAG_RUN_ID='scheduled__2024-07-25T15:10:00+00:00'
[2024-07-25T12:15:02.272-0300] {taskinstance.py:430} INFO - ::endgroup::
[2024-07-25T12:15:02.335-0300] {base.py:84} INFO - Using connection ID 'binance_default' for task execution.
[2024-07-25T12:15:02.335-0300] {logging_mixin.py:188} INFO - https://api.binance.com
[2024-07-25T12:15:02.336-0300] {binance_hook.py:35} INFO - URL: https://api.binance.com/api/v3/klines?symbol=BTCBRL&interval=5m&startTime=%7B%7B+data_interval_start.strftime%28%27%25Y-%25m-%25dT%25H%3A%25M%3A%25S.00Z%27%29+%7D%7D&endTime=%7B%7B+data_interval_end.strftime%28%27%25Y-%25m-%25dT%25H%3A%25M%3A%25S.00Z%27%29+%7D%7D&timeZone=-3
[2024-07-25T12:15:02.764-0300] {http.py:200} ERROR - HTTP error: Bad Request
[2024-07-25T12:15:02.764-0300] {http.py:201} ERROR - {"code":-1100,"msg":"Illegal characters found in parameter 'startTime'; legal range is '^[0-9]{1,20}$'."}
[2024-07-25T12:15:02.764-0300] {taskinstance.py:441} INFO - ::group::Post task execution logs
[2024-07-25T12:15:02.768-0300] {taskinstance.py:2905} ERROR - Task failed with exception
Traceback (most recent call last):
  File "/home/hugoviana/Documentos/data_pipeline_airflow/.venv/lib/python3.12/site-packages/airflow/providers/http/hooks/http.py", line 198, in check_response
    response.raise_for_status()
  File "/home/hugoviana/Documentos/data_pipeline_airflow/.venv/lib/python3.12/site-packages/requests/models.py", line 1021, in raise_for_status
    raise HTTPError(http_error_msg, response=self)
requests.exceptions.HTTPError: 400 Client Error: Bad Request for url: https://api.binance.com/api/v3/klines?symbol=BTCBRL&interval=5m&startTime=%7B%7B+data_interval_start.strftime%28%27%25Y-%25m-%25dT%25H%3A%25M%3A%25S.00Z%27%29+%7D%7D&endTime=%7B%7B+data_interval_end.strftime%28%27%25Y-%25m-%25dT%25H%3A%25M%3A%25S.00Z%27%29+%7D%7D&timeZone=-3

During handling of the above exception, another exception occurred:

Traceback (most recent call last):
  File "/home/hugoviana/Documentos/data_pipeline_airflow/.venv/lib/python3.12/site-packages/airflow/models/taskinstance.py", line 465, in _execute_task
    result = _execute_callable(context=context, **execute_callable_kwargs)
             ^^^^^^^^^^^^^^^^^^^^^^^^^^^^^^^^^^^^^^^^^^^^^^^^^^^^^^^^^^^^^
  File "/home/hugoviana/Documentos/data_pipeline_airflow/.venv/lib/python3.12/site-packages/airflow/models/taskinstance.py", line 432, in _execute_callable
    return execute_callable(context=context, **execute_callable_kwargs)
           ^^^^^^^^^^^^^^^^^^^^^^^^^^^^^^^^^^^^^^^^^^^^^^^^^^^^^^^^^^^^
  File "/home/hugoviana/Documentos/data_pipeline_airflow/.venv/lib/python3.12/site-packages/airflow/models/baseoperator.py", line 401, in wrapper
    return func(self, *args, **kwargs)
           ^^^^^^^^^^^^^^^^^^^^^^^^^^^
  File "/home/hugoviana/Projetos/crypto-etl/airflow_pipeline/operators/binance_operator.py", line 28, in execute
    r = BinanceHook(self.start_time, self.end_time, self.symbol, self.interval).run()
        ^^^^^^^^^^^^^^^^^^^^^^^^^^^^^^^^^^^^^^^^^^^^^^^^^^^^^^^^^^^^^^^^^^^^^^^^^^^^^
  File "/home/hugoviana/Projetos/crypto-etl/airflow_pipeline/hook/binance_hook.py", line 42, in run
    return self.connect_to_endpoint(url_raw, session)
           ^^^^^^^^^^^^^^^^^^^^^^^^^^^^^^^^^^^^^^^^^^
  File "/home/hugoviana/Projetos/crypto-etl/airflow_pipeline/hook/binance_hook.py", line 36, in connect_to_endpoint
    return self.run_and_check(session, prep, {})
           ^^^^^^^^^^^^^^^^^^^^^^^^^^^^^^^^^^^^^
  File "/home/hugoviana/Documentos/data_pipeline_airflow/.venv/lib/python3.12/site-packages/airflow/providers/http/hooks/http.py", line 239, in run_and_check
    self.check_response(response)
  File "/home/hugoviana/Documentos/data_pipeline_airflow/.venv/lib/python3.12/site-packages/airflow/providers/http/hooks/http.py", line 202, in check_response
    raise AirflowException(str(response.status_code) + ":" + response.reason)
airflow.exceptions.AirflowException: 400:Bad Request
[2024-07-25T12:15:02.775-0300] {taskinstance.py:1206} INFO - Marking task as FAILED. dag_id=Binance_5m, task_id=get_5m_info, run_id=scheduled__2024-07-25T15:10:00+00:00, execution_date=20240725T151000, start_date=20240725T151502, end_date=20240725T151502
[2024-07-25T12:15:02.785-0300] {standard_task_runner.py:110} ERROR - Failed to execute job 2052 for task get_5m_info (400:Bad Request; 2524897)
[2024-07-25T12:15:02.794-0300] {local_task_job_runner.py:243} INFO - Task exited with return code 1
[2024-07-25T12:15:02.799-0300] {taskinstance.py:3503} INFO - 0 downstream tasks scheduled from follow-on schedule check
[2024-07-25T12:15:02.800-0300] {local_task_job_runner.py:222} INFO - ::endgroup::
[2024-07-25T14:29:19.479-0300] {local_task_job_runner.py:120} INFO - ::group::Pre task execution logs
[2024-07-25T14:29:19.486-0300] {taskinstance.py:2076} INFO - Dependencies all met for dep_context=non-requeueable deps ti=<TaskInstance: Binance_5m.get_5m_info scheduled__2024-07-25T15:10:00+00:00 [queued]>
[2024-07-25T14:29:19.490-0300] {taskinstance.py:2076} INFO - Dependencies all met for dep_context=requeueable deps ti=<TaskInstance: Binance_5m.get_5m_info scheduled__2024-07-25T15:10:00+00:00 [queued]>
[2024-07-25T14:29:19.491-0300] {taskinstance.py:2306} INFO - Starting attempt 1 of 1
[2024-07-25T14:29:19.508-0300] {taskinstance.py:2330} INFO - Executing <Task(PythonOperator): get_5m_info> on 2024-07-25 15:10:00+00:00
[2024-07-25T14:29:19.510-0300] {standard_task_runner.py:64} INFO - Started process 2592138 to run task
[2024-07-25T14:29:19.513-0300] {standard_task_runner.py:90} INFO - Running: ['airflow', 'tasks', 'run', 'Binance_5m', 'get_5m_info', 'scheduled__2024-07-25T15:10:00+00:00', '--job-id', '2155', '--raw', '--subdir', 'DAGS_FOLDER/binance_dag.py', '--cfg-path', '/tmp/tmpkr0t5uea']
[2024-07-25T14:29:19.514-0300] {standard_task_runner.py:91} INFO - Job 2155: Subtask get_5m_info
[2024-07-25T14:29:19.554-0300] {task_command.py:426} INFO - Running <TaskInstance: Binance_5m.get_5m_info scheduled__2024-07-25T15:10:00+00:00 [running]> on host Galaxybook.
[2024-07-25T14:29:19.625-0300] {taskinstance.py:2648} INFO - Exporting env vars: AIRFLOW_CTX_DAG_OWNER='airflow' AIRFLOW_CTX_DAG_ID='Binance_5m' AIRFLOW_CTX_TASK_ID='get_5m_info' AIRFLOW_CTX_EXECUTION_DATE='2024-07-25T15:10:00+00:00' AIRFLOW_CTX_TRY_NUMBER='1' AIRFLOW_CTX_DAG_RUN_ID='scheduled__2024-07-25T15:10:00+00:00'
[2024-07-25T14:29:19.625-0300] {taskinstance.py:430} INFO - ::endgroup::
[2024-07-25T14:29:19.636-0300] {binance_dag.py:23} INFO - End Time: 2024-07-25T15:15:00.00Z
[2024-07-25T14:29:19.708-0300] {base.py:84} INFO - Using connection ID 'binance_default' for task execution.
[2024-07-25T14:29:19.708-0300] {logging_mixin.py:188} INFO - https://api.binance.com
[2024-07-25T14:29:19.709-0300] {binance_hook.py:35} INFO - URL: https://api.binance.com/api/v3/klines?symbol=BTCBRL&interval=5m&startTime=1721931000000&endTime=1721931300000
[2024-07-25T14:29:21.144-0300] {python.py:237} INFO - Done. Returned value was: None
[2024-07-25T14:29:21.145-0300] {taskinstance.py:441} INFO - ::group::Post task execution logs
[2024-07-25T14:29:21.148-0300] {taskinstance.py:1206} INFO - Marking task as SUCCESS. dag_id=Binance_5m, task_id=get_5m_info, run_id=scheduled__2024-07-25T15:10:00+00:00, execution_date=20240725T151000, start_date=20240725T172919, end_date=20240725T172921
[2024-07-25T14:29:21.201-0300] {local_task_job_runner.py:243} INFO - Task exited with return code 0
[2024-07-25T14:29:21.209-0300] {taskinstance.py:3503} INFO - 0 downstream tasks scheduled from follow-on schedule check
[2024-07-25T14:29:21.209-0300] {local_task_job_runner.py:222} INFO - ::endgroup::
[2024-07-25T14:32:31.468-0300] {local_task_job_runner.py:120} INFO - ::group::Pre task execution logs
[2024-07-25T14:32:31.473-0300] {taskinstance.py:2076} INFO - Dependencies all met for dep_context=non-requeueable deps ti=<TaskInstance: Binance_5m.get_5m_info scheduled__2024-07-25T15:10:00+00:00 [queued]>
[2024-07-25T14:32:31.476-0300] {taskinstance.py:2076} INFO - Dependencies all met for dep_context=requeueable deps ti=<TaskInstance: Binance_5m.get_5m_info scheduled__2024-07-25T15:10:00+00:00 [queued]>
[2024-07-25T14:32:31.476-0300] {taskinstance.py:2306} INFO - Starting attempt 1 of 1
[2024-07-25T14:32:31.488-0300] {taskinstance.py:2330} INFO - Executing <Task(PythonOperator): get_5m_info> on 2024-07-25 15:10:00+00:00
[2024-07-25T14:32:31.489-0300] {standard_task_runner.py:64} INFO - Started process 2595372 to run task
[2024-07-25T14:32:31.492-0300] {standard_task_runner.py:90} INFO - Running: ['airflow', 'tasks', 'run', 'Binance_5m', 'get_5m_info', 'scheduled__2024-07-25T15:10:00+00:00', '--job-id', '2158', '--raw', '--subdir', 'DAGS_FOLDER/binance_dag.py', '--cfg-path', '/tmp/tmpi4a8i6u_']
[2024-07-25T14:32:31.493-0300] {standard_task_runner.py:91} INFO - Job 2158: Subtask get_5m_info
[2024-07-25T14:32:31.518-0300] {task_command.py:426} INFO - Running <TaskInstance: Binance_5m.get_5m_info scheduled__2024-07-25T15:10:00+00:00 [running]> on host Galaxybook.
[2024-07-25T14:32:31.569-0300] {taskinstance.py:2648} INFO - Exporting env vars: AIRFLOW_CTX_DAG_OWNER='airflow' AIRFLOW_CTX_DAG_ID='Binance_5m' AIRFLOW_CTX_TASK_ID='get_5m_info' AIRFLOW_CTX_EXECUTION_DATE='2024-07-25T15:10:00+00:00' AIRFLOW_CTX_TRY_NUMBER='1' AIRFLOW_CTX_DAG_RUN_ID='scheduled__2024-07-25T15:10:00+00:00'
[2024-07-25T14:32:31.569-0300] {taskinstance.py:430} INFO - ::endgroup::
[2024-07-25T14:32:31.579-0300] {binance_dag.py:23} INFO - End Time: 2024-07-25T15:15:00.00Z
[2024-07-25T14:32:31.664-0300] {base.py:84} INFO - Using connection ID 'binance_default' for task execution.
[2024-07-25T14:32:31.664-0300] {logging_mixin.py:188} INFO - https://api.binance.com
[2024-07-25T14:32:31.665-0300] {binance_hook.py:35} INFO - URL: https://api.binance.com/api/v3/klines?symbol=BTCBRL&interval=5m&startTime=1721931000000&endTime=1721931300000
[2024-07-25T14:32:32.062-0300] {binance_dag.py:42} INFO - []
[2024-07-25T14:32:32.063-0300] {python.py:237} INFO - Done. Returned value was: None
[2024-07-25T14:32:32.064-0300] {taskinstance.py:441} INFO - ::group::Post task execution logs
[2024-07-25T14:32:32.066-0300] {taskinstance.py:1206} INFO - Marking task as SUCCESS. dag_id=Binance_5m, task_id=get_5m_info, run_id=scheduled__2024-07-25T15:10:00+00:00, execution_date=20240725T151000, start_date=20240725T173231, end_date=20240725T173232
[2024-07-25T14:32:32.110-0300] {local_task_job_runner.py:243} INFO - Task exited with return code 0
[2024-07-25T14:32:32.119-0300] {taskinstance.py:3503} INFO - 0 downstream tasks scheduled from follow-on schedule check
[2024-07-25T14:32:32.120-0300] {local_task_job_runner.py:222} INFO - ::endgroup::
[2024-07-25T14:53:47.283-0300] {local_task_job_runner.py:120} INFO - ::group::Pre task execution logs
[2024-07-25T14:53:47.288-0300] {taskinstance.py:2076} INFO - Dependencies all met for dep_context=non-requeueable deps ti=<TaskInstance: Binance_5m.get_5m_info scheduled__2024-07-25T15:10:00+00:00 [queued]>
[2024-07-25T14:53:47.291-0300] {taskinstance.py:2076} INFO - Dependencies all met for dep_context=requeueable deps ti=<TaskInstance: Binance_5m.get_5m_info scheduled__2024-07-25T15:10:00+00:00 [queued]>
[2024-07-25T14:53:47.291-0300] {taskinstance.py:2306} INFO - Starting attempt 1 of 1
[2024-07-25T14:53:47.305-0300] {taskinstance.py:2330} INFO - Executing <Task(PythonOperator): get_5m_info> on 2024-07-25 15:10:00+00:00
[2024-07-25T14:53:47.306-0300] {standard_task_runner.py:64} INFO - Started process 2613166 to run task
[2024-07-25T14:53:47.309-0300] {standard_task_runner.py:90} INFO - Running: ['airflow', 'tasks', 'run', 'Binance_5m', 'get_5m_info', 'scheduled__2024-07-25T15:10:00+00:00', '--job-id', '2274', '--raw', '--subdir', 'DAGS_FOLDER/binance_dag.py', '--cfg-path', '/tmp/tmpfkwewj1f']
[2024-07-25T14:53:47.310-0300] {standard_task_runner.py:91} INFO - Job 2274: Subtask get_5m_info
[2024-07-25T14:53:47.337-0300] {task_command.py:426} INFO - Running <TaskInstance: Binance_5m.get_5m_info scheduled__2024-07-25T15:10:00+00:00 [running]> on host Galaxybook.
[2024-07-25T14:53:47.393-0300] {taskinstance.py:2648} INFO - Exporting env vars: AIRFLOW_CTX_DAG_OWNER='airflow' AIRFLOW_CTX_DAG_ID='Binance_5m' AIRFLOW_CTX_TASK_ID='get_5m_info' AIRFLOW_CTX_EXECUTION_DATE='2024-07-25T15:10:00+00:00' AIRFLOW_CTX_TRY_NUMBER='1' AIRFLOW_CTX_DAG_RUN_ID='scheduled__2024-07-25T15:10:00+00:00'
[2024-07-25T14:53:47.394-0300] {taskinstance.py:430} INFO - ::endgroup::
[2024-07-25T14:53:47.403-0300] {binance_dag.py:23} INFO - End Time: 2024-07-25T15:15:00.00Z
[2024-07-25T14:53:47.403-0300] {binance_dag.py:24} INFO - Start Time: 2024-07-25T15:10:00.00Z
[2024-07-25T14:53:47.465-0300] {base.py:84} INFO - Using connection ID 'binance_default' for task execution.
[2024-07-25T14:53:47.465-0300] {logging_mixin.py:188} INFO - https://api.binance.com
[2024-07-25T14:53:47.465-0300] {binance_hook.py:35} INFO - URL: https://api.binance.com/api/v3/klines?symbol=BTCBRL&interval=5m&startTime=1721931000000&endTime=1721931299999
[2024-07-25T14:53:47.858-0300] {binance_dag.py:43} INFO - r: []
[2024-07-25T14:53:47.859-0300] {python.py:237} INFO - Done. Returned value was: None
[2024-07-25T14:53:47.859-0300] {taskinstance.py:441} INFO - ::group::Post task execution logs
[2024-07-25T14:53:47.861-0300] {taskinstance.py:1206} INFO - Marking task as SUCCESS. dag_id=Binance_5m, task_id=get_5m_info, run_id=scheduled__2024-07-25T15:10:00+00:00, execution_date=20240725T151000, start_date=20240725T175347, end_date=20240725T175347
[2024-07-25T14:53:47.888-0300] {local_task_job_runner.py:243} INFO - Task exited with return code 0
[2024-07-25T14:53:47.894-0300] {taskinstance.py:3503} INFO - 0 downstream tasks scheduled from follow-on schedule check
[2024-07-25T14:53:47.894-0300] {local_task_job_runner.py:222} INFO - ::endgroup::
[2024-07-25T15:23:35.321-0300] {local_task_job_runner.py:120} INFO - ::group::Pre task execution logs
[2024-07-25T15:23:35.326-0300] {taskinstance.py:2076} INFO - Dependencies all met for dep_context=non-requeueable deps ti=<TaskInstance: Binance_5m.get_5m_info scheduled__2024-07-25T15:10:00+00:00 [queued]>
[2024-07-25T15:23:35.329-0300] {taskinstance.py:2076} INFO - Dependencies all met for dep_context=requeueable deps ti=<TaskInstance: Binance_5m.get_5m_info scheduled__2024-07-25T15:10:00+00:00 [queued]>
[2024-07-25T15:23:35.329-0300] {taskinstance.py:2306} INFO - Starting attempt 1 of 1
[2024-07-25T15:23:35.341-0300] {taskinstance.py:2330} INFO - Executing <Task(PythonOperator): get_5m_info> on 2024-07-25 15:10:00+00:00
[2024-07-25T15:23:35.343-0300] {standard_task_runner.py:64} INFO - Started process 2635300 to run task
[2024-07-25T15:23:35.344-0300] {standard_task_runner.py:90} INFO - Running: ['airflow', 'tasks', 'run', 'Binance_5m', 'get_5m_info', 'scheduled__2024-07-25T15:10:00+00:00', '--job-id', '2717', '--raw', '--subdir', 'DAGS_FOLDER/binance_dag.py', '--cfg-path', '/tmp/tmpov6rmfu_']
[2024-07-25T15:23:35.345-0300] {standard_task_runner.py:91} INFO - Job 2717: Subtask get_5m_info
[2024-07-25T15:23:35.369-0300] {task_command.py:426} INFO - Running <TaskInstance: Binance_5m.get_5m_info scheduled__2024-07-25T15:10:00+00:00 [running]> on host Galaxybook.
[2024-07-25T15:23:35.419-0300] {taskinstance.py:2648} INFO - Exporting env vars: AIRFLOW_CTX_DAG_OWNER='airflow' AIRFLOW_CTX_DAG_ID='Binance_5m' AIRFLOW_CTX_TASK_ID='get_5m_info' AIRFLOW_CTX_EXECUTION_DATE='2024-07-25T15:10:00+00:00' AIRFLOW_CTX_TRY_NUMBER='1' AIRFLOW_CTX_DAG_RUN_ID='scheduled__2024-07-25T15:10:00+00:00'
[2024-07-25T15:23:35.419-0300] {taskinstance.py:430} INFO - ::endgroup::
[2024-07-25T15:23:35.426-0300] {binance_dag.py:23} INFO - End Time: 2024-07-25T15:15:00.00Z
[2024-07-25T15:23:35.426-0300] {binance_dag.py:24} INFO - Start Time: 2024-07-25T15:10:00.00Z
[2024-07-25T15:23:35.478-0300] {binance_dag.py:25} INFO - 1721931000000
[2024-07-25T15:23:35.481-0300] {base.py:84} INFO - Using connection ID 'binance_default' for task execution.
[2024-07-25T15:23:35.481-0300] {logging_mixin.py:188} INFO - https://api.binance.com
[2024-07-25T15:23:35.481-0300] {binance_hook.py:35} INFO - URL: https://api.binance.com/api/v3/klines?symbol=BTCBRL&interval=5m&startTime=1721931000000&endTime=1721931299999
[2024-07-25T15:23:35.881-0300] {python.py:237} INFO - Done. Returned value was: None
[2024-07-25T15:23:35.882-0300] {taskinstance.py:441} INFO - ::group::Post task execution logs
[2024-07-25T15:23:35.884-0300] {taskinstance.py:1206} INFO - Marking task as SUCCESS. dag_id=Binance_5m, task_id=get_5m_info, run_id=scheduled__2024-07-25T15:10:00+00:00, execution_date=20240725T151000, start_date=20240725T182335, end_date=20240725T182335
[2024-07-25T15:23:35.928-0300] {local_task_job_runner.py:243} INFO - Task exited with return code 0
[2024-07-25T15:23:35.934-0300] {taskinstance.py:3503} INFO - 0 downstream tasks scheduled from follow-on schedule check
[2024-07-25T15:23:35.935-0300] {local_task_job_runner.py:222} INFO - ::endgroup::
[2024-07-25T16:22:04.661-0300] {local_task_job_runner.py:120} INFO - ::group::Pre task execution logs
[2024-07-25T16:22:04.668-0300] {taskinstance.py:2076} INFO - Dependencies all met for dep_context=non-requeueable deps ti=<TaskInstance: Binance_5m.get_5m_info scheduled__2024-07-25T15:10:00+00:00 [queued]>
[2024-07-25T16:22:04.672-0300] {taskinstance.py:2076} INFO - Dependencies all met for dep_context=requeueable deps ti=<TaskInstance: Binance_5m.get_5m_info scheduled__2024-07-25T15:10:00+00:00 [queued]>
[2024-07-25T16:22:04.672-0300] {taskinstance.py:2306} INFO - Starting attempt 1 of 1
[2024-07-25T16:22:04.688-0300] {taskinstance.py:2330} INFO - Executing <Task(PythonOperator): get_5m_info> on 2024-07-25 15:10:00+00:00
[2024-07-25T16:22:04.690-0300] {standard_task_runner.py:64} INFO - Started process 2665102 to run task
[2024-07-25T16:22:04.693-0300] {standard_task_runner.py:90} INFO - Running: ['airflow', 'tasks', 'run', 'Binance_5m', 'get_5m_info', 'scheduled__2024-07-25T15:10:00+00:00', '--job-id', '2336', '--raw', '--subdir', 'DAGS_FOLDER/binance_dag.py', '--cfg-path', '/tmp/tmpxdbuslm2']
[2024-07-25T16:22:04.694-0300] {standard_task_runner.py:91} INFO - Job 2336: Subtask get_5m_info
[2024-07-25T16:22:04.724-0300] {task_command.py:426} INFO - Running <TaskInstance: Binance_5m.get_5m_info scheduled__2024-07-25T15:10:00+00:00 [running]> on host Galaxybook.
[2024-07-25T16:22:04.785-0300] {taskinstance.py:2648} INFO - Exporting env vars: AIRFLOW_CTX_DAG_OWNER='airflow' AIRFLOW_CTX_DAG_ID='Binance_5m' AIRFLOW_CTX_TASK_ID='get_5m_info' AIRFLOW_CTX_EXECUTION_DATE='2024-07-25T15:10:00+00:00' AIRFLOW_CTX_TRY_NUMBER='1' AIRFLOW_CTX_DAG_RUN_ID='scheduled__2024-07-25T15:10:00+00:00'
[2024-07-25T16:22:04.785-0300] {taskinstance.py:430} INFO - ::endgroup::
[2024-07-25T16:22:04.796-0300] {binance_dag.py:22} INFO - End Time: 2024-07-25 15:15:00+00:00
[2024-07-25T16:22:04.796-0300] {binance_dag.py:23} INFO - Start Time: 2024-07-25 15:10:00+00:00
[2024-07-25T16:22:04.797-0300] {binance_dag.py:24} INFO - Start timestamp: 1721920200000
[2024-07-25T16:22:04.797-0300] {binance_dag.py:25} INFO - End timestamp: 1721920500000
[2024-07-25T16:22:04.866-0300] {base.py:84} INFO - Using connection ID 'binance_default' for task execution.
[2024-07-25T16:22:04.867-0300] {logging_mixin.py:188} INFO - https://api.binance.com
[2024-07-25T16:22:04.867-0300] {binance_hook.py:35} INFO - URL: https://api.binance.com/api/v3/klines?symbol=BTCBRL&interval=5m&startTime=1721920200000&endTime=1721920499999&timeZone=-3
[2024-07-25T16:22:05.258-0300] {python.py:237} INFO - Done. Returned value was: None
[2024-07-25T16:22:05.259-0300] {taskinstance.py:441} INFO - ::group::Post task execution logs
[2024-07-25T16:22:05.261-0300] {taskinstance.py:1206} INFO - Marking task as SUCCESS. dag_id=Binance_5m, task_id=get_5m_info, run_id=scheduled__2024-07-25T15:10:00+00:00, execution_date=20240725T151000, start_date=20240725T192204, end_date=20240725T192205
[2024-07-25T16:22:05.275-0300] {local_task_job_runner.py:243} INFO - Task exited with return code 0
[2024-07-25T16:22:05.282-0300] {taskinstance.py:3503} INFO - 0 downstream tasks scheduled from follow-on schedule check
[2024-07-25T16:22:05.283-0300] {local_task_job_runner.py:222} INFO - ::endgroup::
