[2024-07-25T09:58:17.609-0300] {local_task_job_runner.py:120} INFO - ::group::Pre task execution logs
[2024-07-25T09:58:17.616-0300] {taskinstance.py:2076} INFO - Dependencies all met for dep_context=non-requeueable deps ti=<TaskInstance: Mercado_1m.get_1m_info scheduled__2024-07-25T11:01:00+00:00 [queued]>
[2024-07-25T09:58:17.620-0300] {taskinstance.py:2076} INFO - Dependencies all met for dep_context=requeueable deps ti=<TaskInstance: Mercado_1m.get_1m_info scheduled__2024-07-25T11:01:00+00:00 [queued]>
[2024-07-25T09:58:17.621-0300] {taskinstance.py:2306} INFO - Starting attempt 1 of 1
[2024-07-25T09:58:17.636-0300] {taskinstance.py:2330} INFO - Executing <Task(PythonOperator): get_1m_info> on 2024-07-25 11:01:00+00:00
[2024-07-25T09:58:17.639-0300] {standard_task_runner.py:64} INFO - Started process 2443328 to run task
[2024-07-25T09:58:17.641-0300] {standard_task_runner.py:90} INFO - Running: ['airflow', 'tasks', 'run', 'Mercado_1m', 'get_1m_info', 'scheduled__2024-07-25T11:01:00+00:00', '--job-id', '1897', '--raw', '--subdir', 'DAGS_FOLDER/mercado_dag.py', '--cfg-path', '/tmp/tmp4wr0kosu']
[2024-07-25T09:58:17.642-0300] {standard_task_runner.py:91} INFO - Job 1897: Subtask get_1m_info
[2024-07-25T09:58:17.669-0300] {task_command.py:426} INFO - Running <TaskInstance: Mercado_1m.get_1m_info scheduled__2024-07-25T11:01:00+00:00 [running]> on host Galaxybook.
[2024-07-25T09:58:17.727-0300] {taskinstance.py:2648} INFO - Exporting env vars: AIRFLOW_CTX_DAG_OWNER='airflow' AIRFLOW_CTX_DAG_ID='Mercado_1m' AIRFLOW_CTX_TASK_ID='get_1m_info' AIRFLOW_CTX_EXECUTION_DATE='2024-07-25T11:01:00+00:00' AIRFLOW_CTX_TRY_NUMBER='1' AIRFLOW_CTX_DAG_RUN_ID='scheduled__2024-07-25T11:01:00+00:00'
[2024-07-25T09:58:17.728-0300] {taskinstance.py:430} INFO - ::endgroup::
[2024-07-25T09:58:17.807-0300] {base.py:84} INFO - Using connection ID 'mercado_default' for task execution.
[2024-07-25T09:58:17.807-0300] {mercado_hook.py:26} INFO - BASE URL: https://api.mercadobitcoin.net/api/v4
[2024-07-25T09:58:17.808-0300] {mercado_hook.py:32} INFO - URL: https://api.mercadobitcoin.net/api/v4/candles?symbol=BTC-BRL&resolution=1m&to=1721912237&from=1721912297
[2024-07-25T09:58:18.088-0300] {python.py:237} INFO - Done. Returned value was: None
[2024-07-25T09:58:18.089-0300] {taskinstance.py:441} INFO - ::group::Post task execution logs
[2024-07-25T09:58:18.092-0300] {taskinstance.py:1206} INFO - Marking task as SUCCESS. dag_id=Mercado_1m, task_id=get_1m_info, run_id=scheduled__2024-07-25T11:01:00+00:00, execution_date=20240725T110100, start_date=20240725T125817, end_date=20240725T125818
[2024-07-25T09:58:18.138-0300] {local_task_job_runner.py:243} INFO - Task exited with return code 0
[2024-07-25T09:58:18.146-0300] {taskinstance.py:3503} INFO - 0 downstream tasks scheduled from follow-on schedule check
[2024-07-25T09:58:18.147-0300] {local_task_job_runner.py:222} INFO - ::endgroup::
[2024-07-25T10:57:53.939-0300] {local_task_job_runner.py:120} INFO - ::group::Pre task execution logs
[2024-07-25T10:57:53.946-0300] {taskinstance.py:2076} INFO - Dependencies all met for dep_context=non-requeueable deps ti=<TaskInstance: Mercado_1m.get_1m_info scheduled__2024-07-25T11:01:00+00:00 [queued]>
[2024-07-25T10:57:53.950-0300] {taskinstance.py:2076} INFO - Dependencies all met for dep_context=requeueable deps ti=<TaskInstance: Mercado_1m.get_1m_info scheduled__2024-07-25T11:01:00+00:00 [queued]>
[2024-07-25T10:57:53.950-0300] {taskinstance.py:2306} INFO - Starting attempt 1 of 1
[2024-07-25T10:57:53.967-0300] {taskinstance.py:2330} INFO - Executing <Task(PythonOperator): get_1m_info> on 2024-07-25 11:01:00+00:00
[2024-07-25T10:57:53.969-0300] {standard_task_runner.py:64} INFO - Started process 2479566 to run task
[2024-07-25T10:57:53.971-0300] {standard_task_runner.py:90} INFO - Running: ['airflow', 'tasks', 'run', 'Mercado_1m', 'get_1m_info', 'scheduled__2024-07-25T11:01:00+00:00', '--job-id', '1834', '--raw', '--subdir', 'DAGS_FOLDER/mercado_dag.py', '--cfg-path', '/tmp/tmp9dxa3vwm']
[2024-07-25T10:57:53.972-0300] {standard_task_runner.py:91} INFO - Job 1834: Subtask get_1m_info
[2024-07-25T10:57:54.003-0300] {task_command.py:426} INFO - Running <TaskInstance: Mercado_1m.get_1m_info scheduled__2024-07-25T11:01:00+00:00 [running]> on host Galaxybook.
[2024-07-25T10:57:54.052-0300] {taskinstance.py:2648} INFO - Exporting env vars: AIRFLOW_CTX_DAG_OWNER='airflow' AIRFLOW_CTX_DAG_ID='Mercado_1m' AIRFLOW_CTX_TASK_ID='get_1m_info' AIRFLOW_CTX_EXECUTION_DATE='2024-07-25T11:01:00+00:00' AIRFLOW_CTX_TRY_NUMBER='1' AIRFLOW_CTX_DAG_RUN_ID='scheduled__2024-07-25T11:01:00+00:00'
[2024-07-25T10:57:54.052-0300] {taskinstance.py:430} INFO - ::endgroup::
[2024-07-25T10:57:54.133-0300] {base.py:84} INFO - Using connection ID 'mercado_default' for task execution.
[2024-07-25T10:57:54.134-0300] {mercado_hook.py:31} INFO - URL: https://api.mercadobitcoin.net/api/v4/candles?symbol=BTC-BRL&resolution=1m&to=1721915874061&countback=1
[2024-07-25T10:57:54.448-0300] {python.py:237} INFO - Done. Returned value was: None
[2024-07-25T10:57:54.449-0300] {taskinstance.py:441} INFO - ::group::Post task execution logs
[2024-07-25T10:57:54.451-0300] {taskinstance.py:1206} INFO - Marking task as SUCCESS. dag_id=Mercado_1m, task_id=get_1m_info, run_id=scheduled__2024-07-25T11:01:00+00:00, execution_date=20240725T110100, start_date=20240725T135753, end_date=20240725T135754
[2024-07-25T10:57:54.511-0300] {local_task_job_runner.py:243} INFO - Task exited with return code 0
[2024-07-25T10:57:54.518-0300] {taskinstance.py:3503} INFO - 0 downstream tasks scheduled from follow-on schedule check
[2024-07-25T10:57:54.518-0300] {local_task_job_runner.py:222} INFO - ::endgroup::
