[2024-07-25T10:00:19.945-0300] {local_task_job_runner.py:120} INFO - ::group::Pre task execution logs
[2024-07-25T10:00:19.950-0300] {taskinstance.py:2076} INFO - Dependencies all met for dep_context=non-requeueable deps ti=<TaskInstance: Mercado_1m.get_1m_info scheduled__2024-07-25T11:51:00+00:00 [queued]>
[2024-07-25T10:00:19.953-0300] {taskinstance.py:2076} INFO - Dependencies all met for dep_context=requeueable deps ti=<TaskInstance: Mercado_1m.get_1m_info scheduled__2024-07-25T11:51:00+00:00 [queued]>
[2024-07-25T10:00:19.953-0300] {taskinstance.py:2306} INFO - Starting attempt 1 of 1
[2024-07-25T10:00:19.970-0300] {taskinstance.py:2330} INFO - Executing <Task(PythonOperator): get_1m_info> on 2024-07-25 11:51:00+00:00
[2024-07-25T10:00:19.972-0300] {standard_task_runner.py:64} INFO - Started process 2445410 to run task
[2024-07-25T10:00:19.974-0300] {standard_task_runner.py:90} INFO - Running: ['airflow', 'tasks', 'run', 'Mercado_1m', 'get_1m_info', 'scheduled__2024-07-25T11:51:00+00:00', '--job-id', '1950', '--raw', '--subdir', 'DAGS_FOLDER/mercado_dag.py', '--cfg-path', '/tmp/tmpl01schn8']
[2024-07-25T10:00:19.975-0300] {standard_task_runner.py:91} INFO - Job 1950: Subtask get_1m_info
[2024-07-25T10:00:20.004-0300] {task_command.py:426} INFO - Running <TaskInstance: Mercado_1m.get_1m_info scheduled__2024-07-25T11:51:00+00:00 [running]> on host Galaxybook.
[2024-07-25T10:00:20.088-0300] {taskinstance.py:2648} INFO - Exporting env vars: AIRFLOW_CTX_DAG_OWNER='airflow' AIRFLOW_CTX_DAG_ID='Mercado_1m' AIRFLOW_CTX_TASK_ID='get_1m_info' AIRFLOW_CTX_EXECUTION_DATE='2024-07-25T11:51:00+00:00' AIRFLOW_CTX_TRY_NUMBER='1' AIRFLOW_CTX_DAG_RUN_ID='scheduled__2024-07-25T11:51:00+00:00'
[2024-07-25T10:00:20.088-0300] {taskinstance.py:430} INFO - ::endgroup::
[2024-07-25T10:00:20.176-0300] {base.py:84} INFO - Using connection ID 'mercado_default' for task execution.
[2024-07-25T10:00:20.176-0300] {mercado_hook.py:26} INFO - BASE URL: https://api.mercadobitcoin.net/api/v4
[2024-07-25T10:00:20.177-0300] {mercado_hook.py:32} INFO - URL: https://api.mercadobitcoin.net/api/v4/candles?symbol=BTC-BRL&resolution=1m&to=1721912360098&from=1721912420098
[2024-07-25T10:00:20.519-0300] {python.py:237} INFO - Done. Returned value was: None
[2024-07-25T10:00:20.519-0300] {taskinstance.py:441} INFO - ::group::Post task execution logs
[2024-07-25T10:00:20.522-0300] {taskinstance.py:1206} INFO - Marking task as SUCCESS. dag_id=Mercado_1m, task_id=get_1m_info, run_id=scheduled__2024-07-25T11:51:00+00:00, execution_date=20240725T115100, start_date=20240725T130019, end_date=20240725T130020
[2024-07-25T10:00:20.554-0300] {local_task_job_runner.py:243} INFO - Task exited with return code 0
[2024-07-25T10:00:20.561-0300] {taskinstance.py:3503} INFO - 0 downstream tasks scheduled from follow-on schedule check
[2024-07-25T10:00:20.561-0300] {local_task_job_runner.py:222} INFO - ::endgroup::
[2024-07-25T10:59:48.869-0300] {local_task_job_runner.py:120} INFO - ::group::Pre task execution logs
[2024-07-25T10:59:48.875-0300] {taskinstance.py:2076} INFO - Dependencies all met for dep_context=non-requeueable deps ti=<TaskInstance: Mercado_1m.get_1m_info scheduled__2024-07-25T11:51:00+00:00 [queued]>
[2024-07-25T10:59:48.878-0300] {taskinstance.py:2076} INFO - Dependencies all met for dep_context=requeueable deps ti=<TaskInstance: Mercado_1m.get_1m_info scheduled__2024-07-25T11:51:00+00:00 [queued]>
[2024-07-25T10:59:48.878-0300] {taskinstance.py:2306} INFO - Starting attempt 1 of 1
[2024-07-25T10:59:48.895-0300] {taskinstance.py:2330} INFO - Executing <Task(PythonOperator): get_1m_info> on 2024-07-25 11:51:00+00:00
[2024-07-25T10:59:48.897-0300] {standard_task_runner.py:64} INFO - Started process 2481556 to run task
[2024-07-25T10:59:48.900-0300] {standard_task_runner.py:90} INFO - Running: ['airflow', 'tasks', 'run', 'Mercado_1m', 'get_1m_info', 'scheduled__2024-07-25T11:51:00+00:00', '--job-id', '1886', '--raw', '--subdir', 'DAGS_FOLDER/mercado_dag.py', '--cfg-path', '/tmp/tmpu902xh9n']
[2024-07-25T10:59:48.901-0300] {standard_task_runner.py:91} INFO - Job 1886: Subtask get_1m_info
[2024-07-25T10:59:48.930-0300] {task_command.py:426} INFO - Running <TaskInstance: Mercado_1m.get_1m_info scheduled__2024-07-25T11:51:00+00:00 [running]> on host Galaxybook.
[2024-07-25T10:59:48.992-0300] {taskinstance.py:2648} INFO - Exporting env vars: AIRFLOW_CTX_DAG_OWNER='airflow' AIRFLOW_CTX_DAG_ID='Mercado_1m' AIRFLOW_CTX_TASK_ID='get_1m_info' AIRFLOW_CTX_EXECUTION_DATE='2024-07-25T11:51:00+00:00' AIRFLOW_CTX_TRY_NUMBER='1' AIRFLOW_CTX_DAG_RUN_ID='scheduled__2024-07-25T11:51:00+00:00'
[2024-07-25T10:59:48.992-0300] {taskinstance.py:430} INFO - ::endgroup::
[2024-07-25T10:59:49.053-0300] {base.py:84} INFO - Using connection ID 'mercado_default' for task execution.
[2024-07-25T10:59:49.054-0300] {mercado_hook.py:31} INFO - URL: https://api.mercadobitcoin.net/api/v4/candles?symbol=BTC-BRL&resolution=1m&to=1721915989000&countback=1
[2024-07-25T10:59:49.330-0300] {python.py:237} INFO - Done. Returned value was: None
[2024-07-25T10:59:49.331-0300] {taskinstance.py:441} INFO - ::group::Post task execution logs
[2024-07-25T10:59:49.334-0300] {taskinstance.py:1206} INFO - Marking task as SUCCESS. dag_id=Mercado_1m, task_id=get_1m_info, run_id=scheduled__2024-07-25T11:51:00+00:00, execution_date=20240725T115100, start_date=20240725T135948, end_date=20240725T135949
[2024-07-25T10:59:49.363-0300] {local_task_job_runner.py:243} INFO - Task exited with return code 0
[2024-07-25T10:59:49.369-0300] {taskinstance.py:3503} INFO - 0 downstream tasks scheduled from follow-on schedule check
[2024-07-25T10:59:49.370-0300] {local_task_job_runner.py:222} INFO - ::endgroup::
