[2024-07-25T14:48:07.659-0300] {local_task_job_runner.py:120} INFO - ::group::Pre task execution logs
[2024-07-25T14:48:07.664-0300] {taskinstance.py:2076} INFO - Dependencies all met for dep_context=non-requeueable deps ti=<TaskInstance: Binance_5m.get_5m_info scheduled__2024-07-25T03:15:00+00:00 [queued]>
[2024-07-25T14:48:07.667-0300] {taskinstance.py:2076} INFO - Dependencies all met for dep_context=requeueable deps ti=<TaskInstance: Binance_5m.get_5m_info scheduled__2024-07-25T03:15:00+00:00 [queued]>
[2024-07-25T14:48:07.667-0300] {taskinstance.py:2306} INFO - Starting attempt 1 of 1
[2024-07-25T14:48:07.679-0300] {taskinstance.py:2330} INFO - Executing <Task(PythonOperator): get_5m_info> on 2024-07-25 03:15:00+00:00
[2024-07-25T14:48:07.681-0300] {standard_task_runner.py:64} INFO - Started process 2607489 to run task
[2024-07-25T14:48:07.683-0300] {standard_task_runner.py:90} INFO - Running: ['airflow', 'tasks', 'run', 'Binance_5m', 'get_5m_info', 'scheduled__2024-07-25T03:15:00+00:00', '--job-id', '2125', '--raw', '--subdir', 'DAGS_FOLDER/binance_dag.py', '--cfg-path', '/tmp/tmpwqjyxsvi']
[2024-07-25T14:48:07.684-0300] {standard_task_runner.py:91} INFO - Job 2125: Subtask get_5m_info
[2024-07-25T14:48:07.709-0300] {task_command.py:426} INFO - Running <TaskInstance: Binance_5m.get_5m_info scheduled__2024-07-25T03:15:00+00:00 [running]> on host Galaxybook.
[2024-07-25T14:48:07.764-0300] {taskinstance.py:2648} INFO - Exporting env vars: AIRFLOW_CTX_DAG_OWNER='airflow' AIRFLOW_CTX_DAG_ID='Binance_5m' AIRFLOW_CTX_TASK_ID='get_5m_info' AIRFLOW_CTX_EXECUTION_DATE='2024-07-25T03:15:00+00:00' AIRFLOW_CTX_TRY_NUMBER='1' AIRFLOW_CTX_DAG_RUN_ID='scheduled__2024-07-25T03:15:00+00:00'
[2024-07-25T14:48:07.765-0300] {taskinstance.py:430} INFO - ::endgroup::
[2024-07-25T14:48:07.774-0300] {binance_dag.py:23} INFO - End Time: 2024-07-25T03:20:00.00Z
[2024-07-25T14:48:07.774-0300] {binance_dag.py:24} INFO - Start Time: 2024-07-25T03:15:00.00Z
[2024-07-25T14:48:07.827-0300] {base.py:84} INFO - Using connection ID 'binance_default' for task execution.
[2024-07-25T14:48:07.828-0300] {logging_mixin.py:188} INFO - https://api.binance.com
[2024-07-25T14:48:07.828-0300] {binance_hook.py:35} INFO - URL: https://api.binance.com/api/v3/klines?symbol=BTCBRL&interval=5m&startTime=1721888100000&endTime=1721888399999
[2024-07-25T14:48:08.235-0300] {binance_dag.py:43} INFO - r: [[1721888100000, '365551.00000000', '365878.00000000', '365371.00000000', '365878.00000000', '0.00750000', 1721888399999, '2741.50735000', 13, '0.00736000', '2690.35181000', '0']]
[2024-07-25T14:48:08.236-0300] {python.py:237} INFO - Done. Returned value was: None
[2024-07-25T14:48:08.237-0300] {taskinstance.py:441} INFO - ::group::Post task execution logs
[2024-07-25T14:48:08.240-0300] {taskinstance.py:1206} INFO - Marking task as SUCCESS. dag_id=Binance_5m, task_id=get_5m_info, run_id=scheduled__2024-07-25T03:15:00+00:00, execution_date=20240725T031500, start_date=20240725T174807, end_date=20240725T174808
[2024-07-25T14:48:08.264-0300] {local_task_job_runner.py:243} INFO - Task exited with return code 0
[2024-07-25T14:48:08.270-0300] {taskinstance.py:3503} INFO - 0 downstream tasks scheduled from follow-on schedule check
[2024-07-25T14:48:08.270-0300] {local_task_job_runner.py:222} INFO - ::endgroup::
[2024-07-25T15:18:16.271-0300] {local_task_job_runner.py:120} INFO - ::group::Pre task execution logs
[2024-07-25T15:18:16.276-0300] {taskinstance.py:2076} INFO - Dependencies all met for dep_context=non-requeueable deps ti=<TaskInstance: Binance_5m.get_5m_info scheduled__2024-07-25T03:15:00+00:00 [queued]>
[2024-07-25T15:18:16.279-0300] {taskinstance.py:2076} INFO - Dependencies all met for dep_context=requeueable deps ti=<TaskInstance: Binance_5m.get_5m_info scheduled__2024-07-25T03:15:00+00:00 [queued]>
[2024-07-25T15:18:16.279-0300] {taskinstance.py:2306} INFO - Starting attempt 1 of 1
[2024-07-25T15:18:16.293-0300] {taskinstance.py:2330} INFO - Executing <Task(PythonOperator): get_5m_info> on 2024-07-25 03:15:00+00:00
[2024-07-25T15:18:16.295-0300] {standard_task_runner.py:64} INFO - Started process 2630018 to run task
[2024-07-25T15:18:16.297-0300] {standard_task_runner.py:90} INFO - Running: ['airflow', 'tasks', 'run', 'Binance_5m', 'get_5m_info', 'scheduled__2024-07-25T03:15:00+00:00', '--job-id', '2574', '--raw', '--subdir', 'DAGS_FOLDER/binance_dag.py', '--cfg-path', '/tmp/tmp4b62j57t']
[2024-07-25T15:18:16.298-0300] {standard_task_runner.py:91} INFO - Job 2574: Subtask get_5m_info
[2024-07-25T15:18:16.322-0300] {task_command.py:426} INFO - Running <TaskInstance: Binance_5m.get_5m_info scheduled__2024-07-25T03:15:00+00:00 [running]> on host Galaxybook.
[2024-07-25T15:18:16.373-0300] {taskinstance.py:2648} INFO - Exporting env vars: AIRFLOW_CTX_DAG_OWNER='airflow' AIRFLOW_CTX_DAG_ID='Binance_5m' AIRFLOW_CTX_TASK_ID='get_5m_info' AIRFLOW_CTX_EXECUTION_DATE='2024-07-25T03:15:00+00:00' AIRFLOW_CTX_TRY_NUMBER='1' AIRFLOW_CTX_DAG_RUN_ID='scheduled__2024-07-25T03:15:00+00:00'
[2024-07-25T15:18:16.373-0300] {taskinstance.py:430} INFO - ::endgroup::
[2024-07-25T15:18:16.382-0300] {binance_dag.py:23} INFO - End Time: 2024-07-25T03:20:00.00Z
[2024-07-25T15:18:16.382-0300] {binance_dag.py:24} INFO - Start Time: 2024-07-25T03:15:00.00Z
[2024-07-25T15:18:16.440-0300] {binance_dag.py:25} INFO - 1721888100000
[2024-07-25T15:18:16.443-0300] {base.py:84} INFO - Using connection ID 'binance_default' for task execution.
[2024-07-25T15:18:16.443-0300] {logging_mixin.py:188} INFO - https://api.binance.com
[2024-07-25T15:18:16.444-0300] {binance_hook.py:35} INFO - URL: https://api.binance.com/api/v3/klines?symbol=BTCBRL&interval=5m&startTime=1721888100000&endTime=1721888399999
[2024-07-25T15:18:16.832-0300] {python.py:237} INFO - Done. Returned value was: None
[2024-07-25T15:18:16.833-0300] {taskinstance.py:441} INFO - ::group::Post task execution logs
[2024-07-25T15:18:16.835-0300] {taskinstance.py:1206} INFO - Marking task as SUCCESS. dag_id=Binance_5m, task_id=get_5m_info, run_id=scheduled__2024-07-25T03:15:00+00:00, execution_date=20240725T031500, start_date=20240725T181816, end_date=20240725T181816
[2024-07-25T15:18:16.883-0300] {local_task_job_runner.py:243} INFO - Task exited with return code 0
[2024-07-25T15:18:16.889-0300] {taskinstance.py:3503} INFO - 0 downstream tasks scheduled from follow-on schedule check
[2024-07-25T15:18:16.890-0300] {local_task_job_runner.py:222} INFO - ::endgroup::
[2024-07-25T16:14:44.894-0300] {local_task_job_runner.py:120} INFO - ::group::Pre task execution logs
[2024-07-25T16:14:44.902-0300] {taskinstance.py:2076} INFO - Dependencies all met for dep_context=non-requeueable deps ti=<TaskInstance: Binance_5m.get_5m_info scheduled__2024-07-25T03:15:00+00:00 [queued]>
[2024-07-25T16:14:44.906-0300] {taskinstance.py:2076} INFO - Dependencies all met for dep_context=requeueable deps ti=<TaskInstance: Binance_5m.get_5m_info scheduled__2024-07-25T03:15:00+00:00 [queued]>
[2024-07-25T16:14:44.906-0300] {taskinstance.py:2306} INFO - Starting attempt 1 of 1
[2024-07-25T16:14:44.919-0300] {taskinstance.py:2330} INFO - Executing <Task(PythonOperator): get_5m_info> on 2024-07-25 03:15:00+00:00
[2024-07-25T16:14:44.921-0300] {standard_task_runner.py:64} INFO - Started process 2657722 to run task
[2024-07-25T16:14:44.923-0300] {standard_task_runner.py:90} INFO - Running: ['airflow', 'tasks', 'run', 'Binance_5m', 'get_5m_info', 'scheduled__2024-07-25T03:15:00+00:00', '--job-id', '2134', '--raw', '--subdir', 'DAGS_FOLDER/binance_dag.py', '--cfg-path', '/tmp/tmplqrl6310']
[2024-07-25T16:14:44.924-0300] {standard_task_runner.py:91} INFO - Job 2134: Subtask get_5m_info
[2024-07-25T16:14:44.949-0300] {task_command.py:426} INFO - Running <TaskInstance: Binance_5m.get_5m_info scheduled__2024-07-25T03:15:00+00:00 [running]> on host Galaxybook.
[2024-07-25T16:14:45.004-0300] {taskinstance.py:2648} INFO - Exporting env vars: AIRFLOW_CTX_DAG_OWNER='airflow' AIRFLOW_CTX_DAG_ID='Binance_5m' AIRFLOW_CTX_TASK_ID='get_5m_info' AIRFLOW_CTX_EXECUTION_DATE='2024-07-25T03:15:00+00:00' AIRFLOW_CTX_TRY_NUMBER='1' AIRFLOW_CTX_DAG_RUN_ID='scheduled__2024-07-25T03:15:00+00:00'
[2024-07-25T16:14:45.004-0300] {taskinstance.py:430} INFO - ::endgroup::
[2024-07-25T16:14:45.012-0300] {binance_dag.py:22} INFO - End Time: 2024-07-25 03:20:00+00:00
[2024-07-25T16:14:45.012-0300] {binance_dag.py:23} INFO - Start Time: 2024-07-25 03:15:00+00:00
[2024-07-25T16:14:45.012-0300] {binance_dag.py:24} INFO - Start timestamp: 1721877300000
[2024-07-25T16:14:45.012-0300] {binance_dag.py:25} INFO - End timestamp: 1721877600000
[2024-07-25T16:14:45.072-0300] {base.py:84} INFO - Using connection ID 'binance_default' for task execution.
[2024-07-25T16:14:45.073-0300] {logging_mixin.py:188} INFO - https://api.binance.com
[2024-07-25T16:14:45.073-0300] {binance_hook.py:35} INFO - URL: https://api.binance.com/api/v3/klines?symbol=BTCBRL&interval=5m&startTime=1721877300000&endTime=1721877599999&timeZone=-3
[2024-07-25T16:14:45.467-0300] {python.py:237} INFO - Done. Returned value was: None
[2024-07-25T16:14:45.468-0300] {taskinstance.py:441} INFO - ::group::Post task execution logs
[2024-07-25T16:14:45.472-0300] {taskinstance.py:1206} INFO - Marking task as SUCCESS. dag_id=Binance_5m, task_id=get_5m_info, run_id=scheduled__2024-07-25T03:15:00+00:00, execution_date=20240725T031500, start_date=20240725T191444, end_date=20240725T191445
[2024-07-25T16:14:45.506-0300] {local_task_job_runner.py:243} INFO - Task exited with return code 0
[2024-07-25T16:14:45.513-0300] {taskinstance.py:3503} INFO - 0 downstream tasks scheduled from follow-on schedule check
[2024-07-25T16:14:45.513-0300] {local_task_job_runner.py:222} INFO - ::endgroup::
