[2024-07-25T13:35:02.614-0300] {local_task_job_runner.py:120} INFO - ::group::Pre task execution logs
[2024-07-25T13:35:02.618-0300] {taskinstance.py:2076} INFO - Dependencies all met for dep_context=non-requeueable deps ti=<TaskInstance: Binance_5m.get_5m_info scheduled__2024-07-25T16:30:00+00:00 [queued]>
[2024-07-25T13:35:02.621-0300] {taskinstance.py:2076} INFO - Dependencies all met for dep_context=requeueable deps ti=<TaskInstance: Binance_5m.get_5m_info scheduled__2024-07-25T16:30:00+00:00 [queued]>
[2024-07-25T13:35:02.621-0300] {taskinstance.py:2306} INFO - Starting attempt 1 of 1
[2024-07-25T13:35:02.634-0300] {taskinstance.py:2330} INFO - Executing <Task(PythonOperator): get_5m_info> on 2024-07-25 16:30:00+00:00
[2024-07-25T13:35:02.635-0300] {standard_task_runner.py:64} INFO - Started process 2565961 to run task
[2024-07-25T13:35:02.637-0300] {standard_task_runner.py:90} INFO - Running: ['airflow', 'tasks', 'run', 'Binance_5m', 'get_5m_info', 'scheduled__2024-07-25T16:30:00+00:00', '--job-id', '2102', '--raw', '--subdir', 'DAGS_FOLDER/binance_dag.py', '--cfg-path', '/tmp/tmpzczh2cps']
[2024-07-25T13:35:02.638-0300] {standard_task_runner.py:91} INFO - Job 2102: Subtask get_5m_info
[2024-07-25T13:35:02.663-0300] {task_command.py:426} INFO - Running <TaskInstance: Binance_5m.get_5m_info scheduled__2024-07-25T16:30:00+00:00 [running]> on host Galaxybook.
[2024-07-25T13:35:02.715-0300] {taskinstance.py:2648} INFO - Exporting env vars: AIRFLOW_CTX_DAG_OWNER='airflow' AIRFLOW_CTX_DAG_ID='Binance_5m' AIRFLOW_CTX_TASK_ID='get_5m_info' AIRFLOW_CTX_EXECUTION_DATE='2024-07-25T16:30:00+00:00' AIRFLOW_CTX_TRY_NUMBER='1' AIRFLOW_CTX_DAG_RUN_ID='scheduled__2024-07-25T16:30:00+00:00'
[2024-07-25T13:35:02.715-0300] {taskinstance.py:430} INFO - ::endgroup::
[2024-07-25T13:35:02.725-0300] {binance_dag.py:23} INFO - End Time: 2024-07-25T16:35:00.00Z
[2024-07-25T13:35:02.790-0300] {base.py:84} INFO - Using connection ID 'binance_default' for task execution.
[2024-07-25T13:35:02.790-0300] {logging_mixin.py:188} INFO - https://api.binance.com
[2024-07-25T13:35:02.791-0300] {binance_hook.py:35} INFO - URL: https://api.binance.com/api/v3/klines?symbol=BTCBRL&interval=5m&startTime=1721935800000&endTime=1721936100000&timeZone=-3
[2024-07-25T13:35:08.366-0300] {python.py:237} INFO - Done. Returned value was: None
[2024-07-25T13:35:08.367-0300] {taskinstance.py:441} INFO - ::group::Post task execution logs
[2024-07-25T13:35:08.369-0300] {taskinstance.py:1206} INFO - Marking task as SUCCESS. dag_id=Binance_5m, task_id=get_5m_info, run_id=scheduled__2024-07-25T16:30:00+00:00, execution_date=20240725T163000, start_date=20240725T163502, end_date=20240725T163508
[2024-07-25T13:35:08.418-0300] {local_task_job_runner.py:243} INFO - Task exited with return code 0
[2024-07-25T13:35:08.424-0300] {taskinstance.py:3503} INFO - 0 downstream tasks scheduled from follow-on schedule check
[2024-07-25T13:35:08.424-0300] {local_task_job_runner.py:222} INFO - ::endgroup::
[2024-07-25T14:33:08.705-0300] {local_task_job_runner.py:120} INFO - ::group::Pre task execution logs
[2024-07-25T14:33:08.710-0300] {taskinstance.py:2076} INFO - Dependencies all met for dep_context=non-requeueable deps ti=<TaskInstance: Binance_5m.get_5m_info scheduled__2024-07-25T16:30:00+00:00 [queued]>
[2024-07-25T14:33:08.713-0300] {taskinstance.py:2076} INFO - Dependencies all met for dep_context=requeueable deps ti=<TaskInstance: Binance_5m.get_5m_info scheduled__2024-07-25T16:30:00+00:00 [queued]>
[2024-07-25T14:33:08.713-0300] {taskinstance.py:2306} INFO - Starting attempt 1 of 1
[2024-07-25T14:33:08.728-0300] {taskinstance.py:2330} INFO - Executing <Task(PythonOperator): get_5m_info> on 2024-07-25 16:30:00+00:00
[2024-07-25T14:33:08.730-0300] {standard_task_runner.py:64} INFO - Started process 2596006 to run task
[2024-07-25T14:33:08.732-0300] {standard_task_runner.py:90} INFO - Running: ['airflow', 'tasks', 'run', 'Binance_5m', 'get_5m_info', 'scheduled__2024-07-25T16:30:00+00:00', '--job-id', '2172', '--raw', '--subdir', 'DAGS_FOLDER/binance_dag.py', '--cfg-path', '/tmp/tmpd3y6zi2a']
[2024-07-25T14:33:08.733-0300] {standard_task_runner.py:91} INFO - Job 2172: Subtask get_5m_info
[2024-07-25T14:33:08.758-0300] {task_command.py:426} INFO - Running <TaskInstance: Binance_5m.get_5m_info scheduled__2024-07-25T16:30:00+00:00 [running]> on host Galaxybook.
[2024-07-25T14:33:08.814-0300] {taskinstance.py:2648} INFO - Exporting env vars: AIRFLOW_CTX_DAG_OWNER='airflow' AIRFLOW_CTX_DAG_ID='Binance_5m' AIRFLOW_CTX_TASK_ID='get_5m_info' AIRFLOW_CTX_EXECUTION_DATE='2024-07-25T16:30:00+00:00' AIRFLOW_CTX_TRY_NUMBER='1' AIRFLOW_CTX_DAG_RUN_ID='scheduled__2024-07-25T16:30:00+00:00'
[2024-07-25T14:33:08.814-0300] {taskinstance.py:430} INFO - ::endgroup::
[2024-07-25T14:33:08.822-0300] {binance_dag.py:23} INFO - End Time: 2024-07-25T16:35:00.00Z
[2024-07-25T14:33:08.885-0300] {base.py:84} INFO - Using connection ID 'binance_default' for task execution.
[2024-07-25T14:33:08.886-0300] {logging_mixin.py:188} INFO - https://api.binance.com
[2024-07-25T14:33:08.886-0300] {binance_hook.py:35} INFO - URL: https://api.binance.com/api/v3/klines?symbol=BTCBRL&interval=5m&startTime=1721935800000&endTime=1721936100000
[2024-07-25T14:33:09.280-0300] {binance_dag.py:42} INFO - r: []
[2024-07-25T14:33:09.281-0300] {python.py:237} INFO - Done. Returned value was: None
[2024-07-25T14:33:09.282-0300] {taskinstance.py:441} INFO - ::group::Post task execution logs
[2024-07-25T14:33:09.284-0300] {taskinstance.py:1206} INFO - Marking task as SUCCESS. dag_id=Binance_5m, task_id=get_5m_info, run_id=scheduled__2024-07-25T16:30:00+00:00, execution_date=20240725T163000, start_date=20240725T173308, end_date=20240725T173309
[2024-07-25T14:33:09.316-0300] {local_task_job_runner.py:243} INFO - Task exited with return code 0
[2024-07-25T14:33:09.323-0300] {taskinstance.py:3503} INFO - 0 downstream tasks scheduled from follow-on schedule check
[2024-07-25T14:33:09.323-0300] {local_task_job_runner.py:222} INFO - ::endgroup::
[2024-07-25T14:54:39.263-0300] {local_task_job_runner.py:120} INFO - ::group::Pre task execution logs
[2024-07-25T14:54:39.270-0300] {taskinstance.py:2076} INFO - Dependencies all met for dep_context=non-requeueable deps ti=<TaskInstance: Binance_5m.get_5m_info scheduled__2024-07-25T16:30:00+00:00 [queued]>
[2024-07-25T14:54:39.273-0300] {taskinstance.py:2076} INFO - Dependencies all met for dep_context=requeueable deps ti=<TaskInstance: Binance_5m.get_5m_info scheduled__2024-07-25T16:30:00+00:00 [queued]>
[2024-07-25T14:54:39.273-0300] {taskinstance.py:2306} INFO - Starting attempt 1 of 1
[2024-07-25T14:54:39.284-0300] {taskinstance.py:2330} INFO - Executing <Task(PythonOperator): get_5m_info> on 2024-07-25 16:30:00+00:00
[2024-07-25T14:54:39.286-0300] {standard_task_runner.py:64} INFO - Started process 2614081 to run task
[2024-07-25T14:54:39.288-0300] {standard_task_runner.py:90} INFO - Running: ['airflow', 'tasks', 'run', 'Binance_5m', 'get_5m_info', 'scheduled__2024-07-25T16:30:00+00:00', '--job-id', '2298', '--raw', '--subdir', 'DAGS_FOLDER/binance_dag.py', '--cfg-path', '/tmp/tmp4ku9h6ki']
[2024-07-25T14:54:39.289-0300] {standard_task_runner.py:91} INFO - Job 2298: Subtask get_5m_info
[2024-07-25T14:54:39.313-0300] {task_command.py:426} INFO - Running <TaskInstance: Binance_5m.get_5m_info scheduled__2024-07-25T16:30:00+00:00 [running]> on host Galaxybook.
[2024-07-25T14:54:39.364-0300] {taskinstance.py:2648} INFO - Exporting env vars: AIRFLOW_CTX_DAG_OWNER='airflow' AIRFLOW_CTX_DAG_ID='Binance_5m' AIRFLOW_CTX_TASK_ID='get_5m_info' AIRFLOW_CTX_EXECUTION_DATE='2024-07-25T16:30:00+00:00' AIRFLOW_CTX_TRY_NUMBER='1' AIRFLOW_CTX_DAG_RUN_ID='scheduled__2024-07-25T16:30:00+00:00'
[2024-07-25T14:54:39.364-0300] {taskinstance.py:430} INFO - ::endgroup::
[2024-07-25T14:54:39.371-0300] {binance_dag.py:23} INFO - End Time: 2024-07-25T16:35:00.00Z
[2024-07-25T14:54:39.371-0300] {binance_dag.py:24} INFO - Start Time: 2024-07-25T16:30:00.00Z
[2024-07-25T14:54:39.427-0300] {base.py:84} INFO - Using connection ID 'binance_default' for task execution.
[2024-07-25T14:54:39.427-0300] {logging_mixin.py:188} INFO - https://api.binance.com
[2024-07-25T14:54:39.428-0300] {binance_hook.py:35} INFO - URL: https://api.binance.com/api/v3/klines?symbol=BTCBRL&interval=5m&startTime=1721935800000&endTime=1721936099999
[2024-07-25T14:54:39.821-0300] {binance_dag.py:43} INFO - r: []
[2024-07-25T14:54:39.822-0300] {python.py:237} INFO - Done. Returned value was: None
[2024-07-25T14:54:39.822-0300] {taskinstance.py:441} INFO - ::group::Post task execution logs
[2024-07-25T14:54:39.824-0300] {taskinstance.py:1206} INFO - Marking task as SUCCESS. dag_id=Binance_5m, task_id=get_5m_info, run_id=scheduled__2024-07-25T16:30:00+00:00, execution_date=20240725T163000, start_date=20240725T175439, end_date=20240725T175439
[2024-07-25T14:54:39.867-0300] {local_task_job_runner.py:243} INFO - Task exited with return code 0
[2024-07-25T14:54:39.873-0300] {taskinstance.py:3503} INFO - 0 downstream tasks scheduled from follow-on schedule check
[2024-07-25T14:54:39.873-0300] {local_task_job_runner.py:222} INFO - ::endgroup::
[2024-07-25T15:24:15.867-0300] {local_task_job_runner.py:120} INFO - ::group::Pre task execution logs
[2024-07-25T15:24:15.872-0300] {taskinstance.py:2076} INFO - Dependencies all met for dep_context=non-requeueable deps ti=<TaskInstance: Binance_5m.get_5m_info scheduled__2024-07-25T16:30:00+00:00 [queued]>
[2024-07-25T15:24:15.875-0300] {taskinstance.py:2076} INFO - Dependencies all met for dep_context=requeueable deps ti=<TaskInstance: Binance_5m.get_5m_info scheduled__2024-07-25T16:30:00+00:00 [queued]>
[2024-07-25T15:24:15.875-0300] {taskinstance.py:2306} INFO - Starting attempt 1 of 1
[2024-07-25T15:24:15.890-0300] {taskinstance.py:2330} INFO - Executing <Task(PythonOperator): get_5m_info> on 2024-07-25 16:30:00+00:00
[2024-07-25T15:24:15.893-0300] {standard_task_runner.py:64} INFO - Started process 2635957 to run task
[2024-07-25T15:24:15.894-0300] {standard_task_runner.py:90} INFO - Running: ['airflow', 'tasks', 'run', 'Binance_5m', 'get_5m_info', 'scheduled__2024-07-25T16:30:00+00:00', '--job-id', '2733', '--raw', '--subdir', 'DAGS_FOLDER/binance_dag.py', '--cfg-path', '/tmp/tmp48rur0p1']
[2024-07-25T15:24:15.895-0300] {standard_task_runner.py:91} INFO - Job 2733: Subtask get_5m_info
[2024-07-25T15:24:15.922-0300] {task_command.py:426} INFO - Running <TaskInstance: Binance_5m.get_5m_info scheduled__2024-07-25T16:30:00+00:00 [running]> on host Galaxybook.
[2024-07-25T15:24:15.976-0300] {taskinstance.py:2648} INFO - Exporting env vars: AIRFLOW_CTX_DAG_OWNER='airflow' AIRFLOW_CTX_DAG_ID='Binance_5m' AIRFLOW_CTX_TASK_ID='get_5m_info' AIRFLOW_CTX_EXECUTION_DATE='2024-07-25T16:30:00+00:00' AIRFLOW_CTX_TRY_NUMBER='1' AIRFLOW_CTX_DAG_RUN_ID='scheduled__2024-07-25T16:30:00+00:00'
[2024-07-25T15:24:15.977-0300] {taskinstance.py:430} INFO - ::endgroup::
[2024-07-25T15:24:15.984-0300] {binance_dag.py:23} INFO - End Time: 2024-07-25T16:35:00.00Z
[2024-07-25T15:24:15.985-0300] {binance_dag.py:24} INFO - Start Time: 2024-07-25T16:30:00.00Z
[2024-07-25T15:24:16.047-0300] {binance_dag.py:25} INFO - 1721935800000
[2024-07-25T15:24:16.050-0300] {base.py:84} INFO - Using connection ID 'binance_default' for task execution.
[2024-07-25T15:24:16.050-0300] {logging_mixin.py:188} INFO - https://api.binance.com
[2024-07-25T15:24:16.050-0300] {binance_hook.py:35} INFO - URL: https://api.binance.com/api/v3/klines?symbol=BTCBRL&interval=5m&startTime=1721935800000&endTime=1721936099999
[2024-07-25T15:24:16.439-0300] {python.py:237} INFO - Done. Returned value was: None
[2024-07-25T15:24:16.440-0300] {taskinstance.py:441} INFO - ::group::Post task execution logs
[2024-07-25T15:24:16.443-0300] {taskinstance.py:1206} INFO - Marking task as SUCCESS. dag_id=Binance_5m, task_id=get_5m_info, run_id=scheduled__2024-07-25T16:30:00+00:00, execution_date=20240725T163000, start_date=20240725T182415, end_date=20240725T182416
[2024-07-25T15:24:16.477-0300] {local_task_job_runner.py:243} INFO - Task exited with return code 0
[2024-07-25T15:24:16.484-0300] {taskinstance.py:3503} INFO - 0 downstream tasks scheduled from follow-on schedule check
[2024-07-25T15:24:16.485-0300] {local_task_job_runner.py:222} INFO - ::endgroup::
[2024-07-25T16:23:05.540-0300] {local_task_job_runner.py:120} INFO - ::group::Pre task execution logs
[2024-07-25T16:23:05.550-0300] {taskinstance.py:2076} INFO - Dependencies all met for dep_context=non-requeueable deps ti=<TaskInstance: Binance_5m.get_5m_info scheduled__2024-07-25T16:30:00+00:00 [queued]>
[2024-07-25T16:23:05.555-0300] {taskinstance.py:2076} INFO - Dependencies all met for dep_context=requeueable deps ti=<TaskInstance: Binance_5m.get_5m_info scheduled__2024-07-25T16:30:00+00:00 [queued]>
[2024-07-25T16:23:05.555-0300] {taskinstance.py:2306} INFO - Starting attempt 1 of 1
[2024-07-25T16:23:05.573-0300] {taskinstance.py:2330} INFO - Executing <Task(PythonOperator): get_5m_info> on 2024-07-25 16:30:00+00:00
[2024-07-25T16:23:05.577-0300] {standard_task_runner.py:64} INFO - Started process 2666132 to run task
[2024-07-25T16:23:05.580-0300] {standard_task_runner.py:90} INFO - Running: ['airflow', 'tasks', 'run', 'Binance_5m', 'get_5m_info', 'scheduled__2024-07-25T16:30:00+00:00', '--job-id', '2367', '--raw', '--subdir', 'DAGS_FOLDER/binance_dag.py', '--cfg-path', '/tmp/tmpm5xt7g_d']
[2024-07-25T16:23:05.582-0300] {standard_task_runner.py:91} INFO - Job 2367: Subtask get_5m_info
[2024-07-25T16:23:05.622-0300] {task_command.py:426} INFO - Running <TaskInstance: Binance_5m.get_5m_info scheduled__2024-07-25T16:30:00+00:00 [running]> on host Galaxybook.
[2024-07-25T16:23:05.710-0300] {taskinstance.py:2648} INFO - Exporting env vars: AIRFLOW_CTX_DAG_OWNER='airflow' AIRFLOW_CTX_DAG_ID='Binance_5m' AIRFLOW_CTX_TASK_ID='get_5m_info' AIRFLOW_CTX_EXECUTION_DATE='2024-07-25T16:30:00+00:00' AIRFLOW_CTX_TRY_NUMBER='1' AIRFLOW_CTX_DAG_RUN_ID='scheduled__2024-07-25T16:30:00+00:00'
[2024-07-25T16:23:05.712-0300] {taskinstance.py:430} INFO - ::endgroup::
[2024-07-25T16:23:05.725-0300] {binance_dag.py:22} INFO - End Time: 2024-07-25 16:35:00+00:00
[2024-07-25T16:23:05.725-0300] {binance_dag.py:23} INFO - Start Time: 2024-07-25 16:30:00+00:00
[2024-07-25T16:23:05.725-0300] {binance_dag.py:24} INFO - Start timestamp: 1721925000000
[2024-07-25T16:23:05.725-0300] {binance_dag.py:25} INFO - End timestamp: 1721925300000
[2024-07-25T16:23:05.815-0300] {base.py:84} INFO - Using connection ID 'binance_default' for task execution.
[2024-07-25T16:23:05.815-0300] {logging_mixin.py:188} INFO - https://api.binance.com
[2024-07-25T16:23:05.816-0300] {binance_hook.py:35} INFO - URL: https://api.binance.com/api/v3/klines?symbol=BTCBRL&interval=5m&startTime=1721925000000&endTime=1721925299999&timeZone=-3
[2024-07-25T16:23:06.228-0300] {python.py:237} INFO - Done. Returned value was: None
[2024-07-25T16:23:06.228-0300] {taskinstance.py:441} INFO - ::group::Post task execution logs
[2024-07-25T16:23:06.231-0300] {taskinstance.py:1206} INFO - Marking task as SUCCESS. dag_id=Binance_5m, task_id=get_5m_info, run_id=scheduled__2024-07-25T16:30:00+00:00, execution_date=20240725T163000, start_date=20240725T192305, end_date=20240725T192306
[2024-07-25T16:23:06.285-0300] {local_task_job_runner.py:243} INFO - Task exited with return code 0
[2024-07-25T16:23:06.292-0300] {taskinstance.py:3503} INFO - 0 downstream tasks scheduled from follow-on schedule check
[2024-07-25T16:23:06.293-0300] {local_task_job_runner.py:222} INFO - ::endgroup::
