[2024-07-25T10:01:08.249-0300] {local_task_job_runner.py:120} INFO - ::group::Pre task execution logs
[2024-07-25T10:01:08.256-0300] {taskinstance.py:2076} INFO - Dependencies all met for dep_context=non-requeueable deps ti=<TaskInstance: Mercado_1m.get_1m_info scheduled__2024-07-25T12:11:00+00:00 [queued]>
[2024-07-25T10:01:08.263-0300] {taskinstance.py:2076} INFO - Dependencies all met for dep_context=requeueable deps ti=<TaskInstance: Mercado_1m.get_1m_info scheduled__2024-07-25T12:11:00+00:00 [queued]>
[2024-07-25T10:01:08.263-0300] {taskinstance.py:2306} INFO - Starting attempt 1 of 1
[2024-07-25T10:01:08.281-0300] {taskinstance.py:2330} INFO - Executing <Task(PythonOperator): get_1m_info> on 2024-07-25 12:11:00+00:00
[2024-07-25T10:01:08.283-0300] {standard_task_runner.py:64} INFO - Started process 2446231 to run task
[2024-07-25T10:01:08.286-0300] {standard_task_runner.py:90} INFO - Running: ['airflow', 'tasks', 'run', 'Mercado_1m', 'get_1m_info', 'scheduled__2024-07-25T12:11:00+00:00', '--job-id', '1971', '--raw', '--subdir', 'DAGS_FOLDER/mercado_dag.py', '--cfg-path', '/tmp/tmpntu1bimf']
[2024-07-25T10:01:08.288-0300] {standard_task_runner.py:91} INFO - Job 1971: Subtask get_1m_info
[2024-07-25T10:01:08.319-0300] {task_command.py:426} INFO - Running <TaskInstance: Mercado_1m.get_1m_info scheduled__2024-07-25T12:11:00+00:00 [running]> on host Galaxybook.
[2024-07-25T10:01:08.384-0300] {taskinstance.py:2648} INFO - Exporting env vars: AIRFLOW_CTX_DAG_OWNER='airflow' AIRFLOW_CTX_DAG_ID='Mercado_1m' AIRFLOW_CTX_TASK_ID='get_1m_info' AIRFLOW_CTX_EXECUTION_DATE='2024-07-25T12:11:00+00:00' AIRFLOW_CTX_TRY_NUMBER='1' AIRFLOW_CTX_DAG_RUN_ID='scheduled__2024-07-25T12:11:00+00:00'
[2024-07-25T10:01:08.385-0300] {taskinstance.py:430} INFO - ::endgroup::
[2024-07-25T10:01:08.478-0300] {base.py:84} INFO - Using connection ID 'mercado_default' for task execution.
[2024-07-25T10:01:08.478-0300] {mercado_hook.py:26} INFO - BASE URL: https://api.mercadobitcoin.net/api/v4
[2024-07-25T10:01:08.479-0300] {mercado_hook.py:32} INFO - URL: https://api.mercadobitcoin.net/api/v4/candles?symbol=BTC-BRL&resolution=1m&to=1721912408395&from=1721912468395
[2024-07-25T10:01:08.800-0300] {python.py:237} INFO - Done. Returned value was: None
[2024-07-25T10:01:08.800-0300] {taskinstance.py:441} INFO - ::group::Post task execution logs
[2024-07-25T10:01:08.803-0300] {taskinstance.py:1206} INFO - Marking task as SUCCESS. dag_id=Mercado_1m, task_id=get_1m_info, run_id=scheduled__2024-07-25T12:11:00+00:00, execution_date=20240725T121100, start_date=20240725T130108, end_date=20240725T130108
[2024-07-25T10:01:08.827-0300] {local_task_job_runner.py:243} INFO - Task exited with return code 0
[2024-07-25T10:01:08.835-0300] {taskinstance.py:3503} INFO - 0 downstream tasks scheduled from follow-on schedule check
[2024-07-25T10:01:08.835-0300] {local_task_job_runner.py:222} INFO - ::endgroup::
