[2024-07-25T14:50:23.709-0300] {local_task_job_runner.py:120} INFO - ::group::Pre task execution logs
[2024-07-25T14:50:23.714-0300] {taskinstance.py:2076} INFO - Dependencies all met for dep_context=non-requeueable deps ti=<TaskInstance: Binance_5m.get_5m_info scheduled__2024-07-25T07:55:00+00:00 [queued]>
[2024-07-25T14:50:23.717-0300] {taskinstance.py:2076} INFO - Dependencies all met for dep_context=requeueable deps ti=<TaskInstance: Binance_5m.get_5m_info scheduled__2024-07-25T07:55:00+00:00 [queued]>
[2024-07-25T14:50:23.718-0300] {taskinstance.py:2306} INFO - Starting attempt 1 of 1
[2024-07-25T14:50:23.731-0300] {taskinstance.py:2330} INFO - Executing <Task(PythonOperator): get_5m_info> on 2024-07-25 07:55:00+00:00
[2024-07-25T14:50:23.733-0300] {standard_task_runner.py:64} INFO - Started process 2609787 to run task
[2024-07-25T14:50:23.736-0300] {standard_task_runner.py:90} INFO - Running: ['airflow', 'tasks', 'run', 'Binance_5m', 'get_5m_info', 'scheduled__2024-07-25T07:55:00+00:00', '--job-id', '2187', '--raw', '--subdir', 'DAGS_FOLDER/binance_dag.py', '--cfg-path', '/tmp/tmpzto9fllg']
[2024-07-25T14:50:23.737-0300] {standard_task_runner.py:91} INFO - Job 2187: Subtask get_5m_info
[2024-07-25T14:50:23.762-0300] {task_command.py:426} INFO - Running <TaskInstance: Binance_5m.get_5m_info scheduled__2024-07-25T07:55:00+00:00 [running]> on host Galaxybook.
[2024-07-25T14:50:23.814-0300] {taskinstance.py:2648} INFO - Exporting env vars: AIRFLOW_CTX_DAG_OWNER='airflow' AIRFLOW_CTX_DAG_ID='Binance_5m' AIRFLOW_CTX_TASK_ID='get_5m_info' AIRFLOW_CTX_EXECUTION_DATE='2024-07-25T07:55:00+00:00' AIRFLOW_CTX_TRY_NUMBER='1' AIRFLOW_CTX_DAG_RUN_ID='scheduled__2024-07-25T07:55:00+00:00'
[2024-07-25T14:50:23.814-0300] {taskinstance.py:430} INFO - ::endgroup::
[2024-07-25T14:50:23.821-0300] {binance_dag.py:23} INFO - End Time: 2024-07-25T08:00:00.00Z
[2024-07-25T14:50:23.821-0300] {binance_dag.py:24} INFO - Start Time: 2024-07-25T07:55:00.00Z
[2024-07-25T14:50:23.878-0300] {base.py:84} INFO - Using connection ID 'binance_default' for task execution.
[2024-07-25T14:50:23.878-0300] {logging_mixin.py:188} INFO - https://api.binance.com
[2024-07-25T14:50:23.879-0300] {binance_hook.py:35} INFO - URL: https://api.binance.com/api/v3/klines?symbol=BTCBRL&interval=5m&startTime=1721904900000&endTime=1721905199999
[2024-07-25T14:50:24.263-0300] {binance_dag.py:43} INFO - r: [[1721904900000, '365954.00000000', '366195.00000000', '365943.00000000', '365970.00000000', '0.13947000', 1721905199999, '51046.43077000', 63, '0.03770000', '13800.63618000', '0']]
[2024-07-25T14:50:24.264-0300] {python.py:237} INFO - Done. Returned value was: None
[2024-07-25T14:50:24.265-0300] {taskinstance.py:441} INFO - ::group::Post task execution logs
[2024-07-25T14:50:24.267-0300] {taskinstance.py:1206} INFO - Marking task as SUCCESS. dag_id=Binance_5m, task_id=get_5m_info, run_id=scheduled__2024-07-25T07:55:00+00:00, execution_date=20240725T075500, start_date=20240725T175023, end_date=20240725T175024
[2024-07-25T14:50:24.321-0300] {local_task_job_runner.py:243} INFO - Task exited with return code 0
[2024-07-25T14:50:24.331-0300] {taskinstance.py:3503} INFO - 0 downstream tasks scheduled from follow-on schedule check
[2024-07-25T14:50:24.331-0300] {local_task_job_runner.py:222} INFO - ::endgroup::
[2024-07-25T15:20:27.969-0300] {local_task_job_runner.py:120} INFO - ::group::Pre task execution logs
[2024-07-25T15:20:27.974-0300] {taskinstance.py:2076} INFO - Dependencies all met for dep_context=non-requeueable deps ti=<TaskInstance: Binance_5m.get_5m_info scheduled__2024-07-25T07:55:00+00:00 [queued]>
[2024-07-25T15:20:27.977-0300] {taskinstance.py:2076} INFO - Dependencies all met for dep_context=requeueable deps ti=<TaskInstance: Binance_5m.get_5m_info scheduled__2024-07-25T07:55:00+00:00 [queued]>
[2024-07-25T15:20:27.978-0300] {taskinstance.py:2306} INFO - Starting attempt 1 of 1
[2024-07-25T15:20:27.991-0300] {taskinstance.py:2330} INFO - Executing <Task(PythonOperator): get_5m_info> on 2024-07-25 07:55:00+00:00
[2024-07-25T15:20:27.992-0300] {standard_task_runner.py:64} INFO - Started process 2632204 to run task
[2024-07-25T15:20:27.994-0300] {standard_task_runner.py:90} INFO - Running: ['airflow', 'tasks', 'run', 'Binance_5m', 'get_5m_info', 'scheduled__2024-07-25T07:55:00+00:00', '--job-id', '2630', '--raw', '--subdir', 'DAGS_FOLDER/binance_dag.py', '--cfg-path', '/tmp/tmp0wskg5_j']
[2024-07-25T15:20:27.995-0300] {standard_task_runner.py:91} INFO - Job 2630: Subtask get_5m_info
[2024-07-25T15:20:28.020-0300] {task_command.py:426} INFO - Running <TaskInstance: Binance_5m.get_5m_info scheduled__2024-07-25T07:55:00+00:00 [running]> on host Galaxybook.
[2024-07-25T15:20:28.072-0300] {taskinstance.py:2648} INFO - Exporting env vars: AIRFLOW_CTX_DAG_OWNER='airflow' AIRFLOW_CTX_DAG_ID='Binance_5m' AIRFLOW_CTX_TASK_ID='get_5m_info' AIRFLOW_CTX_EXECUTION_DATE='2024-07-25T07:55:00+00:00' AIRFLOW_CTX_TRY_NUMBER='1' AIRFLOW_CTX_DAG_RUN_ID='scheduled__2024-07-25T07:55:00+00:00'
[2024-07-25T15:20:28.072-0300] {taskinstance.py:430} INFO - ::endgroup::
[2024-07-25T15:20:28.080-0300] {binance_dag.py:23} INFO - End Time: 2024-07-25T08:00:00.00Z
[2024-07-25T15:20:28.080-0300] {binance_dag.py:24} INFO - Start Time: 2024-07-25T07:55:00.00Z
[2024-07-25T15:20:28.140-0300] {binance_dag.py:25} INFO - 1721904900000
[2024-07-25T15:20:28.143-0300] {base.py:84} INFO - Using connection ID 'binance_default' for task execution.
[2024-07-25T15:20:28.143-0300] {logging_mixin.py:188} INFO - https://api.binance.com
[2024-07-25T15:20:28.143-0300] {binance_hook.py:35} INFO - URL: https://api.binance.com/api/v3/klines?symbol=BTCBRL&interval=5m&startTime=1721904900000&endTime=1721905199999
[2024-07-25T15:20:28.538-0300] {python.py:237} INFO - Done. Returned value was: None
[2024-07-25T15:20:28.539-0300] {taskinstance.py:441} INFO - ::group::Post task execution logs
[2024-07-25T15:20:28.542-0300] {taskinstance.py:1206} INFO - Marking task as SUCCESS. dag_id=Binance_5m, task_id=get_5m_info, run_id=scheduled__2024-07-25T07:55:00+00:00, execution_date=20240725T075500, start_date=20240725T182027, end_date=20240725T182028
[2024-07-25T15:20:28.575-0300] {local_task_job_runner.py:243} INFO - Task exited with return code 0
[2024-07-25T15:20:28.581-0300] {taskinstance.py:3503} INFO - 0 downstream tasks scheduled from follow-on schedule check
[2024-07-25T15:20:28.581-0300] {local_task_job_runner.py:222} INFO - ::endgroup::
[2024-07-25T16:17:03.257-0300] {local_task_job_runner.py:120} INFO - ::group::Pre task execution logs
[2024-07-25T16:17:03.264-0300] {taskinstance.py:2076} INFO - Dependencies all met for dep_context=non-requeueable deps ti=<TaskInstance: Binance_5m.get_5m_info scheduled__2024-07-25T07:55:00+00:00 [queued]>
[2024-07-25T16:17:03.267-0300] {taskinstance.py:2076} INFO - Dependencies all met for dep_context=requeueable deps ti=<TaskInstance: Binance_5m.get_5m_info scheduled__2024-07-25T07:55:00+00:00 [queued]>
[2024-07-25T16:17:03.267-0300] {taskinstance.py:2306} INFO - Starting attempt 1 of 1
[2024-07-25T16:17:03.281-0300] {taskinstance.py:2330} INFO - Executing <Task(PythonOperator): get_5m_info> on 2024-07-25 07:55:00+00:00
[2024-07-25T16:17:03.283-0300] {standard_task_runner.py:64} INFO - Started process 2660013 to run task
[2024-07-25T16:17:03.286-0300] {standard_task_runner.py:90} INFO - Running: ['airflow', 'tasks', 'run', 'Binance_5m', 'get_5m_info', 'scheduled__2024-07-25T07:55:00+00:00', '--job-id', '2190', '--raw', '--subdir', 'DAGS_FOLDER/binance_dag.py', '--cfg-path', '/tmp/tmpdg_royy3']
[2024-07-25T16:17:03.287-0300] {standard_task_runner.py:91} INFO - Job 2190: Subtask get_5m_info
[2024-07-25T16:17:03.312-0300] {task_command.py:426} INFO - Running <TaskInstance: Binance_5m.get_5m_info scheduled__2024-07-25T07:55:00+00:00 [running]> on host Galaxybook.
[2024-07-25T16:17:03.364-0300] {taskinstance.py:2648} INFO - Exporting env vars: AIRFLOW_CTX_DAG_OWNER='airflow' AIRFLOW_CTX_DAG_ID='Binance_5m' AIRFLOW_CTX_TASK_ID='get_5m_info' AIRFLOW_CTX_EXECUTION_DATE='2024-07-25T07:55:00+00:00' AIRFLOW_CTX_TRY_NUMBER='1' AIRFLOW_CTX_DAG_RUN_ID='scheduled__2024-07-25T07:55:00+00:00'
[2024-07-25T16:17:03.364-0300] {taskinstance.py:430} INFO - ::endgroup::
[2024-07-25T16:17:03.373-0300] {binance_dag.py:22} INFO - End Time: 2024-07-25 08:00:00+00:00
[2024-07-25T16:17:03.373-0300] {binance_dag.py:23} INFO - Start Time: 2024-07-25 07:55:00+00:00
[2024-07-25T16:17:03.373-0300] {binance_dag.py:24} INFO - Start timestamp: 1721894100000
[2024-07-25T16:17:03.373-0300] {binance_dag.py:25} INFO - End timestamp: 1721894400000
[2024-07-25T16:17:03.432-0300] {base.py:84} INFO - Using connection ID 'binance_default' for task execution.
[2024-07-25T16:17:03.432-0300] {logging_mixin.py:188} INFO - https://api.binance.com
[2024-07-25T16:17:03.432-0300] {binance_hook.py:35} INFO - URL: https://api.binance.com/api/v3/klines?symbol=BTCBRL&interval=5m&startTime=1721894100000&endTime=1721894399999&timeZone=-3
[2024-07-25T16:17:03.830-0300] {python.py:237} INFO - Done. Returned value was: None
[2024-07-25T16:17:03.831-0300] {taskinstance.py:441} INFO - ::group::Post task execution logs
[2024-07-25T16:17:03.834-0300] {taskinstance.py:1206} INFO - Marking task as SUCCESS. dag_id=Binance_5m, task_id=get_5m_info, run_id=scheduled__2024-07-25T07:55:00+00:00, execution_date=20240725T075500, start_date=20240725T191703, end_date=20240725T191703
[2024-07-25T16:17:03.868-0300] {local_task_job_runner.py:243} INFO - Task exited with return code 0
[2024-07-25T16:17:03.877-0300] {taskinstance.py:3503} INFO - 0 downstream tasks scheduled from follow-on schedule check
[2024-07-25T16:17:03.877-0300] {local_task_job_runner.py:222} INFO - ::endgroup::
