[2024-07-25T14:55:09.072-0300] {local_task_job_runner.py:120} INFO - ::group::Pre task execution logs
[2024-07-25T14:55:09.077-0300] {taskinstance.py:2076} INFO - Dependencies all met for dep_context=non-requeueable deps ti=<TaskInstance: Mercado_5m.get_5m_info scheduled__2024-07-25T01:00:00+00:00 [queued]>
[2024-07-25T14:55:09.080-0300] {taskinstance.py:2076} INFO - Dependencies all met for dep_context=requeueable deps ti=<TaskInstance: Mercado_5m.get_5m_info scheduled__2024-07-25T01:00:00+00:00 [queued]>
[2024-07-25T14:55:09.080-0300] {taskinstance.py:2306} INFO - Starting attempt 1 of 1
[2024-07-25T14:55:09.093-0300] {taskinstance.py:2330} INFO - Executing <Task(PythonOperator): get_5m_info> on 2024-07-25 01:00:00+00:00
[2024-07-25T14:55:09.095-0300] {standard_task_runner.py:64} INFO - Started process 2614587 to run task
[2024-07-25T14:55:09.097-0300] {standard_task_runner.py:90} INFO - Running: ['airflow', 'tasks', 'run', 'Mercado_5m', 'get_5m_info', 'scheduled__2024-07-25T01:00:00+00:00', '--job-id', '2315', '--raw', '--subdir', 'DAGS_FOLDER/mercado_dag.py', '--cfg-path', '/tmp/tmpxmlj6q83']
[2024-07-25T14:55:09.098-0300] {standard_task_runner.py:91} INFO - Job 2315: Subtask get_5m_info
[2024-07-25T14:55:09.125-0300] {task_command.py:426} INFO - Running <TaskInstance: Mercado_5m.get_5m_info scheduled__2024-07-25T01:00:00+00:00 [running]> on host Galaxybook.
[2024-07-25T14:55:09.169-0300] {taskinstance.py:2648} INFO - Exporting env vars: AIRFLOW_CTX_DAG_OWNER='airflow' AIRFLOW_CTX_DAG_ID='Mercado_5m' AIRFLOW_CTX_TASK_ID='get_5m_info' AIRFLOW_CTX_EXECUTION_DATE='2024-07-25T01:00:00+00:00' AIRFLOW_CTX_TRY_NUMBER='1' AIRFLOW_CTX_DAG_RUN_ID='scheduled__2024-07-25T01:00:00+00:00'
[2024-07-25T14:55:09.170-0300] {taskinstance.py:430} INFO - ::endgroup::
[2024-07-25T14:55:09.243-0300] {base.py:84} INFO - Using connection ID 'mercado_default' for task execution.
[2024-07-25T14:55:09.243-0300] {mercado_hook.py:31} INFO - URL: https://api.mercadobitcoin.net/api/v4/candles?symbol=BTC-BRL&resolution=5m&to=1721880300&from=1721880000
[2024-07-25T14:55:09.509-0300] {python.py:237} INFO - Done. Returned value was: None
[2024-07-25T14:55:09.509-0300] {taskinstance.py:441} INFO - ::group::Post task execution logs
[2024-07-25T14:55:09.512-0300] {taskinstance.py:1206} INFO - Marking task as SUCCESS. dag_id=Mercado_5m, task_id=get_5m_info, run_id=scheduled__2024-07-25T01:00:00+00:00, execution_date=20240725T010000, start_date=20240725T175509, end_date=20240725T175509
[2024-07-25T14:55:09.553-0300] {local_task_job_runner.py:243} INFO - Task exited with return code 0
[2024-07-25T14:55:09.559-0300] {taskinstance.py:3503} INFO - 0 downstream tasks scheduled from follow-on schedule check
[2024-07-25T14:55:09.559-0300] {local_task_job_runner.py:222} INFO - ::endgroup::
[2024-07-25T16:18:39.311-0300] {local_task_job_runner.py:120} INFO - ::group::Pre task execution logs
[2024-07-25T16:18:39.317-0300] {taskinstance.py:2076} INFO - Dependencies all met for dep_context=non-requeueable deps ti=<TaskInstance: Mercado_5m.get_5m_info scheduled__2024-07-25T01:00:00+00:00 [queued]>
[2024-07-25T16:18:39.321-0300] {taskinstance.py:2076} INFO - Dependencies all met for dep_context=requeueable deps ti=<TaskInstance: Mercado_5m.get_5m_info scheduled__2024-07-25T01:00:00+00:00 [queued]>
[2024-07-25T16:18:39.321-0300] {taskinstance.py:2306} INFO - Starting attempt 1 of 1
[2024-07-25T16:18:39.336-0300] {taskinstance.py:2330} INFO - Executing <Task(PythonOperator): get_5m_info> on 2024-07-25 01:00:00+00:00
[2024-07-25T16:18:39.338-0300] {standard_task_runner.py:64} INFO - Started process 2661625 to run task
[2024-07-25T16:18:39.340-0300] {standard_task_runner.py:90} INFO - Running: ['airflow', 'tasks', 'run', 'Mercado_5m', 'get_5m_info', 'scheduled__2024-07-25T01:00:00+00:00', '--job-id', '2234', '--raw', '--subdir', 'DAGS_FOLDER/mercado_dag.py', '--cfg-path', '/tmp/tmpg1af3abw']
[2024-07-25T16:18:39.341-0300] {standard_task_runner.py:91} INFO - Job 2234: Subtask get_5m_info
[2024-07-25T16:18:39.370-0300] {task_command.py:426} INFO - Running <TaskInstance: Mercado_5m.get_5m_info scheduled__2024-07-25T01:00:00+00:00 [running]> on host Galaxybook.
[2024-07-25T16:18:39.417-0300] {taskinstance.py:2648} INFO - Exporting env vars: AIRFLOW_CTX_DAG_OWNER='airflow' AIRFLOW_CTX_DAG_ID='Mercado_5m' AIRFLOW_CTX_TASK_ID='get_5m_info' AIRFLOW_CTX_EXECUTION_DATE='2024-07-25T01:00:00+00:00' AIRFLOW_CTX_TRY_NUMBER='1' AIRFLOW_CTX_DAG_RUN_ID='scheduled__2024-07-25T01:00:00+00:00'
[2024-07-25T16:18:39.417-0300] {taskinstance.py:430} INFO - ::endgroup::
[2024-07-25T16:18:39.425-0300] {mercado_dag.py:22} INFO - To: 2024-07-25 01:05:00+00:00
[2024-07-25T16:18:39.425-0300] {mercado_dag.py:23} INFO - From: 2024-07-25 01:00:00+00:00
[2024-07-25T16:18:39.425-0300] {mercado_dag.py:24} INFO - 
[2024-07-25T16:18:39.490-0300] {base.py:84} INFO - Using connection ID 'mercado_default' for task execution.
[2024-07-25T16:18:39.491-0300] {mercado_hook.py:31} INFO - URL: https://api.mercadobitcoin.net/api/v4/candles?symbol=BTC-BRL&resolution=5m&to=1721869500&from=1721869200
[2024-07-25T16:18:39.885-0300] {python.py:237} INFO - Done. Returned value was: None
[2024-07-25T16:18:39.885-0300] {taskinstance.py:441} INFO - ::group::Post task execution logs
[2024-07-25T16:18:39.888-0300] {taskinstance.py:1206} INFO - Marking task as SUCCESS. dag_id=Mercado_5m, task_id=get_5m_info, run_id=scheduled__2024-07-25T01:00:00+00:00, execution_date=20240725T010000, start_date=20240725T191839, end_date=20240725T191839
[2024-07-25T16:18:39.921-0300] {local_task_job_runner.py:243} INFO - Task exited with return code 0
[2024-07-25T16:18:39.928-0300] {taskinstance.py:3503} INFO - 0 downstream tasks scheduled from follow-on schedule check
[2024-07-25T16:18:39.929-0300] {local_task_job_runner.py:222} INFO - ::endgroup::
[2024-07-25T16:22:49.274-0300] {local_task_job_runner.py:120} INFO - ::group::Pre task execution logs
[2024-07-25T16:22:49.280-0300] {taskinstance.py:2076} INFO - Dependencies all met for dep_context=non-requeueable deps ti=<TaskInstance: Mercado_5m.get_5m_info scheduled__2024-07-25T01:00:00+00:00 [queued]>
[2024-07-25T16:22:49.283-0300] {taskinstance.py:2076} INFO - Dependencies all met for dep_context=requeueable deps ti=<TaskInstance: Mercado_5m.get_5m_info scheduled__2024-07-25T01:00:00+00:00 [queued]>
[2024-07-25T16:22:49.284-0300] {taskinstance.py:2306} INFO - Starting attempt 1 of 1
[2024-07-25T16:22:49.298-0300] {taskinstance.py:2330} INFO - Executing <Task(PythonOperator): get_5m_info> on 2024-07-25 01:00:00+00:00
[2024-07-25T16:22:49.301-0300] {standard_task_runner.py:64} INFO - Started process 2665844 to run task
[2024-07-25T16:22:49.302-0300] {standard_task_runner.py:90} INFO - Running: ['airflow', 'tasks', 'run', 'Mercado_5m', 'get_5m_info', 'scheduled__2024-07-25T01:00:00+00:00', '--job-id', '2358', '--raw', '--subdir', 'DAGS_FOLDER/mercado_dag.py', '--cfg-path', '/tmp/tmp922yog9t']
[2024-07-25T16:22:49.303-0300] {standard_task_runner.py:91} INFO - Job 2358: Subtask get_5m_info
[2024-07-25T16:22:49.330-0300] {task_command.py:426} INFO - Running <TaskInstance: Mercado_5m.get_5m_info scheduled__2024-07-25T01:00:00+00:00 [running]> on host Galaxybook.
[2024-07-25T16:22:49.379-0300] {taskinstance.py:2648} INFO - Exporting env vars: AIRFLOW_CTX_DAG_OWNER='airflow' AIRFLOW_CTX_DAG_ID='Mercado_5m' AIRFLOW_CTX_TASK_ID='get_5m_info' AIRFLOW_CTX_EXECUTION_DATE='2024-07-25T01:00:00+00:00' AIRFLOW_CTX_TRY_NUMBER='1' AIRFLOW_CTX_DAG_RUN_ID='scheduled__2024-07-25T01:00:00+00:00'
[2024-07-25T16:22:49.379-0300] {taskinstance.py:430} INFO - ::endgroup::
[2024-07-25T16:22:49.387-0300] {mercado_dag.py:22} INFO - To: 2024-07-25 01:05:00+00:00
[2024-07-25T16:22:49.388-0300] {mercado_dag.py:23} INFO - From: 2024-07-25 01:00:00+00:00
[2024-07-25T16:22:49.388-0300] {mercado_dag.py:24} INFO - To timestamp: 1721869500 
[2024-07-25T16:22:49.388-0300] {mercado_dag.py:25} INFO - From timestamp: 1721869200 
[2024-07-25T16:22:49.450-0300] {base.py:84} INFO - Using connection ID 'mercado_default' for task execution.
[2024-07-25T16:22:49.451-0300] {mercado_hook.py:31} INFO - URL: https://api.mercadobitcoin.net/api/v4/candles?symbol=BTC-BRL&resolution=5m&to=1721869500&from=1721869200
[2024-07-25T16:22:49.790-0300] {python.py:237} INFO - Done. Returned value was: None
[2024-07-25T16:22:49.790-0300] {taskinstance.py:441} INFO - ::group::Post task execution logs
[2024-07-25T16:22:49.793-0300] {taskinstance.py:1206} INFO - Marking task as SUCCESS. dag_id=Mercado_5m, task_id=get_5m_info, run_id=scheduled__2024-07-25T01:00:00+00:00, execution_date=20240725T010000, start_date=20240725T192249, end_date=20240725T192249
[2024-07-25T16:22:49.845-0300] {local_task_job_runner.py:243} INFO - Task exited with return code 0
[2024-07-25T16:22:49.853-0300] {taskinstance.py:3503} INFO - 0 downstream tasks scheduled from follow-on schedule check
[2024-07-25T16:22:49.853-0300] {local_task_job_runner.py:222} INFO - ::endgroup::
[2024-07-25T16:25:31.131-0300] {local_task_job_runner.py:120} INFO - ::group::Pre task execution logs
[2024-07-25T16:25:31.139-0300] {taskinstance.py:2076} INFO - Dependencies all met for dep_context=non-requeueable deps ti=<TaskInstance: Mercado_5m.get_5m_info scheduled__2024-07-25T01:00:00+00:00 [queued]>
[2024-07-25T16:25:31.143-0300] {taskinstance.py:2076} INFO - Dependencies all met for dep_context=requeueable deps ti=<TaskInstance: Mercado_5m.get_5m_info scheduled__2024-07-25T01:00:00+00:00 [queued]>
[2024-07-25T16:25:31.144-0300] {taskinstance.py:2306} INFO - Starting attempt 1 of 1
[2024-07-25T16:25:31.161-0300] {taskinstance.py:2330} INFO - Executing <Task(PythonOperator): get_5m_info> on 2024-07-25 01:00:00+00:00
[2024-07-25T16:25:31.163-0300] {standard_task_runner.py:64} INFO - Started process 2668550 to run task
[2024-07-25T16:25:31.166-0300] {standard_task_runner.py:90} INFO - Running: ['airflow', 'tasks', 'run', 'Mercado_5m', 'get_5m_info', 'scheduled__2024-07-25T01:00:00+00:00', '--job-id', '2432', '--raw', '--subdir', 'DAGS_FOLDER/mercado_dag.py', '--cfg-path', '/tmp/tmp26f3y6pa']
[2024-07-25T16:25:31.167-0300] {standard_task_runner.py:91} INFO - Job 2432: Subtask get_5m_info
[2024-07-25T16:25:31.193-0300] {task_command.py:426} INFO - Running <TaskInstance: Mercado_5m.get_5m_info scheduled__2024-07-25T01:00:00+00:00 [running]> on host Galaxybook.
[2024-07-25T16:25:31.240-0300] {taskinstance.py:2648} INFO - Exporting env vars: AIRFLOW_CTX_DAG_OWNER='airflow' AIRFLOW_CTX_DAG_ID='Mercado_5m' AIRFLOW_CTX_TASK_ID='get_5m_info' AIRFLOW_CTX_EXECUTION_DATE='2024-07-25T01:00:00+00:00' AIRFLOW_CTX_TRY_NUMBER='1' AIRFLOW_CTX_DAG_RUN_ID='scheduled__2024-07-25T01:00:00+00:00'
[2024-07-25T16:25:31.240-0300] {taskinstance.py:430} INFO - ::endgroup::
[2024-07-25T16:25:31.248-0300] {mercado_dag.py:22} INFO - To: 2024-07-25 01:05:00+00:00
[2024-07-25T16:25:31.248-0300] {mercado_dag.py:23} INFO - From: 2024-07-25 01:00:00+00:00
[2024-07-25T16:25:31.248-0300] {mercado_dag.py:24} INFO - To timestamp: 1721869500000 
[2024-07-25T16:25:31.248-0300] {mercado_dag.py:25} INFO - From timestamp: 1721869200000 
[2024-07-25T16:25:31.307-0300] {base.py:84} INFO - Using connection ID 'mercado_default' for task execution.
[2024-07-25T16:25:31.307-0300] {mercado_hook.py:31} INFO - URL: https://api.mercadobitcoin.net/api/v4/candles?symbol=BTC-BRL&resolution=5m&to=1721869500000&from=1721869200000
[2024-07-25T16:25:31.607-0300] {python.py:237} INFO - Done. Returned value was: None
[2024-07-25T16:25:31.608-0300] {taskinstance.py:441} INFO - ::group::Post task execution logs
[2024-07-25T16:25:31.610-0300] {taskinstance.py:1206} INFO - Marking task as SUCCESS. dag_id=Mercado_5m, task_id=get_5m_info, run_id=scheduled__2024-07-25T01:00:00+00:00, execution_date=20240725T010000, start_date=20240725T192531, end_date=20240725T192531
[2024-07-25T16:25:31.624-0300] {local_task_job_runner.py:243} INFO - Task exited with return code 0
[2024-07-25T16:25:31.630-0300] {taskinstance.py:3503} INFO - 0 downstream tasks scheduled from follow-on schedule check
[2024-07-25T16:25:31.630-0300] {local_task_job_runner.py:222} INFO - ::endgroup::
