[2024-07-25T14:50:07.882-0300] {local_task_job_runner.py:120} INFO - ::group::Pre task execution logs
[2024-07-25T14:50:07.887-0300] {taskinstance.py:2076} INFO - Dependencies all met for dep_context=non-requeueable deps ti=<TaskInstance: Binance_5m.get_5m_info scheduled__2024-07-25T07:15:00+00:00 [queued]>
[2024-07-25T14:50:07.890-0300] {taskinstance.py:2076} INFO - Dependencies all met for dep_context=requeueable deps ti=<TaskInstance: Binance_5m.get_5m_info scheduled__2024-07-25T07:15:00+00:00 [queued]>
[2024-07-25T14:50:07.890-0300] {taskinstance.py:2306} INFO - Starting attempt 1 of 1
[2024-07-25T14:50:07.904-0300] {taskinstance.py:2330} INFO - Executing <Task(PythonOperator): get_5m_info> on 2024-07-25 07:15:00+00:00
[2024-07-25T14:50:07.905-0300] {standard_task_runner.py:64} INFO - Started process 2609536 to run task
[2024-07-25T14:50:07.907-0300] {standard_task_runner.py:90} INFO - Running: ['airflow', 'tasks', 'run', 'Binance_5m', 'get_5m_info', 'scheduled__2024-07-25T07:15:00+00:00', '--job-id', '2179', '--raw', '--subdir', 'DAGS_FOLDER/binance_dag.py', '--cfg-path', '/tmp/tmppud5jtdk']
[2024-07-25T14:50:07.908-0300] {standard_task_runner.py:91} INFO - Job 2179: Subtask get_5m_info
[2024-07-25T14:50:07.935-0300] {task_command.py:426} INFO - Running <TaskInstance: Binance_5m.get_5m_info scheduled__2024-07-25T07:15:00+00:00 [running]> on host Galaxybook.
[2024-07-25T14:50:07.991-0300] {taskinstance.py:2648} INFO - Exporting env vars: AIRFLOW_CTX_DAG_OWNER='airflow' AIRFLOW_CTX_DAG_ID='Binance_5m' AIRFLOW_CTX_TASK_ID='get_5m_info' AIRFLOW_CTX_EXECUTION_DATE='2024-07-25T07:15:00+00:00' AIRFLOW_CTX_TRY_NUMBER='1' AIRFLOW_CTX_DAG_RUN_ID='scheduled__2024-07-25T07:15:00+00:00'
[2024-07-25T14:50:07.992-0300] {taskinstance.py:430} INFO - ::endgroup::
[2024-07-25T14:50:08.000-0300] {binance_dag.py:23} INFO - End Time: 2024-07-25T07:20:00.00Z
[2024-07-25T14:50:08.000-0300] {binance_dag.py:24} INFO - Start Time: 2024-07-25T07:15:00.00Z
[2024-07-25T14:50:08.057-0300] {base.py:84} INFO - Using connection ID 'binance_default' for task execution.
[2024-07-25T14:50:08.058-0300] {logging_mixin.py:188} INFO - https://api.binance.com
[2024-07-25T14:50:08.058-0300] {binance_hook.py:35} INFO - URL: https://api.binance.com/api/v3/klines?symbol=BTCBRL&interval=5m&startTime=1721902500000&endTime=1721902799999
[2024-07-25T14:50:08.504-0300] {binance_dag.py:43} INFO - r: [[1721902500000, '365525.00000000', '365525.00000000', '365000.00000000', '365001.00000000', '0.16032000', 1721902799999, '58562.92660000', 57, '0.05452000', '19922.11619000', '0']]
[2024-07-25T14:50:08.504-0300] {python.py:237} INFO - Done. Returned value was: None
[2024-07-25T14:50:08.505-0300] {taskinstance.py:441} INFO - ::group::Post task execution logs
[2024-07-25T14:50:08.507-0300] {taskinstance.py:1206} INFO - Marking task as SUCCESS. dag_id=Binance_5m, task_id=get_5m_info, run_id=scheduled__2024-07-25T07:15:00+00:00, execution_date=20240725T071500, start_date=20240725T175007, end_date=20240725T175008
[2024-07-25T14:50:08.533-0300] {local_task_job_runner.py:243} INFO - Task exited with return code 0
[2024-07-25T14:50:08.539-0300] {taskinstance.py:3503} INFO - 0 downstream tasks scheduled from follow-on schedule check
[2024-07-25T14:50:08.540-0300] {local_task_job_runner.py:222} INFO - ::endgroup::
[2024-07-25T15:20:10.609-0300] {local_task_job_runner.py:120} INFO - ::group::Pre task execution logs
[2024-07-25T15:20:10.614-0300] {taskinstance.py:2076} INFO - Dependencies all met for dep_context=non-requeueable deps ti=<TaskInstance: Binance_5m.get_5m_info scheduled__2024-07-25T07:15:00+00:00 [queued]>
[2024-07-25T15:20:10.616-0300] {taskinstance.py:2076} INFO - Dependencies all met for dep_context=requeueable deps ti=<TaskInstance: Binance_5m.get_5m_info scheduled__2024-07-25T07:15:00+00:00 [queued]>
[2024-07-25T15:20:10.617-0300] {taskinstance.py:2306} INFO - Starting attempt 1 of 1
[2024-07-25T15:20:10.628-0300] {taskinstance.py:2330} INFO - Executing <Task(PythonOperator): get_5m_info> on 2024-07-25 07:15:00+00:00
[2024-07-25T15:20:10.630-0300] {standard_task_runner.py:64} INFO - Started process 2631894 to run task
[2024-07-25T15:20:10.632-0300] {standard_task_runner.py:90} INFO - Running: ['airflow', 'tasks', 'run', 'Binance_5m', 'get_5m_info', 'scheduled__2024-07-25T07:15:00+00:00', '--job-id', '2622', '--raw', '--subdir', 'DAGS_FOLDER/binance_dag.py', '--cfg-path', '/tmp/tmphig_5vf8']
[2024-07-25T15:20:10.634-0300] {standard_task_runner.py:91} INFO - Job 2622: Subtask get_5m_info
[2024-07-25T15:20:10.660-0300] {task_command.py:426} INFO - Running <TaskInstance: Binance_5m.get_5m_info scheduled__2024-07-25T07:15:00+00:00 [running]> on host Galaxybook.
[2024-07-25T15:20:10.712-0300] {taskinstance.py:2648} INFO - Exporting env vars: AIRFLOW_CTX_DAG_OWNER='airflow' AIRFLOW_CTX_DAG_ID='Binance_5m' AIRFLOW_CTX_TASK_ID='get_5m_info' AIRFLOW_CTX_EXECUTION_DATE='2024-07-25T07:15:00+00:00' AIRFLOW_CTX_TRY_NUMBER='1' AIRFLOW_CTX_DAG_RUN_ID='scheduled__2024-07-25T07:15:00+00:00'
[2024-07-25T15:20:10.713-0300] {taskinstance.py:430} INFO - ::endgroup::
[2024-07-25T15:20:10.720-0300] {binance_dag.py:23} INFO - End Time: 2024-07-25T07:20:00.00Z
[2024-07-25T15:20:10.720-0300] {binance_dag.py:24} INFO - Start Time: 2024-07-25T07:15:00.00Z
[2024-07-25T15:20:10.772-0300] {binance_dag.py:25} INFO - 1721902500000
[2024-07-25T15:20:10.775-0300] {base.py:84} INFO - Using connection ID 'binance_default' for task execution.
[2024-07-25T15:20:10.775-0300] {logging_mixin.py:188} INFO - https://api.binance.com
[2024-07-25T15:20:10.776-0300] {binance_hook.py:35} INFO - URL: https://api.binance.com/api/v3/klines?symbol=BTCBRL&interval=5m&startTime=1721902500000&endTime=1721902799999
[2024-07-25T15:20:11.185-0300] {python.py:237} INFO - Done. Returned value was: None
[2024-07-25T15:20:11.186-0300] {taskinstance.py:441} INFO - ::group::Post task execution logs
[2024-07-25T15:20:11.188-0300] {taskinstance.py:1206} INFO - Marking task as SUCCESS. dag_id=Binance_5m, task_id=get_5m_info, run_id=scheduled__2024-07-25T07:15:00+00:00, execution_date=20240725T071500, start_date=20240725T182010, end_date=20240725T182011
[2024-07-25T15:20:11.218-0300] {local_task_job_runner.py:243} INFO - Task exited with return code 0
[2024-07-25T15:20:11.224-0300] {taskinstance.py:3503} INFO - 0 downstream tasks scheduled from follow-on schedule check
[2024-07-25T15:20:11.225-0300] {local_task_job_runner.py:222} INFO - ::endgroup::
[2024-07-25T16:16:44.732-0300] {local_task_job_runner.py:120} INFO - ::group::Pre task execution logs
[2024-07-25T16:16:44.740-0300] {taskinstance.py:2076} INFO - Dependencies all met for dep_context=non-requeueable deps ti=<TaskInstance: Binance_5m.get_5m_info scheduled__2024-07-25T07:15:00+00:00 [queued]>
[2024-07-25T16:16:44.744-0300] {taskinstance.py:2076} INFO - Dependencies all met for dep_context=requeueable deps ti=<TaskInstance: Binance_5m.get_5m_info scheduled__2024-07-25T07:15:00+00:00 [queued]>
[2024-07-25T16:16:44.744-0300] {taskinstance.py:2306} INFO - Starting attempt 1 of 1
[2024-07-25T16:16:44.759-0300] {taskinstance.py:2330} INFO - Executing <Task(PythonOperator): get_5m_info> on 2024-07-25 07:15:00+00:00
[2024-07-25T16:16:44.761-0300] {standard_task_runner.py:64} INFO - Started process 2659688 to run task
[2024-07-25T16:16:44.763-0300] {standard_task_runner.py:90} INFO - Running: ['airflow', 'tasks', 'run', 'Binance_5m', 'get_5m_info', 'scheduled__2024-07-25T07:15:00+00:00', '--job-id', '2182', '--raw', '--subdir', 'DAGS_FOLDER/binance_dag.py', '--cfg-path', '/tmp/tmp_8tdrkgx']
[2024-07-25T16:16:44.764-0300] {standard_task_runner.py:91} INFO - Job 2182: Subtask get_5m_info
[2024-07-25T16:16:44.789-0300] {task_command.py:426} INFO - Running <TaskInstance: Binance_5m.get_5m_info scheduled__2024-07-25T07:15:00+00:00 [running]> on host Galaxybook.
[2024-07-25T16:16:44.841-0300] {taskinstance.py:2648} INFO - Exporting env vars: AIRFLOW_CTX_DAG_OWNER='airflow' AIRFLOW_CTX_DAG_ID='Binance_5m' AIRFLOW_CTX_TASK_ID='get_5m_info' AIRFLOW_CTX_EXECUTION_DATE='2024-07-25T07:15:00+00:00' AIRFLOW_CTX_TRY_NUMBER='1' AIRFLOW_CTX_DAG_RUN_ID='scheduled__2024-07-25T07:15:00+00:00'
[2024-07-25T16:16:44.841-0300] {taskinstance.py:430} INFO - ::endgroup::
[2024-07-25T16:16:44.849-0300] {binance_dag.py:22} INFO - End Time: 2024-07-25 07:20:00+00:00
[2024-07-25T16:16:44.849-0300] {binance_dag.py:23} INFO - Start Time: 2024-07-25 07:15:00+00:00
[2024-07-25T16:16:44.850-0300] {binance_dag.py:24} INFO - Start timestamp: 1721891700000
[2024-07-25T16:16:44.850-0300] {binance_dag.py:25} INFO - End timestamp: 1721892000000
[2024-07-25T16:16:44.910-0300] {base.py:84} INFO - Using connection ID 'binance_default' for task execution.
[2024-07-25T16:16:44.910-0300] {logging_mixin.py:188} INFO - https://api.binance.com
[2024-07-25T16:16:44.910-0300] {binance_hook.py:35} INFO - URL: https://api.binance.com/api/v3/klines?symbol=BTCBRL&interval=5m&startTime=1721891700000&endTime=1721891999999&timeZone=-3
[2024-07-25T16:16:45.335-0300] {python.py:237} INFO - Done. Returned value was: None
[2024-07-25T16:16:45.336-0300] {taskinstance.py:441} INFO - ::group::Post task execution logs
[2024-07-25T16:16:45.339-0300] {taskinstance.py:1206} INFO - Marking task as SUCCESS. dag_id=Binance_5m, task_id=get_5m_info, run_id=scheduled__2024-07-25T07:15:00+00:00, execution_date=20240725T071500, start_date=20240725T191644, end_date=20240725T191645
[2024-07-25T16:16:45.387-0300] {local_task_job_runner.py:243} INFO - Task exited with return code 0
[2024-07-25T16:16:45.393-0300] {taskinstance.py:3503} INFO - 0 downstream tasks scheduled from follow-on schedule check
[2024-07-25T16:16:45.394-0300] {local_task_job_runner.py:222} INFO - ::endgroup::
