[2024-07-25T14:28:27.087-0300] {local_task_job_runner.py:120} INFO - ::group::Pre task execution logs
[2024-07-25T14:28:27.092-0300] {taskinstance.py:2076} INFO - Dependencies all met for dep_context=non-requeueable deps ti=<TaskInstance: Mercado_5m.get_5m_info scheduled__2024-07-25T13:40:00+00:00 [queued]>
[2024-07-25T14:28:27.095-0300] {taskinstance.py:2076} INFO - Dependencies all met for dep_context=requeueable deps ti=<TaskInstance: Mercado_5m.get_5m_info scheduled__2024-07-25T13:40:00+00:00 [queued]>
[2024-07-25T14:28:27.095-0300] {taskinstance.py:2306} INFO - Starting attempt 1 of 1
[2024-07-25T14:28:27.114-0300] {taskinstance.py:2330} INFO - Executing <Task(PythonOperator): get_5m_info> on 2024-07-25 13:40:00+00:00
[2024-07-25T14:28:27.115-0300] {standard_task_runner.py:64} INFO - Started process 2591214 to run task
[2024-07-25T14:28:27.117-0300] {standard_task_runner.py:90} INFO - Running: ['airflow', 'tasks', 'run', 'Mercado_5m', 'get_5m_info', 'scheduled__2024-07-25T13:40:00+00:00', '--job-id', '2122', '--raw', '--subdir', 'DAGS_FOLDER/mercado_dag.py', '--cfg-path', '/tmp/tmpj7w1mcju']
[2024-07-25T14:28:27.118-0300] {standard_task_runner.py:91} INFO - Job 2122: Subtask get_5m_info
[2024-07-25T14:28:27.150-0300] {task_command.py:426} INFO - Running <TaskInstance: Mercado_5m.get_5m_info scheduled__2024-07-25T13:40:00+00:00 [running]> on host Galaxybook.
[2024-07-25T14:28:27.195-0300] {taskinstance.py:2648} INFO - Exporting env vars: AIRFLOW_CTX_DAG_OWNER='airflow' AIRFLOW_CTX_DAG_ID='Mercado_5m' AIRFLOW_CTX_TASK_ID='get_5m_info' AIRFLOW_CTX_EXECUTION_DATE='2024-07-25T13:40:00+00:00' AIRFLOW_CTX_TRY_NUMBER='1' AIRFLOW_CTX_DAG_RUN_ID='scheduled__2024-07-25T13:40:00+00:00'
[2024-07-25T14:28:27.195-0300] {taskinstance.py:430} INFO - ::endgroup::
[2024-07-25T14:28:27.201-0300] {taskinstance.py:441} INFO - ::group::Post task execution logs
[2024-07-25T14:28:27.201-0300] {taskinstance.py:2905} ERROR - Task failed with exception
Traceback (most recent call last):
  File "/home/hugoviana/Documentos/data_pipeline_airflow/.venv/lib/python3.12/site-packages/airflow/models/taskinstance.py", line 465, in _execute_task
    result = _execute_callable(context=context, **execute_callable_kwargs)
             ^^^^^^^^^^^^^^^^^^^^^^^^^^^^^^^^^^^^^^^^^^^^^^^^^^^^^^^^^^^^^
  File "/home/hugoviana/Documentos/data_pipeline_airflow/.venv/lib/python3.12/site-packages/airflow/models/taskinstance.py", line 432, in _execute_callable
    return execute_callable(context=context, **execute_callable_kwargs)
           ^^^^^^^^^^^^^^^^^^^^^^^^^^^^^^^^^^^^^^^^^^^^^^^^^^^^^^^^^^^^
  File "/home/hugoviana/Documentos/data_pipeline_airflow/.venv/lib/python3.12/site-packages/airflow/models/baseoperator.py", line 401, in wrapper
    return func(self, *args, **kwargs)
           ^^^^^^^^^^^^^^^^^^^^^^^^^^^
  File "/home/hugoviana/Documentos/data_pipeline_airflow/.venv/lib/python3.12/site-packages/airflow/operators/python.py", line 232, in execute
    context_merge(context, self.op_kwargs, templates_dict=self.templates_dict)
  File "/home/hugoviana/Documentos/data_pipeline_airflow/.venv/lib/python3.12/site-packages/airflow/utils/context.py", line 266, in context_merge
    context.update(*args, **kwargs)
  File "<frozen _collections_abc>", line 987, in update
ValueError: too many values to unpack (expected 2)
[2024-07-25T14:28:27.205-0300] {taskinstance.py:1206} INFO - Marking task as FAILED. dag_id=Mercado_5m, task_id=get_5m_info, run_id=scheduled__2024-07-25T13:40:00+00:00, execution_date=20240725T134000, start_date=20240725T172827, end_date=20240725T172827
[2024-07-25T14:28:27.216-0300] {standard_task_runner.py:110} ERROR - Failed to execute job 2122 for task get_5m_info (too many values to unpack (expected 2); 2591214)
[2024-07-25T14:28:27.250-0300] {local_task_job_runner.py:243} INFO - Task exited with return code 1
[2024-07-25T14:28:27.256-0300] {taskinstance.py:3503} INFO - 0 downstream tasks scheduled from follow-on schedule check
[2024-07-25T14:28:27.256-0300] {local_task_job_runner.py:222} INFO - ::endgroup::
[2024-07-25T14:30:31.249-0300] {local_task_job_runner.py:120} INFO - ::group::Pre task execution logs
[2024-07-25T14:30:31.255-0300] {taskinstance.py:2076} INFO - Dependencies all met for dep_context=non-requeueable deps ti=<TaskInstance: Mercado_5m.get_5m_info scheduled__2024-07-25T13:40:00+00:00 [queued]>
[2024-07-25T14:30:31.258-0300] {taskinstance.py:2076} INFO - Dependencies all met for dep_context=requeueable deps ti=<TaskInstance: Mercado_5m.get_5m_info scheduled__2024-07-25T13:40:00+00:00 [queued]>
[2024-07-25T14:30:31.259-0300] {taskinstance.py:2306} INFO - Starting attempt 1 of 1
[2024-07-25T14:30:31.277-0300] {taskinstance.py:2330} INFO - Executing <Task(PythonOperator): get_5m_info> on 2024-07-25 13:40:00+00:00
[2024-07-25T14:30:31.279-0300] {standard_task_runner.py:64} INFO - Started process 2593375 to run task
[2024-07-25T14:30:31.281-0300] {standard_task_runner.py:90} INFO - Running: ['airflow', 'tasks', 'run', 'Mercado_5m', 'get_5m_info', 'scheduled__2024-07-25T13:40:00+00:00', '--job-id', '2102', '--raw', '--subdir', 'DAGS_FOLDER/mercado_dag.py', '--cfg-path', '/tmp/tmpbosjx9qp']
[2024-07-25T14:30:31.282-0300] {standard_task_runner.py:91} INFO - Job 2102: Subtask get_5m_info
[2024-07-25T14:30:31.310-0300] {task_command.py:426} INFO - Running <TaskInstance: Mercado_5m.get_5m_info scheduled__2024-07-25T13:40:00+00:00 [running]> on host Galaxybook.
[2024-07-25T14:30:31.363-0300] {taskinstance.py:2648} INFO - Exporting env vars: AIRFLOW_CTX_DAG_OWNER='airflow' AIRFLOW_CTX_DAG_ID='Mercado_5m' AIRFLOW_CTX_TASK_ID='get_5m_info' AIRFLOW_CTX_EXECUTION_DATE='2024-07-25T13:40:00+00:00' AIRFLOW_CTX_TRY_NUMBER='1' AIRFLOW_CTX_DAG_RUN_ID='scheduled__2024-07-25T13:40:00+00:00'
[2024-07-25T14:30:31.364-0300] {taskinstance.py:430} INFO - ::endgroup::
[2024-07-25T14:30:31.371-0300] {taskinstance.py:441} INFO - ::group::Post task execution logs
[2024-07-25T14:30:31.372-0300] {taskinstance.py:2905} ERROR - Task failed with exception
Traceback (most recent call last):
  File "/home/hugoviana/Documentos/data_pipeline_airflow/.venv/lib/python3.12/site-packages/airflow/models/taskinstance.py", line 465, in _execute_task
    result = _execute_callable(context=context, **execute_callable_kwargs)
             ^^^^^^^^^^^^^^^^^^^^^^^^^^^^^^^^^^^^^^^^^^^^^^^^^^^^^^^^^^^^^
  File "/home/hugoviana/Documentos/data_pipeline_airflow/.venv/lib/python3.12/site-packages/airflow/models/taskinstance.py", line 432, in _execute_callable
    return execute_callable(context=context, **execute_callable_kwargs)
           ^^^^^^^^^^^^^^^^^^^^^^^^^^^^^^^^^^^^^^^^^^^^^^^^^^^^^^^^^^^^
  File "/home/hugoviana/Documentos/data_pipeline_airflow/.venv/lib/python3.12/site-packages/airflow/models/baseoperator.py", line 401, in wrapper
    return func(self, *args, **kwargs)
           ^^^^^^^^^^^^^^^^^^^^^^^^^^^
  File "/home/hugoviana/Documentos/data_pipeline_airflow/.venv/lib/python3.12/site-packages/airflow/operators/python.py", line 232, in execute
    context_merge(context, self.op_kwargs, templates_dict=self.templates_dict)
  File "/home/hugoviana/Documentos/data_pipeline_airflow/.venv/lib/python3.12/site-packages/airflow/utils/context.py", line 266, in context_merge
    context.update(*args, **kwargs)
  File "<frozen _collections_abc>", line 987, in update
ValueError: too many values to unpack (expected 2)
[2024-07-25T14:30:31.375-0300] {taskinstance.py:1206} INFO - Marking task as FAILED. dag_id=Mercado_5m, task_id=get_5m_info, run_id=scheduled__2024-07-25T13:40:00+00:00, execution_date=20240725T134000, start_date=20240725T173031, end_date=20240725T173031
[2024-07-25T14:30:31.387-0300] {standard_task_runner.py:110} ERROR - Failed to execute job 2102 for task get_5m_info (too many values to unpack (expected 2); 2593375)
[2024-07-25T14:30:31.416-0300] {local_task_job_runner.py:243} INFO - Task exited with return code 1
[2024-07-25T14:30:31.424-0300] {taskinstance.py:3503} INFO - 0 downstream tasks scheduled from follow-on schedule check
[2024-07-25T14:30:31.424-0300] {local_task_job_runner.py:222} INFO - ::endgroup::
[2024-07-25T15:00:41.028-0300] {local_task_job_runner.py:120} INFO - ::group::Pre task execution logs
[2024-07-25T15:00:41.033-0300] {taskinstance.py:2076} INFO - Dependencies all met for dep_context=non-requeueable deps ti=<TaskInstance: Mercado_5m.get_5m_info scheduled__2024-07-25T13:40:00+00:00 [queued]>
[2024-07-25T15:00:41.036-0300] {taskinstance.py:2076} INFO - Dependencies all met for dep_context=requeueable deps ti=<TaskInstance: Mercado_5m.get_5m_info scheduled__2024-07-25T13:40:00+00:00 [queued]>
[2024-07-25T15:00:41.037-0300] {taskinstance.py:2306} INFO - Starting attempt 1 of 1
[2024-07-25T15:00:41.050-0300] {taskinstance.py:2330} INFO - Executing <Task(PythonOperator): get_5m_info> on 2024-07-25 13:40:00+00:00
[2024-07-25T15:00:41.052-0300] {standard_task_runner.py:64} INFO - Started process 2620126 to run task
[2024-07-25T15:00:41.054-0300] {standard_task_runner.py:90} INFO - Running: ['airflow', 'tasks', 'run', 'Mercado_5m', 'get_5m_info', 'scheduled__2024-07-25T13:40:00+00:00', '--job-id', '2476', '--raw', '--subdir', 'DAGS_FOLDER/mercado_dag.py', '--cfg-path', '/tmp/tmpyn6qq5vn']
[2024-07-25T15:00:41.055-0300] {standard_task_runner.py:91} INFO - Job 2476: Subtask get_5m_info
[2024-07-25T15:00:41.078-0300] {task_command.py:426} INFO - Running <TaskInstance: Mercado_5m.get_5m_info scheduled__2024-07-25T13:40:00+00:00 [running]> on host Galaxybook.
[2024-07-25T15:00:41.131-0300] {taskinstance.py:2648} INFO - Exporting env vars: AIRFLOW_CTX_DAG_OWNER='airflow' AIRFLOW_CTX_DAG_ID='Mercado_5m' AIRFLOW_CTX_TASK_ID='get_5m_info' AIRFLOW_CTX_EXECUTION_DATE='2024-07-25T13:40:00+00:00' AIRFLOW_CTX_TRY_NUMBER='1' AIRFLOW_CTX_DAG_RUN_ID='scheduled__2024-07-25T13:40:00+00:00'
[2024-07-25T15:00:41.132-0300] {taskinstance.py:430} INFO - ::endgroup::
[2024-07-25T15:00:41.202-0300] {base.py:84} INFO - Using connection ID 'mercado_default' for task execution.
[2024-07-25T15:00:41.202-0300] {mercado_hook.py:31} INFO - URL: https://api.mercadobitcoin.net/api/v4/candles?symbol=BTC-BRL&resolution=5m&to=1721925900&from=1721925600
[2024-07-25T15:00:41.478-0300] {python.py:237} INFO - Done. Returned value was: None
[2024-07-25T15:00:41.479-0300] {taskinstance.py:441} INFO - ::group::Post task execution logs
[2024-07-25T15:00:41.481-0300] {taskinstance.py:1206} INFO - Marking task as SUCCESS. dag_id=Mercado_5m, task_id=get_5m_info, run_id=scheduled__2024-07-25T13:40:00+00:00, execution_date=20240725T134000, start_date=20240725T180041, end_date=20240725T180041
[2024-07-25T15:00:41.513-0300] {local_task_job_runner.py:243} INFO - Task exited with return code 0
[2024-07-25T15:00:41.519-0300] {taskinstance.py:3503} INFO - 0 downstream tasks scheduled from follow-on schedule check
[2024-07-25T15:00:41.519-0300] {local_task_job_runner.py:222} INFO - ::endgroup::
