[2024-07-25T14:48:22.132-0300] {local_task_job_runner.py:120} INFO - ::group::Pre task execution logs
[2024-07-25T14:48:22.142-0300] {taskinstance.py:2076} INFO - Dependencies all met for dep_context=non-requeueable deps ti=<TaskInstance: Binance_5m.get_5m_info scheduled__2024-07-25T03:50:00+00:00 [queued]>
[2024-07-25T14:48:22.147-0300] {taskinstance.py:2076} INFO - Dependencies all met for dep_context=requeueable deps ti=<TaskInstance: Binance_5m.get_5m_info scheduled__2024-07-25T03:50:00+00:00 [queued]>
[2024-07-25T14:48:22.147-0300] {taskinstance.py:2306} INFO - Starting attempt 1 of 1
[2024-07-25T14:48:22.163-0300] {taskinstance.py:2330} INFO - Executing <Task(PythonOperator): get_5m_info> on 2024-07-25 03:50:00+00:00
[2024-07-25T14:48:22.166-0300] {standard_task_runner.py:64} INFO - Started process 2607769 to run task
[2024-07-25T14:48:22.169-0300] {standard_task_runner.py:90} INFO - Running: ['airflow', 'tasks', 'run', 'Binance_5m', 'get_5m_info', 'scheduled__2024-07-25T03:50:00+00:00', '--job-id', '2132', '--raw', '--subdir', 'DAGS_FOLDER/binance_dag.py', '--cfg-path', '/tmp/tmpq_godmco']
[2024-07-25T14:48:22.170-0300] {standard_task_runner.py:91} INFO - Job 2132: Subtask get_5m_info
[2024-07-25T14:48:22.206-0300] {task_command.py:426} INFO - Running <TaskInstance: Binance_5m.get_5m_info scheduled__2024-07-25T03:50:00+00:00 [running]> on host Galaxybook.
[2024-07-25T14:48:22.272-0300] {taskinstance.py:2648} INFO - Exporting env vars: AIRFLOW_CTX_DAG_OWNER='airflow' AIRFLOW_CTX_DAG_ID='Binance_5m' AIRFLOW_CTX_TASK_ID='get_5m_info' AIRFLOW_CTX_EXECUTION_DATE='2024-07-25T03:50:00+00:00' AIRFLOW_CTX_TRY_NUMBER='1' AIRFLOW_CTX_DAG_RUN_ID='scheduled__2024-07-25T03:50:00+00:00'
[2024-07-25T14:48:22.273-0300] {taskinstance.py:430} INFO - ::endgroup::
[2024-07-25T14:48:22.283-0300] {binance_dag.py:23} INFO - End Time: 2024-07-25T03:55:00.00Z
[2024-07-25T14:48:22.283-0300] {binance_dag.py:24} INFO - Start Time: 2024-07-25T03:50:00.00Z
[2024-07-25T14:48:22.361-0300] {base.py:84} INFO - Using connection ID 'binance_default' for task execution.
[2024-07-25T14:48:22.362-0300] {logging_mixin.py:188} INFO - https://api.binance.com
[2024-07-25T14:48:22.362-0300] {binance_hook.py:35} INFO - URL: https://api.binance.com/api/v3/klines?symbol=BTCBRL&interval=5m&startTime=1721890200000&endTime=1721890499999
[2024-07-25T14:48:22.762-0300] {binance_dag.py:43} INFO - r: [[1721890200000, '366239.00000000', '366415.00000000', '366207.00000000', '366355.00000000', '0.30936000', 1721890499999, '113323.00074000', 41, '0.11747000', '43030.92474000', '0']]
[2024-07-25T14:48:22.763-0300] {python.py:237} INFO - Done. Returned value was: None
[2024-07-25T14:48:22.764-0300] {taskinstance.py:441} INFO - ::group::Post task execution logs
[2024-07-25T14:48:22.768-0300] {taskinstance.py:1206} INFO - Marking task as SUCCESS. dag_id=Binance_5m, task_id=get_5m_info, run_id=scheduled__2024-07-25T03:50:00+00:00, execution_date=20240725T035000, start_date=20240725T174822, end_date=20240725T174822
[2024-07-25T14:48:22.792-0300] {local_task_job_runner.py:243} INFO - Task exited with return code 0
[2024-07-25T14:48:22.799-0300] {taskinstance.py:3503} INFO - 0 downstream tasks scheduled from follow-on schedule check
[2024-07-25T14:48:22.799-0300] {local_task_job_runner.py:222} INFO - ::endgroup::
[2024-07-25T15:18:31.766-0300] {local_task_job_runner.py:120} INFO - ::group::Pre task execution logs
[2024-07-25T15:18:31.772-0300] {taskinstance.py:2076} INFO - Dependencies all met for dep_context=non-requeueable deps ti=<TaskInstance: Binance_5m.get_5m_info scheduled__2024-07-25T03:50:00+00:00 [queued]>
[2024-07-25T15:18:31.776-0300] {taskinstance.py:2076} INFO - Dependencies all met for dep_context=requeueable deps ti=<TaskInstance: Binance_5m.get_5m_info scheduled__2024-07-25T03:50:00+00:00 [queued]>
[2024-07-25T15:18:31.776-0300] {taskinstance.py:2306} INFO - Starting attempt 1 of 1
[2024-07-25T15:18:31.791-0300] {taskinstance.py:2330} INFO - Executing <Task(PythonOperator): get_5m_info> on 2024-07-25 03:50:00+00:00
[2024-07-25T15:18:31.792-0300] {standard_task_runner.py:64} INFO - Started process 2630267 to run task
[2024-07-25T15:18:31.794-0300] {standard_task_runner.py:90} INFO - Running: ['airflow', 'tasks', 'run', 'Binance_5m', 'get_5m_info', 'scheduled__2024-07-25T03:50:00+00:00', '--job-id', '2581', '--raw', '--subdir', 'DAGS_FOLDER/binance_dag.py', '--cfg-path', '/tmp/tmp3m7y6jpi']
[2024-07-25T15:18:31.795-0300] {standard_task_runner.py:91} INFO - Job 2581: Subtask get_5m_info
[2024-07-25T15:18:31.824-0300] {task_command.py:426} INFO - Running <TaskInstance: Binance_5m.get_5m_info scheduled__2024-07-25T03:50:00+00:00 [running]> on host Galaxybook.
[2024-07-25T15:18:31.894-0300] {taskinstance.py:2648} INFO - Exporting env vars: AIRFLOW_CTX_DAG_OWNER='airflow' AIRFLOW_CTX_DAG_ID='Binance_5m' AIRFLOW_CTX_TASK_ID='get_5m_info' AIRFLOW_CTX_EXECUTION_DATE='2024-07-25T03:50:00+00:00' AIRFLOW_CTX_TRY_NUMBER='1' AIRFLOW_CTX_DAG_RUN_ID='scheduled__2024-07-25T03:50:00+00:00'
[2024-07-25T15:18:31.895-0300] {taskinstance.py:430} INFO - ::endgroup::
[2024-07-25T15:18:31.902-0300] {binance_dag.py:23} INFO - End Time: 2024-07-25T03:55:00.00Z
[2024-07-25T15:18:31.902-0300] {binance_dag.py:24} INFO - Start Time: 2024-07-25T03:50:00.00Z
[2024-07-25T15:18:31.970-0300] {binance_dag.py:25} INFO - 1721890200000
[2024-07-25T15:18:31.973-0300] {base.py:84} INFO - Using connection ID 'binance_default' for task execution.
[2024-07-25T15:18:31.973-0300] {logging_mixin.py:188} INFO - https://api.binance.com
[2024-07-25T15:18:31.974-0300] {binance_hook.py:35} INFO - URL: https://api.binance.com/api/v3/klines?symbol=BTCBRL&interval=5m&startTime=1721890200000&endTime=1721890499999
[2024-07-25T15:18:32.885-0300] {python.py:237} INFO - Done. Returned value was: None
[2024-07-25T15:18:32.886-0300] {taskinstance.py:441} INFO - ::group::Post task execution logs
[2024-07-25T15:18:32.889-0300] {taskinstance.py:1206} INFO - Marking task as SUCCESS. dag_id=Binance_5m, task_id=get_5m_info, run_id=scheduled__2024-07-25T03:50:00+00:00, execution_date=20240725T035000, start_date=20240725T181831, end_date=20240725T181832
[2024-07-25T15:18:32.951-0300] {local_task_job_runner.py:243} INFO - Task exited with return code 0
[2024-07-25T15:18:32.959-0300] {taskinstance.py:3503} INFO - 0 downstream tasks scheduled from follow-on schedule check
[2024-07-25T15:18:32.960-0300] {local_task_job_runner.py:222} INFO - ::endgroup::
[2024-07-25T16:15:03.138-0300] {local_task_job_runner.py:120} INFO - ::group::Pre task execution logs
[2024-07-25T16:15:03.144-0300] {taskinstance.py:2076} INFO - Dependencies all met for dep_context=non-requeueable deps ti=<TaskInstance: Binance_5m.get_5m_info scheduled__2024-07-25T03:50:00+00:00 [queued]>
[2024-07-25T16:15:03.148-0300] {taskinstance.py:2076} INFO - Dependencies all met for dep_context=requeueable deps ti=<TaskInstance: Binance_5m.get_5m_info scheduled__2024-07-25T03:50:00+00:00 [queued]>
[2024-07-25T16:15:03.148-0300] {taskinstance.py:2306} INFO - Starting attempt 1 of 1
[2024-07-25T16:15:03.162-0300] {taskinstance.py:2330} INFO - Executing <Task(PythonOperator): get_5m_info> on 2024-07-25 03:50:00+00:00
[2024-07-25T16:15:03.164-0300] {standard_task_runner.py:64} INFO - Started process 2658011 to run task
[2024-07-25T16:15:03.167-0300] {standard_task_runner.py:90} INFO - Running: ['airflow', 'tasks', 'run', 'Binance_5m', 'get_5m_info', 'scheduled__2024-07-25T03:50:00+00:00', '--job-id', '2141', '--raw', '--subdir', 'DAGS_FOLDER/binance_dag.py', '--cfg-path', '/tmp/tmp302rgkv4']
[2024-07-25T16:15:03.168-0300] {standard_task_runner.py:91} INFO - Job 2141: Subtask get_5m_info
[2024-07-25T16:15:03.196-0300] {task_command.py:426} INFO - Running <TaskInstance: Binance_5m.get_5m_info scheduled__2024-07-25T03:50:00+00:00 [running]> on host Galaxybook.
[2024-07-25T16:15:03.247-0300] {taskinstance.py:2648} INFO - Exporting env vars: AIRFLOW_CTX_DAG_OWNER='airflow' AIRFLOW_CTX_DAG_ID='Binance_5m' AIRFLOW_CTX_TASK_ID='get_5m_info' AIRFLOW_CTX_EXECUTION_DATE='2024-07-25T03:50:00+00:00' AIRFLOW_CTX_TRY_NUMBER='1' AIRFLOW_CTX_DAG_RUN_ID='scheduled__2024-07-25T03:50:00+00:00'
[2024-07-25T16:15:03.247-0300] {taskinstance.py:430} INFO - ::endgroup::
[2024-07-25T16:15:03.256-0300] {binance_dag.py:22} INFO - End Time: 2024-07-25 03:55:00+00:00
[2024-07-25T16:15:03.256-0300] {binance_dag.py:23} INFO - Start Time: 2024-07-25 03:50:00+00:00
[2024-07-25T16:15:03.257-0300] {binance_dag.py:24} INFO - Start timestamp: 1721879400000
[2024-07-25T16:15:03.257-0300] {binance_dag.py:25} INFO - End timestamp: 1721879700000
[2024-07-25T16:15:03.324-0300] {base.py:84} INFO - Using connection ID 'binance_default' for task execution.
[2024-07-25T16:15:03.325-0300] {logging_mixin.py:188} INFO - https://api.binance.com
[2024-07-25T16:15:03.325-0300] {binance_hook.py:35} INFO - URL: https://api.binance.com/api/v3/klines?symbol=BTCBRL&interval=5m&startTime=1721879400000&endTime=1721879699999&timeZone=-3
[2024-07-25T16:15:08.933-0300] {python.py:237} INFO - Done. Returned value was: None
[2024-07-25T16:15:08.933-0300] {taskinstance.py:441} INFO - ::group::Post task execution logs
[2024-07-25T16:15:08.935-0300] {taskinstance.py:1206} INFO - Marking task as SUCCESS. dag_id=Binance_5m, task_id=get_5m_info, run_id=scheduled__2024-07-25T03:50:00+00:00, execution_date=20240725T035000, start_date=20240725T191503, end_date=20240725T191508
[2024-07-25T16:15:08.973-0300] {local_task_job_runner.py:243} INFO - Task exited with return code 0
[2024-07-25T16:15:08.978-0300] {taskinstance.py:3503} INFO - 0 downstream tasks scheduled from follow-on schedule check
[2024-07-25T16:15:08.978-0300] {local_task_job_runner.py:222} INFO - ::endgroup::
