[2024-07-25T14:50:28.233-0300] {local_task_job_runner.py:120} INFO - ::group::Pre task execution logs
[2024-07-25T14:50:28.238-0300] {taskinstance.py:2076} INFO - Dependencies all met for dep_context=non-requeueable deps ti=<TaskInstance: Binance_5m.get_5m_info scheduled__2024-07-25T08:05:00+00:00 [queued]>
[2024-07-25T14:50:28.241-0300] {taskinstance.py:2076} INFO - Dependencies all met for dep_context=requeueable deps ti=<TaskInstance: Binance_5m.get_5m_info scheduled__2024-07-25T08:05:00+00:00 [queued]>
[2024-07-25T14:50:28.241-0300] {taskinstance.py:2306} INFO - Starting attempt 1 of 1
[2024-07-25T14:50:28.258-0300] {taskinstance.py:2330} INFO - Executing <Task(PythonOperator): get_5m_info> on 2024-07-25 08:05:00+00:00
[2024-07-25T14:50:28.260-0300] {standard_task_runner.py:64} INFO - Started process 2609862 to run task
[2024-07-25T14:50:28.262-0300] {standard_task_runner.py:90} INFO - Running: ['airflow', 'tasks', 'run', 'Binance_5m', 'get_5m_info', 'scheduled__2024-07-25T08:05:00+00:00', '--job-id', '2189', '--raw', '--subdir', 'DAGS_FOLDER/binance_dag.py', '--cfg-path', '/tmp/tmpj5xbizc7']
[2024-07-25T14:50:28.262-0300] {standard_task_runner.py:91} INFO - Job 2189: Subtask get_5m_info
[2024-07-25T14:50:28.289-0300] {task_command.py:426} INFO - Running <TaskInstance: Binance_5m.get_5m_info scheduled__2024-07-25T08:05:00+00:00 [running]> on host Galaxybook.
[2024-07-25T14:50:28.346-0300] {taskinstance.py:2648} INFO - Exporting env vars: AIRFLOW_CTX_DAG_OWNER='airflow' AIRFLOW_CTX_DAG_ID='Binance_5m' AIRFLOW_CTX_TASK_ID='get_5m_info' AIRFLOW_CTX_EXECUTION_DATE='2024-07-25T08:05:00+00:00' AIRFLOW_CTX_TRY_NUMBER='1' AIRFLOW_CTX_DAG_RUN_ID='scheduled__2024-07-25T08:05:00+00:00'
[2024-07-25T14:50:28.346-0300] {taskinstance.py:430} INFO - ::endgroup::
[2024-07-25T14:50:28.355-0300] {binance_dag.py:23} INFO - End Time: 2024-07-25T08:10:00.00Z
[2024-07-25T14:50:28.355-0300] {binance_dag.py:24} INFO - Start Time: 2024-07-25T08:05:00.00Z
[2024-07-25T14:50:28.411-0300] {base.py:84} INFO - Using connection ID 'binance_default' for task execution.
[2024-07-25T14:50:28.412-0300] {logging_mixin.py:188} INFO - https://api.binance.com
[2024-07-25T14:50:28.412-0300] {binance_hook.py:35} INFO - URL: https://api.binance.com/api/v3/klines?symbol=BTCBRL&interval=5m&startTime=1721905500000&endTime=1721905799999
[2024-07-25T14:50:28.799-0300] {binance_dag.py:43} INFO - r: [[1721905500000, '366090.00000000', '366450.00000000', '365986.00000000', '366450.00000000', '0.09437000', 1721905799999, '34566.92879000', 54, '0.04722000', '17295.54573000', '0']]
[2024-07-25T14:50:28.801-0300] {python.py:237} INFO - Done. Returned value was: None
[2024-07-25T14:50:28.801-0300] {taskinstance.py:441} INFO - ::group::Post task execution logs
[2024-07-25T14:50:28.804-0300] {taskinstance.py:1206} INFO - Marking task as SUCCESS. dag_id=Binance_5m, task_id=get_5m_info, run_id=scheduled__2024-07-25T08:05:00+00:00, execution_date=20240725T080500, start_date=20240725T175028, end_date=20240725T175028
[2024-07-25T14:50:28.847-0300] {local_task_job_runner.py:243} INFO - Task exited with return code 0
[2024-07-25T14:50:28.853-0300] {taskinstance.py:3503} INFO - 0 downstream tasks scheduled from follow-on schedule check
[2024-07-25T14:50:28.854-0300] {local_task_job_runner.py:222} INFO - ::endgroup::
[2024-07-25T15:20:31.962-0300] {local_task_job_runner.py:120} INFO - ::group::Pre task execution logs
[2024-07-25T15:20:31.967-0300] {taskinstance.py:2076} INFO - Dependencies all met for dep_context=non-requeueable deps ti=<TaskInstance: Binance_5m.get_5m_info scheduled__2024-07-25T08:05:00+00:00 [queued]>
[2024-07-25T15:20:31.970-0300] {taskinstance.py:2076} INFO - Dependencies all met for dep_context=requeueable deps ti=<TaskInstance: Binance_5m.get_5m_info scheduled__2024-07-25T08:05:00+00:00 [queued]>
[2024-07-25T15:20:31.970-0300] {taskinstance.py:2306} INFO - Starting attempt 1 of 1
[2024-07-25T15:20:31.983-0300] {taskinstance.py:2330} INFO - Executing <Task(PythonOperator): get_5m_info> on 2024-07-25 08:05:00+00:00
[2024-07-25T15:20:31.985-0300] {standard_task_runner.py:64} INFO - Started process 2632282 to run task
[2024-07-25T15:20:31.987-0300] {standard_task_runner.py:90} INFO - Running: ['airflow', 'tasks', 'run', 'Binance_5m', 'get_5m_info', 'scheduled__2024-07-25T08:05:00+00:00', '--job-id', '2632', '--raw', '--subdir', 'DAGS_FOLDER/binance_dag.py', '--cfg-path', '/tmp/tmprlhpp_pb']
[2024-07-25T15:20:31.988-0300] {standard_task_runner.py:91} INFO - Job 2632: Subtask get_5m_info
[2024-07-25T15:20:32.024-0300] {task_command.py:426} INFO - Running <TaskInstance: Binance_5m.get_5m_info scheduled__2024-07-25T08:05:00+00:00 [running]> on host Galaxybook.
[2024-07-25T15:20:32.077-0300] {taskinstance.py:2648} INFO - Exporting env vars: AIRFLOW_CTX_DAG_OWNER='airflow' AIRFLOW_CTX_DAG_ID='Binance_5m' AIRFLOW_CTX_TASK_ID='get_5m_info' AIRFLOW_CTX_EXECUTION_DATE='2024-07-25T08:05:00+00:00' AIRFLOW_CTX_TRY_NUMBER='1' AIRFLOW_CTX_DAG_RUN_ID='scheduled__2024-07-25T08:05:00+00:00'
[2024-07-25T15:20:32.077-0300] {taskinstance.py:430} INFO - ::endgroup::
[2024-07-25T15:20:32.084-0300] {binance_dag.py:23} INFO - End Time: 2024-07-25T08:10:00.00Z
[2024-07-25T15:20:32.085-0300] {binance_dag.py:24} INFO - Start Time: 2024-07-25T08:05:00.00Z
[2024-07-25T15:20:32.140-0300] {binance_dag.py:25} INFO - 1721905500000
[2024-07-25T15:20:32.143-0300] {base.py:84} INFO - Using connection ID 'binance_default' for task execution.
[2024-07-25T15:20:32.143-0300] {logging_mixin.py:188} INFO - https://api.binance.com
[2024-07-25T15:20:32.143-0300] {binance_hook.py:35} INFO - URL: https://api.binance.com/api/v3/klines?symbol=BTCBRL&interval=5m&startTime=1721905500000&endTime=1721905799999
[2024-07-25T15:20:32.538-0300] {python.py:237} INFO - Done. Returned value was: None
[2024-07-25T15:20:32.539-0300] {taskinstance.py:441} INFO - ::group::Post task execution logs
[2024-07-25T15:20:32.541-0300] {taskinstance.py:1206} INFO - Marking task as SUCCESS. dag_id=Binance_5m, task_id=get_5m_info, run_id=scheduled__2024-07-25T08:05:00+00:00, execution_date=20240725T080500, start_date=20240725T182031, end_date=20240725T182032
[2024-07-25T15:20:32.567-0300] {local_task_job_runner.py:243} INFO - Task exited with return code 0
[2024-07-25T15:20:32.574-0300] {taskinstance.py:3503} INFO - 0 downstream tasks scheduled from follow-on schedule check
[2024-07-25T15:20:32.574-0300] {local_task_job_runner.py:222} INFO - ::endgroup::
[2024-07-25T16:17:18.030-0300] {local_task_job_runner.py:120} INFO - ::group::Pre task execution logs
[2024-07-25T16:17:18.038-0300] {taskinstance.py:2076} INFO - Dependencies all met for dep_context=non-requeueable deps ti=<TaskInstance: Binance_5m.get_5m_info scheduled__2024-07-25T08:05:00+00:00 [queued]>
[2024-07-25T16:17:18.042-0300] {taskinstance.py:2076} INFO - Dependencies all met for dep_context=requeueable deps ti=<TaskInstance: Binance_5m.get_5m_info scheduled__2024-07-25T08:05:00+00:00 [queued]>
[2024-07-25T16:17:18.043-0300] {taskinstance.py:2306} INFO - Starting attempt 1 of 1
[2024-07-25T16:17:18.058-0300] {taskinstance.py:2330} INFO - Executing <Task(PythonOperator): get_5m_info> on 2024-07-25 08:05:00+00:00
[2024-07-25T16:17:18.060-0300] {standard_task_runner.py:64} INFO - Started process 2660260 to run task
[2024-07-25T16:17:18.062-0300] {standard_task_runner.py:90} INFO - Running: ['airflow', 'tasks', 'run', 'Binance_5m', 'get_5m_info', 'scheduled__2024-07-25T08:05:00+00:00', '--job-id', '2195', '--raw', '--subdir', 'DAGS_FOLDER/binance_dag.py', '--cfg-path', '/tmp/tmp1u3hc6va']
[2024-07-25T16:17:18.063-0300] {standard_task_runner.py:91} INFO - Job 2195: Subtask get_5m_info
[2024-07-25T16:17:18.096-0300] {task_command.py:426} INFO - Running <TaskInstance: Binance_5m.get_5m_info scheduled__2024-07-25T08:05:00+00:00 [running]> on host Galaxybook.
[2024-07-25T16:17:18.150-0300] {taskinstance.py:2648} INFO - Exporting env vars: AIRFLOW_CTX_DAG_OWNER='airflow' AIRFLOW_CTX_DAG_ID='Binance_5m' AIRFLOW_CTX_TASK_ID='get_5m_info' AIRFLOW_CTX_EXECUTION_DATE='2024-07-25T08:05:00+00:00' AIRFLOW_CTX_TRY_NUMBER='1' AIRFLOW_CTX_DAG_RUN_ID='scheduled__2024-07-25T08:05:00+00:00'
[2024-07-25T16:17:18.151-0300] {taskinstance.py:430} INFO - ::endgroup::
[2024-07-25T16:17:18.158-0300] {binance_dag.py:22} INFO - End Time: 2024-07-25 08:10:00+00:00
[2024-07-25T16:17:18.158-0300] {binance_dag.py:23} INFO - Start Time: 2024-07-25 08:05:00+00:00
[2024-07-25T16:17:18.159-0300] {binance_dag.py:24} INFO - Start timestamp: 1721894700000
[2024-07-25T16:17:18.159-0300] {binance_dag.py:25} INFO - End timestamp: 1721895000000
[2024-07-25T16:17:18.236-0300] {base.py:84} INFO - Using connection ID 'binance_default' for task execution.
[2024-07-25T16:17:18.237-0300] {logging_mixin.py:188} INFO - https://api.binance.com
[2024-07-25T16:17:18.238-0300] {binance_hook.py:35} INFO - URL: https://api.binance.com/api/v3/klines?symbol=BTCBRL&interval=5m&startTime=1721894700000&endTime=1721894999999&timeZone=-3
[2024-07-25T16:17:18.638-0300] {python.py:237} INFO - Done. Returned value was: None
[2024-07-25T16:17:18.639-0300] {taskinstance.py:441} INFO - ::group::Post task execution logs
[2024-07-25T16:17:18.642-0300] {taskinstance.py:1206} INFO - Marking task as SUCCESS. dag_id=Binance_5m, task_id=get_5m_info, run_id=scheduled__2024-07-25T08:05:00+00:00, execution_date=20240725T080500, start_date=20240725T191718, end_date=20240725T191718
[2024-07-25T16:17:18.687-0300] {local_task_job_runner.py:243} INFO - Task exited with return code 0
[2024-07-25T16:17:18.694-0300] {taskinstance.py:3503} INFO - 0 downstream tasks scheduled from follow-on schedule check
[2024-07-25T16:17:18.694-0300] {local_task_job_runner.py:222} INFO - ::endgroup::
