[2024-07-25T14:47:29.662-0300] {local_task_job_runner.py:120} INFO - ::group::Pre task execution logs
[2024-07-25T14:47:29.669-0300] {taskinstance.py:2076} INFO - Dependencies all met for dep_context=non-requeueable deps ti=<TaskInstance: Binance_5m.get_5m_info scheduled__2024-07-25T02:00:00+00:00 [queued]>
[2024-07-25T14:47:29.673-0300] {taskinstance.py:2076} INFO - Dependencies all met for dep_context=requeueable deps ti=<TaskInstance: Binance_5m.get_5m_info scheduled__2024-07-25T02:00:00+00:00 [queued]>
[2024-07-25T14:47:29.673-0300] {taskinstance.py:2306} INFO - Starting attempt 1 of 1
[2024-07-25T14:47:29.686-0300] {taskinstance.py:2330} INFO - Executing <Task(PythonOperator): get_5m_info> on 2024-07-25 02:00:00+00:00
[2024-07-25T14:47:29.688-0300] {standard_task_runner.py:64} INFO - Started process 2606895 to run task
[2024-07-25T14:47:29.691-0300] {standard_task_runner.py:90} INFO - Running: ['airflow', 'tasks', 'run', 'Binance_5m', 'get_5m_info', 'scheduled__2024-07-25T02:00:00+00:00', '--job-id', '2110', '--raw', '--subdir', 'DAGS_FOLDER/binance_dag.py', '--cfg-path', '/tmp/tmp0jvm2yko']
[2024-07-25T14:47:29.692-0300] {standard_task_runner.py:91} INFO - Job 2110: Subtask get_5m_info
[2024-07-25T14:47:29.722-0300] {task_command.py:426} INFO - Running <TaskInstance: Binance_5m.get_5m_info scheduled__2024-07-25T02:00:00+00:00 [running]> on host Galaxybook.
[2024-07-25T14:47:29.772-0300] {taskinstance.py:2648} INFO - Exporting env vars: AIRFLOW_CTX_DAG_OWNER='airflow' AIRFLOW_CTX_DAG_ID='Binance_5m' AIRFLOW_CTX_TASK_ID='get_5m_info' AIRFLOW_CTX_EXECUTION_DATE='2024-07-25T02:00:00+00:00' AIRFLOW_CTX_TRY_NUMBER='1' AIRFLOW_CTX_DAG_RUN_ID='scheduled__2024-07-25T02:00:00+00:00'
[2024-07-25T14:47:29.772-0300] {taskinstance.py:430} INFO - ::endgroup::
[2024-07-25T14:47:29.781-0300] {binance_dag.py:23} INFO - End Time: 2024-07-25T02:05:00.00Z
[2024-07-25T14:47:29.782-0300] {binance_dag.py:24} INFO - Start Time: 2024-07-25T02:00:00.00Z
[2024-07-25T14:47:29.852-0300] {base.py:84} INFO - Using connection ID 'binance_default' for task execution.
[2024-07-25T14:47:29.852-0300] {logging_mixin.py:188} INFO - https://api.binance.com
[2024-07-25T14:47:29.853-0300] {binance_hook.py:35} INFO - URL: https://api.binance.com/api/v3/klines?symbol=BTCBRL&interval=5m&startTime=1721883600000&endTime=1721883899999
[2024-07-25T14:47:30.245-0300] {binance_dag.py:43} INFO - r: [[1721883600000, '365510.00000000', '365510.00000000', '365229.00000000', '365377.00000000', '0.03678000', 1721883899999, '13436.21211000', 17, '0.00441000', '1611.72578000', '0']]
[2024-07-25T14:47:30.246-0300] {python.py:237} INFO - Done. Returned value was: None
[2024-07-25T14:47:30.247-0300] {taskinstance.py:441} INFO - ::group::Post task execution logs
[2024-07-25T14:47:30.249-0300] {taskinstance.py:1206} INFO - Marking task as SUCCESS. dag_id=Binance_5m, task_id=get_5m_info, run_id=scheduled__2024-07-25T02:00:00+00:00, execution_date=20240725T020000, start_date=20240725T174729, end_date=20240725T174730
[2024-07-25T14:47:30.269-0300] {local_task_job_runner.py:243} INFO - Task exited with return code 0
[2024-07-25T14:47:30.275-0300] {taskinstance.py:3503} INFO - 0 downstream tasks scheduled from follow-on schedule check
[2024-07-25T14:47:30.275-0300] {local_task_job_runner.py:222} INFO - ::endgroup::
[2024-07-25T15:17:44.022-0300] {local_task_job_runner.py:120} INFO - ::group::Pre task execution logs
[2024-07-25T15:17:44.027-0300] {taskinstance.py:2076} INFO - Dependencies all met for dep_context=non-requeueable deps ti=<TaskInstance: Binance_5m.get_5m_info scheduled__2024-07-25T02:00:00+00:00 [queued]>
[2024-07-25T15:17:44.030-0300] {taskinstance.py:2076} INFO - Dependencies all met for dep_context=requeueable deps ti=<TaskInstance: Binance_5m.get_5m_info scheduled__2024-07-25T02:00:00+00:00 [queued]>
[2024-07-25T15:17:44.030-0300] {taskinstance.py:2306} INFO - Starting attempt 1 of 1
[2024-07-25T15:17:44.044-0300] {taskinstance.py:2330} INFO - Executing <Task(PythonOperator): get_5m_info> on 2024-07-25 02:00:00+00:00
[2024-07-25T15:17:44.045-0300] {standard_task_runner.py:64} INFO - Started process 2629487 to run task
[2024-07-25T15:17:44.047-0300] {standard_task_runner.py:90} INFO - Running: ['airflow', 'tasks', 'run', 'Binance_5m', 'get_5m_info', 'scheduled__2024-07-25T02:00:00+00:00', '--job-id', '2559', '--raw', '--subdir', 'DAGS_FOLDER/binance_dag.py', '--cfg-path', '/tmp/tmp1dwcu9z5']
[2024-07-25T15:17:44.048-0300] {standard_task_runner.py:91} INFO - Job 2559: Subtask get_5m_info
[2024-07-25T15:17:44.071-0300] {task_command.py:426} INFO - Running <TaskInstance: Binance_5m.get_5m_info scheduled__2024-07-25T02:00:00+00:00 [running]> on host Galaxybook.
[2024-07-25T15:17:44.117-0300] {taskinstance.py:2648} INFO - Exporting env vars: AIRFLOW_CTX_DAG_OWNER='airflow' AIRFLOW_CTX_DAG_ID='Binance_5m' AIRFLOW_CTX_TASK_ID='get_5m_info' AIRFLOW_CTX_EXECUTION_DATE='2024-07-25T02:00:00+00:00' AIRFLOW_CTX_TRY_NUMBER='1' AIRFLOW_CTX_DAG_RUN_ID='scheduled__2024-07-25T02:00:00+00:00'
[2024-07-25T15:17:44.117-0300] {taskinstance.py:430} INFO - ::endgroup::
[2024-07-25T15:17:44.124-0300] {binance_dag.py:23} INFO - End Time: 2024-07-25T02:05:00.00Z
[2024-07-25T15:17:44.124-0300] {binance_dag.py:24} INFO - Start Time: 2024-07-25T02:00:00.00Z
[2024-07-25T15:17:44.182-0300] {binance_dag.py:25} INFO - 1721883600000
[2024-07-25T15:17:44.193-0300] {base.py:84} INFO - Using connection ID 'binance_default' for task execution.
[2024-07-25T15:17:44.193-0300] {logging_mixin.py:188} INFO - https://api.binance.com
[2024-07-25T15:17:44.194-0300] {binance_hook.py:35} INFO - URL: https://api.binance.com/api/v3/klines?symbol=BTCBRL&interval=5m&startTime=1721883600000&endTime=1721883899999
[2024-07-25T15:17:44.585-0300] {python.py:237} INFO - Done. Returned value was: None
[2024-07-25T15:17:44.586-0300] {taskinstance.py:441} INFO - ::group::Post task execution logs
[2024-07-25T15:17:44.588-0300] {taskinstance.py:1206} INFO - Marking task as SUCCESS. dag_id=Binance_5m, task_id=get_5m_info, run_id=scheduled__2024-07-25T02:00:00+00:00, execution_date=20240725T020000, start_date=20240725T181744, end_date=20240725T181744
[2024-07-25T15:17:44.633-0300] {local_task_job_runner.py:243} INFO - Task exited with return code 0
[2024-07-25T15:17:44.642-0300] {taskinstance.py:3503} INFO - 0 downstream tasks scheduled from follow-on schedule check
[2024-07-25T15:17:44.642-0300] {local_task_job_runner.py:222} INFO - ::endgroup::
[2024-07-25T16:14:12.284-0300] {local_task_job_runner.py:120} INFO - ::group::Pre task execution logs
[2024-07-25T16:14:12.291-0300] {taskinstance.py:2076} INFO - Dependencies all met for dep_context=non-requeueable deps ti=<TaskInstance: Binance_5m.get_5m_info scheduled__2024-07-25T02:00:00+00:00 [queued]>
[2024-07-25T16:14:12.294-0300] {taskinstance.py:2076} INFO - Dependencies all met for dep_context=requeueable deps ti=<TaskInstance: Binance_5m.get_5m_info scheduled__2024-07-25T02:00:00+00:00 [queued]>
[2024-07-25T16:14:12.294-0300] {taskinstance.py:2306} INFO - Starting attempt 1 of 1
[2024-07-25T16:14:12.307-0300] {taskinstance.py:2330} INFO - Executing <Task(PythonOperator): get_5m_info> on 2024-07-25 02:00:00+00:00
[2024-07-25T16:14:12.309-0300] {standard_task_runner.py:64} INFO - Started process 2657164 to run task
[2024-07-25T16:14:12.312-0300] {standard_task_runner.py:90} INFO - Running: ['airflow', 'tasks', 'run', 'Binance_5m', 'get_5m_info', 'scheduled__2024-07-25T02:00:00+00:00', '--job-id', '2119', '--raw', '--subdir', 'DAGS_FOLDER/binance_dag.py', '--cfg-path', '/tmp/tmp0yaqwxuv']
[2024-07-25T16:14:12.313-0300] {standard_task_runner.py:91} INFO - Job 2119: Subtask get_5m_info
[2024-07-25T16:14:12.340-0300] {task_command.py:426} INFO - Running <TaskInstance: Binance_5m.get_5m_info scheduled__2024-07-25T02:00:00+00:00 [running]> on host Galaxybook.
[2024-07-25T16:14:12.390-0300] {taskinstance.py:2648} INFO - Exporting env vars: AIRFLOW_CTX_DAG_OWNER='airflow' AIRFLOW_CTX_DAG_ID='Binance_5m' AIRFLOW_CTX_TASK_ID='get_5m_info' AIRFLOW_CTX_EXECUTION_DATE='2024-07-25T02:00:00+00:00' AIRFLOW_CTX_TRY_NUMBER='1' AIRFLOW_CTX_DAG_RUN_ID='scheduled__2024-07-25T02:00:00+00:00'
[2024-07-25T16:14:12.390-0300] {taskinstance.py:430} INFO - ::endgroup::
[2024-07-25T16:14:12.402-0300] {binance_dag.py:22} INFO - End Time: 2024-07-25 02:05:00+00:00
[2024-07-25T16:14:12.402-0300] {binance_dag.py:23} INFO - Start Time: 2024-07-25 02:00:00+00:00
[2024-07-25T16:14:12.402-0300] {binance_dag.py:24} INFO - Start timestamp: 1721872800000
[2024-07-25T16:14:12.402-0300] {binance_dag.py:25} INFO - End timestamp: 1721873100000
[2024-07-25T16:14:12.468-0300] {base.py:84} INFO - Using connection ID 'binance_default' for task execution.
[2024-07-25T16:14:12.469-0300] {logging_mixin.py:188} INFO - https://api.binance.com
[2024-07-25T16:14:12.469-0300] {binance_hook.py:35} INFO - URL: https://api.binance.com/api/v3/klines?symbol=BTCBRL&interval=5m&startTime=1721872800000&endTime=1721873099999&timeZone=-3
[2024-07-25T16:14:13.376-0300] {python.py:237} INFO - Done. Returned value was: None
[2024-07-25T16:14:13.377-0300] {taskinstance.py:441} INFO - ::group::Post task execution logs
[2024-07-25T16:14:13.380-0300] {taskinstance.py:1206} INFO - Marking task as SUCCESS. dag_id=Binance_5m, task_id=get_5m_info, run_id=scheduled__2024-07-25T02:00:00+00:00, execution_date=20240725T020000, start_date=20240725T191412, end_date=20240725T191413
[2024-07-25T16:14:13.429-0300] {local_task_job_runner.py:243} INFO - Task exited with return code 0
[2024-07-25T16:14:13.436-0300] {taskinstance.py:3503} INFO - 0 downstream tasks scheduled from follow-on schedule check
[2024-07-25T16:14:13.436-0300] {local_task_job_runner.py:222} INFO - ::endgroup::
