[2024-07-25T14:22:09.593-0300] {local_task_job_runner.py:120} INFO - ::group::Pre task execution logs
[2024-07-25T14:22:09.598-0300] {taskinstance.py:2076} INFO - Dependencies all met for dep_context=non-requeueable deps ti=<TaskInstance: Binance_5m.get_5m_info scheduled__2024-07-25T01:30:00+00:00 [queued]>
[2024-07-25T14:22:09.601-0300] {taskinstance.py:2076} INFO - Dependencies all met for dep_context=requeueable deps ti=<TaskInstance: Binance_5m.get_5m_info scheduled__2024-07-25T01:30:00+00:00 [queued]>
[2024-07-25T14:22:09.601-0300] {taskinstance.py:2306} INFO - Starting attempt 1 of 1
[2024-07-25T14:22:09.616-0300] {taskinstance.py:2330} INFO - Executing <Task(PythonOperator): get_5m_info> on 2024-07-25 01:30:00+00:00
[2024-07-25T14:22:09.618-0300] {standard_task_runner.py:64} INFO - Started process 2587208 to run task
[2024-07-25T14:22:09.621-0300] {standard_task_runner.py:90} INFO - Running: ['airflow', 'tasks', 'run', 'Binance_5m', 'get_5m_info', 'scheduled__2024-07-25T01:30:00+00:00', '--job-id', '2100', '--raw', '--subdir', 'DAGS_FOLDER/binance_dag.py', '--cfg-path', '/tmp/tmpjj3d0t4y']
[2024-07-25T14:22:09.622-0300] {standard_task_runner.py:91} INFO - Job 2100: Subtask get_5m_info
[2024-07-25T14:22:09.648-0300] {task_command.py:426} INFO - Running <TaskInstance: Binance_5m.get_5m_info scheduled__2024-07-25T01:30:00+00:00 [running]> on host Galaxybook.
[2024-07-25T14:22:09.692-0300] {taskinstance.py:2648} INFO - Exporting env vars: AIRFLOW_CTX_DAG_OWNER='airflow' AIRFLOW_CTX_DAG_ID='Binance_5m' AIRFLOW_CTX_TASK_ID='get_5m_info' AIRFLOW_CTX_EXECUTION_DATE='2024-07-25T01:30:00+00:00' AIRFLOW_CTX_TRY_NUMBER='1' AIRFLOW_CTX_DAG_RUN_ID='scheduled__2024-07-25T01:30:00+00:00'
[2024-07-25T14:22:09.692-0300] {taskinstance.py:430} INFO - ::endgroup::
[2024-07-25T14:22:09.700-0300] {binance_dag.py:23} INFO - End Time: 2024-07-25T01:35:00.00Z
[2024-07-25T14:22:09.766-0300] {base.py:84} INFO - Using connection ID 'binance_default' for task execution.
[2024-07-25T14:22:09.767-0300] {logging_mixin.py:188} INFO - https://api.binance.com
[2024-07-25T14:22:09.767-0300] {binance_hook.py:35} INFO - URL: https://api.binance.com/api/v3/klines?symbol=BTCBRL&interval=5m&startTime=1721881800000&endTime=1721882100000
[2024-07-25T14:22:10.175-0300] {python.py:237} INFO - Done. Returned value was: None
[2024-07-25T14:22:10.176-0300] {taskinstance.py:441} INFO - ::group::Post task execution logs
[2024-07-25T14:22:10.179-0300] {taskinstance.py:1206} INFO - Marking task as SUCCESS. dag_id=Binance_5m, task_id=get_5m_info, run_id=scheduled__2024-07-25T01:30:00+00:00, execution_date=20240725T013000, start_date=20240725T172209, end_date=20240725T172210
[2024-07-25T14:22:10.199-0300] {local_task_job_runner.py:243} INFO - Task exited with return code 0
[2024-07-25T14:22:10.205-0300] {taskinstance.py:3503} INFO - 0 downstream tasks scheduled from follow-on schedule check
[2024-07-25T14:22:10.205-0300] {local_task_job_runner.py:222} INFO - ::endgroup::
[2024-07-25T14:47:17.903-0300] {local_task_job_runner.py:120} INFO - ::group::Pre task execution logs
[2024-07-25T14:47:17.909-0300] {taskinstance.py:2076} INFO - Dependencies all met for dep_context=non-requeueable deps ti=<TaskInstance: Binance_5m.get_5m_info scheduled__2024-07-25T01:30:00+00:00 [queued]>
[2024-07-25T14:47:17.914-0300] {taskinstance.py:2076} INFO - Dependencies all met for dep_context=requeueable deps ti=<TaskInstance: Binance_5m.get_5m_info scheduled__2024-07-25T01:30:00+00:00 [queued]>
[2024-07-25T14:47:17.914-0300] {taskinstance.py:2306} INFO - Starting attempt 1 of 1
[2024-07-25T14:47:17.928-0300] {taskinstance.py:2330} INFO - Executing <Task(PythonOperator): get_5m_info> on 2024-07-25 01:30:00+00:00
[2024-07-25T14:47:17.930-0300] {standard_task_runner.py:64} INFO - Started process 2606664 to run task
[2024-07-25T14:47:17.932-0300] {standard_task_runner.py:90} INFO - Running: ['airflow', 'tasks', 'run', 'Binance_5m', 'get_5m_info', 'scheduled__2024-07-25T01:30:00+00:00', '--job-id', '2104', '--raw', '--subdir', 'DAGS_FOLDER/binance_dag.py', '--cfg-path', '/tmp/tmpdkz3abtb']
[2024-07-25T14:47:17.933-0300] {standard_task_runner.py:91} INFO - Job 2104: Subtask get_5m_info
[2024-07-25T14:47:17.961-0300] {task_command.py:426} INFO - Running <TaskInstance: Binance_5m.get_5m_info scheduled__2024-07-25T01:30:00+00:00 [running]> on host Galaxybook.
[2024-07-25T14:47:18.008-0300] {taskinstance.py:2648} INFO - Exporting env vars: AIRFLOW_CTX_DAG_OWNER='airflow' AIRFLOW_CTX_DAG_ID='Binance_5m' AIRFLOW_CTX_TASK_ID='get_5m_info' AIRFLOW_CTX_EXECUTION_DATE='2024-07-25T01:30:00+00:00' AIRFLOW_CTX_TRY_NUMBER='1' AIRFLOW_CTX_DAG_RUN_ID='scheduled__2024-07-25T01:30:00+00:00'
[2024-07-25T14:47:18.008-0300] {taskinstance.py:430} INFO - ::endgroup::
[2024-07-25T14:47:18.016-0300] {binance_dag.py:23} INFO - End Time: 2024-07-25T01:35:00.00Z
[2024-07-25T14:47:18.016-0300] {binance_dag.py:24} INFO - Start Time: 2024-07-25T01:30:00.00Z
[2024-07-25T14:47:18.077-0300] {base.py:84} INFO - Using connection ID 'binance_default' for task execution.
[2024-07-25T14:47:18.077-0300] {logging_mixin.py:188} INFO - https://api.binance.com
[2024-07-25T14:47:18.078-0300] {binance_hook.py:35} INFO - URL: https://api.binance.com/api/v3/klines?symbol=BTCBRL&interval=5m&startTime=1721881800000&endTime=1721882099999
[2024-07-25T14:47:18.474-0300] {binance_dag.py:43} INFO - r: [[1721881800000, '364682.00000000', '364774.00000000', '364368.00000000', '364774.00000000', '0.05761000', 1721882099999, '21000.51043000', 32, '0.03956000', '14421.65472000', '0']]
[2024-07-25T14:47:18.475-0300] {python.py:237} INFO - Done. Returned value was: None
[2024-07-25T14:47:18.475-0300] {taskinstance.py:441} INFO - ::group::Post task execution logs
[2024-07-25T14:47:18.477-0300] {taskinstance.py:1206} INFO - Marking task as SUCCESS. dag_id=Binance_5m, task_id=get_5m_info, run_id=scheduled__2024-07-25T01:30:00+00:00, execution_date=20240725T013000, start_date=20240725T174717, end_date=20240725T174718
[2024-07-25T14:47:18.511-0300] {local_task_job_runner.py:243} INFO - Task exited with return code 0
[2024-07-25T14:47:18.517-0300] {taskinstance.py:3503} INFO - 0 downstream tasks scheduled from follow-on schedule check
[2024-07-25T14:47:18.518-0300] {local_task_job_runner.py:222} INFO - ::endgroup::
[2024-07-25T15:17:31.356-0300] {local_task_job_runner.py:120} INFO - ::group::Pre task execution logs
[2024-07-25T15:17:31.363-0300] {taskinstance.py:2076} INFO - Dependencies all met for dep_context=non-requeueable deps ti=<TaskInstance: Binance_5m.get_5m_info scheduled__2024-07-25T01:30:00+00:00 [queued]>
[2024-07-25T15:17:31.367-0300] {taskinstance.py:2076} INFO - Dependencies all met for dep_context=requeueable deps ti=<TaskInstance: Binance_5m.get_5m_info scheduled__2024-07-25T01:30:00+00:00 [queued]>
[2024-07-25T15:17:31.368-0300] {taskinstance.py:2306} INFO - Starting attempt 1 of 1
[2024-07-25T15:17:31.382-0300] {taskinstance.py:2330} INFO - Executing <Task(PythonOperator): get_5m_info> on 2024-07-25 01:30:00+00:00
[2024-07-25T15:17:31.384-0300] {standard_task_runner.py:64} INFO - Started process 2629287 to run task
[2024-07-25T15:17:31.386-0300] {standard_task_runner.py:90} INFO - Running: ['airflow', 'tasks', 'run', 'Binance_5m', 'get_5m_info', 'scheduled__2024-07-25T01:30:00+00:00', '--job-id', '2553', '--raw', '--subdir', 'DAGS_FOLDER/binance_dag.py', '--cfg-path', '/tmp/tmp5809ysvv']
[2024-07-25T15:17:31.387-0300] {standard_task_runner.py:91} INFO - Job 2553: Subtask get_5m_info
[2024-07-25T15:17:31.417-0300] {task_command.py:426} INFO - Running <TaskInstance: Binance_5m.get_5m_info scheduled__2024-07-25T01:30:00+00:00 [running]> on host Galaxybook.
[2024-07-25T15:17:31.508-0300] {taskinstance.py:2648} INFO - Exporting env vars: AIRFLOW_CTX_DAG_OWNER='airflow' AIRFLOW_CTX_DAG_ID='Binance_5m' AIRFLOW_CTX_TASK_ID='get_5m_info' AIRFLOW_CTX_EXECUTION_DATE='2024-07-25T01:30:00+00:00' AIRFLOW_CTX_TRY_NUMBER='1' AIRFLOW_CTX_DAG_RUN_ID='scheduled__2024-07-25T01:30:00+00:00'
[2024-07-25T15:17:31.508-0300] {taskinstance.py:430} INFO - ::endgroup::
[2024-07-25T15:17:31.525-0300] {binance_dag.py:23} INFO - End Time: 2024-07-25T01:35:00.00Z
[2024-07-25T15:17:31.525-0300] {binance_dag.py:24} INFO - Start Time: 2024-07-25T01:30:00.00Z
[2024-07-25T15:17:31.606-0300] {binance_dag.py:25} INFO - 1721881800000
[2024-07-25T15:17:31.611-0300] {base.py:84} INFO - Using connection ID 'binance_default' for task execution.
[2024-07-25T15:17:31.611-0300] {logging_mixin.py:188} INFO - https://api.binance.com
[2024-07-25T15:17:31.612-0300] {binance_hook.py:35} INFO - URL: https://api.binance.com/api/v3/klines?symbol=BTCBRL&interval=5m&startTime=1721881800000&endTime=1721882099999
[2024-07-25T15:17:32.006-0300] {python.py:237} INFO - Done. Returned value was: None
[2024-07-25T15:17:32.007-0300] {taskinstance.py:441} INFO - ::group::Post task execution logs
[2024-07-25T15:17:32.009-0300] {taskinstance.py:1206} INFO - Marking task as SUCCESS. dag_id=Binance_5m, task_id=get_5m_info, run_id=scheduled__2024-07-25T01:30:00+00:00, execution_date=20240725T013000, start_date=20240725T181731, end_date=20240725T181732
[2024-07-25T15:17:32.053-0300] {local_task_job_runner.py:243} INFO - Task exited with return code 0
[2024-07-25T15:17:32.059-0300] {taskinstance.py:3503} INFO - 0 downstream tasks scheduled from follow-on schedule check
[2024-07-25T15:17:32.060-0300] {local_task_job_runner.py:222} INFO - ::endgroup::
[2024-07-25T16:13:52.494-0300] {local_task_job_runner.py:120} INFO - ::group::Pre task execution logs
[2024-07-25T16:13:52.502-0300] {taskinstance.py:2076} INFO - Dependencies all met for dep_context=non-requeueable deps ti=<TaskInstance: Binance_5m.get_5m_info scheduled__2024-07-25T01:30:00+00:00 [queued]>
[2024-07-25T16:13:52.506-0300] {taskinstance.py:2076} INFO - Dependencies all met for dep_context=requeueable deps ti=<TaskInstance: Binance_5m.get_5m_info scheduled__2024-07-25T01:30:00+00:00 [queued]>
[2024-07-25T16:13:52.506-0300] {taskinstance.py:2306} INFO - Starting attempt 1 of 1
[2024-07-25T16:13:52.519-0300] {taskinstance.py:2330} INFO - Executing <Task(PythonOperator): get_5m_info> on 2024-07-25 01:30:00+00:00
[2024-07-25T16:13:52.520-0300] {standard_task_runner.py:64} INFO - Started process 2656851 to run task
[2024-07-25T16:13:52.523-0300] {standard_task_runner.py:90} INFO - Running: ['airflow', 'tasks', 'run', 'Binance_5m', 'get_5m_info', 'scheduled__2024-07-25T01:30:00+00:00', '--job-id', '2113', '--raw', '--subdir', 'DAGS_FOLDER/binance_dag.py', '--cfg-path', '/tmp/tmpu2r85i03']
[2024-07-25T16:13:52.524-0300] {standard_task_runner.py:91} INFO - Job 2113: Subtask get_5m_info
[2024-07-25T16:13:52.553-0300] {task_command.py:426} INFO - Running <TaskInstance: Binance_5m.get_5m_info scheduled__2024-07-25T01:30:00+00:00 [running]> on host Galaxybook.
[2024-07-25T16:13:52.603-0300] {taskinstance.py:2648} INFO - Exporting env vars: AIRFLOW_CTX_DAG_OWNER='airflow' AIRFLOW_CTX_DAG_ID='Binance_5m' AIRFLOW_CTX_TASK_ID='get_5m_info' AIRFLOW_CTX_EXECUTION_DATE='2024-07-25T01:30:00+00:00' AIRFLOW_CTX_TRY_NUMBER='1' AIRFLOW_CTX_DAG_RUN_ID='scheduled__2024-07-25T01:30:00+00:00'
[2024-07-25T16:13:52.603-0300] {taskinstance.py:430} INFO - ::endgroup::
[2024-07-25T16:13:52.611-0300] {binance_dag.py:22} INFO - End Time: 2024-07-25 01:35:00+00:00
[2024-07-25T16:13:52.612-0300] {binance_dag.py:23} INFO - Start Time: 2024-07-25 01:30:00+00:00
[2024-07-25T16:13:52.612-0300] {binance_dag.py:24} INFO - Start timestamp: 1721871000000
[2024-07-25T16:13:52.612-0300] {binance_dag.py:25} INFO - End timestamp: 1721871300000
[2024-07-25T16:13:52.676-0300] {base.py:84} INFO - Using connection ID 'binance_default' for task execution.
[2024-07-25T16:13:52.676-0300] {logging_mixin.py:188} INFO - https://api.binance.com
[2024-07-25T16:13:52.677-0300] {binance_hook.py:35} INFO - URL: https://api.binance.com/api/v3/klines?symbol=BTCBRL&interval=5m&startTime=1721871000000&endTime=1721871299999&timeZone=-3
[2024-07-25T16:13:53.075-0300] {python.py:237} INFO - Done. Returned value was: None
[2024-07-25T16:13:53.076-0300] {taskinstance.py:441} INFO - ::group::Post task execution logs
[2024-07-25T16:13:53.079-0300] {taskinstance.py:1206} INFO - Marking task as SUCCESS. dag_id=Binance_5m, task_id=get_5m_info, run_id=scheduled__2024-07-25T01:30:00+00:00, execution_date=20240725T013000, start_date=20240725T191352, end_date=20240725T191353
[2024-07-25T16:13:53.107-0300] {local_task_job_runner.py:243} INFO - Task exited with return code 0
[2024-07-25T16:13:53.115-0300] {taskinstance.py:3503} INFO - 0 downstream tasks scheduled from follow-on schedule check
[2024-07-25T16:13:53.116-0300] {local_task_job_runner.py:222} INFO - ::endgroup::
