[2024-07-25T14:49:05.654-0300] {local_task_job_runner.py:120} INFO - ::group::Pre task execution logs
[2024-07-25T14:49:05.659-0300] {taskinstance.py:2076} INFO - Dependencies all met for dep_context=non-requeueable deps ti=<TaskInstance: Binance_5m.get_5m_info scheduled__2024-07-25T05:15:00+00:00 [queued]>
[2024-07-25T14:49:05.662-0300] {taskinstance.py:2076} INFO - Dependencies all met for dep_context=requeueable deps ti=<TaskInstance: Binance_5m.get_5m_info scheduled__2024-07-25T05:15:00+00:00 [queued]>
[2024-07-25T14:49:05.662-0300] {taskinstance.py:2306} INFO - Starting attempt 1 of 1
[2024-07-25T14:49:05.676-0300] {taskinstance.py:2330} INFO - Executing <Task(PythonOperator): get_5m_info> on 2024-07-25 05:15:00+00:00
[2024-07-25T14:49:05.677-0300] {standard_task_runner.py:64} INFO - Started process 2608484 to run task
[2024-07-25T14:49:05.680-0300] {standard_task_runner.py:90} INFO - Running: ['airflow', 'tasks', 'run', 'Binance_5m', 'get_5m_info', 'scheduled__2024-07-25T05:15:00+00:00', '--job-id', '2149', '--raw', '--subdir', 'DAGS_FOLDER/binance_dag.py', '--cfg-path', '/tmp/tmpb1tngm_b']
[2024-07-25T14:49:05.681-0300] {standard_task_runner.py:91} INFO - Job 2149: Subtask get_5m_info
[2024-07-25T14:49:05.708-0300] {task_command.py:426} INFO - Running <TaskInstance: Binance_5m.get_5m_info scheduled__2024-07-25T05:15:00+00:00 [running]> on host Galaxybook.
[2024-07-25T14:49:05.766-0300] {taskinstance.py:2648} INFO - Exporting env vars: AIRFLOW_CTX_DAG_OWNER='airflow' AIRFLOW_CTX_DAG_ID='Binance_5m' AIRFLOW_CTX_TASK_ID='get_5m_info' AIRFLOW_CTX_EXECUTION_DATE='2024-07-25T05:15:00+00:00' AIRFLOW_CTX_TRY_NUMBER='1' AIRFLOW_CTX_DAG_RUN_ID='scheduled__2024-07-25T05:15:00+00:00'
[2024-07-25T14:49:05.766-0300] {taskinstance.py:430} INFO - ::endgroup::
[2024-07-25T14:49:05.775-0300] {binance_dag.py:23} INFO - End Time: 2024-07-25T05:20:00.00Z
[2024-07-25T14:49:05.775-0300] {binance_dag.py:24} INFO - Start Time: 2024-07-25T05:15:00.00Z
[2024-07-25T14:49:05.836-0300] {base.py:84} INFO - Using connection ID 'binance_default' for task execution.
[2024-07-25T14:49:05.836-0300] {logging_mixin.py:188} INFO - https://api.binance.com
[2024-07-25T14:49:05.837-0300] {binance_hook.py:35} INFO - URL: https://api.binance.com/api/v3/klines?symbol=BTCBRL&interval=5m&startTime=1721895300000&endTime=1721895599999
[2024-07-25T14:49:06.273-0300] {binance_dag.py:43} INFO - r: [[1721895300000, '365002.00000000', '365002.00000000', '364162.00000000', '364220.00000000', '0.21408000', 1721895599999, '78088.06768000', 20, '0.16322000', '59544.34951000', '0']]
[2024-07-25T14:49:06.274-0300] {python.py:237} INFO - Done. Returned value was: None
[2024-07-25T14:49:06.274-0300] {taskinstance.py:441} INFO - ::group::Post task execution logs
[2024-07-25T14:49:06.276-0300] {taskinstance.py:1206} INFO - Marking task as SUCCESS. dag_id=Binance_5m, task_id=get_5m_info, run_id=scheduled__2024-07-25T05:15:00+00:00, execution_date=20240725T051500, start_date=20240725T174905, end_date=20240725T174906
[2024-07-25T14:49:06.304-0300] {local_task_job_runner.py:243} INFO - Task exited with return code 0
[2024-07-25T14:49:06.319-0300] {taskinstance.py:3503} INFO - 0 downstream tasks scheduled from follow-on schedule check
[2024-07-25T14:49:06.319-0300] {local_task_job_runner.py:222} INFO - ::endgroup::
[2024-07-25T15:19:14.651-0300] {local_task_job_runner.py:120} INFO - ::group::Pre task execution logs
[2024-07-25T15:19:14.656-0300] {taskinstance.py:2076} INFO - Dependencies all met for dep_context=non-requeueable deps ti=<TaskInstance: Binance_5m.get_5m_info scheduled__2024-07-25T05:15:00+00:00 [queued]>
[2024-07-25T15:19:14.659-0300] {taskinstance.py:2076} INFO - Dependencies all met for dep_context=requeueable deps ti=<TaskInstance: Binance_5m.get_5m_info scheduled__2024-07-25T05:15:00+00:00 [queued]>
[2024-07-25T15:19:14.659-0300] {taskinstance.py:2306} INFO - Starting attempt 1 of 1
[2024-07-25T15:19:14.673-0300] {taskinstance.py:2330} INFO - Executing <Task(PythonOperator): get_5m_info> on 2024-07-25 05:15:00+00:00
[2024-07-25T15:19:14.674-0300] {standard_task_runner.py:64} INFO - Started process 2630988 to run task
[2024-07-25T15:19:14.676-0300] {standard_task_runner.py:90} INFO - Running: ['airflow', 'tasks', 'run', 'Binance_5m', 'get_5m_info', 'scheduled__2024-07-25T05:15:00+00:00', '--job-id', '2598', '--raw', '--subdir', 'DAGS_FOLDER/binance_dag.py', '--cfg-path', '/tmp/tmpcogn97nd']
[2024-07-25T15:19:14.677-0300] {standard_task_runner.py:91} INFO - Job 2598: Subtask get_5m_info
[2024-07-25T15:19:14.701-0300] {task_command.py:426} INFO - Running <TaskInstance: Binance_5m.get_5m_info scheduled__2024-07-25T05:15:00+00:00 [running]> on host Galaxybook.
[2024-07-25T15:19:14.752-0300] {taskinstance.py:2648} INFO - Exporting env vars: AIRFLOW_CTX_DAG_OWNER='airflow' AIRFLOW_CTX_DAG_ID='Binance_5m' AIRFLOW_CTX_TASK_ID='get_5m_info' AIRFLOW_CTX_EXECUTION_DATE='2024-07-25T05:15:00+00:00' AIRFLOW_CTX_TRY_NUMBER='1' AIRFLOW_CTX_DAG_RUN_ID='scheduled__2024-07-25T05:15:00+00:00'
[2024-07-25T15:19:14.753-0300] {taskinstance.py:430} INFO - ::endgroup::
[2024-07-25T15:19:14.760-0300] {binance_dag.py:23} INFO - End Time: 2024-07-25T05:20:00.00Z
[2024-07-25T15:19:14.760-0300] {binance_dag.py:24} INFO - Start Time: 2024-07-25T05:15:00.00Z
[2024-07-25T15:19:14.811-0300] {binance_dag.py:25} INFO - 1721895300000
[2024-07-25T15:19:14.813-0300] {base.py:84} INFO - Using connection ID 'binance_default' for task execution.
[2024-07-25T15:19:14.813-0300] {logging_mixin.py:188} INFO - https://api.binance.com
[2024-07-25T15:19:14.814-0300] {binance_hook.py:35} INFO - URL: https://api.binance.com/api/v3/klines?symbol=BTCBRL&interval=5m&startTime=1721895300000&endTime=1721895599999
[2024-07-25T15:19:15.213-0300] {python.py:237} INFO - Done. Returned value was: None
[2024-07-25T15:19:15.214-0300] {taskinstance.py:441} INFO - ::group::Post task execution logs
[2024-07-25T15:19:15.217-0300] {taskinstance.py:1206} INFO - Marking task as SUCCESS. dag_id=Binance_5m, task_id=get_5m_info, run_id=scheduled__2024-07-25T05:15:00+00:00, execution_date=20240725T051500, start_date=20240725T181914, end_date=20240725T181915
[2024-07-25T15:19:15.261-0300] {local_task_job_runner.py:243} INFO - Task exited with return code 0
[2024-07-25T15:19:15.270-0300] {taskinstance.py:3503} INFO - 0 downstream tasks scheduled from follow-on schedule check
[2024-07-25T15:19:15.271-0300] {local_task_job_runner.py:222} INFO - ::endgroup::
[2024-07-25T16:15:46.893-0300] {local_task_job_runner.py:120} INFO - ::group::Pre task execution logs
[2024-07-25T16:15:46.899-0300] {taskinstance.py:2076} INFO - Dependencies all met for dep_context=non-requeueable deps ti=<TaskInstance: Binance_5m.get_5m_info scheduled__2024-07-25T05:15:00+00:00 [queued]>
[2024-07-25T16:15:46.902-0300] {taskinstance.py:2076} INFO - Dependencies all met for dep_context=requeueable deps ti=<TaskInstance: Binance_5m.get_5m_info scheduled__2024-07-25T05:15:00+00:00 [queued]>
[2024-07-25T16:15:46.902-0300] {taskinstance.py:2306} INFO - Starting attempt 1 of 1
[2024-07-25T16:15:46.917-0300] {taskinstance.py:2330} INFO - Executing <Task(PythonOperator): get_5m_info> on 2024-07-25 05:15:00+00:00
[2024-07-25T16:15:46.919-0300] {standard_task_runner.py:64} INFO - Started process 2658727 to run task
[2024-07-25T16:15:46.921-0300] {standard_task_runner.py:90} INFO - Running: ['airflow', 'tasks', 'run', 'Binance_5m', 'get_5m_info', 'scheduled__2024-07-25T05:15:00+00:00', '--job-id', '2158', '--raw', '--subdir', 'DAGS_FOLDER/binance_dag.py', '--cfg-path', '/tmp/tmp48y4sn6o']
[2024-07-25T16:15:46.922-0300] {standard_task_runner.py:91} INFO - Job 2158: Subtask get_5m_info
[2024-07-25T16:15:46.949-0300] {task_command.py:426} INFO - Running <TaskInstance: Binance_5m.get_5m_info scheduled__2024-07-25T05:15:00+00:00 [running]> on host Galaxybook.
[2024-07-25T16:15:47.002-0300] {taskinstance.py:2648} INFO - Exporting env vars: AIRFLOW_CTX_DAG_OWNER='airflow' AIRFLOW_CTX_DAG_ID='Binance_5m' AIRFLOW_CTX_TASK_ID='get_5m_info' AIRFLOW_CTX_EXECUTION_DATE='2024-07-25T05:15:00+00:00' AIRFLOW_CTX_TRY_NUMBER='1' AIRFLOW_CTX_DAG_RUN_ID='scheduled__2024-07-25T05:15:00+00:00'
[2024-07-25T16:15:47.003-0300] {taskinstance.py:430} INFO - ::endgroup::
[2024-07-25T16:15:47.012-0300] {binance_dag.py:22} INFO - End Time: 2024-07-25 05:20:00+00:00
[2024-07-25T16:15:47.012-0300] {binance_dag.py:23} INFO - Start Time: 2024-07-25 05:15:00+00:00
[2024-07-25T16:15:47.012-0300] {binance_dag.py:24} INFO - Start timestamp: 1721884500000
[2024-07-25T16:15:47.012-0300] {binance_dag.py:25} INFO - End timestamp: 1721884800000
[2024-07-25T16:15:47.072-0300] {base.py:84} INFO - Using connection ID 'binance_default' for task execution.
[2024-07-25T16:15:47.072-0300] {logging_mixin.py:188} INFO - https://api.binance.com
[2024-07-25T16:15:47.073-0300] {binance_hook.py:35} INFO - URL: https://api.binance.com/api/v3/klines?symbol=BTCBRL&interval=5m&startTime=1721884500000&endTime=1721884799999&timeZone=-3
[2024-07-25T16:15:47.509-0300] {python.py:237} INFO - Done. Returned value was: None
[2024-07-25T16:15:47.510-0300] {taskinstance.py:441} INFO - ::group::Post task execution logs
[2024-07-25T16:15:47.512-0300] {taskinstance.py:1206} INFO - Marking task as SUCCESS. dag_id=Binance_5m, task_id=get_5m_info, run_id=scheduled__2024-07-25T05:15:00+00:00, execution_date=20240725T051500, start_date=20240725T191546, end_date=20240725T191547
[2024-07-25T16:15:47.545-0300] {local_task_job_runner.py:243} INFO - Task exited with return code 0
[2024-07-25T16:15:47.550-0300] {taskinstance.py:3503} INFO - 0 downstream tasks scheduled from follow-on schedule check
[2024-07-25T16:15:47.551-0300] {local_task_job_runner.py:222} INFO - ::endgroup::
