[2024-07-25T14:55:12.373-0300] {local_task_job_runner.py:120} INFO - ::group::Pre task execution logs
[2024-07-25T14:55:12.378-0300] {taskinstance.py:2076} INFO - Dependencies all met for dep_context=non-requeueable deps ti=<TaskInstance: Mercado_5m.get_5m_info scheduled__2024-07-25T01:05:00+00:00 [queued]>
[2024-07-25T14:55:12.381-0300] {taskinstance.py:2076} INFO - Dependencies all met for dep_context=requeueable deps ti=<TaskInstance: Mercado_5m.get_5m_info scheduled__2024-07-25T01:05:00+00:00 [queued]>
[2024-07-25T14:55:12.381-0300] {taskinstance.py:2306} INFO - Starting attempt 1 of 1
[2024-07-25T14:55:12.395-0300] {taskinstance.py:2330} INFO - Executing <Task(PythonOperator): get_5m_info> on 2024-07-25 01:05:00+00:00
[2024-07-25T14:55:12.397-0300] {standard_task_runner.py:64} INFO - Started process 2614663 to run task
[2024-07-25T14:55:12.399-0300] {standard_task_runner.py:90} INFO - Running: ['airflow', 'tasks', 'run', 'Mercado_5m', 'get_5m_info', 'scheduled__2024-07-25T01:05:00+00:00', '--job-id', '2317', '--raw', '--subdir', 'DAGS_FOLDER/mercado_dag.py', '--cfg-path', '/tmp/tmpuy23i4j0']
[2024-07-25T14:55:12.400-0300] {standard_task_runner.py:91} INFO - Job 2317: Subtask get_5m_info
[2024-07-25T14:55:12.424-0300] {task_command.py:426} INFO - Running <TaskInstance: Mercado_5m.get_5m_info scheduled__2024-07-25T01:05:00+00:00 [running]> on host Galaxybook.
[2024-07-25T14:55:12.471-0300] {taskinstance.py:2648} INFO - Exporting env vars: AIRFLOW_CTX_DAG_OWNER='airflow' AIRFLOW_CTX_DAG_ID='Mercado_5m' AIRFLOW_CTX_TASK_ID='get_5m_info' AIRFLOW_CTX_EXECUTION_DATE='2024-07-25T01:05:00+00:00' AIRFLOW_CTX_TRY_NUMBER='1' AIRFLOW_CTX_DAG_RUN_ID='scheduled__2024-07-25T01:05:00+00:00'
[2024-07-25T14:55:12.472-0300] {taskinstance.py:430} INFO - ::endgroup::
[2024-07-25T14:55:12.549-0300] {base.py:84} INFO - Using connection ID 'mercado_default' for task execution.
[2024-07-25T14:55:12.550-0300] {mercado_hook.py:31} INFO - URL: https://api.mercadobitcoin.net/api/v4/candles?symbol=BTC-BRL&resolution=5m&to=1721880600&from=1721880300
[2024-07-25T14:55:12.817-0300] {python.py:237} INFO - Done. Returned value was: None
[2024-07-25T14:55:12.818-0300] {taskinstance.py:441} INFO - ::group::Post task execution logs
[2024-07-25T14:55:12.820-0300] {taskinstance.py:1206} INFO - Marking task as SUCCESS. dag_id=Mercado_5m, task_id=get_5m_info, run_id=scheduled__2024-07-25T01:05:00+00:00, execution_date=20240725T010500, start_date=20240725T175512, end_date=20240725T175512
[2024-07-25T14:55:12.855-0300] {local_task_job_runner.py:243} INFO - Task exited with return code 0
[2024-07-25T14:55:12.861-0300] {taskinstance.py:3503} INFO - 0 downstream tasks scheduled from follow-on schedule check
[2024-07-25T14:55:12.862-0300] {local_task_job_runner.py:222} INFO - ::endgroup::
[2024-07-25T16:18:43.084-0300] {local_task_job_runner.py:120} INFO - ::group::Pre task execution logs
[2024-07-25T16:18:43.092-0300] {taskinstance.py:2076} INFO - Dependencies all met for dep_context=non-requeueable deps ti=<TaskInstance: Mercado_5m.get_5m_info scheduled__2024-07-25T01:05:00+00:00 [queued]>
[2024-07-25T16:18:43.096-0300] {taskinstance.py:2076} INFO - Dependencies all met for dep_context=requeueable deps ti=<TaskInstance: Mercado_5m.get_5m_info scheduled__2024-07-25T01:05:00+00:00 [queued]>
[2024-07-25T16:18:43.096-0300] {taskinstance.py:2306} INFO - Starting attempt 1 of 1
[2024-07-25T16:18:43.109-0300] {taskinstance.py:2330} INFO - Executing <Task(PythonOperator): get_5m_info> on 2024-07-25 01:05:00+00:00
[2024-07-25T16:18:43.111-0300] {standard_task_runner.py:64} INFO - Started process 2661679 to run task
[2024-07-25T16:18:43.113-0300] {standard_task_runner.py:90} INFO - Running: ['airflow', 'tasks', 'run', 'Mercado_5m', 'get_5m_info', 'scheduled__2024-07-25T01:05:00+00:00', '--job-id', '2236', '--raw', '--subdir', 'DAGS_FOLDER/mercado_dag.py', '--cfg-path', '/tmp/tmppoc06d57']
[2024-07-25T16:18:43.115-0300] {standard_task_runner.py:91} INFO - Job 2236: Subtask get_5m_info
[2024-07-25T16:18:43.150-0300] {task_command.py:426} INFO - Running <TaskInstance: Mercado_5m.get_5m_info scheduled__2024-07-25T01:05:00+00:00 [running]> on host Galaxybook.
[2024-07-25T16:18:43.210-0300] {taskinstance.py:2648} INFO - Exporting env vars: AIRFLOW_CTX_DAG_OWNER='airflow' AIRFLOW_CTX_DAG_ID='Mercado_5m' AIRFLOW_CTX_TASK_ID='get_5m_info' AIRFLOW_CTX_EXECUTION_DATE='2024-07-25T01:05:00+00:00' AIRFLOW_CTX_TRY_NUMBER='1' AIRFLOW_CTX_DAG_RUN_ID='scheduled__2024-07-25T01:05:00+00:00'
[2024-07-25T16:18:43.211-0300] {taskinstance.py:430} INFO - ::endgroup::
[2024-07-25T16:18:43.222-0300] {mercado_dag.py:22} INFO - To: 2024-07-25 01:10:00+00:00
[2024-07-25T16:18:43.222-0300] {mercado_dag.py:23} INFO - From: 2024-07-25 01:05:00+00:00
[2024-07-25T16:18:43.222-0300] {mercado_dag.py:24} INFO - 
[2024-07-25T16:18:43.306-0300] {base.py:84} INFO - Using connection ID 'mercado_default' for task execution.
[2024-07-25T16:18:43.307-0300] {mercado_hook.py:31} INFO - URL: https://api.mercadobitcoin.net/api/v4/candles?symbol=BTC-BRL&resolution=5m&to=1721869800&from=1721869500
[2024-07-25T16:18:43.602-0300] {python.py:237} INFO - Done. Returned value was: None
[2024-07-25T16:18:43.603-0300] {taskinstance.py:441} INFO - ::group::Post task execution logs
[2024-07-25T16:18:43.605-0300] {taskinstance.py:1206} INFO - Marking task as SUCCESS. dag_id=Mercado_5m, task_id=get_5m_info, run_id=scheduled__2024-07-25T01:05:00+00:00, execution_date=20240725T010500, start_date=20240725T191843, end_date=20240725T191843
[2024-07-25T16:18:43.653-0300] {local_task_job_runner.py:243} INFO - Task exited with return code 0
[2024-07-25T16:18:43.660-0300] {taskinstance.py:3503} INFO - 0 downstream tasks scheduled from follow-on schedule check
[2024-07-25T16:18:43.660-0300] {local_task_job_runner.py:222} INFO - ::endgroup::
[2024-07-25T16:22:52.921-0300] {local_task_job_runner.py:120} INFO - ::group::Pre task execution logs
[2024-07-25T16:22:52.929-0300] {taskinstance.py:2076} INFO - Dependencies all met for dep_context=non-requeueable deps ti=<TaskInstance: Mercado_5m.get_5m_info scheduled__2024-07-25T01:05:00+00:00 [queued]>
[2024-07-25T16:22:52.932-0300] {taskinstance.py:2076} INFO - Dependencies all met for dep_context=requeueable deps ti=<TaskInstance: Mercado_5m.get_5m_info scheduled__2024-07-25T01:05:00+00:00 [queued]>
[2024-07-25T16:22:52.932-0300] {taskinstance.py:2306} INFO - Starting attempt 1 of 1
[2024-07-25T16:22:52.946-0300] {taskinstance.py:2330} INFO - Executing <Task(PythonOperator): get_5m_info> on 2024-07-25 01:05:00+00:00
[2024-07-25T16:22:52.949-0300] {standard_task_runner.py:64} INFO - Started process 2665919 to run task
[2024-07-25T16:22:52.951-0300] {standard_task_runner.py:90} INFO - Running: ['airflow', 'tasks', 'run', 'Mercado_5m', 'get_5m_info', 'scheduled__2024-07-25T01:05:00+00:00', '--job-id', '2360', '--raw', '--subdir', 'DAGS_FOLDER/mercado_dag.py', '--cfg-path', '/tmp/tmpzpp97z8_']
[2024-07-25T16:22:52.952-0300] {standard_task_runner.py:91} INFO - Job 2360: Subtask get_5m_info
[2024-07-25T16:22:52.985-0300] {task_command.py:426} INFO - Running <TaskInstance: Mercado_5m.get_5m_info scheduled__2024-07-25T01:05:00+00:00 [running]> on host Galaxybook.
[2024-07-25T16:22:53.040-0300] {taskinstance.py:2648} INFO - Exporting env vars: AIRFLOW_CTX_DAG_OWNER='airflow' AIRFLOW_CTX_DAG_ID='Mercado_5m' AIRFLOW_CTX_TASK_ID='get_5m_info' AIRFLOW_CTX_EXECUTION_DATE='2024-07-25T01:05:00+00:00' AIRFLOW_CTX_TRY_NUMBER='1' AIRFLOW_CTX_DAG_RUN_ID='scheduled__2024-07-25T01:05:00+00:00'
[2024-07-25T16:22:53.041-0300] {taskinstance.py:430} INFO - ::endgroup::
[2024-07-25T16:22:53.051-0300] {mercado_dag.py:22} INFO - To: 2024-07-25 01:10:00+00:00
[2024-07-25T16:22:53.051-0300] {mercado_dag.py:23} INFO - From: 2024-07-25 01:05:00+00:00
[2024-07-25T16:22:53.051-0300] {mercado_dag.py:24} INFO - To timestamp: 1721869800 
[2024-07-25T16:22:53.051-0300] {mercado_dag.py:25} INFO - From timestamp: 1721869500 
[2024-07-25T16:22:53.138-0300] {base.py:84} INFO - Using connection ID 'mercado_default' for task execution.
[2024-07-25T16:22:53.139-0300] {mercado_hook.py:31} INFO - URL: https://api.mercadobitcoin.net/api/v4/candles?symbol=BTC-BRL&resolution=5m&to=1721869800&from=1721869500
[2024-07-25T16:22:53.434-0300] {python.py:237} INFO - Done. Returned value was: None
[2024-07-25T16:22:53.435-0300] {taskinstance.py:441} INFO - ::group::Post task execution logs
[2024-07-25T16:22:53.437-0300] {taskinstance.py:1206} INFO - Marking task as SUCCESS. dag_id=Mercado_5m, task_id=get_5m_info, run_id=scheduled__2024-07-25T01:05:00+00:00, execution_date=20240725T010500, start_date=20240725T192252, end_date=20240725T192253
[2024-07-25T16:22:53.452-0300] {local_task_job_runner.py:243} INFO - Task exited with return code 0
[2024-07-25T16:22:53.459-0300] {taskinstance.py:3503} INFO - 0 downstream tasks scheduled from follow-on schedule check
[2024-07-25T16:22:53.460-0300] {local_task_job_runner.py:222} INFO - ::endgroup::
[2024-07-25T16:25:33.604-0300] {local_task_job_runner.py:120} INFO - ::group::Pre task execution logs
[2024-07-25T16:25:33.609-0300] {taskinstance.py:2076} INFO - Dependencies all met for dep_context=non-requeueable deps ti=<TaskInstance: Mercado_5m.get_5m_info scheduled__2024-07-25T01:05:00+00:00 [queued]>
[2024-07-25T16:25:33.612-0300] {taskinstance.py:2076} INFO - Dependencies all met for dep_context=requeueable deps ti=<TaskInstance: Mercado_5m.get_5m_info scheduled__2024-07-25T01:05:00+00:00 [queued]>
[2024-07-25T16:25:33.613-0300] {taskinstance.py:2306} INFO - Starting attempt 1 of 1
[2024-07-25T16:25:33.627-0300] {taskinstance.py:2330} INFO - Executing <Task(PythonOperator): get_5m_info> on 2024-07-25 01:05:00+00:00
[2024-07-25T16:25:33.629-0300] {standard_task_runner.py:64} INFO - Started process 2668617 to run task
[2024-07-25T16:25:33.632-0300] {standard_task_runner.py:90} INFO - Running: ['airflow', 'tasks', 'run', 'Mercado_5m', 'get_5m_info', 'scheduled__2024-07-25T01:05:00+00:00', '--job-id', '2433', '--raw', '--subdir', 'DAGS_FOLDER/mercado_dag.py', '--cfg-path', '/tmp/tmpy5a_tsop']
[2024-07-25T16:25:33.633-0300] {standard_task_runner.py:91} INFO - Job 2433: Subtask get_5m_info
[2024-07-25T16:25:33.664-0300] {task_command.py:426} INFO - Running <TaskInstance: Mercado_5m.get_5m_info scheduled__2024-07-25T01:05:00+00:00 [running]> on host Galaxybook.
[2024-07-25T16:25:33.714-0300] {taskinstance.py:2648} INFO - Exporting env vars: AIRFLOW_CTX_DAG_OWNER='airflow' AIRFLOW_CTX_DAG_ID='Mercado_5m' AIRFLOW_CTX_TASK_ID='get_5m_info' AIRFLOW_CTX_EXECUTION_DATE='2024-07-25T01:05:00+00:00' AIRFLOW_CTX_TRY_NUMBER='1' AIRFLOW_CTX_DAG_RUN_ID='scheduled__2024-07-25T01:05:00+00:00'
[2024-07-25T16:25:33.715-0300] {taskinstance.py:430} INFO - ::endgroup::
[2024-07-25T16:25:33.722-0300] {mercado_dag.py:22} INFO - To: 2024-07-25 01:10:00+00:00
[2024-07-25T16:25:33.722-0300] {mercado_dag.py:23} INFO - From: 2024-07-25 01:05:00+00:00
[2024-07-25T16:25:33.723-0300] {mercado_dag.py:24} INFO - To timestamp: 1721869800000 
[2024-07-25T16:25:33.723-0300] {mercado_dag.py:25} INFO - From timestamp: 1721869500000 
[2024-07-25T16:25:33.795-0300] {base.py:84} INFO - Using connection ID 'mercado_default' for task execution.
[2024-07-25T16:25:33.796-0300] {mercado_hook.py:31} INFO - URL: https://api.mercadobitcoin.net/api/v4/candles?symbol=BTC-BRL&resolution=5m&to=1721869800000&from=1721869500000
[2024-07-25T16:25:34.071-0300] {python.py:237} INFO - Done. Returned value was: None
[2024-07-25T16:25:34.072-0300] {taskinstance.py:441} INFO - ::group::Post task execution logs
[2024-07-25T16:25:34.074-0300] {taskinstance.py:1206} INFO - Marking task as SUCCESS. dag_id=Mercado_5m, task_id=get_5m_info, run_id=scheduled__2024-07-25T01:05:00+00:00, execution_date=20240725T010500, start_date=20240725T192533, end_date=20240725T192534
[2024-07-25T16:25:34.133-0300] {local_task_job_runner.py:243} INFO - Task exited with return code 0
[2024-07-25T16:25:34.141-0300] {taskinstance.py:3503} INFO - 0 downstream tasks scheduled from follow-on schedule check
[2024-07-25T16:25:34.141-0300] {local_task_job_runner.py:222} INFO - ::endgroup::
