[2024-07-25T15:57:01.095-0300] {local_task_job_runner.py:120} INFO - ::group::Pre task execution logs
[2024-07-25T15:57:01.102-0300] {taskinstance.py:2076} INFO - Dependencies all met for dep_context=non-requeueable deps ti=<TaskInstance: Binance_5m.get_5m_info manual__2024-07-25T18:56:59.350122+00:00 [queued]>
[2024-07-25T15:57:01.106-0300] {taskinstance.py:2076} INFO - Dependencies all met for dep_context=requeueable deps ti=<TaskInstance: Binance_5m.get_5m_info manual__2024-07-25T18:56:59.350122+00:00 [queued]>
[2024-07-25T15:57:01.106-0300] {taskinstance.py:2306} INFO - Starting attempt 1 of 1
[2024-07-25T15:57:01.122-0300] {taskinstance.py:2330} INFO - Executing <Task(PythonOperator): get_5m_info> on 2024-07-25 18:56:59.350122+00:00
[2024-07-25T15:57:01.124-0300] {standard_task_runner.py:64} INFO - Started process 2648594 to run task
[2024-07-25T15:57:01.125-0300] {standard_task_runner.py:90} INFO - Running: ['airflow', 'tasks', 'run', 'Binance_5m', 'get_5m_info', 'manual__2024-07-25T18:56:59.350122+00:00', '--job-id', '2766', '--raw', '--subdir', 'DAGS_FOLDER/binance_dag.py', '--cfg-path', '/tmp/tmpqe0anb0k']
[2024-07-25T15:57:01.126-0300] {standard_task_runner.py:91} INFO - Job 2766: Subtask get_5m_info
[2024-07-25T15:57:01.160-0300] {task_command.py:426} INFO - Running <TaskInstance: Binance_5m.get_5m_info manual__2024-07-25T18:56:59.350122+00:00 [running]> on host Galaxybook.
[2024-07-25T15:57:01.217-0300] {taskinstance.py:2648} INFO - Exporting env vars: AIRFLOW_CTX_DAG_OWNER='airflow' AIRFLOW_CTX_DAG_ID='Binance_5m' AIRFLOW_CTX_TASK_ID='get_5m_info' AIRFLOW_CTX_EXECUTION_DATE='2024-07-25T18:56:59.350122+00:00' AIRFLOW_CTX_TRY_NUMBER='1' AIRFLOW_CTX_DAG_RUN_ID='manual__2024-07-25T18:56:59.350122+00:00'
[2024-07-25T15:57:01.217-0300] {taskinstance.py:430} INFO - ::endgroup::
[2024-07-25T15:57:01.226-0300] {binance_dag.py:23} INFO - End Time: 2024-07-25T18:55:00.00Z
[2024-07-25T15:57:01.226-0300] {binance_dag.py:24} INFO - Start Time: 2024-07-25T18:50:00.00Z
[2024-07-25T15:57:01.303-0300] {binance_dag.py:25} INFO - Start timestamp: 1721944200000
[2024-07-25T15:57:01.304-0300] {binance_dag.py:26} INFO - End timestamp: 1721944500000
[2024-07-25T15:57:01.307-0300] {base.py:84} INFO - Using connection ID 'binance_default' for task execution.
[2024-07-25T15:57:01.307-0300] {logging_mixin.py:188} INFO - https://api.binance.com
[2024-07-25T15:57:01.308-0300] {binance_hook.py:35} INFO - URL: https://api.binance.com/api/v3/klines?symbol=BTCBRL&interval=5m&startTime=1721944200000&endTime=1721944499999&timeZone=-3
[2024-07-25T15:57:06.715-0300] {python.py:237} INFO - Done. Returned value was: None
[2024-07-25T15:57:06.715-0300] {taskinstance.py:441} INFO - ::group::Post task execution logs
[2024-07-25T15:57:06.717-0300] {taskinstance.py:1206} INFO - Marking task as SUCCESS. dag_id=Binance_5m, task_id=get_5m_info, run_id=manual__2024-07-25T18:56:59.350122+00:00, execution_date=20240725T185659, start_date=20240725T185701, end_date=20240725T185706
[2024-07-25T15:57:06.755-0300] {local_task_job_runner.py:243} INFO - Task exited with return code 0
[2024-07-25T15:57:06.761-0300] {taskinstance.py:3503} INFO - 0 downstream tasks scheduled from follow-on schedule check
[2024-07-25T15:57:06.761-0300] {local_task_job_runner.py:222} INFO - ::endgroup::
