[2024-07-25T14:47:27.928-0300] {local_task_job_runner.py:120} INFO - ::group::Pre task execution logs
[2024-07-25T14:47:27.933-0300] {taskinstance.py:2076} INFO - Dependencies all met for dep_context=non-requeueable deps ti=<TaskInstance: Binance_5m.get_5m_info scheduled__2024-07-25T01:55:00+00:00 [queued]>
[2024-07-25T14:47:27.936-0300] {taskinstance.py:2076} INFO - Dependencies all met for dep_context=requeueable deps ti=<TaskInstance: Binance_5m.get_5m_info scheduled__2024-07-25T01:55:00+00:00 [queued]>
[2024-07-25T14:47:27.936-0300] {taskinstance.py:2306} INFO - Starting attempt 1 of 1
[2024-07-25T14:47:27.948-0300] {taskinstance.py:2330} INFO - Executing <Task(PythonOperator): get_5m_info> on 2024-07-25 01:55:00+00:00
[2024-07-25T14:47:27.950-0300] {standard_task_runner.py:64} INFO - Started process 2606828 to run task
[2024-07-25T14:47:27.952-0300] {standard_task_runner.py:90} INFO - Running: ['airflow', 'tasks', 'run', 'Binance_5m', 'get_5m_info', 'scheduled__2024-07-25T01:55:00+00:00', '--job-id', '2109', '--raw', '--subdir', 'DAGS_FOLDER/binance_dag.py', '--cfg-path', '/tmp/tmpoiocnhrg']
[2024-07-25T14:47:27.953-0300] {standard_task_runner.py:91} INFO - Job 2109: Subtask get_5m_info
[2024-07-25T14:47:27.978-0300] {task_command.py:426} INFO - Running <TaskInstance: Binance_5m.get_5m_info scheduled__2024-07-25T01:55:00+00:00 [running]> on host Galaxybook.
[2024-07-25T14:47:28.023-0300] {taskinstance.py:2648} INFO - Exporting env vars: AIRFLOW_CTX_DAG_OWNER='airflow' AIRFLOW_CTX_DAG_ID='Binance_5m' AIRFLOW_CTX_TASK_ID='get_5m_info' AIRFLOW_CTX_EXECUTION_DATE='2024-07-25T01:55:00+00:00' AIRFLOW_CTX_TRY_NUMBER='1' AIRFLOW_CTX_DAG_RUN_ID='scheduled__2024-07-25T01:55:00+00:00'
[2024-07-25T14:47:28.023-0300] {taskinstance.py:430} INFO - ::endgroup::
[2024-07-25T14:47:28.030-0300] {binance_dag.py:23} INFO - End Time: 2024-07-25T02:00:00.00Z
[2024-07-25T14:47:28.030-0300] {binance_dag.py:24} INFO - Start Time: 2024-07-25T01:55:00.00Z
[2024-07-25T14:47:28.087-0300] {base.py:84} INFO - Using connection ID 'binance_default' for task execution.
[2024-07-25T14:47:28.087-0300] {logging_mixin.py:188} INFO - https://api.binance.com
[2024-07-25T14:47:28.087-0300] {binance_hook.py:35} INFO - URL: https://api.binance.com/api/v3/klines?symbol=BTCBRL&interval=5m&startTime=1721883300000&endTime=1721883599999
[2024-07-25T14:47:28.486-0300] {binance_dag.py:43} INFO - r: [[1721883300000, '365710.00000000', '365777.00000000', '365479.00000000', '365769.00000000', '0.00523000', 1721883599999, '1912.71393000', 11, '0.00358000', '1309.21208000', '0']]
[2024-07-25T14:47:28.487-0300] {python.py:237} INFO - Done. Returned value was: None
[2024-07-25T14:47:28.488-0300] {taskinstance.py:441} INFO - ::group::Post task execution logs
[2024-07-25T14:47:28.491-0300] {taskinstance.py:1206} INFO - Marking task as SUCCESS. dag_id=Binance_5m, task_id=get_5m_info, run_id=scheduled__2024-07-25T01:55:00+00:00, execution_date=20240725T015500, start_date=20240725T174727, end_date=20240725T174728
[2024-07-25T14:47:28.535-0300] {local_task_job_runner.py:243} INFO - Task exited with return code 0
[2024-07-25T14:47:28.543-0300] {taskinstance.py:3503} INFO - 0 downstream tasks scheduled from follow-on schedule check
[2024-07-25T14:47:28.543-0300] {local_task_job_runner.py:222} INFO - ::endgroup::
[2024-07-25T15:17:42.369-0300] {local_task_job_runner.py:120} INFO - ::group::Pre task execution logs
[2024-07-25T15:17:42.375-0300] {taskinstance.py:2076} INFO - Dependencies all met for dep_context=non-requeueable deps ti=<TaskInstance: Binance_5m.get_5m_info scheduled__2024-07-25T01:55:00+00:00 [queued]>
[2024-07-25T15:17:42.378-0300] {taskinstance.py:2076} INFO - Dependencies all met for dep_context=requeueable deps ti=<TaskInstance: Binance_5m.get_5m_info scheduled__2024-07-25T01:55:00+00:00 [queued]>
[2024-07-25T15:17:42.378-0300] {taskinstance.py:2306} INFO - Starting attempt 1 of 1
[2024-07-25T15:17:42.391-0300] {taskinstance.py:2330} INFO - Executing <Task(PythonOperator): get_5m_info> on 2024-07-25 01:55:00+00:00
[2024-07-25T15:17:42.393-0300] {standard_task_runner.py:64} INFO - Started process 2629453 to run task
[2024-07-25T15:17:42.395-0300] {standard_task_runner.py:90} INFO - Running: ['airflow', 'tasks', 'run', 'Binance_5m', 'get_5m_info', 'scheduled__2024-07-25T01:55:00+00:00', '--job-id', '2558', '--raw', '--subdir', 'DAGS_FOLDER/binance_dag.py', '--cfg-path', '/tmp/tmptpb70oa1']
[2024-07-25T15:17:42.396-0300] {standard_task_runner.py:91} INFO - Job 2558: Subtask get_5m_info
[2024-07-25T15:17:42.421-0300] {task_command.py:426} INFO - Running <TaskInstance: Binance_5m.get_5m_info scheduled__2024-07-25T01:55:00+00:00 [running]> on host Galaxybook.
[2024-07-25T15:17:42.473-0300] {taskinstance.py:2648} INFO - Exporting env vars: AIRFLOW_CTX_DAG_OWNER='airflow' AIRFLOW_CTX_DAG_ID='Binance_5m' AIRFLOW_CTX_TASK_ID='get_5m_info' AIRFLOW_CTX_EXECUTION_DATE='2024-07-25T01:55:00+00:00' AIRFLOW_CTX_TRY_NUMBER='1' AIRFLOW_CTX_DAG_RUN_ID='scheduled__2024-07-25T01:55:00+00:00'
[2024-07-25T15:17:42.473-0300] {taskinstance.py:430} INFO - ::endgroup::
[2024-07-25T15:17:42.481-0300] {binance_dag.py:23} INFO - End Time: 2024-07-25T02:00:00.00Z
[2024-07-25T15:17:42.481-0300] {binance_dag.py:24} INFO - Start Time: 2024-07-25T01:55:00.00Z
[2024-07-25T15:17:42.536-0300] {binance_dag.py:25} INFO - 1721883300000
[2024-07-25T15:17:42.539-0300] {base.py:84} INFO - Using connection ID 'binance_default' for task execution.
[2024-07-25T15:17:42.539-0300] {logging_mixin.py:188} INFO - https://api.binance.com
[2024-07-25T15:17:42.539-0300] {binance_hook.py:35} INFO - URL: https://api.binance.com/api/v3/klines?symbol=BTCBRL&interval=5m&startTime=1721883300000&endTime=1721883599999
[2024-07-25T15:17:42.992-0300] {python.py:237} INFO - Done. Returned value was: None
[2024-07-25T15:17:42.994-0300] {taskinstance.py:441} INFO - ::group::Post task execution logs
[2024-07-25T15:17:42.997-0300] {taskinstance.py:1206} INFO - Marking task as SUCCESS. dag_id=Binance_5m, task_id=get_5m_info, run_id=scheduled__2024-07-25T01:55:00+00:00, execution_date=20240725T015500, start_date=20240725T181742, end_date=20240725T181742
[2024-07-25T15:17:43.021-0300] {local_task_job_runner.py:243} INFO - Task exited with return code 0
[2024-07-25T15:17:43.027-0300] {taskinstance.py:3503} INFO - 0 downstream tasks scheduled from follow-on schedule check
[2024-07-25T15:17:43.028-0300] {local_task_job_runner.py:222} INFO - ::endgroup::
[2024-07-25T16:14:09.994-0300] {local_task_job_runner.py:120} INFO - ::group::Pre task execution logs
[2024-07-25T16:14:10.000-0300] {taskinstance.py:2076} INFO - Dependencies all met for dep_context=non-requeueable deps ti=<TaskInstance: Binance_5m.get_5m_info scheduled__2024-07-25T01:55:00+00:00 [queued]>
[2024-07-25T16:14:10.004-0300] {taskinstance.py:2076} INFO - Dependencies all met for dep_context=requeueable deps ti=<TaskInstance: Binance_5m.get_5m_info scheduled__2024-07-25T01:55:00+00:00 [queued]>
[2024-07-25T16:14:10.004-0300] {taskinstance.py:2306} INFO - Starting attempt 1 of 1
[2024-07-25T16:14:10.019-0300] {taskinstance.py:2330} INFO - Executing <Task(PythonOperator): get_5m_info> on 2024-07-25 01:55:00+00:00
[2024-07-25T16:14:10.020-0300] {standard_task_runner.py:64} INFO - Started process 2657154 to run task
[2024-07-25T16:14:10.023-0300] {standard_task_runner.py:90} INFO - Running: ['airflow', 'tasks', 'run', 'Binance_5m', 'get_5m_info', 'scheduled__2024-07-25T01:55:00+00:00', '--job-id', '2118', '--raw', '--subdir', 'DAGS_FOLDER/binance_dag.py', '--cfg-path', '/tmp/tmpgxen3o2x']
[2024-07-25T16:14:10.024-0300] {standard_task_runner.py:91} INFO - Job 2118: Subtask get_5m_info
[2024-07-25T16:14:10.048-0300] {task_command.py:426} INFO - Running <TaskInstance: Binance_5m.get_5m_info scheduled__2024-07-25T01:55:00+00:00 [running]> on host Galaxybook.
[2024-07-25T16:14:10.098-0300] {taskinstance.py:2648} INFO - Exporting env vars: AIRFLOW_CTX_DAG_OWNER='airflow' AIRFLOW_CTX_DAG_ID='Binance_5m' AIRFLOW_CTX_TASK_ID='get_5m_info' AIRFLOW_CTX_EXECUTION_DATE='2024-07-25T01:55:00+00:00' AIRFLOW_CTX_TRY_NUMBER='1' AIRFLOW_CTX_DAG_RUN_ID='scheduled__2024-07-25T01:55:00+00:00'
[2024-07-25T16:14:10.099-0300] {taskinstance.py:430} INFO - ::endgroup::
[2024-07-25T16:14:10.106-0300] {binance_dag.py:22} INFO - End Time: 2024-07-25 02:00:00+00:00
[2024-07-25T16:14:10.107-0300] {binance_dag.py:23} INFO - Start Time: 2024-07-25 01:55:00+00:00
[2024-07-25T16:14:10.107-0300] {binance_dag.py:24} INFO - Start timestamp: 1721872500000
[2024-07-25T16:14:10.107-0300] {binance_dag.py:25} INFO - End timestamp: 1721872800000
[2024-07-25T16:14:10.165-0300] {base.py:84} INFO - Using connection ID 'binance_default' for task execution.
[2024-07-25T16:14:10.165-0300] {logging_mixin.py:188} INFO - https://api.binance.com
[2024-07-25T16:14:10.166-0300] {binance_hook.py:35} INFO - URL: https://api.binance.com/api/v3/klines?symbol=BTCBRL&interval=5m&startTime=1721872500000&endTime=1721872799999&timeZone=-3
[2024-07-25T16:14:11.116-0300] {python.py:237} INFO - Done. Returned value was: None
[2024-07-25T16:14:11.117-0300] {taskinstance.py:441} INFO - ::group::Post task execution logs
[2024-07-25T16:14:11.119-0300] {taskinstance.py:1206} INFO - Marking task as SUCCESS. dag_id=Binance_5m, task_id=get_5m_info, run_id=scheduled__2024-07-25T01:55:00+00:00, execution_date=20240725T015500, start_date=20240725T191410, end_date=20240725T191411
[2024-07-25T16:14:11.137-0300] {local_task_job_runner.py:243} INFO - Task exited with return code 0
[2024-07-25T16:14:11.143-0300] {taskinstance.py:3503} INFO - 0 downstream tasks scheduled from follow-on schedule check
[2024-07-25T16:14:11.143-0300] {local_task_job_runner.py:222} INFO - ::endgroup::
