[2024-07-25T13:15:02.234-0300] {local_task_job_runner.py:120} INFO - ::group::Pre task execution logs
[2024-07-25T13:15:02.240-0300] {taskinstance.py:2076} INFO - Dependencies all met for dep_context=non-requeueable deps ti=<TaskInstance: Binance_5m.get_5m_info scheduled__2024-07-25T16:10:00+00:00 [queued]>
[2024-07-25T13:15:02.243-0300] {taskinstance.py:2076} INFO - Dependencies all met for dep_context=requeueable deps ti=<TaskInstance: Binance_5m.get_5m_info scheduled__2024-07-25T16:10:00+00:00 [queued]>
[2024-07-25T13:15:02.244-0300] {taskinstance.py:2306} INFO - Starting attempt 1 of 1
[2024-07-25T13:15:02.260-0300] {taskinstance.py:2330} INFO - Executing <Task(PythonOperator): get_5m_info> on 2024-07-25 16:10:00+00:00
[2024-07-25T13:15:02.262-0300] {standard_task_runner.py:64} INFO - Started process 2555366 to run task
[2024-07-25T13:15:02.264-0300] {standard_task_runner.py:90} INFO - Running: ['airflow', 'tasks', 'run', 'Binance_5m', 'get_5m_info', 'scheduled__2024-07-25T16:10:00+00:00', '--job-id', '2085', '--raw', '--subdir', 'DAGS_FOLDER/binance_dag.py', '--cfg-path', '/tmp/tmputt4db1s']
[2024-07-25T13:15:02.265-0300] {standard_task_runner.py:91} INFO - Job 2085: Subtask get_5m_info
[2024-07-25T13:15:02.291-0300] {task_command.py:426} INFO - Running <TaskInstance: Binance_5m.get_5m_info scheduled__2024-07-25T16:10:00+00:00 [running]> on host Galaxybook.
[2024-07-25T13:15:02.341-0300] {taskinstance.py:2648} INFO - Exporting env vars: AIRFLOW_CTX_DAG_OWNER='airflow' AIRFLOW_CTX_DAG_ID='Binance_5m' AIRFLOW_CTX_TASK_ID='get_5m_info' AIRFLOW_CTX_EXECUTION_DATE='2024-07-25T16:10:00+00:00' AIRFLOW_CTX_TRY_NUMBER='1' AIRFLOW_CTX_DAG_RUN_ID='scheduled__2024-07-25T16:10:00+00:00'
[2024-07-25T13:15:02.341-0300] {taskinstance.py:430} INFO - ::endgroup::
[2024-07-25T13:15:02.350-0300] {logging_mixin.py:188} INFO - End time: end_time
[2024-07-25T13:15:02.422-0300] {taskinstance.py:441} INFO - ::group::Post task execution logs
[2024-07-25T13:15:02.422-0300] {taskinstance.py:2905} ERROR - Task failed with exception
Traceback (most recent call last):
  File "/home/hugoviana/Documentos/data_pipeline_airflow/.venv/lib/python3.12/site-packages/airflow/models/taskinstance.py", line 465, in _execute_task
    result = _execute_callable(context=context, **execute_callable_kwargs)
             ^^^^^^^^^^^^^^^^^^^^^^^^^^^^^^^^^^^^^^^^^^^^^^^^^^^^^^^^^^^^^
  File "/home/hugoviana/Documentos/data_pipeline_airflow/.venv/lib/python3.12/site-packages/airflow/models/taskinstance.py", line 432, in _execute_callable
    return execute_callable(context=context, **execute_callable_kwargs)
           ^^^^^^^^^^^^^^^^^^^^^^^^^^^^^^^^^^^^^^^^^^^^^^^^^^^^^^^^^^^^
  File "/home/hugoviana/Documentos/data_pipeline_airflow/.venv/lib/python3.12/site-packages/airflow/models/baseoperator.py", line 401, in wrapper
    return func(self, *args, **kwargs)
           ^^^^^^^^^^^^^^^^^^^^^^^^^^^
  File "/home/hugoviana/Documentos/data_pipeline_airflow/.venv/lib/python3.12/site-packages/airflow/operators/python.py", line 235, in execute
    return_value = self.execute_callable()
                   ^^^^^^^^^^^^^^^^^^^^^^^
  File "/home/hugoviana/Documentos/data_pipeline_airflow/.venv/lib/python3.12/site-packages/airflow/operators/python.py", line 252, in execute_callable
    return self.python_callable(*self.op_args, **self.op_kwargs)
           ^^^^^^^^^^^^^^^^^^^^^^^^^^^^^^^^^^^^^^^^^^^^^^^^^^^^^
  File "/home/hugoviana/Projetos/crypto-etl/airflow_pipeline/dags/binance_dag.py", line 27, in execute
    start_time=to_timestamp(start_time),
               ^^^^^^^^^^^^^^^^^^^^^^^^
  File "/home/hugoviana/Projetos/crypto-etl/airflow_pipeline/dags/binance_dag.py", line 15, in to_timestamp
    dt = datetime.strptime(dt, '%Y-%m-%dT%H:%M:%S.00Z')
         ^^^^^^^^^^^^^^^^^^^^^^^^^^^^^^^^^^^^^^^^^^^^^^
  File "/usr/lib/python3.12/_strptime.py", line 554, in _strptime_datetime
    tt, fraction, gmtoff_fraction = _strptime(data_string, format)
                                    ^^^^^^^^^^^^^^^^^^^^^^^^^^^^^^
  File "/usr/lib/python3.12/_strptime.py", line 333, in _strptime
    raise ValueError("time data %r does not match format %r" %
ValueError: time data 'start_time' does not match format '%Y-%m-%dT%H:%M:%S.00Z'
[2024-07-25T13:15:02.426-0300] {taskinstance.py:1206} INFO - Marking task as FAILED. dag_id=Binance_5m, task_id=get_5m_info, run_id=scheduled__2024-07-25T16:10:00+00:00, execution_date=20240725T161000, start_date=20240725T161502, end_date=20240725T161502
[2024-07-25T13:15:02.438-0300] {standard_task_runner.py:110} ERROR - Failed to execute job 2085 for task get_5m_info (time data 'start_time' does not match format '%Y-%m-%dT%H:%M:%S.00Z'; 2555366)
[2024-07-25T13:15:02.477-0300] {local_task_job_runner.py:243} INFO - Task exited with return code 1
[2024-07-25T13:15:02.485-0300] {taskinstance.py:3503} INFO - 0 downstream tasks scheduled from follow-on schedule check
[2024-07-25T13:15:02.485-0300] {local_task_job_runner.py:222} INFO - ::endgroup::
[2024-07-25T14:29:49.016-0300] {local_task_job_runner.py:120} INFO - ::group::Pre task execution logs
[2024-07-25T14:29:49.021-0300] {taskinstance.py:2076} INFO - Dependencies all met for dep_context=non-requeueable deps ti=<TaskInstance: Binance_5m.get_5m_info scheduled__2024-07-25T16:10:00+00:00 [queued]>
[2024-07-25T14:29:49.024-0300] {taskinstance.py:2076} INFO - Dependencies all met for dep_context=requeueable deps ti=<TaskInstance: Binance_5m.get_5m_info scheduled__2024-07-25T16:10:00+00:00 [queued]>
[2024-07-25T14:29:49.024-0300] {taskinstance.py:2306} INFO - Starting attempt 1 of 1
[2024-07-25T14:29:49.038-0300] {taskinstance.py:2330} INFO - Executing <Task(PythonOperator): get_5m_info> on 2024-07-25 16:10:00+00:00
[2024-07-25T14:29:49.040-0300] {standard_task_runner.py:64} INFO - Started process 2592656 to run task
[2024-07-25T14:29:49.042-0300] {standard_task_runner.py:90} INFO - Running: ['airflow', 'tasks', 'run', 'Binance_5m', 'get_5m_info', 'scheduled__2024-07-25T16:10:00+00:00', '--job-id', '2167', '--raw', '--subdir', 'DAGS_FOLDER/binance_dag.py', '--cfg-path', '/tmp/tmpt07byvrr']
[2024-07-25T14:29:49.043-0300] {standard_task_runner.py:91} INFO - Job 2167: Subtask get_5m_info
[2024-07-25T14:29:49.070-0300] {task_command.py:426} INFO - Running <TaskInstance: Binance_5m.get_5m_info scheduled__2024-07-25T16:10:00+00:00 [running]> on host Galaxybook.
[2024-07-25T14:29:49.131-0300] {taskinstance.py:2648} INFO - Exporting env vars: AIRFLOW_CTX_DAG_OWNER='airflow' AIRFLOW_CTX_DAG_ID='Binance_5m' AIRFLOW_CTX_TASK_ID='get_5m_info' AIRFLOW_CTX_EXECUTION_DATE='2024-07-25T16:10:00+00:00' AIRFLOW_CTX_TRY_NUMBER='1' AIRFLOW_CTX_DAG_RUN_ID='scheduled__2024-07-25T16:10:00+00:00'
[2024-07-25T14:29:49.131-0300] {taskinstance.py:430} INFO - ::endgroup::
[2024-07-25T14:29:49.140-0300] {binance_dag.py:23} INFO - End Time: 2024-07-25T16:15:00.00Z
[2024-07-25T14:29:49.212-0300] {base.py:84} INFO - Using connection ID 'binance_default' for task execution.
[2024-07-25T14:29:49.213-0300] {logging_mixin.py:188} INFO - https://api.binance.com
[2024-07-25T14:29:49.213-0300] {binance_hook.py:35} INFO - URL: https://api.binance.com/api/v3/klines?symbol=BTCBRL&interval=5m&startTime=1721934600000&endTime=1721934900000
[2024-07-25T14:29:49.601-0300] {python.py:237} INFO - Done. Returned value was: None
[2024-07-25T14:29:49.602-0300] {taskinstance.py:441} INFO - ::group::Post task execution logs
[2024-07-25T14:29:49.605-0300] {taskinstance.py:1206} INFO - Marking task as SUCCESS. dag_id=Binance_5m, task_id=get_5m_info, run_id=scheduled__2024-07-25T16:10:00+00:00, execution_date=20240725T161000, start_date=20240725T172949, end_date=20240725T172949
[2024-07-25T14:29:49.624-0300] {local_task_job_runner.py:243} INFO - Task exited with return code 0
[2024-07-25T14:29:49.630-0300] {taskinstance.py:3503} INFO - 0 downstream tasks scheduled from follow-on schedule check
[2024-07-25T14:29:49.631-0300] {local_task_job_runner.py:222} INFO - ::endgroup::
[2024-07-25T14:32:58.968-0300] {local_task_job_runner.py:120} INFO - ::group::Pre task execution logs
[2024-07-25T14:32:58.975-0300] {taskinstance.py:2076} INFO - Dependencies all met for dep_context=non-requeueable deps ti=<TaskInstance: Binance_5m.get_5m_info scheduled__2024-07-25T16:10:00+00:00 [queued]>
[2024-07-25T14:32:58.979-0300] {taskinstance.py:2076} INFO - Dependencies all met for dep_context=requeueable deps ti=<TaskInstance: Binance_5m.get_5m_info scheduled__2024-07-25T16:10:00+00:00 [queued]>
[2024-07-25T14:32:58.979-0300] {taskinstance.py:2306} INFO - Starting attempt 1 of 1
[2024-07-25T14:32:58.994-0300] {taskinstance.py:2330} INFO - Executing <Task(PythonOperator): get_5m_info> on 2024-07-25 16:10:00+00:00
[2024-07-25T14:32:58.996-0300] {standard_task_runner.py:64} INFO - Started process 2595850 to run task
[2024-07-25T14:32:58.999-0300] {standard_task_runner.py:90} INFO - Running: ['airflow', 'tasks', 'run', 'Binance_5m', 'get_5m_info', 'scheduled__2024-07-25T16:10:00+00:00', '--job-id', '2168', '--raw', '--subdir', 'DAGS_FOLDER/binance_dag.py', '--cfg-path', '/tmp/tmpntzxw_b_']
[2024-07-25T14:32:59.000-0300] {standard_task_runner.py:91} INFO - Job 2168: Subtask get_5m_info
[2024-07-25T14:32:59.030-0300] {task_command.py:426} INFO - Running <TaskInstance: Binance_5m.get_5m_info scheduled__2024-07-25T16:10:00+00:00 [running]> on host Galaxybook.
[2024-07-25T14:32:59.125-0300] {taskinstance.py:2648} INFO - Exporting env vars: AIRFLOW_CTX_DAG_OWNER='airflow' AIRFLOW_CTX_DAG_ID='Binance_5m' AIRFLOW_CTX_TASK_ID='get_5m_info' AIRFLOW_CTX_EXECUTION_DATE='2024-07-25T16:10:00+00:00' AIRFLOW_CTX_TRY_NUMBER='1' AIRFLOW_CTX_DAG_RUN_ID='scheduled__2024-07-25T16:10:00+00:00'
[2024-07-25T14:32:59.126-0300] {taskinstance.py:430} INFO - ::endgroup::
[2024-07-25T14:32:59.137-0300] {binance_dag.py:23} INFO - End Time: 2024-07-25T16:15:00.00Z
[2024-07-25T14:32:59.233-0300] {base.py:84} INFO - Using connection ID 'binance_default' for task execution.
[2024-07-25T14:32:59.234-0300] {logging_mixin.py:188} INFO - https://api.binance.com
[2024-07-25T14:32:59.235-0300] {binance_hook.py:35} INFO - URL: https://api.binance.com/api/v3/klines?symbol=BTCBRL&interval=5m&startTime=1721934600000&endTime=1721934900000
[2024-07-25T14:33:00.147-0300] {binance_dag.py:42} INFO - r: []
[2024-07-25T14:33:00.148-0300] {python.py:237} INFO - Done. Returned value was: None
[2024-07-25T14:33:00.149-0300] {taskinstance.py:441} INFO - ::group::Post task execution logs
[2024-07-25T14:33:00.151-0300] {taskinstance.py:1206} INFO - Marking task as SUCCESS. dag_id=Binance_5m, task_id=get_5m_info, run_id=scheduled__2024-07-25T16:10:00+00:00, execution_date=20240725T161000, start_date=20240725T173258, end_date=20240725T173300
[2024-07-25T14:33:00.195-0300] {local_task_job_runner.py:243} INFO - Task exited with return code 0
[2024-07-25T14:33:00.201-0300] {taskinstance.py:3503} INFO - 0 downstream tasks scheduled from follow-on schedule check
[2024-07-25T14:33:00.202-0300] {local_task_job_runner.py:222} INFO - ::endgroup::
[2024-07-25T14:54:19.021-0300] {local_task_job_runner.py:120} INFO - ::group::Pre task execution logs
[2024-07-25T14:54:19.026-0300] {taskinstance.py:2076} INFO - Dependencies all met for dep_context=non-requeueable deps ti=<TaskInstance: Binance_5m.get_5m_info scheduled__2024-07-25T16:10:00+00:00 [queued]>
[2024-07-25T14:54:19.029-0300] {taskinstance.py:2076} INFO - Dependencies all met for dep_context=requeueable deps ti=<TaskInstance: Binance_5m.get_5m_info scheduled__2024-07-25T16:10:00+00:00 [queued]>
[2024-07-25T14:54:19.029-0300] {taskinstance.py:2306} INFO - Starting attempt 1 of 1
[2024-07-25T14:54:19.042-0300] {taskinstance.py:2330} INFO - Executing <Task(PythonOperator): get_5m_info> on 2024-07-25 16:10:00+00:00
[2024-07-25T14:54:19.044-0300] {standard_task_runner.py:64} INFO - Started process 2613706 to run task
[2024-07-25T14:54:19.046-0300] {standard_task_runner.py:90} INFO - Running: ['airflow', 'tasks', 'run', 'Binance_5m', 'get_5m_info', 'scheduled__2024-07-25T16:10:00+00:00', '--job-id', '2290', '--raw', '--subdir', 'DAGS_FOLDER/binance_dag.py', '--cfg-path', '/tmp/tmps1ds_oha']
[2024-07-25T14:54:19.048-0300] {standard_task_runner.py:91} INFO - Job 2290: Subtask get_5m_info
[2024-07-25T14:54:19.074-0300] {task_command.py:426} INFO - Running <TaskInstance: Binance_5m.get_5m_info scheduled__2024-07-25T16:10:00+00:00 [running]> on host Galaxybook.
[2024-07-25T14:54:19.137-0300] {taskinstance.py:2648} INFO - Exporting env vars: AIRFLOW_CTX_DAG_OWNER='airflow' AIRFLOW_CTX_DAG_ID='Binance_5m' AIRFLOW_CTX_TASK_ID='get_5m_info' AIRFLOW_CTX_EXECUTION_DATE='2024-07-25T16:10:00+00:00' AIRFLOW_CTX_TRY_NUMBER='1' AIRFLOW_CTX_DAG_RUN_ID='scheduled__2024-07-25T16:10:00+00:00'
[2024-07-25T14:54:19.138-0300] {taskinstance.py:430} INFO - ::endgroup::
[2024-07-25T14:54:19.146-0300] {binance_dag.py:23} INFO - End Time: 2024-07-25T16:15:00.00Z
[2024-07-25T14:54:19.146-0300] {binance_dag.py:24} INFO - Start Time: 2024-07-25T16:10:00.00Z
[2024-07-25T14:54:19.201-0300] {base.py:84} INFO - Using connection ID 'binance_default' for task execution.
[2024-07-25T14:54:19.201-0300] {logging_mixin.py:188} INFO - https://api.binance.com
[2024-07-25T14:54:19.202-0300] {binance_hook.py:35} INFO - URL: https://api.binance.com/api/v3/klines?symbol=BTCBRL&interval=5m&startTime=1721934600000&endTime=1721934899999
[2024-07-25T14:54:24.634-0300] {binance_dag.py:43} INFO - r: []
[2024-07-25T14:54:24.635-0300] {python.py:237} INFO - Done. Returned value was: None
[2024-07-25T14:54:24.636-0300] {taskinstance.py:441} INFO - ::group::Post task execution logs
[2024-07-25T14:54:24.639-0300] {taskinstance.py:1206} INFO - Marking task as SUCCESS. dag_id=Binance_5m, task_id=get_5m_info, run_id=scheduled__2024-07-25T16:10:00+00:00, execution_date=20240725T161000, start_date=20240725T175419, end_date=20240725T175424
[2024-07-25T14:54:24.692-0300] {local_task_job_runner.py:243} INFO - Task exited with return code 0
[2024-07-25T14:54:24.697-0300] {taskinstance.py:3503} INFO - 0 downstream tasks scheduled from follow-on schedule check
[2024-07-25T14:54:24.697-0300] {local_task_job_runner.py:222} INFO - ::endgroup::
[2024-07-25T15:24:05.908-0300] {local_task_job_runner.py:120} INFO - ::group::Pre task execution logs
[2024-07-25T15:24:05.913-0300] {taskinstance.py:2076} INFO - Dependencies all met for dep_context=non-requeueable deps ti=<TaskInstance: Binance_5m.get_5m_info scheduled__2024-07-25T16:10:00+00:00 [queued]>
[2024-07-25T15:24:05.916-0300] {taskinstance.py:2076} INFO - Dependencies all met for dep_context=requeueable deps ti=<TaskInstance: Binance_5m.get_5m_info scheduled__2024-07-25T16:10:00+00:00 [queued]>
[2024-07-25T15:24:05.917-0300] {taskinstance.py:2306} INFO - Starting attempt 1 of 1
[2024-07-25T15:24:05.931-0300] {taskinstance.py:2330} INFO - Executing <Task(PythonOperator): get_5m_info> on 2024-07-25 16:10:00+00:00
[2024-07-25T15:24:05.933-0300] {standard_task_runner.py:64} INFO - Started process 2635799 to run task
[2024-07-25T15:24:05.935-0300] {standard_task_runner.py:90} INFO - Running: ['airflow', 'tasks', 'run', 'Binance_5m', 'get_5m_info', 'scheduled__2024-07-25T16:10:00+00:00', '--job-id', '2729', '--raw', '--subdir', 'DAGS_FOLDER/binance_dag.py', '--cfg-path', '/tmp/tmpjj3c9e4z']
[2024-07-25T15:24:05.936-0300] {standard_task_runner.py:91} INFO - Job 2729: Subtask get_5m_info
[2024-07-25T15:24:05.960-0300] {task_command.py:426} INFO - Running <TaskInstance: Binance_5m.get_5m_info scheduled__2024-07-25T16:10:00+00:00 [running]> on host Galaxybook.
[2024-07-25T15:24:06.013-0300] {taskinstance.py:2648} INFO - Exporting env vars: AIRFLOW_CTX_DAG_OWNER='airflow' AIRFLOW_CTX_DAG_ID='Binance_5m' AIRFLOW_CTX_TASK_ID='get_5m_info' AIRFLOW_CTX_EXECUTION_DATE='2024-07-25T16:10:00+00:00' AIRFLOW_CTX_TRY_NUMBER='1' AIRFLOW_CTX_DAG_RUN_ID='scheduled__2024-07-25T16:10:00+00:00'
[2024-07-25T15:24:06.014-0300] {taskinstance.py:430} INFO - ::endgroup::
[2024-07-25T15:24:06.022-0300] {binance_dag.py:23} INFO - End Time: 2024-07-25T16:15:00.00Z
[2024-07-25T15:24:06.022-0300] {binance_dag.py:24} INFO - Start Time: 2024-07-25T16:10:00.00Z
[2024-07-25T15:24:06.071-0300] {binance_dag.py:25} INFO - 1721934600000
[2024-07-25T15:24:06.074-0300] {base.py:84} INFO - Using connection ID 'binance_default' for task execution.
[2024-07-25T15:24:06.074-0300] {logging_mixin.py:188} INFO - https://api.binance.com
[2024-07-25T15:24:06.074-0300] {binance_hook.py:35} INFO - URL: https://api.binance.com/api/v3/klines?symbol=BTCBRL&interval=5m&startTime=1721934600000&endTime=1721934899999
[2024-07-25T15:24:06.473-0300] {python.py:237} INFO - Done. Returned value was: None
[2024-07-25T15:24:06.474-0300] {taskinstance.py:441} INFO - ::group::Post task execution logs
[2024-07-25T15:24:06.476-0300] {taskinstance.py:1206} INFO - Marking task as SUCCESS. dag_id=Binance_5m, task_id=get_5m_info, run_id=scheduled__2024-07-25T16:10:00+00:00, execution_date=20240725T161000, start_date=20240725T182405, end_date=20240725T182406
[2024-07-25T15:24:06.519-0300] {local_task_job_runner.py:243} INFO - Task exited with return code 0
[2024-07-25T15:24:06.525-0300] {taskinstance.py:3503} INFO - 0 downstream tasks scheduled from follow-on schedule check
[2024-07-25T15:24:06.526-0300] {local_task_job_runner.py:222} INFO - ::endgroup::
[2024-07-25T16:22:50.987-0300] {local_task_job_runner.py:120} INFO - ::group::Pre task execution logs
[2024-07-25T16:22:50.995-0300] {taskinstance.py:2076} INFO - Dependencies all met for dep_context=non-requeueable deps ti=<TaskInstance: Binance_5m.get_5m_info scheduled__2024-07-25T16:10:00+00:00 [queued]>
[2024-07-25T16:22:51.004-0300] {taskinstance.py:2076} INFO - Dependencies all met for dep_context=requeueable deps ti=<TaskInstance: Binance_5m.get_5m_info scheduled__2024-07-25T16:10:00+00:00 [queued]>
[2024-07-25T16:22:51.004-0300] {taskinstance.py:2306} INFO - Starting attempt 1 of 1
[2024-07-25T16:22:51.021-0300] {taskinstance.py:2330} INFO - Executing <Task(PythonOperator): get_5m_info> on 2024-07-25 16:10:00+00:00
[2024-07-25T16:22:51.025-0300] {standard_task_runner.py:64} INFO - Started process 2665910 to run task
[2024-07-25T16:22:51.028-0300] {standard_task_runner.py:90} INFO - Running: ['airflow', 'tasks', 'run', 'Binance_5m', 'get_5m_info', 'scheduled__2024-07-25T16:10:00+00:00', '--job-id', '2359', '--raw', '--subdir', 'DAGS_FOLDER/binance_dag.py', '--cfg-path', '/tmp/tmp9aacq71_']
[2024-07-25T16:22:51.029-0300] {standard_task_runner.py:91} INFO - Job 2359: Subtask get_5m_info
[2024-07-25T16:22:51.060-0300] {task_command.py:426} INFO - Running <TaskInstance: Binance_5m.get_5m_info scheduled__2024-07-25T16:10:00+00:00 [running]> on host Galaxybook.
[2024-07-25T16:22:51.123-0300] {taskinstance.py:2648} INFO - Exporting env vars: AIRFLOW_CTX_DAG_OWNER='airflow' AIRFLOW_CTX_DAG_ID='Binance_5m' AIRFLOW_CTX_TASK_ID='get_5m_info' AIRFLOW_CTX_EXECUTION_DATE='2024-07-25T16:10:00+00:00' AIRFLOW_CTX_TRY_NUMBER='1' AIRFLOW_CTX_DAG_RUN_ID='scheduled__2024-07-25T16:10:00+00:00'
[2024-07-25T16:22:51.123-0300] {taskinstance.py:430} INFO - ::endgroup::
[2024-07-25T16:22:51.132-0300] {binance_dag.py:22} INFO - End Time: 2024-07-25 16:15:00+00:00
[2024-07-25T16:22:51.133-0300] {binance_dag.py:23} INFO - Start Time: 2024-07-25 16:10:00+00:00
[2024-07-25T16:22:51.133-0300] {binance_dag.py:24} INFO - Start timestamp: 1721923800000
[2024-07-25T16:22:51.133-0300] {binance_dag.py:25} INFO - End timestamp: 1721924100000
[2024-07-25T16:22:51.206-0300] {base.py:84} INFO - Using connection ID 'binance_default' for task execution.
[2024-07-25T16:22:51.206-0300] {logging_mixin.py:188} INFO - https://api.binance.com
[2024-07-25T16:22:51.207-0300] {binance_hook.py:35} INFO - URL: https://api.binance.com/api/v3/klines?symbol=BTCBRL&interval=5m&startTime=1721923800000&endTime=1721924099999&timeZone=-3
[2024-07-25T16:22:51.607-0300] {python.py:237} INFO - Done. Returned value was: None
[2024-07-25T16:22:51.608-0300] {taskinstance.py:441} INFO - ::group::Post task execution logs
[2024-07-25T16:22:51.611-0300] {taskinstance.py:1206} INFO - Marking task as SUCCESS. dag_id=Binance_5m, task_id=get_5m_info, run_id=scheduled__2024-07-25T16:10:00+00:00, execution_date=20240725T161000, start_date=20240725T192250, end_date=20240725T192251
[2024-07-25T16:22:51.652-0300] {local_task_job_runner.py:243} INFO - Task exited with return code 0
[2024-07-25T16:22:51.659-0300] {taskinstance.py:3503} INFO - 0 downstream tasks scheduled from follow-on schedule check
[2024-07-25T16:22:51.660-0300] {local_task_job_runner.py:222} INFO - ::endgroup::
