[2024-07-25T14:49:56.861-0300] {local_task_job_runner.py:120} INFO - ::group::Pre task execution logs
[2024-07-25T14:49:56.867-0300] {taskinstance.py:2076} INFO - Dependencies all met for dep_context=non-requeueable deps ti=<TaskInstance: Binance_5m.get_5m_info scheduled__2024-07-25T06:55:00+00:00 [queued]>
[2024-07-25T14:49:56.870-0300] {taskinstance.py:2076} INFO - Dependencies all met for dep_context=requeueable deps ti=<TaskInstance: Binance_5m.get_5m_info scheduled__2024-07-25T06:55:00+00:00 [queued]>
[2024-07-25T14:49:56.870-0300] {taskinstance.py:2306} INFO - Starting attempt 1 of 1
[2024-07-25T14:49:56.884-0300] {taskinstance.py:2330} INFO - Executing <Task(PythonOperator): get_5m_info> on 2024-07-25 06:55:00+00:00
[2024-07-25T14:49:56.887-0300] {standard_task_runner.py:64} INFO - Started process 2609334 to run task
[2024-07-25T14:49:56.888-0300] {standard_task_runner.py:90} INFO - Running: ['airflow', 'tasks', 'run', 'Binance_5m', 'get_5m_info', 'scheduled__2024-07-25T06:55:00+00:00', '--job-id', '2175', '--raw', '--subdir', 'DAGS_FOLDER/binance_dag.py', '--cfg-path', '/tmp/tmp8rory491']
[2024-07-25T14:49:56.889-0300] {standard_task_runner.py:91} INFO - Job 2175: Subtask get_5m_info
[2024-07-25T14:49:56.918-0300] {task_command.py:426} INFO - Running <TaskInstance: Binance_5m.get_5m_info scheduled__2024-07-25T06:55:00+00:00 [running]> on host Galaxybook.
[2024-07-25T14:49:56.976-0300] {taskinstance.py:2648} INFO - Exporting env vars: AIRFLOW_CTX_DAG_OWNER='airflow' AIRFLOW_CTX_DAG_ID='Binance_5m' AIRFLOW_CTX_TASK_ID='get_5m_info' AIRFLOW_CTX_EXECUTION_DATE='2024-07-25T06:55:00+00:00' AIRFLOW_CTX_TRY_NUMBER='1' AIRFLOW_CTX_DAG_RUN_ID='scheduled__2024-07-25T06:55:00+00:00'
[2024-07-25T14:49:56.976-0300] {taskinstance.py:430} INFO - ::endgroup::
[2024-07-25T14:49:56.985-0300] {binance_dag.py:23} INFO - End Time: 2024-07-25T07:00:00.00Z
[2024-07-25T14:49:56.985-0300] {binance_dag.py:24} INFO - Start Time: 2024-07-25T06:55:00.00Z
[2024-07-25T14:49:57.054-0300] {base.py:84} INFO - Using connection ID 'binance_default' for task execution.
[2024-07-25T14:49:57.054-0300] {logging_mixin.py:188} INFO - https://api.binance.com
[2024-07-25T14:49:57.055-0300] {binance_hook.py:35} INFO - URL: https://api.binance.com/api/v3/klines?symbol=BTCBRL&interval=5m&startTime=1721901300000&endTime=1721901599999
[2024-07-25T14:49:57.501-0300] {binance_dag.py:43} INFO - r: [[1721901300000, '365811.00000000', '366177.00000000', '365811.00000000', '366177.00000000', '0.09578000', 1721901599999, '35055.45589000', 31, '0.06059000', '22175.68167000', '0']]
[2024-07-25T14:49:57.503-0300] {python.py:237} INFO - Done. Returned value was: None
[2024-07-25T14:49:57.504-0300] {taskinstance.py:441} INFO - ::group::Post task execution logs
[2024-07-25T14:49:57.506-0300] {taskinstance.py:1206} INFO - Marking task as SUCCESS. dag_id=Binance_5m, task_id=get_5m_info, run_id=scheduled__2024-07-25T06:55:00+00:00, execution_date=20240725T065500, start_date=20240725T174956, end_date=20240725T174957
[2024-07-25T14:49:57.549-0300] {local_task_job_runner.py:243} INFO - Task exited with return code 0
[2024-07-25T14:49:57.556-0300] {taskinstance.py:3503} INFO - 0 downstream tasks scheduled from follow-on schedule check
[2024-07-25T14:49:57.556-0300] {local_task_job_runner.py:222} INFO - ::endgroup::
[2024-07-25T15:20:02.236-0300] {local_task_job_runner.py:120} INFO - ::group::Pre task execution logs
[2024-07-25T15:20:02.241-0300] {taskinstance.py:2076} INFO - Dependencies all met for dep_context=non-requeueable deps ti=<TaskInstance: Binance_5m.get_5m_info scheduled__2024-07-25T06:55:00+00:00 [queued]>
[2024-07-25T15:20:02.244-0300] {taskinstance.py:2076} INFO - Dependencies all met for dep_context=requeueable deps ti=<TaskInstance: Binance_5m.get_5m_info scheduled__2024-07-25T06:55:00+00:00 [queued]>
[2024-07-25T15:20:02.244-0300] {taskinstance.py:2306} INFO - Starting attempt 1 of 1
[2024-07-25T15:20:02.259-0300] {taskinstance.py:2330} INFO - Executing <Task(PythonOperator): get_5m_info> on 2024-07-25 06:55:00+00:00
[2024-07-25T15:20:02.260-0300] {standard_task_runner.py:64} INFO - Started process 2631763 to run task
[2024-07-25T15:20:02.263-0300] {standard_task_runner.py:90} INFO - Running: ['airflow', 'tasks', 'run', 'Binance_5m', 'get_5m_info', 'scheduled__2024-07-25T06:55:00+00:00', '--job-id', '2618', '--raw', '--subdir', 'DAGS_FOLDER/binance_dag.py', '--cfg-path', '/tmp/tmpjbwlm5kc']
[2024-07-25T15:20:02.264-0300] {standard_task_runner.py:91} INFO - Job 2618: Subtask get_5m_info
[2024-07-25T15:20:02.288-0300] {task_command.py:426} INFO - Running <TaskInstance: Binance_5m.get_5m_info scheduled__2024-07-25T06:55:00+00:00 [running]> on host Galaxybook.
[2024-07-25T15:20:02.339-0300] {taskinstance.py:2648} INFO - Exporting env vars: AIRFLOW_CTX_DAG_OWNER='airflow' AIRFLOW_CTX_DAG_ID='Binance_5m' AIRFLOW_CTX_TASK_ID='get_5m_info' AIRFLOW_CTX_EXECUTION_DATE='2024-07-25T06:55:00+00:00' AIRFLOW_CTX_TRY_NUMBER='1' AIRFLOW_CTX_DAG_RUN_ID='scheduled__2024-07-25T06:55:00+00:00'
[2024-07-25T15:20:02.339-0300] {taskinstance.py:430} INFO - ::endgroup::
[2024-07-25T15:20:02.346-0300] {binance_dag.py:23} INFO - End Time: 2024-07-25T07:00:00.00Z
[2024-07-25T15:20:02.346-0300] {binance_dag.py:24} INFO - Start Time: 2024-07-25T06:55:00.00Z
[2024-07-25T15:20:02.405-0300] {binance_dag.py:25} INFO - 1721901300000
[2024-07-25T15:20:02.408-0300] {base.py:84} INFO - Using connection ID 'binance_default' for task execution.
[2024-07-25T15:20:02.408-0300] {logging_mixin.py:188} INFO - https://api.binance.com
[2024-07-25T15:20:02.409-0300] {binance_hook.py:35} INFO - URL: https://api.binance.com/api/v3/klines?symbol=BTCBRL&interval=5m&startTime=1721901300000&endTime=1721901599999
[2024-07-25T15:20:03.274-0300] {python.py:237} INFO - Done. Returned value was: None
[2024-07-25T15:20:03.275-0300] {taskinstance.py:441} INFO - ::group::Post task execution logs
[2024-07-25T15:20:03.277-0300] {taskinstance.py:1206} INFO - Marking task as SUCCESS. dag_id=Binance_5m, task_id=get_5m_info, run_id=scheduled__2024-07-25T06:55:00+00:00, execution_date=20240725T065500, start_date=20240725T182002, end_date=20240725T182003
[2024-07-25T15:20:03.332-0300] {local_task_job_runner.py:243} INFO - Task exited with return code 0
[2024-07-25T15:20:03.340-0300] {taskinstance.py:3503} INFO - 0 downstream tasks scheduled from follow-on schedule check
[2024-07-25T15:20:03.341-0300] {local_task_job_runner.py:222} INFO - ::endgroup::
[2024-07-25T16:16:35.235-0300] {local_task_job_runner.py:120} INFO - ::group::Pre task execution logs
[2024-07-25T16:16:35.240-0300] {taskinstance.py:2076} INFO - Dependencies all met for dep_context=non-requeueable deps ti=<TaskInstance: Binance_5m.get_5m_info scheduled__2024-07-25T06:55:00+00:00 [queued]>
[2024-07-25T16:16:35.244-0300] {taskinstance.py:2076} INFO - Dependencies all met for dep_context=requeueable deps ti=<TaskInstance: Binance_5m.get_5m_info scheduled__2024-07-25T06:55:00+00:00 [queued]>
[2024-07-25T16:16:35.244-0300] {taskinstance.py:2306} INFO - Starting attempt 1 of 1
[2024-07-25T16:16:35.258-0300] {taskinstance.py:2330} INFO - Executing <Task(PythonOperator): get_5m_info> on 2024-07-25 06:55:00+00:00
[2024-07-25T16:16:35.260-0300] {standard_task_runner.py:64} INFO - Started process 2659521 to run task
[2024-07-25T16:16:35.262-0300] {standard_task_runner.py:90} INFO - Running: ['airflow', 'tasks', 'run', 'Binance_5m', 'get_5m_info', 'scheduled__2024-07-25T06:55:00+00:00', '--job-id', '2178', '--raw', '--subdir', 'DAGS_FOLDER/binance_dag.py', '--cfg-path', '/tmp/tmpcrf4tj1z']
[2024-07-25T16:16:35.263-0300] {standard_task_runner.py:91} INFO - Job 2178: Subtask get_5m_info
[2024-07-25T16:16:35.290-0300] {task_command.py:426} INFO - Running <TaskInstance: Binance_5m.get_5m_info scheduled__2024-07-25T06:55:00+00:00 [running]> on host Galaxybook.
[2024-07-25T16:16:35.340-0300] {taskinstance.py:2648} INFO - Exporting env vars: AIRFLOW_CTX_DAG_OWNER='airflow' AIRFLOW_CTX_DAG_ID='Binance_5m' AIRFLOW_CTX_TASK_ID='get_5m_info' AIRFLOW_CTX_EXECUTION_DATE='2024-07-25T06:55:00+00:00' AIRFLOW_CTX_TRY_NUMBER='1' AIRFLOW_CTX_DAG_RUN_ID='scheduled__2024-07-25T06:55:00+00:00'
[2024-07-25T16:16:35.341-0300] {taskinstance.py:430} INFO - ::endgroup::
[2024-07-25T16:16:35.350-0300] {binance_dag.py:22} INFO - End Time: 2024-07-25 07:00:00+00:00
[2024-07-25T16:16:35.350-0300] {binance_dag.py:23} INFO - Start Time: 2024-07-25 06:55:00+00:00
[2024-07-25T16:16:35.350-0300] {binance_dag.py:24} INFO - Start timestamp: 1721890500000
[2024-07-25T16:16:35.350-0300] {binance_dag.py:25} INFO - End timestamp: 1721890800000
[2024-07-25T16:16:35.411-0300] {base.py:84} INFO - Using connection ID 'binance_default' for task execution.
[2024-07-25T16:16:35.411-0300] {logging_mixin.py:188} INFO - https://api.binance.com
[2024-07-25T16:16:35.411-0300] {binance_hook.py:35} INFO - URL: https://api.binance.com/api/v3/klines?symbol=BTCBRL&interval=5m&startTime=1721890500000&endTime=1721890799999&timeZone=-3
[2024-07-25T16:16:35.803-0300] {python.py:237} INFO - Done. Returned value was: None
[2024-07-25T16:16:35.803-0300] {taskinstance.py:441} INFO - ::group::Post task execution logs
[2024-07-25T16:16:35.806-0300] {taskinstance.py:1206} INFO - Marking task as SUCCESS. dag_id=Binance_5m, task_id=get_5m_info, run_id=scheduled__2024-07-25T06:55:00+00:00, execution_date=20240725T065500, start_date=20240725T191635, end_date=20240725T191635
[2024-07-25T16:16:35.842-0300] {local_task_job_runner.py:243} INFO - Task exited with return code 0
[2024-07-25T16:16:35.850-0300] {taskinstance.py:3503} INFO - 0 downstream tasks scheduled from follow-on schedule check
[2024-07-25T16:16:35.850-0300] {local_task_job_runner.py:222} INFO - ::endgroup::
