[2024-07-25T09:59:17.887-0300] {local_task_job_runner.py:120} INFO - ::group::Pre task execution logs
[2024-07-25T09:59:17.892-0300] {taskinstance.py:2076} INFO - Dependencies all met for dep_context=non-requeueable deps ti=<TaskInstance: Mercado_1m.get_1m_info scheduled__2024-07-25T11:27:00+00:00 [queued]>
[2024-07-25T09:59:17.895-0300] {taskinstance.py:2076} INFO - Dependencies all met for dep_context=requeueable deps ti=<TaskInstance: Mercado_1m.get_1m_info scheduled__2024-07-25T11:27:00+00:00 [queued]>
[2024-07-25T09:59:17.895-0300] {taskinstance.py:2306} INFO - Starting attempt 1 of 1
[2024-07-25T09:59:17.925-0300] {taskinstance.py:2330} INFO - Executing <Task(PythonOperator): get_1m_info> on 2024-07-25 11:27:00+00:00
[2024-07-25T09:59:17.927-0300] {standard_task_runner.py:64} INFO - Started process 2444395 to run task
[2024-07-25T09:59:17.929-0300] {standard_task_runner.py:90} INFO - Running: ['airflow', 'tasks', 'run', 'Mercado_1m', 'get_1m_info', 'scheduled__2024-07-25T11:27:00+00:00', '--job-id', '1924', '--raw', '--subdir', 'DAGS_FOLDER/mercado_dag.py', '--cfg-path', '/tmp/tmpcaat8wl7']
[2024-07-25T09:59:17.930-0300] {standard_task_runner.py:91} INFO - Job 1924: Subtask get_1m_info
[2024-07-25T09:59:17.961-0300] {task_command.py:426} INFO - Running <TaskInstance: Mercado_1m.get_1m_info scheduled__2024-07-25T11:27:00+00:00 [running]> on host Galaxybook.
[2024-07-25T09:59:18.036-0300] {taskinstance.py:2648} INFO - Exporting env vars: AIRFLOW_CTX_DAG_OWNER='airflow' AIRFLOW_CTX_DAG_ID='Mercado_1m' AIRFLOW_CTX_TASK_ID='get_1m_info' AIRFLOW_CTX_EXECUTION_DATE='2024-07-25T11:27:00+00:00' AIRFLOW_CTX_TRY_NUMBER='1' AIRFLOW_CTX_DAG_RUN_ID='scheduled__2024-07-25T11:27:00+00:00'
[2024-07-25T09:59:18.037-0300] {taskinstance.py:430} INFO - ::endgroup::
[2024-07-25T09:59:18.125-0300] {base.py:84} INFO - Using connection ID 'mercado_default' for task execution.
[2024-07-25T09:59:18.125-0300] {mercado_hook.py:26} INFO - BASE URL: https://api.mercadobitcoin.net/api/v4
[2024-07-25T09:59:18.126-0300] {mercado_hook.py:32} INFO - URL: https://api.mercadobitcoin.net/api/v4/candles?symbol=BTC-BRL&resolution=1m&to=1721912298049&from=1721912358049
[2024-07-25T09:59:18.501-0300] {python.py:237} INFO - Done. Returned value was: None
[2024-07-25T09:59:18.501-0300] {taskinstance.py:441} INFO - ::group::Post task execution logs
[2024-07-25T09:59:18.504-0300] {taskinstance.py:1206} INFO - Marking task as SUCCESS. dag_id=Mercado_1m, task_id=get_1m_info, run_id=scheduled__2024-07-25T11:27:00+00:00, execution_date=20240725T112700, start_date=20240725T125917, end_date=20240725T125918
[2024-07-25T09:59:18.593-0300] {local_task_job_runner.py:243} INFO - Task exited with return code 0
[2024-07-25T09:59:18.609-0300] {taskinstance.py:3503} INFO - 0 downstream tasks scheduled from follow-on schedule check
[2024-07-25T09:59:18.610-0300] {local_task_job_runner.py:222} INFO - ::endgroup::
[2024-07-25T10:58:52.747-0300] {local_task_job_runner.py:120} INFO - ::group::Pre task execution logs
[2024-07-25T10:58:52.752-0300] {taskinstance.py:2076} INFO - Dependencies all met for dep_context=non-requeueable deps ti=<TaskInstance: Mercado_1m.get_1m_info scheduled__2024-07-25T11:27:00+00:00 [queued]>
[2024-07-25T10:58:52.754-0300] {taskinstance.py:2076} INFO - Dependencies all met for dep_context=requeueable deps ti=<TaskInstance: Mercado_1m.get_1m_info scheduled__2024-07-25T11:27:00+00:00 [queued]>
[2024-07-25T10:58:52.755-0300] {taskinstance.py:2306} INFO - Starting attempt 1 of 1
[2024-07-25T10:58:52.767-0300] {taskinstance.py:2330} INFO - Executing <Task(PythonOperator): get_1m_info> on 2024-07-25 11:27:00+00:00
[2024-07-25T10:58:52.769-0300] {standard_task_runner.py:64} INFO - Started process 2480543 to run task
[2024-07-25T10:58:52.771-0300] {standard_task_runner.py:90} INFO - Running: ['airflow', 'tasks', 'run', 'Mercado_1m', 'get_1m_info', 'scheduled__2024-07-25T11:27:00+00:00', '--job-id', '1861', '--raw', '--subdir', 'DAGS_FOLDER/mercado_dag.py', '--cfg-path', '/tmp/tmp_r9wzpoz']
[2024-07-25T10:58:52.772-0300] {standard_task_runner.py:91} INFO - Job 1861: Subtask get_1m_info
[2024-07-25T10:58:52.794-0300] {task_command.py:426} INFO - Running <TaskInstance: Mercado_1m.get_1m_info scheduled__2024-07-25T11:27:00+00:00 [running]> on host Galaxybook.
[2024-07-25T10:58:52.844-0300] {taskinstance.py:2648} INFO - Exporting env vars: AIRFLOW_CTX_DAG_OWNER='airflow' AIRFLOW_CTX_DAG_ID='Mercado_1m' AIRFLOW_CTX_TASK_ID='get_1m_info' AIRFLOW_CTX_EXECUTION_DATE='2024-07-25T11:27:00+00:00' AIRFLOW_CTX_TRY_NUMBER='1' AIRFLOW_CTX_DAG_RUN_ID='scheduled__2024-07-25T11:27:00+00:00'
[2024-07-25T10:58:52.845-0300] {taskinstance.py:430} INFO - ::endgroup::
[2024-07-25T10:58:52.903-0300] {base.py:84} INFO - Using connection ID 'mercado_default' for task execution.
[2024-07-25T10:58:52.904-0300] {mercado_hook.py:31} INFO - URL: https://api.mercadobitcoin.net/api/v4/candles?symbol=BTC-BRL&resolution=1m&to=1721915932852&countback=1
[2024-07-25T10:58:53.198-0300] {python.py:237} INFO - Done. Returned value was: None
[2024-07-25T10:58:53.199-0300] {taskinstance.py:441} INFO - ::group::Post task execution logs
[2024-07-25T10:58:53.201-0300] {taskinstance.py:1206} INFO - Marking task as SUCCESS. dag_id=Mercado_1m, task_id=get_1m_info, run_id=scheduled__2024-07-25T11:27:00+00:00, execution_date=20240725T112700, start_date=20240725T135852, end_date=20240725T135853
[2024-07-25T10:58:53.231-0300] {local_task_job_runner.py:243} INFO - Task exited with return code 0
[2024-07-25T10:58:53.238-0300] {taskinstance.py:3503} INFO - 0 downstream tasks scheduled from follow-on schedule check
[2024-07-25T10:58:53.238-0300] {local_task_job_runner.py:222} INFO - ::endgroup::
