[2024-07-25T14:49:50.531-0300] {local_task_job_runner.py:120} INFO - ::group::Pre task execution logs
[2024-07-25T14:49:50.536-0300] {taskinstance.py:2076} INFO - Dependencies all met for dep_context=non-requeueable deps ti=<TaskInstance: Binance_5m.get_5m_info scheduled__2024-07-25T06:40:00+00:00 [queued]>
[2024-07-25T14:49:50.539-0300] {taskinstance.py:2076} INFO - Dependencies all met for dep_context=requeueable deps ti=<TaskInstance: Binance_5m.get_5m_info scheduled__2024-07-25T06:40:00+00:00 [queued]>
[2024-07-25T14:49:50.539-0300] {taskinstance.py:2306} INFO - Starting attempt 1 of 1
[2024-07-25T14:49:50.556-0300] {taskinstance.py:2330} INFO - Executing <Task(PythonOperator): get_5m_info> on 2024-07-25 06:40:00+00:00
[2024-07-25T14:49:50.558-0300] {standard_task_runner.py:64} INFO - Started process 2609222 to run task
[2024-07-25T14:49:50.560-0300] {standard_task_runner.py:90} INFO - Running: ['airflow', 'tasks', 'run', 'Binance_5m', 'get_5m_info', 'scheduled__2024-07-25T06:40:00+00:00', '--job-id', '2172', '--raw', '--subdir', 'DAGS_FOLDER/binance_dag.py', '--cfg-path', '/tmp/tmp4fo_kmd_']
[2024-07-25T14:49:50.561-0300] {standard_task_runner.py:91} INFO - Job 2172: Subtask get_5m_info
[2024-07-25T14:49:50.592-0300] {task_command.py:426} INFO - Running <TaskInstance: Binance_5m.get_5m_info scheduled__2024-07-25T06:40:00+00:00 [running]> on host Galaxybook.
[2024-07-25T14:49:50.656-0300] {taskinstance.py:2648} INFO - Exporting env vars: AIRFLOW_CTX_DAG_OWNER='airflow' AIRFLOW_CTX_DAG_ID='Binance_5m' AIRFLOW_CTX_TASK_ID='get_5m_info' AIRFLOW_CTX_EXECUTION_DATE='2024-07-25T06:40:00+00:00' AIRFLOW_CTX_TRY_NUMBER='1' AIRFLOW_CTX_DAG_RUN_ID='scheduled__2024-07-25T06:40:00+00:00'
[2024-07-25T14:49:50.657-0300] {taskinstance.py:430} INFO - ::endgroup::
[2024-07-25T14:49:50.665-0300] {binance_dag.py:23} INFO - End Time: 2024-07-25T06:45:00.00Z
[2024-07-25T14:49:50.665-0300] {binance_dag.py:24} INFO - Start Time: 2024-07-25T06:40:00.00Z
[2024-07-25T14:49:50.726-0300] {base.py:84} INFO - Using connection ID 'binance_default' for task execution.
[2024-07-25T14:49:50.726-0300] {logging_mixin.py:188} INFO - https://api.binance.com
[2024-07-25T14:49:50.727-0300] {binance_hook.py:35} INFO - URL: https://api.binance.com/api/v3/klines?symbol=BTCBRL&interval=5m&startTime=1721900400000&endTime=1721900699999
[2024-07-25T14:49:51.120-0300] {binance_dag.py:43} INFO - r: [[1721900400000, '366183.00000000', '366355.00000000', '365993.00000000', '365993.00000000', '0.06612000', 1721900699999, '24206.56284000', 27, '0.01788000', '6548.06673000', '0']]
[2024-07-25T14:49:51.122-0300] {python.py:237} INFO - Done. Returned value was: None
[2024-07-25T14:49:51.123-0300] {taskinstance.py:441} INFO - ::group::Post task execution logs
[2024-07-25T14:49:51.126-0300] {taskinstance.py:1206} INFO - Marking task as SUCCESS. dag_id=Binance_5m, task_id=get_5m_info, run_id=scheduled__2024-07-25T06:40:00+00:00, execution_date=20240725T064000, start_date=20240725T174950, end_date=20240725T174951
[2024-07-25T14:49:51.144-0300] {local_task_job_runner.py:243} INFO - Task exited with return code 0
[2024-07-25T14:49:51.151-0300] {taskinstance.py:3503} INFO - 0 downstream tasks scheduled from follow-on schedule check
[2024-07-25T14:49:51.152-0300] {local_task_job_runner.py:222} INFO - ::endgroup::
[2024-07-25T15:19:55.875-0300] {local_task_job_runner.py:120} INFO - ::group::Pre task execution logs
[2024-07-25T15:19:55.881-0300] {taskinstance.py:2076} INFO - Dependencies all met for dep_context=non-requeueable deps ti=<TaskInstance: Binance_5m.get_5m_info scheduled__2024-07-25T06:40:00+00:00 [queued]>
[2024-07-25T15:19:55.884-0300] {taskinstance.py:2076} INFO - Dependencies all met for dep_context=requeueable deps ti=<TaskInstance: Binance_5m.get_5m_info scheduled__2024-07-25T06:40:00+00:00 [queued]>
[2024-07-25T15:19:55.885-0300] {taskinstance.py:2306} INFO - Starting attempt 1 of 1
[2024-07-25T15:19:55.900-0300] {taskinstance.py:2330} INFO - Executing <Task(PythonOperator): get_5m_info> on 2024-07-25 06:40:00+00:00
[2024-07-25T15:19:55.901-0300] {standard_task_runner.py:64} INFO - Started process 2631649 to run task
[2024-07-25T15:19:55.904-0300] {standard_task_runner.py:90} INFO - Running: ['airflow', 'tasks', 'run', 'Binance_5m', 'get_5m_info', 'scheduled__2024-07-25T06:40:00+00:00', '--job-id', '2615', '--raw', '--subdir', 'DAGS_FOLDER/binance_dag.py', '--cfg-path', '/tmp/tmpxxa9ia4_']
[2024-07-25T15:19:55.905-0300] {standard_task_runner.py:91} INFO - Job 2615: Subtask get_5m_info
[2024-07-25T15:19:55.932-0300] {task_command.py:426} INFO - Running <TaskInstance: Binance_5m.get_5m_info scheduled__2024-07-25T06:40:00+00:00 [running]> on host Galaxybook.
[2024-07-25T15:19:55.985-0300] {taskinstance.py:2648} INFO - Exporting env vars: AIRFLOW_CTX_DAG_OWNER='airflow' AIRFLOW_CTX_DAG_ID='Binance_5m' AIRFLOW_CTX_TASK_ID='get_5m_info' AIRFLOW_CTX_EXECUTION_DATE='2024-07-25T06:40:00+00:00' AIRFLOW_CTX_TRY_NUMBER='1' AIRFLOW_CTX_DAG_RUN_ID='scheduled__2024-07-25T06:40:00+00:00'
[2024-07-25T15:19:55.985-0300] {taskinstance.py:430} INFO - ::endgroup::
[2024-07-25T15:19:55.993-0300] {binance_dag.py:23} INFO - End Time: 2024-07-25T06:45:00.00Z
[2024-07-25T15:19:55.993-0300] {binance_dag.py:24} INFO - Start Time: 2024-07-25T06:40:00.00Z
[2024-07-25T15:19:56.051-0300] {binance_dag.py:25} INFO - 1721900400000
[2024-07-25T15:19:56.063-0300] {base.py:84} INFO - Using connection ID 'binance_default' for task execution.
[2024-07-25T15:19:56.063-0300] {logging_mixin.py:188} INFO - https://api.binance.com
[2024-07-25T15:19:56.064-0300] {binance_hook.py:35} INFO - URL: https://api.binance.com/api/v3/klines?symbol=BTCBRL&interval=5m&startTime=1721900400000&endTime=1721900699999
[2024-07-25T15:19:56.452-0300] {python.py:237} INFO - Done. Returned value was: None
[2024-07-25T15:19:56.453-0300] {taskinstance.py:441} INFO - ::group::Post task execution logs
[2024-07-25T15:19:56.455-0300] {taskinstance.py:1206} INFO - Marking task as SUCCESS. dag_id=Binance_5m, task_id=get_5m_info, run_id=scheduled__2024-07-25T06:40:00+00:00, execution_date=20240725T064000, start_date=20240725T181955, end_date=20240725T181956
[2024-07-25T15:19:56.485-0300] {local_task_job_runner.py:243} INFO - Task exited with return code 0
[2024-07-25T15:19:56.493-0300] {taskinstance.py:3503} INFO - 0 downstream tasks scheduled from follow-on schedule check
[2024-07-25T15:19:56.493-0300] {local_task_job_runner.py:222} INFO - ::endgroup::
[2024-07-25T16:16:28.433-0300] {local_task_job_runner.py:120} INFO - ::group::Pre task execution logs
[2024-07-25T16:16:28.439-0300] {taskinstance.py:2076} INFO - Dependencies all met for dep_context=non-requeueable deps ti=<TaskInstance: Binance_5m.get_5m_info scheduled__2024-07-25T06:40:00+00:00 [queued]>
[2024-07-25T16:16:28.443-0300] {taskinstance.py:2076} INFO - Dependencies all met for dep_context=requeueable deps ti=<TaskInstance: Binance_5m.get_5m_info scheduled__2024-07-25T06:40:00+00:00 [queued]>
[2024-07-25T16:16:28.443-0300] {taskinstance.py:2306} INFO - Starting attempt 1 of 1
[2024-07-25T16:16:28.456-0300] {taskinstance.py:2330} INFO - Executing <Task(PythonOperator): get_5m_info> on 2024-07-25 06:40:00+00:00
[2024-07-25T16:16:28.458-0300] {standard_task_runner.py:64} INFO - Started process 2659431 to run task
[2024-07-25T16:16:28.460-0300] {standard_task_runner.py:90} INFO - Running: ['airflow', 'tasks', 'run', 'Binance_5m', 'get_5m_info', 'scheduled__2024-07-25T06:40:00+00:00', '--job-id', '2175', '--raw', '--subdir', 'DAGS_FOLDER/binance_dag.py', '--cfg-path', '/tmp/tmp0j9vvnj6']
[2024-07-25T16:16:28.461-0300] {standard_task_runner.py:91} INFO - Job 2175: Subtask get_5m_info
[2024-07-25T16:16:28.488-0300] {task_command.py:426} INFO - Running <TaskInstance: Binance_5m.get_5m_info scheduled__2024-07-25T06:40:00+00:00 [running]> on host Galaxybook.
[2024-07-25T16:16:28.545-0300] {taskinstance.py:2648} INFO - Exporting env vars: AIRFLOW_CTX_DAG_OWNER='airflow' AIRFLOW_CTX_DAG_ID='Binance_5m' AIRFLOW_CTX_TASK_ID='get_5m_info' AIRFLOW_CTX_EXECUTION_DATE='2024-07-25T06:40:00+00:00' AIRFLOW_CTX_TRY_NUMBER='1' AIRFLOW_CTX_DAG_RUN_ID='scheduled__2024-07-25T06:40:00+00:00'
[2024-07-25T16:16:28.546-0300] {taskinstance.py:430} INFO - ::endgroup::
[2024-07-25T16:16:28.556-0300] {binance_dag.py:22} INFO - End Time: 2024-07-25 06:45:00+00:00
[2024-07-25T16:16:28.556-0300] {binance_dag.py:23} INFO - Start Time: 2024-07-25 06:40:00+00:00
[2024-07-25T16:16:28.557-0300] {binance_dag.py:24} INFO - Start timestamp: 1721889600000
[2024-07-25T16:16:28.557-0300] {binance_dag.py:25} INFO - End timestamp: 1721889900000
[2024-07-25T16:16:28.618-0300] {base.py:84} INFO - Using connection ID 'binance_default' for task execution.
[2024-07-25T16:16:28.618-0300] {logging_mixin.py:188} INFO - https://api.binance.com
[2024-07-25T16:16:28.619-0300] {binance_hook.py:35} INFO - URL: https://api.binance.com/api/v3/klines?symbol=BTCBRL&interval=5m&startTime=1721889600000&endTime=1721889899999&timeZone=-3
[2024-07-25T16:16:29.019-0300] {python.py:237} INFO - Done. Returned value was: None
[2024-07-25T16:16:29.019-0300] {taskinstance.py:441} INFO - ::group::Post task execution logs
[2024-07-25T16:16:29.023-0300] {taskinstance.py:1206} INFO - Marking task as SUCCESS. dag_id=Binance_5m, task_id=get_5m_info, run_id=scheduled__2024-07-25T06:40:00+00:00, execution_date=20240725T064000, start_date=20240725T191628, end_date=20240725T191629
[2024-07-25T16:16:29.041-0300] {local_task_job_runner.py:243} INFO - Task exited with return code 0
[2024-07-25T16:16:29.047-0300] {taskinstance.py:3503} INFO - 0 downstream tasks scheduled from follow-on schedule check
[2024-07-25T16:16:29.047-0300] {local_task_job_runner.py:222} INFO - ::endgroup::
