[2024-07-25T15:42:03.673-0300] {local_task_job_runner.py:120} INFO - ::group::Pre task execution logs
[2024-07-25T15:42:03.679-0300] {taskinstance.py:2076} INFO - Dependencies all met for dep_context=non-requeueable deps ti=<TaskInstance: Binance_5m.get_5m_info manual__2024-07-25T18:42:02.969527+00:00 [queued]>
[2024-07-25T15:42:03.683-0300] {taskinstance.py:2076} INFO - Dependencies all met for dep_context=requeueable deps ti=<TaskInstance: Binance_5m.get_5m_info manual__2024-07-25T18:42:02.969527+00:00 [queued]>
[2024-07-25T15:42:03.683-0300] {taskinstance.py:2306} INFO - Starting attempt 1 of 1
[2024-07-25T15:42:03.699-0300] {taskinstance.py:2330} INFO - Executing <Task(PythonOperator): get_5m_info> on 2024-07-25 18:42:02.969527+00:00
[2024-07-25T15:42:03.701-0300] {standard_task_runner.py:64} INFO - Started process 2642798 to run task
[2024-07-25T15:42:03.703-0300] {standard_task_runner.py:90} INFO - Running: ['airflow', 'tasks', 'run', 'Binance_5m', 'get_5m_info', 'manual__2024-07-25T18:42:02.969527+00:00', '--job-id', '2759', '--raw', '--subdir', 'DAGS_FOLDER/binance_dag.py', '--cfg-path', '/tmp/tmprtn1ygr1']
[2024-07-25T15:42:03.704-0300] {standard_task_runner.py:91} INFO - Job 2759: Subtask get_5m_info
[2024-07-25T15:42:03.733-0300] {task_command.py:426} INFO - Running <TaskInstance: Binance_5m.get_5m_info manual__2024-07-25T18:42:02.969527+00:00 [running]> on host Galaxybook.
[2024-07-25T15:42:03.799-0300] {taskinstance.py:2648} INFO - Exporting env vars: AIRFLOW_CTX_DAG_OWNER='airflow' AIRFLOW_CTX_DAG_ID='Binance_5m' AIRFLOW_CTX_TASK_ID='get_5m_info' AIRFLOW_CTX_EXECUTION_DATE='2024-07-25T18:42:02.969527+00:00' AIRFLOW_CTX_TRY_NUMBER='1' AIRFLOW_CTX_DAG_RUN_ID='manual__2024-07-25T18:42:02.969527+00:00'
[2024-07-25T15:42:03.800-0300] {taskinstance.py:430} INFO - ::endgroup::
[2024-07-25T15:42:03.809-0300] {binance_dag.py:23} INFO - End Time: 2024-07-25T18:40:00.00Z
[2024-07-25T15:42:03.809-0300] {binance_dag.py:24} INFO - Start Time: 2024-07-25T18:35:00.00Z
[2024-07-25T15:42:03.892-0300] {binance_dag.py:25} INFO - 1721943300000
[2024-07-25T15:42:03.895-0300] {base.py:84} INFO - Using connection ID 'binance_default' for task execution.
[2024-07-25T15:42:03.895-0300] {taskinstance.py:441} INFO - ::group::Post task execution logs
[2024-07-25T15:42:03.895-0300] {taskinstance.py:2905} ERROR - Task failed with exception
Traceback (most recent call last):
  File "/home/hugoviana/Documentos/data_pipeline_airflow/.venv/lib/python3.12/site-packages/airflow/models/taskinstance.py", line 465, in _execute_task
    result = _execute_callable(context=context, **execute_callable_kwargs)
             ^^^^^^^^^^^^^^^^^^^^^^^^^^^^^^^^^^^^^^^^^^^^^^^^^^^^^^^^^^^^^
  File "/home/hugoviana/Documentos/data_pipeline_airflow/.venv/lib/python3.12/site-packages/airflow/models/taskinstance.py", line 432, in _execute_callable
    return execute_callable(context=context, **execute_callable_kwargs)
           ^^^^^^^^^^^^^^^^^^^^^^^^^^^^^^^^^^^^^^^^^^^^^^^^^^^^^^^^^^^^
  File "/home/hugoviana/Documentos/data_pipeline_airflow/.venv/lib/python3.12/site-packages/airflow/models/baseoperator.py", line 401, in wrapper
    return func(self, *args, **kwargs)
           ^^^^^^^^^^^^^^^^^^^^^^^^^^^
  File "/home/hugoviana/Documentos/data_pipeline_airflow/.venv/lib/python3.12/site-packages/airflow/operators/python.py", line 235, in execute
    return_value = self.execute_callable()
                   ^^^^^^^^^^^^^^^^^^^^^^^
  File "/home/hugoviana/Documentos/data_pipeline_airflow/.venv/lib/python3.12/site-packages/airflow/operators/python.py", line 252, in execute_callable
    return self.python_callable(*self.op_args, **self.op_kwargs)
           ^^^^^^^^^^^^^^^^^^^^^^^^^^^^^^^^^^^^^^^^^^^^^^^^^^^^^
  File "/home/hugoviana/Projetos/crypto-etl/airflow_pipeline/dags/binance_dag.py", line 38, in execute
    ).run()
      ^^^^^
  File "/home/hugoviana/Projetos/crypto-etl/airflow_pipeline/hook/binance_hook.py", line 40, in run
    url_raw = self.create_url()
              ^^^^^^^^^^^^^^^^^
  File "/home/hugoviana/Projetos/crypto-etl/airflow_pipeline/hook/binance_hook.py", line 24, in create_url
    'timeZone': self.time_zone,
                ^^^^^^^^^^^^^^
AttributeError: 'BinanceHook' object has no attribute 'time_zone'
[2024-07-25T15:42:03.899-0300] {taskinstance.py:1206} INFO - Marking task as FAILED. dag_id=Binance_5m, task_id=get_5m_info, run_id=manual__2024-07-25T18:42:02.969527+00:00, execution_date=20240725T184202, start_date=20240725T184203, end_date=20240725T184203
[2024-07-25T15:42:03.911-0300] {standard_task_runner.py:110} ERROR - Failed to execute job 2759 for task get_5m_info ('BinanceHook' object has no attribute 'time_zone'; 2642798)
[2024-07-25T15:42:03.919-0300] {local_task_job_runner.py:243} INFO - Task exited with return code 1
[2024-07-25T15:42:03.926-0300] {taskinstance.py:3503} INFO - 0 downstream tasks scheduled from follow-on schedule check
[2024-07-25T15:42:03.927-0300] {local_task_job_runner.py:222} INFO - ::endgroup::
