[2024-07-25T14:48:00.943-0300] {local_task_job_runner.py:120} INFO - ::group::Pre task execution logs
[2024-07-25T14:48:00.953-0300] {taskinstance.py:2076} INFO - Dependencies all met for dep_context=non-requeueable deps ti=<TaskInstance: Binance_5m.get_5m_info scheduled__2024-07-25T03:00:00+00:00 [queued]>
[2024-07-25T14:48:00.958-0300] {taskinstance.py:2076} INFO - Dependencies all met for dep_context=requeueable deps ti=<TaskInstance: Binance_5m.get_5m_info scheduled__2024-07-25T03:00:00+00:00 [queued]>
[2024-07-25T14:48:00.958-0300] {taskinstance.py:2306} INFO - Starting attempt 1 of 1
[2024-07-25T14:48:00.974-0300] {taskinstance.py:2330} INFO - Executing <Task(PythonOperator): get_5m_info> on 2024-07-25 03:00:00+00:00
[2024-07-25T14:48:00.976-0300] {standard_task_runner.py:64} INFO - Started process 2607395 to run task
[2024-07-25T14:48:00.978-0300] {standard_task_runner.py:90} INFO - Running: ['airflow', 'tasks', 'run', 'Binance_5m', 'get_5m_info', 'scheduled__2024-07-25T03:00:00+00:00', '--job-id', '2122', '--raw', '--subdir', 'DAGS_FOLDER/binance_dag.py', '--cfg-path', '/tmp/tmp061h80a_']
[2024-07-25T14:48:00.979-0300] {standard_task_runner.py:91} INFO - Job 2122: Subtask get_5m_info
[2024-07-25T14:48:01.018-0300] {task_command.py:426} INFO - Running <TaskInstance: Binance_5m.get_5m_info scheduled__2024-07-25T03:00:00+00:00 [running]> on host Galaxybook.
[2024-07-25T14:48:01.089-0300] {taskinstance.py:2648} INFO - Exporting env vars: AIRFLOW_CTX_DAG_OWNER='airflow' AIRFLOW_CTX_DAG_ID='Binance_5m' AIRFLOW_CTX_TASK_ID='get_5m_info' AIRFLOW_CTX_EXECUTION_DATE='2024-07-25T03:00:00+00:00' AIRFLOW_CTX_TRY_NUMBER='1' AIRFLOW_CTX_DAG_RUN_ID='scheduled__2024-07-25T03:00:00+00:00'
[2024-07-25T14:48:01.089-0300] {taskinstance.py:430} INFO - ::endgroup::
[2024-07-25T14:48:01.099-0300] {binance_dag.py:23} INFO - End Time: 2024-07-25T03:05:00.00Z
[2024-07-25T14:48:01.099-0300] {binance_dag.py:24} INFO - Start Time: 2024-07-25T03:00:00.00Z
[2024-07-25T14:48:01.183-0300] {base.py:84} INFO - Using connection ID 'binance_default' for task execution.
[2024-07-25T14:48:01.184-0300] {logging_mixin.py:188} INFO - https://api.binance.com
[2024-07-25T14:48:01.184-0300] {binance_hook.py:35} INFO - URL: https://api.binance.com/api/v3/klines?symbol=BTCBRL&interval=5m&startTime=1721887200000&endTime=1721887499999
[2024-07-25T14:48:01.649-0300] {binance_dag.py:43} INFO - r: [[1721887200000, '366000.00000000', '366035.00000000', '365696.00000000', '365777.00000000', '0.30161000', 1721887499999, '110352.60971000', 28, '0.24171000', '88441.48974000', '0']]
[2024-07-25T14:48:01.651-0300] {python.py:237} INFO - Done. Returned value was: None
[2024-07-25T14:48:01.652-0300] {taskinstance.py:441} INFO - ::group::Post task execution logs
[2024-07-25T14:48:01.655-0300] {taskinstance.py:1206} INFO - Marking task as SUCCESS. dag_id=Binance_5m, task_id=get_5m_info, run_id=scheduled__2024-07-25T03:00:00+00:00, execution_date=20240725T030000, start_date=20240725T174800, end_date=20240725T174801
[2024-07-25T14:48:01.681-0300] {local_task_job_runner.py:243} INFO - Task exited with return code 0
[2024-07-25T14:48:01.688-0300] {taskinstance.py:3503} INFO - 0 downstream tasks scheduled from follow-on schedule check
[2024-07-25T14:48:01.688-0300] {local_task_job_runner.py:222} INFO - ::endgroup::
[2024-07-25T15:18:09.540-0300] {local_task_job_runner.py:120} INFO - ::group::Pre task execution logs
[2024-07-25T15:18:09.545-0300] {taskinstance.py:2076} INFO - Dependencies all met for dep_context=non-requeueable deps ti=<TaskInstance: Binance_5m.get_5m_info scheduled__2024-07-25T03:00:00+00:00 [queued]>
[2024-07-25T15:18:09.548-0300] {taskinstance.py:2076} INFO - Dependencies all met for dep_context=requeueable deps ti=<TaskInstance: Binance_5m.get_5m_info scheduled__2024-07-25T03:00:00+00:00 [queued]>
[2024-07-25T15:18:09.548-0300] {taskinstance.py:2306} INFO - Starting attempt 1 of 1
[2024-07-25T15:18:09.560-0300] {taskinstance.py:2330} INFO - Executing <Task(PythonOperator): get_5m_info> on 2024-07-25 03:00:00+00:00
[2024-07-25T15:18:09.562-0300] {standard_task_runner.py:64} INFO - Started process 2629927 to run task
[2024-07-25T15:18:09.563-0300] {standard_task_runner.py:90} INFO - Running: ['airflow', 'tasks', 'run', 'Binance_5m', 'get_5m_info', 'scheduled__2024-07-25T03:00:00+00:00', '--job-id', '2571', '--raw', '--subdir', 'DAGS_FOLDER/binance_dag.py', '--cfg-path', '/tmp/tmp852ee4h0']
[2024-07-25T15:18:09.564-0300] {standard_task_runner.py:91} INFO - Job 2571: Subtask get_5m_info
[2024-07-25T15:18:09.590-0300] {task_command.py:426} INFO - Running <TaskInstance: Binance_5m.get_5m_info scheduled__2024-07-25T03:00:00+00:00 [running]> on host Galaxybook.
[2024-07-25T15:18:09.643-0300] {taskinstance.py:2648} INFO - Exporting env vars: AIRFLOW_CTX_DAG_OWNER='airflow' AIRFLOW_CTX_DAG_ID='Binance_5m' AIRFLOW_CTX_TASK_ID='get_5m_info' AIRFLOW_CTX_EXECUTION_DATE='2024-07-25T03:00:00+00:00' AIRFLOW_CTX_TRY_NUMBER='1' AIRFLOW_CTX_DAG_RUN_ID='scheduled__2024-07-25T03:00:00+00:00'
[2024-07-25T15:18:09.644-0300] {taskinstance.py:430} INFO - ::endgroup::
[2024-07-25T15:18:09.651-0300] {binance_dag.py:23} INFO - End Time: 2024-07-25T03:05:00.00Z
[2024-07-25T15:18:09.651-0300] {binance_dag.py:24} INFO - Start Time: 2024-07-25T03:00:00.00Z
[2024-07-25T15:18:09.704-0300] {binance_dag.py:25} INFO - 1721887200000
[2024-07-25T15:18:09.706-0300] {base.py:84} INFO - Using connection ID 'binance_default' for task execution.
[2024-07-25T15:18:09.707-0300] {logging_mixin.py:188} INFO - https://api.binance.com
[2024-07-25T15:18:09.707-0300] {binance_hook.py:35} INFO - URL: https://api.binance.com/api/v3/klines?symbol=BTCBRL&interval=5m&startTime=1721887200000&endTime=1721887499999
[2024-07-25T15:18:10.121-0300] {python.py:237} INFO - Done. Returned value was: None
[2024-07-25T15:18:10.122-0300] {taskinstance.py:441} INFO - ::group::Post task execution logs
[2024-07-25T15:18:10.124-0300] {taskinstance.py:1206} INFO - Marking task as SUCCESS. dag_id=Binance_5m, task_id=get_5m_info, run_id=scheduled__2024-07-25T03:00:00+00:00, execution_date=20240725T030000, start_date=20240725T181809, end_date=20240725T181810
[2024-07-25T15:18:10.148-0300] {local_task_job_runner.py:243} INFO - Task exited with return code 0
[2024-07-25T15:18:10.154-0300] {taskinstance.py:3503} INFO - 0 downstream tasks scheduled from follow-on schedule check
[2024-07-25T15:18:10.154-0300] {local_task_job_runner.py:222} INFO - ::endgroup::
[2024-07-25T16:14:39.291-0300] {local_task_job_runner.py:120} INFO - ::group::Pre task execution logs
[2024-07-25T16:14:39.297-0300] {taskinstance.py:2076} INFO - Dependencies all met for dep_context=non-requeueable deps ti=<TaskInstance: Binance_5m.get_5m_info scheduled__2024-07-25T03:00:00+00:00 [queued]>
[2024-07-25T16:14:39.300-0300] {taskinstance.py:2076} INFO - Dependencies all met for dep_context=requeueable deps ti=<TaskInstance: Binance_5m.get_5m_info scheduled__2024-07-25T03:00:00+00:00 [queued]>
[2024-07-25T16:14:39.301-0300] {taskinstance.py:2306} INFO - Starting attempt 1 of 1
[2024-07-25T16:14:39.314-0300] {taskinstance.py:2330} INFO - Executing <Task(PythonOperator): get_5m_info> on 2024-07-25 03:00:00+00:00
[2024-07-25T16:14:39.315-0300] {standard_task_runner.py:64} INFO - Started process 2657638 to run task
[2024-07-25T16:14:39.317-0300] {standard_task_runner.py:90} INFO - Running: ['airflow', 'tasks', 'run', 'Binance_5m', 'get_5m_info', 'scheduled__2024-07-25T03:00:00+00:00', '--job-id', '2131', '--raw', '--subdir', 'DAGS_FOLDER/binance_dag.py', '--cfg-path', '/tmp/tmpdkcfzbk_']
[2024-07-25T16:14:39.318-0300] {standard_task_runner.py:91} INFO - Job 2131: Subtask get_5m_info
[2024-07-25T16:14:39.344-0300] {task_command.py:426} INFO - Running <TaskInstance: Binance_5m.get_5m_info scheduled__2024-07-25T03:00:00+00:00 [running]> on host Galaxybook.
[2024-07-25T16:14:39.401-0300] {taskinstance.py:2648} INFO - Exporting env vars: AIRFLOW_CTX_DAG_OWNER='airflow' AIRFLOW_CTX_DAG_ID='Binance_5m' AIRFLOW_CTX_TASK_ID='get_5m_info' AIRFLOW_CTX_EXECUTION_DATE='2024-07-25T03:00:00+00:00' AIRFLOW_CTX_TRY_NUMBER='1' AIRFLOW_CTX_DAG_RUN_ID='scheduled__2024-07-25T03:00:00+00:00'
[2024-07-25T16:14:39.402-0300] {taskinstance.py:430} INFO - ::endgroup::
[2024-07-25T16:14:39.410-0300] {binance_dag.py:22} INFO - End Time: 2024-07-25 03:05:00+00:00
[2024-07-25T16:14:39.410-0300] {binance_dag.py:23} INFO - Start Time: 2024-07-25 03:00:00+00:00
[2024-07-25T16:14:39.411-0300] {binance_dag.py:24} INFO - Start timestamp: 1721876400000
[2024-07-25T16:14:39.411-0300] {binance_dag.py:25} INFO - End timestamp: 1721876700000
[2024-07-25T16:14:39.466-0300] {base.py:84} INFO - Using connection ID 'binance_default' for task execution.
[2024-07-25T16:14:39.467-0300] {logging_mixin.py:188} INFO - https://api.binance.com
[2024-07-25T16:14:39.467-0300] {binance_hook.py:35} INFO - URL: https://api.binance.com/api/v3/klines?symbol=BTCBRL&interval=5m&startTime=1721876400000&endTime=1721876699999&timeZone=-3
[2024-07-25T16:14:39.862-0300] {python.py:237} INFO - Done. Returned value was: None
[2024-07-25T16:14:39.863-0300] {taskinstance.py:441} INFO - ::group::Post task execution logs
[2024-07-25T16:14:39.866-0300] {taskinstance.py:1206} INFO - Marking task as SUCCESS. dag_id=Binance_5m, task_id=get_5m_info, run_id=scheduled__2024-07-25T03:00:00+00:00, execution_date=20240725T030000, start_date=20240725T191439, end_date=20240725T191439
[2024-07-25T16:14:39.904-0300] {local_task_job_runner.py:243} INFO - Task exited with return code 0
[2024-07-25T16:14:39.911-0300] {taskinstance.py:3503} INFO - 0 downstream tasks scheduled from follow-on schedule check
[2024-07-25T16:14:39.911-0300] {local_task_job_runner.py:222} INFO - ::endgroup::
