[2024-07-25T14:39:50.342-0300] {local_task_job_runner.py:120} INFO - ::group::Pre task execution logs
[2024-07-25T14:39:50.348-0300] {taskinstance.py:2076} INFO - Dependencies all met for dep_context=non-requeueable deps ti=<TaskInstance: Binance_5m.get_5m_info scheduled__2024-07-24T23:50:00+00:00 [queued]>
[2024-07-25T14:39:50.351-0300] {taskinstance.py:2076} INFO - Dependencies all met for dep_context=requeueable deps ti=<TaskInstance: Binance_5m.get_5m_info scheduled__2024-07-24T23:50:00+00:00 [queued]>
[2024-07-25T14:39:50.351-0300] {taskinstance.py:2306} INFO - Starting attempt 1 of 1
[2024-07-25T14:39:50.368-0300] {taskinstance.py:2330} INFO - Executing <Task(PythonOperator): get_5m_info> on 2024-07-24 23:50:00+00:00
[2024-07-25T14:39:50.370-0300] {standard_task_runner.py:64} INFO - Started process 2601197 to run task
[2024-07-25T14:39:50.372-0300] {standard_task_runner.py:90} INFO - Running: ['airflow', 'tasks', 'run', 'Binance_5m', 'get_5m_info', 'scheduled__2024-07-24T23:50:00+00:00', '--job-id', '2084', '--raw', '--subdir', 'DAGS_FOLDER/binance_dag.py', '--cfg-path', '/tmp/tmpd4ayb33g']
[2024-07-25T14:39:50.373-0300] {standard_task_runner.py:91} INFO - Job 2084: Subtask get_5m_info
[2024-07-25T14:39:50.401-0300] {task_command.py:426} INFO - Running <TaskInstance: Binance_5m.get_5m_info scheduled__2024-07-24T23:50:00+00:00 [running]> on host Galaxybook.
[2024-07-25T14:39:50.454-0300] {taskinstance.py:2648} INFO - Exporting env vars: AIRFLOW_CTX_DAG_OWNER='airflow' AIRFLOW_CTX_DAG_ID='Binance_5m' AIRFLOW_CTX_TASK_ID='get_5m_info' AIRFLOW_CTX_EXECUTION_DATE='2024-07-24T23:50:00+00:00' AIRFLOW_CTX_TRY_NUMBER='1' AIRFLOW_CTX_DAG_RUN_ID='scheduled__2024-07-24T23:50:00+00:00'
[2024-07-25T14:39:50.455-0300] {taskinstance.py:430} INFO - ::endgroup::
[2024-07-25T14:39:50.463-0300] {binance_dag.py:23} INFO - End Time: 2024-07-24T23:55:00.00Z
[2024-07-25T14:39:50.530-0300] {base.py:84} INFO - Using connection ID 'binance_default' for task execution.
[2024-07-25T14:39:50.530-0300] {logging_mixin.py:188} INFO - https://api.binance.com
[2024-07-25T14:39:50.531-0300] {binance_hook.py:35} INFO - URL: https://api.binance.com/api/v3/klines?symbol=BTCBRL&interval=5m&startTime=1721875800000&endTime=1721876100000
[2024-07-25T14:39:50.920-0300] {binance_dag.py:42} INFO - r: [[1721875800000, '363771.00000000', '364316.00000000', '363123.00000000', '364148.00000000', '0.17131000', 1721876099999, '62336.57950000', 58, '0.12299000', '44756.42366000', '0'], [1721876100000, '364180.00000000', '364751.00000000', '364151.00000000', '364743.00000000', '0.20906000', 1721876399999, '76210.63600000', 67, '0.13239000', '48267.40624000', '0']]
[2024-07-25T14:39:50.921-0300] {python.py:237} INFO - Done. Returned value was: None
[2024-07-25T14:39:50.922-0300] {taskinstance.py:441} INFO - ::group::Post task execution logs
[2024-07-25T14:39:50.924-0300] {taskinstance.py:1206} INFO - Marking task as SUCCESS. dag_id=Binance_5m, task_id=get_5m_info, run_id=scheduled__2024-07-24T23:50:00+00:00, execution_date=20240724T235000, start_date=20240725T173950, end_date=20240725T173950
[2024-07-25T14:39:50.949-0300] {local_task_job_runner.py:243} INFO - Task exited with return code 0
[2024-07-25T14:39:50.956-0300] {taskinstance.py:3503} INFO - 0 downstream tasks scheduled from follow-on schedule check
[2024-07-25T14:39:50.957-0300] {local_task_job_runner.py:222} INFO - ::endgroup::
[2024-07-25T14:42:19.263-0300] {local_task_job_runner.py:120} INFO - ::group::Pre task execution logs
[2024-07-25T14:42:19.271-0300] {taskinstance.py:2076} INFO - Dependencies all met for dep_context=non-requeueable deps ti=<TaskInstance: Binance_5m.get_5m_info scheduled__2024-07-24T23:50:00+00:00 [queued]>
[2024-07-25T14:42:19.275-0300] {taskinstance.py:2076} INFO - Dependencies all met for dep_context=requeueable deps ti=<TaskInstance: Binance_5m.get_5m_info scheduled__2024-07-24T23:50:00+00:00 [queued]>
[2024-07-25T14:42:19.275-0300] {taskinstance.py:2306} INFO - Starting attempt 1 of 1
[2024-07-25T14:42:19.288-0300] {taskinstance.py:2330} INFO - Executing <Task(PythonOperator): get_5m_info> on 2024-07-24 23:50:00+00:00
[2024-07-25T14:42:19.290-0300] {standard_task_runner.py:64} INFO - Started process 2602999 to run task
[2024-07-25T14:42:19.292-0300] {standard_task_runner.py:90} INFO - Running: ['airflow', 'tasks', 'run', 'Binance_5m', 'get_5m_info', 'scheduled__2024-07-24T23:50:00+00:00', '--job-id', '2084', '--raw', '--subdir', 'DAGS_FOLDER/binance_dag.py', '--cfg-path', '/tmp/tmp9rd9esx4']
[2024-07-25T14:42:19.293-0300] {standard_task_runner.py:91} INFO - Job 2084: Subtask get_5m_info
[2024-07-25T14:42:19.322-0300] {task_command.py:426} INFO - Running <TaskInstance: Binance_5m.get_5m_info scheduled__2024-07-24T23:50:00+00:00 [running]> on host Galaxybook.
[2024-07-25T14:42:19.373-0300] {taskinstance.py:2648} INFO - Exporting env vars: AIRFLOW_CTX_DAG_OWNER='airflow' AIRFLOW_CTX_DAG_ID='Binance_5m' AIRFLOW_CTX_TASK_ID='get_5m_info' AIRFLOW_CTX_EXECUTION_DATE='2024-07-24T23:50:00+00:00' AIRFLOW_CTX_TRY_NUMBER='1' AIRFLOW_CTX_DAG_RUN_ID='scheduled__2024-07-24T23:50:00+00:00'
[2024-07-25T14:42:19.374-0300] {taskinstance.py:430} INFO - ::endgroup::
[2024-07-25T14:42:19.383-0300] {binance_dag.py:23} INFO - End Time: 2024-07-24T23:55:00.00Z
[2024-07-25T14:42:19.383-0300] {binance_dag.py:24} INFO - End Time: 2024-07-24T23:50:00.00Z
[2024-07-25T14:42:19.448-0300] {base.py:84} INFO - Using connection ID 'binance_default' for task execution.
[2024-07-25T14:42:19.448-0300] {logging_mixin.py:188} INFO - https://api.binance.com
[2024-07-25T14:42:19.448-0300] {binance_hook.py:35} INFO - URL: https://api.binance.com/api/v3/klines?symbol=BTCBRL&interval=5m&startTime=1721875800000&endTime=1721876100000
[2024-07-25T14:42:19.841-0300] {binance_dag.py:43} INFO - r: [[1721875800000, '363771.00000000', '364316.00000000', '363123.00000000', '364148.00000000', '0.17131000', 1721876099999, '62336.57950000', 58, '0.12299000', '44756.42366000', '0'], [1721876100000, '364180.00000000', '364751.00000000', '364151.00000000', '364743.00000000', '0.20906000', 1721876399999, '76210.63600000', 67, '0.13239000', '48267.40624000', '0']]
[2024-07-25T14:42:19.843-0300] {python.py:237} INFO - Done. Returned value was: None
[2024-07-25T14:42:19.843-0300] {taskinstance.py:441} INFO - ::group::Post task execution logs
[2024-07-25T14:42:19.846-0300] {taskinstance.py:1206} INFO - Marking task as SUCCESS. dag_id=Binance_5m, task_id=get_5m_info, run_id=scheduled__2024-07-24T23:50:00+00:00, execution_date=20240724T235000, start_date=20240725T174219, end_date=20240725T174219
[2024-07-25T14:42:19.876-0300] {local_task_job_runner.py:243} INFO - Task exited with return code 0
[2024-07-25T14:42:19.883-0300] {taskinstance.py:3503} INFO - 0 downstream tasks scheduled from follow-on schedule check
[2024-07-25T14:42:19.883-0300] {local_task_job_runner.py:222} INFO - ::endgroup::
[2024-07-25T14:45:27.766-0300] {local_task_job_runner.py:120} INFO - ::group::Pre task execution logs
[2024-07-25T14:45:27.772-0300] {taskinstance.py:2076} INFO - Dependencies all met for dep_context=non-requeueable deps ti=<TaskInstance: Binance_5m.get_5m_info scheduled__2024-07-24T23:50:00+00:00 [queued]>
[2024-07-25T14:45:27.775-0300] {taskinstance.py:2076} INFO - Dependencies all met for dep_context=requeueable deps ti=<TaskInstance: Binance_5m.get_5m_info scheduled__2024-07-24T23:50:00+00:00 [queued]>
[2024-07-25T14:45:27.775-0300] {taskinstance.py:2306} INFO - Starting attempt 1 of 1
[2024-07-25T14:45:27.788-0300] {taskinstance.py:2330} INFO - Executing <Task(PythonOperator): get_5m_info> on 2024-07-24 23:50:00+00:00
[2024-07-25T14:45:27.790-0300] {standard_task_runner.py:64} INFO - Started process 2604868 to run task
[2024-07-25T14:45:27.793-0300] {standard_task_runner.py:90} INFO - Running: ['airflow', 'tasks', 'run', 'Binance_5m', 'get_5m_info', 'scheduled__2024-07-24T23:50:00+00:00', '--job-id', '2084', '--raw', '--subdir', 'DAGS_FOLDER/binance_dag.py', '--cfg-path', '/tmp/tmpmlted5pw']
[2024-07-25T14:45:27.793-0300] {standard_task_runner.py:91} INFO - Job 2084: Subtask get_5m_info
[2024-07-25T14:45:27.831-0300] {task_command.py:426} INFO - Running <TaskInstance: Binance_5m.get_5m_info scheduled__2024-07-24T23:50:00+00:00 [running]> on host Galaxybook.
[2024-07-25T14:45:27.888-0300] {taskinstance.py:2648} INFO - Exporting env vars: AIRFLOW_CTX_DAG_OWNER='airflow' AIRFLOW_CTX_DAG_ID='Binance_5m' AIRFLOW_CTX_TASK_ID='get_5m_info' AIRFLOW_CTX_EXECUTION_DATE='2024-07-24T23:50:00+00:00' AIRFLOW_CTX_TRY_NUMBER='1' AIRFLOW_CTX_DAG_RUN_ID='scheduled__2024-07-24T23:50:00+00:00'
[2024-07-25T14:45:27.889-0300] {taskinstance.py:430} INFO - ::endgroup::
[2024-07-25T14:45:27.898-0300] {binance_dag.py:23} INFO - End Time: 2024-07-24T23:55:00.00Z
[2024-07-25T14:45:27.899-0300] {binance_dag.py:24} INFO - Start Time: 2024-07-24T23:50:00.00Z
[2024-07-25T14:45:27.965-0300] {base.py:84} INFO - Using connection ID 'binance_default' for task execution.
[2024-07-25T14:45:27.965-0300] {logging_mixin.py:188} INFO - https://api.binance.com
[2024-07-25T14:45:27.966-0300] {binance_hook.py:35} INFO - URL: https://api.binance.com/api/v3/klines?symbol=BTCBRL&interval=5m&startTime=1721875800000&endTime=1721876099999
[2024-07-25T14:45:28.372-0300] {binance_dag.py:43} INFO - r: [[1721875800000, '363771.00000000', '364316.00000000', '363123.00000000', '364148.00000000', '0.17131000', 1721876099999, '62336.57950000', 58, '0.12299000', '44756.42366000', '0']]
[2024-07-25T14:45:28.373-0300] {python.py:237} INFO - Done. Returned value was: None
[2024-07-25T14:45:28.374-0300] {taskinstance.py:441} INFO - ::group::Post task execution logs
[2024-07-25T14:45:28.376-0300] {taskinstance.py:1206} INFO - Marking task as SUCCESS. dag_id=Binance_5m, task_id=get_5m_info, run_id=scheduled__2024-07-24T23:50:00+00:00, execution_date=20240724T235000, start_date=20240725T174527, end_date=20240725T174528
[2024-07-25T14:45:28.411-0300] {local_task_job_runner.py:243} INFO - Task exited with return code 0
[2024-07-25T14:45:28.430-0300] {taskinstance.py:3503} INFO - 0 downstream tasks scheduled from follow-on schedule check
[2024-07-25T14:45:28.430-0300] {local_task_job_runner.py:222} INFO - ::endgroup::
[2024-07-25T14:46:35.154-0300] {local_task_job_runner.py:120} INFO - ::group::Pre task execution logs
[2024-07-25T14:46:35.159-0300] {taskinstance.py:2076} INFO - Dependencies all met for dep_context=non-requeueable deps ti=<TaskInstance: Binance_5m.get_5m_info scheduled__2024-07-24T23:50:00+00:00 [queued]>
[2024-07-25T14:46:35.162-0300] {taskinstance.py:2076} INFO - Dependencies all met for dep_context=requeueable deps ti=<TaskInstance: Binance_5m.get_5m_info scheduled__2024-07-24T23:50:00+00:00 [queued]>
[2024-07-25T14:46:35.162-0300] {taskinstance.py:2306} INFO - Starting attempt 1 of 1
[2024-07-25T14:46:35.177-0300] {taskinstance.py:2330} INFO - Executing <Task(PythonOperator): get_5m_info> on 2024-07-24 23:50:00+00:00
[2024-07-25T14:46:35.178-0300] {standard_task_runner.py:64} INFO - Started process 2605938 to run task
[2024-07-25T14:46:35.180-0300] {standard_task_runner.py:90} INFO - Running: ['airflow', 'tasks', 'run', 'Binance_5m', 'get_5m_info', 'scheduled__2024-07-24T23:50:00+00:00', '--job-id', '2084', '--raw', '--subdir', 'DAGS_FOLDER/binance_dag.py', '--cfg-path', '/tmp/tmpsxcju_np']
[2024-07-25T14:46:35.181-0300] {standard_task_runner.py:91} INFO - Job 2084: Subtask get_5m_info
[2024-07-25T14:46:35.207-0300] {task_command.py:426} INFO - Running <TaskInstance: Binance_5m.get_5m_info scheduled__2024-07-24T23:50:00+00:00 [running]> on host Galaxybook.
[2024-07-25T14:46:35.256-0300] {taskinstance.py:2648} INFO - Exporting env vars: AIRFLOW_CTX_DAG_OWNER='airflow' AIRFLOW_CTX_DAG_ID='Binance_5m' AIRFLOW_CTX_TASK_ID='get_5m_info' AIRFLOW_CTX_EXECUTION_DATE='2024-07-24T23:50:00+00:00' AIRFLOW_CTX_TRY_NUMBER='1' AIRFLOW_CTX_DAG_RUN_ID='scheduled__2024-07-24T23:50:00+00:00'
[2024-07-25T14:46:35.256-0300] {taskinstance.py:430} INFO - ::endgroup::
[2024-07-25T14:46:35.265-0300] {binance_dag.py:23} INFO - End Time: 2024-07-24T23:55:00.00Z
[2024-07-25T14:46:35.265-0300] {binance_dag.py:24} INFO - Start Time: 2024-07-24T23:50:00.00Z
[2024-07-25T14:46:35.329-0300] {base.py:84} INFO - Using connection ID 'binance_default' for task execution.
[2024-07-25T14:46:35.329-0300] {logging_mixin.py:188} INFO - https://api.binance.com
[2024-07-25T14:46:35.330-0300] {binance_hook.py:35} INFO - URL: https://api.binance.com/api/v3/klines?symbol=BTCBRL&interval=5m&startTime=1721875800000&endTime=1721876099999
[2024-07-25T14:46:35.752-0300] {binance_dag.py:43} INFO - r: [[1721875800000, '363771.00000000', '364316.00000000', '363123.00000000', '364148.00000000', '0.17131000', 1721876099999, '62336.57950000', 58, '0.12299000', '44756.42366000', '0']]
[2024-07-25T14:46:35.754-0300] {python.py:237} INFO - Done. Returned value was: None
[2024-07-25T14:46:35.754-0300] {taskinstance.py:441} INFO - ::group::Post task execution logs
[2024-07-25T14:46:35.758-0300] {taskinstance.py:1206} INFO - Marking task as SUCCESS. dag_id=Binance_5m, task_id=get_5m_info, run_id=scheduled__2024-07-24T23:50:00+00:00, execution_date=20240724T235000, start_date=20240725T174635, end_date=20240725T174635
[2024-07-25T14:46:35.804-0300] {local_task_job_runner.py:243} INFO - Task exited with return code 0
[2024-07-25T14:46:35.811-0300] {taskinstance.py:3503} INFO - 0 downstream tasks scheduled from follow-on schedule check
[2024-07-25T14:46:35.812-0300] {local_task_job_runner.py:222} INFO - ::endgroup::
[2024-07-25T15:16:47.252-0300] {local_task_job_runner.py:120} INFO - ::group::Pre task execution logs
[2024-07-25T15:16:47.258-0300] {taskinstance.py:2076} INFO - Dependencies all met for dep_context=non-requeueable deps ti=<TaskInstance: Binance_5m.get_5m_info scheduled__2024-07-24T23:50:00+00:00 [queued]>
[2024-07-25T15:16:47.261-0300] {taskinstance.py:2076} INFO - Dependencies all met for dep_context=requeueable deps ti=<TaskInstance: Binance_5m.get_5m_info scheduled__2024-07-24T23:50:00+00:00 [queued]>
[2024-07-25T15:16:47.261-0300] {taskinstance.py:2306} INFO - Starting attempt 1 of 1
[2024-07-25T15:16:47.275-0300] {taskinstance.py:2330} INFO - Executing <Task(PythonOperator): get_5m_info> on 2024-07-24 23:50:00+00:00
[2024-07-25T15:16:47.277-0300] {standard_task_runner.py:64} INFO - Started process 2628552 to run task
[2024-07-25T15:16:47.279-0300] {standard_task_runner.py:90} INFO - Running: ['airflow', 'tasks', 'run', 'Binance_5m', 'get_5m_info', 'scheduled__2024-07-24T23:50:00+00:00', '--job-id', '2533', '--raw', '--subdir', 'DAGS_FOLDER/binance_dag.py', '--cfg-path', '/tmp/tmp7a1n1jov']
[2024-07-25T15:16:47.280-0300] {standard_task_runner.py:91} INFO - Job 2533: Subtask get_5m_info
[2024-07-25T15:16:47.303-0300] {task_command.py:426} INFO - Running <TaskInstance: Binance_5m.get_5m_info scheduled__2024-07-24T23:50:00+00:00 [running]> on host Galaxybook.
[2024-07-25T15:16:47.354-0300] {taskinstance.py:2648} INFO - Exporting env vars: AIRFLOW_CTX_DAG_OWNER='airflow' AIRFLOW_CTX_DAG_ID='Binance_5m' AIRFLOW_CTX_TASK_ID='get_5m_info' AIRFLOW_CTX_EXECUTION_DATE='2024-07-24T23:50:00+00:00' AIRFLOW_CTX_TRY_NUMBER='1' AIRFLOW_CTX_DAG_RUN_ID='scheduled__2024-07-24T23:50:00+00:00'
[2024-07-25T15:16:47.355-0300] {taskinstance.py:430} INFO - ::endgroup::
[2024-07-25T15:16:47.362-0300] {binance_dag.py:25} INFO - End Time: 2024-07-24T23:55:00.00Z
[2024-07-25T15:16:47.362-0300] {binance_dag.py:26} INFO - Start Time: 2024-07-24T23:50:00.00Z
[2024-07-25T15:16:47.419-0300] {binance_dag.py:20} INFO - dt:
[2024-07-25T15:16:47.419-0300] {binance_dag.py:21} INFO - 2024-07-24 23:50:00
[2024-07-25T15:16:47.419-0300] {binance_dag.py:20} INFO - dt:
[2024-07-25T15:16:47.419-0300] {binance_dag.py:21} INFO - 2024-07-24 23:55:00
[2024-07-25T15:16:47.421-0300] {base.py:84} INFO - Using connection ID 'binance_default' for task execution.
[2024-07-25T15:16:47.421-0300] {logging_mixin.py:188} INFO - https://api.binance.com
[2024-07-25T15:16:47.422-0300] {binance_hook.py:35} INFO - URL: https://api.binance.com/api/v3/klines?symbol=BTCBRL&interval=5m&startTime=1721875800000&endTime=1721876099999
[2024-07-25T15:16:47.918-0300] {python.py:237} INFO - Done. Returned value was: None
[2024-07-25T15:16:47.919-0300] {taskinstance.py:441} INFO - ::group::Post task execution logs
[2024-07-25T15:16:47.922-0300] {taskinstance.py:1206} INFO - Marking task as SUCCESS. dag_id=Binance_5m, task_id=get_5m_info, run_id=scheduled__2024-07-24T23:50:00+00:00, execution_date=20240724T235000, start_date=20240725T181647, end_date=20240725T181647
[2024-07-25T15:16:47.943-0300] {local_task_job_runner.py:243} INFO - Task exited with return code 0
[2024-07-25T15:16:47.949-0300] {taskinstance.py:3503} INFO - 0 downstream tasks scheduled from follow-on schedule check
[2024-07-25T15:16:47.949-0300] {local_task_job_runner.py:222} INFO - ::endgroup::
[2024-07-25T16:12:56.294-0300] {local_task_job_runner.py:120} INFO - ::group::Pre task execution logs
[2024-07-25T16:12:56.314-0300] {taskinstance.py:2076} INFO - Dependencies all met for dep_context=non-requeueable deps ti=<TaskInstance: Binance_5m.get_5m_info scheduled__2024-07-24T23:50:00+00:00 [queued]>
[2024-07-25T16:12:56.319-0300] {taskinstance.py:2076} INFO - Dependencies all met for dep_context=requeueable deps ti=<TaskInstance: Binance_5m.get_5m_info scheduled__2024-07-24T23:50:00+00:00 [queued]>
[2024-07-25T16:12:56.320-0300] {taskinstance.py:2306} INFO - Starting attempt 1 of 1
[2024-07-25T16:12:56.342-0300] {taskinstance.py:2330} INFO - Executing <Task(PythonOperator): get_5m_info> on 2024-07-24 23:50:00+00:00
[2024-07-25T16:12:56.344-0300] {standard_task_runner.py:64} INFO - Started process 2655911 to run task
[2024-07-25T16:12:56.347-0300] {standard_task_runner.py:90} INFO - Running: ['airflow', 'tasks', 'run', 'Binance_5m', 'get_5m_info', 'scheduled__2024-07-24T23:50:00+00:00', '--job-id', '2088', '--raw', '--subdir', 'DAGS_FOLDER/binance_dag.py', '--cfg-path', '/tmp/tmp41g05pit']
[2024-07-25T16:12:56.349-0300] {standard_task_runner.py:91} INFO - Job 2088: Subtask get_5m_info
[2024-07-25T16:12:56.389-0300] {task_command.py:426} INFO - Running <TaskInstance: Binance_5m.get_5m_info scheduled__2024-07-24T23:50:00+00:00 [running]> on host Galaxybook.
[2024-07-25T16:12:56.453-0300] {taskinstance.py:2648} INFO - Exporting env vars: AIRFLOW_CTX_DAG_OWNER='airflow' AIRFLOW_CTX_DAG_ID='Binance_5m' AIRFLOW_CTX_TASK_ID='get_5m_info' AIRFLOW_CTX_EXECUTION_DATE='2024-07-24T23:50:00+00:00' AIRFLOW_CTX_TRY_NUMBER='1' AIRFLOW_CTX_DAG_RUN_ID='scheduled__2024-07-24T23:50:00+00:00'
[2024-07-25T16:12:56.453-0300] {taskinstance.py:430} INFO - ::endgroup::
[2024-07-25T16:12:56.464-0300] {binance_dag.py:22} INFO - End Time: 2024-07-24 23:55:00+00:00
[2024-07-25T16:12:56.464-0300] {binance_dag.py:23} INFO - Start Time: 2024-07-24 23:50:00+00:00
[2024-07-25T16:12:56.464-0300] {binance_dag.py:24} INFO - Start timestamp: 1721865000000
[2024-07-25T16:12:56.464-0300] {binance_dag.py:25} INFO - End timestamp: 1721865300000
[2024-07-25T16:12:56.532-0300] {base.py:84} INFO - Using connection ID 'binance_default' for task execution.
[2024-07-25T16:12:56.533-0300] {logging_mixin.py:188} INFO - https://api.binance.com
[2024-07-25T16:12:56.533-0300] {binance_hook.py:35} INFO - URL: https://api.binance.com/api/v3/klines?symbol=BTCBRL&interval=5m&startTime=1721865000000&endTime=1721865299999&timeZone=-3
[2024-07-25T16:13:01.971-0300] {python.py:237} INFO - Done. Returned value was: None
[2024-07-25T16:13:01.972-0300] {taskinstance.py:441} INFO - ::group::Post task execution logs
[2024-07-25T16:13:01.975-0300] {taskinstance.py:1206} INFO - Marking task as SUCCESS. dag_id=Binance_5m, task_id=get_5m_info, run_id=scheduled__2024-07-24T23:50:00+00:00, execution_date=20240724T235000, start_date=20240725T191256, end_date=20240725T191301
[2024-07-25T16:13:02.030-0300] {local_task_job_runner.py:243} INFO - Task exited with return code 0
[2024-07-25T16:13:02.037-0300] {taskinstance.py:3503} INFO - 0 downstream tasks scheduled from follow-on schedule check
[2024-07-25T16:13:02.037-0300] {local_task_job_runner.py:222} INFO - ::endgroup::
