[2024-07-25T10:37:37.998-0300] {local_task_job_runner.py:120} INFO - ::group::Pre task execution logs
[2024-07-25T10:37:38.009-0300] {taskinstance.py:2076} INFO - Dependencies all met for dep_context=non-requeueable deps ti=<TaskInstance: Mercado_1m.get_1m_info manual__2024-07-25T13:37:36.387875+00:00 [queued]>
[2024-07-25T10:37:38.014-0300] {taskinstance.py:2076} INFO - Dependencies all met for dep_context=requeueable deps ti=<TaskInstance: Mercado_1m.get_1m_info manual__2024-07-25T13:37:36.387875+00:00 [queued]>
[2024-07-25T10:37:38.015-0300] {taskinstance.py:2306} INFO - Starting attempt 1 of 1
[2024-07-25T10:37:38.042-0300] {taskinstance.py:2330} INFO - Executing <Task(PythonOperator): get_1m_info> on 2024-07-25 13:37:36.387875+00:00
[2024-07-25T10:37:38.044-0300] {standard_task_runner.py:64} INFO - Started process 2467213 to run task
[2024-07-25T10:37:38.046-0300] {standard_task_runner.py:90} INFO - Running: ['airflow', 'tasks', 'run', 'Mercado_1m', 'get_1m_info', 'manual__2024-07-25T13:37:36.387875+00:00', '--job-id', '2106', '--raw', '--subdir', 'DAGS_FOLDER/mercado_dag.py', '--cfg-path', '/tmp/tmp9nzveyfn']
[2024-07-25T10:37:38.047-0300] {standard_task_runner.py:91} INFO - Job 2106: Subtask get_1m_info
[2024-07-25T10:37:38.081-0300] {task_command.py:426} INFO - Running <TaskInstance: Mercado_1m.get_1m_info manual__2024-07-25T13:37:36.387875+00:00 [running]> on host Galaxybook.
[2024-07-25T10:37:38.141-0300] {taskinstance.py:2648} INFO - Exporting env vars: AIRFLOW_CTX_DAG_OWNER='airflow' AIRFLOW_CTX_DAG_ID='Mercado_1m' AIRFLOW_CTX_TASK_ID='get_1m_info' AIRFLOW_CTX_EXECUTION_DATE='2024-07-25T13:37:36.387875+00:00' AIRFLOW_CTX_TRY_NUMBER='1' AIRFLOW_CTX_DAG_RUN_ID='manual__2024-07-25T13:37:36.387875+00:00'
[2024-07-25T10:37:38.142-0300] {taskinstance.py:430} INFO - ::endgroup::
[2024-07-25T10:37:38.214-0300] {base.py:84} INFO - Using connection ID 'mercado_default' for task execution.
[2024-07-25T10:37:38.214-0300] {mercado_hook.py:27} INFO - BASE URL: https://api.mercadobitcoin.net/api/v4
[2024-07-25T10:37:38.214-0300] {mercado_hook.py:33} INFO - URL: https://api.mercadobitcoin.net/api/v4/candles?symbol=BTC-BRL&resolution=1m&to=1721914658151&countback=1
[2024-07-25T10:37:38.551-0300] {logging_mixin.py:188} INFO - <Response [200]>
[2024-07-25T10:37:38.552-0300] {python.py:237} INFO - Done. Returned value was: None
[2024-07-25T10:37:38.553-0300] {taskinstance.py:441} INFO - ::group::Post task execution logs
[2024-07-25T10:37:38.555-0300] {taskinstance.py:1206} INFO - Marking task as SUCCESS. dag_id=Mercado_1m, task_id=get_1m_info, run_id=manual__2024-07-25T13:37:36.387875+00:00, execution_date=20240725T133736, start_date=20240725T133738, end_date=20240725T133738
[2024-07-25T10:37:38.587-0300] {local_task_job_runner.py:243} INFO - Task exited with return code 0
[2024-07-25T10:37:38.592-0300] {taskinstance.py:3503} INFO - 0 downstream tasks scheduled from follow-on schedule check
[2024-07-25T10:37:38.593-0300] {local_task_job_runner.py:222} INFO - ::endgroup::
