[2024-07-25T14:22:06.893-0300] {local_task_job_runner.py:120} INFO - ::group::Pre task execution logs
[2024-07-25T14:22:06.897-0300] {taskinstance.py:2076} INFO - Dependencies all met for dep_context=non-requeueable deps ti=<TaskInstance: Binance_5m.get_5m_info scheduled__2024-07-25T01:25:00+00:00 [queued]>
[2024-07-25T14:22:06.900-0300] {taskinstance.py:2076} INFO - Dependencies all met for dep_context=requeueable deps ti=<TaskInstance: Binance_5m.get_5m_info scheduled__2024-07-25T01:25:00+00:00 [queued]>
[2024-07-25T14:22:06.901-0300] {taskinstance.py:2306} INFO - Starting attempt 1 of 1
[2024-07-25T14:22:06.915-0300] {taskinstance.py:2330} INFO - Executing <Task(PythonOperator): get_5m_info> on 2024-07-25 01:25:00+00:00
[2024-07-25T14:22:06.917-0300] {standard_task_runner.py:64} INFO - Started process 2587198 to run task
[2024-07-25T14:22:06.919-0300] {standard_task_runner.py:90} INFO - Running: ['airflow', 'tasks', 'run', 'Binance_5m', 'get_5m_info', 'scheduled__2024-07-25T01:25:00+00:00', '--job-id', '2099', '--raw', '--subdir', 'DAGS_FOLDER/binance_dag.py', '--cfg-path', '/tmp/tmp62f6dphk']
[2024-07-25T14:22:06.920-0300] {standard_task_runner.py:91} INFO - Job 2099: Subtask get_5m_info
[2024-07-25T14:22:06.945-0300] {task_command.py:426} INFO - Running <TaskInstance: Binance_5m.get_5m_info scheduled__2024-07-25T01:25:00+00:00 [running]> on host Galaxybook.
[2024-07-25T14:22:06.996-0300] {taskinstance.py:2648} INFO - Exporting env vars: AIRFLOW_CTX_DAG_OWNER='airflow' AIRFLOW_CTX_DAG_ID='Binance_5m' AIRFLOW_CTX_TASK_ID='get_5m_info' AIRFLOW_CTX_EXECUTION_DATE='2024-07-25T01:25:00+00:00' AIRFLOW_CTX_TRY_NUMBER='1' AIRFLOW_CTX_DAG_RUN_ID='scheduled__2024-07-25T01:25:00+00:00'
[2024-07-25T14:22:06.997-0300] {taskinstance.py:430} INFO - ::endgroup::
[2024-07-25T14:22:07.004-0300] {binance_dag.py:23} INFO - End Time: 2024-07-25T01:30:00.00Z
[2024-07-25T14:22:07.059-0300] {base.py:84} INFO - Using connection ID 'binance_default' for task execution.
[2024-07-25T14:22:07.059-0300] {logging_mixin.py:188} INFO - https://api.binance.com
[2024-07-25T14:22:07.060-0300] {binance_hook.py:35} INFO - URL: https://api.binance.com/api/v3/klines?symbol=BTCBRL&interval=5m&startTime=1721881500000&endTime=1721881800000
[2024-07-25T14:22:07.449-0300] {python.py:237} INFO - Done. Returned value was: None
[2024-07-25T14:22:07.450-0300] {taskinstance.py:441} INFO - ::group::Post task execution logs
[2024-07-25T14:22:07.452-0300] {taskinstance.py:1206} INFO - Marking task as SUCCESS. dag_id=Binance_5m, task_id=get_5m_info, run_id=scheduled__2024-07-25T01:25:00+00:00, execution_date=20240725T012500, start_date=20240725T172206, end_date=20240725T172207
[2024-07-25T14:22:07.500-0300] {local_task_job_runner.py:243} INFO - Task exited with return code 0
[2024-07-25T14:22:07.506-0300] {taskinstance.py:3503} INFO - 0 downstream tasks scheduled from follow-on schedule check
[2024-07-25T14:22:07.507-0300] {local_task_job_runner.py:222} INFO - ::endgroup::
[2024-07-25T14:47:16.103-0300] {local_task_job_runner.py:120} INFO - ::group::Pre task execution logs
[2024-07-25T14:47:16.108-0300] {taskinstance.py:2076} INFO - Dependencies all met for dep_context=non-requeueable deps ti=<TaskInstance: Binance_5m.get_5m_info scheduled__2024-07-25T01:25:00+00:00 [queued]>
[2024-07-25T14:47:16.112-0300] {taskinstance.py:2076} INFO - Dependencies all met for dep_context=requeueable deps ti=<TaskInstance: Binance_5m.get_5m_info scheduled__2024-07-25T01:25:00+00:00 [queued]>
[2024-07-25T14:47:16.112-0300] {taskinstance.py:2306} INFO - Starting attempt 1 of 1
[2024-07-25T14:47:16.125-0300] {taskinstance.py:2330} INFO - Executing <Task(PythonOperator): get_5m_info> on 2024-07-25 01:25:00+00:00
[2024-07-25T14:47:16.127-0300] {standard_task_runner.py:64} INFO - Started process 2606660 to run task
[2024-07-25T14:47:16.129-0300] {standard_task_runner.py:90} INFO - Running: ['airflow', 'tasks', 'run', 'Binance_5m', 'get_5m_info', 'scheduled__2024-07-25T01:25:00+00:00', '--job-id', '2103', '--raw', '--subdir', 'DAGS_FOLDER/binance_dag.py', '--cfg-path', '/tmp/tmpeasr5ocq']
[2024-07-25T14:47:16.131-0300] {standard_task_runner.py:91} INFO - Job 2103: Subtask get_5m_info
[2024-07-25T14:47:16.159-0300] {task_command.py:426} INFO - Running <TaskInstance: Binance_5m.get_5m_info scheduled__2024-07-25T01:25:00+00:00 [running]> on host Galaxybook.
[2024-07-25T14:47:16.206-0300] {taskinstance.py:2648} INFO - Exporting env vars: AIRFLOW_CTX_DAG_OWNER='airflow' AIRFLOW_CTX_DAG_ID='Binance_5m' AIRFLOW_CTX_TASK_ID='get_5m_info' AIRFLOW_CTX_EXECUTION_DATE='2024-07-25T01:25:00+00:00' AIRFLOW_CTX_TRY_NUMBER='1' AIRFLOW_CTX_DAG_RUN_ID='scheduled__2024-07-25T01:25:00+00:00'
[2024-07-25T14:47:16.207-0300] {taskinstance.py:430} INFO - ::endgroup::
[2024-07-25T14:47:16.214-0300] {binance_dag.py:23} INFO - End Time: 2024-07-25T01:30:00.00Z
[2024-07-25T14:47:16.214-0300] {binance_dag.py:24} INFO - Start Time: 2024-07-25T01:25:00.00Z
[2024-07-25T14:47:16.293-0300] {base.py:84} INFO - Using connection ID 'binance_default' for task execution.
[2024-07-25T14:47:16.293-0300] {logging_mixin.py:188} INFO - https://api.binance.com
[2024-07-25T14:47:16.294-0300] {binance_hook.py:35} INFO - URL: https://api.binance.com/api/v3/klines?symbol=BTCBRL&interval=5m&startTime=1721881500000&endTime=1721881799999
[2024-07-25T14:47:16.694-0300] {binance_dag.py:43} INFO - r: [[1721881500000, '364922.00000000', '365075.00000000', '364766.00000000', '364791.00000000', '0.01505000', 1721881799999, '5491.53883000', 25, '0.01365000', '4980.77147000', '0']]
[2024-07-25T14:47:16.695-0300] {python.py:237} INFO - Done. Returned value was: None
[2024-07-25T14:47:16.696-0300] {taskinstance.py:441} INFO - ::group::Post task execution logs
[2024-07-25T14:47:16.699-0300] {taskinstance.py:1206} INFO - Marking task as SUCCESS. dag_id=Binance_5m, task_id=get_5m_info, run_id=scheduled__2024-07-25T01:25:00+00:00, execution_date=20240725T012500, start_date=20240725T174716, end_date=20240725T174716
[2024-07-25T14:47:16.753-0300] {local_task_job_runner.py:243} INFO - Task exited with return code 0
[2024-07-25T14:47:16.759-0300] {taskinstance.py:3503} INFO - 0 downstream tasks scheduled from follow-on schedule check
[2024-07-25T14:47:16.759-0300] {local_task_job_runner.py:222} INFO - ::endgroup::
[2024-07-25T15:17:29.122-0300] {local_task_job_runner.py:120} INFO - ::group::Pre task execution logs
[2024-07-25T15:17:29.127-0300] {taskinstance.py:2076} INFO - Dependencies all met for dep_context=non-requeueable deps ti=<TaskInstance: Binance_5m.get_5m_info scheduled__2024-07-25T01:25:00+00:00 [queued]>
[2024-07-25T15:17:29.130-0300] {taskinstance.py:2076} INFO - Dependencies all met for dep_context=requeueable deps ti=<TaskInstance: Binance_5m.get_5m_info scheduled__2024-07-25T01:25:00+00:00 [queued]>
[2024-07-25T15:17:29.131-0300] {taskinstance.py:2306} INFO - Starting attempt 1 of 1
[2024-07-25T15:17:29.142-0300] {taskinstance.py:2330} INFO - Executing <Task(PythonOperator): get_5m_info> on 2024-07-25 01:25:00+00:00
[2024-07-25T15:17:29.143-0300] {standard_task_runner.py:64} INFO - Started process 2629246 to run task
[2024-07-25T15:17:29.145-0300] {standard_task_runner.py:90} INFO - Running: ['airflow', 'tasks', 'run', 'Binance_5m', 'get_5m_info', 'scheduled__2024-07-25T01:25:00+00:00', '--job-id', '2552', '--raw', '--subdir', 'DAGS_FOLDER/binance_dag.py', '--cfg-path', '/tmp/tmp9b19dcj3']
[2024-07-25T15:17:29.146-0300] {standard_task_runner.py:91} INFO - Job 2552: Subtask get_5m_info
[2024-07-25T15:17:29.171-0300] {task_command.py:426} INFO - Running <TaskInstance: Binance_5m.get_5m_info scheduled__2024-07-25T01:25:00+00:00 [running]> on host Galaxybook.
[2024-07-25T15:17:29.219-0300] {taskinstance.py:2648} INFO - Exporting env vars: AIRFLOW_CTX_DAG_OWNER='airflow' AIRFLOW_CTX_DAG_ID='Binance_5m' AIRFLOW_CTX_TASK_ID='get_5m_info' AIRFLOW_CTX_EXECUTION_DATE='2024-07-25T01:25:00+00:00' AIRFLOW_CTX_TRY_NUMBER='1' AIRFLOW_CTX_DAG_RUN_ID='scheduled__2024-07-25T01:25:00+00:00'
[2024-07-25T15:17:29.220-0300] {taskinstance.py:430} INFO - ::endgroup::
[2024-07-25T15:17:29.227-0300] {binance_dag.py:23} INFO - End Time: 2024-07-25T01:30:00.00Z
[2024-07-25T15:17:29.228-0300] {binance_dag.py:24} INFO - Start Time: 2024-07-25T01:25:00.00Z
[2024-07-25T15:17:29.289-0300] {binance_dag.py:25} INFO - 1721881500000
[2024-07-25T15:17:29.292-0300] {base.py:84} INFO - Using connection ID 'binance_default' for task execution.
[2024-07-25T15:17:29.292-0300] {logging_mixin.py:188} INFO - https://api.binance.com
[2024-07-25T15:17:29.292-0300] {binance_hook.py:35} INFO - URL: https://api.binance.com/api/v3/klines?symbol=BTCBRL&interval=5m&startTime=1721881500000&endTime=1721881799999
[2024-07-25T15:17:30.207-0300] {python.py:237} INFO - Done. Returned value was: None
[2024-07-25T15:17:30.208-0300] {taskinstance.py:441} INFO - ::group::Post task execution logs
[2024-07-25T15:17:30.210-0300] {taskinstance.py:1206} INFO - Marking task as SUCCESS. dag_id=Binance_5m, task_id=get_5m_info, run_id=scheduled__2024-07-25T01:25:00+00:00, execution_date=20240725T012500, start_date=20240725T181729, end_date=20240725T181730
[2024-07-25T15:17:30.260-0300] {local_task_job_runner.py:243} INFO - Task exited with return code 0
[2024-07-25T15:17:30.266-0300] {taskinstance.py:3503} INFO - 0 downstream tasks scheduled from follow-on schedule check
[2024-07-25T15:17:30.266-0300] {local_task_job_runner.py:222} INFO - ::endgroup::
[2024-07-25T16:13:50.576-0300] {local_task_job_runner.py:120} INFO - ::group::Pre task execution logs
[2024-07-25T16:13:50.582-0300] {taskinstance.py:2076} INFO - Dependencies all met for dep_context=non-requeueable deps ti=<TaskInstance: Binance_5m.get_5m_info scheduled__2024-07-25T01:25:00+00:00 [queued]>
[2024-07-25T16:13:50.585-0300] {taskinstance.py:2076} INFO - Dependencies all met for dep_context=requeueable deps ti=<TaskInstance: Binance_5m.get_5m_info scheduled__2024-07-25T01:25:00+00:00 [queued]>
[2024-07-25T16:13:50.585-0300] {taskinstance.py:2306} INFO - Starting attempt 1 of 1
[2024-07-25T16:13:50.600-0300] {taskinstance.py:2330} INFO - Executing <Task(PythonOperator): get_5m_info> on 2024-07-25 01:25:00+00:00
[2024-07-25T16:13:50.602-0300] {standard_task_runner.py:64} INFO - Started process 2656841 to run task
[2024-07-25T16:13:50.605-0300] {standard_task_runner.py:90} INFO - Running: ['airflow', 'tasks', 'run', 'Binance_5m', 'get_5m_info', 'scheduled__2024-07-25T01:25:00+00:00', '--job-id', '2112', '--raw', '--subdir', 'DAGS_FOLDER/binance_dag.py', '--cfg-path', '/tmp/tmpi6ezfqof']
[2024-07-25T16:13:50.606-0300] {standard_task_runner.py:91} INFO - Job 2112: Subtask get_5m_info
[2024-07-25T16:13:50.633-0300] {task_command.py:426} INFO - Running <TaskInstance: Binance_5m.get_5m_info scheduled__2024-07-25T01:25:00+00:00 [running]> on host Galaxybook.
[2024-07-25T16:13:50.679-0300] {taskinstance.py:2648} INFO - Exporting env vars: AIRFLOW_CTX_DAG_OWNER='airflow' AIRFLOW_CTX_DAG_ID='Binance_5m' AIRFLOW_CTX_TASK_ID='get_5m_info' AIRFLOW_CTX_EXECUTION_DATE='2024-07-25T01:25:00+00:00' AIRFLOW_CTX_TRY_NUMBER='1' AIRFLOW_CTX_DAG_RUN_ID='scheduled__2024-07-25T01:25:00+00:00'
[2024-07-25T16:13:50.679-0300] {taskinstance.py:430} INFO - ::endgroup::
[2024-07-25T16:13:50.687-0300] {binance_dag.py:22} INFO - End Time: 2024-07-25 01:30:00+00:00
[2024-07-25T16:13:50.687-0300] {binance_dag.py:23} INFO - Start Time: 2024-07-25 01:25:00+00:00
[2024-07-25T16:13:50.687-0300] {binance_dag.py:24} INFO - Start timestamp: 1721870700000
[2024-07-25T16:13:50.687-0300] {binance_dag.py:25} INFO - End timestamp: 1721871000000
[2024-07-25T16:13:50.745-0300] {base.py:84} INFO - Using connection ID 'binance_default' for task execution.
[2024-07-25T16:13:50.745-0300] {logging_mixin.py:188} INFO - https://api.binance.com
[2024-07-25T16:13:50.746-0300] {binance_hook.py:35} INFO - URL: https://api.binance.com/api/v3/klines?symbol=BTCBRL&interval=5m&startTime=1721870700000&endTime=1721870999999&timeZone=-3
[2024-07-25T16:13:51.145-0300] {python.py:237} INFO - Done. Returned value was: None
[2024-07-25T16:13:51.146-0300] {taskinstance.py:441} INFO - ::group::Post task execution logs
[2024-07-25T16:13:51.148-0300] {taskinstance.py:1206} INFO - Marking task as SUCCESS. dag_id=Binance_5m, task_id=get_5m_info, run_id=scheduled__2024-07-25T01:25:00+00:00, execution_date=20240725T012500, start_date=20240725T191350, end_date=20240725T191351
[2024-07-25T16:13:51.186-0300] {local_task_job_runner.py:243} INFO - Task exited with return code 0
[2024-07-25T16:13:51.194-0300] {taskinstance.py:3503} INFO - 0 downstream tasks scheduled from follow-on schedule check
[2024-07-25T16:13:51.194-0300] {local_task_job_runner.py:222} INFO - ::endgroup::
