[2024-07-25T14:54:34.003-0300] {local_task_job_runner.py:120} INFO - ::group::Pre task execution logs
[2024-07-25T14:54:34.010-0300] {taskinstance.py:2076} INFO - Dependencies all met for dep_context=non-requeueable deps ti=<TaskInstance: Mercado_5m.get_5m_info scheduled__2024-07-25T00:10:00+00:00 [queued]>
[2024-07-25T14:54:34.015-0300] {taskinstance.py:2076} INFO - Dependencies all met for dep_context=requeueable deps ti=<TaskInstance: Mercado_5m.get_5m_info scheduled__2024-07-25T00:10:00+00:00 [queued]>
[2024-07-25T14:54:34.015-0300] {taskinstance.py:2306} INFO - Starting attempt 1 of 1
[2024-07-25T14:54:34.033-0300] {taskinstance.py:2330} INFO - Executing <Task(PythonOperator): get_5m_info> on 2024-07-25 00:10:00+00:00
[2024-07-25T14:54:34.036-0300] {standard_task_runner.py:64} INFO - Started process 2613982 to run task
[2024-07-25T14:54:34.039-0300] {standard_task_runner.py:90} INFO - Running: ['airflow', 'tasks', 'run', 'Mercado_5m', 'get_5m_info', 'scheduled__2024-07-25T00:10:00+00:00', '--job-id', '2295', '--raw', '--subdir', 'DAGS_FOLDER/mercado_dag.py', '--cfg-path', '/tmp/tmpgd_s_xus']
[2024-07-25T14:54:34.040-0300] {standard_task_runner.py:91} INFO - Job 2295: Subtask get_5m_info
[2024-07-25T14:54:34.082-0300] {task_command.py:426} INFO - Running <TaskInstance: Mercado_5m.get_5m_info scheduled__2024-07-25T00:10:00+00:00 [running]> on host Galaxybook.
[2024-07-25T14:54:34.191-0300] {taskinstance.py:2648} INFO - Exporting env vars: AIRFLOW_CTX_DAG_OWNER='airflow' AIRFLOW_CTX_DAG_ID='Mercado_5m' AIRFLOW_CTX_TASK_ID='get_5m_info' AIRFLOW_CTX_EXECUTION_DATE='2024-07-25T00:10:00+00:00' AIRFLOW_CTX_TRY_NUMBER='1' AIRFLOW_CTX_DAG_RUN_ID='scheduled__2024-07-25T00:10:00+00:00'
[2024-07-25T14:54:34.192-0300] {taskinstance.py:430} INFO - ::endgroup::
[2024-07-25T14:54:34.308-0300] {base.py:84} INFO - Using connection ID 'mercado_default' for task execution.
[2024-07-25T14:54:34.309-0300] {mercado_hook.py:31} INFO - URL: https://api.mercadobitcoin.net/api/v4/candles?symbol=BTC-BRL&resolution=5m&to=1721877300&from=1721877000
[2024-07-25T14:54:34.029-0300] {python.py:237} INFO - Done. Returned value was: None
[2024-07-25T14:54:34.029-0300] {taskinstance.py:441} INFO - ::group::Post task execution logs
[2024-07-25T14:54:34.032-0300] {taskinstance.py:1206} INFO - Marking task as SUCCESS. dag_id=Mercado_5m, task_id=get_5m_info, run_id=scheduled__2024-07-25T00:10:00+00:00, execution_date=20240725T001000, start_date=20240725T175434, end_date=20240725T175434
[2024-07-25T14:54:34.053-0300] {local_task_job_runner.py:243} INFO - Task exited with return code 0
[2024-07-25T14:54:34.062-0300] {taskinstance.py:3503} INFO - 0 downstream tasks scheduled from follow-on schedule check
[2024-07-25T14:54:34.063-0300] {local_task_job_runner.py:222} INFO - ::endgroup::
[2024-07-25T15:05:40.765-0300] {local_task_job_runner.py:120} INFO - ::group::Pre task execution logs
[2024-07-25T15:05:40.775-0300] {taskinstance.py:2076} INFO - Dependencies all met for dep_context=non-requeueable deps ti=<TaskInstance: Mercado_5m.get_5m_info scheduled__2024-07-25T00:10:00+00:00 [queued]>
[2024-07-25T15:05:40.779-0300] {taskinstance.py:2076} INFO - Dependencies all met for dep_context=requeueable deps ti=<TaskInstance: Mercado_5m.get_5m_info scheduled__2024-07-25T00:10:00+00:00 [queued]>
[2024-07-25T15:05:40.779-0300] {taskinstance.py:2306} INFO - Starting attempt 1 of 1
[2024-07-25T15:05:40.795-0300] {taskinstance.py:2330} INFO - Executing <Task(PythonOperator): get_5m_info> on 2024-07-25 00:10:00+00:00
[2024-07-25T15:05:40.797-0300] {standard_task_runner.py:64} INFO - Started process 2623330 to run task
[2024-07-25T15:05:40.799-0300] {standard_task_runner.py:90} INFO - Running: ['airflow', 'tasks', 'run', 'Mercado_5m', 'get_5m_info', 'scheduled__2024-07-25T00:10:00+00:00', '--job-id', '2523', '--raw', '--subdir', 'DAGS_FOLDER/mercado_dag.py', '--cfg-path', '/tmp/tmpx9u90ojy']
[2024-07-25T15:05:40.801-0300] {standard_task_runner.py:91} INFO - Job 2523: Subtask get_5m_info
[2024-07-25T15:05:40.831-0300] {task_command.py:426} INFO - Running <TaskInstance: Mercado_5m.get_5m_info scheduled__2024-07-25T00:10:00+00:00 [running]> on host Galaxybook.
[2024-07-25T15:05:40.883-0300] {taskinstance.py:2648} INFO - Exporting env vars: AIRFLOW_CTX_DAG_OWNER='airflow' AIRFLOW_CTX_DAG_ID='Mercado_5m' AIRFLOW_CTX_TASK_ID='get_5m_info' AIRFLOW_CTX_EXECUTION_DATE='2024-07-25T00:10:00+00:00' AIRFLOW_CTX_TRY_NUMBER='1' AIRFLOW_CTX_DAG_RUN_ID='scheduled__2024-07-25T00:10:00+00:00'
[2024-07-25T15:05:40.884-0300] {taskinstance.py:430} INFO - ::endgroup::
[2024-07-25T15:05:40.965-0300] {base.py:84} INFO - Using connection ID 'mercado_default' for task execution.
[2024-07-25T15:05:40.965-0300] {mercado_hook.py:31} INFO - URL: https://api.mercadobitcoin.net/api/v4/candles?symbol=BTC-BRL&resolution=5m&to=1721877300000&from=1721877000000
[2024-07-25T15:05:41.264-0300] {python.py:237} INFO - Done. Returned value was: None
[2024-07-25T15:05:41.265-0300] {taskinstance.py:441} INFO - ::group::Post task execution logs
[2024-07-25T15:05:41.267-0300] {taskinstance.py:1206} INFO - Marking task as SUCCESS. dag_id=Mercado_5m, task_id=get_5m_info, run_id=scheduled__2024-07-25T00:10:00+00:00, execution_date=20240725T001000, start_date=20240725T180540, end_date=20240725T180541
[2024-07-25T15:05:41.302-0300] {local_task_job_runner.py:243} INFO - Task exited with return code 0
[2024-07-25T15:05:41.308-0300] {taskinstance.py:3503} INFO - 0 downstream tasks scheduled from follow-on schedule check
[2024-07-25T15:05:41.308-0300] {local_task_job_runner.py:222} INFO - ::endgroup::
[2024-07-25T16:13:16.634-0300] {local_task_job_runner.py:120} INFO - ::group::Pre task execution logs
[2024-07-25T16:13:16.639-0300] {taskinstance.py:2076} INFO - Dependencies all met for dep_context=non-requeueable deps ti=<TaskInstance: Mercado_5m.get_5m_info scheduled__2024-07-25T00:10:00+00:00 [queued]>
[2024-07-25T16:13:16.642-0300] {taskinstance.py:2076} INFO - Dependencies all met for dep_context=requeueable deps ti=<TaskInstance: Mercado_5m.get_5m_info scheduled__2024-07-25T00:10:00+00:00 [queued]>
[2024-07-25T16:13:16.642-0300] {taskinstance.py:2306} INFO - Starting attempt 1 of 1
[2024-07-25T16:13:16.655-0300] {taskinstance.py:2330} INFO - Executing <Task(PythonOperator): get_5m_info> on 2024-07-25 00:10:00+00:00
[2024-07-25T16:13:16.657-0300] {standard_task_runner.py:64} INFO - Started process 2656256 to run task
[2024-07-25T16:13:16.659-0300] {standard_task_runner.py:90} INFO - Running: ['airflow', 'tasks', 'run', 'Mercado_5m', 'get_5m_info', 'scheduled__2024-07-25T00:10:00+00:00', '--job-id', '2097', '--raw', '--subdir', 'DAGS_FOLDER/mercado_dag.py', '--cfg-path', '/tmp/tmpreyfq_7z']
[2024-07-25T16:13:16.660-0300] {standard_task_runner.py:91} INFO - Job 2097: Subtask get_5m_info
[2024-07-25T16:13:16.688-0300] {task_command.py:426} INFO - Running <TaskInstance: Mercado_5m.get_5m_info scheduled__2024-07-25T00:10:00+00:00 [running]> on host Galaxybook.
[2024-07-25T16:13:16.737-0300] {taskinstance.py:2648} INFO - Exporting env vars: AIRFLOW_CTX_DAG_OWNER='airflow' AIRFLOW_CTX_DAG_ID='Mercado_5m' AIRFLOW_CTX_TASK_ID='get_5m_info' AIRFLOW_CTX_EXECUTION_DATE='2024-07-25T00:10:00+00:00' AIRFLOW_CTX_TRY_NUMBER='1' AIRFLOW_CTX_DAG_RUN_ID='scheduled__2024-07-25T00:10:00+00:00'
[2024-07-25T16:13:16.737-0300] {taskinstance.py:430} INFO - ::endgroup::
[2024-07-25T16:13:16.811-0300] {base.py:84} INFO - Using connection ID 'mercado_default' for task execution.
[2024-07-25T16:13:16.812-0300] {mercado_hook.py:31} INFO - URL: https://api.mercadobitcoin.net/api/v4/candles?symbol=BTC-BRL&resolution=5m&to=1721866500&from=1721866200
[2024-07-25T16:13:17.088-0300] {python.py:237} INFO - Done. Returned value was: None
[2024-07-25T16:13:17.089-0300] {taskinstance.py:441} INFO - ::group::Post task execution logs
[2024-07-25T16:13:17.091-0300] {taskinstance.py:1206} INFO - Marking task as SUCCESS. dag_id=Mercado_5m, task_id=get_5m_info, run_id=scheduled__2024-07-25T00:10:00+00:00, execution_date=20240725T001000, start_date=20240725T191316, end_date=20240725T191317
[2024-07-25T16:13:17.121-0300] {local_task_job_runner.py:243} INFO - Task exited with return code 0
[2024-07-25T16:13:17.127-0300] {taskinstance.py:3503} INFO - 0 downstream tasks scheduled from follow-on schedule check
[2024-07-25T16:13:17.127-0300] {local_task_job_runner.py:222} INFO - ::endgroup::
[2024-07-25T16:22:08.614-0300] {local_task_job_runner.py:120} INFO - ::group::Pre task execution logs
[2024-07-25T16:22:08.621-0300] {taskinstance.py:2076} INFO - Dependencies all met for dep_context=non-requeueable deps ti=<TaskInstance: Mercado_5m.get_5m_info scheduled__2024-07-25T00:10:00+00:00 [queued]>
[2024-07-25T16:22:08.624-0300] {taskinstance.py:2076} INFO - Dependencies all met for dep_context=requeueable deps ti=<TaskInstance: Mercado_5m.get_5m_info scheduled__2024-07-25T00:10:00+00:00 [queued]>
[2024-07-25T16:22:08.624-0300] {taskinstance.py:2306} INFO - Starting attempt 1 of 1
[2024-07-25T16:22:08.641-0300] {taskinstance.py:2330} INFO - Executing <Task(PythonOperator): get_5m_info> on 2024-07-25 00:10:00+00:00
[2024-07-25T16:22:08.643-0300] {standard_task_runner.py:64} INFO - Started process 2665180 to run task
[2024-07-25T16:22:08.645-0300] {standard_task_runner.py:90} INFO - Running: ['airflow', 'tasks', 'run', 'Mercado_5m', 'get_5m_info', 'scheduled__2024-07-25T00:10:00+00:00', '--job-id', '2338', '--raw', '--subdir', 'DAGS_FOLDER/mercado_dag.py', '--cfg-path', '/tmp/tmppxkiu_e6']
[2024-07-25T16:22:08.645-0300] {standard_task_runner.py:91} INFO - Job 2338: Subtask get_5m_info
[2024-07-25T16:22:08.677-0300] {task_command.py:426} INFO - Running <TaskInstance: Mercado_5m.get_5m_info scheduled__2024-07-25T00:10:00+00:00 [running]> on host Galaxybook.
[2024-07-25T16:22:08.728-0300] {taskinstance.py:2648} INFO - Exporting env vars: AIRFLOW_CTX_DAG_OWNER='airflow' AIRFLOW_CTX_DAG_ID='Mercado_5m' AIRFLOW_CTX_TASK_ID='get_5m_info' AIRFLOW_CTX_EXECUTION_DATE='2024-07-25T00:10:00+00:00' AIRFLOW_CTX_TRY_NUMBER='1' AIRFLOW_CTX_DAG_RUN_ID='scheduled__2024-07-25T00:10:00+00:00'
[2024-07-25T16:22:08.728-0300] {taskinstance.py:430} INFO - ::endgroup::
[2024-07-25T16:22:08.736-0300] {mercado_dag.py:22} INFO - To: 2024-07-25 00:15:00+00:00
[2024-07-25T16:22:08.737-0300] {mercado_dag.py:23} INFO - From: 2024-07-25 00:10:00+00:00
[2024-07-25T16:22:08.737-0300] {mercado_dag.py:24} INFO - To timestamp: 1721866500 
[2024-07-25T16:22:08.737-0300] {mercado_dag.py:25} INFO - From timestamp: 1721866200 
[2024-07-25T16:22:08.805-0300] {base.py:84} INFO - Using connection ID 'mercado_default' for task execution.
[2024-07-25T16:22:08.806-0300] {mercado_hook.py:31} INFO - URL: https://api.mercadobitcoin.net/api/v4/candles?symbol=BTC-BRL&resolution=5m&to=1721866500&from=1721866200
[2024-07-25T16:22:08.573-0300] {python.py:237} INFO - Done. Returned value was: None
[2024-07-25T16:22:08.574-0300] {taskinstance.py:441} INFO - ::group::Post task execution logs
[2024-07-25T16:22:08.576-0300] {taskinstance.py:1206} INFO - Marking task as SUCCESS. dag_id=Mercado_5m, task_id=get_5m_info, run_id=scheduled__2024-07-25T00:10:00+00:00, execution_date=20240725T001000, start_date=20240725T192208, end_date=20240725T192208
[2024-07-25T16:22:08.614-0300] {local_task_job_runner.py:243} INFO - Task exited with return code 0
[2024-07-25T16:22:08.623-0300] {taskinstance.py:3503} INFO - 0 downstream tasks scheduled from follow-on schedule check
[2024-07-25T16:22:08.623-0300] {local_task_job_runner.py:222} INFO - ::endgroup::
[2024-07-25T16:25:06.569-0300] {local_task_job_runner.py:120} INFO - ::group::Pre task execution logs
[2024-07-25T16:25:06.574-0300] {taskinstance.py:2076} INFO - Dependencies all met for dep_context=non-requeueable deps ti=<TaskInstance: Mercado_5m.get_5m_info scheduled__2024-07-25T00:10:00+00:00 [queued]>
[2024-07-25T16:25:06.577-0300] {taskinstance.py:2076} INFO - Dependencies all met for dep_context=requeueable deps ti=<TaskInstance: Mercado_5m.get_5m_info scheduled__2024-07-25T00:10:00+00:00 [queued]>
[2024-07-25T16:25:06.578-0300] {taskinstance.py:2306} INFO - Starting attempt 1 of 1
[2024-07-25T16:25:06.591-0300] {taskinstance.py:2330} INFO - Executing <Task(PythonOperator): get_5m_info> on 2024-07-25 00:10:00+00:00
[2024-07-25T16:25:06.593-0300] {standard_task_runner.py:64} INFO - Started process 2668144 to run task
[2024-07-25T16:25:06.595-0300] {standard_task_runner.py:90} INFO - Running: ['airflow', 'tasks', 'run', 'Mercado_5m', 'get_5m_info', 'scheduled__2024-07-25T00:10:00+00:00', '--job-id', '2420', '--raw', '--subdir', 'DAGS_FOLDER/mercado_dag.py', '--cfg-path', '/tmp/tmpveiz_6rm']
[2024-07-25T16:25:06.596-0300] {standard_task_runner.py:91} INFO - Job 2420: Subtask get_5m_info
[2024-07-25T16:25:06.627-0300] {task_command.py:426} INFO - Running <TaskInstance: Mercado_5m.get_5m_info scheduled__2024-07-25T00:10:00+00:00 [running]> on host Galaxybook.
[2024-07-25T16:25:06.690-0300] {taskinstance.py:2648} INFO - Exporting env vars: AIRFLOW_CTX_DAG_OWNER='airflow' AIRFLOW_CTX_DAG_ID='Mercado_5m' AIRFLOW_CTX_TASK_ID='get_5m_info' AIRFLOW_CTX_EXECUTION_DATE='2024-07-25T00:10:00+00:00' AIRFLOW_CTX_TRY_NUMBER='1' AIRFLOW_CTX_DAG_RUN_ID='scheduled__2024-07-25T00:10:00+00:00'
[2024-07-25T16:25:06.691-0300] {taskinstance.py:430} INFO - ::endgroup::
[2024-07-25T16:25:06.701-0300] {mercado_dag.py:22} INFO - To: 2024-07-25 00:15:00+00:00
[2024-07-25T16:25:06.701-0300] {mercado_dag.py:23} INFO - From: 2024-07-25 00:10:00+00:00
[2024-07-25T16:25:06.701-0300] {mercado_dag.py:24} INFO - To timestamp: 1721866500000 
[2024-07-25T16:25:06.702-0300] {mercado_dag.py:25} INFO - From timestamp: 1721866200000 
[2024-07-25T16:25:06.780-0300] {base.py:84} INFO - Using connection ID 'mercado_default' for task execution.
[2024-07-25T16:25:06.781-0300] {mercado_hook.py:31} INFO - URL: https://api.mercadobitcoin.net/api/v4/candles?symbol=BTC-BRL&resolution=5m&to=1721866500000&from=1721866200000
[2024-07-25T16:25:07.052-0300] {python.py:237} INFO - Done. Returned value was: None
[2024-07-25T16:25:07.053-0300] {taskinstance.py:441} INFO - ::group::Post task execution logs
[2024-07-25T16:25:07.055-0300] {taskinstance.py:1206} INFO - Marking task as SUCCESS. dag_id=Mercado_5m, task_id=get_5m_info, run_id=scheduled__2024-07-25T00:10:00+00:00, execution_date=20240725T001000, start_date=20240725T192506, end_date=20240725T192507
[2024-07-25T16:25:07.096-0300] {local_task_job_runner.py:243} INFO - Task exited with return code 0
[2024-07-25T16:25:07.103-0300] {taskinstance.py:3503} INFO - 0 downstream tasks scheduled from follow-on schedule check
[2024-07-25T16:25:07.103-0300] {local_task_job_runner.py:222} INFO - ::endgroup::
