[2024-07-25T14:48:46.765-0300] {local_task_job_runner.py:120} INFO - ::group::Pre task execution logs
[2024-07-25T14:48:46.769-0300] {taskinstance.py:2076} INFO - Dependencies all met for dep_context=non-requeueable deps ti=<TaskInstance: Binance_5m.get_5m_info scheduled__2024-07-25T04:45:00+00:00 [queued]>
[2024-07-25T14:48:46.773-0300] {taskinstance.py:2076} INFO - Dependencies all met for dep_context=requeueable deps ti=<TaskInstance: Binance_5m.get_5m_info scheduled__2024-07-25T04:45:00+00:00 [queued]>
[2024-07-25T14:48:46.773-0300] {taskinstance.py:2306} INFO - Starting attempt 1 of 1
[2024-07-25T14:48:46.785-0300] {taskinstance.py:2330} INFO - Executing <Task(PythonOperator): get_5m_info> on 2024-07-25 04:45:00+00:00
[2024-07-25T14:48:46.787-0300] {standard_task_runner.py:64} INFO - Started process 2608183 to run task
[2024-07-25T14:48:46.789-0300] {standard_task_runner.py:90} INFO - Running: ['airflow', 'tasks', 'run', 'Binance_5m', 'get_5m_info', 'scheduled__2024-07-25T04:45:00+00:00', '--job-id', '2143', '--raw', '--subdir', 'DAGS_FOLDER/binance_dag.py', '--cfg-path', '/tmp/tmpme20urig']
[2024-07-25T14:48:46.790-0300] {standard_task_runner.py:91} INFO - Job 2143: Subtask get_5m_info
[2024-07-25T14:48:46.817-0300] {task_command.py:426} INFO - Running <TaskInstance: Binance_5m.get_5m_info scheduled__2024-07-25T04:45:00+00:00 [running]> on host Galaxybook.
[2024-07-25T14:48:46.869-0300] {taskinstance.py:2648} INFO - Exporting env vars: AIRFLOW_CTX_DAG_OWNER='airflow' AIRFLOW_CTX_DAG_ID='Binance_5m' AIRFLOW_CTX_TASK_ID='get_5m_info' AIRFLOW_CTX_EXECUTION_DATE='2024-07-25T04:45:00+00:00' AIRFLOW_CTX_TRY_NUMBER='1' AIRFLOW_CTX_DAG_RUN_ID='scheduled__2024-07-25T04:45:00+00:00'
[2024-07-25T14:48:46.870-0300] {taskinstance.py:430} INFO - ::endgroup::
[2024-07-25T14:48:46.877-0300] {binance_dag.py:23} INFO - End Time: 2024-07-25T04:50:00.00Z
[2024-07-25T14:48:46.878-0300] {binance_dag.py:24} INFO - Start Time: 2024-07-25T04:45:00.00Z
[2024-07-25T14:48:46.938-0300] {base.py:84} INFO - Using connection ID 'binance_default' for task execution.
[2024-07-25T14:48:46.938-0300] {logging_mixin.py:188} INFO - https://api.binance.com
[2024-07-25T14:48:46.939-0300] {binance_hook.py:35} INFO - URL: https://api.binance.com/api/v3/klines?symbol=BTCBRL&interval=5m&startTime=1721893500000&endTime=1721893799999
[2024-07-25T14:48:47.341-0300] {binance_dag.py:43} INFO - r: [[1721893500000, '365709.00000000', '365721.00000000', '365502.00000000', '365502.00000000', '0.01414000', 1721893799999, '5171.14201000', 13, '0.01374000', '5024.93118000', '0']]
[2024-07-25T14:48:47.341-0300] {python.py:237} INFO - Done. Returned value was: None
[2024-07-25T14:48:47.342-0300] {taskinstance.py:441} INFO - ::group::Post task execution logs
[2024-07-25T14:48:47.345-0300] {taskinstance.py:1206} INFO - Marking task as SUCCESS. dag_id=Binance_5m, task_id=get_5m_info, run_id=scheduled__2024-07-25T04:45:00+00:00, execution_date=20240725T044500, start_date=20240725T174846, end_date=20240725T174847
[2024-07-25T14:48:47.371-0300] {local_task_job_runner.py:243} INFO - Task exited with return code 0
[2024-07-25T14:48:47.378-0300] {taskinstance.py:3503} INFO - 0 downstream tasks scheduled from follow-on schedule check
[2024-07-25T14:48:47.378-0300] {local_task_job_runner.py:222} INFO - ::endgroup::
[2024-07-25T15:19:01.955-0300] {local_task_job_runner.py:120} INFO - ::group::Pre task execution logs
[2024-07-25T15:19:01.962-0300] {taskinstance.py:2076} INFO - Dependencies all met for dep_context=non-requeueable deps ti=<TaskInstance: Binance_5m.get_5m_info scheduled__2024-07-25T04:45:00+00:00 [queued]>
[2024-07-25T15:19:01.966-0300] {taskinstance.py:2076} INFO - Dependencies all met for dep_context=requeueable deps ti=<TaskInstance: Binance_5m.get_5m_info scheduled__2024-07-25T04:45:00+00:00 [queued]>
[2024-07-25T15:19:01.966-0300] {taskinstance.py:2306} INFO - Starting attempt 1 of 1
[2024-07-25T15:19:01.980-0300] {taskinstance.py:2330} INFO - Executing <Task(PythonOperator): get_5m_info> on 2024-07-25 04:45:00+00:00
[2024-07-25T15:19:01.982-0300] {standard_task_runner.py:64} INFO - Started process 2630781 to run task
[2024-07-25T15:19:01.983-0300] {standard_task_runner.py:90} INFO - Running: ['airflow', 'tasks', 'run', 'Binance_5m', 'get_5m_info', 'scheduled__2024-07-25T04:45:00+00:00', '--job-id', '2592', '--raw', '--subdir', 'DAGS_FOLDER/binance_dag.py', '--cfg-path', '/tmp/tmpz75s5sqb']
[2024-07-25T15:19:01.984-0300] {standard_task_runner.py:91} INFO - Job 2592: Subtask get_5m_info
[2024-07-25T15:19:02.011-0300] {task_command.py:426} INFO - Running <TaskInstance: Binance_5m.get_5m_info scheduled__2024-07-25T04:45:00+00:00 [running]> on host Galaxybook.
[2024-07-25T15:19:02.070-0300] {taskinstance.py:2648} INFO - Exporting env vars: AIRFLOW_CTX_DAG_OWNER='airflow' AIRFLOW_CTX_DAG_ID='Binance_5m' AIRFLOW_CTX_TASK_ID='get_5m_info' AIRFLOW_CTX_EXECUTION_DATE='2024-07-25T04:45:00+00:00' AIRFLOW_CTX_TRY_NUMBER='1' AIRFLOW_CTX_DAG_RUN_ID='scheduled__2024-07-25T04:45:00+00:00'
[2024-07-25T15:19:02.071-0300] {taskinstance.py:430} INFO - ::endgroup::
[2024-07-25T15:19:02.079-0300] {binance_dag.py:23} INFO - End Time: 2024-07-25T04:50:00.00Z
[2024-07-25T15:19:02.079-0300] {binance_dag.py:24} INFO - Start Time: 2024-07-25T04:45:00.00Z
[2024-07-25T15:19:02.132-0300] {binance_dag.py:25} INFO - 1721893500000
[2024-07-25T15:19:02.134-0300] {base.py:84} INFO - Using connection ID 'binance_default' for task execution.
[2024-07-25T15:19:02.135-0300] {logging_mixin.py:188} INFO - https://api.binance.com
[2024-07-25T15:19:02.135-0300] {binance_hook.py:35} INFO - URL: https://api.binance.com/api/v3/klines?symbol=BTCBRL&interval=5m&startTime=1721893500000&endTime=1721893799999
[2024-07-25T15:19:02.527-0300] {python.py:237} INFO - Done. Returned value was: None
[2024-07-25T15:19:02.528-0300] {taskinstance.py:441} INFO - ::group::Post task execution logs
[2024-07-25T15:19:02.531-0300] {taskinstance.py:1206} INFO - Marking task as SUCCESS. dag_id=Binance_5m, task_id=get_5m_info, run_id=scheduled__2024-07-25T04:45:00+00:00, execution_date=20240725T044500, start_date=20240725T181901, end_date=20240725T181902
[2024-07-25T15:19:02.568-0300] {local_task_job_runner.py:243} INFO - Task exited with return code 0
[2024-07-25T15:19:02.575-0300] {taskinstance.py:3503} INFO - 0 downstream tasks scheduled from follow-on schedule check
[2024-07-25T15:19:02.575-0300] {local_task_job_runner.py:222} INFO - ::endgroup::
[2024-07-25T16:15:33.429-0300] {local_task_job_runner.py:120} INFO - ::group::Pre task execution logs
[2024-07-25T16:15:33.435-0300] {taskinstance.py:2076} INFO - Dependencies all met for dep_context=non-requeueable deps ti=<TaskInstance: Binance_5m.get_5m_info scheduled__2024-07-25T04:45:00+00:00 [queued]>
[2024-07-25T16:15:33.440-0300] {taskinstance.py:2076} INFO - Dependencies all met for dep_context=requeueable deps ti=<TaskInstance: Binance_5m.get_5m_info scheduled__2024-07-25T04:45:00+00:00 [queued]>
[2024-07-25T16:15:33.440-0300] {taskinstance.py:2306} INFO - Starting attempt 1 of 1
[2024-07-25T16:15:33.456-0300] {taskinstance.py:2330} INFO - Executing <Task(PythonOperator): get_5m_info> on 2024-07-25 04:45:00+00:00
[2024-07-25T16:15:33.458-0300] {standard_task_runner.py:64} INFO - Started process 2658530 to run task
[2024-07-25T16:15:33.461-0300] {standard_task_runner.py:90} INFO - Running: ['airflow', 'tasks', 'run', 'Binance_5m', 'get_5m_info', 'scheduled__2024-07-25T04:45:00+00:00', '--job-id', '2152', '--raw', '--subdir', 'DAGS_FOLDER/binance_dag.py', '--cfg-path', '/tmp/tmpg8yv6smh']
[2024-07-25T16:15:33.462-0300] {standard_task_runner.py:91} INFO - Job 2152: Subtask get_5m_info
[2024-07-25T16:15:33.493-0300] {task_command.py:426} INFO - Running <TaskInstance: Binance_5m.get_5m_info scheduled__2024-07-25T04:45:00+00:00 [running]> on host Galaxybook.
[2024-07-25T16:15:33.552-0300] {taskinstance.py:2648} INFO - Exporting env vars: AIRFLOW_CTX_DAG_OWNER='airflow' AIRFLOW_CTX_DAG_ID='Binance_5m' AIRFLOW_CTX_TASK_ID='get_5m_info' AIRFLOW_CTX_EXECUTION_DATE='2024-07-25T04:45:00+00:00' AIRFLOW_CTX_TRY_NUMBER='1' AIRFLOW_CTX_DAG_RUN_ID='scheduled__2024-07-25T04:45:00+00:00'
[2024-07-25T16:15:33.552-0300] {taskinstance.py:430} INFO - ::endgroup::
[2024-07-25T16:15:33.560-0300] {binance_dag.py:22} INFO - End Time: 2024-07-25 04:50:00+00:00
[2024-07-25T16:15:33.560-0300] {binance_dag.py:23} INFO - Start Time: 2024-07-25 04:45:00+00:00
[2024-07-25T16:15:33.561-0300] {binance_dag.py:24} INFO - Start timestamp: 1721882700000
[2024-07-25T16:15:33.561-0300] {binance_dag.py:25} INFO - End timestamp: 1721883000000
[2024-07-25T16:15:33.629-0300] {base.py:84} INFO - Using connection ID 'binance_default' for task execution.
[2024-07-25T16:15:33.629-0300] {logging_mixin.py:188} INFO - https://api.binance.com
[2024-07-25T16:15:33.630-0300] {binance_hook.py:35} INFO - URL: https://api.binance.com/api/v3/klines?symbol=BTCBRL&interval=5m&startTime=1721882700000&endTime=1721882999999&timeZone=-3
[2024-07-25T16:15:34.030-0300] {python.py:237} INFO - Done. Returned value was: None
[2024-07-25T16:15:34.030-0300] {taskinstance.py:441} INFO - ::group::Post task execution logs
[2024-07-25T16:15:34.033-0300] {taskinstance.py:1206} INFO - Marking task as SUCCESS. dag_id=Binance_5m, task_id=get_5m_info, run_id=scheduled__2024-07-25T04:45:00+00:00, execution_date=20240725T044500, start_date=20240725T191533, end_date=20240725T191534
[2024-07-25T16:15:34.086-0300] {local_task_job_runner.py:243} INFO - Task exited with return code 0
[2024-07-25T16:15:34.094-0300] {taskinstance.py:3503} INFO - 0 downstream tasks scheduled from follow-on schedule check
[2024-07-25T16:15:34.094-0300] {local_task_job_runner.py:222} INFO - ::endgroup::
