[2024-07-22T22:36:29.916-0300] {processor.py:161} INFO - Started process (PID=1050543) to work on /home/hugoviana/Projetos/crypto-etl/.venv/lib/python3.12/site-packages/airflow/example_dags/example_sensors.py
[2024-07-22T22:36:29.917-0300] {processor.py:830} INFO - Processing file /home/hugoviana/Projetos/crypto-etl/.venv/lib/python3.12/site-packages/airflow/example_dags/example_sensors.py for tasks to queue
[2024-07-22T22:36:29.918-0300] {logging_mixin.py:188} INFO - [2024-07-22T22:36:29.918-0300] {dagbag.py:545} INFO - Filling up the DagBag from /home/hugoviana/Projetos/crypto-etl/.venv/lib/python3.12/site-packages/airflow/example_dags/example_sensors.py
[2024-07-22T22:36:29.926-0300] {processor.py:840} INFO - DAG(s) 'example_sensors' retrieved from /home/hugoviana/Projetos/crypto-etl/.venv/lib/python3.12/site-packages/airflow/example_dags/example_sensors.py
[2024-07-22T22:36:30.005-0300] {logging_mixin.py:188} INFO - [2024-07-22T22:36:30.004-0300] {override.py:1858} INFO - Created Permission View: can edit on DAG:example_sensors
[2024-07-22T22:36:30.017-0300] {logging_mixin.py:188} INFO - [2024-07-22T22:36:30.016-0300] {override.py:1858} INFO - Created Permission View: can delete on DAG:example_sensors
[2024-07-22T22:36:30.027-0300] {logging_mixin.py:188} INFO - [2024-07-22T22:36:30.026-0300] {override.py:1858} INFO - Created Permission View: can read on DAG:example_sensors
[2024-07-22T22:36:30.027-0300] {logging_mixin.py:188} INFO - [2024-07-22T22:36:30.027-0300] {dag.py:3089} INFO - Sync 1 DAGs
[2024-07-22T22:36:30.034-0300] {logging_mixin.py:188} INFO - [2024-07-22T22:36:30.034-0300] {dag.py:3111} INFO - Creating ORM DAG for example_sensors
[2024-07-22T22:36:30.034-0300] {logging_mixin.py:188} INFO - [2024-07-22T22:36:30.034-0300] {dag.py:3947} INFO - Setting next_dagrun for example_sensors to None, run_after=None
[2024-07-22T22:36:30.052-0300] {processor.py:183} INFO - Processing /home/hugoviana/Projetos/crypto-etl/.venv/lib/python3.12/site-packages/airflow/example_dags/example_sensors.py took 0.140 seconds
[2024-07-22T22:37:21.737-0300] {processor.py:161} INFO - Started process (PID=1051143) to work on /home/hugoviana/Projetos/crypto-etl/.venv/lib/python3.12/site-packages/airflow/example_dags/example_sensors.py
[2024-07-22T22:37:21.742-0300] {processor.py:830} INFO - Processing file /home/hugoviana/Projetos/crypto-etl/.venv/lib/python3.12/site-packages/airflow/example_dags/example_sensors.py for tasks to queue
[2024-07-22T22:37:21.743-0300] {logging_mixin.py:188} INFO - [2024-07-22T22:37:21.743-0300] {dagbag.py:545} INFO - Filling up the DagBag from /home/hugoviana/Projetos/crypto-etl/.venv/lib/python3.12/site-packages/airflow/example_dags/example_sensors.py
[2024-07-22T22:37:21.749-0300] {processor.py:840} INFO - DAG(s) 'example_sensors' retrieved from /home/hugoviana/Projetos/crypto-etl/.venv/lib/python3.12/site-packages/airflow/example_dags/example_sensors.py
[2024-07-22T22:37:21.763-0300] {logging_mixin.py:188} INFO - [2024-07-22T22:37:21.763-0300] {dag.py:3089} INFO - Sync 1 DAGs
[2024-07-22T22:37:21.771-0300] {logging_mixin.py:188} INFO - [2024-07-22T22:37:21.771-0300] {dag.py:3947} INFO - Setting next_dagrun for example_sensors to None, run_after=None
[2024-07-22T22:37:21.788-0300] {processor.py:183} INFO - Processing /home/hugoviana/Projetos/crypto-etl/.venv/lib/python3.12/site-packages/airflow/example_dags/example_sensors.py took 0.056 seconds
[2024-07-22T22:38:10.890-0300] {processor.py:161} INFO - Started process (PID=1051666) to work on /home/hugoviana/Projetos/crypto-etl/.venv/lib/python3.12/site-packages/airflow/example_dags/example_sensors.py
[2024-07-22T22:38:10.891-0300] {processor.py:830} INFO - Processing file /home/hugoviana/Projetos/crypto-etl/.venv/lib/python3.12/site-packages/airflow/example_dags/example_sensors.py for tasks to queue
[2024-07-22T22:38:10.893-0300] {logging_mixin.py:188} INFO - [2024-07-22T22:38:10.892-0300] {dagbag.py:545} INFO - Filling up the DagBag from /home/hugoviana/Projetos/crypto-etl/.venv/lib/python3.12/site-packages/airflow/example_dags/example_sensors.py
[2024-07-22T22:38:10.898-0300] {processor.py:840} INFO - DAG(s) 'example_sensors' retrieved from /home/hugoviana/Projetos/crypto-etl/.venv/lib/python3.12/site-packages/airflow/example_dags/example_sensors.py
[2024-07-22T22:38:10.912-0300] {logging_mixin.py:188} INFO - [2024-07-22T22:38:10.912-0300] {dag.py:3089} INFO - Sync 1 DAGs
[2024-07-22T22:38:10.919-0300] {logging_mixin.py:188} INFO - [2024-07-22T22:38:10.919-0300] {dag.py:3947} INFO - Setting next_dagrun for example_sensors to None, run_after=None
[2024-07-22T22:38:10.935-0300] {processor.py:183} INFO - Processing /home/hugoviana/Projetos/crypto-etl/.venv/lib/python3.12/site-packages/airflow/example_dags/example_sensors.py took 0.049 seconds
[2024-07-22T22:38:55.375-0300] {processor.py:161} INFO - Started process (PID=1052183) to work on /home/hugoviana/Projetos/crypto-etl/.venv/lib/python3.12/site-packages/airflow/example_dags/example_sensors.py
[2024-07-22T22:38:55.377-0300] {processor.py:830} INFO - Processing file /home/hugoviana/Projetos/crypto-etl/.venv/lib/python3.12/site-packages/airflow/example_dags/example_sensors.py for tasks to queue
[2024-07-22T22:38:55.378-0300] {logging_mixin.py:188} INFO - [2024-07-22T22:38:55.377-0300] {dagbag.py:545} INFO - Filling up the DagBag from /home/hugoviana/Projetos/crypto-etl/.venv/lib/python3.12/site-packages/airflow/example_dags/example_sensors.py
[2024-07-22T22:38:55.383-0300] {processor.py:840} INFO - DAG(s) 'example_sensors' retrieved from /home/hugoviana/Projetos/crypto-etl/.venv/lib/python3.12/site-packages/airflow/example_dags/example_sensors.py
[2024-07-22T22:38:55.397-0300] {logging_mixin.py:188} INFO - [2024-07-22T22:38:55.397-0300] {dag.py:3089} INFO - Sync 1 DAGs
[2024-07-22T22:38:55.408-0300] {logging_mixin.py:188} INFO - [2024-07-22T22:38:55.408-0300] {dag.py:3947} INFO - Setting next_dagrun for example_sensors to None, run_after=None
[2024-07-22T22:38:55.427-0300] {processor.py:183} INFO - Processing /home/hugoviana/Projetos/crypto-etl/.venv/lib/python3.12/site-packages/airflow/example_dags/example_sensors.py took 0.055 seconds
