[2024-07-22T22:36:53.233-0300] {processor.py:161} INFO - Started process (PID=1050744) to work on /home/hugoviana/Projetos/crypto-etl/.venv/lib/python3.12/site-packages/airflow/example_dags/example_setup_teardown.py
[2024-07-22T22:36:53.233-0300] {processor.py:830} INFO - Processing file /home/hugoviana/Projetos/crypto-etl/.venv/lib/python3.12/site-packages/airflow/example_dags/example_setup_teardown.py for tasks to queue
[2024-07-22T22:36:53.234-0300] {logging_mixin.py:188} INFO - [2024-07-22T22:36:53.234-0300] {dagbag.py:545} INFO - Filling up the DagBag from /home/hugoviana/Projetos/crypto-etl/.venv/lib/python3.12/site-packages/airflow/example_dags/example_setup_teardown.py
[2024-07-22T22:36:53.238-0300] {processor.py:840} INFO - DAG(s) 'example_setup_teardown' retrieved from /home/hugoviana/Projetos/crypto-etl/.venv/lib/python3.12/site-packages/airflow/example_dags/example_setup_teardown.py
[2024-07-22T22:36:53.309-0300] {logging_mixin.py:188} INFO - [2024-07-22T22:36:53.309-0300] {override.py:1858} INFO - Created Permission View: can edit on DAG:example_setup_teardown
[2024-07-22T22:36:53.321-0300] {logging_mixin.py:188} INFO - [2024-07-22T22:36:53.321-0300] {override.py:1858} INFO - Created Permission View: can delete on DAG:example_setup_teardown
[2024-07-22T22:36:53.329-0300] {logging_mixin.py:188} INFO - [2024-07-22T22:36:53.329-0300] {override.py:1858} INFO - Created Permission View: can read on DAG:example_setup_teardown
[2024-07-22T22:36:53.330-0300] {logging_mixin.py:188} INFO - [2024-07-22T22:36:53.330-0300] {dag.py:3089} INFO - Sync 1 DAGs
[2024-07-22T22:36:53.338-0300] {logging_mixin.py:188} INFO - [2024-07-22T22:36:53.337-0300] {dag.py:3111} INFO - Creating ORM DAG for example_setup_teardown
[2024-07-22T22:36:53.346-0300] {logging_mixin.py:188} INFO - [2024-07-22T22:36:53.346-0300] {dag.py:3947} INFO - Setting next_dagrun for example_setup_teardown to 2024-07-22 00:00:00+00:00, run_after=2024-07-23 00:00:00+00:00
[2024-07-22T22:36:53.368-0300] {processor.py:183} INFO - Processing /home/hugoviana/Projetos/crypto-etl/.venv/lib/python3.12/site-packages/airflow/example_dags/example_setup_teardown.py took 0.139 seconds
[2024-07-22T22:37:43.129-0300] {processor.py:161} INFO - Started process (PID=1051326) to work on /home/hugoviana/Projetos/crypto-etl/.venv/lib/python3.12/site-packages/airflow/example_dags/example_setup_teardown.py
[2024-07-22T22:37:43.130-0300] {processor.py:830} INFO - Processing file /home/hugoviana/Projetos/crypto-etl/.venv/lib/python3.12/site-packages/airflow/example_dags/example_setup_teardown.py for tasks to queue
[2024-07-22T22:37:43.132-0300] {logging_mixin.py:188} INFO - [2024-07-22T22:37:43.131-0300] {dagbag.py:545} INFO - Filling up the DagBag from /home/hugoviana/Projetos/crypto-etl/.venv/lib/python3.12/site-packages/airflow/example_dags/example_setup_teardown.py
[2024-07-22T22:37:43.137-0300] {processor.py:840} INFO - DAG(s) 'example_setup_teardown' retrieved from /home/hugoviana/Projetos/crypto-etl/.venv/lib/python3.12/site-packages/airflow/example_dags/example_setup_teardown.py
[2024-07-22T22:37:43.149-0300] {logging_mixin.py:188} INFO - [2024-07-22T22:37:43.149-0300] {dag.py:3089} INFO - Sync 1 DAGs
[2024-07-22T22:37:43.162-0300] {logging_mixin.py:188} INFO - [2024-07-22T22:37:43.162-0300] {dag.py:3947} INFO - Setting next_dagrun for example_setup_teardown to 2024-07-22 00:00:00+00:00, run_after=2024-07-23 00:00:00+00:00
[2024-07-22T22:37:43.182-0300] {processor.py:183} INFO - Processing /home/hugoviana/Projetos/crypto-etl/.venv/lib/python3.12/site-packages/airflow/example_dags/example_setup_teardown.py took 0.059 seconds
[2024-07-22T22:38:46.237-0300] {processor.py:161} INFO - Started process (PID=1052093) to work on /home/hugoviana/Projetos/crypto-etl/.venv/lib/python3.12/site-packages/airflow/example_dags/example_setup_teardown.py
[2024-07-22T22:38:46.239-0300] {processor.py:830} INFO - Processing file /home/hugoviana/Projetos/crypto-etl/.venv/lib/python3.12/site-packages/airflow/example_dags/example_setup_teardown.py for tasks to queue
[2024-07-22T22:38:46.240-0300] {logging_mixin.py:188} INFO - [2024-07-22T22:38:46.240-0300] {dagbag.py:545} INFO - Filling up the DagBag from /home/hugoviana/Projetos/crypto-etl/.venv/lib/python3.12/site-packages/airflow/example_dags/example_setup_teardown.py
[2024-07-22T22:38:46.244-0300] {processor.py:840} INFO - DAG(s) 'example_setup_teardown' retrieved from /home/hugoviana/Projetos/crypto-etl/.venv/lib/python3.12/site-packages/airflow/example_dags/example_setup_teardown.py
[2024-07-22T22:38:46.254-0300] {logging_mixin.py:188} INFO - [2024-07-22T22:38:46.253-0300] {dag.py:3089} INFO - Sync 1 DAGs
[2024-07-22T22:38:46.265-0300] {logging_mixin.py:188} INFO - [2024-07-22T22:38:46.264-0300] {dag.py:3947} INFO - Setting next_dagrun for example_setup_teardown to 2024-07-22 00:00:00+00:00, run_after=2024-07-23 00:00:00+00:00
[2024-07-22T22:38:46.282-0300] {processor.py:183} INFO - Processing /home/hugoviana/Projetos/crypto-etl/.venv/lib/python3.12/site-packages/airflow/example_dags/example_setup_teardown.py took 0.048 seconds
