[2024-07-22T22:36:24.459-0300] {processor.py:161} INFO - Started process (PID=1050438) to work on /home/hugoviana/Projetos/crypto-etl/.venv/lib/python3.12/site-packages/airflow/example_dags/example_xcomargs.py
[2024-07-22T22:36:24.459-0300] {processor.py:830} INFO - Processing file /home/hugoviana/Projetos/crypto-etl/.venv/lib/python3.12/site-packages/airflow/example_dags/example_xcomargs.py for tasks to queue
[2024-07-22T22:36:24.460-0300] {logging_mixin.py:188} INFO - [2024-07-22T22:36:24.460-0300] {dagbag.py:545} INFO - Filling up the DagBag from /home/hugoviana/Projetos/crypto-etl/.venv/lib/python3.12/site-packages/airflow/example_dags/example_xcomargs.py
[2024-07-22T22:36:24.466-0300] {processor.py:840} INFO - DAG(s) 'example_xcom_args_with_operators', 'example_xcom_args' retrieved from /home/hugoviana/Projetos/crypto-etl/.venv/lib/python3.12/site-packages/airflow/example_dags/example_xcomargs.py
[2024-07-22T22:36:24.531-0300] {logging_mixin.py:188} INFO - [2024-07-22T22:36:24.531-0300] {override.py:1858} INFO - Created Permission View: can edit on DAG:example_xcom_args_with_operators
[2024-07-22T22:36:24.540-0300] {logging_mixin.py:188} INFO - [2024-07-22T22:36:24.540-0300] {override.py:1858} INFO - Created Permission View: can delete on DAG:example_xcom_args_with_operators
[2024-07-22T22:36:24.549-0300] {logging_mixin.py:188} INFO - [2024-07-22T22:36:24.548-0300] {override.py:1858} INFO - Created Permission View: can read on DAG:example_xcom_args_with_operators
[2024-07-22T22:36:24.565-0300] {logging_mixin.py:188} INFO - [2024-07-22T22:36:24.565-0300] {override.py:1858} INFO - Created Permission View: can edit on DAG:example_xcom_args
[2024-07-22T22:36:24.572-0300] {logging_mixin.py:188} INFO - [2024-07-22T22:36:24.572-0300] {override.py:1858} INFO - Created Permission View: can delete on DAG:example_xcom_args
[2024-07-22T22:36:24.580-0300] {logging_mixin.py:188} INFO - [2024-07-22T22:36:24.579-0300] {override.py:1858} INFO - Created Permission View: can read on DAG:example_xcom_args
[2024-07-22T22:36:24.580-0300] {logging_mixin.py:188} INFO - [2024-07-22T22:36:24.580-0300] {dag.py:3089} INFO - Sync 2 DAGs
[2024-07-22T22:36:24.588-0300] {logging_mixin.py:188} INFO - [2024-07-22T22:36:24.587-0300] {dag.py:3111} INFO - Creating ORM DAG for example_xcom_args_with_operators
[2024-07-22T22:36:24.588-0300] {logging_mixin.py:188} INFO - [2024-07-22T22:36:24.588-0300] {dag.py:3111} INFO - Creating ORM DAG for example_xcom_args
[2024-07-22T22:36:24.588-0300] {logging_mixin.py:188} INFO - [2024-07-22T22:36:24.588-0300] {dag.py:3947} INFO - Setting next_dagrun for example_xcom_args to None, run_after=None
[2024-07-22T22:36:24.590-0300] {logging_mixin.py:188} INFO - [2024-07-22T22:36:24.589-0300] {dag.py:3947} INFO - Setting next_dagrun for example_xcom_args_with_operators to None, run_after=None
[2024-07-22T22:36:24.608-0300] {processor.py:183} INFO - Processing /home/hugoviana/Projetos/crypto-etl/.venv/lib/python3.12/site-packages/airflow/example_dags/example_xcomargs.py took 0.152 seconds
[2024-07-22T22:37:17.251-0300] {processor.py:161} INFO - Started process (PID=1051112) to work on /home/hugoviana/Projetos/crypto-etl/.venv/lib/python3.12/site-packages/airflow/example_dags/example_xcomargs.py
[2024-07-22T22:37:17.257-0300] {processor.py:830} INFO - Processing file /home/hugoviana/Projetos/crypto-etl/.venv/lib/python3.12/site-packages/airflow/example_dags/example_xcomargs.py for tasks to queue
[2024-07-22T22:37:17.259-0300] {logging_mixin.py:188} INFO - [2024-07-22T22:37:17.258-0300] {dagbag.py:545} INFO - Filling up the DagBag from /home/hugoviana/Projetos/crypto-etl/.venv/lib/python3.12/site-packages/airflow/example_dags/example_xcomargs.py
[2024-07-22T22:37:17.265-0300] {processor.py:840} INFO - DAG(s) 'example_xcom_args_with_operators', 'example_xcom_args' retrieved from /home/hugoviana/Projetos/crypto-etl/.venv/lib/python3.12/site-packages/airflow/example_dags/example_xcomargs.py
[2024-07-22T22:37:17.277-0300] {logging_mixin.py:188} INFO - [2024-07-22T22:37:17.276-0300] {dag.py:3089} INFO - Sync 2 DAGs
[2024-07-22T22:37:17.284-0300] {logging_mixin.py:188} INFO - [2024-07-22T22:37:17.283-0300] {dag.py:3947} INFO - Setting next_dagrun for example_xcom_args to None, run_after=None
[2024-07-22T22:37:17.285-0300] {logging_mixin.py:188} INFO - [2024-07-22T22:37:17.285-0300] {dag.py:3947} INFO - Setting next_dagrun for example_xcom_args_with_operators to None, run_after=None
[2024-07-22T22:37:17.301-0300] {processor.py:183} INFO - Processing /home/hugoviana/Projetos/crypto-etl/.venv/lib/python3.12/site-packages/airflow/example_dags/example_xcomargs.py took 0.054 seconds
[2024-07-22T22:38:00.049-0300] {processor.py:161} INFO - Started process (PID=1051573) to work on /home/hugoviana/Projetos/crypto-etl/.venv/lib/python3.12/site-packages/airflow/example_dags/example_xcomargs.py
[2024-07-22T22:38:00.050-0300] {processor.py:830} INFO - Processing file /home/hugoviana/Projetos/crypto-etl/.venv/lib/python3.12/site-packages/airflow/example_dags/example_xcomargs.py for tasks to queue
[2024-07-22T22:38:00.052-0300] {logging_mixin.py:188} INFO - [2024-07-22T22:38:00.051-0300] {dagbag.py:545} INFO - Filling up the DagBag from /home/hugoviana/Projetos/crypto-etl/.venv/lib/python3.12/site-packages/airflow/example_dags/example_xcomargs.py
[2024-07-22T22:38:00.057-0300] {processor.py:840} INFO - DAG(s) 'example_xcom_args_with_operators', 'example_xcom_args' retrieved from /home/hugoviana/Projetos/crypto-etl/.venv/lib/python3.12/site-packages/airflow/example_dags/example_xcomargs.py
[2024-07-22T22:38:00.070-0300] {logging_mixin.py:188} INFO - [2024-07-22T22:38:00.070-0300] {dag.py:3089} INFO - Sync 2 DAGs
[2024-07-22T22:38:00.080-0300] {logging_mixin.py:188} INFO - [2024-07-22T22:38:00.079-0300] {dag.py:3947} INFO - Setting next_dagrun for example_xcom_args to None, run_after=None
[2024-07-22T22:38:00.082-0300] {logging_mixin.py:188} INFO - [2024-07-22T22:38:00.082-0300] {dag.py:3947} INFO - Setting next_dagrun for example_xcom_args_with_operators to None, run_after=None
[2024-07-22T22:38:00.100-0300] {processor.py:183} INFO - Processing /home/hugoviana/Projetos/crypto-etl/.venv/lib/python3.12/site-packages/airflow/example_dags/example_xcomargs.py took 0.055 seconds
[2024-07-22T22:38:51.373-0300] {processor.py:161} INFO - Started process (PID=1052140) to work on /home/hugoviana/Projetos/crypto-etl/.venv/lib/python3.12/site-packages/airflow/example_dags/example_xcomargs.py
[2024-07-22T22:38:51.375-0300] {processor.py:830} INFO - Processing file /home/hugoviana/Projetos/crypto-etl/.venv/lib/python3.12/site-packages/airflow/example_dags/example_xcomargs.py for tasks to queue
[2024-07-22T22:38:51.376-0300] {logging_mixin.py:188} INFO - [2024-07-22T22:38:51.375-0300] {dagbag.py:545} INFO - Filling up the DagBag from /home/hugoviana/Projetos/crypto-etl/.venv/lib/python3.12/site-packages/airflow/example_dags/example_xcomargs.py
[2024-07-22T22:38:51.383-0300] {processor.py:840} INFO - DAG(s) 'example_xcom_args_with_operators', 'example_xcom_args' retrieved from /home/hugoviana/Projetos/crypto-etl/.venv/lib/python3.12/site-packages/airflow/example_dags/example_xcomargs.py
[2024-07-22T22:38:51.396-0300] {logging_mixin.py:188} INFO - [2024-07-22T22:38:51.396-0300] {dag.py:3089} INFO - Sync 2 DAGs
[2024-07-22T22:38:51.404-0300] {logging_mixin.py:188} INFO - [2024-07-22T22:38:51.403-0300] {dag.py:3947} INFO - Setting next_dagrun for example_xcom_args to None, run_after=None
[2024-07-22T22:38:51.406-0300] {logging_mixin.py:188} INFO - [2024-07-22T22:38:51.406-0300] {dag.py:3947} INFO - Setting next_dagrun for example_xcom_args_with_operators to None, run_after=None
[2024-07-22T22:38:51.423-0300] {processor.py:183} INFO - Processing /home/hugoviana/Projetos/crypto-etl/.venv/lib/python3.12/site-packages/airflow/example_dags/example_xcomargs.py took 0.053 seconds
