[2024-07-22T22:37:03.707-0300] {processor.py:161} INFO - Started process (PID=1050823) to work on /home/hugoviana/Projetos/crypto-etl/.venv/lib/python3.12/site-packages/airflow/example_dags/example_branch_datetime_operator.py
[2024-07-22T22:37:03.708-0300] {processor.py:830} INFO - Processing file /home/hugoviana/Projetos/crypto-etl/.venv/lib/python3.12/site-packages/airflow/example_dags/example_branch_datetime_operator.py for tasks to queue
[2024-07-22T22:37:03.709-0300] {logging_mixin.py:188} INFO - [2024-07-22T22:37:03.709-0300] {dagbag.py:545} INFO - Filling up the DagBag from /home/hugoviana/Projetos/crypto-etl/.venv/lib/python3.12/site-packages/airflow/example_dags/example_branch_datetime_operator.py
[2024-07-22T22:37:03.716-0300] {processor.py:840} INFO - DAG(s) 'example_branch_datetime_operator', 'example_branch_datetime_operator_2', 'example_branch_datetime_operator_3' retrieved from /home/hugoviana/Projetos/crypto-etl/.venv/lib/python3.12/site-packages/airflow/example_dags/example_branch_datetime_operator.py
[2024-07-22T22:37:03.792-0300] {logging_mixin.py:188} INFO - [2024-07-22T22:37:03.792-0300] {override.py:1858} INFO - Created Permission View: can edit on DAG:example_branch_datetime_operator
[2024-07-22T22:37:03.802-0300] {logging_mixin.py:188} INFO - [2024-07-22T22:37:03.801-0300] {override.py:1858} INFO - Created Permission View: can delete on DAG:example_branch_datetime_operator
[2024-07-22T22:37:03.809-0300] {logging_mixin.py:188} INFO - [2024-07-22T22:37:03.809-0300] {override.py:1858} INFO - Created Permission View: can read on DAG:example_branch_datetime_operator
[2024-07-22T22:37:03.828-0300] {logging_mixin.py:188} INFO - [2024-07-22T22:37:03.828-0300] {override.py:1858} INFO - Created Permission View: can edit on DAG:example_branch_datetime_operator_2
[2024-07-22T22:37:03.837-0300] {logging_mixin.py:188} INFO - [2024-07-22T22:37:03.837-0300] {override.py:1858} INFO - Created Permission View: can delete on DAG:example_branch_datetime_operator_2
[2024-07-22T22:37:03.847-0300] {logging_mixin.py:188} INFO - [2024-07-22T22:37:03.846-0300] {override.py:1858} INFO - Created Permission View: can read on DAG:example_branch_datetime_operator_2
[2024-07-22T22:37:03.865-0300] {logging_mixin.py:188} INFO - [2024-07-22T22:37:03.865-0300] {override.py:1858} INFO - Created Permission View: can edit on DAG:example_branch_datetime_operator_3
[2024-07-22T22:37:03.874-0300] {logging_mixin.py:188} INFO - [2024-07-22T22:37:03.874-0300] {override.py:1858} INFO - Created Permission View: can delete on DAG:example_branch_datetime_operator_3
[2024-07-22T22:37:03.882-0300] {logging_mixin.py:188} INFO - [2024-07-22T22:37:03.882-0300] {override.py:1858} INFO - Created Permission View: can read on DAG:example_branch_datetime_operator_3
[2024-07-22T22:37:03.883-0300] {logging_mixin.py:188} INFO - [2024-07-22T22:37:03.882-0300] {dag.py:3089} INFO - Sync 3 DAGs
[2024-07-22T22:37:03.889-0300] {logging_mixin.py:188} INFO - [2024-07-22T22:37:03.889-0300] {dag.py:3111} INFO - Creating ORM DAG for example_branch_datetime_operator_2
[2024-07-22T22:37:03.890-0300] {logging_mixin.py:188} INFO - [2024-07-22T22:37:03.890-0300] {dag.py:3111} INFO - Creating ORM DAG for example_branch_datetime_operator_3
[2024-07-22T22:37:03.890-0300] {logging_mixin.py:188} INFO - [2024-07-22T22:37:03.890-0300] {dag.py:3111} INFO - Creating ORM DAG for example_branch_datetime_operator
[2024-07-22T22:37:03.897-0300] {logging_mixin.py:188} INFO - [2024-07-22T22:37:03.897-0300] {dag.py:3947} INFO - Setting next_dagrun for example_branch_datetime_operator to 2024-07-22 00:00:00+00:00, run_after=2024-07-23 00:00:00+00:00
[2024-07-22T22:37:03.898-0300] {logging_mixin.py:188} INFO - [2024-07-22T22:37:03.898-0300] {dag.py:3947} INFO - Setting next_dagrun for example_branch_datetime_operator_2 to 2024-07-22 00:00:00+00:00, run_after=2024-07-23 00:00:00+00:00
[2024-07-22T22:37:03.899-0300] {logging_mixin.py:188} INFO - [2024-07-22T22:37:03.899-0300] {dag.py:3947} INFO - Setting next_dagrun for example_branch_datetime_operator_3 to 2024-07-22 00:00:00+00:00, run_after=2024-07-23 00:00:00+00:00
[2024-07-22T22:37:03.918-0300] {processor.py:183} INFO - Processing /home/hugoviana/Projetos/crypto-etl/.venv/lib/python3.12/site-packages/airflow/example_dags/example_branch_datetime_operator.py took 0.214 seconds
[2024-07-22T22:38:07.455-0300] {processor.py:161} INFO - Started process (PID=1051631) to work on /home/hugoviana/Projetos/crypto-etl/.venv/lib/python3.12/site-packages/airflow/example_dags/example_branch_datetime_operator.py
[2024-07-22T22:38:07.456-0300] {processor.py:830} INFO - Processing file /home/hugoviana/Projetos/crypto-etl/.venv/lib/python3.12/site-packages/airflow/example_dags/example_branch_datetime_operator.py for tasks to queue
[2024-07-22T22:38:07.457-0300] {logging_mixin.py:188} INFO - [2024-07-22T22:38:07.457-0300] {dagbag.py:545} INFO - Filling up the DagBag from /home/hugoviana/Projetos/crypto-etl/.venv/lib/python3.12/site-packages/airflow/example_dags/example_branch_datetime_operator.py
[2024-07-22T22:38:07.463-0300] {processor.py:840} INFO - DAG(s) 'example_branch_datetime_operator_3', 'example_branch_datetime_operator', 'example_branch_datetime_operator_2' retrieved from /home/hugoviana/Projetos/crypto-etl/.venv/lib/python3.12/site-packages/airflow/example_dags/example_branch_datetime_operator.py
[2024-07-22T22:38:07.476-0300] {logging_mixin.py:188} INFO - [2024-07-22T22:38:07.476-0300] {dag.py:3089} INFO - Sync 3 DAGs
[2024-07-22T22:38:07.494-0300] {logging_mixin.py:188} INFO - [2024-07-22T22:38:07.493-0300] {dag.py:3947} INFO - Setting next_dagrun for example_branch_datetime_operator to 2024-07-22 00:00:00+00:00, run_after=2024-07-23 00:00:00+00:00
[2024-07-22T22:38:07.497-0300] {logging_mixin.py:188} INFO - [2024-07-22T22:38:07.497-0300] {dag.py:3947} INFO - Setting next_dagrun for example_branch_datetime_operator_2 to 2024-07-22 00:00:00+00:00, run_after=2024-07-23 00:00:00+00:00
[2024-07-22T22:38:07.498-0300] {logging_mixin.py:188} INFO - [2024-07-22T22:38:07.498-0300] {dag.py:3947} INFO - Setting next_dagrun for example_branch_datetime_operator_3 to 2024-07-22 00:00:00+00:00, run_after=2024-07-23 00:00:00+00:00
[2024-07-22T22:38:07.518-0300] {processor.py:183} INFO - Processing /home/hugoviana/Projetos/crypto-etl/.venv/lib/python3.12/site-packages/airflow/example_dags/example_branch_datetime_operator.py took 0.067 seconds
[2024-07-22T22:39:10.873-0300] {processor.py:161} INFO - Started process (PID=1052536) to work on /home/hugoviana/Projetos/crypto-etl/.venv/lib/python3.12/site-packages/airflow/example_dags/example_branch_datetime_operator.py
[2024-07-22T22:39:10.875-0300] {processor.py:830} INFO - Processing file /home/hugoviana/Projetos/crypto-etl/.venv/lib/python3.12/site-packages/airflow/example_dags/example_branch_datetime_operator.py for tasks to queue
[2024-07-22T22:39:10.876-0300] {logging_mixin.py:188} INFO - [2024-07-22T22:39:10.875-0300] {dagbag.py:545} INFO - Filling up the DagBag from /home/hugoviana/Projetos/crypto-etl/.venv/lib/python3.12/site-packages/airflow/example_dags/example_branch_datetime_operator.py
[2024-07-22T22:39:10.881-0300] {processor.py:840} INFO - DAG(s) 'example_branch_datetime_operator_2', 'example_branch_datetime_operator', 'example_branch_datetime_operator_3' retrieved from /home/hugoviana/Projetos/crypto-etl/.venv/lib/python3.12/site-packages/airflow/example_dags/example_branch_datetime_operator.py
[2024-07-22T22:39:10.897-0300] {logging_mixin.py:188} INFO - [2024-07-22T22:39:10.897-0300] {dag.py:3089} INFO - Sync 3 DAGs
[2024-07-22T22:39:10.910-0300] {logging_mixin.py:188} INFO - [2024-07-22T22:39:10.909-0300] {dag.py:3947} INFO - Setting next_dagrun for example_branch_datetime_operator to 2024-07-22 00:00:00+00:00, run_after=2024-07-23 00:00:00+00:00
[2024-07-22T22:39:10.912-0300] {logging_mixin.py:188} INFO - [2024-07-22T22:39:10.912-0300] {dag.py:3947} INFO - Setting next_dagrun for example_branch_datetime_operator_2 to 2024-07-22 00:00:00+00:00, run_after=2024-07-23 00:00:00+00:00
[2024-07-22T22:39:10.913-0300] {logging_mixin.py:188} INFO - [2024-07-22T22:39:10.913-0300] {dag.py:3947} INFO - Setting next_dagrun for example_branch_datetime_operator_3 to 2024-07-22 00:00:00+00:00, run_after=2024-07-23 00:00:00+00:00
[2024-07-22T22:39:10.928-0300] {processor.py:183} INFO - Processing /home/hugoviana/Projetos/crypto-etl/.venv/lib/python3.12/site-packages/airflow/example_dags/example_branch_datetime_operator.py took 0.058 seconds
