[2024-07-22T22:36:46.859-0300] {processor.py:161} INFO - Started process (PID=1050699) to work on /home/hugoviana/Projetos/crypto-etl/.venv/lib/python3.12/site-packages/airflow/example_dags/example_display_name.py
[2024-07-22T22:36:46.860-0300] {processor.py:830} INFO - Processing file /home/hugoviana/Projetos/crypto-etl/.venv/lib/python3.12/site-packages/airflow/example_dags/example_display_name.py for tasks to queue
[2024-07-22T22:36:46.861-0300] {logging_mixin.py:188} INFO - [2024-07-22T22:36:46.861-0300] {dagbag.py:545} INFO - Filling up the DagBag from /home/hugoviana/Projetos/crypto-etl/.venv/lib/python3.12/site-packages/airflow/example_dags/example_display_name.py
[2024-07-22T22:36:46.865-0300] {processor.py:840} INFO - DAG(s) 'example_display_name' retrieved from /home/hugoviana/Projetos/crypto-etl/.venv/lib/python3.12/site-packages/airflow/example_dags/example_display_name.py
[2024-07-22T22:36:46.935-0300] {logging_mixin.py:188} INFO - [2024-07-22T22:36:46.935-0300] {override.py:1858} INFO - Created Permission View: can edit on DAG:example_display_name
[2024-07-22T22:36:46.946-0300] {logging_mixin.py:188} INFO - [2024-07-22T22:36:46.945-0300] {override.py:1858} INFO - Created Permission View: can delete on DAG:example_display_name
[2024-07-22T22:36:46.954-0300] {logging_mixin.py:188} INFO - [2024-07-22T22:36:46.954-0300] {override.py:1858} INFO - Created Permission View: can read on DAG:example_display_name
[2024-07-22T22:36:46.954-0300] {logging_mixin.py:188} INFO - [2024-07-22T22:36:46.954-0300] {dag.py:3089} INFO - Sync 1 DAGs
[2024-07-22T22:36:46.963-0300] {logging_mixin.py:188} INFO - [2024-07-22T22:36:46.963-0300] {dag.py:3111} INFO - Creating ORM DAG for example_display_name
[2024-07-22T22:36:46.963-0300] {logging_mixin.py:188} INFO - [2024-07-22T22:36:46.963-0300] {dag.py:3947} INFO - Setting next_dagrun for example_display_name to None, run_after=None
[2024-07-22T22:36:46.977-0300] {processor.py:183} INFO - Processing /home/hugoviana/Projetos/crypto-etl/.venv/lib/python3.12/site-packages/airflow/example_dags/example_display_name.py took 0.122 seconds
[2024-07-22T22:37:37.809-0300] {processor.py:161} INFO - Started process (PID=1051276) to work on /home/hugoviana/Projetos/crypto-etl/.venv/lib/python3.12/site-packages/airflow/example_dags/example_display_name.py
[2024-07-22T22:37:37.815-0300] {processor.py:830} INFO - Processing file /home/hugoviana/Projetos/crypto-etl/.venv/lib/python3.12/site-packages/airflow/example_dags/example_display_name.py for tasks to queue
[2024-07-22T22:37:37.816-0300] {logging_mixin.py:188} INFO - [2024-07-22T22:37:37.816-0300] {dagbag.py:545} INFO - Filling up the DagBag from /home/hugoviana/Projetos/crypto-etl/.venv/lib/python3.12/site-packages/airflow/example_dags/example_display_name.py
[2024-07-22T22:37:37.821-0300] {processor.py:840} INFO - DAG(s) 'example_display_name' retrieved from /home/hugoviana/Projetos/crypto-etl/.venv/lib/python3.12/site-packages/airflow/example_dags/example_display_name.py
[2024-07-22T22:37:37.830-0300] {logging_mixin.py:188} INFO - [2024-07-22T22:37:37.830-0300] {dag.py:3089} INFO - Sync 1 DAGs
[2024-07-22T22:37:37.837-0300] {logging_mixin.py:188} INFO - [2024-07-22T22:37:37.837-0300] {dag.py:3947} INFO - Setting next_dagrun for example_display_name to None, run_after=None
[2024-07-22T22:37:37.856-0300] {processor.py:183} INFO - Processing /home/hugoviana/Projetos/crypto-etl/.venv/lib/python3.12/site-packages/airflow/example_dags/example_display_name.py took 0.051 seconds
[2024-07-22T22:38:27.988-0300] {processor.py:161} INFO - Started process (PID=1051916) to work on /home/hugoviana/Projetos/crypto-etl/.venv/lib/python3.12/site-packages/airflow/example_dags/example_display_name.py
[2024-07-22T22:38:27.994-0300] {processor.py:830} INFO - Processing file /home/hugoviana/Projetos/crypto-etl/.venv/lib/python3.12/site-packages/airflow/example_dags/example_display_name.py for tasks to queue
[2024-07-22T22:38:27.996-0300] {logging_mixin.py:188} INFO - [2024-07-22T22:38:27.995-0300] {dagbag.py:545} INFO - Filling up the DagBag from /home/hugoviana/Projetos/crypto-etl/.venv/lib/python3.12/site-packages/airflow/example_dags/example_display_name.py
[2024-07-22T22:38:27.999-0300] {processor.py:840} INFO - DAG(s) 'example_display_name' retrieved from /home/hugoviana/Projetos/crypto-etl/.venv/lib/python3.12/site-packages/airflow/example_dags/example_display_name.py
[2024-07-22T22:38:28.009-0300] {logging_mixin.py:188} INFO - [2024-07-22T22:38:28.008-0300] {dag.py:3089} INFO - Sync 1 DAGs
[2024-07-22T22:38:28.016-0300] {logging_mixin.py:188} INFO - [2024-07-22T22:38:28.016-0300] {dag.py:3947} INFO - Setting next_dagrun for example_display_name to None, run_after=None
[2024-07-22T22:38:28.033-0300] {processor.py:183} INFO - Processing /home/hugoviana/Projetos/crypto-etl/.venv/lib/python3.12/site-packages/airflow/example_dags/example_display_name.py took 0.049 seconds
