[2024-07-22T22:36:20.759-0300] {processor.py:161} INFO - Started process (PID=1050389) to work on /home/hugoviana/Projetos/crypto-etl/.venv/lib/python3.12/site-packages/airflow/example_dags/example_python_decorator.py
[2024-07-22T22:36:20.760-0300] {processor.py:830} INFO - Processing file /home/hugoviana/Projetos/crypto-etl/.venv/lib/python3.12/site-packages/airflow/example_dags/example_python_decorator.py for tasks to queue
[2024-07-22T22:36:20.761-0300] {logging_mixin.py:188} INFO - [2024-07-22T22:36:20.761-0300] {dagbag.py:545} INFO - Filling up the DagBag from /home/hugoviana/Projetos/crypto-etl/.venv/lib/python3.12/site-packages/airflow/example_dags/example_python_decorator.py
[2024-07-22T22:36:20.780-0300] {logging_mixin.py:188} INFO - [2024-07-22T22:36:20.779-0300] {example_python_decorator.py:80} WARNING - The virtalenv_python example task requires virtualenv, please install it.
[2024-07-22T22:36:20.783-0300] {processor.py:840} INFO - DAG(s) 'example_python_decorator' retrieved from /home/hugoviana/Projetos/crypto-etl/.venv/lib/python3.12/site-packages/airflow/example_dags/example_python_decorator.py
[2024-07-22T22:36:20.858-0300] {logging_mixin.py:188} INFO - [2024-07-22T22:36:20.858-0300] {override.py:1858} INFO - Created Permission View: can edit on DAG:example_python_decorator
[2024-07-22T22:36:20.871-0300] {logging_mixin.py:188} INFO - [2024-07-22T22:36:20.871-0300] {override.py:1858} INFO - Created Permission View: can delete on DAG:example_python_decorator
[2024-07-22T22:36:20.883-0300] {logging_mixin.py:188} INFO - [2024-07-22T22:36:20.883-0300] {override.py:1858} INFO - Created Permission View: can read on DAG:example_python_decorator
[2024-07-22T22:36:20.884-0300] {logging_mixin.py:188} INFO - [2024-07-22T22:36:20.884-0300] {dag.py:3089} INFO - Sync 1 DAGs
[2024-07-22T22:36:20.891-0300] {logging_mixin.py:188} INFO - [2024-07-22T22:36:20.891-0300] {dag.py:3111} INFO - Creating ORM DAG for example_python_decorator
[2024-07-22T22:36:20.892-0300] {logging_mixin.py:188} INFO - [2024-07-22T22:36:20.892-0300] {dag.py:3947} INFO - Setting next_dagrun for example_python_decorator to None, run_after=None
[2024-07-22T22:36:20.910-0300] {processor.py:183} INFO - Processing /home/hugoviana/Projetos/crypto-etl/.venv/lib/python3.12/site-packages/airflow/example_dags/example_python_decorator.py took 0.155 seconds
[2024-07-22T22:37:13.875-0300] {processor.py:161} INFO - Started process (PID=1051085) to work on /home/hugoviana/Projetos/crypto-etl/.venv/lib/python3.12/site-packages/airflow/example_dags/example_python_decorator.py
[2024-07-22T22:37:13.878-0300] {processor.py:830} INFO - Processing file /home/hugoviana/Projetos/crypto-etl/.venv/lib/python3.12/site-packages/airflow/example_dags/example_python_decorator.py for tasks to queue
[2024-07-22T22:37:13.879-0300] {logging_mixin.py:188} INFO - [2024-07-22T22:37:13.879-0300] {dagbag.py:545} INFO - Filling up the DagBag from /home/hugoviana/Projetos/crypto-etl/.venv/lib/python3.12/site-packages/airflow/example_dags/example_python_decorator.py
[2024-07-22T22:37:13.900-0300] {logging_mixin.py:188} INFO - [2024-07-22T22:37:13.900-0300] {example_python_decorator.py:80} WARNING - The virtalenv_python example task requires virtualenv, please install it.
[2024-07-22T22:37:13.901-0300] {processor.py:840} INFO - DAG(s) 'example_python_decorator' retrieved from /home/hugoviana/Projetos/crypto-etl/.venv/lib/python3.12/site-packages/airflow/example_dags/example_python_decorator.py
[2024-07-22T22:37:13.914-0300] {logging_mixin.py:188} INFO - [2024-07-22T22:37:13.913-0300] {dag.py:3089} INFO - Sync 1 DAGs
[2024-07-22T22:37:13.921-0300] {logging_mixin.py:188} INFO - [2024-07-22T22:37:13.921-0300] {dag.py:3947} INFO - Setting next_dagrun for example_python_decorator to None, run_after=None
[2024-07-22T22:37:13.937-0300] {processor.py:183} INFO - Processing /home/hugoviana/Projetos/crypto-etl/.venv/lib/python3.12/site-packages/airflow/example_dags/example_python_decorator.py took 0.066 seconds
[2024-07-22T22:37:56.661-0300] {processor.py:161} INFO - Started process (PID=1051552) to work on /home/hugoviana/Projetos/crypto-etl/.venv/lib/python3.12/site-packages/airflow/example_dags/example_python_decorator.py
[2024-07-22T22:37:56.666-0300] {processor.py:830} INFO - Processing file /home/hugoviana/Projetos/crypto-etl/.venv/lib/python3.12/site-packages/airflow/example_dags/example_python_decorator.py for tasks to queue
[2024-07-22T22:37:56.667-0300] {logging_mixin.py:188} INFO - [2024-07-22T22:37:56.667-0300] {dagbag.py:545} INFO - Filling up the DagBag from /home/hugoviana/Projetos/crypto-etl/.venv/lib/python3.12/site-packages/airflow/example_dags/example_python_decorator.py
[2024-07-22T22:37:56.688-0300] {logging_mixin.py:188} INFO - [2024-07-22T22:37:56.688-0300] {example_python_decorator.py:80} WARNING - The virtalenv_python example task requires virtualenv, please install it.
[2024-07-22T22:37:56.688-0300] {processor.py:840} INFO - DAG(s) 'example_python_decorator' retrieved from /home/hugoviana/Projetos/crypto-etl/.venv/lib/python3.12/site-packages/airflow/example_dags/example_python_decorator.py
[2024-07-22T22:37:56.698-0300] {logging_mixin.py:188} INFO - [2024-07-22T22:37:56.698-0300] {dag.py:3089} INFO - Sync 1 DAGs
[2024-07-22T22:37:56.704-0300] {logging_mixin.py:188} INFO - [2024-07-22T22:37:56.704-0300] {dag.py:3947} INFO - Setting next_dagrun for example_python_decorator to None, run_after=None
[2024-07-22T22:37:56.720-0300] {processor.py:183} INFO - Processing /home/hugoviana/Projetos/crypto-etl/.venv/lib/python3.12/site-packages/airflow/example_dags/example_python_decorator.py took 0.062 seconds
[2024-07-22T22:38:39.390-0300] {processor.py:161} INFO - Started process (PID=1052026) to work on /home/hugoviana/Projetos/crypto-etl/.venv/lib/python3.12/site-packages/airflow/example_dags/example_python_decorator.py
[2024-07-22T22:38:39.396-0300] {processor.py:830} INFO - Processing file /home/hugoviana/Projetos/crypto-etl/.venv/lib/python3.12/site-packages/airflow/example_dags/example_python_decorator.py for tasks to queue
[2024-07-22T22:38:39.397-0300] {logging_mixin.py:188} INFO - [2024-07-22T22:38:39.397-0300] {dagbag.py:545} INFO - Filling up the DagBag from /home/hugoviana/Projetos/crypto-etl/.venv/lib/python3.12/site-packages/airflow/example_dags/example_python_decorator.py
[2024-07-22T22:38:39.417-0300] {logging_mixin.py:188} INFO - [2024-07-22T22:38:39.417-0300] {example_python_decorator.py:80} WARNING - The virtalenv_python example task requires virtualenv, please install it.
[2024-07-22T22:38:39.417-0300] {processor.py:840} INFO - DAG(s) 'example_python_decorator' retrieved from /home/hugoviana/Projetos/crypto-etl/.venv/lib/python3.12/site-packages/airflow/example_dags/example_python_decorator.py
[2024-07-22T22:38:39.429-0300] {logging_mixin.py:188} INFO - [2024-07-22T22:38:39.429-0300] {dag.py:3089} INFO - Sync 1 DAGs
[2024-07-22T22:38:39.436-0300] {logging_mixin.py:188} INFO - [2024-07-22T22:38:39.436-0300] {dag.py:3947} INFO - Setting next_dagrun for example_python_decorator to None, run_after=None
[2024-07-22T22:38:39.454-0300] {processor.py:183} INFO - Processing /home/hugoviana/Projetos/crypto-etl/.venv/lib/python3.12/site-packages/airflow/example_dags/example_python_decorator.py took 0.067 seconds
[2024-07-22T22:39:21.145-0300] {processor.py:161} INFO - Started process (PID=1052706) to work on /home/hugoviana/Projetos/crypto-etl/.venv/lib/python3.12/site-packages/airflow/example_dags/example_python_decorator.py
[2024-07-22T22:39:21.151-0300] {processor.py:830} INFO - Processing file /home/hugoviana/Projetos/crypto-etl/.venv/lib/python3.12/site-packages/airflow/example_dags/example_python_decorator.py for tasks to queue
[2024-07-22T22:39:21.152-0300] {logging_mixin.py:188} INFO - [2024-07-22T22:39:21.152-0300] {dagbag.py:545} INFO - Filling up the DagBag from /home/hugoviana/Projetos/crypto-etl/.venv/lib/python3.12/site-packages/airflow/example_dags/example_python_decorator.py
[2024-07-22T22:39:21.176-0300] {logging_mixin.py:188} INFO - [2024-07-22T22:39:21.175-0300] {example_python_decorator.py:80} WARNING - The virtalenv_python example task requires virtualenv, please install it.
[2024-07-22T22:39:21.176-0300] {processor.py:840} INFO - DAG(s) 'example_python_decorator' retrieved from /home/hugoviana/Projetos/crypto-etl/.venv/lib/python3.12/site-packages/airflow/example_dags/example_python_decorator.py
[2024-07-22T22:39:21.188-0300] {logging_mixin.py:188} INFO - [2024-07-22T22:39:21.187-0300] {dag.py:3089} INFO - Sync 1 DAGs
[2024-07-22T22:39:21.194-0300] {logging_mixin.py:188} INFO - [2024-07-22T22:39:21.194-0300] {dag.py:3947} INFO - Setting next_dagrun for example_python_decorator to None, run_after=None
[2024-07-22T22:39:21.211-0300] {processor.py:183} INFO - Processing /home/hugoviana/Projetos/crypto-etl/.venv/lib/python3.12/site-packages/airflow/example_dags/example_python_decorator.py took 0.070 seconds
