[2024-07-22T22:36:18.035-0300] {processor.py:161} INFO - Started process (PID=1050302) to work on /home/hugoviana/Projetos/crypto-etl/.venv/lib/python3.12/site-packages/airflow/example_dags/example_params_ui_tutorial.py
[2024-07-22T22:36:18.035-0300] {processor.py:830} INFO - Processing file /home/hugoviana/Projetos/crypto-etl/.venv/lib/python3.12/site-packages/airflow/example_dags/example_params_ui_tutorial.py for tasks to queue
[2024-07-22T22:36:18.036-0300] {logging_mixin.py:188} INFO - [2024-07-22T22:36:18.036-0300] {dagbag.py:545} INFO - Filling up the DagBag from /home/hugoviana/Projetos/crypto-etl/.venv/lib/python3.12/site-packages/airflow/example_dags/example_params_ui_tutorial.py
[2024-07-22T22:36:18.041-0300] {processor.py:840} INFO - DAG(s) 'example_params_ui_tutorial' retrieved from /home/hugoviana/Projetos/crypto-etl/.venv/lib/python3.12/site-packages/airflow/example_dags/example_params_ui_tutorial.py
[2024-07-22T22:36:18.131-0300] {logging_mixin.py:188} INFO - [2024-07-22T22:36:18.130-0300] {override.py:1858} INFO - Created Permission View: can edit on DAG:example_params_ui_tutorial
[2024-07-22T22:36:18.141-0300] {logging_mixin.py:188} INFO - [2024-07-22T22:36:18.140-0300] {override.py:1858} INFO - Created Permission View: can delete on DAG:example_params_ui_tutorial
[2024-07-22T22:36:18.149-0300] {logging_mixin.py:188} INFO - [2024-07-22T22:36:18.149-0300] {override.py:1858} INFO - Created Permission View: can read on DAG:example_params_ui_tutorial
[2024-07-22T22:36:18.150-0300] {logging_mixin.py:188} INFO - [2024-07-22T22:36:18.149-0300] {dag.py:3089} INFO - Sync 1 DAGs
[2024-07-22T22:36:18.157-0300] {logging_mixin.py:188} INFO - [2024-07-22T22:36:18.156-0300] {dag.py:3111} INFO - Creating ORM DAG for example_params_ui_tutorial
[2024-07-22T22:36:18.157-0300] {logging_mixin.py:188} INFO - [2024-07-22T22:36:18.157-0300] {dag.py:3947} INFO - Setting next_dagrun for example_params_ui_tutorial to None, run_after=None
[2024-07-22T22:36:18.175-0300] {processor.py:183} INFO - Processing /home/hugoviana/Projetos/crypto-etl/.venv/lib/python3.12/site-packages/airflow/example_dags/example_params_ui_tutorial.py took 0.143 seconds
[2024-07-22T22:37:11.375-0300] {processor.py:161} INFO - Started process (PID=1050976) to work on /home/hugoviana/Projetos/crypto-etl/.venv/lib/python3.12/site-packages/airflow/example_dags/example_params_ui_tutorial.py
[2024-07-22T22:37:11.377-0300] {processor.py:830} INFO - Processing file /home/hugoviana/Projetos/crypto-etl/.venv/lib/python3.12/site-packages/airflow/example_dags/example_params_ui_tutorial.py for tasks to queue
[2024-07-22T22:37:11.378-0300] {logging_mixin.py:188} INFO - [2024-07-22T22:37:11.377-0300] {dagbag.py:545} INFO - Filling up the DagBag from /home/hugoviana/Projetos/crypto-etl/.venv/lib/python3.12/site-packages/airflow/example_dags/example_params_ui_tutorial.py
[2024-07-22T22:37:11.383-0300] {processor.py:840} INFO - DAG(s) 'example_params_ui_tutorial' retrieved from /home/hugoviana/Projetos/crypto-etl/.venv/lib/python3.12/site-packages/airflow/example_dags/example_params_ui_tutorial.py
[2024-07-22T22:37:11.407-0300] {logging_mixin.py:188} INFO - [2024-07-22T22:37:11.406-0300] {dag.py:3089} INFO - Sync 1 DAGs
[2024-07-22T22:37:11.414-0300] {logging_mixin.py:188} INFO - [2024-07-22T22:37:11.414-0300] {dag.py:3947} INFO - Setting next_dagrun for example_params_ui_tutorial to None, run_after=None
[2024-07-22T22:37:11.432-0300] {processor.py:183} INFO - Processing /home/hugoviana/Projetos/crypto-etl/.venv/lib/python3.12/site-packages/airflow/example_dags/example_params_ui_tutorial.py took 0.061 seconds
[2024-07-22T22:37:53.847-0300] {processor.py:161} INFO - Started process (PID=1051529) to work on /home/hugoviana/Projetos/crypto-etl/.venv/lib/python3.12/site-packages/airflow/example_dags/example_params_ui_tutorial.py
[2024-07-22T22:37:53.852-0300] {processor.py:830} INFO - Processing file /home/hugoviana/Projetos/crypto-etl/.venv/lib/python3.12/site-packages/airflow/example_dags/example_params_ui_tutorial.py for tasks to queue
[2024-07-22T22:37:53.853-0300] {logging_mixin.py:188} INFO - [2024-07-22T22:37:53.853-0300] {dagbag.py:545} INFO - Filling up the DagBag from /home/hugoviana/Projetos/crypto-etl/.venv/lib/python3.12/site-packages/airflow/example_dags/example_params_ui_tutorial.py
[2024-07-22T22:37:53.858-0300] {processor.py:840} INFO - DAG(s) 'example_params_ui_tutorial' retrieved from /home/hugoviana/Projetos/crypto-etl/.venv/lib/python3.12/site-packages/airflow/example_dags/example_params_ui_tutorial.py
[2024-07-22T22:37:53.878-0300] {logging_mixin.py:188} INFO - [2024-07-22T22:37:53.878-0300] {dag.py:3089} INFO - Sync 1 DAGs
[2024-07-22T22:37:53.885-0300] {logging_mixin.py:188} INFO - [2024-07-22T22:37:53.885-0300] {dag.py:3947} INFO - Setting next_dagrun for example_params_ui_tutorial to None, run_after=None
[2024-07-22T22:37:53.902-0300] {processor.py:183} INFO - Processing /home/hugoviana/Projetos/crypto-etl/.venv/lib/python3.12/site-packages/airflow/example_dags/example_params_ui_tutorial.py took 0.059 seconds
[2024-07-22T22:38:36.005-0300] {processor.py:161} INFO - Started process (PID=1051991) to work on /home/hugoviana/Projetos/crypto-etl/.venv/lib/python3.12/site-packages/airflow/example_dags/example_params_ui_tutorial.py
[2024-07-22T22:38:36.006-0300] {processor.py:830} INFO - Processing file /home/hugoviana/Projetos/crypto-etl/.venv/lib/python3.12/site-packages/airflow/example_dags/example_params_ui_tutorial.py for tasks to queue
[2024-07-22T22:38:36.007-0300] {logging_mixin.py:188} INFO - [2024-07-22T22:38:36.007-0300] {dagbag.py:545} INFO - Filling up the DagBag from /home/hugoviana/Projetos/crypto-etl/.venv/lib/python3.12/site-packages/airflow/example_dags/example_params_ui_tutorial.py
[2024-07-22T22:38:36.011-0300] {processor.py:840} INFO - DAG(s) 'example_params_ui_tutorial' retrieved from /home/hugoviana/Projetos/crypto-etl/.venv/lib/python3.12/site-packages/airflow/example_dags/example_params_ui_tutorial.py
[2024-07-22T22:38:36.040-0300] {logging_mixin.py:188} INFO - [2024-07-22T22:38:36.040-0300] {dag.py:3089} INFO - Sync 1 DAGs
[2024-07-22T22:38:36.049-0300] {logging_mixin.py:188} INFO - [2024-07-22T22:38:36.049-0300] {dag.py:3947} INFO - Setting next_dagrun for example_params_ui_tutorial to None, run_after=None
[2024-07-22T22:38:36.068-0300] {processor.py:183} INFO - Processing /home/hugoviana/Projetos/crypto-etl/.venv/lib/python3.12/site-packages/airflow/example_dags/example_params_ui_tutorial.py took 0.067 seconds
[2024-07-22T22:39:18.268-0300] {processor.py:161} INFO - Started process (PID=1052678) to work on /home/hugoviana/Projetos/crypto-etl/.venv/lib/python3.12/site-packages/airflow/example_dags/example_params_ui_tutorial.py
[2024-07-22T22:39:18.270-0300] {processor.py:830} INFO - Processing file /home/hugoviana/Projetos/crypto-etl/.venv/lib/python3.12/site-packages/airflow/example_dags/example_params_ui_tutorial.py for tasks to queue
[2024-07-22T22:39:18.271-0300] {logging_mixin.py:188} INFO - [2024-07-22T22:39:18.270-0300] {dagbag.py:545} INFO - Filling up the DagBag from /home/hugoviana/Projetos/crypto-etl/.venv/lib/python3.12/site-packages/airflow/example_dags/example_params_ui_tutorial.py
[2024-07-22T22:39:18.276-0300] {processor.py:840} INFO - DAG(s) 'example_params_ui_tutorial' retrieved from /home/hugoviana/Projetos/crypto-etl/.venv/lib/python3.12/site-packages/airflow/example_dags/example_params_ui_tutorial.py
[2024-07-22T22:39:18.299-0300] {logging_mixin.py:188} INFO - [2024-07-22T22:39:18.298-0300] {dag.py:3089} INFO - Sync 1 DAGs
[2024-07-22T22:39:18.306-0300] {logging_mixin.py:188} INFO - [2024-07-22T22:39:18.305-0300] {dag.py:3947} INFO - Setting next_dagrun for example_params_ui_tutorial to None, run_after=None
[2024-07-22T22:39:18.323-0300] {processor.py:183} INFO - Processing /home/hugoviana/Projetos/crypto-etl/.venv/lib/python3.12/site-packages/airflow/example_dags/example_params_ui_tutorial.py took 0.059 seconds
