[2024-07-22T22:36:39.975-0300] {processor.py:161} INFO - Started process (PID=1050649) to work on /home/hugoviana/Projetos/crypto-etl/.venv/lib/python3.12/site-packages/airflow/example_dags/example_latest_only.py
[2024-07-22T22:36:39.976-0300] {processor.py:830} INFO - Processing file /home/hugoviana/Projetos/crypto-etl/.venv/lib/python3.12/site-packages/airflow/example_dags/example_latest_only.py for tasks to queue
[2024-07-22T22:36:39.977-0300] {logging_mixin.py:188} INFO - [2024-07-22T22:36:39.977-0300] {dagbag.py:545} INFO - Filling up the DagBag from /home/hugoviana/Projetos/crypto-etl/.venv/lib/python3.12/site-packages/airflow/example_dags/example_latest_only.py
[2024-07-22T22:36:39.980-0300] {processor.py:840} INFO - DAG(s) 'latest_only' retrieved from /home/hugoviana/Projetos/crypto-etl/.venv/lib/python3.12/site-packages/airflow/example_dags/example_latest_only.py
[2024-07-22T22:36:40.045-0300] {logging_mixin.py:188} INFO - [2024-07-22T22:36:40.045-0300] {override.py:1858} INFO - Created Permission View: can edit on DAG:latest_only
[2024-07-22T22:36:40.057-0300] {logging_mixin.py:188} INFO - [2024-07-22T22:36:40.056-0300] {override.py:1858} INFO - Created Permission View: can delete on DAG:latest_only
[2024-07-22T22:36:40.065-0300] {logging_mixin.py:188} INFO - [2024-07-22T22:36:40.064-0300] {override.py:1858} INFO - Created Permission View: can read on DAG:latest_only
[2024-07-22T22:36:40.065-0300] {logging_mixin.py:188} INFO - [2024-07-22T22:36:40.065-0300] {dag.py:3089} INFO - Sync 1 DAGs
[2024-07-22T22:36:40.071-0300] {logging_mixin.py:188} INFO - [2024-07-22T22:36:40.071-0300] {dag.py:3111} INFO - Creating ORM DAG for latest_only
[2024-07-22T22:36:40.076-0300] {logging_mixin.py:188} INFO - [2024-07-22T22:36:40.076-0300] {dag.py:3947} INFO - Setting next_dagrun for latest_only to 2024-07-22 20:00:00+00:00, run_after=2024-07-23 00:00:00+00:00
[2024-07-22T22:36:40.095-0300] {processor.py:183} INFO - Processing /home/hugoviana/Projetos/crypto-etl/.venv/lib/python3.12/site-packages/airflow/example_dags/example_latest_only.py took 0.123 seconds
[2024-07-22T22:37:31.538-0300] {processor.py:161} INFO - Started process (PID=1051216) to work on /home/hugoviana/Projetos/crypto-etl/.venv/lib/python3.12/site-packages/airflow/example_dags/example_latest_only.py
[2024-07-22T22:37:31.543-0300] {processor.py:830} INFO - Processing file /home/hugoviana/Projetos/crypto-etl/.venv/lib/python3.12/site-packages/airflow/example_dags/example_latest_only.py for tasks to queue
[2024-07-22T22:37:31.545-0300] {logging_mixin.py:188} INFO - [2024-07-22T22:37:31.544-0300] {dagbag.py:545} INFO - Filling up the DagBag from /home/hugoviana/Projetos/crypto-etl/.venv/lib/python3.12/site-packages/airflow/example_dags/example_latest_only.py
[2024-07-22T22:37:31.548-0300] {processor.py:840} INFO - DAG(s) 'latest_only' retrieved from /home/hugoviana/Projetos/crypto-etl/.venv/lib/python3.12/site-packages/airflow/example_dags/example_latest_only.py
[2024-07-22T22:37:31.562-0300] {logging_mixin.py:188} INFO - [2024-07-22T22:37:31.562-0300] {dag.py:3089} INFO - Sync 1 DAGs
[2024-07-22T22:37:31.575-0300] {logging_mixin.py:188} INFO - [2024-07-22T22:37:31.575-0300] {dag.py:3947} INFO - Setting next_dagrun for latest_only to 2024-07-22 20:00:00+00:00, run_after=2024-07-23 00:00:00+00:00
[2024-07-22T22:37:31.593-0300] {processor.py:183} INFO - Processing /home/hugoviana/Projetos/crypto-etl/.venv/lib/python3.12/site-packages/airflow/example_dags/example_latest_only.py took 0.059 seconds
[2024-07-22T22:38:20.597-0300] {processor.py:161} INFO - Started process (PID=1051837) to work on /home/hugoviana/Projetos/crypto-etl/.venv/lib/python3.12/site-packages/airflow/example_dags/example_latest_only.py
[2024-07-22T22:38:20.598-0300] {processor.py:830} INFO - Processing file /home/hugoviana/Projetos/crypto-etl/.venv/lib/python3.12/site-packages/airflow/example_dags/example_latest_only.py for tasks to queue
[2024-07-22T22:38:20.599-0300] {logging_mixin.py:188} INFO - [2024-07-22T22:38:20.599-0300] {dagbag.py:545} INFO - Filling up the DagBag from /home/hugoviana/Projetos/crypto-etl/.venv/lib/python3.12/site-packages/airflow/example_dags/example_latest_only.py
[2024-07-22T22:38:20.602-0300] {processor.py:840} INFO - DAG(s) 'latest_only' retrieved from /home/hugoviana/Projetos/crypto-etl/.venv/lib/python3.12/site-packages/airflow/example_dags/example_latest_only.py
[2024-07-22T22:38:20.612-0300] {logging_mixin.py:188} INFO - [2024-07-22T22:38:20.612-0300] {dag.py:3089} INFO - Sync 1 DAGs
[2024-07-22T22:38:20.623-0300] {logging_mixin.py:188} INFO - [2024-07-22T22:38:20.622-0300] {dag.py:3947} INFO - Setting next_dagrun for latest_only to 2024-07-22 20:00:00+00:00, run_after=2024-07-23 00:00:00+00:00
[2024-07-22T22:38:20.638-0300] {processor.py:183} INFO - Processing /home/hugoviana/Projetos/crypto-etl/.venv/lib/python3.12/site-packages/airflow/example_dags/example_latest_only.py took 0.044 seconds
[2024-07-22T22:39:05.356-0300] {processor.py:161} INFO - Started process (PID=1052376) to work on /home/hugoviana/Projetos/crypto-etl/.venv/lib/python3.12/site-packages/airflow/example_dags/example_latest_only.py
[2024-07-22T22:39:05.361-0300] {processor.py:830} INFO - Processing file /home/hugoviana/Projetos/crypto-etl/.venv/lib/python3.12/site-packages/airflow/example_dags/example_latest_only.py for tasks to queue
[2024-07-22T22:39:05.363-0300] {logging_mixin.py:188} INFO - [2024-07-22T22:39:05.362-0300] {dagbag.py:545} INFO - Filling up the DagBag from /home/hugoviana/Projetos/crypto-etl/.venv/lib/python3.12/site-packages/airflow/example_dags/example_latest_only.py
[2024-07-22T22:39:05.366-0300] {processor.py:840} INFO - DAG(s) 'latest_only' retrieved from /home/hugoviana/Projetos/crypto-etl/.venv/lib/python3.12/site-packages/airflow/example_dags/example_latest_only.py
[2024-07-22T22:39:05.379-0300] {logging_mixin.py:188} INFO - [2024-07-22T22:39:05.378-0300] {dag.py:3089} INFO - Sync 1 DAGs
[2024-07-22T22:39:05.392-0300] {logging_mixin.py:188} INFO - [2024-07-22T22:39:05.391-0300] {dag.py:3947} INFO - Setting next_dagrun for latest_only to 2024-07-22 20:00:00+00:00, run_after=2024-07-23 00:00:00+00:00
[2024-07-22T22:39:05.408-0300] {processor.py:183} INFO - Processing /home/hugoviana/Projetos/crypto-etl/.venv/lib/python3.12/site-packages/airflow/example_dags/example_latest_only.py took 0.056 seconds
