[2024-07-22T22:36:58.471-0300] {processor.py:161} INFO - Started process (PID=1050782) to work on /home/hugoviana/Projetos/crypto-etl/.venv/lib/python3.12/site-packages/airflow/example_dags/example_dag_decorator.py
[2024-07-22T22:36:58.471-0300] {processor.py:830} INFO - Processing file /home/hugoviana/Projetos/crypto-etl/.venv/lib/python3.12/site-packages/airflow/example_dags/example_dag_decorator.py for tasks to queue
[2024-07-22T22:36:58.472-0300] {logging_mixin.py:188} INFO - [2024-07-22T22:36:58.472-0300] {dagbag.py:545} INFO - Filling up the DagBag from /home/hugoviana/Projetos/crypto-etl/.venv/lib/python3.12/site-packages/airflow/example_dags/example_dag_decorator.py
[2024-07-22T22:36:58.523-0300] {processor.py:840} INFO - DAG(s) 'example_dag_decorator' retrieved from /home/hugoviana/Projetos/crypto-etl/.venv/lib/python3.12/site-packages/airflow/example_dags/example_dag_decorator.py
[2024-07-22T22:36:58.604-0300] {logging_mixin.py:188} INFO - [2024-07-22T22:36:58.603-0300] {override.py:1858} INFO - Created Permission View: can edit on DAG:example_dag_decorator
[2024-07-22T22:36:58.617-0300] {logging_mixin.py:188} INFO - [2024-07-22T22:36:58.617-0300] {override.py:1858} INFO - Created Permission View: can delete on DAG:example_dag_decorator
[2024-07-22T22:36:58.626-0300] {logging_mixin.py:188} INFO - [2024-07-22T22:36:58.626-0300] {override.py:1858} INFO - Created Permission View: can read on DAG:example_dag_decorator
[2024-07-22T22:36:58.626-0300] {logging_mixin.py:188} INFO - [2024-07-22T22:36:58.626-0300] {dag.py:3089} INFO - Sync 1 DAGs
[2024-07-22T22:36:58.638-0300] {logging_mixin.py:188} INFO - [2024-07-22T22:36:58.638-0300] {dag.py:3111} INFO - Creating ORM DAG for example_dag_decorator
[2024-07-22T22:36:58.639-0300] {logging_mixin.py:188} INFO - [2024-07-22T22:36:58.639-0300] {dag.py:3947} INFO - Setting next_dagrun for example_dag_decorator to None, run_after=None
[2024-07-22T22:36:58.660-0300] {processor.py:183} INFO - Processing /home/hugoviana/Projetos/crypto-etl/.venv/lib/python3.12/site-packages/airflow/example_dags/example_dag_decorator.py took 0.193 seconds
[2024-07-22T22:38:02.224-0300] {processor.py:161} INFO - Started process (PID=1051591) to work on /home/hugoviana/Projetos/crypto-etl/.venv/lib/python3.12/site-packages/airflow/example_dags/example_dag_decorator.py
[2024-07-22T22:38:02.229-0300] {processor.py:830} INFO - Processing file /home/hugoviana/Projetos/crypto-etl/.venv/lib/python3.12/site-packages/airflow/example_dags/example_dag_decorator.py for tasks to queue
[2024-07-22T22:38:02.230-0300] {logging_mixin.py:188} INFO - [2024-07-22T22:38:02.230-0300] {dagbag.py:545} INFO - Filling up the DagBag from /home/hugoviana/Projetos/crypto-etl/.venv/lib/python3.12/site-packages/airflow/example_dags/example_dag_decorator.py
[2024-07-22T22:38:02.291-0300] {processor.py:840} INFO - DAG(s) 'example_dag_decorator' retrieved from /home/hugoviana/Projetos/crypto-etl/.venv/lib/python3.12/site-packages/airflow/example_dags/example_dag_decorator.py
[2024-07-22T22:38:02.351-0300] {logging_mixin.py:188} INFO - [2024-07-22T22:38:02.351-0300] {dag.py:3089} INFO - Sync 1 DAGs
[2024-07-22T22:38:02.357-0300] {logging_mixin.py:188} INFO - [2024-07-22T22:38:02.357-0300] {dag.py:3947} INFO - Setting next_dagrun for example_dag_decorator to None, run_after=None
[2024-07-22T22:38:02.374-0300] {processor.py:183} INFO - Processing /home/hugoviana/Projetos/crypto-etl/.venv/lib/python3.12/site-packages/airflow/example_dags/example_dag_decorator.py took 0.155 seconds
[2024-07-22T22:39:05.635-0300] {processor.py:161} INFO - Started process (PID=1052377) to work on /home/hugoviana/Projetos/crypto-etl/.venv/lib/python3.12/site-packages/airflow/example_dags/example_dag_decorator.py
[2024-07-22T22:39:05.640-0300] {processor.py:830} INFO - Processing file /home/hugoviana/Projetos/crypto-etl/.venv/lib/python3.12/site-packages/airflow/example_dags/example_dag_decorator.py for tasks to queue
[2024-07-22T22:39:05.641-0300] {logging_mixin.py:188} INFO - [2024-07-22T22:39:05.641-0300] {dagbag.py:545} INFO - Filling up the DagBag from /home/hugoviana/Projetos/crypto-etl/.venv/lib/python3.12/site-packages/airflow/example_dags/example_dag_decorator.py
[2024-07-22T22:39:05.697-0300] {processor.py:840} INFO - DAG(s) 'example_dag_decorator' retrieved from /home/hugoviana/Projetos/crypto-etl/.venv/lib/python3.12/site-packages/airflow/example_dags/example_dag_decorator.py
[2024-07-22T22:39:05.759-0300] {logging_mixin.py:188} INFO - [2024-07-22T22:39:05.758-0300] {dag.py:3089} INFO - Sync 1 DAGs
[2024-07-22T22:39:05.764-0300] {logging_mixin.py:188} INFO - [2024-07-22T22:39:05.764-0300] {dag.py:3947} INFO - Setting next_dagrun for example_dag_decorator to None, run_after=None
[2024-07-22T22:39:05.783-0300] {processor.py:183} INFO - Processing /home/hugoviana/Projetos/crypto-etl/.venv/lib/python3.12/site-packages/airflow/example_dags/example_dag_decorator.py took 0.151 seconds
