[2024-07-22T22:36:36.074-0300] {processor.py:161} INFO - Started process (PID=1050624) to work on /home/hugoviana/Projetos/crypto-etl/.venv/lib/python3.12/site-packages/airflow/example_dags/example_subdag_operator.py
[2024-07-22T22:36:36.074-0300] {processor.py:830} INFO - Processing file /home/hugoviana/Projetos/crypto-etl/.venv/lib/python3.12/site-packages/airflow/example_dags/example_subdag_operator.py for tasks to queue
[2024-07-22T22:36:36.075-0300] {logging_mixin.py:188} INFO - [2024-07-22T22:36:36.075-0300] {dagbag.py:545} INFO - Filling up the DagBag from /home/hugoviana/Projetos/crypto-etl/.venv/lib/python3.12/site-packages/airflow/example_dags/example_subdag_operator.py
[2024-07-22T22:36:36.090-0300] {processor.py:840} INFO - DAG(s) 'example_subdag_operator.section-1', 'example_subdag_operator.section-2', 'example_subdag_operator' retrieved from /home/hugoviana/Projetos/crypto-etl/.venv/lib/python3.12/site-packages/airflow/example_dags/example_subdag_operator.py
[2024-07-22T22:36:36.160-0300] {logging_mixin.py:188} INFO - [2024-07-22T22:36:36.160-0300] {override.py:1858} INFO - Created Permission View: can edit on DAG:example_subdag_operator
[2024-07-22T22:36:36.170-0300] {logging_mixin.py:188} INFO - [2024-07-22T22:36:36.170-0300] {override.py:1858} INFO - Created Permission View: can delete on DAG:example_subdag_operator
[2024-07-22T22:36:36.177-0300] {logging_mixin.py:188} INFO - [2024-07-22T22:36:36.177-0300] {override.py:1858} INFO - Created Permission View: can read on DAG:example_subdag_operator
[2024-07-22T22:36:36.177-0300] {logging_mixin.py:188} INFO - [2024-07-22T22:36:36.177-0300] {dag.py:3089} INFO - Sync 3 DAGs
[2024-07-22T22:36:36.183-0300] {logging_mixin.py:188} INFO - [2024-07-22T22:36:36.183-0300] {dag.py:3111} INFO - Creating ORM DAG for example_subdag_operator
[2024-07-22T22:36:36.183-0300] {logging_mixin.py:188} INFO - [2024-07-22T22:36:36.183-0300] {dag.py:3111} INFO - Creating ORM DAG for example_subdag_operator.section-1
[2024-07-22T22:36:36.183-0300] {logging_mixin.py:188} INFO - [2024-07-22T22:36:36.183-0300] {dag.py:3111} INFO - Creating ORM DAG for example_subdag_operator.section-2
[2024-07-22T22:36:36.188-0300] {logging_mixin.py:188} INFO - [2024-07-22T22:36:36.187-0300] {dag.py:3947} INFO - Setting next_dagrun for example_subdag_operator to 2022-01-01 00:00:00+00:00, run_after=2022-01-01 00:00:00+00:00
[2024-07-22T22:36:36.188-0300] {logging_mixin.py:188} INFO - [2024-07-22T22:36:36.188-0300] {dag.py:3947} INFO - Setting next_dagrun for example_subdag_operator.section-1 to None, run_after=None
[2024-07-22T22:36:36.188-0300] {logging_mixin.py:188} INFO - [2024-07-22T22:36:36.188-0300] {dag.py:3947} INFO - Setting next_dagrun for example_subdag_operator.section-2 to None, run_after=None
[2024-07-22T22:36:36.191-0300] {logging_mixin.py:188} INFO - [2024-07-22T22:36:36.191-0300] {dag.py:3089} INFO - Sync 2 DAGs
[2024-07-22T22:36:36.194-0300] {logging_mixin.py:188} INFO - [2024-07-22T22:36:36.194-0300] {dag.py:3947} INFO - Setting next_dagrun for example_subdag_operator.section-1 to None, run_after=None
[2024-07-22T22:36:36.195-0300] {logging_mixin.py:188} INFO - [2024-07-22T22:36:36.195-0300] {dag.py:3947} INFO - Setting next_dagrun for example_subdag_operator.section-2 to None, run_after=None
[2024-07-22T22:36:36.210-0300] {processor.py:183} INFO - Processing /home/hugoviana/Projetos/crypto-etl/.venv/lib/python3.12/site-packages/airflow/example_dags/example_subdag_operator.py took 0.142 seconds
[2024-07-22T22:37:27.530-0300] {processor.py:161} INFO - Started process (PID=1051185) to work on /home/hugoviana/Projetos/crypto-etl/.venv/lib/python3.12/site-packages/airflow/example_dags/example_subdag_operator.py
[2024-07-22T22:37:27.532-0300] {processor.py:830} INFO - Processing file /home/hugoviana/Projetos/crypto-etl/.venv/lib/python3.12/site-packages/airflow/example_dags/example_subdag_operator.py for tasks to queue
[2024-07-22T22:37:27.533-0300] {logging_mixin.py:188} INFO - [2024-07-22T22:37:27.532-0300] {dagbag.py:545} INFO - Filling up the DagBag from /home/hugoviana/Projetos/crypto-etl/.venv/lib/python3.12/site-packages/airflow/example_dags/example_subdag_operator.py
[2024-07-22T22:37:27.545-0300] {processor.py:840} INFO - DAG(s) 'example_subdag_operator.section-1', 'example_subdag_operator.section-2', 'example_subdag_operator' retrieved from /home/hugoviana/Projetos/crypto-etl/.venv/lib/python3.12/site-packages/airflow/example_dags/example_subdag_operator.py
[2024-07-22T22:37:27.553-0300] {logging_mixin.py:188} INFO - [2024-07-22T22:37:27.553-0300] {dag.py:3089} INFO - Sync 3 DAGs
[2024-07-22T22:37:27.564-0300] {logging_mixin.py:188} INFO - [2024-07-22T22:37:27.563-0300] {dag.py:3947} INFO - Setting next_dagrun for example_subdag_operator to 2022-01-01 00:00:00+00:00, run_after=2022-01-01 00:00:00+00:00
[2024-07-22T22:37:27.565-0300] {logging_mixin.py:188} INFO - [2024-07-22T22:37:27.565-0300] {dag.py:3947} INFO - Setting next_dagrun for example_subdag_operator.section-1 to None, run_after=None
[2024-07-22T22:37:27.566-0300] {logging_mixin.py:188} INFO - [2024-07-22T22:37:27.566-0300] {dag.py:3947} INFO - Setting next_dagrun for example_subdag_operator.section-2 to None, run_after=None
[2024-07-22T22:37:27.569-0300] {logging_mixin.py:188} INFO - [2024-07-22T22:37:27.569-0300] {dag.py:3089} INFO - Sync 2 DAGs
[2024-07-22T22:37:27.571-0300] {logging_mixin.py:188} INFO - [2024-07-22T22:37:27.571-0300] {dag.py:3947} INFO - Setting next_dagrun for example_subdag_operator.section-1 to None, run_after=None
[2024-07-22T22:37:27.571-0300] {logging_mixin.py:188} INFO - [2024-07-22T22:37:27.571-0300] {dag.py:3947} INFO - Setting next_dagrun for example_subdag_operator.section-2 to None, run_after=None
[2024-07-22T22:37:27.583-0300] {processor.py:183} INFO - Processing /home/hugoviana/Projetos/crypto-etl/.venv/lib/python3.12/site-packages/airflow/example_dags/example_subdag_operator.py took 0.056 seconds
[2024-07-22T22:38:16.596-0300] {processor.py:161} INFO - Started process (PID=1051798) to work on /home/hugoviana/Projetos/crypto-etl/.venv/lib/python3.12/site-packages/airflow/example_dags/example_subdag_operator.py
[2024-07-22T22:38:16.597-0300] {processor.py:830} INFO - Processing file /home/hugoviana/Projetos/crypto-etl/.venv/lib/python3.12/site-packages/airflow/example_dags/example_subdag_operator.py for tasks to queue
[2024-07-22T22:38:16.599-0300] {logging_mixin.py:188} INFO - [2024-07-22T22:38:16.599-0300] {dagbag.py:545} INFO - Filling up the DagBag from /home/hugoviana/Projetos/crypto-etl/.venv/lib/python3.12/site-packages/airflow/example_dags/example_subdag_operator.py
[2024-07-22T22:38:16.623-0300] {processor.py:840} INFO - DAG(s) 'example_subdag_operator.section-1', 'example_subdag_operator.section-2', 'example_subdag_operator' retrieved from /home/hugoviana/Projetos/crypto-etl/.venv/lib/python3.12/site-packages/airflow/example_dags/example_subdag_operator.py
[2024-07-22T22:38:16.634-0300] {logging_mixin.py:188} INFO - [2024-07-22T22:38:16.633-0300] {dag.py:3089} INFO - Sync 3 DAGs
[2024-07-22T22:38:16.648-0300] {logging_mixin.py:188} INFO - [2024-07-22T22:38:16.648-0300] {dag.py:3947} INFO - Setting next_dagrun for example_subdag_operator to 2022-01-01 00:00:00+00:00, run_after=2022-01-01 00:00:00+00:00
[2024-07-22T22:38:16.650-0300] {logging_mixin.py:188} INFO - [2024-07-22T22:38:16.650-0300] {dag.py:3947} INFO - Setting next_dagrun for example_subdag_operator.section-1 to None, run_after=None
[2024-07-22T22:38:16.651-0300] {logging_mixin.py:188} INFO - [2024-07-22T22:38:16.650-0300] {dag.py:3947} INFO - Setting next_dagrun for example_subdag_operator.section-2 to None, run_after=None
[2024-07-22T22:38:16.654-0300] {logging_mixin.py:188} INFO - [2024-07-22T22:38:16.654-0300] {dag.py:3089} INFO - Sync 2 DAGs
[2024-07-22T22:38:16.658-0300] {logging_mixin.py:188} INFO - [2024-07-22T22:38:16.658-0300] {dag.py:3947} INFO - Setting next_dagrun for example_subdag_operator.section-1 to None, run_after=None
[2024-07-22T22:38:16.658-0300] {logging_mixin.py:188} INFO - [2024-07-22T22:38:16.658-0300] {dag.py:3947} INFO - Setting next_dagrun for example_subdag_operator.section-2 to None, run_after=None
[2024-07-22T22:38:16.674-0300] {processor.py:183} INFO - Processing /home/hugoviana/Projetos/crypto-etl/.venv/lib/python3.12/site-packages/airflow/example_dags/example_subdag_operator.py took 0.085 seconds
[2024-07-22T22:39:01.636-0300] {processor.py:161} INFO - Started process (PID=1052309) to work on /home/hugoviana/Projetos/crypto-etl/.venv/lib/python3.12/site-packages/airflow/example_dags/example_subdag_operator.py
[2024-07-22T22:39:01.637-0300] {processor.py:830} INFO - Processing file /home/hugoviana/Projetos/crypto-etl/.venv/lib/python3.12/site-packages/airflow/example_dags/example_subdag_operator.py for tasks to queue
[2024-07-22T22:39:01.639-0300] {logging_mixin.py:188} INFO - [2024-07-22T22:39:01.638-0300] {dagbag.py:545} INFO - Filling up the DagBag from /home/hugoviana/Projetos/crypto-etl/.venv/lib/python3.12/site-packages/airflow/example_dags/example_subdag_operator.py
[2024-07-22T22:39:01.653-0300] {processor.py:840} INFO - DAG(s) 'example_subdag_operator.section-1', 'example_subdag_operator.section-2', 'example_subdag_operator' retrieved from /home/hugoviana/Projetos/crypto-etl/.venv/lib/python3.12/site-packages/airflow/example_dags/example_subdag_operator.py
[2024-07-22T22:39:01.662-0300] {logging_mixin.py:188} INFO - [2024-07-22T22:39:01.662-0300] {dag.py:3089} INFO - Sync 3 DAGs
[2024-07-22T22:39:01.673-0300] {logging_mixin.py:188} INFO - [2024-07-22T22:39:01.673-0300] {dag.py:3947} INFO - Setting next_dagrun for example_subdag_operator to 2022-01-01 00:00:00+00:00, run_after=2022-01-01 00:00:00+00:00
[2024-07-22T22:39:01.675-0300] {logging_mixin.py:188} INFO - [2024-07-22T22:39:01.675-0300] {dag.py:3947} INFO - Setting next_dagrun for example_subdag_operator.section-1 to None, run_after=None
[2024-07-22T22:39:01.676-0300] {logging_mixin.py:188} INFO - [2024-07-22T22:39:01.676-0300] {dag.py:3947} INFO - Setting next_dagrun for example_subdag_operator.section-2 to None, run_after=None
[2024-07-22T22:39:01.680-0300] {logging_mixin.py:188} INFO - [2024-07-22T22:39:01.680-0300] {dag.py:3089} INFO - Sync 2 DAGs
[2024-07-22T22:39:01.682-0300] {logging_mixin.py:188} INFO - [2024-07-22T22:39:01.682-0300] {dag.py:3947} INFO - Setting next_dagrun for example_subdag_operator.section-1 to None, run_after=None
[2024-07-22T22:39:01.682-0300] {logging_mixin.py:188} INFO - [2024-07-22T22:39:01.682-0300] {dag.py:3947} INFO - Setting next_dagrun for example_subdag_operator.section-2 to None, run_after=None
[2024-07-22T22:39:01.693-0300] {processor.py:183} INFO - Processing /home/hugoviana/Projetos/crypto-etl/.venv/lib/python3.12/site-packages/airflow/example_dags/example_subdag_operator.py took 0.061 seconds
