[2024-07-22T22:36:32.384-0300] {processor.py:161} INFO - Started process (PID=1050600) to work on /home/hugoviana/Projetos/crypto-etl/.venv/lib/python3.12/site-packages/airflow/example_dags/example_nested_branch_dag.py
[2024-07-22T22:36:32.385-0300] {processor.py:830} INFO - Processing file /home/hugoviana/Projetos/crypto-etl/.venv/lib/python3.12/site-packages/airflow/example_dags/example_nested_branch_dag.py for tasks to queue
[2024-07-22T22:36:32.386-0300] {logging_mixin.py:188} INFO - [2024-07-22T22:36:32.385-0300] {dagbag.py:545} INFO - Filling up the DagBag from /home/hugoviana/Projetos/crypto-etl/.venv/lib/python3.12/site-packages/airflow/example_dags/example_nested_branch_dag.py
[2024-07-22T22:36:32.393-0300] {processor.py:840} INFO - DAG(s) 'example_nested_branch_dag' retrieved from /home/hugoviana/Projetos/crypto-etl/.venv/lib/python3.12/site-packages/airflow/example_dags/example_nested_branch_dag.py
[2024-07-22T22:36:32.464-0300] {logging_mixin.py:188} INFO - [2024-07-22T22:36:32.463-0300] {override.py:1858} INFO - Created Permission View: can edit on DAG:example_nested_branch_dag
[2024-07-22T22:36:32.475-0300] {logging_mixin.py:188} INFO - [2024-07-22T22:36:32.474-0300] {override.py:1858} INFO - Created Permission View: can delete on DAG:example_nested_branch_dag
[2024-07-22T22:36:32.482-0300] {logging_mixin.py:188} INFO - [2024-07-22T22:36:32.482-0300] {override.py:1858} INFO - Created Permission View: can read on DAG:example_nested_branch_dag
[2024-07-22T22:36:32.482-0300] {logging_mixin.py:188} INFO - [2024-07-22T22:36:32.482-0300] {dag.py:3089} INFO - Sync 1 DAGs
[2024-07-22T22:36:32.488-0300] {logging_mixin.py:188} INFO - [2024-07-22T22:36:32.488-0300] {dag.py:3111} INFO - Creating ORM DAG for example_nested_branch_dag
[2024-07-22T22:36:32.495-0300] {logging_mixin.py:188} INFO - [2024-07-22T22:36:32.495-0300] {dag.py:3947} INFO - Setting next_dagrun for example_nested_branch_dag to 2024-07-22 00:00:00+00:00, run_after=2024-07-23 00:00:00+00:00
[2024-07-22T22:36:32.511-0300] {processor.py:183} INFO - Processing /home/hugoviana/Projetos/crypto-etl/.venv/lib/python3.12/site-packages/airflow/example_dags/example_nested_branch_dag.py took 0.131 seconds
[2024-07-22T22:37:24.148-0300] {processor.py:161} INFO - Started process (PID=1051159) to work on /home/hugoviana/Projetos/crypto-etl/.venv/lib/python3.12/site-packages/airflow/example_dags/example_nested_branch_dag.py
[2024-07-22T22:37:24.149-0300] {processor.py:830} INFO - Processing file /home/hugoviana/Projetos/crypto-etl/.venv/lib/python3.12/site-packages/airflow/example_dags/example_nested_branch_dag.py for tasks to queue
[2024-07-22T22:37:24.150-0300] {logging_mixin.py:188} INFO - [2024-07-22T22:37:24.150-0300] {dagbag.py:545} INFO - Filling up the DagBag from /home/hugoviana/Projetos/crypto-etl/.venv/lib/python3.12/site-packages/airflow/example_dags/example_nested_branch_dag.py
[2024-07-22T22:37:24.160-0300] {processor.py:840} INFO - DAG(s) 'example_nested_branch_dag' retrieved from /home/hugoviana/Projetos/crypto-etl/.venv/lib/python3.12/site-packages/airflow/example_dags/example_nested_branch_dag.py
[2024-07-22T22:37:24.172-0300] {logging_mixin.py:188} INFO - [2024-07-22T22:37:24.172-0300] {dag.py:3089} INFO - Sync 1 DAGs
[2024-07-22T22:37:24.188-0300] {logging_mixin.py:188} INFO - [2024-07-22T22:37:24.188-0300] {dag.py:3947} INFO - Setting next_dagrun for example_nested_branch_dag to 2024-07-22 00:00:00+00:00, run_after=2024-07-23 00:00:00+00:00
[2024-07-22T22:37:24.205-0300] {processor.py:183} INFO - Processing /home/hugoviana/Projetos/crypto-etl/.venv/lib/python3.12/site-packages/airflow/example_dags/example_nested_branch_dag.py took 0.061 seconds
[2024-07-22T22:38:13.579-0300] {processor.py:161} INFO - Started process (PID=1051762) to work on /home/hugoviana/Projetos/crypto-etl/.venv/lib/python3.12/site-packages/airflow/example_dags/example_nested_branch_dag.py
[2024-07-22T22:38:13.584-0300] {processor.py:830} INFO - Processing file /home/hugoviana/Projetos/crypto-etl/.venv/lib/python3.12/site-packages/airflow/example_dags/example_nested_branch_dag.py for tasks to queue
[2024-07-22T22:38:13.586-0300] {logging_mixin.py:188} INFO - [2024-07-22T22:38:13.585-0300] {dagbag.py:545} INFO - Filling up the DagBag from /home/hugoviana/Projetos/crypto-etl/.venv/lib/python3.12/site-packages/airflow/example_dags/example_nested_branch_dag.py
[2024-07-22T22:38:13.595-0300] {processor.py:840} INFO - DAG(s) 'example_nested_branch_dag' retrieved from /home/hugoviana/Projetos/crypto-etl/.venv/lib/python3.12/site-packages/airflow/example_dags/example_nested_branch_dag.py
[2024-07-22T22:38:13.610-0300] {logging_mixin.py:188} INFO - [2024-07-22T22:38:13.610-0300] {dag.py:3089} INFO - Sync 1 DAGs
[2024-07-22T22:38:13.626-0300] {logging_mixin.py:188} INFO - [2024-07-22T22:38:13.625-0300] {dag.py:3947} INFO - Setting next_dagrun for example_nested_branch_dag to 2024-07-22 00:00:00+00:00, run_after=2024-07-23 00:00:00+00:00
[2024-07-22T22:38:13.645-0300] {processor.py:183} INFO - Processing /home/hugoviana/Projetos/crypto-etl/.venv/lib/python3.12/site-packages/airflow/example_dags/example_nested_branch_dag.py took 0.070 seconds
[2024-07-22T22:38:58.251-0300] {processor.py:161} INFO - Started process (PID=1052237) to work on /home/hugoviana/Projetos/crypto-etl/.venv/lib/python3.12/site-packages/airflow/example_dags/example_nested_branch_dag.py
[2024-07-22T22:38:58.252-0300] {processor.py:830} INFO - Processing file /home/hugoviana/Projetos/crypto-etl/.venv/lib/python3.12/site-packages/airflow/example_dags/example_nested_branch_dag.py for tasks to queue
[2024-07-22T22:38:58.254-0300] {logging_mixin.py:188} INFO - [2024-07-22T22:38:58.253-0300] {dagbag.py:545} INFO - Filling up the DagBag from /home/hugoviana/Projetos/crypto-etl/.venv/lib/python3.12/site-packages/airflow/example_dags/example_nested_branch_dag.py
[2024-07-22T22:38:58.262-0300] {processor.py:840} INFO - DAG(s) 'example_nested_branch_dag' retrieved from /home/hugoviana/Projetos/crypto-etl/.venv/lib/python3.12/site-packages/airflow/example_dags/example_nested_branch_dag.py
[2024-07-22T22:38:58.274-0300] {logging_mixin.py:188} INFO - [2024-07-22T22:38:58.274-0300] {dag.py:3089} INFO - Sync 1 DAGs
[2024-07-22T22:38:58.287-0300] {logging_mixin.py:188} INFO - [2024-07-22T22:38:58.287-0300] {dag.py:3947} INFO - Setting next_dagrun for example_nested_branch_dag to 2024-07-22 00:00:00+00:00, run_after=2024-07-23 00:00:00+00:00
[2024-07-22T22:38:58.304-0300] {processor.py:183} INFO - Processing /home/hugoviana/Projetos/crypto-etl/.venv/lib/python3.12/site-packages/airflow/example_dags/example_nested_branch_dag.py took 0.057 seconds
