[2024-07-22T22:36:28.388-0300] {processor.py:161} INFO - Started process (PID=1050506) to work on /home/hugoviana/Projetos/crypto-etl/.venv/lib/python3.12/site-packages/airflow/example_dags/example_datasets.py
[2024-07-22T22:36:28.388-0300] {processor.py:830} INFO - Processing file /home/hugoviana/Projetos/crypto-etl/.venv/lib/python3.12/site-packages/airflow/example_dags/example_datasets.py for tasks to queue
[2024-07-22T22:36:28.389-0300] {logging_mixin.py:188} INFO - [2024-07-22T22:36:28.389-0300] {dagbag.py:545} INFO - Filling up the DagBag from /home/hugoviana/Projetos/crypto-etl/.venv/lib/python3.12/site-packages/airflow/example_dags/example_datasets.py
[2024-07-22T22:36:28.399-0300] {processor.py:840} INFO - DAG(s) 'dataset_produces_1', 'dataset_produces_2', 'dataset_consumes_1', 'dataset_consumes_unknown_never_scheduled', 'dataset_consumes_1_and_2', 'consume_1_and_2_with_dataset_expressions', 'conditional_dataset_and_time_based_timetable', 'dataset_consumes_1_never_scheduled', 'consume_1_or_2_with_dataset_expressions', 'consume_1_or_both_2_and_3_with_dataset_expressions' retrieved from /home/hugoviana/Projetos/crypto-etl/.venv/lib/python3.12/site-packages/airflow/example_dags/example_datasets.py
[2024-07-22T22:36:28.474-0300] {logging_mixin.py:188} INFO - [2024-07-22T22:36:28.473-0300] {override.py:1858} INFO - Created Permission View: can edit on DAG:dataset_produces_1
[2024-07-22T22:36:28.484-0300] {logging_mixin.py:188} INFO - [2024-07-22T22:36:28.484-0300] {override.py:1858} INFO - Created Permission View: can delete on DAG:dataset_produces_1
[2024-07-22T22:36:28.493-0300] {logging_mixin.py:188} INFO - [2024-07-22T22:36:28.493-0300] {override.py:1858} INFO - Created Permission View: can read on DAG:dataset_produces_1
[2024-07-22T22:36:28.509-0300] {logging_mixin.py:188} INFO - [2024-07-22T22:36:28.509-0300] {override.py:1858} INFO - Created Permission View: can edit on DAG:dataset_produces_2
[2024-07-22T22:36:28.518-0300] {logging_mixin.py:188} INFO - [2024-07-22T22:36:28.517-0300] {override.py:1858} INFO - Created Permission View: can delete on DAG:dataset_produces_2
[2024-07-22T22:36:28.525-0300] {logging_mixin.py:188} INFO - [2024-07-22T22:36:28.525-0300] {override.py:1858} INFO - Created Permission View: can read on DAG:dataset_produces_2
[2024-07-22T22:36:28.544-0300] {logging_mixin.py:188} INFO - [2024-07-22T22:36:28.543-0300] {override.py:1858} INFO - Created Permission View: can edit on DAG:dataset_consumes_1
[2024-07-22T22:36:28.553-0300] {logging_mixin.py:188} INFO - [2024-07-22T22:36:28.553-0300] {override.py:1858} INFO - Created Permission View: can delete on DAG:dataset_consumes_1
[2024-07-22T22:36:28.561-0300] {logging_mixin.py:188} INFO - [2024-07-22T22:36:28.561-0300] {override.py:1858} INFO - Created Permission View: can read on DAG:dataset_consumes_1
[2024-07-22T22:36:28.577-0300] {logging_mixin.py:188} INFO - [2024-07-22T22:36:28.577-0300] {override.py:1858} INFO - Created Permission View: can edit on DAG:dataset_consumes_unknown_never_scheduled
[2024-07-22T22:36:28.586-0300] {logging_mixin.py:188} INFO - [2024-07-22T22:36:28.586-0300] {override.py:1858} INFO - Created Permission View: can delete on DAG:dataset_consumes_unknown_never_scheduled
[2024-07-22T22:36:28.594-0300] {logging_mixin.py:188} INFO - [2024-07-22T22:36:28.594-0300] {override.py:1858} INFO - Created Permission View: can read on DAG:dataset_consumes_unknown_never_scheduled
[2024-07-22T22:36:28.613-0300] {logging_mixin.py:188} INFO - [2024-07-22T22:36:28.613-0300] {override.py:1858} INFO - Created Permission View: can edit on DAG:dataset_consumes_1_and_2
[2024-07-22T22:36:28.621-0300] {logging_mixin.py:188} INFO - [2024-07-22T22:36:28.621-0300] {override.py:1858} INFO - Created Permission View: can delete on DAG:dataset_consumes_1_and_2
[2024-07-22T22:36:28.629-0300] {logging_mixin.py:188} INFO - [2024-07-22T22:36:28.629-0300] {override.py:1858} INFO - Created Permission View: can read on DAG:dataset_consumes_1_and_2
[2024-07-22T22:36:28.647-0300] {logging_mixin.py:188} INFO - [2024-07-22T22:36:28.646-0300] {override.py:1858} INFO - Created Permission View: can edit on DAG:consume_1_and_2_with_dataset_expressions
[2024-07-22T22:36:28.654-0300] {logging_mixin.py:188} INFO - [2024-07-22T22:36:28.654-0300] {override.py:1858} INFO - Created Permission View: can delete on DAG:consume_1_and_2_with_dataset_expressions
[2024-07-22T22:36:28.663-0300] {logging_mixin.py:188} INFO - [2024-07-22T22:36:28.663-0300] {override.py:1858} INFO - Created Permission View: can read on DAG:consume_1_and_2_with_dataset_expressions
[2024-07-22T22:36:28.681-0300] {logging_mixin.py:188} INFO - [2024-07-22T22:36:28.680-0300] {override.py:1858} INFO - Created Permission View: can edit on DAG:conditional_dataset_and_time_based_timetable
[2024-07-22T22:36:28.690-0300] {logging_mixin.py:188} INFO - [2024-07-22T22:36:28.689-0300] {override.py:1858} INFO - Created Permission View: can delete on DAG:conditional_dataset_and_time_based_timetable
[2024-07-22T22:36:28.698-0300] {logging_mixin.py:188} INFO - [2024-07-22T22:36:28.698-0300] {override.py:1858} INFO - Created Permission View: can read on DAG:conditional_dataset_and_time_based_timetable
[2024-07-22T22:36:28.716-0300] {logging_mixin.py:188} INFO - [2024-07-22T22:36:28.716-0300] {override.py:1858} INFO - Created Permission View: can edit on DAG:dataset_consumes_1_never_scheduled
[2024-07-22T22:36:28.725-0300] {logging_mixin.py:188} INFO - [2024-07-22T22:36:28.724-0300] {override.py:1858} INFO - Created Permission View: can delete on DAG:dataset_consumes_1_never_scheduled
[2024-07-22T22:36:28.731-0300] {logging_mixin.py:188} INFO - [2024-07-22T22:36:28.731-0300] {override.py:1858} INFO - Created Permission View: can read on DAG:dataset_consumes_1_never_scheduled
[2024-07-22T22:36:28.749-0300] {logging_mixin.py:188} INFO - [2024-07-22T22:36:28.748-0300] {override.py:1858} INFO - Created Permission View: can edit on DAG:consume_1_or_2_with_dataset_expressions
[2024-07-22T22:36:28.756-0300] {logging_mixin.py:188} INFO - [2024-07-22T22:36:28.756-0300] {override.py:1858} INFO - Created Permission View: can delete on DAG:consume_1_or_2_with_dataset_expressions
[2024-07-22T22:36:28.764-0300] {logging_mixin.py:188} INFO - [2024-07-22T22:36:28.763-0300] {override.py:1858} INFO - Created Permission View: can read on DAG:consume_1_or_2_with_dataset_expressions
[2024-07-22T22:36:28.781-0300] {logging_mixin.py:188} INFO - [2024-07-22T22:36:28.781-0300] {override.py:1858} INFO - Created Permission View: can edit on DAG:consume_1_or_both_2_and_3_with_dataset_expressions
[2024-07-22T22:36:28.789-0300] {logging_mixin.py:188} INFO - [2024-07-22T22:36:28.788-0300] {override.py:1858} INFO - Created Permission View: can delete on DAG:consume_1_or_both_2_and_3_with_dataset_expressions
[2024-07-22T22:36:28.797-0300] {logging_mixin.py:188} INFO - [2024-07-22T22:36:28.796-0300] {override.py:1858} INFO - Created Permission View: can read on DAG:consume_1_or_both_2_and_3_with_dataset_expressions
[2024-07-22T22:36:28.797-0300] {logging_mixin.py:188} INFO - [2024-07-22T22:36:28.797-0300] {dag.py:3089} INFO - Sync 10 DAGs
[2024-07-22T22:36:28.803-0300] {logging_mixin.py:188} INFO - [2024-07-22T22:36:28.803-0300] {dag.py:3111} INFO - Creating ORM DAG for consume_1_and_2_with_dataset_expressions
[2024-07-22T22:36:28.803-0300] {logging_mixin.py:188} INFO - [2024-07-22T22:36:28.803-0300] {dag.py:3111} INFO - Creating ORM DAG for dataset_consumes_1_and_2
[2024-07-22T22:36:28.804-0300] {logging_mixin.py:188} INFO - [2024-07-22T22:36:28.803-0300] {dag.py:3111} INFO - Creating ORM DAG for dataset_consumes_1
[2024-07-22T22:36:28.804-0300] {logging_mixin.py:188} INFO - [2024-07-22T22:36:28.804-0300] {dag.py:3111} INFO - Creating ORM DAG for dataset_consumes_unknown_never_scheduled
[2024-07-22T22:36:28.804-0300] {logging_mixin.py:188} INFO - [2024-07-22T22:36:28.804-0300] {dag.py:3111} INFO - Creating ORM DAG for consume_1_or_2_with_dataset_expressions
[2024-07-22T22:36:28.804-0300] {logging_mixin.py:188} INFO - [2024-07-22T22:36:28.804-0300] {dag.py:3111} INFO - Creating ORM DAG for dataset_produces_2
[2024-07-22T22:36:28.804-0300] {logging_mixin.py:188} INFO - [2024-07-22T22:36:28.804-0300] {dag.py:3111} INFO - Creating ORM DAG for conditional_dataset_and_time_based_timetable
[2024-07-22T22:36:28.805-0300] {logging_mixin.py:188} INFO - [2024-07-22T22:36:28.805-0300] {dag.py:3111} INFO - Creating ORM DAG for dataset_produces_1
[2024-07-22T22:36:28.805-0300] {logging_mixin.py:188} INFO - [2024-07-22T22:36:28.805-0300] {dag.py:3111} INFO - Creating ORM DAG for consume_1_or_both_2_and_3_with_dataset_expressions
[2024-07-22T22:36:28.805-0300] {logging_mixin.py:188} INFO - [2024-07-22T22:36:28.805-0300] {dag.py:3111} INFO - Creating ORM DAG for dataset_consumes_1_never_scheduled
[2024-07-22T22:36:28.810-0300] {logging_mixin.py:188} INFO - [2024-07-22T22:36:28.810-0300] {dag.py:3947} INFO - Setting next_dagrun for conditional_dataset_and_time_based_timetable to 2024-07-17 01:00:00+00:00, run_after=2024-07-17 01:00:00+00:00
[2024-07-22T22:36:28.811-0300] {logging_mixin.py:188} INFO - [2024-07-22T22:36:28.810-0300] {dag.py:3947} INFO - Setting next_dagrun for consume_1_and_2_with_dataset_expressions to None, run_after=None
[2024-07-22T22:36:28.811-0300] {logging_mixin.py:188} INFO - [2024-07-22T22:36:28.811-0300] {dag.py:3947} INFO - Setting next_dagrun for consume_1_or_2_with_dataset_expressions to None, run_after=None
[2024-07-22T22:36:28.811-0300] {logging_mixin.py:188} INFO - [2024-07-22T22:36:28.811-0300] {dag.py:3947} INFO - Setting next_dagrun for consume_1_or_both_2_and_3_with_dataset_expressions to None, run_after=None
[2024-07-22T22:36:28.811-0300] {logging_mixin.py:188} INFO - [2024-07-22T22:36:28.811-0300] {dag.py:3947} INFO - Setting next_dagrun for dataset_consumes_1 to None, run_after=None
[2024-07-22T22:36:28.811-0300] {logging_mixin.py:188} INFO - [2024-07-22T22:36:28.811-0300] {dag.py:3947} INFO - Setting next_dagrun for dataset_consumes_1_and_2 to None, run_after=None
[2024-07-22T22:36:28.812-0300] {logging_mixin.py:188} INFO - [2024-07-22T22:36:28.812-0300] {dag.py:3947} INFO - Setting next_dagrun for dataset_consumes_1_never_scheduled to None, run_after=None
[2024-07-22T22:36:28.812-0300] {logging_mixin.py:188} INFO - [2024-07-22T22:36:28.812-0300] {dag.py:3947} INFO - Setting next_dagrun for dataset_consumes_unknown_never_scheduled to None, run_after=None
[2024-07-22T22:36:28.813-0300] {logging_mixin.py:188} INFO - [2024-07-22T22:36:28.813-0300] {dag.py:3947} INFO - Setting next_dagrun for dataset_produces_1 to 2024-07-22 00:00:00+00:00, run_after=2024-07-23 00:00:00+00:00
[2024-07-22T22:36:28.813-0300] {logging_mixin.py:188} INFO - [2024-07-22T22:36:28.813-0300] {dag.py:3947} INFO - Setting next_dagrun for dataset_produces_2 to None, run_after=None
[2024-07-22T22:36:28.840-0300] {processor.py:183} INFO - Processing /home/hugoviana/Projetos/crypto-etl/.venv/lib/python3.12/site-packages/airflow/example_dags/example_datasets.py took 0.456 seconds
[2024-07-22T22:37:21.268-0300] {processor.py:161} INFO - Started process (PID=1051140) to work on /home/hugoviana/Projetos/crypto-etl/.venv/lib/python3.12/site-packages/airflow/example_dags/example_datasets.py
[2024-07-22T22:37:21.269-0300] {processor.py:830} INFO - Processing file /home/hugoviana/Projetos/crypto-etl/.venv/lib/python3.12/site-packages/airflow/example_dags/example_datasets.py for tasks to queue
[2024-07-22T22:37:21.271-0300] {logging_mixin.py:188} INFO - [2024-07-22T22:37:21.270-0300] {dagbag.py:545} INFO - Filling up the DagBag from /home/hugoviana/Projetos/crypto-etl/.venv/lib/python3.12/site-packages/airflow/example_dags/example_datasets.py
[2024-07-22T22:37:21.279-0300] {processor.py:840} INFO - DAG(s) 'dataset_consumes_1_never_scheduled', 'dataset_consumes_1_and_2', 'consume_1_or_2_with_dataset_expressions', 'dataset_consumes_1', 'consume_1_or_both_2_and_3_with_dataset_expressions', 'dataset_produces_1', 'conditional_dataset_and_time_based_timetable', 'dataset_consumes_unknown_never_scheduled', 'consume_1_and_2_with_dataset_expressions', 'dataset_produces_2' retrieved from /home/hugoviana/Projetos/crypto-etl/.venv/lib/python3.12/site-packages/airflow/example_dags/example_datasets.py
[2024-07-22T22:37:21.303-0300] {logging_mixin.py:188} INFO - [2024-07-22T22:37:21.303-0300] {dag.py:3089} INFO - Sync 10 DAGs
[2024-07-22T22:37:21.317-0300] {logging_mixin.py:188} INFO - [2024-07-22T22:37:21.317-0300] {dag.py:3947} INFO - Setting next_dagrun for conditional_dataset_and_time_based_timetable to 2024-07-17 01:00:00+00:00, run_after=2024-07-17 01:00:00+00:00
[2024-07-22T22:37:21.319-0300] {logging_mixin.py:188} INFO - [2024-07-22T22:37:21.319-0300] {dag.py:3947} INFO - Setting next_dagrun for consume_1_and_2_with_dataset_expressions to None, run_after=None
[2024-07-22T22:37:21.319-0300] {logging_mixin.py:188} INFO - [2024-07-22T22:37:21.319-0300] {dag.py:3947} INFO - Setting next_dagrun for consume_1_or_2_with_dataset_expressions to None, run_after=None
[2024-07-22T22:37:21.320-0300] {logging_mixin.py:188} INFO - [2024-07-22T22:37:21.320-0300] {dag.py:3947} INFO - Setting next_dagrun for consume_1_or_both_2_and_3_with_dataset_expressions to None, run_after=None
[2024-07-22T22:37:21.320-0300] {logging_mixin.py:188} INFO - [2024-07-22T22:37:21.320-0300] {dag.py:3947} INFO - Setting next_dagrun for dataset_consumes_1 to None, run_after=None
[2024-07-22T22:37:21.321-0300] {logging_mixin.py:188} INFO - [2024-07-22T22:37:21.321-0300] {dag.py:3947} INFO - Setting next_dagrun for dataset_consumes_1_and_2 to None, run_after=None
[2024-07-22T22:37:21.321-0300] {logging_mixin.py:188} INFO - [2024-07-22T22:37:21.321-0300] {dag.py:3947} INFO - Setting next_dagrun for dataset_consumes_1_never_scheduled to None, run_after=None
[2024-07-22T22:37:21.321-0300] {logging_mixin.py:188} INFO - [2024-07-22T22:37:21.321-0300] {dag.py:3947} INFO - Setting next_dagrun for dataset_consumes_unknown_never_scheduled to None, run_after=None
[2024-07-22T22:37:21.322-0300] {logging_mixin.py:188} INFO - [2024-07-22T22:37:21.322-0300] {dag.py:3947} INFO - Setting next_dagrun for dataset_produces_1 to 2024-07-22 00:00:00+00:00, run_after=2024-07-23 00:00:00+00:00
[2024-07-22T22:37:21.323-0300] {logging_mixin.py:188} INFO - [2024-07-22T22:37:21.323-0300] {dag.py:3947} INFO - Setting next_dagrun for dataset_produces_2 to None, run_after=None
[2024-07-22T22:37:21.345-0300] {processor.py:183} INFO - Processing /home/hugoviana/Projetos/crypto-etl/.venv/lib/python3.12/site-packages/airflow/example_dags/example_datasets.py took 0.081 seconds
[2024-07-22T22:38:10.758-0300] {processor.py:161} INFO - Started process (PID=1051665) to work on /home/hugoviana/Projetos/crypto-etl/.venv/lib/python3.12/site-packages/airflow/example_dags/example_datasets.py
[2024-07-22T22:38:10.764-0300] {processor.py:830} INFO - Processing file /home/hugoviana/Projetos/crypto-etl/.venv/lib/python3.12/site-packages/airflow/example_dags/example_datasets.py for tasks to queue
[2024-07-22T22:38:10.766-0300] {logging_mixin.py:188} INFO - [2024-07-22T22:38:10.765-0300] {dagbag.py:545} INFO - Filling up the DagBag from /home/hugoviana/Projetos/crypto-etl/.venv/lib/python3.12/site-packages/airflow/example_dags/example_datasets.py
[2024-07-22T22:38:10.774-0300] {processor.py:840} INFO - DAG(s) 'dataset_produces_1', 'consume_1_or_both_2_and_3_with_dataset_expressions', 'dataset_consumes_1', 'dataset_consumes_unknown_never_scheduled', 'conditional_dataset_and_time_based_timetable', 'consume_1_or_2_with_dataset_expressions', 'dataset_produces_2', 'dataset_consumes_1_never_scheduled', 'dataset_consumes_1_and_2', 'consume_1_and_2_with_dataset_expressions' retrieved from /home/hugoviana/Projetos/crypto-etl/.venv/lib/python3.12/site-packages/airflow/example_dags/example_datasets.py
[2024-07-22T22:38:10.794-0300] {logging_mixin.py:188} INFO - [2024-07-22T22:38:10.794-0300] {dag.py:3089} INFO - Sync 10 DAGs
[2024-07-22T22:38:10.806-0300] {logging_mixin.py:188} INFO - [2024-07-22T22:38:10.806-0300] {dag.py:3947} INFO - Setting next_dagrun for conditional_dataset_and_time_based_timetable to 2024-07-17 01:00:00+00:00, run_after=2024-07-17 01:00:00+00:00
[2024-07-22T22:38:10.808-0300] {logging_mixin.py:188} INFO - [2024-07-22T22:38:10.808-0300] {dag.py:3947} INFO - Setting next_dagrun for consume_1_and_2_with_dataset_expressions to None, run_after=None
[2024-07-22T22:38:10.809-0300] {logging_mixin.py:188} INFO - [2024-07-22T22:38:10.809-0300] {dag.py:3947} INFO - Setting next_dagrun for consume_1_or_2_with_dataset_expressions to None, run_after=None
[2024-07-22T22:38:10.809-0300] {logging_mixin.py:188} INFO - [2024-07-22T22:38:10.809-0300] {dag.py:3947} INFO - Setting next_dagrun for consume_1_or_both_2_and_3_with_dataset_expressions to None, run_after=None
[2024-07-22T22:38:10.809-0300] {logging_mixin.py:188} INFO - [2024-07-22T22:38:10.809-0300] {dag.py:3947} INFO - Setting next_dagrun for dataset_consumes_1 to None, run_after=None
[2024-07-22T22:38:10.810-0300] {logging_mixin.py:188} INFO - [2024-07-22T22:38:10.810-0300] {dag.py:3947} INFO - Setting next_dagrun for dataset_consumes_1_and_2 to None, run_after=None
[2024-07-22T22:38:10.810-0300] {logging_mixin.py:188} INFO - [2024-07-22T22:38:10.810-0300] {dag.py:3947} INFO - Setting next_dagrun for dataset_consumes_1_never_scheduled to None, run_after=None
[2024-07-22T22:38:10.811-0300] {logging_mixin.py:188} INFO - [2024-07-22T22:38:10.810-0300] {dag.py:3947} INFO - Setting next_dagrun for dataset_consumes_unknown_never_scheduled to None, run_after=None
[2024-07-22T22:38:10.812-0300] {logging_mixin.py:188} INFO - [2024-07-22T22:38:10.811-0300] {dag.py:3947} INFO - Setting next_dagrun for dataset_produces_1 to 2024-07-22 00:00:00+00:00, run_after=2024-07-23 00:00:00+00:00
[2024-07-22T22:38:10.812-0300] {logging_mixin.py:188} INFO - [2024-07-22T22:38:10.812-0300] {dag.py:3947} INFO - Setting next_dagrun for dataset_produces_2 to None, run_after=None
[2024-07-22T22:38:10.832-0300] {processor.py:183} INFO - Processing /home/hugoviana/Projetos/crypto-etl/.venv/lib/python3.12/site-packages/airflow/example_dags/example_datasets.py took 0.078 seconds
[2024-07-22T22:38:55.226-0300] {processor.py:161} INFO - Started process (PID=1052182) to work on /home/hugoviana/Projetos/crypto-etl/.venv/lib/python3.12/site-packages/airflow/example_dags/example_datasets.py
[2024-07-22T22:38:55.232-0300] {processor.py:830} INFO - Processing file /home/hugoviana/Projetos/crypto-etl/.venv/lib/python3.12/site-packages/airflow/example_dags/example_datasets.py for tasks to queue
[2024-07-22T22:38:55.233-0300] {logging_mixin.py:188} INFO - [2024-07-22T22:38:55.232-0300] {dagbag.py:545} INFO - Filling up the DagBag from /home/hugoviana/Projetos/crypto-etl/.venv/lib/python3.12/site-packages/airflow/example_dags/example_datasets.py
[2024-07-22T22:38:55.241-0300] {processor.py:840} INFO - DAG(s) 'dataset_produces_2', 'dataset_consumes_1_never_scheduled', 'conditional_dataset_and_time_based_timetable', 'dataset_consumes_1', 'consume_1_or_both_2_and_3_with_dataset_expressions', 'dataset_consumes_1_and_2', 'dataset_consumes_unknown_never_scheduled', 'dataset_produces_1', 'consume_1_or_2_with_dataset_expressions', 'consume_1_and_2_with_dataset_expressions' retrieved from /home/hugoviana/Projetos/crypto-etl/.venv/lib/python3.12/site-packages/airflow/example_dags/example_datasets.py
[2024-07-22T22:38:55.267-0300] {logging_mixin.py:188} INFO - [2024-07-22T22:38:55.267-0300] {dag.py:3089} INFO - Sync 10 DAGs
[2024-07-22T22:38:55.281-0300] {logging_mixin.py:188} INFO - [2024-07-22T22:38:55.280-0300] {dag.py:3947} INFO - Setting next_dagrun for conditional_dataset_and_time_based_timetable to 2024-07-17 01:00:00+00:00, run_after=2024-07-17 01:00:00+00:00
[2024-07-22T22:38:55.282-0300] {logging_mixin.py:188} INFO - [2024-07-22T22:38:55.282-0300] {dag.py:3947} INFO - Setting next_dagrun for consume_1_and_2_with_dataset_expressions to None, run_after=None
[2024-07-22T22:38:55.283-0300] {logging_mixin.py:188} INFO - [2024-07-22T22:38:55.283-0300] {dag.py:3947} INFO - Setting next_dagrun for consume_1_or_2_with_dataset_expressions to None, run_after=None
[2024-07-22T22:38:55.283-0300] {logging_mixin.py:188} INFO - [2024-07-22T22:38:55.283-0300] {dag.py:3947} INFO - Setting next_dagrun for consume_1_or_both_2_and_3_with_dataset_expressions to None, run_after=None
[2024-07-22T22:38:55.284-0300] {logging_mixin.py:188} INFO - [2024-07-22T22:38:55.284-0300] {dag.py:3947} INFO - Setting next_dagrun for dataset_consumes_1 to None, run_after=None
[2024-07-22T22:38:55.285-0300] {logging_mixin.py:188} INFO - [2024-07-22T22:38:55.284-0300] {dag.py:3947} INFO - Setting next_dagrun for dataset_consumes_1_and_2 to None, run_after=None
[2024-07-22T22:38:55.285-0300] {logging_mixin.py:188} INFO - [2024-07-22T22:38:55.285-0300] {dag.py:3947} INFO - Setting next_dagrun for dataset_consumes_1_never_scheduled to None, run_after=None
[2024-07-22T22:38:55.285-0300] {logging_mixin.py:188} INFO - [2024-07-22T22:38:55.285-0300] {dag.py:3947} INFO - Setting next_dagrun for dataset_consumes_unknown_never_scheduled to None, run_after=None
[2024-07-22T22:38:55.287-0300] {logging_mixin.py:188} INFO - [2024-07-22T22:38:55.286-0300] {dag.py:3947} INFO - Setting next_dagrun for dataset_produces_1 to 2024-07-22 00:00:00+00:00, run_after=2024-07-23 00:00:00+00:00
[2024-07-22T22:38:55.287-0300] {logging_mixin.py:188} INFO - [2024-07-22T22:38:55.287-0300] {dag.py:3947} INFO - Setting next_dagrun for dataset_produces_2 to None, run_after=None
[2024-07-22T22:38:55.307-0300] {processor.py:183} INFO - Processing /home/hugoviana/Projetos/crypto-etl/.venv/lib/python3.12/site-packages/airflow/example_dags/example_datasets.py took 0.084 seconds
