[2024-07-22T22:36:51.145-0300] {processor.py:161} INFO - Started process (PID=1050729) to work on /home/hugoviana/Projetos/crypto-etl/.venv/lib/python3.12/site-packages/airflow/example_dags/example_sla_dag.py
[2024-07-22T22:36:51.145-0300] {processor.py:830} INFO - Processing file /home/hugoviana/Projetos/crypto-etl/.venv/lib/python3.12/site-packages/airflow/example_dags/example_sla_dag.py for tasks to queue
[2024-07-22T22:36:51.147-0300] {logging_mixin.py:188} INFO - [2024-07-22T22:36:51.146-0300] {dagbag.py:545} INFO - Filling up the DagBag from /home/hugoviana/Projetos/crypto-etl/.venv/lib/python3.12/site-packages/airflow/example_dags/example_sla_dag.py
[2024-07-22T22:36:51.153-0300] {processor.py:840} INFO - DAG(s) 'example_sla_dag' retrieved from /home/hugoviana/Projetos/crypto-etl/.venv/lib/python3.12/site-packages/airflow/example_dags/example_sla_dag.py
[2024-07-22T22:36:51.235-0300] {logging_mixin.py:188} INFO - [2024-07-22T22:36:51.234-0300] {override.py:1858} INFO - Created Permission View: can edit on DAG:example_sla_dag
[2024-07-22T22:36:51.248-0300] {logging_mixin.py:188} INFO - [2024-07-22T22:36:51.247-0300] {override.py:1858} INFO - Created Permission View: can delete on DAG:example_sla_dag
[2024-07-22T22:36:51.257-0300] {logging_mixin.py:188} INFO - [2024-07-22T22:36:51.257-0300] {override.py:1858} INFO - Created Permission View: can read on DAG:example_sla_dag
[2024-07-22T22:36:51.257-0300] {logging_mixin.py:188} INFO - [2024-07-22T22:36:51.257-0300] {dag.py:3089} INFO - Sync 1 DAGs
[2024-07-22T22:36:51.265-0300] {logging_mixin.py:188} INFO - [2024-07-22T22:36:51.264-0300] {dag.py:3111} INFO - Creating ORM DAG for example_sla_dag
[2024-07-22T22:36:51.271-0300] {logging_mixin.py:188} INFO - [2024-07-22T22:36:51.271-0300] {dag.py:3947} INFO - Setting next_dagrun for example_sla_dag to 2024-07-23 01:34:00+00:00, run_after=2024-07-23 01:36:00+00:00
[2024-07-22T22:36:51.288-0300] {processor.py:183} INFO - Processing /home/hugoviana/Projetos/crypto-etl/.venv/lib/python3.12/site-packages/airflow/example_dags/example_sla_dag.py took 0.146 seconds
[2024-07-22T22:37:41.529-0300] {processor.py:161} INFO - Started process (PID=1051310) to work on /home/hugoviana/Projetos/crypto-etl/.venv/lib/python3.12/site-packages/airflow/example_dags/example_sla_dag.py
[2024-07-22T22:37:41.534-0300] {processor.py:830} INFO - Processing file /home/hugoviana/Projetos/crypto-etl/.venv/lib/python3.12/site-packages/airflow/example_dags/example_sla_dag.py for tasks to queue
[2024-07-22T22:37:41.535-0300] {logging_mixin.py:188} INFO - [2024-07-22T22:37:41.535-0300] {dagbag.py:545} INFO - Filling up the DagBag from /home/hugoviana/Projetos/crypto-etl/.venv/lib/python3.12/site-packages/airflow/example_dags/example_sla_dag.py
[2024-07-22T22:37:41.542-0300] {processor.py:840} INFO - DAG(s) 'example_sla_dag' retrieved from /home/hugoviana/Projetos/crypto-etl/.venv/lib/python3.12/site-packages/airflow/example_dags/example_sla_dag.py
[2024-07-22T22:37:41.552-0300] {logging_mixin.py:188} INFO - [2024-07-22T22:37:41.551-0300] {dag.py:3089} INFO - Sync 1 DAGs
[2024-07-22T22:37:41.565-0300] {logging_mixin.py:188} INFO - [2024-07-22T22:37:41.564-0300] {dag.py:3947} INFO - Setting next_dagrun for example_sla_dag to 2024-07-23 01:34:00+00:00, run_after=2024-07-23 01:36:00+00:00
[2024-07-22T22:37:41.581-0300] {processor.py:183} INFO - Processing /home/hugoviana/Projetos/crypto-etl/.venv/lib/python3.12/site-packages/airflow/example_dags/example_sla_dag.py took 0.057 seconds
[2024-07-22T22:38:43.970-0300] {processor.py:161} INFO - Started process (PID=1052073) to work on /home/hugoviana/Projetos/crypto-etl/.venv/lib/python3.12/site-packages/airflow/example_dags/example_sla_dag.py
[2024-07-22T22:38:43.972-0300] {processor.py:830} INFO - Processing file /home/hugoviana/Projetos/crypto-etl/.venv/lib/python3.12/site-packages/airflow/example_dags/example_sla_dag.py for tasks to queue
[2024-07-22T22:38:43.973-0300] {logging_mixin.py:188} INFO - [2024-07-22T22:38:43.972-0300] {dagbag.py:545} INFO - Filling up the DagBag from /home/hugoviana/Projetos/crypto-etl/.venv/lib/python3.12/site-packages/airflow/example_dags/example_sla_dag.py
[2024-07-22T22:38:43.978-0300] {processor.py:840} INFO - DAG(s) 'example_sla_dag' retrieved from /home/hugoviana/Projetos/crypto-etl/.venv/lib/python3.12/site-packages/airflow/example_dags/example_sla_dag.py
[2024-07-22T22:38:43.986-0300] {logging_mixin.py:188} INFO - [2024-07-22T22:38:43.986-0300] {dag.py:3089} INFO - Sync 1 DAGs
[2024-07-22T22:38:43.998-0300] {logging_mixin.py:188} INFO - [2024-07-22T22:38:43.998-0300] {dag.py:3947} INFO - Setting next_dagrun for example_sla_dag to 2024-07-23 01:36:00+00:00, run_after=2024-07-23 01:38:00+00:00
[2024-07-22T22:38:44.014-0300] {processor.py:183} INFO - Processing /home/hugoviana/Projetos/crypto-etl/.venv/lib/python3.12/site-packages/airflow/example_dags/example_sla_dag.py took 0.047 seconds
