[2024-07-22T22:36:42.858-0300] {processor.py:161} INFO - Started process (PID=1050670) to work on /home/hugoviana/Projetos/crypto-etl/.venv/lib/python3.12/site-packages/airflow/example_dags/example_trigger_target_dag.py
[2024-07-22T22:36:42.859-0300] {processor.py:830} INFO - Processing file /home/hugoviana/Projetos/crypto-etl/.venv/lib/python3.12/site-packages/airflow/example_dags/example_trigger_target_dag.py for tasks to queue
[2024-07-22T22:36:42.860-0300] {logging_mixin.py:188} INFO - [2024-07-22T22:36:42.860-0300] {dagbag.py:545} INFO - Filling up the DagBag from /home/hugoviana/Projetos/crypto-etl/.venv/lib/python3.12/site-packages/airflow/example_dags/example_trigger_target_dag.py
[2024-07-22T22:36:42.863-0300] {processor.py:840} INFO - DAG(s) 'example_trigger_target_dag' retrieved from /home/hugoviana/Projetos/crypto-etl/.venv/lib/python3.12/site-packages/airflow/example_dags/example_trigger_target_dag.py
[2024-07-22T22:36:42.933-0300] {logging_mixin.py:188} INFO - [2024-07-22T22:36:42.933-0300] {override.py:1858} INFO - Created Permission View: can edit on DAG:example_trigger_target_dag
[2024-07-22T22:36:42.943-0300] {logging_mixin.py:188} INFO - [2024-07-22T22:36:42.943-0300] {override.py:1858} INFO - Created Permission View: can delete on DAG:example_trigger_target_dag
[2024-07-22T22:36:42.951-0300] {logging_mixin.py:188} INFO - [2024-07-22T22:36:42.950-0300] {override.py:1858} INFO - Created Permission View: can read on DAG:example_trigger_target_dag
[2024-07-22T22:36:42.951-0300] {logging_mixin.py:188} INFO - [2024-07-22T22:36:42.951-0300] {dag.py:3089} INFO - Sync 1 DAGs
[2024-07-22T22:36:42.957-0300] {logging_mixin.py:188} INFO - [2024-07-22T22:36:42.957-0300] {dag.py:3111} INFO - Creating ORM DAG for example_trigger_target_dag
[2024-07-22T22:36:42.957-0300] {logging_mixin.py:188} INFO - [2024-07-22T22:36:42.957-0300] {dag.py:3947} INFO - Setting next_dagrun for example_trigger_target_dag to None, run_after=None
[2024-07-22T22:36:42.973-0300] {processor.py:183} INFO - Processing /home/hugoviana/Projetos/crypto-etl/.venv/lib/python3.12/site-packages/airflow/example_dags/example_trigger_target_dag.py took 0.118 seconds
[2024-07-22T22:37:33.291-0300] {processor.py:161} INFO - Started process (PID=1051225) to work on /home/hugoviana/Projetos/crypto-etl/.venv/lib/python3.12/site-packages/airflow/example_dags/example_trigger_target_dag.py
[2024-07-22T22:37:33.293-0300] {processor.py:830} INFO - Processing file /home/hugoviana/Projetos/crypto-etl/.venv/lib/python3.12/site-packages/airflow/example_dags/example_trigger_target_dag.py for tasks to queue
[2024-07-22T22:37:33.294-0300] {logging_mixin.py:188} INFO - [2024-07-22T22:37:33.293-0300] {dagbag.py:545} INFO - Filling up the DagBag from /home/hugoviana/Projetos/crypto-etl/.venv/lib/python3.12/site-packages/airflow/example_dags/example_trigger_target_dag.py
[2024-07-22T22:37:33.299-0300] {processor.py:840} INFO - DAG(s) 'example_trigger_target_dag' retrieved from /home/hugoviana/Projetos/crypto-etl/.venv/lib/python3.12/site-packages/airflow/example_dags/example_trigger_target_dag.py
[2024-07-22T22:37:33.309-0300] {logging_mixin.py:188} INFO - [2024-07-22T22:37:33.309-0300] {dag.py:3089} INFO - Sync 1 DAGs
[2024-07-22T22:37:33.316-0300] {logging_mixin.py:188} INFO - [2024-07-22T22:37:33.316-0300] {dag.py:3947} INFO - Setting next_dagrun for example_trigger_target_dag to None, run_after=None
[2024-07-22T22:37:33.334-0300] {processor.py:183} INFO - Processing /home/hugoviana/Projetos/crypto-etl/.venv/lib/python3.12/site-packages/airflow/example_dags/example_trigger_target_dag.py took 0.046 seconds
[2024-07-22T22:38:23.708-0300] {processor.py:161} INFO - Started process (PID=1051873) to work on /home/hugoviana/Projetos/crypto-etl/.venv/lib/python3.12/site-packages/airflow/example_dags/example_trigger_target_dag.py
[2024-07-22T22:38:23.713-0300] {processor.py:830} INFO - Processing file /home/hugoviana/Projetos/crypto-etl/.venv/lib/python3.12/site-packages/airflow/example_dags/example_trigger_target_dag.py for tasks to queue
[2024-07-22T22:38:23.715-0300] {logging_mixin.py:188} INFO - [2024-07-22T22:38:23.714-0300] {dagbag.py:545} INFO - Filling up the DagBag from /home/hugoviana/Projetos/crypto-etl/.venv/lib/python3.12/site-packages/airflow/example_dags/example_trigger_target_dag.py
[2024-07-22T22:38:23.720-0300] {processor.py:840} INFO - DAG(s) 'example_trigger_target_dag' retrieved from /home/hugoviana/Projetos/crypto-etl/.venv/lib/python3.12/site-packages/airflow/example_dags/example_trigger_target_dag.py
[2024-07-22T22:38:23.733-0300] {logging_mixin.py:188} INFO - [2024-07-22T22:38:23.733-0300] {dag.py:3089} INFO - Sync 1 DAGs
[2024-07-22T22:38:23.743-0300] {logging_mixin.py:188} INFO - [2024-07-22T22:38:23.742-0300] {dag.py:3947} INFO - Setting next_dagrun for example_trigger_target_dag to None, run_after=None
[2024-07-22T22:38:23.764-0300] {processor.py:183} INFO - Processing /home/hugoviana/Projetos/crypto-etl/.venv/lib/python3.12/site-packages/airflow/example_dags/example_trigger_target_dag.py took 0.061 seconds
