[2024-07-22T22:37:02.470-0300] {processor.py:161} INFO - Started process (PID=1050810) to work on /home/hugoviana/Projetos/crypto-etl/.venv/lib/python3.12/site-packages/airflow/example_dags/example_bash_operator.py
[2024-07-22T22:37:02.470-0300] {processor.py:830} INFO - Processing file /home/hugoviana/Projetos/crypto-etl/.venv/lib/python3.12/site-packages/airflow/example_dags/example_bash_operator.py for tasks to queue
[2024-07-22T22:37:02.471-0300] {logging_mixin.py:188} INFO - [2024-07-22T22:37:02.471-0300] {dagbag.py:545} INFO - Filling up the DagBag from /home/hugoviana/Projetos/crypto-etl/.venv/lib/python3.12/site-packages/airflow/example_dags/example_bash_operator.py
[2024-07-22T22:37:02.478-0300] {processor.py:840} INFO - DAG(s) 'example_bash_operator' retrieved from /home/hugoviana/Projetos/crypto-etl/.venv/lib/python3.12/site-packages/airflow/example_dags/example_bash_operator.py
[2024-07-22T22:37:02.552-0300] {logging_mixin.py:188} INFO - [2024-07-22T22:37:02.551-0300] {override.py:1858} INFO - Created Permission View: can edit on DAG:example_bash_operator
[2024-07-22T22:37:02.562-0300] {logging_mixin.py:188} INFO - [2024-07-22T22:37:02.562-0300] {override.py:1858} INFO - Created Permission View: can delete on DAG:example_bash_operator
[2024-07-22T22:37:02.571-0300] {logging_mixin.py:188} INFO - [2024-07-22T22:37:02.570-0300] {override.py:1858} INFO - Created Permission View: can read on DAG:example_bash_operator
[2024-07-22T22:37:02.571-0300] {logging_mixin.py:188} INFO - [2024-07-22T22:37:02.571-0300] {dag.py:3089} INFO - Sync 1 DAGs
[2024-07-22T22:37:02.579-0300] {logging_mixin.py:188} INFO - [2024-07-22T22:37:02.579-0300] {dag.py:3111} INFO - Creating ORM DAG for example_bash_operator
[2024-07-22T22:37:02.586-0300] {logging_mixin.py:188} INFO - [2024-07-22T22:37:02.586-0300] {dag.py:3947} INFO - Setting next_dagrun for example_bash_operator to 2024-07-22 00:00:00+00:00, run_after=2024-07-23 00:00:00+00:00
[2024-07-22T22:37:02.602-0300] {processor.py:183} INFO - Processing /home/hugoviana/Projetos/crypto-etl/.venv/lib/python3.12/site-packages/airflow/example_dags/example_bash_operator.py took 0.136 seconds
[2024-07-22T22:38:06.324-0300] {processor.py:161} INFO - Started process (PID=1051619) to work on /home/hugoviana/Projetos/crypto-etl/.venv/lib/python3.12/site-packages/airflow/example_dags/example_bash_operator.py
[2024-07-22T22:38:06.330-0300] {processor.py:830} INFO - Processing file /home/hugoviana/Projetos/crypto-etl/.venv/lib/python3.12/site-packages/airflow/example_dags/example_bash_operator.py for tasks to queue
[2024-07-22T22:38:06.331-0300] {logging_mixin.py:188} INFO - [2024-07-22T22:38:06.331-0300] {dagbag.py:545} INFO - Filling up the DagBag from /home/hugoviana/Projetos/crypto-etl/.venv/lib/python3.12/site-packages/airflow/example_dags/example_bash_operator.py
[2024-07-22T22:38:06.338-0300] {processor.py:840} INFO - DAG(s) 'example_bash_operator' retrieved from /home/hugoviana/Projetos/crypto-etl/.venv/lib/python3.12/site-packages/airflow/example_dags/example_bash_operator.py
[2024-07-22T22:38:06.356-0300] {logging_mixin.py:188} INFO - [2024-07-22T22:38:06.356-0300] {dag.py:3089} INFO - Sync 1 DAGs
[2024-07-22T22:38:06.370-0300] {logging_mixin.py:188} INFO - [2024-07-22T22:38:06.370-0300] {dag.py:3947} INFO - Setting next_dagrun for example_bash_operator to 2024-07-22 00:00:00+00:00, run_after=2024-07-23 00:00:00+00:00
[2024-07-22T22:38:06.388-0300] {processor.py:183} INFO - Processing /home/hugoviana/Projetos/crypto-etl/.venv/lib/python3.12/site-packages/airflow/example_dags/example_bash_operator.py took 0.068 seconds
[2024-07-22T22:39:10.264-0300] {processor.py:161} INFO - Started process (PID=1052489) to work on /home/hugoviana/Projetos/crypto-etl/.venv/lib/python3.12/site-packages/airflow/example_dags/example_bash_operator.py
[2024-07-22T22:39:10.269-0300] {processor.py:830} INFO - Processing file /home/hugoviana/Projetos/crypto-etl/.venv/lib/python3.12/site-packages/airflow/example_dags/example_bash_operator.py for tasks to queue
[2024-07-22T22:39:10.270-0300] {logging_mixin.py:188} INFO - [2024-07-22T22:39:10.270-0300] {dagbag.py:545} INFO - Filling up the DagBag from /home/hugoviana/Projetos/crypto-etl/.venv/lib/python3.12/site-packages/airflow/example_dags/example_bash_operator.py
[2024-07-22T22:39:10.279-0300] {processor.py:840} INFO - DAG(s) 'example_bash_operator' retrieved from /home/hugoviana/Projetos/crypto-etl/.venv/lib/python3.12/site-packages/airflow/example_dags/example_bash_operator.py
[2024-07-22T22:39:10.295-0300] {logging_mixin.py:188} INFO - [2024-07-22T22:39:10.295-0300] {dag.py:3089} INFO - Sync 1 DAGs
[2024-07-22T22:39:10.309-0300] {logging_mixin.py:188} INFO - [2024-07-22T22:39:10.309-0300] {dag.py:3947} INFO - Setting next_dagrun for example_bash_operator to 2024-07-22 00:00:00+00:00, run_after=2024-07-23 00:00:00+00:00
[2024-07-22T22:39:10.327-0300] {processor.py:183} INFO - Processing /home/hugoviana/Projetos/crypto-etl/.venv/lib/python3.12/site-packages/airflow/example_dags/example_bash_operator.py took 0.068 seconds
