[2024-07-22T22:36:25.685-0300] {processor.py:161} INFO - Started process (PID=1050484) to work on /home/hugoviana/Projetos/crypto-etl/.venv/lib/python3.12/site-packages/airflow/example_dags/example_branch_labels.py
[2024-07-22T22:36:25.685-0300] {processor.py:830} INFO - Processing file /home/hugoviana/Projetos/crypto-etl/.venv/lib/python3.12/site-packages/airflow/example_dags/example_branch_labels.py for tasks to queue
[2024-07-22T22:36:25.686-0300] {logging_mixin.py:188} INFO - [2024-07-22T22:36:25.686-0300] {dagbag.py:545} INFO - Filling up the DagBag from /home/hugoviana/Projetos/crypto-etl/.venv/lib/python3.12/site-packages/airflow/example_dags/example_branch_labels.py
[2024-07-22T22:36:25.692-0300] {processor.py:840} INFO - DAG(s) 'example_branch_labels' retrieved from /home/hugoviana/Projetos/crypto-etl/.venv/lib/python3.12/site-packages/airflow/example_dags/example_branch_labels.py
[2024-07-22T22:36:25.762-0300] {logging_mixin.py:188} INFO - [2024-07-22T22:36:25.761-0300] {override.py:1858} INFO - Created Permission View: can edit on DAG:example_branch_labels
[2024-07-22T22:36:25.773-0300] {logging_mixin.py:188} INFO - [2024-07-22T22:36:25.773-0300] {override.py:1858} INFO - Created Permission View: can delete on DAG:example_branch_labels
[2024-07-22T22:36:25.783-0300] {logging_mixin.py:188} INFO - [2024-07-22T22:36:25.783-0300] {override.py:1858} INFO - Created Permission View: can read on DAG:example_branch_labels
[2024-07-22T22:36:25.783-0300] {logging_mixin.py:188} INFO - [2024-07-22T22:36:25.783-0300] {dag.py:3089} INFO - Sync 1 DAGs
[2024-07-22T22:36:25.789-0300] {logging_mixin.py:188} INFO - [2024-07-22T22:36:25.789-0300] {dag.py:3111} INFO - Creating ORM DAG for example_branch_labels
[2024-07-22T22:36:25.796-0300] {logging_mixin.py:188} INFO - [2024-07-22T22:36:25.795-0300] {dag.py:3947} INFO - Setting next_dagrun for example_branch_labels to 2024-07-22 00:00:00+00:00, run_after=2024-07-23 00:00:00+00:00
[2024-07-22T22:36:25.812-0300] {processor.py:183} INFO - Processing /home/hugoviana/Projetos/crypto-etl/.venv/lib/python3.12/site-packages/airflow/example_dags/example_branch_labels.py took 0.131 seconds
[2024-07-22T22:37:17.877-0300] {processor.py:161} INFO - Started process (PID=1051113) to work on /home/hugoviana/Projetos/crypto-etl/.venv/lib/python3.12/site-packages/airflow/example_dags/example_branch_labels.py
[2024-07-22T22:37:17.882-0300] {processor.py:830} INFO - Processing file /home/hugoviana/Projetos/crypto-etl/.venv/lib/python3.12/site-packages/airflow/example_dags/example_branch_labels.py for tasks to queue
[2024-07-22T22:37:17.883-0300] {logging_mixin.py:188} INFO - [2024-07-22T22:37:17.883-0300] {dagbag.py:545} INFO - Filling up the DagBag from /home/hugoviana/Projetos/crypto-etl/.venv/lib/python3.12/site-packages/airflow/example_dags/example_branch_labels.py
[2024-07-22T22:37:17.890-0300] {processor.py:840} INFO - DAG(s) 'example_branch_labels' retrieved from /home/hugoviana/Projetos/crypto-etl/.venv/lib/python3.12/site-packages/airflow/example_dags/example_branch_labels.py
[2024-07-22T22:37:17.902-0300] {logging_mixin.py:188} INFO - [2024-07-22T22:37:17.902-0300] {dag.py:3089} INFO - Sync 1 DAGs
[2024-07-22T22:37:17.917-0300] {logging_mixin.py:188} INFO - [2024-07-22T22:37:17.916-0300] {dag.py:3947} INFO - Setting next_dagrun for example_branch_labels to 2024-07-22 00:00:00+00:00, run_after=2024-07-23 00:00:00+00:00
[2024-07-22T22:37:17.933-0300] {processor.py:183} INFO - Processing /home/hugoviana/Projetos/crypto-etl/.venv/lib/python3.12/site-packages/airflow/example_dags/example_branch_labels.py took 0.060 seconds
[2024-07-22T22:38:01.174-0300] {processor.py:161} INFO - Started process (PID=1051586) to work on /home/hugoviana/Projetos/crypto-etl/.venv/lib/python3.12/site-packages/airflow/example_dags/example_branch_labels.py
[2024-07-22T22:38:01.176-0300] {processor.py:830} INFO - Processing file /home/hugoviana/Projetos/crypto-etl/.venv/lib/python3.12/site-packages/airflow/example_dags/example_branch_labels.py for tasks to queue
[2024-07-22T22:38:01.177-0300] {logging_mixin.py:188} INFO - [2024-07-22T22:38:01.177-0300] {dagbag.py:545} INFO - Filling up the DagBag from /home/hugoviana/Projetos/crypto-etl/.venv/lib/python3.12/site-packages/airflow/example_dags/example_branch_labels.py
[2024-07-22T22:38:01.182-0300] {processor.py:840} INFO - DAG(s) 'example_branch_labels' retrieved from /home/hugoviana/Projetos/crypto-etl/.venv/lib/python3.12/site-packages/airflow/example_dags/example_branch_labels.py
[2024-07-22T22:38:01.193-0300] {logging_mixin.py:188} INFO - [2024-07-22T22:38:01.193-0300] {dag.py:3089} INFO - Sync 1 DAGs
[2024-07-22T22:38:01.209-0300] {logging_mixin.py:188} INFO - [2024-07-22T22:38:01.209-0300] {dag.py:3947} INFO - Setting next_dagrun for example_branch_labels to 2024-07-22 00:00:00+00:00, run_after=2024-07-23 00:00:00+00:00
[2024-07-22T22:38:01.229-0300] {processor.py:183} INFO - Processing /home/hugoviana/Projetos/crypto-etl/.venv/lib/python3.12/site-packages/airflow/example_dags/example_branch_labels.py took 0.059 seconds
[2024-07-22T22:38:52.501-0300] {processor.py:161} INFO - Started process (PID=1052159) to work on /home/hugoviana/Projetos/crypto-etl/.venv/lib/python3.12/site-packages/airflow/example_dags/example_branch_labels.py
[2024-07-22T22:38:52.506-0300] {processor.py:830} INFO - Processing file /home/hugoviana/Projetos/crypto-etl/.venv/lib/python3.12/site-packages/airflow/example_dags/example_branch_labels.py for tasks to queue
[2024-07-22T22:38:52.507-0300] {logging_mixin.py:188} INFO - [2024-07-22T22:38:52.507-0300] {dagbag.py:545} INFO - Filling up the DagBag from /home/hugoviana/Projetos/crypto-etl/.venv/lib/python3.12/site-packages/airflow/example_dags/example_branch_labels.py
[2024-07-22T22:38:52.513-0300] {processor.py:840} INFO - DAG(s) 'example_branch_labels' retrieved from /home/hugoviana/Projetos/crypto-etl/.venv/lib/python3.12/site-packages/airflow/example_dags/example_branch_labels.py
[2024-07-22T22:38:52.524-0300] {logging_mixin.py:188} INFO - [2024-07-22T22:38:52.524-0300] {dag.py:3089} INFO - Sync 1 DAGs
[2024-07-22T22:38:52.536-0300] {logging_mixin.py:188} INFO - [2024-07-22T22:38:52.536-0300] {dag.py:3947} INFO - Setting next_dagrun for example_branch_labels to 2024-07-22 00:00:00+00:00, run_after=2024-07-23 00:00:00+00:00
[2024-07-22T22:38:52.553-0300] {processor.py:183} INFO - Processing /home/hugoviana/Projetos/crypto-etl/.venv/lib/python3.12/site-packages/airflow/example_dags/example_branch_labels.py took 0.057 seconds
