[2024-07-22T22:36:22.004-0300] {processor.py:161} INFO - Started process (PID=1050396) to work on /home/hugoviana/Projetos/crypto-etl/.venv/lib/python3.12/site-packages/airflow/example_dags/example_params_trigger_ui.py
[2024-07-22T22:36:22.004-0300] {processor.py:830} INFO - Processing file /home/hugoviana/Projetos/crypto-etl/.venv/lib/python3.12/site-packages/airflow/example_dags/example_params_trigger_ui.py for tasks to queue
[2024-07-22T22:36:22.005-0300] {logging_mixin.py:188} INFO - [2024-07-22T22:36:22.005-0300] {dagbag.py:545} INFO - Filling up the DagBag from /home/hugoviana/Projetos/crypto-etl/.venv/lib/python3.12/site-packages/airflow/example_dags/example_params_trigger_ui.py
[2024-07-22T22:36:22.014-0300] {processor.py:840} INFO - DAG(s) 'example_params_trigger_ui' retrieved from /home/hugoviana/Projetos/crypto-etl/.venv/lib/python3.12/site-packages/airflow/example_dags/example_params_trigger_ui.py
[2024-07-22T22:36:22.092-0300] {logging_mixin.py:188} INFO - [2024-07-22T22:36:22.091-0300] {override.py:1858} INFO - Created Permission View: can edit on DAG:example_params_trigger_ui
[2024-07-22T22:36:22.100-0300] {logging_mixin.py:188} INFO - [2024-07-22T22:36:22.100-0300] {override.py:1858} INFO - Created Permission View: can delete on DAG:example_params_trigger_ui
[2024-07-22T22:36:22.108-0300] {logging_mixin.py:188} INFO - [2024-07-22T22:36:22.108-0300] {override.py:1858} INFO - Created Permission View: can read on DAG:example_params_trigger_ui
[2024-07-22T22:36:22.108-0300] {logging_mixin.py:188} INFO - [2024-07-22T22:36:22.108-0300] {dag.py:3089} INFO - Sync 1 DAGs
[2024-07-22T22:36:22.114-0300] {logging_mixin.py:188} INFO - [2024-07-22T22:36:22.114-0300] {dag.py:3111} INFO - Creating ORM DAG for example_params_trigger_ui
[2024-07-22T22:36:22.114-0300] {logging_mixin.py:188} INFO - [2024-07-22T22:36:22.114-0300] {dag.py:3947} INFO - Setting next_dagrun for example_params_trigger_ui to None, run_after=None
[2024-07-22T22:36:22.131-0300] {processor.py:183} INFO - Processing /home/hugoviana/Projetos/crypto-etl/.venv/lib/python3.12/site-packages/airflow/example_dags/example_params_trigger_ui.py took 0.130 seconds
[2024-07-22T22:37:15.000-0300] {processor.py:161} INFO - Started process (PID=1051092) to work on /home/hugoviana/Projetos/crypto-etl/.venv/lib/python3.12/site-packages/airflow/example_dags/example_params_trigger_ui.py
[2024-07-22T22:37:15.006-0300] {processor.py:830} INFO - Processing file /home/hugoviana/Projetos/crypto-etl/.venv/lib/python3.12/site-packages/airflow/example_dags/example_params_trigger_ui.py for tasks to queue
[2024-07-22T22:37:15.007-0300] {logging_mixin.py:188} INFO - [2024-07-22T22:37:15.007-0300] {dagbag.py:545} INFO - Filling up the DagBag from /home/hugoviana/Projetos/crypto-etl/.venv/lib/python3.12/site-packages/airflow/example_dags/example_params_trigger_ui.py
[2024-07-22T22:37:15.015-0300] {processor.py:840} INFO - DAG(s) 'example_params_trigger_ui' retrieved from /home/hugoviana/Projetos/crypto-etl/.venv/lib/python3.12/site-packages/airflow/example_dags/example_params_trigger_ui.py
[2024-07-22T22:37:15.037-0300] {logging_mixin.py:188} INFO - [2024-07-22T22:37:15.037-0300] {dag.py:3089} INFO - Sync 1 DAGs
[2024-07-22T22:37:15.043-0300] {logging_mixin.py:188} INFO - [2024-07-22T22:37:15.043-0300] {dag.py:3947} INFO - Setting next_dagrun for example_params_trigger_ui to None, run_after=None
[2024-07-22T22:37:15.059-0300] {processor.py:183} INFO - Processing /home/hugoviana/Projetos/crypto-etl/.venv/lib/python3.12/site-packages/airflow/example_dags/example_params_trigger_ui.py took 0.062 seconds
[2024-07-22T22:37:57.788-0300] {processor.py:161} INFO - Started process (PID=1051559) to work on /home/hugoviana/Projetos/crypto-etl/.venv/lib/python3.12/site-packages/airflow/example_dags/example_params_trigger_ui.py
[2024-07-22T22:37:57.794-0300] {processor.py:830} INFO - Processing file /home/hugoviana/Projetos/crypto-etl/.venv/lib/python3.12/site-packages/airflow/example_dags/example_params_trigger_ui.py for tasks to queue
[2024-07-22T22:37:57.795-0300] {logging_mixin.py:188} INFO - [2024-07-22T22:37:57.795-0300] {dagbag.py:545} INFO - Filling up the DagBag from /home/hugoviana/Projetos/crypto-etl/.venv/lib/python3.12/site-packages/airflow/example_dags/example_params_trigger_ui.py
[2024-07-22T22:37:57.801-0300] {processor.py:840} INFO - DAG(s) 'example_params_trigger_ui' retrieved from /home/hugoviana/Projetos/crypto-etl/.venv/lib/python3.12/site-packages/airflow/example_dags/example_params_trigger_ui.py
[2024-07-22T22:37:57.820-0300] {logging_mixin.py:188} INFO - [2024-07-22T22:37:57.820-0300] {dag.py:3089} INFO - Sync 1 DAGs
[2024-07-22T22:37:57.827-0300] {logging_mixin.py:188} INFO - [2024-07-22T22:37:57.827-0300] {dag.py:3947} INFO - Setting next_dagrun for example_params_trigger_ui to None, run_after=None
[2024-07-22T22:37:57.843-0300] {processor.py:183} INFO - Processing /home/hugoviana/Projetos/crypto-etl/.venv/lib/python3.12/site-packages/airflow/example_dags/example_params_trigger_ui.py took 0.058 seconds
[2024-07-22T22:38:40.002-0300] {processor.py:161} INFO - Started process (PID=1052033) to work on /home/hugoviana/Projetos/crypto-etl/.venv/lib/python3.12/site-packages/airflow/example_dags/example_params_trigger_ui.py
[2024-07-22T22:38:40.003-0300] {processor.py:830} INFO - Processing file /home/hugoviana/Projetos/crypto-etl/.venv/lib/python3.12/site-packages/airflow/example_dags/example_params_trigger_ui.py for tasks to queue
[2024-07-22T22:38:40.005-0300] {logging_mixin.py:188} INFO - [2024-07-22T22:38:40.004-0300] {dagbag.py:545} INFO - Filling up the DagBag from /home/hugoviana/Projetos/crypto-etl/.venv/lib/python3.12/site-packages/airflow/example_dags/example_params_trigger_ui.py
[2024-07-22T22:38:40.011-0300] {processor.py:840} INFO - DAG(s) 'example_params_trigger_ui' retrieved from /home/hugoviana/Projetos/crypto-etl/.venv/lib/python3.12/site-packages/airflow/example_dags/example_params_trigger_ui.py
[2024-07-22T22:38:40.033-0300] {logging_mixin.py:188} INFO - [2024-07-22T22:38:40.032-0300] {dag.py:3089} INFO - Sync 1 DAGs
[2024-07-22T22:38:40.041-0300] {logging_mixin.py:188} INFO - [2024-07-22T22:38:40.041-0300] {dag.py:3947} INFO - Setting next_dagrun for example_params_trigger_ui to None, run_after=None
[2024-07-22T22:38:40.063-0300] {processor.py:183} INFO - Processing /home/hugoviana/Projetos/crypto-etl/.venv/lib/python3.12/site-packages/airflow/example_dags/example_params_trigger_ui.py took 0.064 seconds
[2024-07-22T22:39:22.286-0300] {processor.py:161} INFO - Started process (PID=1052718) to work on /home/hugoviana/Projetos/crypto-etl/.venv/lib/python3.12/site-packages/airflow/example_dags/example_params_trigger_ui.py
[2024-07-22T22:39:22.287-0300] {processor.py:830} INFO - Processing file /home/hugoviana/Projetos/crypto-etl/.venv/lib/python3.12/site-packages/airflow/example_dags/example_params_trigger_ui.py for tasks to queue
[2024-07-22T22:39:22.288-0300] {logging_mixin.py:188} INFO - [2024-07-22T22:39:22.288-0300] {dagbag.py:545} INFO - Filling up the DagBag from /home/hugoviana/Projetos/crypto-etl/.venv/lib/python3.12/site-packages/airflow/example_dags/example_params_trigger_ui.py
[2024-07-22T22:39:22.296-0300] {processor.py:840} INFO - DAG(s) 'example_params_trigger_ui' retrieved from /home/hugoviana/Projetos/crypto-etl/.venv/lib/python3.12/site-packages/airflow/example_dags/example_params_trigger_ui.py
[2024-07-22T22:39:22.325-0300] {logging_mixin.py:188} INFO - [2024-07-22T22:39:22.325-0300] {dag.py:3089} INFO - Sync 1 DAGs
[2024-07-22T22:39:22.336-0300] {logging_mixin.py:188} INFO - [2024-07-22T22:39:22.336-0300] {dag.py:3947} INFO - Setting next_dagrun for example_params_trigger_ui to None, run_after=None
[2024-07-22T22:39:22.359-0300] {processor.py:183} INFO - Processing /home/hugoviana/Projetos/crypto-etl/.venv/lib/python3.12/site-packages/airflow/example_dags/example_params_trigger_ui.py took 0.077 seconds
