[2024-07-22T22:36:36.384-0300] {processor.py:161} INFO - Started process (PID=1050628) to work on /home/hugoviana/Projetos/crypto-etl/.venv/lib/python3.12/site-packages/airflow/example_dags/example_time_delta_sensor_async.py
[2024-07-22T22:36:36.385-0300] {processor.py:830} INFO - Processing file /home/hugoviana/Projetos/crypto-etl/.venv/lib/python3.12/site-packages/airflow/example_dags/example_time_delta_sensor_async.py for tasks to queue
[2024-07-22T22:36:36.386-0300] {logging_mixin.py:188} INFO - [2024-07-22T22:36:36.385-0300] {dagbag.py:545} INFO - Filling up the DagBag from /home/hugoviana/Projetos/crypto-etl/.venv/lib/python3.12/site-packages/airflow/example_dags/example_time_delta_sensor_async.py
[2024-07-22T22:36:36.389-0300] {processor.py:840} INFO - DAG(s) 'example_time_delta_sensor_async' retrieved from /home/hugoviana/Projetos/crypto-etl/.venv/lib/python3.12/site-packages/airflow/example_dags/example_time_delta_sensor_async.py
[2024-07-22T22:36:36.459-0300] {logging_mixin.py:188} INFO - [2024-07-22T22:36:36.459-0300] {override.py:1858} INFO - Created Permission View: can edit on DAG:example_time_delta_sensor_async
[2024-07-22T22:36:36.469-0300] {logging_mixin.py:188} INFO - [2024-07-22T22:36:36.468-0300] {override.py:1858} INFO - Created Permission View: can delete on DAG:example_time_delta_sensor_async
[2024-07-22T22:36:36.477-0300] {logging_mixin.py:188} INFO - [2024-07-22T22:36:36.476-0300] {override.py:1858} INFO - Created Permission View: can read on DAG:example_time_delta_sensor_async
[2024-07-22T22:36:36.477-0300] {logging_mixin.py:188} INFO - [2024-07-22T22:36:36.477-0300] {dag.py:3089} INFO - Sync 1 DAGs
[2024-07-22T22:36:36.484-0300] {logging_mixin.py:188} INFO - [2024-07-22T22:36:36.484-0300] {dag.py:3111} INFO - Creating ORM DAG for example_time_delta_sensor_async
[2024-07-22T22:36:36.484-0300] {logging_mixin.py:188} INFO - [2024-07-22T22:36:36.484-0300] {dag.py:3947} INFO - Setting next_dagrun for example_time_delta_sensor_async to None, run_after=None
[2024-07-22T22:36:36.498-0300] {processor.py:183} INFO - Processing /home/hugoviana/Projetos/crypto-etl/.venv/lib/python3.12/site-packages/airflow/example_dags/example_time_delta_sensor_async.py took 0.118 seconds
[2024-07-22T22:37:28.151-0300] {processor.py:161} INFO - Started process (PID=1051186) to work on /home/hugoviana/Projetos/crypto-etl/.venv/lib/python3.12/site-packages/airflow/example_dags/example_time_delta_sensor_async.py
[2024-07-22T22:37:28.152-0300] {processor.py:830} INFO - Processing file /home/hugoviana/Projetos/crypto-etl/.venv/lib/python3.12/site-packages/airflow/example_dags/example_time_delta_sensor_async.py for tasks to queue
[2024-07-22T22:37:28.153-0300] {logging_mixin.py:188} INFO - [2024-07-22T22:37:28.153-0300] {dagbag.py:545} INFO - Filling up the DagBag from /home/hugoviana/Projetos/crypto-etl/.venv/lib/python3.12/site-packages/airflow/example_dags/example_time_delta_sensor_async.py
[2024-07-22T22:37:28.156-0300] {processor.py:840} INFO - DAG(s) 'example_time_delta_sensor_async' retrieved from /home/hugoviana/Projetos/crypto-etl/.venv/lib/python3.12/site-packages/airflow/example_dags/example_time_delta_sensor_async.py
[2024-07-22T22:37:28.166-0300] {logging_mixin.py:188} INFO - [2024-07-22T22:37:28.166-0300] {dag.py:3089} INFO - Sync 1 DAGs
[2024-07-22T22:37:28.173-0300] {logging_mixin.py:188} INFO - [2024-07-22T22:37:28.173-0300] {dag.py:3947} INFO - Setting next_dagrun for example_time_delta_sensor_async to None, run_after=None
[2024-07-22T22:37:28.191-0300] {processor.py:183} INFO - Processing /home/hugoviana/Projetos/crypto-etl/.venv/lib/python3.12/site-packages/airflow/example_dags/example_time_delta_sensor_async.py took 0.044 seconds
[2024-07-22T22:38:17.718-0300] {processor.py:161} INFO - Started process (PID=1051816) to work on /home/hugoviana/Projetos/crypto-etl/.venv/lib/python3.12/site-packages/airflow/example_dags/example_time_delta_sensor_async.py
[2024-07-22T22:38:17.719-0300] {processor.py:830} INFO - Processing file /home/hugoviana/Projetos/crypto-etl/.venv/lib/python3.12/site-packages/airflow/example_dags/example_time_delta_sensor_async.py for tasks to queue
[2024-07-22T22:38:17.720-0300] {logging_mixin.py:188} INFO - [2024-07-22T22:38:17.720-0300] {dagbag.py:545} INFO - Filling up the DagBag from /home/hugoviana/Projetos/crypto-etl/.venv/lib/python3.12/site-packages/airflow/example_dags/example_time_delta_sensor_async.py
[2024-07-22T22:38:17.725-0300] {processor.py:840} INFO - DAG(s) 'example_time_delta_sensor_async' retrieved from /home/hugoviana/Projetos/crypto-etl/.venv/lib/python3.12/site-packages/airflow/example_dags/example_time_delta_sensor_async.py
[2024-07-22T22:38:17.737-0300] {logging_mixin.py:188} INFO - [2024-07-22T22:38:17.736-0300] {dag.py:3089} INFO - Sync 1 DAGs
[2024-07-22T22:38:17.743-0300] {logging_mixin.py:188} INFO - [2024-07-22T22:38:17.743-0300] {dag.py:3947} INFO - Setting next_dagrun for example_time_delta_sensor_async to None, run_after=None
[2024-07-22T22:38:17.760-0300] {processor.py:183} INFO - Processing /home/hugoviana/Projetos/crypto-etl/.venv/lib/python3.12/site-packages/airflow/example_dags/example_time_delta_sensor_async.py took 0.046 seconds
[2024-07-22T22:39:02.763-0300] {processor.py:161} INFO - Started process (PID=1052328) to work on /home/hugoviana/Projetos/crypto-etl/.venv/lib/python3.12/site-packages/airflow/example_dags/example_time_delta_sensor_async.py
[2024-07-22T22:39:02.769-0300] {processor.py:830} INFO - Processing file /home/hugoviana/Projetos/crypto-etl/.venv/lib/python3.12/site-packages/airflow/example_dags/example_time_delta_sensor_async.py for tasks to queue
[2024-07-22T22:39:02.770-0300] {logging_mixin.py:188} INFO - [2024-07-22T22:39:02.770-0300] {dagbag.py:545} INFO - Filling up the DagBag from /home/hugoviana/Projetos/crypto-etl/.venv/lib/python3.12/site-packages/airflow/example_dags/example_time_delta_sensor_async.py
[2024-07-22T22:39:02.773-0300] {processor.py:840} INFO - DAG(s) 'example_time_delta_sensor_async' retrieved from /home/hugoviana/Projetos/crypto-etl/.venv/lib/python3.12/site-packages/airflow/example_dags/example_time_delta_sensor_async.py
[2024-07-22T22:39:02.783-0300] {logging_mixin.py:188} INFO - [2024-07-22T22:39:02.782-0300] {dag.py:3089} INFO - Sync 1 DAGs
[2024-07-22T22:39:02.790-0300] {logging_mixin.py:188} INFO - [2024-07-22T22:39:02.789-0300] {dag.py:3947} INFO - Setting next_dagrun for example_time_delta_sensor_async to None, run_after=None
[2024-07-22T22:39:02.807-0300] {processor.py:183} INFO - Processing /home/hugoviana/Projetos/crypto-etl/.venv/lib/python3.12/site-packages/airflow/example_dags/example_time_delta_sensor_async.py took 0.048 seconds
