[2024-07-22T22:36:56.142-0300] {processor.py:161} INFO - Started process (PID=1050768) to work on /home/hugoviana/Projetos/crypto-etl/.venv/lib/python3.12/site-packages/airflow/example_dags/example_setup_teardown_taskflow.py
[2024-07-22T22:36:56.143-0300] {processor.py:830} INFO - Processing file /home/hugoviana/Projetos/crypto-etl/.venv/lib/python3.12/site-packages/airflow/example_dags/example_setup_teardown_taskflow.py for tasks to queue
[2024-07-22T22:36:56.144-0300] {logging_mixin.py:188} INFO - [2024-07-22T22:36:56.143-0300] {dagbag.py:545} INFO - Filling up the DagBag from /home/hugoviana/Projetos/crypto-etl/.venv/lib/python3.12/site-packages/airflow/example_dags/example_setup_teardown_taskflow.py
[2024-07-22T22:36:56.150-0300] {processor.py:840} INFO - DAG(s) 'example_setup_teardown_taskflow' retrieved from /home/hugoviana/Projetos/crypto-etl/.venv/lib/python3.12/site-packages/airflow/example_dags/example_setup_teardown_taskflow.py
[2024-07-22T22:36:56.216-0300] {logging_mixin.py:188} INFO - [2024-07-22T22:36:56.216-0300] {override.py:1858} INFO - Created Permission View: can edit on DAG:example_setup_teardown_taskflow
[2024-07-22T22:36:56.228-0300] {logging_mixin.py:188} INFO - [2024-07-22T22:36:56.228-0300] {override.py:1858} INFO - Created Permission View: can delete on DAG:example_setup_teardown_taskflow
[2024-07-22T22:36:56.236-0300] {logging_mixin.py:188} INFO - [2024-07-22T22:36:56.236-0300] {override.py:1858} INFO - Created Permission View: can read on DAG:example_setup_teardown_taskflow
[2024-07-22T22:36:56.236-0300] {logging_mixin.py:188} INFO - [2024-07-22T22:36:56.236-0300] {dag.py:3089} INFO - Sync 1 DAGs
[2024-07-22T22:36:56.242-0300] {logging_mixin.py:188} INFO - [2024-07-22T22:36:56.242-0300] {dag.py:3111} INFO - Creating ORM DAG for example_setup_teardown_taskflow
[2024-07-22T22:36:56.247-0300] {logging_mixin.py:188} INFO - [2024-07-22T22:36:56.247-0300] {dag.py:3947} INFO - Setting next_dagrun for example_setup_teardown_taskflow to 2024-07-22 00:00:00+00:00, run_after=2024-07-23 00:00:00+00:00
[2024-07-22T22:36:56.264-0300] {processor.py:183} INFO - Processing /home/hugoviana/Projetos/crypto-etl/.venv/lib/python3.12/site-packages/airflow/example_dags/example_setup_teardown_taskflow.py took 0.125 seconds
[2024-07-22T22:37:45.832-0300] {processor.py:161} INFO - Started process (PID=1051410) to work on /home/hugoviana/Projetos/crypto-etl/.venv/lib/python3.12/site-packages/airflow/example_dags/example_setup_teardown_taskflow.py
[2024-07-22T22:37:45.838-0300] {processor.py:830} INFO - Processing file /home/hugoviana/Projetos/crypto-etl/.venv/lib/python3.12/site-packages/airflow/example_dags/example_setup_teardown_taskflow.py for tasks to queue
[2024-07-22T22:37:45.840-0300] {logging_mixin.py:188} INFO - [2024-07-22T22:37:45.840-0300] {dagbag.py:545} INFO - Filling up the DagBag from /home/hugoviana/Projetos/crypto-etl/.venv/lib/python3.12/site-packages/airflow/example_dags/example_setup_teardown_taskflow.py
[2024-07-22T22:37:45.847-0300] {processor.py:840} INFO - DAG(s) 'example_setup_teardown_taskflow' retrieved from /home/hugoviana/Projetos/crypto-etl/.venv/lib/python3.12/site-packages/airflow/example_dags/example_setup_teardown_taskflow.py
[2024-07-22T22:37:45.861-0300] {logging_mixin.py:188} INFO - [2024-07-22T22:37:45.861-0300] {dag.py:3089} INFO - Sync 1 DAGs
[2024-07-22T22:37:45.875-0300] {logging_mixin.py:188} INFO - [2024-07-22T22:37:45.875-0300] {dag.py:3947} INFO - Setting next_dagrun for example_setup_teardown_taskflow to 2024-07-22 00:00:00+00:00, run_after=2024-07-23 00:00:00+00:00
[2024-07-22T22:37:45.896-0300] {processor.py:183} INFO - Processing /home/hugoviana/Projetos/crypto-etl/.venv/lib/python3.12/site-packages/airflow/example_dags/example_setup_teardown_taskflow.py took 0.067 seconds
[2024-07-22T22:38:49.619-0300] {processor.py:161} INFO - Started process (PID=1052126) to work on /home/hugoviana/Projetos/crypto-etl/.venv/lib/python3.12/site-packages/airflow/example_dags/example_setup_teardown_taskflow.py
[2024-07-22T22:38:49.625-0300] {processor.py:830} INFO - Processing file /home/hugoviana/Projetos/crypto-etl/.venv/lib/python3.12/site-packages/airflow/example_dags/example_setup_teardown_taskflow.py for tasks to queue
[2024-07-22T22:38:49.627-0300] {logging_mixin.py:188} INFO - [2024-07-22T22:38:49.626-0300] {dagbag.py:545} INFO - Filling up the DagBag from /home/hugoviana/Projetos/crypto-etl/.venv/lib/python3.12/site-packages/airflow/example_dags/example_setup_teardown_taskflow.py
[2024-07-22T22:38:49.633-0300] {processor.py:840} INFO - DAG(s) 'example_setup_teardown_taskflow' retrieved from /home/hugoviana/Projetos/crypto-etl/.venv/lib/python3.12/site-packages/airflow/example_dags/example_setup_teardown_taskflow.py
[2024-07-22T22:38:49.643-0300] {logging_mixin.py:188} INFO - [2024-07-22T22:38:49.643-0300] {dag.py:3089} INFO - Sync 1 DAGs
[2024-07-22T22:38:49.655-0300] {logging_mixin.py:188} INFO - [2024-07-22T22:38:49.655-0300] {dag.py:3947} INFO - Setting next_dagrun for example_setup_teardown_taskflow to 2024-07-22 00:00:00+00:00, run_after=2024-07-23 00:00:00+00:00
[2024-07-22T22:38:49.673-0300] {processor.py:183} INFO - Processing /home/hugoviana/Projetos/crypto-etl/.venv/lib/python3.12/site-packages/airflow/example_dags/example_setup_teardown_taskflow.py took 0.058 seconds
