[2024-07-22T22:36:31.146-0300] {processor.py:161} INFO - Started process (PID=1050593) to work on /home/hugoviana/Projetos/crypto-etl/.venv/lib/python3.12/site-packages/airflow/example_dags/example_task_group.py
[2024-07-22T22:36:31.147-0300] {processor.py:830} INFO - Processing file /home/hugoviana/Projetos/crypto-etl/.venv/lib/python3.12/site-packages/airflow/example_dags/example_task_group.py for tasks to queue
[2024-07-22T22:36:31.148-0300] {logging_mixin.py:188} INFO - [2024-07-22T22:36:31.147-0300] {dagbag.py:545} INFO - Filling up the DagBag from /home/hugoviana/Projetos/crypto-etl/.venv/lib/python3.12/site-packages/airflow/example_dags/example_task_group.py
[2024-07-22T22:36:31.154-0300] {processor.py:840} INFO - DAG(s) 'example_task_group' retrieved from /home/hugoviana/Projetos/crypto-etl/.venv/lib/python3.12/site-packages/airflow/example_dags/example_task_group.py
[2024-07-22T22:36:31.229-0300] {logging_mixin.py:188} INFO - [2024-07-22T22:36:31.228-0300] {override.py:1858} INFO - Created Permission View: can edit on DAG:example_task_group
[2024-07-22T22:36:31.239-0300] {logging_mixin.py:188} INFO - [2024-07-22T22:36:31.239-0300] {override.py:1858} INFO - Created Permission View: can delete on DAG:example_task_group
[2024-07-22T22:36:31.248-0300] {logging_mixin.py:188} INFO - [2024-07-22T22:36:31.247-0300] {override.py:1858} INFO - Created Permission View: can read on DAG:example_task_group
[2024-07-22T22:36:31.248-0300] {logging_mixin.py:188} INFO - [2024-07-22T22:36:31.248-0300] {dag.py:3089} INFO - Sync 1 DAGs
[2024-07-22T22:36:31.254-0300] {logging_mixin.py:188} INFO - [2024-07-22T22:36:31.254-0300] {dag.py:3111} INFO - Creating ORM DAG for example_task_group
[2024-07-22T22:36:31.259-0300] {logging_mixin.py:188} INFO - [2024-07-22T22:36:31.259-0300] {dag.py:3947} INFO - Setting next_dagrun for example_task_group to 2024-07-22 00:00:00+00:00, run_after=2024-07-23 00:00:00+00:00
[2024-07-22T22:36:31.273-0300] {processor.py:183} INFO - Processing /home/hugoviana/Projetos/crypto-etl/.venv/lib/python3.12/site-packages/airflow/example_dags/example_task_group.py took 0.131 seconds
[2024-07-22T22:37:23.012-0300] {processor.py:161} INFO - Started process (PID=1051151) to work on /home/hugoviana/Projetos/crypto-etl/.venv/lib/python3.12/site-packages/airflow/example_dags/example_task_group.py
[2024-07-22T22:37:23.013-0300] {processor.py:830} INFO - Processing file /home/hugoviana/Projetos/crypto-etl/.venv/lib/python3.12/site-packages/airflow/example_dags/example_task_group.py for tasks to queue
[2024-07-22T22:37:23.014-0300] {logging_mixin.py:188} INFO - [2024-07-22T22:37:23.014-0300] {dagbag.py:545} INFO - Filling up the DagBag from /home/hugoviana/Projetos/crypto-etl/.venv/lib/python3.12/site-packages/airflow/example_dags/example_task_group.py
[2024-07-22T22:37:23.019-0300] {processor.py:840} INFO - DAG(s) 'example_task_group' retrieved from /home/hugoviana/Projetos/crypto-etl/.venv/lib/python3.12/site-packages/airflow/example_dags/example_task_group.py
[2024-07-22T22:37:23.031-0300] {logging_mixin.py:188} INFO - [2024-07-22T22:37:23.030-0300] {dag.py:3089} INFO - Sync 1 DAGs
[2024-07-22T22:37:23.043-0300] {logging_mixin.py:188} INFO - [2024-07-22T22:37:23.043-0300] {dag.py:3947} INFO - Setting next_dagrun for example_task_group to 2024-07-22 00:00:00+00:00, run_after=2024-07-23 00:00:00+00:00
[2024-07-22T22:37:23.059-0300] {processor.py:183} INFO - Processing /home/hugoviana/Projetos/crypto-etl/.venv/lib/python3.12/site-packages/airflow/example_dags/example_task_group.py took 0.051 seconds
[2024-07-22T22:38:12.449-0300] {processor.py:161} INFO - Started process (PID=1051707) to work on /home/hugoviana/Projetos/crypto-etl/.venv/lib/python3.12/site-packages/airflow/example_dags/example_task_group.py
[2024-07-22T22:38:12.455-0300] {processor.py:830} INFO - Processing file /home/hugoviana/Projetos/crypto-etl/.venv/lib/python3.12/site-packages/airflow/example_dags/example_task_group.py for tasks to queue
[2024-07-22T22:38:12.456-0300] {logging_mixin.py:188} INFO - [2024-07-22T22:38:12.455-0300] {dagbag.py:545} INFO - Filling up the DagBag from /home/hugoviana/Projetos/crypto-etl/.venv/lib/python3.12/site-packages/airflow/example_dags/example_task_group.py
[2024-07-22T22:38:12.460-0300] {processor.py:840} INFO - DAG(s) 'example_task_group' retrieved from /home/hugoviana/Projetos/crypto-etl/.venv/lib/python3.12/site-packages/airflow/example_dags/example_task_group.py
[2024-07-22T22:38:12.473-0300] {logging_mixin.py:188} INFO - [2024-07-22T22:38:12.473-0300] {dag.py:3089} INFO - Sync 1 DAGs
[2024-07-22T22:38:12.485-0300] {logging_mixin.py:188} INFO - [2024-07-22T22:38:12.485-0300] {dag.py:3947} INFO - Setting next_dagrun for example_task_group to 2024-07-22 00:00:00+00:00, run_after=2024-07-23 00:00:00+00:00
[2024-07-22T22:38:12.500-0300] {processor.py:183} INFO - Processing /home/hugoviana/Projetos/crypto-etl/.venv/lib/python3.12/site-packages/airflow/example_dags/example_task_group.py took 0.055 seconds
[2024-07-22T22:38:57.121-0300] {processor.py:161} INFO - Started process (PID=1052203) to work on /home/hugoviana/Projetos/crypto-etl/.venv/lib/python3.12/site-packages/airflow/example_dags/example_task_group.py
[2024-07-22T22:38:57.126-0300] {processor.py:830} INFO - Processing file /home/hugoviana/Projetos/crypto-etl/.venv/lib/python3.12/site-packages/airflow/example_dags/example_task_group.py for tasks to queue
[2024-07-22T22:38:57.128-0300] {logging_mixin.py:188} INFO - [2024-07-22T22:38:57.127-0300] {dagbag.py:545} INFO - Filling up the DagBag from /home/hugoviana/Projetos/crypto-etl/.venv/lib/python3.12/site-packages/airflow/example_dags/example_task_group.py
[2024-07-22T22:38:57.133-0300] {processor.py:840} INFO - DAG(s) 'example_task_group' retrieved from /home/hugoviana/Projetos/crypto-etl/.venv/lib/python3.12/site-packages/airflow/example_dags/example_task_group.py
[2024-07-22T22:38:57.145-0300] {logging_mixin.py:188} INFO - [2024-07-22T22:38:57.145-0300] {dag.py:3089} INFO - Sync 1 DAGs
[2024-07-22T22:38:57.158-0300] {logging_mixin.py:188} INFO - [2024-07-22T22:38:57.158-0300] {dag.py:3947} INFO - Setting next_dagrun for example_task_group to 2024-07-22 00:00:00+00:00, run_after=2024-07-23 00:00:00+00:00
[2024-07-22T22:38:57.176-0300] {processor.py:183} INFO - Processing /home/hugoviana/Projetos/crypto-etl/.venv/lib/python3.12/site-packages/airflow/example_dags/example_task_group.py took 0.059 seconds
