[2024-07-22T22:36:37.619-0300] {processor.py:161} INFO - Started process (PID=1050635) to work on /home/hugoviana/Projetos/crypto-etl/.venv/lib/python3.12/site-packages/airflow/example_dags/example_branch_python_dop_operator_3.py
[2024-07-22T22:36:37.619-0300] {processor.py:830} INFO - Processing file /home/hugoviana/Projetos/crypto-etl/.venv/lib/python3.12/site-packages/airflow/example_dags/example_branch_python_dop_operator_3.py for tasks to queue
[2024-07-22T22:36:37.620-0300] {logging_mixin.py:188} INFO - [2024-07-22T22:36:37.620-0300] {dagbag.py:545} INFO - Filling up the DagBag from /home/hugoviana/Projetos/crypto-etl/.venv/lib/python3.12/site-packages/airflow/example_dags/example_branch_python_dop_operator_3.py
[2024-07-22T22:36:37.625-0300] {processor.py:840} INFO - DAG(s) 'example_branch_dop_operator_v3' retrieved from /home/hugoviana/Projetos/crypto-etl/.venv/lib/python3.12/site-packages/airflow/example_dags/example_branch_python_dop_operator_3.py
[2024-07-22T22:36:37.683-0300] {logging_mixin.py:188} INFO - [2024-07-22T22:36:37.682-0300] {override.py:1858} INFO - Created Permission View: can edit on DAG:example_branch_dop_operator_v3
[2024-07-22T22:36:37.692-0300] {logging_mixin.py:188} INFO - [2024-07-22T22:36:37.692-0300] {override.py:1858} INFO - Created Permission View: can delete on DAG:example_branch_dop_operator_v3
[2024-07-22T22:36:37.701-0300] {logging_mixin.py:188} INFO - [2024-07-22T22:36:37.700-0300] {override.py:1858} INFO - Created Permission View: can read on DAG:example_branch_dop_operator_v3
[2024-07-22T22:36:37.701-0300] {logging_mixin.py:188} INFO - [2024-07-22T22:36:37.701-0300] {dag.py:3089} INFO - Sync 1 DAGs
[2024-07-22T22:36:37.708-0300] {logging_mixin.py:188} INFO - [2024-07-22T22:36:37.708-0300] {dag.py:3111} INFO - Creating ORM DAG for example_branch_dop_operator_v3
[2024-07-22T22:36:37.713-0300] {logging_mixin.py:188} INFO - [2024-07-22T22:36:37.713-0300] {dag.py:3947} INFO - Setting next_dagrun for example_branch_dop_operator_v3 to 2024-07-23 01:35:00+00:00, run_after=2024-07-23 01:36:00+00:00
[2024-07-22T22:36:37.728-0300] {processor.py:183} INFO - Processing /home/hugoviana/Projetos/crypto-etl/.venv/lib/python3.12/site-packages/airflow/example_dags/example_branch_python_dop_operator_3.py took 0.111 seconds
[2024-07-22T22:37:29.289-0300] {processor.py:161} INFO - Started process (PID=1051193) to work on /home/hugoviana/Projetos/crypto-etl/.venv/lib/python3.12/site-packages/airflow/example_dags/example_branch_python_dop_operator_3.py
[2024-07-22T22:37:29.290-0300] {processor.py:830} INFO - Processing file /home/hugoviana/Projetos/crypto-etl/.venv/lib/python3.12/site-packages/airflow/example_dags/example_branch_python_dop_operator_3.py for tasks to queue
[2024-07-22T22:37:29.291-0300] {logging_mixin.py:188} INFO - [2024-07-22T22:37:29.291-0300] {dagbag.py:545} INFO - Filling up the DagBag from /home/hugoviana/Projetos/crypto-etl/.venv/lib/python3.12/site-packages/airflow/example_dags/example_branch_python_dop_operator_3.py
[2024-07-22T22:37:29.298-0300] {processor.py:840} INFO - DAG(s) 'example_branch_dop_operator_v3' retrieved from /home/hugoviana/Projetos/crypto-etl/.venv/lib/python3.12/site-packages/airflow/example_dags/example_branch_python_dop_operator_3.py
[2024-07-22T22:37:29.308-0300] {logging_mixin.py:188} INFO - [2024-07-22T22:37:29.308-0300] {dag.py:3089} INFO - Sync 1 DAGs
[2024-07-22T22:37:29.321-0300] {logging_mixin.py:188} INFO - [2024-07-22T22:37:29.321-0300] {dag.py:3947} INFO - Setting next_dagrun for example_branch_dop_operator_v3 to 2024-07-23 01:36:00+00:00, run_after=2024-07-23 01:37:00+00:00
[2024-07-22T22:37:29.341-0300] {processor.py:183} INFO - Processing /home/hugoviana/Projetos/crypto-etl/.venv/lib/python3.12/site-packages/airflow/example_dags/example_branch_python_dop_operator_3.py took 0.057 seconds
[2024-07-22T22:38:18.843-0300] {processor.py:161} INFO - Started process (PID=1051823) to work on /home/hugoviana/Projetos/crypto-etl/.venv/lib/python3.12/site-packages/airflow/example_dags/example_branch_python_dop_operator_3.py
[2024-07-22T22:38:18.848-0300] {processor.py:830} INFO - Processing file /home/hugoviana/Projetos/crypto-etl/.venv/lib/python3.12/site-packages/airflow/example_dags/example_branch_python_dop_operator_3.py for tasks to queue
[2024-07-22T22:38:18.850-0300] {logging_mixin.py:188} INFO - [2024-07-22T22:38:18.849-0300] {dagbag.py:545} INFO - Filling up the DagBag from /home/hugoviana/Projetos/crypto-etl/.venv/lib/python3.12/site-packages/airflow/example_dags/example_branch_python_dop_operator_3.py
[2024-07-22T22:38:18.856-0300] {processor.py:840} INFO - DAG(s) 'example_branch_dop_operator_v3' retrieved from /home/hugoviana/Projetos/crypto-etl/.venv/lib/python3.12/site-packages/airflow/example_dags/example_branch_python_dop_operator_3.py
[2024-07-22T22:38:18.868-0300] {logging_mixin.py:188} INFO - [2024-07-22T22:38:18.868-0300] {dag.py:3089} INFO - Sync 1 DAGs
[2024-07-22T22:38:18.882-0300] {logging_mixin.py:188} INFO - [2024-07-22T22:38:18.882-0300] {dag.py:3947} INFO - Setting next_dagrun for example_branch_dop_operator_v3 to 2024-07-23 01:37:00+00:00, run_after=2024-07-23 01:38:00+00:00
[2024-07-22T22:38:18.899-0300] {processor.py:183} INFO - Processing /home/hugoviana/Projetos/crypto-etl/.venv/lib/python3.12/site-packages/airflow/example_dags/example_branch_python_dop_operator_3.py took 0.060 seconds
[2024-07-22T22:39:03.101-0300] {processor.py:161} INFO - Started process (PID=1052329) to work on /home/hugoviana/Projetos/crypto-etl/.venv/lib/python3.12/site-packages/airflow/example_dags/example_branch_python_dop_operator_3.py
[2024-07-22T22:39:03.102-0300] {processor.py:830} INFO - Processing file /home/hugoviana/Projetos/crypto-etl/.venv/lib/python3.12/site-packages/airflow/example_dags/example_branch_python_dop_operator_3.py for tasks to queue
[2024-07-22T22:39:03.104-0300] {logging_mixin.py:188} INFO - [2024-07-22T22:39:03.103-0300] {dagbag.py:545} INFO - Filling up the DagBag from /home/hugoviana/Projetos/crypto-etl/.venv/lib/python3.12/site-packages/airflow/example_dags/example_branch_python_dop_operator_3.py
[2024-07-22T22:39:03.110-0300] {processor.py:840} INFO - DAG(s) 'example_branch_dop_operator_v3' retrieved from /home/hugoviana/Projetos/crypto-etl/.venv/lib/python3.12/site-packages/airflow/example_dags/example_branch_python_dop_operator_3.py
[2024-07-22T22:39:03.123-0300] {logging_mixin.py:188} INFO - [2024-07-22T22:39:03.122-0300] {dag.py:3089} INFO - Sync 1 DAGs
[2024-07-22T22:39:03.137-0300] {logging_mixin.py:188} INFO - [2024-07-22T22:39:03.136-0300] {dag.py:3947} INFO - Setting next_dagrun for example_branch_dop_operator_v3 to 2024-07-23 01:38:00+00:00, run_after=2024-07-23 01:39:00+00:00
[2024-07-22T22:39:03.155-0300] {processor.py:183} INFO - Processing /home/hugoviana/Projetos/crypto-etl/.venv/lib/python3.12/site-packages/airflow/example_dags/example_branch_python_dop_operator_3.py took 0.058 seconds
