[2024-07-22T22:36:50.558-0300] {processor.py:161} INFO - Started process (PID=1050728) to work on /home/hugoviana/Projetos/crypto-etl/.venv/lib/python3.12/site-packages/airflow/example_dags/example_task_group_decorator.py
[2024-07-22T22:36:50.558-0300] {processor.py:830} INFO - Processing file /home/hugoviana/Projetos/crypto-etl/.venv/lib/python3.12/site-packages/airflow/example_dags/example_task_group_decorator.py for tasks to queue
[2024-07-22T22:36:50.559-0300] {logging_mixin.py:188} INFO - [2024-07-22T22:36:50.559-0300] {dagbag.py:545} INFO - Filling up the DagBag from /home/hugoviana/Projetos/crypto-etl/.venv/lib/python3.12/site-packages/airflow/example_dags/example_task_group_decorator.py
[2024-07-22T22:36:50.567-0300] {processor.py:840} INFO - DAG(s) 'example_task_group_decorator' retrieved from /home/hugoviana/Projetos/crypto-etl/.venv/lib/python3.12/site-packages/airflow/example_dags/example_task_group_decorator.py
[2024-07-22T22:36:50.640-0300] {logging_mixin.py:188} INFO - [2024-07-22T22:36:50.639-0300] {override.py:1858} INFO - Created Permission View: can edit on DAG:example_task_group_decorator
[2024-07-22T22:36:50.651-0300] {logging_mixin.py:188} INFO - [2024-07-22T22:36:50.651-0300] {override.py:1858} INFO - Created Permission View: can delete on DAG:example_task_group_decorator
[2024-07-22T22:36:50.660-0300] {logging_mixin.py:188} INFO - [2024-07-22T22:36:50.660-0300] {override.py:1858} INFO - Created Permission View: can read on DAG:example_task_group_decorator
[2024-07-22T22:36:50.660-0300] {logging_mixin.py:188} INFO - [2024-07-22T22:36:50.660-0300] {dag.py:3089} INFO - Sync 1 DAGs
[2024-07-22T22:36:50.668-0300] {logging_mixin.py:188} INFO - [2024-07-22T22:36:50.668-0300] {dag.py:3111} INFO - Creating ORM DAG for example_task_group_decorator
[2024-07-22T22:36:50.674-0300] {logging_mixin.py:188} INFO - [2024-07-22T22:36:50.674-0300] {dag.py:3947} INFO - Setting next_dagrun for example_task_group_decorator to 2024-07-22 00:00:00+00:00, run_after=2024-07-23 00:00:00+00:00
[2024-07-22T22:36:50.691-0300] {processor.py:183} INFO - Processing /home/hugoviana/Projetos/crypto-etl/.venv/lib/python3.12/site-packages/airflow/example_dags/example_task_group_decorator.py took 0.136 seconds
[2024-07-22T22:37:40.692-0300] {processor.py:161} INFO - Started process (PID=1051309) to work on /home/hugoviana/Projetos/crypto-etl/.venv/lib/python3.12/site-packages/airflow/example_dags/example_task_group_decorator.py
[2024-07-22T22:37:40.698-0300] {processor.py:830} INFO - Processing file /home/hugoviana/Projetos/crypto-etl/.venv/lib/python3.12/site-packages/airflow/example_dags/example_task_group_decorator.py for tasks to queue
[2024-07-22T22:37:40.700-0300] {logging_mixin.py:188} INFO - [2024-07-22T22:37:40.699-0300] {dagbag.py:545} INFO - Filling up the DagBag from /home/hugoviana/Projetos/crypto-etl/.venv/lib/python3.12/site-packages/airflow/example_dags/example_task_group_decorator.py
[2024-07-22T22:37:40.708-0300] {processor.py:840} INFO - DAG(s) 'example_task_group_decorator' retrieved from /home/hugoviana/Projetos/crypto-etl/.venv/lib/python3.12/site-packages/airflow/example_dags/example_task_group_decorator.py
[2024-07-22T22:37:40.721-0300] {logging_mixin.py:188} INFO - [2024-07-22T22:37:40.721-0300] {dag.py:3089} INFO - Sync 1 DAGs
[2024-07-22T22:37:40.733-0300] {logging_mixin.py:188} INFO - [2024-07-22T22:37:40.733-0300] {dag.py:3947} INFO - Setting next_dagrun for example_task_group_decorator to 2024-07-22 00:00:00+00:00, run_after=2024-07-23 00:00:00+00:00
[2024-07-22T22:37:40.750-0300] {processor.py:183} INFO - Processing /home/hugoviana/Projetos/crypto-etl/.venv/lib/python3.12/site-packages/airflow/example_dags/example_task_group_decorator.py took 0.061 seconds
[2024-07-22T22:38:42.842-0300] {processor.py:161} INFO - Started process (PID=1052060) to work on /home/hugoviana/Projetos/crypto-etl/.venv/lib/python3.12/site-packages/airflow/example_dags/example_task_group_decorator.py
[2024-07-22T22:38:42.843-0300] {processor.py:830} INFO - Processing file /home/hugoviana/Projetos/crypto-etl/.venv/lib/python3.12/site-packages/airflow/example_dags/example_task_group_decorator.py for tasks to queue
[2024-07-22T22:38:42.845-0300] {logging_mixin.py:188} INFO - [2024-07-22T22:38:42.844-0300] {dagbag.py:545} INFO - Filling up the DagBag from /home/hugoviana/Projetos/crypto-etl/.venv/lib/python3.12/site-packages/airflow/example_dags/example_task_group_decorator.py
[2024-07-22T22:38:42.854-0300] {processor.py:840} INFO - DAG(s) 'example_task_group_decorator' retrieved from /home/hugoviana/Projetos/crypto-etl/.venv/lib/python3.12/site-packages/airflow/example_dags/example_task_group_decorator.py
[2024-07-22T22:38:42.866-0300] {logging_mixin.py:188} INFO - [2024-07-22T22:38:42.866-0300] {dag.py:3089} INFO - Sync 1 DAGs
[2024-07-22T22:38:42.880-0300] {logging_mixin.py:188} INFO - [2024-07-22T22:38:42.880-0300] {dag.py:3947} INFO - Setting next_dagrun for example_task_group_decorator to 2024-07-22 00:00:00+00:00, run_after=2024-07-23 00:00:00+00:00
[2024-07-22T22:38:42.900-0300] {processor.py:183} INFO - Processing /home/hugoviana/Projetos/crypto-etl/.venv/lib/python3.12/site-packages/airflow/example_dags/example_task_group_decorator.py took 0.063 seconds
