[2024-07-22T22:37:05.039-0300] {processor.py:161} INFO - Started process (PID=1050830) to work on /home/hugoviana/Projetos/crypto-etl/.venv/lib/python3.12/site-packages/airflow/example_dags/example_branch_day_of_week_operator.py
[2024-07-22T22:37:05.039-0300] {processor.py:830} INFO - Processing file /home/hugoviana/Projetos/crypto-etl/.venv/lib/python3.12/site-packages/airflow/example_dags/example_branch_day_of_week_operator.py for tasks to queue
[2024-07-22T22:37:05.040-0300] {logging_mixin.py:188} INFO - [2024-07-22T22:37:05.040-0300] {dagbag.py:545} INFO - Filling up the DagBag from /home/hugoviana/Projetos/crypto-etl/.venv/lib/python3.12/site-packages/airflow/example_dags/example_branch_day_of_week_operator.py
[2024-07-22T22:37:05.045-0300] {processor.py:840} INFO - DAG(s) 'example_weekday_branch_operator' retrieved from /home/hugoviana/Projetos/crypto-etl/.venv/lib/python3.12/site-packages/airflow/example_dags/example_branch_day_of_week_operator.py
[2024-07-22T22:37:05.117-0300] {logging_mixin.py:188} INFO - [2024-07-22T22:37:05.117-0300] {override.py:1858} INFO - Created Permission View: can edit on DAG:example_weekday_branch_operator
[2024-07-22T22:37:05.127-0300] {logging_mixin.py:188} INFO - [2024-07-22T22:37:05.127-0300] {override.py:1858} INFO - Created Permission View: can delete on DAG:example_weekday_branch_operator
[2024-07-22T22:37:05.136-0300] {logging_mixin.py:188} INFO - [2024-07-22T22:37:05.136-0300] {override.py:1858} INFO - Created Permission View: can read on DAG:example_weekday_branch_operator
[2024-07-22T22:37:05.137-0300] {logging_mixin.py:188} INFO - [2024-07-22T22:37:05.136-0300] {dag.py:3089} INFO - Sync 1 DAGs
[2024-07-22T22:37:05.148-0300] {logging_mixin.py:188} INFO - [2024-07-22T22:37:05.147-0300] {dag.py:3111} INFO - Creating ORM DAG for example_weekday_branch_operator
[2024-07-22T22:37:05.154-0300] {logging_mixin.py:188} INFO - [2024-07-22T22:37:05.154-0300] {dag.py:3947} INFO - Setting next_dagrun for example_weekday_branch_operator to 2024-07-22 00:00:00+00:00, run_after=2024-07-23 00:00:00+00:00
[2024-07-22T22:37:05.173-0300] {processor.py:183} INFO - Processing /home/hugoviana/Projetos/crypto-etl/.venv/lib/python3.12/site-packages/airflow/example_dags/example_branch_day_of_week_operator.py took 0.138 seconds
[2024-07-22T22:38:08.584-0300] {processor.py:161} INFO - Started process (PID=1051638) to work on /home/hugoviana/Projetos/crypto-etl/.venv/lib/python3.12/site-packages/airflow/example_dags/example_branch_day_of_week_operator.py
[2024-07-22T22:38:08.585-0300] {processor.py:830} INFO - Processing file /home/hugoviana/Projetos/crypto-etl/.venv/lib/python3.12/site-packages/airflow/example_dags/example_branch_day_of_week_operator.py for tasks to queue
[2024-07-22T22:38:08.586-0300] {logging_mixin.py:188} INFO - [2024-07-22T22:38:08.586-0300] {dagbag.py:545} INFO - Filling up the DagBag from /home/hugoviana/Projetos/crypto-etl/.venv/lib/python3.12/site-packages/airflow/example_dags/example_branch_day_of_week_operator.py
[2024-07-22T22:38:08.593-0300] {processor.py:840} INFO - DAG(s) 'example_weekday_branch_operator' retrieved from /home/hugoviana/Projetos/crypto-etl/.venv/lib/python3.12/site-packages/airflow/example_dags/example_branch_day_of_week_operator.py
[2024-07-22T22:38:08.606-0300] {logging_mixin.py:188} INFO - [2024-07-22T22:38:08.606-0300] {dag.py:3089} INFO - Sync 1 DAGs
[2024-07-22T22:38:08.620-0300] {logging_mixin.py:188} INFO - [2024-07-22T22:38:08.620-0300] {dag.py:3947} INFO - Setting next_dagrun for example_weekday_branch_operator to 2024-07-22 00:00:00+00:00, run_after=2024-07-23 00:00:00+00:00
[2024-07-22T22:38:08.638-0300] {processor.py:183} INFO - Processing /home/hugoviana/Projetos/crypto-etl/.venv/lib/python3.12/site-packages/airflow/example_dags/example_branch_day_of_week_operator.py took 0.058 seconds
[2024-07-22T22:39:11.021-0300] {processor.py:161} INFO - Started process (PID=1052540) to work on /home/hugoviana/Projetos/crypto-etl/.venv/lib/python3.12/site-packages/airflow/example_dags/example_branch_day_of_week_operator.py
[2024-07-22T22:39:11.022-0300] {processor.py:830} INFO - Processing file /home/hugoviana/Projetos/crypto-etl/.venv/lib/python3.12/site-packages/airflow/example_dags/example_branch_day_of_week_operator.py for tasks to queue
[2024-07-22T22:39:11.024-0300] {logging_mixin.py:188} INFO - [2024-07-22T22:39:11.024-0300] {dagbag.py:545} INFO - Filling up the DagBag from /home/hugoviana/Projetos/crypto-etl/.venv/lib/python3.12/site-packages/airflow/example_dags/example_branch_day_of_week_operator.py
[2024-07-22T22:39:11.029-0300] {processor.py:840} INFO - DAG(s) 'example_weekday_branch_operator' retrieved from /home/hugoviana/Projetos/crypto-etl/.venv/lib/python3.12/site-packages/airflow/example_dags/example_branch_day_of_week_operator.py
[2024-07-22T22:39:11.041-0300] {logging_mixin.py:188} INFO - [2024-07-22T22:39:11.041-0300] {dag.py:3089} INFO - Sync 1 DAGs
[2024-07-22T22:39:11.055-0300] {logging_mixin.py:188} INFO - [2024-07-22T22:39:11.055-0300] {dag.py:3947} INFO - Setting next_dagrun for example_weekday_branch_operator to 2024-07-22 00:00:00+00:00, run_after=2024-07-23 00:00:00+00:00
[2024-07-22T22:39:11.072-0300] {processor.py:183} INFO - Processing /home/hugoviana/Projetos/crypto-etl/.venv/lib/python3.12/site-packages/airflow/example_dags/example_branch_day_of_week_operator.py took 0.055 seconds
