[2024-07-22T22:36:46.562-0300] {processor.py:161} INFO - Started process (PID=1050698) to work on /home/hugoviana/Projetos/crypto-etl/.venv/lib/python3.12/site-packages/airflow/example_dags/example_latest_only_with_trigger.py
[2024-07-22T22:36:46.563-0300] {processor.py:830} INFO - Processing file /home/hugoviana/Projetos/crypto-etl/.venv/lib/python3.12/site-packages/airflow/example_dags/example_latest_only_with_trigger.py for tasks to queue
[2024-07-22T22:36:46.564-0300] {logging_mixin.py:188} INFO - [2024-07-22T22:36:46.564-0300] {dagbag.py:545} INFO - Filling up the DagBag from /home/hugoviana/Projetos/crypto-etl/.venv/lib/python3.12/site-packages/airflow/example_dags/example_latest_only_with_trigger.py
[2024-07-22T22:36:46.568-0300] {processor.py:840} INFO - DAG(s) 'latest_only_with_trigger' retrieved from /home/hugoviana/Projetos/crypto-etl/.venv/lib/python3.12/site-packages/airflow/example_dags/example_latest_only_with_trigger.py
[2024-07-22T22:36:46.636-0300] {logging_mixin.py:188} INFO - [2024-07-22T22:36:46.636-0300] {override.py:1858} INFO - Created Permission View: can edit on DAG:latest_only_with_trigger
[2024-07-22T22:36:46.648-0300] {logging_mixin.py:188} INFO - [2024-07-22T22:36:46.647-0300] {override.py:1858} INFO - Created Permission View: can delete on DAG:latest_only_with_trigger
[2024-07-22T22:36:46.657-0300] {logging_mixin.py:188} INFO - [2024-07-22T22:36:46.656-0300] {override.py:1858} INFO - Created Permission View: can read on DAG:latest_only_with_trigger
[2024-07-22T22:36:46.657-0300] {logging_mixin.py:188} INFO - [2024-07-22T22:36:46.657-0300] {dag.py:3089} INFO - Sync 1 DAGs
[2024-07-22T22:36:46.666-0300] {logging_mixin.py:188} INFO - [2024-07-22T22:36:46.665-0300] {dag.py:3111} INFO - Creating ORM DAG for latest_only_with_trigger
[2024-07-22T22:36:46.674-0300] {logging_mixin.py:188} INFO - [2024-07-22T22:36:46.673-0300] {dag.py:3947} INFO - Setting next_dagrun for latest_only_with_trigger to 2024-07-22 20:00:00+00:00, run_after=2024-07-23 00:00:00+00:00
[2024-07-22T22:36:46.693-0300] {processor.py:183} INFO - Processing /home/hugoviana/Projetos/crypto-etl/.venv/lib/python3.12/site-packages/airflow/example_dags/example_latest_only_with_trigger.py took 0.134 seconds
[2024-07-22T22:37:36.684-0300] {processor.py:161} INFO - Started process (PID=1051269) to work on /home/hugoviana/Projetos/crypto-etl/.venv/lib/python3.12/site-packages/airflow/example_dags/example_latest_only_with_trigger.py
[2024-07-22T22:37:36.687-0300] {processor.py:830} INFO - Processing file /home/hugoviana/Projetos/crypto-etl/.venv/lib/python3.12/site-packages/airflow/example_dags/example_latest_only_with_trigger.py for tasks to queue
[2024-07-22T22:37:36.689-0300] {logging_mixin.py:188} INFO - [2024-07-22T22:37:36.688-0300] {dagbag.py:545} INFO - Filling up the DagBag from /home/hugoviana/Projetos/crypto-etl/.venv/lib/python3.12/site-packages/airflow/example_dags/example_latest_only_with_trigger.py
[2024-07-22T22:37:36.693-0300] {processor.py:840} INFO - DAG(s) 'latest_only_with_trigger' retrieved from /home/hugoviana/Projetos/crypto-etl/.venv/lib/python3.12/site-packages/airflow/example_dags/example_latest_only_with_trigger.py
[2024-07-22T22:37:36.705-0300] {logging_mixin.py:188} INFO - [2024-07-22T22:37:36.705-0300] {dag.py:3089} INFO - Sync 1 DAGs
[2024-07-22T22:37:36.718-0300] {logging_mixin.py:188} INFO - [2024-07-22T22:37:36.717-0300] {dag.py:3947} INFO - Setting next_dagrun for latest_only_with_trigger to 2024-07-22 20:00:00+00:00, run_after=2024-07-23 00:00:00+00:00
[2024-07-22T22:37:36.736-0300] {processor.py:183} INFO - Processing /home/hugoviana/Projetos/crypto-etl/.venv/lib/python3.12/site-packages/airflow/example_dags/example_latest_only_with_trigger.py took 0.056 seconds
[2024-07-22T22:38:26.861-0300] {processor.py:161} INFO - Started process (PID=1051903) to work on /home/hugoviana/Projetos/crypto-etl/.venv/lib/python3.12/site-packages/airflow/example_dags/example_latest_only_with_trigger.py
[2024-07-22T22:38:26.866-0300] {processor.py:830} INFO - Processing file /home/hugoviana/Projetos/crypto-etl/.venv/lib/python3.12/site-packages/airflow/example_dags/example_latest_only_with_trigger.py for tasks to queue
[2024-07-22T22:38:26.867-0300] {logging_mixin.py:188} INFO - [2024-07-22T22:38:26.867-0300] {dagbag.py:545} INFO - Filling up the DagBag from /home/hugoviana/Projetos/crypto-etl/.venv/lib/python3.12/site-packages/airflow/example_dags/example_latest_only_with_trigger.py
[2024-07-22T22:38:26.871-0300] {processor.py:840} INFO - DAG(s) 'latest_only_with_trigger' retrieved from /home/hugoviana/Projetos/crypto-etl/.venv/lib/python3.12/site-packages/airflow/example_dags/example_latest_only_with_trigger.py
[2024-07-22T22:38:26.884-0300] {logging_mixin.py:188} INFO - [2024-07-22T22:38:26.883-0300] {dag.py:3089} INFO - Sync 1 DAGs
[2024-07-22T22:38:26.896-0300] {logging_mixin.py:188} INFO - [2024-07-22T22:38:26.896-0300] {dag.py:3947} INFO - Setting next_dagrun for latest_only_with_trigger to 2024-07-22 20:00:00+00:00, run_after=2024-07-23 00:00:00+00:00
[2024-07-22T22:38:26.913-0300] {processor.py:183} INFO - Processing /home/hugoviana/Projetos/crypto-etl/.venv/lib/python3.12/site-packages/airflow/example_dags/example_latest_only_with_trigger.py took 0.057 seconds
