[2024-07-22T22:36:57.233-0300] {processor.py:161} INFO - Started process (PID=1050775) to work on /home/hugoviana/Projetos/crypto-etl/.venv/lib/python3.12/site-packages/airflow/example_dags/example_trigger_controller_dag.py
[2024-07-22T22:36:57.233-0300] {processor.py:830} INFO - Processing file /home/hugoviana/Projetos/crypto-etl/.venv/lib/python3.12/site-packages/airflow/example_dags/example_trigger_controller_dag.py for tasks to queue
[2024-07-22T22:36:57.234-0300] {logging_mixin.py:188} INFO - [2024-07-22T22:36:57.234-0300] {dagbag.py:545} INFO - Filling up the DagBag from /home/hugoviana/Projetos/crypto-etl/.venv/lib/python3.12/site-packages/airflow/example_dags/example_trigger_controller_dag.py
[2024-07-22T22:36:57.238-0300] {processor.py:840} INFO - DAG(s) 'example_trigger_controller_dag' retrieved from /home/hugoviana/Projetos/crypto-etl/.venv/lib/python3.12/site-packages/airflow/example_dags/example_trigger_controller_dag.py
[2024-07-22T22:36:57.309-0300] {logging_mixin.py:188} INFO - [2024-07-22T22:36:57.309-0300] {override.py:1858} INFO - Created Permission View: can edit on DAG:example_trigger_controller_dag
[2024-07-22T22:36:57.318-0300] {logging_mixin.py:188} INFO - [2024-07-22T22:36:57.318-0300] {override.py:1858} INFO - Created Permission View: can delete on DAG:example_trigger_controller_dag
[2024-07-22T22:36:57.326-0300] {logging_mixin.py:188} INFO - [2024-07-22T22:36:57.326-0300] {override.py:1858} INFO - Created Permission View: can read on DAG:example_trigger_controller_dag
[2024-07-22T22:36:57.326-0300] {logging_mixin.py:188} INFO - [2024-07-22T22:36:57.326-0300] {dag.py:3089} INFO - Sync 1 DAGs
[2024-07-22T22:36:57.333-0300] {logging_mixin.py:188} INFO - [2024-07-22T22:36:57.332-0300] {dag.py:3111} INFO - Creating ORM DAG for example_trigger_controller_dag
[2024-07-22T22:36:57.338-0300] {logging_mixin.py:188} INFO - [2024-07-22T22:36:57.338-0300] {dag.py:3947} INFO - Setting next_dagrun for example_trigger_controller_dag to 2021-01-01 00:00:00+00:00, run_after=2021-01-01 00:00:00+00:00
[2024-07-22T22:36:57.356-0300] {processor.py:183} INFO - Processing /home/hugoviana/Projetos/crypto-etl/.venv/lib/python3.12/site-packages/airflow/example_dags/example_trigger_controller_dag.py took 0.127 seconds
[2024-07-22T22:37:46.957-0300] {processor.py:161} INFO - Started process (PID=1051420) to work on /home/hugoviana/Projetos/crypto-etl/.venv/lib/python3.12/site-packages/airflow/example_dags/example_trigger_controller_dag.py
[2024-07-22T22:37:46.963-0300] {processor.py:830} INFO - Processing file /home/hugoviana/Projetos/crypto-etl/.venv/lib/python3.12/site-packages/airflow/example_dags/example_trigger_controller_dag.py for tasks to queue
[2024-07-22T22:37:46.964-0300] {logging_mixin.py:188} INFO - [2024-07-22T22:37:46.964-0300] {dagbag.py:545} INFO - Filling up the DagBag from /home/hugoviana/Projetos/crypto-etl/.venv/lib/python3.12/site-packages/airflow/example_dags/example_trigger_controller_dag.py
[2024-07-22T22:37:46.967-0300] {processor.py:840} INFO - DAG(s) 'example_trigger_controller_dag' retrieved from /home/hugoviana/Projetos/crypto-etl/.venv/lib/python3.12/site-packages/airflow/example_dags/example_trigger_controller_dag.py
[2024-07-22T22:37:46.976-0300] {logging_mixin.py:188} INFO - [2024-07-22T22:37:46.976-0300] {dag.py:3089} INFO - Sync 1 DAGs
[2024-07-22T22:37:46.986-0300] {logging_mixin.py:188} INFO - [2024-07-22T22:37:46.986-0300] {dag.py:3947} INFO - Setting next_dagrun for example_trigger_controller_dag to 2021-01-01 00:00:00+00:00, run_after=2021-01-01 00:00:00+00:00
[2024-07-22T22:37:47.002-0300] {processor.py:183} INFO - Processing /home/hugoviana/Projetos/crypto-etl/.venv/lib/python3.12/site-packages/airflow/example_dags/example_trigger_controller_dag.py took 0.048 seconds
[2024-07-22T22:38:50.237-0300] {processor.py:161} INFO - Started process (PID=1052133) to work on /home/hugoviana/Projetos/crypto-etl/.venv/lib/python3.12/site-packages/airflow/example_dags/example_trigger_controller_dag.py
[2024-07-22T22:38:50.242-0300] {processor.py:830} INFO - Processing file /home/hugoviana/Projetos/crypto-etl/.venv/lib/python3.12/site-packages/airflow/example_dags/example_trigger_controller_dag.py for tasks to queue
[2024-07-22T22:38:50.243-0300] {logging_mixin.py:188} INFO - [2024-07-22T22:38:50.243-0300] {dagbag.py:545} INFO - Filling up the DagBag from /home/hugoviana/Projetos/crypto-etl/.venv/lib/python3.12/site-packages/airflow/example_dags/example_trigger_controller_dag.py
[2024-07-22T22:38:50.247-0300] {processor.py:840} INFO - DAG(s) 'example_trigger_controller_dag' retrieved from /home/hugoviana/Projetos/crypto-etl/.venv/lib/python3.12/site-packages/airflow/example_dags/example_trigger_controller_dag.py
[2024-07-22T22:38:50.256-0300] {logging_mixin.py:188} INFO - [2024-07-22T22:38:50.256-0300] {dag.py:3089} INFO - Sync 1 DAGs
[2024-07-22T22:38:50.267-0300] {logging_mixin.py:188} INFO - [2024-07-22T22:38:50.267-0300] {dag.py:3947} INFO - Setting next_dagrun for example_trigger_controller_dag to 2021-01-01 00:00:00+00:00, run_after=2021-01-01 00:00:00+00:00
[2024-07-22T22:38:50.282-0300] {processor.py:183} INFO - Processing /home/hugoviana/Projetos/crypto-etl/.venv/lib/python3.12/site-packages/airflow/example_dags/example_trigger_controller_dag.py took 0.048 seconds
