[2024-07-22T22:36:27.147-0300] {processor.py:161} INFO - Started process (PID=1050499) to work on /home/hugoviana/Projetos/crypto-etl/.venv/lib/python3.12/site-packages/airflow/example_dags/example_dynamic_task_mapping.py
[2024-07-22T22:36:27.147-0300] {processor.py:830} INFO - Processing file /home/hugoviana/Projetos/crypto-etl/.venv/lib/python3.12/site-packages/airflow/example_dags/example_dynamic_task_mapping.py for tasks to queue
[2024-07-22T22:36:27.148-0300] {logging_mixin.py:188} INFO - [2024-07-22T22:36:27.148-0300] {dagbag.py:545} INFO - Filling up the DagBag from /home/hugoviana/Projetos/crypto-etl/.venv/lib/python3.12/site-packages/airflow/example_dags/example_dynamic_task_mapping.py
[2024-07-22T22:36:27.154-0300] {processor.py:840} INFO - DAG(s) 'example_dynamic_task_mapping' retrieved from /home/hugoviana/Projetos/crypto-etl/.venv/lib/python3.12/site-packages/airflow/example_dags/example_dynamic_task_mapping.py
[2024-07-22T22:36:27.236-0300] {logging_mixin.py:188} INFO - [2024-07-22T22:36:27.235-0300] {override.py:1858} INFO - Created Permission View: can edit on DAG:example_dynamic_task_mapping
[2024-07-22T22:36:27.247-0300] {logging_mixin.py:188} INFO - [2024-07-22T22:36:27.247-0300] {override.py:1858} INFO - Created Permission View: can delete on DAG:example_dynamic_task_mapping
[2024-07-22T22:36:27.257-0300] {logging_mixin.py:188} INFO - [2024-07-22T22:36:27.257-0300] {override.py:1858} INFO - Created Permission View: can read on DAG:example_dynamic_task_mapping
[2024-07-22T22:36:27.257-0300] {logging_mixin.py:188} INFO - [2024-07-22T22:36:27.257-0300] {dag.py:3089} INFO - Sync 1 DAGs
[2024-07-22T22:36:27.267-0300] {logging_mixin.py:188} INFO - [2024-07-22T22:36:27.267-0300] {dag.py:3111} INFO - Creating ORM DAG for example_dynamic_task_mapping
[2024-07-22T22:36:27.272-0300] {logging_mixin.py:188} INFO - [2024-07-22T22:36:27.272-0300] {dag.py:3947} INFO - Setting next_dagrun for example_dynamic_task_mapping to 2022-03-04 00:00:00+00:00, run_after=2022-03-05 00:00:00+00:00
[2024-07-22T22:36:27.294-0300] {processor.py:183} INFO - Processing /home/hugoviana/Projetos/crypto-etl/.venv/lib/python3.12/site-packages/airflow/example_dags/example_dynamic_task_mapping.py took 0.151 seconds
[2024-07-22T22:37:20.141-0300] {processor.py:161} INFO - Started process (PID=1051133) to work on /home/hugoviana/Projetos/crypto-etl/.venv/lib/python3.12/site-packages/airflow/example_dags/example_dynamic_task_mapping.py
[2024-07-22T22:37:20.146-0300] {processor.py:830} INFO - Processing file /home/hugoviana/Projetos/crypto-etl/.venv/lib/python3.12/site-packages/airflow/example_dags/example_dynamic_task_mapping.py for tasks to queue
[2024-07-22T22:37:20.147-0300] {logging_mixin.py:188} INFO - [2024-07-22T22:37:20.147-0300] {dagbag.py:545} INFO - Filling up the DagBag from /home/hugoviana/Projetos/crypto-etl/.venv/lib/python3.12/site-packages/airflow/example_dags/example_dynamic_task_mapping.py
[2024-07-22T22:37:20.152-0300] {processor.py:840} INFO - DAG(s) 'example_dynamic_task_mapping' retrieved from /home/hugoviana/Projetos/crypto-etl/.venv/lib/python3.12/site-packages/airflow/example_dags/example_dynamic_task_mapping.py
[2024-07-22T22:37:20.163-0300] {logging_mixin.py:188} INFO - [2024-07-22T22:37:20.163-0300] {dag.py:3089} INFO - Sync 1 DAGs
[2024-07-22T22:37:20.176-0300] {logging_mixin.py:188} INFO - [2024-07-22T22:37:20.176-0300] {dag.py:3947} INFO - Setting next_dagrun for example_dynamic_task_mapping to 2022-03-04 00:00:00+00:00, run_after=2022-03-05 00:00:00+00:00
[2024-07-22T22:37:20.194-0300] {processor.py:183} INFO - Processing /home/hugoviana/Projetos/crypto-etl/.venv/lib/python3.12/site-packages/airflow/example_dags/example_dynamic_task_mapping.py took 0.057 seconds
[2024-07-22T22:38:10.322-0300] {processor.py:161} INFO - Started process (PID=1051649) to work on /home/hugoviana/Projetos/crypto-etl/.venv/lib/python3.12/site-packages/airflow/example_dags/example_dynamic_task_mapping.py
[2024-07-22T22:38:10.324-0300] {processor.py:830} INFO - Processing file /home/hugoviana/Projetos/crypto-etl/.venv/lib/python3.12/site-packages/airflow/example_dags/example_dynamic_task_mapping.py for tasks to queue
[2024-07-22T22:38:10.325-0300] {logging_mixin.py:188} INFO - [2024-07-22T22:38:10.325-0300] {dagbag.py:545} INFO - Filling up the DagBag from /home/hugoviana/Projetos/crypto-etl/.venv/lib/python3.12/site-packages/airflow/example_dags/example_dynamic_task_mapping.py
[2024-07-22T22:38:10.329-0300] {processor.py:840} INFO - DAG(s) 'example_dynamic_task_mapping' retrieved from /home/hugoviana/Projetos/crypto-etl/.venv/lib/python3.12/site-packages/airflow/example_dags/example_dynamic_task_mapping.py
[2024-07-22T22:38:10.339-0300] {logging_mixin.py:188} INFO - [2024-07-22T22:38:10.339-0300] {dag.py:3089} INFO - Sync 1 DAGs
[2024-07-22T22:38:10.349-0300] {logging_mixin.py:188} INFO - [2024-07-22T22:38:10.349-0300] {dag.py:3947} INFO - Setting next_dagrun for example_dynamic_task_mapping to 2022-03-04 00:00:00+00:00, run_after=2022-03-05 00:00:00+00:00
[2024-07-22T22:38:10.366-0300] {processor.py:183} INFO - Processing /home/hugoviana/Projetos/crypto-etl/.venv/lib/python3.12/site-packages/airflow/example_dags/example_dynamic_task_mapping.py took 0.047 seconds
[2024-07-22T22:38:54.103-0300] {processor.py:161} INFO - Started process (PID=1052169) to work on /home/hugoviana/Projetos/crypto-etl/.venv/lib/python3.12/site-packages/airflow/example_dags/example_dynamic_task_mapping.py
[2024-07-22T22:38:54.109-0300] {processor.py:830} INFO - Processing file /home/hugoviana/Projetos/crypto-etl/.venv/lib/python3.12/site-packages/airflow/example_dags/example_dynamic_task_mapping.py for tasks to queue
[2024-07-22T22:38:54.110-0300] {logging_mixin.py:188} INFO - [2024-07-22T22:38:54.110-0300] {dagbag.py:545} INFO - Filling up the DagBag from /home/hugoviana/Projetos/crypto-etl/.venv/lib/python3.12/site-packages/airflow/example_dags/example_dynamic_task_mapping.py
[2024-07-22T22:38:54.115-0300] {processor.py:840} INFO - DAG(s) 'example_dynamic_task_mapping' retrieved from /home/hugoviana/Projetos/crypto-etl/.venv/lib/python3.12/site-packages/airflow/example_dags/example_dynamic_task_mapping.py
[2024-07-22T22:38:54.129-0300] {logging_mixin.py:188} INFO - [2024-07-22T22:38:54.128-0300] {dag.py:3089} INFO - Sync 1 DAGs
[2024-07-22T22:38:54.142-0300] {logging_mixin.py:188} INFO - [2024-07-22T22:38:54.142-0300] {dag.py:3947} INFO - Setting next_dagrun for example_dynamic_task_mapping to 2022-03-04 00:00:00+00:00, run_after=2022-03-05 00:00:00+00:00
[2024-07-22T22:38:54.163-0300] {processor.py:183} INFO - Processing /home/hugoviana/Projetos/crypto-etl/.venv/lib/python3.12/site-packages/airflow/example_dags/example_dynamic_task_mapping.py took 0.064 seconds
