[2024-07-22T22:36:20.497-0300] {processor.py:161} INFO - Started process (PID=1050388) to work on /home/hugoviana/Projetos/crypto-etl/.venv/lib/python3.12/site-packages/airflow/example_dags/example_sensor_decorator.py
[2024-07-22T22:36:20.497-0300] {processor.py:830} INFO - Processing file /home/hugoviana/Projetos/crypto-etl/.venv/lib/python3.12/site-packages/airflow/example_dags/example_sensor_decorator.py for tasks to queue
[2024-07-22T22:36:20.498-0300] {logging_mixin.py:188} INFO - [2024-07-22T22:36:20.498-0300] {dagbag.py:545} INFO - Filling up the DagBag from /home/hugoviana/Projetos/crypto-etl/.venv/lib/python3.12/site-packages/airflow/example_dags/example_sensor_decorator.py
[2024-07-22T22:36:20.505-0300] {processor.py:840} INFO - DAG(s) 'example_sensor_decorator' retrieved from /home/hugoviana/Projetos/crypto-etl/.venv/lib/python3.12/site-packages/airflow/example_dags/example_sensor_decorator.py
[2024-07-22T22:36:20.583-0300] {logging_mixin.py:188} INFO - [2024-07-22T22:36:20.583-0300] {override.py:1858} INFO - Created Permission View: can edit on DAG:example_sensor_decorator
[2024-07-22T22:36:20.596-0300] {logging_mixin.py:188} INFO - [2024-07-22T22:36:20.596-0300] {override.py:1858} INFO - Created Permission View: can delete on DAG:example_sensor_decorator
[2024-07-22T22:36:20.605-0300] {logging_mixin.py:188} INFO - [2024-07-22T22:36:20.605-0300] {override.py:1858} INFO - Created Permission View: can read on DAG:example_sensor_decorator
[2024-07-22T22:36:20.605-0300] {logging_mixin.py:188} INFO - [2024-07-22T22:36:20.605-0300] {dag.py:3089} INFO - Sync 1 DAGs
[2024-07-22T22:36:20.612-0300] {logging_mixin.py:188} INFO - [2024-07-22T22:36:20.612-0300] {dag.py:3111} INFO - Creating ORM DAG for example_sensor_decorator
[2024-07-22T22:36:20.612-0300] {logging_mixin.py:188} INFO - [2024-07-22T22:36:20.612-0300] {dag.py:3947} INFO - Setting next_dagrun for example_sensor_decorator to None, run_after=None
[2024-07-22T22:36:20.631-0300] {processor.py:183} INFO - Processing /home/hugoviana/Projetos/crypto-etl/.venv/lib/python3.12/site-packages/airflow/example_dags/example_sensor_decorator.py took 0.137 seconds
[2024-07-22T22:37:12.737-0300] {processor.py:161} INFO - Started process (PID=1051030) to work on /home/hugoviana/Projetos/crypto-etl/.venv/lib/python3.12/site-packages/airflow/example_dags/example_sensor_decorator.py
[2024-07-22T22:37:12.742-0300] {processor.py:830} INFO - Processing file /home/hugoviana/Projetos/crypto-etl/.venv/lib/python3.12/site-packages/airflow/example_dags/example_sensor_decorator.py for tasks to queue
[2024-07-22T22:37:12.743-0300] {logging_mixin.py:188} INFO - [2024-07-22T22:37:12.743-0300] {dagbag.py:545} INFO - Filling up the DagBag from /home/hugoviana/Projetos/crypto-etl/.venv/lib/python3.12/site-packages/airflow/example_dags/example_sensor_decorator.py
[2024-07-22T22:37:12.748-0300] {processor.py:840} INFO - DAG(s) 'example_sensor_decorator' retrieved from /home/hugoviana/Projetos/crypto-etl/.venv/lib/python3.12/site-packages/airflow/example_dags/example_sensor_decorator.py
[2024-07-22T22:37:12.759-0300] {logging_mixin.py:188} INFO - [2024-07-22T22:37:12.758-0300] {dag.py:3089} INFO - Sync 1 DAGs
[2024-07-22T22:37:12.767-0300] {logging_mixin.py:188} INFO - [2024-07-22T22:37:12.767-0300] {dag.py:3947} INFO - Setting next_dagrun for example_sensor_decorator to None, run_after=None
[2024-07-22T22:37:12.783-0300] {processor.py:183} INFO - Processing /home/hugoviana/Projetos/crypto-etl/.venv/lib/python3.12/site-packages/airflow/example_dags/example_sensor_decorator.py took 0.051 seconds
[2024-07-22T22:37:56.110-0300] {processor.py:161} INFO - Started process (PID=1051551) to work on /home/hugoviana/Projetos/crypto-etl/.venv/lib/python3.12/site-packages/airflow/example_dags/example_sensor_decorator.py
[2024-07-22T22:37:56.115-0300] {processor.py:830} INFO - Processing file /home/hugoviana/Projetos/crypto-etl/.venv/lib/python3.12/site-packages/airflow/example_dags/example_sensor_decorator.py for tasks to queue
[2024-07-22T22:37:56.116-0300] {logging_mixin.py:188} INFO - [2024-07-22T22:37:56.116-0300] {dagbag.py:545} INFO - Filling up the DagBag from /home/hugoviana/Projetos/crypto-etl/.venv/lib/python3.12/site-packages/airflow/example_dags/example_sensor_decorator.py
[2024-07-22T22:37:56.120-0300] {processor.py:840} INFO - DAG(s) 'example_sensor_decorator' retrieved from /home/hugoviana/Projetos/crypto-etl/.venv/lib/python3.12/site-packages/airflow/example_dags/example_sensor_decorator.py
[2024-07-22T22:37:56.130-0300] {logging_mixin.py:188} INFO - [2024-07-22T22:37:56.130-0300] {dag.py:3089} INFO - Sync 1 DAGs
[2024-07-22T22:37:56.137-0300] {logging_mixin.py:188} INFO - [2024-07-22T22:37:56.137-0300] {dag.py:3947} INFO - Setting next_dagrun for example_sensor_decorator to None, run_after=None
[2024-07-22T22:37:56.156-0300] {processor.py:183} INFO - Processing /home/hugoviana/Projetos/crypto-etl/.venv/lib/python3.12/site-packages/airflow/example_dags/example_sensor_decorator.py took 0.049 seconds
[2024-07-22T22:38:38.260-0300] {processor.py:161} INFO - Started process (PID=1052017) to work on /home/hugoviana/Projetos/crypto-etl/.venv/lib/python3.12/site-packages/airflow/example_dags/example_sensor_decorator.py
[2024-07-22T22:38:38.262-0300] {processor.py:830} INFO - Processing file /home/hugoviana/Projetos/crypto-etl/.venv/lib/python3.12/site-packages/airflow/example_dags/example_sensor_decorator.py for tasks to queue
[2024-07-22T22:38:38.263-0300] {logging_mixin.py:188} INFO - [2024-07-22T22:38:38.263-0300] {dagbag.py:545} INFO - Filling up the DagBag from /home/hugoviana/Projetos/crypto-etl/.venv/lib/python3.12/site-packages/airflow/example_dags/example_sensor_decorator.py
[2024-07-22T22:38:38.269-0300] {processor.py:840} INFO - DAG(s) 'example_sensor_decorator' retrieved from /home/hugoviana/Projetos/crypto-etl/.venv/lib/python3.12/site-packages/airflow/example_dags/example_sensor_decorator.py
[2024-07-22T22:38:38.281-0300] {logging_mixin.py:188} INFO - [2024-07-22T22:38:38.281-0300] {dag.py:3089} INFO - Sync 1 DAGs
[2024-07-22T22:38:38.290-0300] {logging_mixin.py:188} INFO - [2024-07-22T22:38:38.289-0300] {dag.py:3947} INFO - Setting next_dagrun for example_sensor_decorator to None, run_after=None
[2024-07-22T22:38:38.311-0300] {processor.py:183} INFO - Processing /home/hugoviana/Projetos/crypto-etl/.venv/lib/python3.12/site-packages/airflow/example_dags/example_sensor_decorator.py took 0.055 seconds
[2024-07-22T22:39:20.526-0300] {processor.py:161} INFO - Started process (PID=1052699) to work on /home/hugoviana/Projetos/crypto-etl/.venv/lib/python3.12/site-packages/airflow/example_dags/example_sensor_decorator.py
[2024-07-22T22:39:20.532-0300] {processor.py:830} INFO - Processing file /home/hugoviana/Projetos/crypto-etl/.venv/lib/python3.12/site-packages/airflow/example_dags/example_sensor_decorator.py for tasks to queue
[2024-07-22T22:39:20.533-0300] {logging_mixin.py:188} INFO - [2024-07-22T22:39:20.532-0300] {dagbag.py:545} INFO - Filling up the DagBag from /home/hugoviana/Projetos/crypto-etl/.venv/lib/python3.12/site-packages/airflow/example_dags/example_sensor_decorator.py
[2024-07-22T22:39:20.537-0300] {processor.py:840} INFO - DAG(s) 'example_sensor_decorator' retrieved from /home/hugoviana/Projetos/crypto-etl/.venv/lib/python3.12/site-packages/airflow/example_dags/example_sensor_decorator.py
[2024-07-22T22:39:20.548-0300] {logging_mixin.py:188} INFO - [2024-07-22T22:39:20.548-0300] {dag.py:3089} INFO - Sync 1 DAGs
[2024-07-22T22:39:20.557-0300] {logging_mixin.py:188} INFO - [2024-07-22T22:39:20.557-0300] {dag.py:3947} INFO - Setting next_dagrun for example_sensor_decorator to None, run_after=None
[2024-07-22T22:39:20.574-0300] {processor.py:183} INFO - Processing /home/hugoviana/Projetos/crypto-etl/.venv/lib/python3.12/site-packages/airflow/example_dags/example_sensor_decorator.py took 0.052 seconds
