[2024-07-22T22:36:26.006-0300] {processor.py:161} INFO - Started process (PID=1050491) to work on /home/hugoviana/Projetos/crypto-etl/.venv/lib/python3.12/site-packages/airflow/example_dags/example_branch_operator_decorator.py
[2024-07-22T22:36:26.006-0300] {processor.py:830} INFO - Processing file /home/hugoviana/Projetos/crypto-etl/.venv/lib/python3.12/site-packages/airflow/example_dags/example_branch_operator_decorator.py for tasks to queue
[2024-07-22T22:36:26.007-0300] {logging_mixin.py:188} INFO - [2024-07-22T22:36:26.007-0300] {dagbag.py:545} INFO - Filling up the DagBag from /home/hugoviana/Projetos/crypto-etl/.venv/lib/python3.12/site-packages/airflow/example_dags/example_branch_operator_decorator.py
[2024-07-22T22:36:26.022-0300] {processor.py:842} WARNING - No viable dags retrieved from /home/hugoviana/Projetos/crypto-etl/.venv/lib/python3.12/site-packages/airflow/example_dags/example_branch_operator_decorator.py
[2024-07-22T22:36:26.028-0300] {processor.py:183} INFO - Processing /home/hugoviana/Projetos/crypto-etl/.venv/lib/python3.12/site-packages/airflow/example_dags/example_branch_operator_decorator.py took 0.026 seconds
[2024-07-22T22:37:19.012-0300] {processor.py:161} INFO - Started process (PID=1051120) to work on /home/hugoviana/Projetos/crypto-etl/.venv/lib/python3.12/site-packages/airflow/example_dags/example_branch_operator_decorator.py
[2024-07-22T22:37:19.014-0300] {processor.py:830} INFO - Processing file /home/hugoviana/Projetos/crypto-etl/.venv/lib/python3.12/site-packages/airflow/example_dags/example_branch_operator_decorator.py for tasks to queue
[2024-07-22T22:37:19.015-0300] {logging_mixin.py:188} INFO - [2024-07-22T22:37:19.014-0300] {dagbag.py:545} INFO - Filling up the DagBag from /home/hugoviana/Projetos/crypto-etl/.venv/lib/python3.12/site-packages/airflow/example_dags/example_branch_operator_decorator.py
[2024-07-22T22:37:19.051-0300] {processor.py:842} WARNING - No viable dags retrieved from /home/hugoviana/Projetos/crypto-etl/.venv/lib/python3.12/site-packages/airflow/example_dags/example_branch_operator_decorator.py
[2024-07-22T22:37:19.060-0300] {processor.py:183} INFO - Processing /home/hugoviana/Projetos/crypto-etl/.venv/lib/python3.12/site-packages/airflow/example_dags/example_branch_operator_decorator.py took 0.050 seconds
[2024-07-22T22:38:09.185-0300] {processor.py:161} INFO - Started process (PID=1051639) to work on /home/hugoviana/Projetos/crypto-etl/.venv/lib/python3.12/site-packages/airflow/example_dags/example_branch_operator_decorator.py
[2024-07-22T22:38:09.191-0300] {processor.py:830} INFO - Processing file /home/hugoviana/Projetos/crypto-etl/.venv/lib/python3.12/site-packages/airflow/example_dags/example_branch_operator_decorator.py for tasks to queue
[2024-07-22T22:38:09.192-0300] {logging_mixin.py:188} INFO - [2024-07-22T22:38:09.192-0300] {dagbag.py:545} INFO - Filling up the DagBag from /home/hugoviana/Projetos/crypto-etl/.venv/lib/python3.12/site-packages/airflow/example_dags/example_branch_operator_decorator.py
[2024-07-22T22:38:09.209-0300] {processor.py:842} WARNING - No viable dags retrieved from /home/hugoviana/Projetos/crypto-etl/.venv/lib/python3.12/site-packages/airflow/example_dags/example_branch_operator_decorator.py
[2024-07-22T22:38:09.217-0300] {processor.py:183} INFO - Processing /home/hugoviana/Projetos/crypto-etl/.venv/lib/python3.12/site-packages/airflow/example_dags/example_branch_operator_decorator.py took 0.035 seconds
[2024-07-22T22:38:52.972-0300] {processor.py:161} INFO - Started process (PID=1052160) to work on /home/hugoviana/Projetos/crypto-etl/.venv/lib/python3.12/site-packages/airflow/example_dags/example_branch_operator_decorator.py
[2024-07-22T22:38:52.973-0300] {processor.py:830} INFO - Processing file /home/hugoviana/Projetos/crypto-etl/.venv/lib/python3.12/site-packages/airflow/example_dags/example_branch_operator_decorator.py for tasks to queue
[2024-07-22T22:38:52.975-0300] {logging_mixin.py:188} INFO - [2024-07-22T22:38:52.974-0300] {dagbag.py:545} INFO - Filling up the DagBag from /home/hugoviana/Projetos/crypto-etl/.venv/lib/python3.12/site-packages/airflow/example_dags/example_branch_operator_decorator.py
[2024-07-22T22:38:52.988-0300] {processor.py:842} WARNING - No viable dags retrieved from /home/hugoviana/Projetos/crypto-etl/.venv/lib/python3.12/site-packages/airflow/example_dags/example_branch_operator_decorator.py
[2024-07-22T22:38:52.996-0300] {processor.py:183} INFO - Processing /home/hugoviana/Projetos/crypto-etl/.venv/lib/python3.12/site-packages/airflow/example_dags/example_branch_operator_decorator.py took 0.029 seconds
