[2024-07-22T22:37:00.926-0300] {processor.py:161} INFO - Started process (PID=1050802) to work on /home/hugoviana/Projetos/crypto-etl/.venv/lib/python3.12/site-packages/airflow/example_dags/tutorial.py
[2024-07-22T22:37:00.927-0300] {processor.py:830} INFO - Processing file /home/hugoviana/Projetos/crypto-etl/.venv/lib/python3.12/site-packages/airflow/example_dags/tutorial.py for tasks to queue
[2024-07-22T22:37:00.928-0300] {logging_mixin.py:188} INFO - [2024-07-22T22:37:00.927-0300] {dagbag.py:545} INFO - Filling up the DagBag from /home/hugoviana/Projetos/crypto-etl/.venv/lib/python3.12/site-packages/airflow/example_dags/tutorial.py
[2024-07-22T22:37:00.931-0300] {processor.py:840} INFO - DAG(s) 'tutorial' retrieved from /home/hugoviana/Projetos/crypto-etl/.venv/lib/python3.12/site-packages/airflow/example_dags/tutorial.py
[2024-07-22T22:37:00.994-0300] {logging_mixin.py:188} INFO - [2024-07-22T22:37:00.994-0300] {override.py:1858} INFO - Created Permission View: can edit on DAG:tutorial
[2024-07-22T22:37:01.004-0300] {logging_mixin.py:188} INFO - [2024-07-22T22:37:01.003-0300] {override.py:1858} INFO - Created Permission View: can delete on DAG:tutorial
[2024-07-22T22:37:01.011-0300] {logging_mixin.py:188} INFO - [2024-07-22T22:37:01.011-0300] {override.py:1858} INFO - Created Permission View: can read on DAG:tutorial
[2024-07-22T22:37:01.011-0300] {logging_mixin.py:188} INFO - [2024-07-22T22:37:01.011-0300] {dag.py:3089} INFO - Sync 1 DAGs
[2024-07-22T22:37:01.020-0300] {logging_mixin.py:188} INFO - [2024-07-22T22:37:01.020-0300] {dag.py:3111} INFO - Creating ORM DAG for tutorial
[2024-07-22T22:37:01.026-0300] {logging_mixin.py:188} INFO - [2024-07-22T22:37:01.026-0300] {dag.py:3947} INFO - Setting next_dagrun for tutorial to 2024-07-22 00:00:00+00:00, run_after=2024-07-23 00:00:00+00:00
[2024-07-22T22:37:01.042-0300] {processor.py:183} INFO - Processing /home/hugoviana/Projetos/crypto-etl/.venv/lib/python3.12/site-packages/airflow/example_dags/tutorial.py took 0.120 seconds
[2024-07-22T22:38:04.050-0300] {processor.py:161} INFO - Started process (PID=1051602) to work on /home/hugoviana/Projetos/crypto-etl/.venv/lib/python3.12/site-packages/airflow/example_dags/tutorial.py
[2024-07-22T22:38:04.055-0300] {processor.py:830} INFO - Processing file /home/hugoviana/Projetos/crypto-etl/.venv/lib/python3.12/site-packages/airflow/example_dags/tutorial.py for tasks to queue
[2024-07-22T22:38:04.057-0300] {logging_mixin.py:188} INFO - [2024-07-22T22:38:04.056-0300] {dagbag.py:545} INFO - Filling up the DagBag from /home/hugoviana/Projetos/crypto-etl/.venv/lib/python3.12/site-packages/airflow/example_dags/tutorial.py
[2024-07-22T22:38:04.060-0300] {processor.py:840} INFO - DAG(s) 'tutorial' retrieved from /home/hugoviana/Projetos/crypto-etl/.venv/lib/python3.12/site-packages/airflow/example_dags/tutorial.py
[2024-07-22T22:38:04.069-0300] {logging_mixin.py:188} INFO - [2024-07-22T22:38:04.069-0300] {dag.py:3089} INFO - Sync 1 DAGs
[2024-07-22T22:38:04.080-0300] {logging_mixin.py:188} INFO - [2024-07-22T22:38:04.080-0300] {dag.py:3947} INFO - Setting next_dagrun for tutorial to 2024-07-22 00:00:00+00:00, run_after=2024-07-23 00:00:00+00:00
[2024-07-22T22:38:04.096-0300] {processor.py:183} INFO - Processing /home/hugoviana/Projetos/crypto-etl/.venv/lib/python3.12/site-packages/airflow/example_dags/tutorial.py took 0.050 seconds
[2024-07-22T22:39:08.003-0300] {processor.py:161} INFO - Started process (PID=1052442) to work on /home/hugoviana/Projetos/crypto-etl/.venv/lib/python3.12/site-packages/airflow/example_dags/tutorial.py
[2024-07-22T22:39:08.005-0300] {processor.py:830} INFO - Processing file /home/hugoviana/Projetos/crypto-etl/.venv/lib/python3.12/site-packages/airflow/example_dags/tutorial.py for tasks to queue
[2024-07-22T22:39:08.007-0300] {logging_mixin.py:188} INFO - [2024-07-22T22:39:08.006-0300] {dagbag.py:545} INFO - Filling up the DagBag from /home/hugoviana/Projetos/crypto-etl/.venv/lib/python3.12/site-packages/airflow/example_dags/tutorial.py
[2024-07-22T22:39:08.011-0300] {processor.py:840} INFO - DAG(s) 'tutorial' retrieved from /home/hugoviana/Projetos/crypto-etl/.venv/lib/python3.12/site-packages/airflow/example_dags/tutorial.py
[2024-07-22T22:39:08.030-0300] {logging_mixin.py:188} INFO - [2024-07-22T22:39:08.029-0300] {dag.py:3089} INFO - Sync 1 DAGs
[2024-07-22T22:39:08.046-0300] {logging_mixin.py:188} INFO - [2024-07-22T22:39:08.046-0300] {dag.py:3947} INFO - Setting next_dagrun for tutorial to 2024-07-22 00:00:00+00:00, run_after=2024-07-23 00:00:00+00:00
[2024-07-22T22:39:08.067-0300] {processor.py:183} INFO - Processing /home/hugoviana/Projetos/crypto-etl/.venv/lib/python3.12/site-packages/airflow/example_dags/tutorial.py took 0.069 seconds
