[2024-07-22T22:36:40.912-0300] {processor.py:161} INFO - Started process (PID=1050656) to work on /home/hugoviana/Projetos/crypto-etl/.venv/lib/python3.12/site-packages/airflow/example_dags/tutorial_taskflow_api.py
[2024-07-22T22:36:40.912-0300] {processor.py:830} INFO - Processing file /home/hugoviana/Projetos/crypto-etl/.venv/lib/python3.12/site-packages/airflow/example_dags/tutorial_taskflow_api.py for tasks to queue
[2024-07-22T22:36:40.914-0300] {logging_mixin.py:188} INFO - [2024-07-22T22:36:40.914-0300] {dagbag.py:545} INFO - Filling up the DagBag from /home/hugoviana/Projetos/crypto-etl/.venv/lib/python3.12/site-packages/airflow/example_dags/tutorial_taskflow_api.py
[2024-07-22T22:36:40.919-0300] {processor.py:840} INFO - DAG(s) 'tutorial_taskflow_api' retrieved from /home/hugoviana/Projetos/crypto-etl/.venv/lib/python3.12/site-packages/airflow/example_dags/tutorial_taskflow_api.py
[2024-07-22T22:36:41.011-0300] {logging_mixin.py:188} INFO - [2024-07-22T22:36:41.010-0300] {override.py:1858} INFO - Created Permission View: can edit on DAG:tutorial_taskflow_api
[2024-07-22T22:36:41.022-0300] {logging_mixin.py:188} INFO - [2024-07-22T22:36:41.022-0300] {override.py:1858} INFO - Created Permission View: can delete on DAG:tutorial_taskflow_api
[2024-07-22T22:36:41.030-0300] {logging_mixin.py:188} INFO - [2024-07-22T22:36:41.030-0300] {override.py:1858} INFO - Created Permission View: can read on DAG:tutorial_taskflow_api
[2024-07-22T22:36:41.030-0300] {logging_mixin.py:188} INFO - [2024-07-22T22:36:41.030-0300] {dag.py:3089} INFO - Sync 1 DAGs
[2024-07-22T22:36:41.037-0300] {logging_mixin.py:188} INFO - [2024-07-22T22:36:41.037-0300] {dag.py:3111} INFO - Creating ORM DAG for tutorial_taskflow_api
[2024-07-22T22:36:41.037-0300] {logging_mixin.py:188} INFO - [2024-07-22T22:36:41.037-0300] {dag.py:3947} INFO - Setting next_dagrun for tutorial_taskflow_api to None, run_after=None
[2024-07-22T22:36:41.052-0300] {processor.py:183} INFO - Processing /home/hugoviana/Projetos/crypto-etl/.venv/lib/python3.12/site-packages/airflow/example_dags/tutorial_taskflow_api.py took 0.145 seconds
[2024-07-22T22:37:31.863-0300] {processor.py:161} INFO - Started process (PID=1051217) to work on /home/hugoviana/Projetos/crypto-etl/.venv/lib/python3.12/site-packages/airflow/example_dags/tutorial_taskflow_api.py
[2024-07-22T22:37:31.864-0300] {processor.py:830} INFO - Processing file /home/hugoviana/Projetos/crypto-etl/.venv/lib/python3.12/site-packages/airflow/example_dags/tutorial_taskflow_api.py for tasks to queue
[2024-07-22T22:37:31.866-0300] {logging_mixin.py:188} INFO - [2024-07-22T22:37:31.866-0300] {dagbag.py:545} INFO - Filling up the DagBag from /home/hugoviana/Projetos/crypto-etl/.venv/lib/python3.12/site-packages/airflow/example_dags/tutorial_taskflow_api.py
[2024-07-22T22:37:31.874-0300] {processor.py:840} INFO - DAG(s) 'tutorial_taskflow_api' retrieved from /home/hugoviana/Projetos/crypto-etl/.venv/lib/python3.12/site-packages/airflow/example_dags/tutorial_taskflow_api.py
[2024-07-22T22:37:31.887-0300] {logging_mixin.py:188} INFO - [2024-07-22T22:37:31.886-0300] {dag.py:3089} INFO - Sync 1 DAGs
[2024-07-22T22:37:31.894-0300] {logging_mixin.py:188} INFO - [2024-07-22T22:37:31.894-0300] {dag.py:3947} INFO - Setting next_dagrun for tutorial_taskflow_api to None, run_after=None
[2024-07-22T22:37:31.913-0300] {processor.py:183} INFO - Processing /home/hugoviana/Projetos/crypto-etl/.venv/lib/python3.12/site-packages/airflow/example_dags/tutorial_taskflow_api.py took 0.054 seconds
[2024-07-22T22:38:21.725-0300] {processor.py:161} INFO - Started process (PID=1051856) to work on /home/hugoviana/Projetos/crypto-etl/.venv/lib/python3.12/site-packages/airflow/example_dags/tutorial_taskflow_api.py
[2024-07-22T22:38:21.730-0300] {processor.py:830} INFO - Processing file /home/hugoviana/Projetos/crypto-etl/.venv/lib/python3.12/site-packages/airflow/example_dags/tutorial_taskflow_api.py for tasks to queue
[2024-07-22T22:38:21.731-0300] {logging_mixin.py:188} INFO - [2024-07-22T22:38:21.731-0300] {dagbag.py:545} INFO - Filling up the DagBag from /home/hugoviana/Projetos/crypto-etl/.venv/lib/python3.12/site-packages/airflow/example_dags/tutorial_taskflow_api.py
[2024-07-22T22:38:21.735-0300] {processor.py:840} INFO - DAG(s) 'tutorial_taskflow_api' retrieved from /home/hugoviana/Projetos/crypto-etl/.venv/lib/python3.12/site-packages/airflow/example_dags/tutorial_taskflow_api.py
[2024-07-22T22:38:21.745-0300] {logging_mixin.py:188} INFO - [2024-07-22T22:38:21.745-0300] {dag.py:3089} INFO - Sync 1 DAGs
[2024-07-22T22:38:21.753-0300] {logging_mixin.py:188} INFO - [2024-07-22T22:38:21.753-0300] {dag.py:3947} INFO - Setting next_dagrun for tutorial_taskflow_api to None, run_after=None
[2024-07-22T22:38:21.770-0300] {processor.py:183} INFO - Processing /home/hugoviana/Projetos/crypto-etl/.venv/lib/python3.12/site-packages/airflow/example_dags/tutorial_taskflow_api.py took 0.048 seconds
[2024-07-22T22:39:24.487-0300] {processor.py:161} INFO - Started process (PID=1052819) to work on /home/hugoviana/Projetos/crypto-etl/.venv/lib/python3.12/site-packages/airflow/example_dags/tutorial_taskflow_api.py
[2024-07-22T22:39:24.492-0300] {processor.py:830} INFO - Processing file /home/hugoviana/Projetos/crypto-etl/.venv/lib/python3.12/site-packages/airflow/example_dags/tutorial_taskflow_api.py for tasks to queue
[2024-07-22T22:39:24.494-0300] {logging_mixin.py:188} INFO - [2024-07-22T22:39:24.494-0300] {dagbag.py:545} INFO - Filling up the DagBag from /home/hugoviana/Projetos/crypto-etl/.venv/lib/python3.12/site-packages/airflow/example_dags/tutorial_taskflow_api.py
[2024-07-22T22:39:24.498-0300] {processor.py:840} INFO - DAG(s) 'tutorial_taskflow_api' retrieved from /home/hugoviana/Projetos/crypto-etl/.venv/lib/python3.12/site-packages/airflow/example_dags/tutorial_taskflow_api.py
[2024-07-22T22:39:24.509-0300] {logging_mixin.py:188} INFO - [2024-07-22T22:39:24.508-0300] {dag.py:3089} INFO - Sync 1 DAGs
[2024-07-22T22:39:24.517-0300] {logging_mixin.py:188} INFO - [2024-07-22T22:39:24.516-0300] {dag.py:3947} INFO - Setting next_dagrun for tutorial_taskflow_api to None, run_after=None
[2024-07-22T22:39:24.533-0300] {processor.py:183} INFO - Processing /home/hugoviana/Projetos/crypto-etl/.venv/lib/python3.12/site-packages/airflow/example_dags/tutorial_taskflow_api.py took 0.049 seconds
