[2024-07-25T17:24:58.085-0300] {local_task_job_runner.py:120} INFO - ::group::Pre task execution logs
[2024-07-25T17:24:58.093-0300] {taskinstance.py:2076} INFO - Dependencies all met for dep_context=non-requeueable deps ti=<TaskInstance: Mercado_1m.get_5m_info scheduled__2024-07-25T13:31:00+00:00 [queued]>
[2024-07-25T17:24:58.097-0300] {taskinstance.py:2076} INFO - Dependencies all met for dep_context=requeueable deps ti=<TaskInstance: Mercado_1m.get_5m_info scheduled__2024-07-25T13:31:00+00:00 [queued]>
[2024-07-25T17:24:58.097-0300] {taskinstance.py:2306} INFO - Starting attempt 1 of 1
[2024-07-25T17:24:58.112-0300] {taskinstance.py:2330} INFO - Executing <Task(PythonOperator): get_5m_info> on 2024-07-25 13:31:00+00:00
[2024-07-25T17:24:58.114-0300] {standard_task_runner.py:64} INFO - Started process 2695871 to run task
[2024-07-25T17:24:58.116-0300] {standard_task_runner.py:90} INFO - Running: ['airflow', 'tasks', 'run', 'Mercado_1m', 'get_5m_info', 'scheduled__2024-07-25T13:31:00+00:00', '--job-id', '2566', '--raw', '--subdir', 'DAGS_FOLDER/mercado_dag.py', '--cfg-path', '/tmp/tmp7e38vau_']
[2024-07-25T17:24:58.117-0300] {standard_task_runner.py:91} INFO - Job 2566: Subtask get_5m_info
[2024-07-25T17:24:58.146-0300] {task_command.py:426} INFO - Running <TaskInstance: Mercado_1m.get_5m_info scheduled__2024-07-25T13:31:00+00:00 [running]> on host Galaxybook.
[2024-07-25T17:24:58.204-0300] {taskinstance.py:2648} INFO - Exporting env vars: AIRFLOW_CTX_DAG_OWNER='airflow' AIRFLOW_CTX_DAG_ID='Mercado_1m' AIRFLOW_CTX_TASK_ID='get_5m_info' AIRFLOW_CTX_EXECUTION_DATE='2024-07-25T13:31:00+00:00' AIRFLOW_CTX_TRY_NUMBER='1' AIRFLOW_CTX_DAG_RUN_ID='scheduled__2024-07-25T13:31:00+00:00'
[2024-07-25T17:24:58.204-0300] {taskinstance.py:430} INFO - ::endgroup::
[2024-07-25T17:24:58.213-0300] {mercado_dag.py:21} INFO - To: 2024-07-25 13:32:00+00:00
[2024-07-25T17:24:58.214-0300] {mercado_dag.py:22} INFO - From: 2024-07-25 13:31:00+00:00
[2024-07-25T17:24:58.214-0300] {mercado_dag.py:23} INFO - To timestamp: 1721914320 
[2024-07-25T17:24:58.214-0300] {mercado_dag.py:24} INFO - From timestamp: 1721914260 
[2024-07-25T17:24:58.301-0300] {base.py:84} INFO - Using connection ID 'mercado_default' for task execution.
[2024-07-25T17:24:58.302-0300] {mercado_hook.py:31} INFO - URL: https://api.mercadobitcoin.net/api/v4/candles?symbol=BTC-BRL&resolution=1m&to=1721914320&from=1721914260
[2024-07-25T17:24:58.600-0300] {python.py:237} INFO - Done. Returned value was: None
[2024-07-25T17:24:58.601-0300] {taskinstance.py:441} INFO - ::group::Post task execution logs
[2024-07-25T17:24:58.603-0300] {taskinstance.py:1206} INFO - Marking task as SUCCESS. dag_id=Mercado_1m, task_id=get_5m_info, run_id=scheduled__2024-07-25T13:31:00+00:00, execution_date=20240725T133100, start_date=20240725T202458, end_date=20240725T202458
[2024-07-25T17:24:58.626-0300] {local_task_job_runner.py:243} INFO - Task exited with return code 0
[2024-07-25T17:24:58.632-0300] {taskinstance.py:3503} INFO - 0 downstream tasks scheduled from follow-on schedule check
[2024-07-25T17:24:58.633-0300] {local_task_job_runner.py:222} INFO - ::endgroup::
