[2024-07-25T14:49:08.471-0300] {local_task_job_runner.py:120} INFO - ::group::Pre task execution logs
[2024-07-25T14:49:08.476-0300] {taskinstance.py:2076} INFO - Dependencies all met for dep_context=non-requeueable deps ti=<TaskInstance: Binance_5m.get_5m_info scheduled__2024-07-25T05:20:00+00:00 [queued]>
[2024-07-25T14:49:08.479-0300] {taskinstance.py:2076} INFO - Dependencies all met for dep_context=requeueable deps ti=<TaskInstance: Binance_5m.get_5m_info scheduled__2024-07-25T05:20:00+00:00 [queued]>
[2024-07-25T14:49:08.479-0300] {taskinstance.py:2306} INFO - Starting attempt 1 of 1
[2024-07-25T14:49:08.492-0300] {taskinstance.py:2330} INFO - Executing <Task(PythonOperator): get_5m_info> on 2024-07-25 05:20:00+00:00
[2024-07-25T14:49:08.494-0300] {standard_task_runner.py:64} INFO - Started process 2608549 to run task
[2024-07-25T14:49:08.496-0300] {standard_task_runner.py:90} INFO - Running: ['airflow', 'tasks', 'run', 'Binance_5m', 'get_5m_info', 'scheduled__2024-07-25T05:20:00+00:00', '--job-id', '2150', '--raw', '--subdir', 'DAGS_FOLDER/binance_dag.py', '--cfg-path', '/tmp/tmp169c9nxr']
[2024-07-25T14:49:08.497-0300] {standard_task_runner.py:91} INFO - Job 2150: Subtask get_5m_info
[2024-07-25T14:49:08.522-0300] {task_command.py:426} INFO - Running <TaskInstance: Binance_5m.get_5m_info scheduled__2024-07-25T05:20:00+00:00 [running]> on host Galaxybook.
[2024-07-25T14:49:08.581-0300] {taskinstance.py:2648} INFO - Exporting env vars: AIRFLOW_CTX_DAG_OWNER='airflow' AIRFLOW_CTX_DAG_ID='Binance_5m' AIRFLOW_CTX_TASK_ID='get_5m_info' AIRFLOW_CTX_EXECUTION_DATE='2024-07-25T05:20:00+00:00' AIRFLOW_CTX_TRY_NUMBER='1' AIRFLOW_CTX_DAG_RUN_ID='scheduled__2024-07-25T05:20:00+00:00'
[2024-07-25T14:49:08.582-0300] {taskinstance.py:430} INFO - ::endgroup::
[2024-07-25T14:49:08.590-0300] {binance_dag.py:23} INFO - End Time: 2024-07-25T05:25:00.00Z
[2024-07-25T14:49:08.590-0300] {binance_dag.py:24} INFO - Start Time: 2024-07-25T05:20:00.00Z
[2024-07-25T14:49:08.659-0300] {base.py:84} INFO - Using connection ID 'binance_default' for task execution.
[2024-07-25T14:49:08.660-0300] {logging_mixin.py:188} INFO - https://api.binance.com
[2024-07-25T14:49:08.660-0300] {binance_hook.py:35} INFO - URL: https://api.binance.com/api/v3/klines?symbol=BTCBRL&interval=5m&startTime=1721895600000&endTime=1721895899999
[2024-07-25T14:49:09.050-0300] {binance_dag.py:43} INFO - r: [[1721895600000, '364220.00000000', '364809.00000000', '363984.00000000', '364726.00000000', '0.65419000', 1721895899999, '238349.99710000', 92, '0.21455000', '78195.52976000', '0']]
[2024-07-25T14:49:09.052-0300] {python.py:237} INFO - Done. Returned value was: None
[2024-07-25T14:49:09.052-0300] {taskinstance.py:441} INFO - ::group::Post task execution logs
[2024-07-25T14:49:09.055-0300] {taskinstance.py:1206} INFO - Marking task as SUCCESS. dag_id=Binance_5m, task_id=get_5m_info, run_id=scheduled__2024-07-25T05:20:00+00:00, execution_date=20240725T052000, start_date=20240725T174908, end_date=20240725T174909
[2024-07-25T14:49:09.080-0300] {local_task_job_runner.py:243} INFO - Task exited with return code 0
[2024-07-25T14:49:09.087-0300] {taskinstance.py:3503} INFO - 0 downstream tasks scheduled from follow-on schedule check
[2024-07-25T14:49:09.087-0300] {local_task_job_runner.py:222} INFO - ::endgroup::
[2024-07-25T15:19:16.336-0300] {local_task_job_runner.py:120} INFO - ::group::Pre task execution logs
[2024-07-25T15:19:16.342-0300] {taskinstance.py:2076} INFO - Dependencies all met for dep_context=non-requeueable deps ti=<TaskInstance: Binance_5m.get_5m_info scheduled__2024-07-25T05:20:00+00:00 [queued]>
[2024-07-25T15:19:16.345-0300] {taskinstance.py:2076} INFO - Dependencies all met for dep_context=requeueable deps ti=<TaskInstance: Binance_5m.get_5m_info scheduled__2024-07-25T05:20:00+00:00 [queued]>
[2024-07-25T15:19:16.345-0300] {taskinstance.py:2306} INFO - Starting attempt 1 of 1
[2024-07-25T15:19:16.357-0300] {taskinstance.py:2330} INFO - Executing <Task(PythonOperator): get_5m_info> on 2024-07-25 05:20:00+00:00
[2024-07-25T15:19:16.359-0300] {standard_task_runner.py:64} INFO - Started process 2630997 to run task
[2024-07-25T15:19:16.361-0300] {standard_task_runner.py:90} INFO - Running: ['airflow', 'tasks', 'run', 'Binance_5m', 'get_5m_info', 'scheduled__2024-07-25T05:20:00+00:00', '--job-id', '2599', '--raw', '--subdir', 'DAGS_FOLDER/binance_dag.py', '--cfg-path', '/tmp/tmp8qn3rpcz']
[2024-07-25T15:19:16.362-0300] {standard_task_runner.py:91} INFO - Job 2599: Subtask get_5m_info
[2024-07-25T15:19:16.392-0300] {task_command.py:426} INFO - Running <TaskInstance: Binance_5m.get_5m_info scheduled__2024-07-25T05:20:00+00:00 [running]> on host Galaxybook.
[2024-07-25T15:19:16.451-0300] {taskinstance.py:2648} INFO - Exporting env vars: AIRFLOW_CTX_DAG_OWNER='airflow' AIRFLOW_CTX_DAG_ID='Binance_5m' AIRFLOW_CTX_TASK_ID='get_5m_info' AIRFLOW_CTX_EXECUTION_DATE='2024-07-25T05:20:00+00:00' AIRFLOW_CTX_TRY_NUMBER='1' AIRFLOW_CTX_DAG_RUN_ID='scheduled__2024-07-25T05:20:00+00:00'
[2024-07-25T15:19:16.452-0300] {taskinstance.py:430} INFO - ::endgroup::
[2024-07-25T15:19:16.460-0300] {binance_dag.py:23} INFO - End Time: 2024-07-25T05:25:00.00Z
[2024-07-25T15:19:16.460-0300] {binance_dag.py:24} INFO - Start Time: 2024-07-25T05:20:00.00Z
[2024-07-25T15:19:16.518-0300] {binance_dag.py:25} INFO - 1721895600000
[2024-07-25T15:19:16.520-0300] {base.py:84} INFO - Using connection ID 'binance_default' for task execution.
[2024-07-25T15:19:16.521-0300] {logging_mixin.py:188} INFO - https://api.binance.com
[2024-07-25T15:19:16.521-0300] {binance_hook.py:35} INFO - URL: https://api.binance.com/api/v3/klines?symbol=BTCBRL&interval=5m&startTime=1721895600000&endTime=1721895899999
[2024-07-25T15:19:16.910-0300] {python.py:237} INFO - Done. Returned value was: None
[2024-07-25T15:19:16.911-0300] {taskinstance.py:441} INFO - ::group::Post task execution logs
[2024-07-25T15:19:16.913-0300] {taskinstance.py:1206} INFO - Marking task as SUCCESS. dag_id=Binance_5m, task_id=get_5m_info, run_id=scheduled__2024-07-25T05:20:00+00:00, execution_date=20240725T052000, start_date=20240725T181916, end_date=20240725T181916
[2024-07-25T15:19:16.943-0300] {local_task_job_runner.py:243} INFO - Task exited with return code 0
[2024-07-25T15:19:16.950-0300] {taskinstance.py:3503} INFO - 0 downstream tasks scheduled from follow-on schedule check
[2024-07-25T15:19:16.950-0300] {local_task_job_runner.py:222} INFO - ::endgroup::
[2024-07-25T16:15:48.633-0300] {local_task_job_runner.py:120} INFO - ::group::Pre task execution logs
[2024-07-25T16:15:48.642-0300] {taskinstance.py:2076} INFO - Dependencies all met for dep_context=non-requeueable deps ti=<TaskInstance: Binance_5m.get_5m_info scheduled__2024-07-25T05:20:00+00:00 [queued]>
[2024-07-25T16:15:48.646-0300] {taskinstance.py:2076} INFO - Dependencies all met for dep_context=requeueable deps ti=<TaskInstance: Binance_5m.get_5m_info scheduled__2024-07-25T05:20:00+00:00 [queued]>
[2024-07-25T16:15:48.646-0300] {taskinstance.py:2306} INFO - Starting attempt 1 of 1
[2024-07-25T16:15:48.660-0300] {taskinstance.py:2330} INFO - Executing <Task(PythonOperator): get_5m_info> on 2024-07-25 05:20:00+00:00
[2024-07-25T16:15:48.662-0300] {standard_task_runner.py:64} INFO - Started process 2658770 to run task
[2024-07-25T16:15:48.664-0300] {standard_task_runner.py:90} INFO - Running: ['airflow', 'tasks', 'run', 'Binance_5m', 'get_5m_info', 'scheduled__2024-07-25T05:20:00+00:00', '--job-id', '2159', '--raw', '--subdir', 'DAGS_FOLDER/binance_dag.py', '--cfg-path', '/tmp/tmpdbisteh8']
[2024-07-25T16:15:48.665-0300] {standard_task_runner.py:91} INFO - Job 2159: Subtask get_5m_info
[2024-07-25T16:15:48.690-0300] {task_command.py:426} INFO - Running <TaskInstance: Binance_5m.get_5m_info scheduled__2024-07-25T05:20:00+00:00 [running]> on host Galaxybook.
[2024-07-25T16:15:48.742-0300] {taskinstance.py:2648} INFO - Exporting env vars: AIRFLOW_CTX_DAG_OWNER='airflow' AIRFLOW_CTX_DAG_ID='Binance_5m' AIRFLOW_CTX_TASK_ID='get_5m_info' AIRFLOW_CTX_EXECUTION_DATE='2024-07-25T05:20:00+00:00' AIRFLOW_CTX_TRY_NUMBER='1' AIRFLOW_CTX_DAG_RUN_ID='scheduled__2024-07-25T05:20:00+00:00'
[2024-07-25T16:15:48.743-0300] {taskinstance.py:430} INFO - ::endgroup::
[2024-07-25T16:15:48.750-0300] {binance_dag.py:22} INFO - End Time: 2024-07-25 05:25:00+00:00
[2024-07-25T16:15:48.750-0300] {binance_dag.py:23} INFO - Start Time: 2024-07-25 05:20:00+00:00
[2024-07-25T16:15:48.751-0300] {binance_dag.py:24} INFO - Start timestamp: 1721884800000
[2024-07-25T16:15:48.751-0300] {binance_dag.py:25} INFO - End timestamp: 1721885100000
[2024-07-25T16:15:48.808-0300] {base.py:84} INFO - Using connection ID 'binance_default' for task execution.
[2024-07-25T16:15:48.809-0300] {logging_mixin.py:188} INFO - https://api.binance.com
[2024-07-25T16:15:48.809-0300] {binance_hook.py:35} INFO - URL: https://api.binance.com/api/v3/klines?symbol=BTCBRL&interval=5m&startTime=1721884800000&endTime=1721885099999&timeZone=-3
[2024-07-25T16:15:49.199-0300] {python.py:237} INFO - Done. Returned value was: None
[2024-07-25T16:15:49.199-0300] {taskinstance.py:441} INFO - ::group::Post task execution logs
[2024-07-25T16:15:49.202-0300] {taskinstance.py:1206} INFO - Marking task as SUCCESS. dag_id=Binance_5m, task_id=get_5m_info, run_id=scheduled__2024-07-25T05:20:00+00:00, execution_date=20240725T052000, start_date=20240725T191548, end_date=20240725T191549
[2024-07-25T16:15:49.250-0300] {local_task_job_runner.py:243} INFO - Task exited with return code 0
[2024-07-25T16:15:49.256-0300] {taskinstance.py:3503} INFO - 0 downstream tasks scheduled from follow-on schedule check
[2024-07-25T16:15:49.256-0300] {local_task_job_runner.py:222} INFO - ::endgroup::
