[2024-07-25T14:50:30.995-0300] {local_task_job_runner.py:120} INFO - ::group::Pre task execution logs
[2024-07-25T14:50:31.000-0300] {taskinstance.py:2076} INFO - Dependencies all met for dep_context=non-requeueable deps ti=<TaskInstance: Binance_5m.get_5m_info scheduled__2024-07-25T08:10:00+00:00 [queued]>
[2024-07-25T14:50:31.004-0300] {taskinstance.py:2076} INFO - Dependencies all met for dep_context=requeueable deps ti=<TaskInstance: Binance_5m.get_5m_info scheduled__2024-07-25T08:10:00+00:00 [queued]>
[2024-07-25T14:50:31.004-0300] {taskinstance.py:2306} INFO - Starting attempt 1 of 1
[2024-07-25T14:50:31.020-0300] {taskinstance.py:2330} INFO - Executing <Task(PythonOperator): get_5m_info> on 2024-07-25 08:10:00+00:00
[2024-07-25T14:50:31.022-0300] {standard_task_runner.py:64} INFO - Started process 2609895 to run task
[2024-07-25T14:50:31.024-0300] {standard_task_runner.py:90} INFO - Running: ['airflow', 'tasks', 'run', 'Binance_5m', 'get_5m_info', 'scheduled__2024-07-25T08:10:00+00:00', '--job-id', '2190', '--raw', '--subdir', 'DAGS_FOLDER/binance_dag.py', '--cfg-path', '/tmp/tmp1obly6zw']
[2024-07-25T14:50:31.025-0300] {standard_task_runner.py:91} INFO - Job 2190: Subtask get_5m_info
[2024-07-25T14:50:31.051-0300] {task_command.py:426} INFO - Running <TaskInstance: Binance_5m.get_5m_info scheduled__2024-07-25T08:10:00+00:00 [running]> on host Galaxybook.
[2024-07-25T14:50:31.106-0300] {taskinstance.py:2648} INFO - Exporting env vars: AIRFLOW_CTX_DAG_OWNER='airflow' AIRFLOW_CTX_DAG_ID='Binance_5m' AIRFLOW_CTX_TASK_ID='get_5m_info' AIRFLOW_CTX_EXECUTION_DATE='2024-07-25T08:10:00+00:00' AIRFLOW_CTX_TRY_NUMBER='1' AIRFLOW_CTX_DAG_RUN_ID='scheduled__2024-07-25T08:10:00+00:00'
[2024-07-25T14:50:31.106-0300] {taskinstance.py:430} INFO - ::endgroup::
[2024-07-25T14:50:31.114-0300] {binance_dag.py:23} INFO - End Time: 2024-07-25T08:15:00.00Z
[2024-07-25T14:50:31.114-0300] {binance_dag.py:24} INFO - Start Time: 2024-07-25T08:10:00.00Z
[2024-07-25T14:50:31.176-0300] {base.py:84} INFO - Using connection ID 'binance_default' for task execution.
[2024-07-25T14:50:31.176-0300] {logging_mixin.py:188} INFO - https://api.binance.com
[2024-07-25T14:50:31.177-0300] {binance_hook.py:35} INFO - URL: https://api.binance.com/api/v3/klines?symbol=BTCBRL&interval=5m&startTime=1721905800000&endTime=1721906099999
[2024-07-25T14:50:31.565-0300] {binance_dag.py:43} INFO - r: [[1721905800000, '366350.00000000', '366350.00000000', '366055.00000000', '366216.00000000', '0.18800000', 1721906099999, '68856.15780000', 82, '0.05992000', '21950.00911000', '0']]
[2024-07-25T14:50:31.566-0300] {python.py:237} INFO - Done. Returned value was: None
[2024-07-25T14:50:31.566-0300] {taskinstance.py:441} INFO - ::group::Post task execution logs
[2024-07-25T14:50:31.569-0300] {taskinstance.py:1206} INFO - Marking task as SUCCESS. dag_id=Binance_5m, task_id=get_5m_info, run_id=scheduled__2024-07-25T08:10:00+00:00, execution_date=20240725T081000, start_date=20240725T175031, end_date=20240725T175031
[2024-07-25T14:50:31.605-0300] {local_task_job_runner.py:243} INFO - Task exited with return code 0
[2024-07-25T14:50:31.612-0300] {taskinstance.py:3503} INFO - 0 downstream tasks scheduled from follow-on schedule check
[2024-07-25T14:50:31.612-0300] {local_task_job_runner.py:222} INFO - ::endgroup::
[2024-07-25T15:20:34.666-0300] {local_task_job_runner.py:120} INFO - ::group::Pre task execution logs
[2024-07-25T15:20:34.672-0300] {taskinstance.py:2076} INFO - Dependencies all met for dep_context=non-requeueable deps ti=<TaskInstance: Binance_5m.get_5m_info scheduled__2024-07-25T08:10:00+00:00 [queued]>
[2024-07-25T15:20:34.676-0300] {taskinstance.py:2076} INFO - Dependencies all met for dep_context=requeueable deps ti=<TaskInstance: Binance_5m.get_5m_info scheduled__2024-07-25T08:10:00+00:00 [queued]>
[2024-07-25T15:20:34.676-0300] {taskinstance.py:2306} INFO - Starting attempt 1 of 1
[2024-07-25T15:20:34.690-0300] {taskinstance.py:2330} INFO - Executing <Task(PythonOperator): get_5m_info> on 2024-07-25 08:10:00+00:00
[2024-07-25T15:20:34.691-0300] {standard_task_runner.py:64} INFO - Started process 2632298 to run task
[2024-07-25T15:20:34.693-0300] {standard_task_runner.py:90} INFO - Running: ['airflow', 'tasks', 'run', 'Binance_5m', 'get_5m_info', 'scheduled__2024-07-25T08:10:00+00:00', '--job-id', '2633', '--raw', '--subdir', 'DAGS_FOLDER/binance_dag.py', '--cfg-path', '/tmp/tmpr6cr9xi4']
[2024-07-25T15:20:34.694-0300] {standard_task_runner.py:91} INFO - Job 2633: Subtask get_5m_info
[2024-07-25T15:20:34.718-0300] {task_command.py:426} INFO - Running <TaskInstance: Binance_5m.get_5m_info scheduled__2024-07-25T08:10:00+00:00 [running]> on host Galaxybook.
[2024-07-25T15:20:34.770-0300] {taskinstance.py:2648} INFO - Exporting env vars: AIRFLOW_CTX_DAG_OWNER='airflow' AIRFLOW_CTX_DAG_ID='Binance_5m' AIRFLOW_CTX_TASK_ID='get_5m_info' AIRFLOW_CTX_EXECUTION_DATE='2024-07-25T08:10:00+00:00' AIRFLOW_CTX_TRY_NUMBER='1' AIRFLOW_CTX_DAG_RUN_ID='scheduled__2024-07-25T08:10:00+00:00'
[2024-07-25T15:20:34.770-0300] {taskinstance.py:430} INFO - ::endgroup::
[2024-07-25T15:20:34.778-0300] {binance_dag.py:23} INFO - End Time: 2024-07-25T08:15:00.00Z
[2024-07-25T15:20:34.778-0300] {binance_dag.py:24} INFO - Start Time: 2024-07-25T08:10:00.00Z
[2024-07-25T15:20:34.833-0300] {binance_dag.py:25} INFO - 1721905800000
[2024-07-25T15:20:34.836-0300] {base.py:84} INFO - Using connection ID 'binance_default' for task execution.
[2024-07-25T15:20:34.837-0300] {logging_mixin.py:188} INFO - https://api.binance.com
[2024-07-25T15:20:34.837-0300] {binance_hook.py:35} INFO - URL: https://api.binance.com/api/v3/klines?symbol=BTCBRL&interval=5m&startTime=1721905800000&endTime=1721906099999
[2024-07-25T15:20:35.224-0300] {python.py:237} INFO - Done. Returned value was: None
[2024-07-25T15:20:35.224-0300] {taskinstance.py:441} INFO - ::group::Post task execution logs
[2024-07-25T15:20:35.227-0300] {taskinstance.py:1206} INFO - Marking task as SUCCESS. dag_id=Binance_5m, task_id=get_5m_info, run_id=scheduled__2024-07-25T08:10:00+00:00, execution_date=20240725T081000, start_date=20240725T182034, end_date=20240725T182035
[2024-07-25T15:20:35.279-0300] {local_task_job_runner.py:243} INFO - Task exited with return code 0
[2024-07-25T15:20:35.286-0300] {taskinstance.py:3503} INFO - 0 downstream tasks scheduled from follow-on schedule check
[2024-07-25T15:20:35.287-0300] {local_task_job_runner.py:222} INFO - ::endgroup::
[2024-07-25T16:17:19.862-0300] {local_task_job_runner.py:120} INFO - ::group::Pre task execution logs
[2024-07-25T16:17:19.877-0300] {taskinstance.py:2076} INFO - Dependencies all met for dep_context=non-requeueable deps ti=<TaskInstance: Binance_5m.get_5m_info scheduled__2024-07-25T08:10:00+00:00 [queued]>
[2024-07-25T16:17:19.880-0300] {taskinstance.py:2076} INFO - Dependencies all met for dep_context=requeueable deps ti=<TaskInstance: Binance_5m.get_5m_info scheduled__2024-07-25T08:10:00+00:00 [queued]>
[2024-07-25T16:17:19.880-0300] {taskinstance.py:2306} INFO - Starting attempt 1 of 1
[2024-07-25T16:17:19.897-0300] {taskinstance.py:2330} INFO - Executing <Task(PythonOperator): get_5m_info> on 2024-07-25 08:10:00+00:00
[2024-07-25T16:17:19.899-0300] {standard_task_runner.py:64} INFO - Started process 2660290 to run task
[2024-07-25T16:17:19.901-0300] {standard_task_runner.py:90} INFO - Running: ['airflow', 'tasks', 'run', 'Binance_5m', 'get_5m_info', 'scheduled__2024-07-25T08:10:00+00:00', '--job-id', '2196', '--raw', '--subdir', 'DAGS_FOLDER/binance_dag.py', '--cfg-path', '/tmp/tmp8evypepa']
[2024-07-25T16:17:19.902-0300] {standard_task_runner.py:91} INFO - Job 2196: Subtask get_5m_info
[2024-07-25T16:17:19.929-0300] {task_command.py:426} INFO - Running <TaskInstance: Binance_5m.get_5m_info scheduled__2024-07-25T08:10:00+00:00 [running]> on host Galaxybook.
[2024-07-25T16:17:19.983-0300] {taskinstance.py:2648} INFO - Exporting env vars: AIRFLOW_CTX_DAG_OWNER='airflow' AIRFLOW_CTX_DAG_ID='Binance_5m' AIRFLOW_CTX_TASK_ID='get_5m_info' AIRFLOW_CTX_EXECUTION_DATE='2024-07-25T08:10:00+00:00' AIRFLOW_CTX_TRY_NUMBER='1' AIRFLOW_CTX_DAG_RUN_ID='scheduled__2024-07-25T08:10:00+00:00'
[2024-07-25T16:17:19.983-0300] {taskinstance.py:430} INFO - ::endgroup::
[2024-07-25T16:17:19.991-0300] {binance_dag.py:22} INFO - End Time: 2024-07-25 08:15:00+00:00
[2024-07-25T16:17:19.992-0300] {binance_dag.py:23} INFO - Start Time: 2024-07-25 08:10:00+00:00
[2024-07-25T16:17:19.992-0300] {binance_dag.py:24} INFO - Start timestamp: 1721895000000
[2024-07-25T16:17:19.992-0300] {binance_dag.py:25} INFO - End timestamp: 1721895300000
[2024-07-25T16:17:20.061-0300] {base.py:84} INFO - Using connection ID 'binance_default' for task execution.
[2024-07-25T16:17:20.062-0300] {logging_mixin.py:188} INFO - https://api.binance.com
[2024-07-25T16:17:20.062-0300] {binance_hook.py:35} INFO - URL: https://api.binance.com/api/v3/klines?symbol=BTCBRL&interval=5m&startTime=1721895000000&endTime=1721895299999&timeZone=-3
[2024-07-25T16:17:20.529-0300] {python.py:237} INFO - Done. Returned value was: None
[2024-07-25T16:17:20.530-0300] {taskinstance.py:441} INFO - ::group::Post task execution logs
[2024-07-25T16:17:20.532-0300] {taskinstance.py:1206} INFO - Marking task as SUCCESS. dag_id=Binance_5m, task_id=get_5m_info, run_id=scheduled__2024-07-25T08:10:00+00:00, execution_date=20240725T081000, start_date=20240725T191719, end_date=20240725T191720
[2024-07-25T16:17:20.568-0300] {local_task_job_runner.py:243} INFO - Task exited with return code 0
[2024-07-25T16:17:20.575-0300] {taskinstance.py:3503} INFO - 0 downstream tasks scheduled from follow-on schedule check
[2024-07-25T16:17:20.575-0300] {local_task_job_runner.py:222} INFO - ::endgroup::
