[2024-07-25T14:50:50.310-0300] {local_task_job_runner.py:120} INFO - ::group::Pre task execution logs
[2024-07-25T14:50:50.316-0300] {taskinstance.py:2076} INFO - Dependencies all met for dep_context=non-requeueable deps ti=<TaskInstance: Binance_5m.get_5m_info scheduled__2024-07-25T08:55:00+00:00 [queued]>
[2024-07-25T14:50:50.319-0300] {taskinstance.py:2076} INFO - Dependencies all met for dep_context=requeueable deps ti=<TaskInstance: Binance_5m.get_5m_info scheduled__2024-07-25T08:55:00+00:00 [queued]>
[2024-07-25T14:50:50.319-0300] {taskinstance.py:2306} INFO - Starting attempt 1 of 1
[2024-07-25T14:50:50.334-0300] {taskinstance.py:2330} INFO - Executing <Task(PythonOperator): get_5m_info> on 2024-07-25 08:55:00+00:00
[2024-07-25T14:50:50.336-0300] {standard_task_runner.py:64} INFO - Started process 2610223 to run task
[2024-07-25T14:50:50.338-0300] {standard_task_runner.py:90} INFO - Running: ['airflow', 'tasks', 'run', 'Binance_5m', 'get_5m_info', 'scheduled__2024-07-25T08:55:00+00:00', '--job-id', '2199', '--raw', '--subdir', 'DAGS_FOLDER/binance_dag.py', '--cfg-path', '/tmp/tmpfgaje9p7']
[2024-07-25T14:50:50.339-0300] {standard_task_runner.py:91} INFO - Job 2199: Subtask get_5m_info
[2024-07-25T14:50:50.364-0300] {task_command.py:426} INFO - Running <TaskInstance: Binance_5m.get_5m_info scheduled__2024-07-25T08:55:00+00:00 [running]> on host Galaxybook.
[2024-07-25T14:50:50.416-0300] {taskinstance.py:2648} INFO - Exporting env vars: AIRFLOW_CTX_DAG_OWNER='airflow' AIRFLOW_CTX_DAG_ID='Binance_5m' AIRFLOW_CTX_TASK_ID='get_5m_info' AIRFLOW_CTX_EXECUTION_DATE='2024-07-25T08:55:00+00:00' AIRFLOW_CTX_TRY_NUMBER='1' AIRFLOW_CTX_DAG_RUN_ID='scheduled__2024-07-25T08:55:00+00:00'
[2024-07-25T14:50:50.416-0300] {taskinstance.py:430} INFO - ::endgroup::
[2024-07-25T14:50:50.424-0300] {binance_dag.py:23} INFO - End Time: 2024-07-25T09:00:00.00Z
[2024-07-25T14:50:50.424-0300] {binance_dag.py:24} INFO - Start Time: 2024-07-25T08:55:00.00Z
[2024-07-25T14:50:50.476-0300] {base.py:84} INFO - Using connection ID 'binance_default' for task execution.
[2024-07-25T14:50:50.477-0300] {logging_mixin.py:188} INFO - https://api.binance.com
[2024-07-25T14:50:50.477-0300] {binance_hook.py:35} INFO - URL: https://api.binance.com/api/v3/klines?symbol=BTCBRL&interval=5m&startTime=1721908500000&endTime=1721908799999
[2024-07-25T14:50:50.869-0300] {binance_dag.py:43} INFO - r: [[1721908500000, '365507.00000000', '365507.00000000', '365065.00000000', '365065.00000000', '0.23008000', 1721908799999, '84047.03912000', 77, '0.03994000', '14588.46621000', '0']]
[2024-07-25T14:50:50.870-0300] {python.py:237} INFO - Done. Returned value was: None
[2024-07-25T14:50:50.871-0300] {taskinstance.py:441} INFO - ::group::Post task execution logs
[2024-07-25T14:50:50.874-0300] {taskinstance.py:1206} INFO - Marking task as SUCCESS. dag_id=Binance_5m, task_id=get_5m_info, run_id=scheduled__2024-07-25T08:55:00+00:00, execution_date=20240725T085500, start_date=20240725T175050, end_date=20240725T175050
[2024-07-25T14:50:50.925-0300] {local_task_job_runner.py:243} INFO - Task exited with return code 0
[2024-07-25T14:50:50.934-0300] {taskinstance.py:3503} INFO - 0 downstream tasks scheduled from follow-on schedule check
[2024-07-25T14:50:50.934-0300] {local_task_job_runner.py:222} INFO - ::endgroup::
[2024-07-25T15:20:53.507-0300] {local_task_job_runner.py:120} INFO - ::group::Pre task execution logs
[2024-07-25T15:20:53.512-0300] {taskinstance.py:2076} INFO - Dependencies all met for dep_context=non-requeueable deps ti=<TaskInstance: Binance_5m.get_5m_info scheduled__2024-07-25T08:55:00+00:00 [queued]>
[2024-07-25T15:20:53.524-0300] {taskinstance.py:2076} INFO - Dependencies all met for dep_context=requeueable deps ti=<TaskInstance: Binance_5m.get_5m_info scheduled__2024-07-25T08:55:00+00:00 [queued]>
[2024-07-25T15:20:53.525-0300] {taskinstance.py:2306} INFO - Starting attempt 1 of 1
[2024-07-25T15:20:53.538-0300] {taskinstance.py:2330} INFO - Executing <Task(PythonOperator): get_5m_info> on 2024-07-25 08:55:00+00:00
[2024-07-25T15:20:53.540-0300] {standard_task_runner.py:64} INFO - Started process 2632617 to run task
[2024-07-25T15:20:53.542-0300] {standard_task_runner.py:90} INFO - Running: ['airflow', 'tasks', 'run', 'Binance_5m', 'get_5m_info', 'scheduled__2024-07-25T08:55:00+00:00', '--job-id', '2642', '--raw', '--subdir', 'DAGS_FOLDER/binance_dag.py', '--cfg-path', '/tmp/tmpd3_0w8l2']
[2024-07-25T15:20:53.543-0300] {standard_task_runner.py:91} INFO - Job 2642: Subtask get_5m_info
[2024-07-25T15:20:53.567-0300] {task_command.py:426} INFO - Running <TaskInstance: Binance_5m.get_5m_info scheduled__2024-07-25T08:55:00+00:00 [running]> on host Galaxybook.
[2024-07-25T15:20:53.619-0300] {taskinstance.py:2648} INFO - Exporting env vars: AIRFLOW_CTX_DAG_OWNER='airflow' AIRFLOW_CTX_DAG_ID='Binance_5m' AIRFLOW_CTX_TASK_ID='get_5m_info' AIRFLOW_CTX_EXECUTION_DATE='2024-07-25T08:55:00+00:00' AIRFLOW_CTX_TRY_NUMBER='1' AIRFLOW_CTX_DAG_RUN_ID='scheduled__2024-07-25T08:55:00+00:00'
[2024-07-25T15:20:53.620-0300] {taskinstance.py:430} INFO - ::endgroup::
[2024-07-25T15:20:53.627-0300] {binance_dag.py:23} INFO - End Time: 2024-07-25T09:00:00.00Z
[2024-07-25T15:20:53.627-0300] {binance_dag.py:24} INFO - Start Time: 2024-07-25T08:55:00.00Z
[2024-07-25T15:20:53.677-0300] {binance_dag.py:25} INFO - 1721908500000
[2024-07-25T15:20:53.680-0300] {base.py:84} INFO - Using connection ID 'binance_default' for task execution.
[2024-07-25T15:20:53.680-0300] {logging_mixin.py:188} INFO - https://api.binance.com
[2024-07-25T15:20:53.680-0300] {binance_hook.py:35} INFO - URL: https://api.binance.com/api/v3/klines?symbol=BTCBRL&interval=5m&startTime=1721908500000&endTime=1721908799999
[2024-07-25T15:20:54.084-0300] {python.py:237} INFO - Done. Returned value was: None
[2024-07-25T15:20:54.085-0300] {taskinstance.py:441} INFO - ::group::Post task execution logs
[2024-07-25T15:20:54.088-0300] {taskinstance.py:1206} INFO - Marking task as SUCCESS. dag_id=Binance_5m, task_id=get_5m_info, run_id=scheduled__2024-07-25T08:55:00+00:00, execution_date=20240725T085500, start_date=20240725T182053, end_date=20240725T182054
[2024-07-25T15:20:54.128-0300] {local_task_job_runner.py:243} INFO - Task exited with return code 0
[2024-07-25T15:20:54.135-0300] {taskinstance.py:3503} INFO - 0 downstream tasks scheduled from follow-on schedule check
[2024-07-25T15:20:54.135-0300] {local_task_job_runner.py:222} INFO - ::endgroup::
[2024-07-25T16:17:39.629-0300] {local_task_job_runner.py:120} INFO - ::group::Pre task execution logs
[2024-07-25T16:17:39.635-0300] {taskinstance.py:2076} INFO - Dependencies all met for dep_context=non-requeueable deps ti=<TaskInstance: Binance_5m.get_5m_info scheduled__2024-07-25T08:55:00+00:00 [queued]>
[2024-07-25T16:17:39.640-0300] {taskinstance.py:2076} INFO - Dependencies all met for dep_context=requeueable deps ti=<TaskInstance: Binance_5m.get_5m_info scheduled__2024-07-25T08:55:00+00:00 [queued]>
[2024-07-25T16:17:39.640-0300] {taskinstance.py:2306} INFO - Starting attempt 1 of 1
[2024-07-25T16:17:39.655-0300] {taskinstance.py:2330} INFO - Executing <Task(PythonOperator): get_5m_info> on 2024-07-25 08:55:00+00:00
[2024-07-25T16:17:39.657-0300] {standard_task_runner.py:64} INFO - Started process 2660629 to run task
[2024-07-25T16:17:39.659-0300] {standard_task_runner.py:90} INFO - Running: ['airflow', 'tasks', 'run', 'Binance_5m', 'get_5m_info', 'scheduled__2024-07-25T08:55:00+00:00', '--job-id', '2205', '--raw', '--subdir', 'DAGS_FOLDER/binance_dag.py', '--cfg-path', '/tmp/tmpvodz2uw_']
[2024-07-25T16:17:39.660-0300] {standard_task_runner.py:91} INFO - Job 2205: Subtask get_5m_info
[2024-07-25T16:17:39.690-0300] {task_command.py:426} INFO - Running <TaskInstance: Binance_5m.get_5m_info scheduled__2024-07-25T08:55:00+00:00 [running]> on host Galaxybook.
[2024-07-25T16:17:39.746-0300] {taskinstance.py:2648} INFO - Exporting env vars: AIRFLOW_CTX_DAG_OWNER='airflow' AIRFLOW_CTX_DAG_ID='Binance_5m' AIRFLOW_CTX_TASK_ID='get_5m_info' AIRFLOW_CTX_EXECUTION_DATE='2024-07-25T08:55:00+00:00' AIRFLOW_CTX_TRY_NUMBER='1' AIRFLOW_CTX_DAG_RUN_ID='scheduled__2024-07-25T08:55:00+00:00'
[2024-07-25T16:17:39.747-0300] {taskinstance.py:430} INFO - ::endgroup::
[2024-07-25T16:17:39.755-0300] {binance_dag.py:22} INFO - End Time: 2024-07-25 09:00:00+00:00
[2024-07-25T16:17:39.755-0300] {binance_dag.py:23} INFO - Start Time: 2024-07-25 08:55:00+00:00
[2024-07-25T16:17:39.755-0300] {binance_dag.py:24} INFO - Start timestamp: 1721897700000
[2024-07-25T16:17:39.756-0300] {binance_dag.py:25} INFO - End timestamp: 1721898000000
[2024-07-25T16:17:39.830-0300] {base.py:84} INFO - Using connection ID 'binance_default' for task execution.
[2024-07-25T16:17:39.830-0300] {logging_mixin.py:188} INFO - https://api.binance.com
[2024-07-25T16:17:39.831-0300] {binance_hook.py:35} INFO - URL: https://api.binance.com/api/v3/klines?symbol=BTCBRL&interval=5m&startTime=1721897700000&endTime=1721897999999&timeZone=-3
[2024-07-25T16:17:40.225-0300] {python.py:237} INFO - Done. Returned value was: None
[2024-07-25T16:17:40.225-0300] {taskinstance.py:441} INFO - ::group::Post task execution logs
[2024-07-25T16:17:40.228-0300] {taskinstance.py:1206} INFO - Marking task as SUCCESS. dag_id=Binance_5m, task_id=get_5m_info, run_id=scheduled__2024-07-25T08:55:00+00:00, execution_date=20240725T085500, start_date=20240725T191739, end_date=20240725T191740
[2024-07-25T16:17:40.241-0300] {local_task_job_runner.py:243} INFO - Task exited with return code 0
[2024-07-25T16:17:40.247-0300] {taskinstance.py:3503} INFO - 0 downstream tasks scheduled from follow-on schedule check
[2024-07-25T16:17:40.248-0300] {local_task_job_runner.py:222} INFO - ::endgroup::
