[2024-07-25T15:45:02.470-0300] {local_task_job_runner.py:120} INFO - ::group::Pre task execution logs
[2024-07-25T15:45:02.474-0300] {taskinstance.py:2076} INFO - Dependencies all met for dep_context=non-requeueable deps ti=<TaskInstance: Binance_5m.get_5m_info scheduled__2024-07-25T18:40:00+00:00 [queued]>
[2024-07-25T15:45:02.477-0300] {taskinstance.py:2076} INFO - Dependencies all met for dep_context=requeueable deps ti=<TaskInstance: Binance_5m.get_5m_info scheduled__2024-07-25T18:40:00+00:00 [queued]>
[2024-07-25T15:45:02.477-0300] {taskinstance.py:2306} INFO - Starting attempt 1 of 1
[2024-07-25T15:45:02.491-0300] {taskinstance.py:2330} INFO - Executing <Task(PythonOperator): get_5m_info> on 2024-07-25 18:40:00+00:00
[2024-07-25T15:45:02.492-0300] {standard_task_runner.py:64} INFO - Started process 2644079 to run task
[2024-07-25T15:45:02.494-0300] {standard_task_runner.py:90} INFO - Running: ['airflow', 'tasks', 'run', 'Binance_5m', 'get_5m_info', 'scheduled__2024-07-25T18:40:00+00:00', '--job-id', '2761', '--raw', '--subdir', 'DAGS_FOLDER/binance_dag.py', '--cfg-path', '/tmp/tmp9zq3tmst']
[2024-07-25T15:45:02.495-0300] {standard_task_runner.py:91} INFO - Job 2761: Subtask get_5m_info
[2024-07-25T15:45:02.521-0300] {task_command.py:426} INFO - Running <TaskInstance: Binance_5m.get_5m_info scheduled__2024-07-25T18:40:00+00:00 [running]> on host Galaxybook.
[2024-07-25T15:45:02.578-0300] {taskinstance.py:2648} INFO - Exporting env vars: AIRFLOW_CTX_DAG_OWNER='airflow' AIRFLOW_CTX_DAG_ID='Binance_5m' AIRFLOW_CTX_TASK_ID='get_5m_info' AIRFLOW_CTX_EXECUTION_DATE='2024-07-25T18:40:00+00:00' AIRFLOW_CTX_TRY_NUMBER='1' AIRFLOW_CTX_DAG_RUN_ID='scheduled__2024-07-25T18:40:00+00:00'
[2024-07-25T15:45:02.579-0300] {taskinstance.py:430} INFO - ::endgroup::
[2024-07-25T15:45:02.587-0300] {binance_dag.py:23} INFO - End Time: 2024-07-25T18:45:00.00Z
[2024-07-25T15:45:02.587-0300] {binance_dag.py:24} INFO - Start Time: 2024-07-25T18:40:00.00Z
[2024-07-25T15:45:02.643-0300] {binance_dag.py:25} INFO - 1721943600000
[2024-07-25T15:45:02.645-0300] {base.py:84} INFO - Using connection ID 'binance_default' for task execution.
[2024-07-25T15:45:02.646-0300] {logging_mixin.py:188} INFO - https://api.binance.com
[2024-07-25T15:45:02.646-0300] {binance_hook.py:35} INFO - URL: https://api.binance.com/api/v3/klines?symbol=BTCBRL&interval=5m&startTime=1721943600000&endTime=1721943899999&timeZone=-3
[2024-07-25T15:45:05.027-0300] {python.py:237} INFO - Done. Returned value was: None
[2024-07-25T15:45:05.028-0300] {taskinstance.py:441} INFO - ::group::Post task execution logs
[2024-07-25T15:45:05.031-0300] {taskinstance.py:1206} INFO - Marking task as SUCCESS. dag_id=Binance_5m, task_id=get_5m_info, run_id=scheduled__2024-07-25T18:40:00+00:00, execution_date=20240725T184000, start_date=20240725T184502, end_date=20240725T184505
[2024-07-25T15:45:05.070-0300] {local_task_job_runner.py:243} INFO - Task exited with return code 0
[2024-07-25T15:45:05.076-0300] {taskinstance.py:3503} INFO - 0 downstream tasks scheduled from follow-on schedule check
[2024-07-25T15:45:05.076-0300] {local_task_job_runner.py:222} INFO - ::endgroup::
[2024-07-25T16:24:35.853-0300] {local_task_job_runner.py:120} INFO - ::group::Pre task execution logs
[2024-07-25T16:24:35.860-0300] {taskinstance.py:2076} INFO - Dependencies all met for dep_context=non-requeueable deps ti=<TaskInstance: Binance_5m.get_5m_info scheduled__2024-07-25T18:40:00+00:00 [queued]>
[2024-07-25T16:24:35.865-0300] {taskinstance.py:2076} INFO - Dependencies all met for dep_context=requeueable deps ti=<TaskInstance: Binance_5m.get_5m_info scheduled__2024-07-25T18:40:00+00:00 [queued]>
[2024-07-25T16:24:35.865-0300] {taskinstance.py:2306} INFO - Starting attempt 1 of 1
[2024-07-25T16:24:35.881-0300] {taskinstance.py:2330} INFO - Executing <Task(PythonOperator): get_5m_info> on 2024-07-25 18:40:00+00:00
[2024-07-25T16:24:35.884-0300] {standard_task_runner.py:64} INFO - Started process 2667635 to run task
[2024-07-25T16:24:35.887-0300] {standard_task_runner.py:90} INFO - Running: ['airflow', 'tasks', 'run', 'Binance_5m', 'get_5m_info', 'scheduled__2024-07-25T18:40:00+00:00', '--job-id', '2408', '--raw', '--subdir', 'DAGS_FOLDER/binance_dag.py', '--cfg-path', '/tmp/tmp_1e8ky6y']
[2024-07-25T16:24:35.888-0300] {standard_task_runner.py:91} INFO - Job 2408: Subtask get_5m_info
[2024-07-25T16:24:35.920-0300] {task_command.py:426} INFO - Running <TaskInstance: Binance_5m.get_5m_info scheduled__2024-07-25T18:40:00+00:00 [running]> on host Galaxybook.
[2024-07-25T16:24:35.985-0300] {taskinstance.py:2648} INFO - Exporting env vars: AIRFLOW_CTX_DAG_OWNER='airflow' AIRFLOW_CTX_DAG_ID='Binance_5m' AIRFLOW_CTX_TASK_ID='get_5m_info' AIRFLOW_CTX_EXECUTION_DATE='2024-07-25T18:40:00+00:00' AIRFLOW_CTX_TRY_NUMBER='1' AIRFLOW_CTX_DAG_RUN_ID='scheduled__2024-07-25T18:40:00+00:00'
[2024-07-25T16:24:35.985-0300] {taskinstance.py:430} INFO - ::endgroup::
[2024-07-25T16:24:35.996-0300] {binance_dag.py:22} INFO - End Time: 2024-07-25 18:45:00+00:00
[2024-07-25T16:24:35.996-0300] {binance_dag.py:23} INFO - Start Time: 2024-07-25 18:40:00+00:00
[2024-07-25T16:24:35.996-0300] {binance_dag.py:24} INFO - Start timestamp: 1721932800000
[2024-07-25T16:24:35.996-0300] {binance_dag.py:25} INFO - End timestamp: 1721933100000
[2024-07-25T16:24:36.083-0300] {base.py:84} INFO - Using connection ID 'binance_default' for task execution.
[2024-07-25T16:24:36.084-0300] {logging_mixin.py:188} INFO - https://api.binance.com
[2024-07-25T16:24:36.084-0300] {binance_hook.py:35} INFO - URL: https://api.binance.com/api/v3/klines?symbol=BTCBRL&interval=5m&startTime=1721932800000&endTime=1721933099999&timeZone=-3
[2024-07-25T16:24:36.478-0300] {python.py:237} INFO - Done. Returned value was: None
[2024-07-25T16:24:36.479-0300] {taskinstance.py:441} INFO - ::group::Post task execution logs
[2024-07-25T16:24:36.482-0300] {taskinstance.py:1206} INFO - Marking task as SUCCESS. dag_id=Binance_5m, task_id=get_5m_info, run_id=scheduled__2024-07-25T18:40:00+00:00, execution_date=20240725T184000, start_date=20240725T192435, end_date=20240725T192436
[2024-07-25T16:24:36.507-0300] {local_task_job_runner.py:243} INFO - Task exited with return code 0
[2024-07-25T16:24:36.515-0300] {taskinstance.py:3503} INFO - 0 downstream tasks scheduled from follow-on schedule check
[2024-07-25T16:24:36.515-0300] {local_task_job_runner.py:222} INFO - ::endgroup::
