[2024-07-25T14:47:36.837-0300] {local_task_job_runner.py:120} INFO - ::group::Pre task execution logs
[2024-07-25T14:47:36.842-0300] {taskinstance.py:2076} INFO - Dependencies all met for dep_context=non-requeueable deps ti=<TaskInstance: Binance_5m.get_5m_info scheduled__2024-07-25T02:15:00+00:00 [queued]>
[2024-07-25T14:47:36.845-0300] {taskinstance.py:2076} INFO - Dependencies all met for dep_context=requeueable deps ti=<TaskInstance: Binance_5m.get_5m_info scheduled__2024-07-25T02:15:00+00:00 [queued]>
[2024-07-25T14:47:36.845-0300] {taskinstance.py:2306} INFO - Starting attempt 1 of 1
[2024-07-25T14:47:36.865-0300] {taskinstance.py:2330} INFO - Executing <Task(PythonOperator): get_5m_info> on 2024-07-25 02:15:00+00:00
[2024-07-25T14:47:36.867-0300] {standard_task_runner.py:64} INFO - Started process 2606993 to run task
[2024-07-25T14:47:36.869-0300] {standard_task_runner.py:90} INFO - Running: ['airflow', 'tasks', 'run', 'Binance_5m', 'get_5m_info', 'scheduled__2024-07-25T02:15:00+00:00', '--job-id', '2113', '--raw', '--subdir', 'DAGS_FOLDER/binance_dag.py', '--cfg-path', '/tmp/tmpy_sh19vh']
[2024-07-25T14:47:36.870-0300] {standard_task_runner.py:91} INFO - Job 2113: Subtask get_5m_info
[2024-07-25T14:47:36.895-0300] {task_command.py:426} INFO - Running <TaskInstance: Binance_5m.get_5m_info scheduled__2024-07-25T02:15:00+00:00 [running]> on host Galaxybook.
[2024-07-25T14:47:36.944-0300] {taskinstance.py:2648} INFO - Exporting env vars: AIRFLOW_CTX_DAG_OWNER='airflow' AIRFLOW_CTX_DAG_ID='Binance_5m' AIRFLOW_CTX_TASK_ID='get_5m_info' AIRFLOW_CTX_EXECUTION_DATE='2024-07-25T02:15:00+00:00' AIRFLOW_CTX_TRY_NUMBER='1' AIRFLOW_CTX_DAG_RUN_ID='scheduled__2024-07-25T02:15:00+00:00'
[2024-07-25T14:47:36.944-0300] {taskinstance.py:430} INFO - ::endgroup::
[2024-07-25T14:47:36.951-0300] {binance_dag.py:23} INFO - End Time: 2024-07-25T02:20:00.00Z
[2024-07-25T14:47:36.952-0300] {binance_dag.py:24} INFO - Start Time: 2024-07-25T02:15:00.00Z
[2024-07-25T14:47:37.012-0300] {base.py:84} INFO - Using connection ID 'binance_default' for task execution.
[2024-07-25T14:47:37.012-0300] {logging_mixin.py:188} INFO - https://api.binance.com
[2024-07-25T14:47:37.012-0300] {binance_hook.py:35} INFO - URL: https://api.binance.com/api/v3/klines?symbol=BTCBRL&interval=5m&startTime=1721884500000&endTime=1721884799999
[2024-07-25T14:47:37.399-0300] {binance_dag.py:43} INFO - r: [[1721884500000, '365777.00000000', '365959.00000000', '365649.00000000', '365828.00000000', '0.04622000', 1721884799999, '16904.41657000', 7, '0.04608000', '16853.21419000', '0']]
[2024-07-25T14:47:37.400-0300] {python.py:237} INFO - Done. Returned value was: None
[2024-07-25T14:47:37.400-0300] {taskinstance.py:441} INFO - ::group::Post task execution logs
[2024-07-25T14:47:37.403-0300] {taskinstance.py:1206} INFO - Marking task as SUCCESS. dag_id=Binance_5m, task_id=get_5m_info, run_id=scheduled__2024-07-25T02:15:00+00:00, execution_date=20240725T021500, start_date=20240725T174736, end_date=20240725T174737
[2024-07-25T14:47:37.453-0300] {local_task_job_runner.py:243} INFO - Task exited with return code 0
[2024-07-25T14:47:37.459-0300] {taskinstance.py:3503} INFO - 0 downstream tasks scheduled from follow-on schedule check
[2024-07-25T14:47:37.459-0300] {local_task_job_runner.py:222} INFO - ::endgroup::
[2024-07-25T15:17:50.008-0300] {local_task_job_runner.py:120} INFO - ::group::Pre task execution logs
[2024-07-25T15:17:50.013-0300] {taskinstance.py:2076} INFO - Dependencies all met for dep_context=non-requeueable deps ti=<TaskInstance: Binance_5m.get_5m_info scheduled__2024-07-25T02:15:00+00:00 [queued]>
[2024-07-25T15:17:50.016-0300] {taskinstance.py:2076} INFO - Dependencies all met for dep_context=requeueable deps ti=<TaskInstance: Binance_5m.get_5m_info scheduled__2024-07-25T02:15:00+00:00 [queued]>
[2024-07-25T15:17:50.016-0300] {taskinstance.py:2306} INFO - Starting attempt 1 of 1
[2024-07-25T15:17:50.031-0300] {taskinstance.py:2330} INFO - Executing <Task(PythonOperator): get_5m_info> on 2024-07-25 02:15:00+00:00
[2024-07-25T15:17:50.033-0300] {standard_task_runner.py:64} INFO - Started process 2629607 to run task
[2024-07-25T15:17:50.035-0300] {standard_task_runner.py:90} INFO - Running: ['airflow', 'tasks', 'run', 'Binance_5m', 'get_5m_info', 'scheduled__2024-07-25T02:15:00+00:00', '--job-id', '2562', '--raw', '--subdir', 'DAGS_FOLDER/binance_dag.py', '--cfg-path', '/tmp/tmp_pus1idu']
[2024-07-25T15:17:50.035-0300] {standard_task_runner.py:91} INFO - Job 2562: Subtask get_5m_info
[2024-07-25T15:17:50.060-0300] {task_command.py:426} INFO - Running <TaskInstance: Binance_5m.get_5m_info scheduled__2024-07-25T02:15:00+00:00 [running]> on host Galaxybook.
[2024-07-25T15:17:50.111-0300] {taskinstance.py:2648} INFO - Exporting env vars: AIRFLOW_CTX_DAG_OWNER='airflow' AIRFLOW_CTX_DAG_ID='Binance_5m' AIRFLOW_CTX_TASK_ID='get_5m_info' AIRFLOW_CTX_EXECUTION_DATE='2024-07-25T02:15:00+00:00' AIRFLOW_CTX_TRY_NUMBER='1' AIRFLOW_CTX_DAG_RUN_ID='scheduled__2024-07-25T02:15:00+00:00'
[2024-07-25T15:17:50.112-0300] {taskinstance.py:430} INFO - ::endgroup::
[2024-07-25T15:17:50.121-0300] {binance_dag.py:23} INFO - End Time: 2024-07-25T02:20:00.00Z
[2024-07-25T15:17:50.121-0300] {binance_dag.py:24} INFO - Start Time: 2024-07-25T02:15:00.00Z
[2024-07-25T15:17:50.182-0300] {binance_dag.py:25} INFO - 1721884500000
[2024-07-25T15:17:50.185-0300] {base.py:84} INFO - Using connection ID 'binance_default' for task execution.
[2024-07-25T15:17:50.185-0300] {logging_mixin.py:188} INFO - https://api.binance.com
[2024-07-25T15:17:50.186-0300] {binance_hook.py:35} INFO - URL: https://api.binance.com/api/v3/klines?symbol=BTCBRL&interval=5m&startTime=1721884500000&endTime=1721884799999
[2024-07-25T15:17:50.572-0300] {python.py:237} INFO - Done. Returned value was: None
[2024-07-25T15:17:50.573-0300] {taskinstance.py:441} INFO - ::group::Post task execution logs
[2024-07-25T15:17:50.576-0300] {taskinstance.py:1206} INFO - Marking task as SUCCESS. dag_id=Binance_5m, task_id=get_5m_info, run_id=scheduled__2024-07-25T02:15:00+00:00, execution_date=20240725T021500, start_date=20240725T181750, end_date=20240725T181750
[2024-07-25T15:17:50.616-0300] {local_task_job_runner.py:243} INFO - Task exited with return code 0
[2024-07-25T15:17:50.623-0300] {taskinstance.py:3503} INFO - 0 downstream tasks scheduled from follow-on schedule check
[2024-07-25T15:17:50.623-0300] {local_task_job_runner.py:222} INFO - ::endgroup::
[2024-07-25T16:14:19.987-0300] {local_task_job_runner.py:120} INFO - ::group::Pre task execution logs
[2024-07-25T16:14:19.993-0300] {taskinstance.py:2076} INFO - Dependencies all met for dep_context=non-requeueable deps ti=<TaskInstance: Binance_5m.get_5m_info scheduled__2024-07-25T02:15:00+00:00 [queued]>
[2024-07-25T16:14:19.996-0300] {taskinstance.py:2076} INFO - Dependencies all met for dep_context=requeueable deps ti=<TaskInstance: Binance_5m.get_5m_info scheduled__2024-07-25T02:15:00+00:00 [queued]>
[2024-07-25T16:14:19.996-0300] {taskinstance.py:2306} INFO - Starting attempt 1 of 1
[2024-07-25T16:14:20.010-0300] {taskinstance.py:2330} INFO - Executing <Task(PythonOperator): get_5m_info> on 2024-07-25 02:15:00+00:00
[2024-07-25T16:14:20.012-0300] {standard_task_runner.py:64} INFO - Started process 2657315 to run task
[2024-07-25T16:14:20.014-0300] {standard_task_runner.py:90} INFO - Running: ['airflow', 'tasks', 'run', 'Binance_5m', 'get_5m_info', 'scheduled__2024-07-25T02:15:00+00:00', '--job-id', '2122', '--raw', '--subdir', 'DAGS_FOLDER/binance_dag.py', '--cfg-path', '/tmp/tmp4p102ecb']
[2024-07-25T16:14:20.015-0300] {standard_task_runner.py:91} INFO - Job 2122: Subtask get_5m_info
[2024-07-25T16:14:20.042-0300] {task_command.py:426} INFO - Running <TaskInstance: Binance_5m.get_5m_info scheduled__2024-07-25T02:15:00+00:00 [running]> on host Galaxybook.
[2024-07-25T16:14:20.092-0300] {taskinstance.py:2648} INFO - Exporting env vars: AIRFLOW_CTX_DAG_OWNER='airflow' AIRFLOW_CTX_DAG_ID='Binance_5m' AIRFLOW_CTX_TASK_ID='get_5m_info' AIRFLOW_CTX_EXECUTION_DATE='2024-07-25T02:15:00+00:00' AIRFLOW_CTX_TRY_NUMBER='1' AIRFLOW_CTX_DAG_RUN_ID='scheduled__2024-07-25T02:15:00+00:00'
[2024-07-25T16:14:20.093-0300] {taskinstance.py:430} INFO - ::endgroup::
[2024-07-25T16:14:20.100-0300] {binance_dag.py:22} INFO - End Time: 2024-07-25 02:20:00+00:00
[2024-07-25T16:14:20.100-0300] {binance_dag.py:23} INFO - Start Time: 2024-07-25 02:15:00+00:00
[2024-07-25T16:14:20.101-0300] {binance_dag.py:24} INFO - Start timestamp: 1721873700000
[2024-07-25T16:14:20.101-0300] {binance_dag.py:25} INFO - End timestamp: 1721874000000
[2024-07-25T16:14:20.162-0300] {base.py:84} INFO - Using connection ID 'binance_default' for task execution.
[2024-07-25T16:14:20.163-0300] {logging_mixin.py:188} INFO - https://api.binance.com
[2024-07-25T16:14:20.163-0300] {binance_hook.py:35} INFO - URL: https://api.binance.com/api/v3/klines?symbol=BTCBRL&interval=5m&startTime=1721873700000&endTime=1721873999999&timeZone=-3
[2024-07-25T16:14:20.592-0300] {python.py:237} INFO - Done. Returned value was: None
[2024-07-25T16:14:20.592-0300] {taskinstance.py:441} INFO - ::group::Post task execution logs
[2024-07-25T16:14:20.594-0300] {taskinstance.py:1206} INFO - Marking task as SUCCESS. dag_id=Binance_5m, task_id=get_5m_info, run_id=scheduled__2024-07-25T02:15:00+00:00, execution_date=20240725T021500, start_date=20240725T191419, end_date=20240725T191420
[2024-07-25T16:14:20.638-0300] {local_task_job_runner.py:243} INFO - Task exited with return code 0
[2024-07-25T16:14:20.649-0300] {taskinstance.py:3503} INFO - 0 downstream tasks scheduled from follow-on schedule check
[2024-07-25T16:14:20.650-0300] {local_task_job_runner.py:222} INFO - ::endgroup::
