[2024-07-25T14:56:00.822-0300] {local_task_job_runner.py:120} INFO - ::group::Pre task execution logs
[2024-07-25T14:56:00.829-0300] {taskinstance.py:2076} INFO - Dependencies all met for dep_context=non-requeueable deps ti=<TaskInstance: Mercado_5m.get_5m_info scheduled__2024-07-25T02:35:00+00:00 [queued]>
[2024-07-25T14:56:00.833-0300] {taskinstance.py:2076} INFO - Dependencies all met for dep_context=requeueable deps ti=<TaskInstance: Mercado_5m.get_5m_info scheduled__2024-07-25T02:35:00+00:00 [queued]>
[2024-07-25T14:56:00.833-0300] {taskinstance.py:2306} INFO - Starting attempt 1 of 1
[2024-07-25T14:56:00.848-0300] {taskinstance.py:2330} INFO - Executing <Task(PythonOperator): get_5m_info> on 2024-07-25 02:35:00+00:00
[2024-07-25T14:56:00.850-0300] {standard_task_runner.py:64} INFO - Started process 2615471 to run task
[2024-07-25T14:56:00.853-0300] {standard_task_runner.py:90} INFO - Running: ['airflow', 'tasks', 'run', 'Mercado_5m', 'get_5m_info', 'scheduled__2024-07-25T02:35:00+00:00', '--job-id', '2342', '--raw', '--subdir', 'DAGS_FOLDER/mercado_dag.py', '--cfg-path', '/tmp/tmpzqr2k97s']
[2024-07-25T14:56:00.854-0300] {standard_task_runner.py:91} INFO - Job 2342: Subtask get_5m_info
[2024-07-25T14:56:00.886-0300] {task_command.py:426} INFO - Running <TaskInstance: Mercado_5m.get_5m_info scheduled__2024-07-25T02:35:00+00:00 [running]> on host Galaxybook.
[2024-07-25T14:56:00.949-0300] {taskinstance.py:2648} INFO - Exporting env vars: AIRFLOW_CTX_DAG_OWNER='airflow' AIRFLOW_CTX_DAG_ID='Mercado_5m' AIRFLOW_CTX_TASK_ID='get_5m_info' AIRFLOW_CTX_EXECUTION_DATE='2024-07-25T02:35:00+00:00' AIRFLOW_CTX_TRY_NUMBER='1' AIRFLOW_CTX_DAG_RUN_ID='scheduled__2024-07-25T02:35:00+00:00'
[2024-07-25T14:56:00.950-0300] {taskinstance.py:430} INFO - ::endgroup::
[2024-07-25T14:56:01.025-0300] {base.py:84} INFO - Using connection ID 'mercado_default' for task execution.
[2024-07-25T14:56:01.026-0300] {mercado_hook.py:31} INFO - URL: https://api.mercadobitcoin.net/api/v4/candles?symbol=BTC-BRL&resolution=5m&to=1721886000&from=1721885700
[2024-07-25T14:56:01.306-0300] {python.py:237} INFO - Done. Returned value was: None
[2024-07-25T14:56:01.306-0300] {taskinstance.py:441} INFO - ::group::Post task execution logs
[2024-07-25T14:56:01.317-0300] {taskinstance.py:1206} INFO - Marking task as SUCCESS. dag_id=Mercado_5m, task_id=get_5m_info, run_id=scheduled__2024-07-25T02:35:00+00:00, execution_date=20240725T023500, start_date=20240725T175600, end_date=20240725T175601
[2024-07-25T14:56:01.354-0300] {local_task_job_runner.py:243} INFO - Task exited with return code 0
[2024-07-25T14:56:01.360-0300] {taskinstance.py:3503} INFO - 0 downstream tasks scheduled from follow-on schedule check
[2024-07-25T14:56:01.360-0300] {local_task_job_runner.py:222} INFO - ::endgroup::
[2024-07-25T16:19:59.373-0300] {local_task_job_runner.py:120} INFO - ::group::Pre task execution logs
[2024-07-25T16:19:59.381-0300] {taskinstance.py:2076} INFO - Dependencies all met for dep_context=non-requeueable deps ti=<TaskInstance: Mercado_5m.get_5m_info scheduled__2024-07-25T02:35:00+00:00 [queued]>
[2024-07-25T16:19:59.385-0300] {taskinstance.py:2076} INFO - Dependencies all met for dep_context=requeueable deps ti=<TaskInstance: Mercado_5m.get_5m_info scheduled__2024-07-25T02:35:00+00:00 [queued]>
[2024-07-25T16:19:59.385-0300] {taskinstance.py:2306} INFO - Starting attempt 1 of 1
[2024-07-25T16:19:59.410-0300] {taskinstance.py:2330} INFO - Executing <Task(PythonOperator): get_5m_info> on 2024-07-25 02:35:00+00:00
[2024-07-25T16:19:59.413-0300] {standard_task_runner.py:64} INFO - Started process 2663018 to run task
[2024-07-25T16:19:59.415-0300] {standard_task_runner.py:90} INFO - Running: ['airflow', 'tasks', 'run', 'Mercado_5m', 'get_5m_info', 'scheduled__2024-07-25T02:35:00+00:00', '--job-id', '2273', '--raw', '--subdir', 'DAGS_FOLDER/mercado_dag.py', '--cfg-path', '/tmp/tmpl667fvh_']
[2024-07-25T16:19:59.417-0300] {standard_task_runner.py:91} INFO - Job 2273: Subtask get_5m_info
[2024-07-25T16:19:59.453-0300] {task_command.py:426} INFO - Running <TaskInstance: Mercado_5m.get_5m_info scheduled__2024-07-25T02:35:00+00:00 [running]> on host Galaxybook.
[2024-07-25T16:19:59.547-0300] {taskinstance.py:2648} INFO - Exporting env vars: AIRFLOW_CTX_DAG_OWNER='airflow' AIRFLOW_CTX_DAG_ID='Mercado_5m' AIRFLOW_CTX_TASK_ID='get_5m_info' AIRFLOW_CTX_EXECUTION_DATE='2024-07-25T02:35:00+00:00' AIRFLOW_CTX_TRY_NUMBER='1' AIRFLOW_CTX_DAG_RUN_ID='scheduled__2024-07-25T02:35:00+00:00'
[2024-07-25T16:19:59.547-0300] {taskinstance.py:430} INFO - ::endgroup::
[2024-07-25T16:19:59.557-0300] {mercado_dag.py:22} INFO - To: 2024-07-25 02:40:00+00:00
[2024-07-25T16:19:59.557-0300] {mercado_dag.py:23} INFO - From: 2024-07-25 02:35:00+00:00
[2024-07-25T16:19:59.558-0300] {mercado_dag.py:24} INFO - To timestamp: 1721875200 
[2024-07-25T16:19:59.558-0300] {mercado_dag.py:25} INFO - From timestamp: 1721874900 
[2024-07-25T16:19:59.624-0300] {base.py:84} INFO - Using connection ID 'mercado_default' for task execution.
[2024-07-25T16:19:59.625-0300] {mercado_hook.py:31} INFO - URL: https://api.mercadobitcoin.net/api/v4/candles?symbol=BTC-BRL&resolution=5m&to=1721875200&from=1721874900
[2024-07-25T16:19:59.931-0300] {python.py:237} INFO - Done. Returned value was: None
[2024-07-25T16:19:59.931-0300] {taskinstance.py:441} INFO - ::group::Post task execution logs
[2024-07-25T16:19:59.934-0300] {taskinstance.py:1206} INFO - Marking task as SUCCESS. dag_id=Mercado_5m, task_id=get_5m_info, run_id=scheduled__2024-07-25T02:35:00+00:00, execution_date=20240725T023500, start_date=20240725T191959, end_date=20240725T191959
[2024-07-25T16:19:59.954-0300] {local_task_job_runner.py:243} INFO - Task exited with return code 0
[2024-07-25T16:19:59.961-0300] {taskinstance.py:3503} INFO - 0 downstream tasks scheduled from follow-on schedule check
[2024-07-25T16:19:59.961-0300] {local_task_job_runner.py:222} INFO - ::endgroup::
[2024-07-25T16:24:00.636-0300] {local_task_job_runner.py:120} INFO - ::group::Pre task execution logs
[2024-07-25T16:24:00.643-0300] {taskinstance.py:2076} INFO - Dependencies all met for dep_context=non-requeueable deps ti=<TaskInstance: Mercado_5m.get_5m_info scheduled__2024-07-25T02:35:00+00:00 [queued]>
[2024-07-25T16:24:00.647-0300] {taskinstance.py:2076} INFO - Dependencies all met for dep_context=requeueable deps ti=<TaskInstance: Mercado_5m.get_5m_info scheduled__2024-07-25T02:35:00+00:00 [queued]>
[2024-07-25T16:24:00.647-0300] {taskinstance.py:2306} INFO - Starting attempt 1 of 1
[2024-07-25T16:24:00.663-0300] {taskinstance.py:2330} INFO - Executing <Task(PythonOperator): get_5m_info> on 2024-07-25 02:35:00+00:00
[2024-07-25T16:24:00.666-0300] {standard_task_runner.py:64} INFO - Started process 2667065 to run task
[2024-07-25T16:24:00.668-0300] {standard_task_runner.py:90} INFO - Running: ['airflow', 'tasks', 'run', 'Mercado_5m', 'get_5m_info', 'scheduled__2024-07-25T02:35:00+00:00', '--job-id', '2395', '--raw', '--subdir', 'DAGS_FOLDER/mercado_dag.py', '--cfg-path', '/tmp/tmp0glgz7hh']
[2024-07-25T16:24:00.670-0300] {standard_task_runner.py:91} INFO - Job 2395: Subtask get_5m_info
[2024-07-25T16:24:00.700-0300] {task_command.py:426} INFO - Running <TaskInstance: Mercado_5m.get_5m_info scheduled__2024-07-25T02:35:00+00:00 [running]> on host Galaxybook.
[2024-07-25T16:24:00.760-0300] {taskinstance.py:2648} INFO - Exporting env vars: AIRFLOW_CTX_DAG_OWNER='airflow' AIRFLOW_CTX_DAG_ID='Mercado_5m' AIRFLOW_CTX_TASK_ID='get_5m_info' AIRFLOW_CTX_EXECUTION_DATE='2024-07-25T02:35:00+00:00' AIRFLOW_CTX_TRY_NUMBER='1' AIRFLOW_CTX_DAG_RUN_ID='scheduled__2024-07-25T02:35:00+00:00'
[2024-07-25T16:24:00.761-0300] {taskinstance.py:430} INFO - ::endgroup::
[2024-07-25T16:24:00.771-0300] {mercado_dag.py:22} INFO - To: 2024-07-25 02:40:00+00:00
[2024-07-25T16:24:00.771-0300] {mercado_dag.py:23} INFO - From: 2024-07-25 02:35:00+00:00
[2024-07-25T16:24:00.771-0300] {mercado_dag.py:24} INFO - To timestamp: 1721875200000 
[2024-07-25T16:24:00.772-0300] {mercado_dag.py:25} INFO - From timestamp: 1721874900000 
[2024-07-25T16:24:00.856-0300] {base.py:84} INFO - Using connection ID 'mercado_default' for task execution.
[2024-07-25T16:24:00.857-0300] {mercado_hook.py:31} INFO - URL: https://api.mercadobitcoin.net/api/v4/candles?symbol=BTC-BRL&resolution=5m&to=1721875200000&from=1721874900000
[2024-07-25T16:24:01.148-0300] {python.py:237} INFO - Done. Returned value was: None
[2024-07-25T16:24:01.149-0300] {taskinstance.py:441} INFO - ::group::Post task execution logs
[2024-07-25T16:24:01.151-0300] {taskinstance.py:1206} INFO - Marking task as SUCCESS. dag_id=Mercado_5m, task_id=get_5m_info, run_id=scheduled__2024-07-25T02:35:00+00:00, execution_date=20240725T023500, start_date=20240725T192400, end_date=20240725T192401
[2024-07-25T16:24:01.172-0300] {local_task_job_runner.py:243} INFO - Task exited with return code 0
[2024-07-25T16:24:01.178-0300] {taskinstance.py:3503} INFO - 0 downstream tasks scheduled from follow-on schedule check
[2024-07-25T16:24:01.179-0300] {local_task_job_runner.py:222} INFO - ::endgroup::
[2024-07-25T16:26:11.994-0300] {local_task_job_runner.py:120} INFO - ::group::Pre task execution logs
[2024-07-25T16:26:12.001-0300] {taskinstance.py:2076} INFO - Dependencies all met for dep_context=non-requeueable deps ti=<TaskInstance: Mercado_5m.get_5m_info scheduled__2024-07-25T02:35:00+00:00 [queued]>
[2024-07-25T16:26:12.004-0300] {taskinstance.py:2076} INFO - Dependencies all met for dep_context=requeueable deps ti=<TaskInstance: Mercado_5m.get_5m_info scheduled__2024-07-25T02:35:00+00:00 [queued]>
[2024-07-25T16:26:12.004-0300] {taskinstance.py:2306} INFO - Starting attempt 1 of 1
[2024-07-25T16:26:12.019-0300] {taskinstance.py:2330} INFO - Executing <Task(PythonOperator): get_5m_info> on 2024-07-25 02:35:00+00:00
[2024-07-25T16:26:12.021-0300] {standard_task_runner.py:64} INFO - Started process 2669229 to run task
[2024-07-25T16:26:12.023-0300] {standard_task_runner.py:90} INFO - Running: ['airflow', 'tasks', 'run', 'Mercado_5m', 'get_5m_info', 'scheduled__2024-07-25T02:35:00+00:00', '--job-id', '2451', '--raw', '--subdir', 'DAGS_FOLDER/mercado_dag.py', '--cfg-path', '/tmp/tmpk1f2do7q']
[2024-07-25T16:26:12.024-0300] {standard_task_runner.py:91} INFO - Job 2451: Subtask get_5m_info
[2024-07-25T16:26:12.051-0300] {task_command.py:426} INFO - Running <TaskInstance: Mercado_5m.get_5m_info scheduled__2024-07-25T02:35:00+00:00 [running]> on host Galaxybook.
[2024-07-25T16:26:12.110-0300] {taskinstance.py:2648} INFO - Exporting env vars: AIRFLOW_CTX_DAG_OWNER='airflow' AIRFLOW_CTX_DAG_ID='Mercado_5m' AIRFLOW_CTX_TASK_ID='get_5m_info' AIRFLOW_CTX_EXECUTION_DATE='2024-07-25T02:35:00+00:00' AIRFLOW_CTX_TRY_NUMBER='1' AIRFLOW_CTX_DAG_RUN_ID='scheduled__2024-07-25T02:35:00+00:00'
[2024-07-25T16:26:12.110-0300] {taskinstance.py:430} INFO - ::endgroup::
[2024-07-25T16:26:12.119-0300] {mercado_dag.py:22} INFO - To: 2024-07-25 02:40:00+00:00
[2024-07-25T16:26:12.119-0300] {mercado_dag.py:23} INFO - From: 2024-07-25 02:35:00+00:00
[2024-07-25T16:26:12.119-0300] {mercado_dag.py:24} INFO - To timestamp: 1721875200000 
[2024-07-25T16:26:12.119-0300] {mercado_dag.py:25} INFO - From timestamp: 1721874900000 
[2024-07-25T16:26:12.188-0300] {base.py:84} INFO - Using connection ID 'mercado_default' for task execution.
[2024-07-25T16:26:12.188-0300] {mercado_hook.py:31} INFO - URL: https://api.mercadobitcoin.net/api/v4/candles?symbol=BTC-BRL&resolution=5m&to=1721875200000&from=1721874900000
[2024-07-25T16:26:12.462-0300] {python.py:237} INFO - Done. Returned value was: None
[2024-07-25T16:26:12.463-0300] {taskinstance.py:441} INFO - ::group::Post task execution logs
[2024-07-25T16:26:12.466-0300] {taskinstance.py:1206} INFO - Marking task as SUCCESS. dag_id=Mercado_5m, task_id=get_5m_info, run_id=scheduled__2024-07-25T02:35:00+00:00, execution_date=20240725T023500, start_date=20240725T192612, end_date=20240725T192612
[2024-07-25T16:26:12.525-0300] {local_task_job_runner.py:243} INFO - Task exited with return code 0
[2024-07-25T16:26:12.532-0300] {taskinstance.py:3503} INFO - 0 downstream tasks scheduled from follow-on schedule check
[2024-07-25T16:26:12.532-0300] {local_task_job_runner.py:222} INFO - ::endgroup::
