[2024-07-25T15:51:35.708-0300] {local_task_job_runner.py:120} INFO - ::group::Pre task execution logs
[2024-07-25T15:51:35.717-0300] {taskinstance.py:2076} INFO - Dependencies all met for dep_context=non-requeueable deps ti=<TaskInstance: Binance_5m.get_5m_info manual__2024-07-25T18:51:33.469792+00:00 [queued]>
[2024-07-25T15:51:35.723-0300] {taskinstance.py:2076} INFO - Dependencies all met for dep_context=requeueable deps ti=<TaskInstance: Binance_5m.get_5m_info manual__2024-07-25T18:51:33.469792+00:00 [queued]>
[2024-07-25T15:51:35.723-0300] {taskinstance.py:2306} INFO - Starting attempt 1 of 1
[2024-07-25T15:51:35.740-0300] {taskinstance.py:2330} INFO - Executing <Task(PythonOperator): get_5m_info> on 2024-07-25 18:51:33.469792+00:00
[2024-07-25T15:51:35.743-0300] {standard_task_runner.py:64} INFO - Started process 2646399 to run task
[2024-07-25T15:51:35.748-0300] {standard_task_runner.py:90} INFO - Running: ['airflow', 'tasks', 'run', 'Binance_5m', 'get_5m_info', 'manual__2024-07-25T18:51:33.469792+00:00', '--job-id', '2763', '--raw', '--subdir', 'DAGS_FOLDER/binance_dag.py', '--cfg-path', '/tmp/tmpvfnuywfh']
[2024-07-25T15:51:35.749-0300] {standard_task_runner.py:91} INFO - Job 2763: Subtask get_5m_info
[2024-07-25T15:51:35.783-0300] {task_command.py:426} INFO - Running <TaskInstance: Binance_5m.get_5m_info manual__2024-07-25T18:51:33.469792+00:00 [running]> on host Galaxybook.
[2024-07-25T15:51:35.844-0300] {taskinstance.py:2648} INFO - Exporting env vars: AIRFLOW_CTX_DAG_OWNER='airflow' AIRFLOW_CTX_DAG_ID='Binance_5m' AIRFLOW_CTX_TASK_ID='get_5m_info' AIRFLOW_CTX_EXECUTION_DATE='2024-07-25T18:51:33.469792+00:00' AIRFLOW_CTX_TRY_NUMBER='1' AIRFLOW_CTX_DAG_RUN_ID='manual__2024-07-25T18:51:33.469792+00:00'
[2024-07-25T15:51:35.845-0300] {taskinstance.py:430} INFO - ::endgroup::
[2024-07-25T15:51:35.854-0300] {binance_dag.py:23} INFO - End Time: 2024-07-25T18:50:00.00Z
[2024-07-25T15:51:35.854-0300] {binance_dag.py:24} INFO - Start Time: 2024-07-25T18:45:00.00Z
[2024-07-25T15:51:35.930-0300] {binance_dag.py:25} INFO - 1721943900000
[2024-07-25T15:51:35.934-0300] {base.py:84} INFO - Using connection ID 'binance_default' for task execution.
[2024-07-25T15:51:35.934-0300] {logging_mixin.py:188} INFO - https://api.binance.com
[2024-07-25T15:51:35.935-0300] {binance_hook.py:35} INFO - URL: https://api.binance.com/api/v3/klines?symbol=BTCBRL&interval=5m&startTime=1721943900000&endTime=1721944199999&timeZone=-3
[2024-07-25T15:51:37.597-0300] {python.py:237} INFO - Done. Returned value was: None
[2024-07-25T15:51:37.598-0300] {taskinstance.py:441} INFO - ::group::Post task execution logs
[2024-07-25T15:51:37.601-0300] {taskinstance.py:1206} INFO - Marking task as SUCCESS. dag_id=Binance_5m, task_id=get_5m_info, run_id=manual__2024-07-25T18:51:33.469792+00:00, execution_date=20240725T185133, start_date=20240725T185135, end_date=20240725T185137
[2024-07-25T15:51:37.633-0300] {local_task_job_runner.py:243} INFO - Task exited with return code 0
[2024-07-25T15:51:37.639-0300] {taskinstance.py:3503} INFO - 0 downstream tasks scheduled from follow-on schedule check
[2024-07-25T15:51:37.639-0300] {local_task_job_runner.py:222} INFO - ::endgroup::
