[2024-07-25T12:07:40.051-0300] {local_task_job_runner.py:120} INFO - ::group::Pre task execution logs
[2024-07-25T12:07:40.060-0300] {taskinstance.py:2076} INFO - Dependencies all met for dep_context=non-requeueable deps ti=<TaskInstance: Binance_5m.get_5m_info scheduled__2024-07-25T15:00:00+00:00 [queued]>
[2024-07-25T12:07:40.063-0300] {taskinstance.py:2076} INFO - Dependencies all met for dep_context=requeueable deps ti=<TaskInstance: Binance_5m.get_5m_info scheduled__2024-07-25T15:00:00+00:00 [queued]>
[2024-07-25T12:07:40.063-0300] {taskinstance.py:2306} INFO - Starting attempt 1 of 1
[2024-07-25T12:07:40.077-0300] {taskinstance.py:2330} INFO - Executing <Task(BinanceOperator): get_5m_info> on 2024-07-25 15:00:00+00:00
[2024-07-25T12:07:40.080-0300] {standard_task_runner.py:64} INFO - Started process 2521534 to run task
[2024-07-25T12:07:40.082-0300] {standard_task_runner.py:90} INFO - Running: ['airflow', 'tasks', 'run', 'Binance_5m', 'get_5m_info', 'scheduled__2024-07-25T15:00:00+00:00', '--job-id', '2048', '--raw', '--subdir', 'DAGS_FOLDER/binance_dag.py', '--cfg-path', '/tmp/tmpi5mxdqjf']
[2024-07-25T12:07:40.083-0300] {standard_task_runner.py:91} INFO - Job 2048: Subtask get_5m_info
[2024-07-25T12:07:40.117-0300] {task_command.py:426} INFO - Running <TaskInstance: Binance_5m.get_5m_info scheduled__2024-07-25T15:00:00+00:00 [running]> on host Galaxybook.
[2024-07-25T12:07:40.176-0300] {taskinstance.py:2648} INFO - Exporting env vars: AIRFLOW_CTX_DAG_OWNER='airflow' AIRFLOW_CTX_DAG_ID='Binance_5m' AIRFLOW_CTX_TASK_ID='get_5m_info' AIRFLOW_CTX_EXECUTION_DATE='2024-07-25T15:00:00+00:00' AIRFLOW_CTX_TRY_NUMBER='1' AIRFLOW_CTX_DAG_RUN_ID='scheduled__2024-07-25T15:00:00+00:00'
[2024-07-25T12:07:40.177-0300] {taskinstance.py:430} INFO - ::endgroup::
[2024-07-25T12:07:40.191-0300] {base.py:84} INFO - Using connection ID 'binance_default' for task execution.
[2024-07-25T12:07:40.191-0300] {logging_mixin.py:188} INFO - https://api.binance.com
[2024-07-25T12:07:40.192-0300] {binance_hook.py:35} INFO - URL: https://api.binance.com/api/v3/klines?symbol=BTCBRL&interval=5m&startTime=1721919759931&endTime=1721920059931&timeZone=-3
[2024-07-25T12:07:45.678-0300] {taskinstance.py:441} INFO - ::group::Post task execution logs
[2024-07-25T12:07:45.682-0300] {taskinstance.py:1206} INFO - Marking task as SUCCESS. dag_id=Binance_5m, task_id=get_5m_info, run_id=scheduled__2024-07-25T15:00:00+00:00, execution_date=20240725T150000, start_date=20240725T150740, end_date=20240725T150745
[2024-07-25T12:07:45.701-0300] {local_task_job_runner.py:243} INFO - Task exited with return code 0
[2024-07-25T12:07:45.706-0300] {taskinstance.py:3503} INFO - 0 downstream tasks scheduled from follow-on schedule check
[2024-07-25T12:07:45.706-0300] {local_task_job_runner.py:222} INFO - ::endgroup::
[2024-07-25T14:29:15.372-0300] {local_task_job_runner.py:120} INFO - ::group::Pre task execution logs
[2024-07-25T14:29:15.377-0300] {taskinstance.py:2076} INFO - Dependencies all met for dep_context=non-requeueable deps ti=<TaskInstance: Binance_5m.get_5m_info scheduled__2024-07-25T15:00:00+00:00 [queued]>
[2024-07-25T14:29:15.380-0300] {taskinstance.py:2076} INFO - Dependencies all met for dep_context=requeueable deps ti=<TaskInstance: Binance_5m.get_5m_info scheduled__2024-07-25T15:00:00+00:00 [queued]>
[2024-07-25T14:29:15.381-0300] {taskinstance.py:2306} INFO - Starting attempt 1 of 1
[2024-07-25T14:29:15.395-0300] {taskinstance.py:2330} INFO - Executing <Task(PythonOperator): get_5m_info> on 2024-07-25 15:00:00+00:00
[2024-07-25T14:29:15.397-0300] {standard_task_runner.py:64} INFO - Started process 2592059 to run task
[2024-07-25T14:29:15.399-0300] {standard_task_runner.py:90} INFO - Running: ['airflow', 'tasks', 'run', 'Binance_5m', 'get_5m_info', 'scheduled__2024-07-25T15:00:00+00:00', '--job-id', '2153', '--raw', '--subdir', 'DAGS_FOLDER/binance_dag.py', '--cfg-path', '/tmp/tmp_z3qxcbl']
[2024-07-25T14:29:15.400-0300] {standard_task_runner.py:91} INFO - Job 2153: Subtask get_5m_info
[2024-07-25T14:29:15.423-0300] {task_command.py:426} INFO - Running <TaskInstance: Binance_5m.get_5m_info scheduled__2024-07-25T15:00:00+00:00 [running]> on host Galaxybook.
[2024-07-25T14:29:15.480-0300] {taskinstance.py:2648} INFO - Exporting env vars: AIRFLOW_CTX_DAG_OWNER='airflow' AIRFLOW_CTX_DAG_ID='Binance_5m' AIRFLOW_CTX_TASK_ID='get_5m_info' AIRFLOW_CTX_EXECUTION_DATE='2024-07-25T15:00:00+00:00' AIRFLOW_CTX_TRY_NUMBER='1' AIRFLOW_CTX_DAG_RUN_ID='scheduled__2024-07-25T15:00:00+00:00'
[2024-07-25T14:29:15.481-0300] {taskinstance.py:430} INFO - ::endgroup::
[2024-07-25T14:29:15.491-0300] {binance_dag.py:23} INFO - End Time: 2024-07-25T15:05:00.00Z
[2024-07-25T14:29:15.567-0300] {base.py:84} INFO - Using connection ID 'binance_default' for task execution.
[2024-07-25T14:29:15.568-0300] {logging_mixin.py:188} INFO - https://api.binance.com
[2024-07-25T14:29:15.568-0300] {binance_hook.py:35} INFO - URL: https://api.binance.com/api/v3/klines?symbol=BTCBRL&interval=5m&startTime=1721930400000&endTime=1721930700000
[2024-07-25T14:29:15.965-0300] {python.py:237} INFO - Done. Returned value was: None
[2024-07-25T14:29:15.966-0300] {taskinstance.py:441} INFO - ::group::Post task execution logs
[2024-07-25T14:29:15.970-0300] {taskinstance.py:1206} INFO - Marking task as SUCCESS. dag_id=Binance_5m, task_id=get_5m_info, run_id=scheduled__2024-07-25T15:00:00+00:00, execution_date=20240725T150000, start_date=20240725T172915, end_date=20240725T172915
[2024-07-25T14:29:16.023-0300] {local_task_job_runner.py:243} INFO - Task exited with return code 0
[2024-07-25T14:29:16.029-0300] {taskinstance.py:3503} INFO - 0 downstream tasks scheduled from follow-on schedule check
[2024-07-25T14:29:16.030-0300] {local_task_job_runner.py:222} INFO - ::endgroup::
[2024-07-25T14:32:27.049-0300] {local_task_job_runner.py:120} INFO - ::group::Pre task execution logs
[2024-07-25T14:32:27.055-0300] {taskinstance.py:2076} INFO - Dependencies all met for dep_context=non-requeueable deps ti=<TaskInstance: Binance_5m.get_5m_info scheduled__2024-07-25T15:00:00+00:00 [queued]>
[2024-07-25T14:32:27.059-0300] {taskinstance.py:2076} INFO - Dependencies all met for dep_context=requeueable deps ti=<TaskInstance: Binance_5m.get_5m_info scheduled__2024-07-25T15:00:00+00:00 [queued]>
[2024-07-25T14:32:27.060-0300] {taskinstance.py:2306} INFO - Starting attempt 1 of 1
[2024-07-25T14:32:27.075-0300] {taskinstance.py:2330} INFO - Executing <Task(PythonOperator): get_5m_info> on 2024-07-25 15:00:00+00:00
[2024-07-25T14:32:27.077-0300] {standard_task_runner.py:64} INFO - Started process 2595293 to run task
[2024-07-25T14:32:27.079-0300] {standard_task_runner.py:90} INFO - Running: ['airflow', 'tasks', 'run', 'Binance_5m', 'get_5m_info', 'scheduled__2024-07-25T15:00:00+00:00', '--job-id', '2156', '--raw', '--subdir', 'DAGS_FOLDER/binance_dag.py', '--cfg-path', '/tmp/tmptreecp3c']
[2024-07-25T14:32:27.081-0300] {standard_task_runner.py:91} INFO - Job 2156: Subtask get_5m_info
[2024-07-25T14:32:27.110-0300] {task_command.py:426} INFO - Running <TaskInstance: Binance_5m.get_5m_info scheduled__2024-07-25T15:00:00+00:00 [running]> on host Galaxybook.
[2024-07-25T14:32:27.170-0300] {taskinstance.py:2648} INFO - Exporting env vars: AIRFLOW_CTX_DAG_OWNER='airflow' AIRFLOW_CTX_DAG_ID='Binance_5m' AIRFLOW_CTX_TASK_ID='get_5m_info' AIRFLOW_CTX_EXECUTION_DATE='2024-07-25T15:00:00+00:00' AIRFLOW_CTX_TRY_NUMBER='1' AIRFLOW_CTX_DAG_RUN_ID='scheduled__2024-07-25T15:00:00+00:00'
[2024-07-25T14:32:27.170-0300] {taskinstance.py:430} INFO - ::endgroup::
[2024-07-25T14:32:27.179-0300] {binance_dag.py:23} INFO - End Time: 2024-07-25T15:05:00.00Z
[2024-07-25T14:32:27.243-0300] {base.py:84} INFO - Using connection ID 'binance_default' for task execution.
[2024-07-25T14:32:27.243-0300] {logging_mixin.py:188} INFO - https://api.binance.com
[2024-07-25T14:32:27.244-0300] {binance_hook.py:35} INFO - URL: https://api.binance.com/api/v3/klines?symbol=BTCBRL&interval=5m&startTime=1721930400000&endTime=1721930700000
[2024-07-25T14:32:27.639-0300] {binance_dag.py:42} INFO - []
[2024-07-25T14:32:27.640-0300] {python.py:237} INFO - Done. Returned value was: None
[2024-07-25T14:32:27.641-0300] {taskinstance.py:441} INFO - ::group::Post task execution logs
[2024-07-25T14:32:27.645-0300] {taskinstance.py:1206} INFO - Marking task as SUCCESS. dag_id=Binance_5m, task_id=get_5m_info, run_id=scheduled__2024-07-25T15:00:00+00:00, execution_date=20240725T150000, start_date=20240725T173227, end_date=20240725T173227
[2024-07-25T14:32:27.662-0300] {local_task_job_runner.py:243} INFO - Task exited with return code 0
[2024-07-25T14:32:27.669-0300] {taskinstance.py:3503} INFO - 0 downstream tasks scheduled from follow-on schedule check
[2024-07-25T14:32:27.670-0300] {local_task_job_runner.py:222} INFO - ::endgroup::
[2024-07-25T14:53:42.974-0300] {local_task_job_runner.py:120} INFO - ::group::Pre task execution logs
[2024-07-25T14:53:42.980-0300] {taskinstance.py:2076} INFO - Dependencies all met for dep_context=non-requeueable deps ti=<TaskInstance: Binance_5m.get_5m_info scheduled__2024-07-25T15:00:00+00:00 [queued]>
[2024-07-25T14:53:42.983-0300] {taskinstance.py:2076} INFO - Dependencies all met for dep_context=requeueable deps ti=<TaskInstance: Binance_5m.get_5m_info scheduled__2024-07-25T15:00:00+00:00 [queued]>
[2024-07-25T14:53:42.984-0300] {taskinstance.py:2306} INFO - Starting attempt 1 of 1
[2024-07-25T14:53:42.996-0300] {taskinstance.py:2330} INFO - Executing <Task(PythonOperator): get_5m_info> on 2024-07-25 15:00:00+00:00
[2024-07-25T14:53:42.997-0300] {standard_task_runner.py:64} INFO - Started process 2613089 to run task
[2024-07-25T14:53:42.999-0300] {standard_task_runner.py:90} INFO - Running: ['airflow', 'tasks', 'run', 'Binance_5m', 'get_5m_info', 'scheduled__2024-07-25T15:00:00+00:00', '--job-id', '2272', '--raw', '--subdir', 'DAGS_FOLDER/binance_dag.py', '--cfg-path', '/tmp/tmpw1xez64y']
[2024-07-25T14:53:43.000-0300] {standard_task_runner.py:91} INFO - Job 2272: Subtask get_5m_info
[2024-07-25T14:53:43.027-0300] {task_command.py:426} INFO - Running <TaskInstance: Binance_5m.get_5m_info scheduled__2024-07-25T15:00:00+00:00 [running]> on host Galaxybook.
[2024-07-25T14:53:43.080-0300] {taskinstance.py:2648} INFO - Exporting env vars: AIRFLOW_CTX_DAG_OWNER='airflow' AIRFLOW_CTX_DAG_ID='Binance_5m' AIRFLOW_CTX_TASK_ID='get_5m_info' AIRFLOW_CTX_EXECUTION_DATE='2024-07-25T15:00:00+00:00' AIRFLOW_CTX_TRY_NUMBER='1' AIRFLOW_CTX_DAG_RUN_ID='scheduled__2024-07-25T15:00:00+00:00'
[2024-07-25T14:53:43.081-0300] {taskinstance.py:430} INFO - ::endgroup::
[2024-07-25T14:53:43.090-0300] {binance_dag.py:23} INFO - End Time: 2024-07-25T15:05:00.00Z
[2024-07-25T14:53:43.090-0300] {binance_dag.py:24} INFO - Start Time: 2024-07-25T15:00:00.00Z
[2024-07-25T14:53:43.145-0300] {base.py:84} INFO - Using connection ID 'binance_default' for task execution.
[2024-07-25T14:53:43.145-0300] {logging_mixin.py:188} INFO - https://api.binance.com
[2024-07-25T14:53:43.146-0300] {binance_hook.py:35} INFO - URL: https://api.binance.com/api/v3/klines?symbol=BTCBRL&interval=5m&startTime=1721930400000&endTime=1721930699999
[2024-07-25T14:53:43.546-0300] {binance_dag.py:43} INFO - r: []
[2024-07-25T14:53:43.546-0300] {python.py:237} INFO - Done. Returned value was: None
[2024-07-25T14:53:43.547-0300] {taskinstance.py:441} INFO - ::group::Post task execution logs
[2024-07-25T14:53:43.549-0300] {taskinstance.py:1206} INFO - Marking task as SUCCESS. dag_id=Binance_5m, task_id=get_5m_info, run_id=scheduled__2024-07-25T15:00:00+00:00, execution_date=20240725T150000, start_date=20240725T175342, end_date=20240725T175343
[2024-07-25T14:53:43.576-0300] {local_task_job_runner.py:243} INFO - Task exited with return code 0
[2024-07-25T14:53:43.588-0300] {taskinstance.py:3503} INFO - 0 downstream tasks scheduled from follow-on schedule check
[2024-07-25T14:53:43.588-0300] {local_task_job_runner.py:222} INFO - ::endgroup::
[2024-07-25T15:23:30.981-0300] {local_task_job_runner.py:120} INFO - ::group::Pre task execution logs
[2024-07-25T15:23:30.986-0300] {taskinstance.py:2076} INFO - Dependencies all met for dep_context=non-requeueable deps ti=<TaskInstance: Binance_5m.get_5m_info scheduled__2024-07-25T15:00:00+00:00 [queued]>
[2024-07-25T15:23:30.989-0300] {taskinstance.py:2076} INFO - Dependencies all met for dep_context=requeueable deps ti=<TaskInstance: Binance_5m.get_5m_info scheduled__2024-07-25T15:00:00+00:00 [queued]>
[2024-07-25T15:23:30.989-0300] {taskinstance.py:2306} INFO - Starting attempt 1 of 1
[2024-07-25T15:23:31.002-0300] {taskinstance.py:2330} INFO - Executing <Task(PythonOperator): get_5m_info> on 2024-07-25 15:00:00+00:00
[2024-07-25T15:23:31.004-0300] {standard_task_runner.py:64} INFO - Started process 2635215 to run task
[2024-07-25T15:23:31.006-0300] {standard_task_runner.py:90} INFO - Running: ['airflow', 'tasks', 'run', 'Binance_5m', 'get_5m_info', 'scheduled__2024-07-25T15:00:00+00:00', '--job-id', '2715', '--raw', '--subdir', 'DAGS_FOLDER/binance_dag.py', '--cfg-path', '/tmp/tmp40pq96qz']
[2024-07-25T15:23:31.007-0300] {standard_task_runner.py:91} INFO - Job 2715: Subtask get_5m_info
[2024-07-25T15:23:31.032-0300] {task_command.py:426} INFO - Running <TaskInstance: Binance_5m.get_5m_info scheduled__2024-07-25T15:00:00+00:00 [running]> on host Galaxybook.
[2024-07-25T15:23:31.094-0300] {taskinstance.py:2648} INFO - Exporting env vars: AIRFLOW_CTX_DAG_OWNER='airflow' AIRFLOW_CTX_DAG_ID='Binance_5m' AIRFLOW_CTX_TASK_ID='get_5m_info' AIRFLOW_CTX_EXECUTION_DATE='2024-07-25T15:00:00+00:00' AIRFLOW_CTX_TRY_NUMBER='1' AIRFLOW_CTX_DAG_RUN_ID='scheduled__2024-07-25T15:00:00+00:00'
[2024-07-25T15:23:31.094-0300] {taskinstance.py:430} INFO - ::endgroup::
[2024-07-25T15:23:31.101-0300] {binance_dag.py:23} INFO - End Time: 2024-07-25T15:05:00.00Z
[2024-07-25T15:23:31.101-0300] {binance_dag.py:24} INFO - Start Time: 2024-07-25T15:00:00.00Z
[2024-07-25T15:23:31.164-0300] {binance_dag.py:25} INFO - 1721930400000
[2024-07-25T15:23:31.166-0300] {base.py:84} INFO - Using connection ID 'binance_default' for task execution.
[2024-07-25T15:23:31.166-0300] {logging_mixin.py:188} INFO - https://api.binance.com
[2024-07-25T15:23:31.167-0300] {binance_hook.py:35} INFO - URL: https://api.binance.com/api/v3/klines?symbol=BTCBRL&interval=5m&startTime=1721930400000&endTime=1721930699999
[2024-07-25T15:23:31.645-0300] {python.py:237} INFO - Done. Returned value was: None
[2024-07-25T15:23:31.646-0300] {taskinstance.py:441} INFO - ::group::Post task execution logs
[2024-07-25T15:23:31.648-0300] {taskinstance.py:1206} INFO - Marking task as SUCCESS. dag_id=Binance_5m, task_id=get_5m_info, run_id=scheduled__2024-07-25T15:00:00+00:00, execution_date=20240725T150000, start_date=20240725T182330, end_date=20240725T182331
[2024-07-25T15:23:31.667-0300] {local_task_job_runner.py:243} INFO - Task exited with return code 0
[2024-07-25T15:23:31.672-0300] {taskinstance.py:3503} INFO - 0 downstream tasks scheduled from follow-on schedule check
[2024-07-25T15:23:31.673-0300] {local_task_job_runner.py:222} INFO - ::endgroup::
[2024-07-25T16:21:55.948-0300] {local_task_job_runner.py:120} INFO - ::group::Pre task execution logs
[2024-07-25T16:21:55.956-0300] {taskinstance.py:2076} INFO - Dependencies all met for dep_context=non-requeueable deps ti=<TaskInstance: Binance_5m.get_5m_info scheduled__2024-07-25T15:00:00+00:00 [queued]>
[2024-07-25T16:21:55.962-0300] {taskinstance.py:2076} INFO - Dependencies all met for dep_context=requeueable deps ti=<TaskInstance: Binance_5m.get_5m_info scheduled__2024-07-25T15:00:00+00:00 [queued]>
[2024-07-25T16:21:55.962-0300] {taskinstance.py:2306} INFO - Starting attempt 1 of 1
[2024-07-25T16:21:55.980-0300] {taskinstance.py:2330} INFO - Executing <Task(PythonOperator): get_5m_info> on 2024-07-25 15:00:00+00:00
[2024-07-25T16:21:55.982-0300] {standard_task_runner.py:64} INFO - Started process 2664976 to run task
[2024-07-25T16:21:55.985-0300] {standard_task_runner.py:90} INFO - Running: ['airflow', 'tasks', 'run', 'Binance_5m', 'get_5m_info', 'scheduled__2024-07-25T15:00:00+00:00', '--job-id', '2332', '--raw', '--subdir', 'DAGS_FOLDER/binance_dag.py', '--cfg-path', '/tmp/tmpxtfoc_kt']
[2024-07-25T16:21:55.986-0300] {standard_task_runner.py:91} INFO - Job 2332: Subtask get_5m_info
[2024-07-25T16:21:56.027-0300] {task_command.py:426} INFO - Running <TaskInstance: Binance_5m.get_5m_info scheduled__2024-07-25T15:00:00+00:00 [running]> on host Galaxybook.
[2024-07-25T16:21:56.096-0300] {taskinstance.py:2648} INFO - Exporting env vars: AIRFLOW_CTX_DAG_OWNER='airflow' AIRFLOW_CTX_DAG_ID='Binance_5m' AIRFLOW_CTX_TASK_ID='get_5m_info' AIRFLOW_CTX_EXECUTION_DATE='2024-07-25T15:00:00+00:00' AIRFLOW_CTX_TRY_NUMBER='1' AIRFLOW_CTX_DAG_RUN_ID='scheduled__2024-07-25T15:00:00+00:00'
[2024-07-25T16:21:56.097-0300] {taskinstance.py:430} INFO - ::endgroup::
[2024-07-25T16:21:56.109-0300] {binance_dag.py:22} INFO - End Time: 2024-07-25 15:05:00+00:00
[2024-07-25T16:21:56.109-0300] {binance_dag.py:23} INFO - Start Time: 2024-07-25 15:00:00+00:00
[2024-07-25T16:21:56.109-0300] {binance_dag.py:24} INFO - Start timestamp: 1721919600000
[2024-07-25T16:21:56.109-0300] {binance_dag.py:25} INFO - End timestamp: 1721919900000
[2024-07-25T16:21:56.191-0300] {base.py:84} INFO - Using connection ID 'binance_default' for task execution.
[2024-07-25T16:21:56.192-0300] {logging_mixin.py:188} INFO - https://api.binance.com
[2024-07-25T16:21:56.192-0300] {binance_hook.py:35} INFO - URL: https://api.binance.com/api/v3/klines?symbol=BTCBRL&interval=5m&startTime=1721919600000&endTime=1721919899999&timeZone=-3
[2024-07-25T16:21:56.653-0300] {python.py:237} INFO - Done. Returned value was: None
[2024-07-25T16:21:56.653-0300] {taskinstance.py:441} INFO - ::group::Post task execution logs
[2024-07-25T16:21:56.656-0300] {taskinstance.py:1206} INFO - Marking task as SUCCESS. dag_id=Binance_5m, task_id=get_5m_info, run_id=scheduled__2024-07-25T15:00:00+00:00, execution_date=20240725T150000, start_date=20240725T192155, end_date=20240725T192156
[2024-07-25T16:21:56.694-0300] {local_task_job_runner.py:243} INFO - Task exited with return code 0
[2024-07-25T16:21:56.702-0300] {taskinstance.py:3503} INFO - 0 downstream tasks scheduled from follow-on schedule check
[2024-07-25T16:21:56.703-0300] {local_task_job_runner.py:222} INFO - ::endgroup::
