[2024-07-25T14:28:34.125-0300] {local_task_job_runner.py:120} INFO - ::group::Pre task execution logs
[2024-07-25T14:28:34.130-0300] {taskinstance.py:2076} INFO - Dependencies all met for dep_context=non-requeueable deps ti=<TaskInstance: Binance_5m.get_5m_info scheduled__2024-07-25T13:50:00+00:00 [queued]>
[2024-07-25T14:28:34.133-0300] {taskinstance.py:2076} INFO - Dependencies all met for dep_context=requeueable deps ti=<TaskInstance: Binance_5m.get_5m_info scheduled__2024-07-25T13:50:00+00:00 [queued]>
[2024-07-25T14:28:34.133-0300] {taskinstance.py:2306} INFO - Starting attempt 1 of 1
[2024-07-25T14:28:34.146-0300] {taskinstance.py:2330} INFO - Executing <Task(PythonOperator): get_5m_info> on 2024-07-25 13:50:00+00:00
[2024-07-25T14:28:34.148-0300] {standard_task_runner.py:64} INFO - Started process 2591367 to run task
[2024-07-25T14:28:34.150-0300] {standard_task_runner.py:90} INFO - Running: ['airflow', 'tasks', 'run', 'Binance_5m', 'get_5m_info', 'scheduled__2024-07-25T13:50:00+00:00', '--job-id', '2127', '--raw', '--subdir', 'DAGS_FOLDER/binance_dag.py', '--cfg-path', '/tmp/tmpberjymmr']
[2024-07-25T14:28:34.151-0300] {standard_task_runner.py:91} INFO - Job 2127: Subtask get_5m_info
[2024-07-25T14:28:34.178-0300] {task_command.py:426} INFO - Running <TaskInstance: Binance_5m.get_5m_info scheduled__2024-07-25T13:50:00+00:00 [running]> on host Galaxybook.
[2024-07-25T14:28:34.222-0300] {taskinstance.py:2648} INFO - Exporting env vars: AIRFLOW_CTX_DAG_OWNER='airflow' AIRFLOW_CTX_DAG_ID='Binance_5m' AIRFLOW_CTX_TASK_ID='get_5m_info' AIRFLOW_CTX_EXECUTION_DATE='2024-07-25T13:50:00+00:00' AIRFLOW_CTX_TRY_NUMBER='1' AIRFLOW_CTX_DAG_RUN_ID='scheduled__2024-07-25T13:50:00+00:00'
[2024-07-25T14:28:34.223-0300] {taskinstance.py:430} INFO - ::endgroup::
[2024-07-25T14:28:34.231-0300] {binance_dag.py:23} INFO - End Time: 2024-07-25T13:55:00.00Z
[2024-07-25T14:28:34.293-0300] {base.py:84} INFO - Using connection ID 'binance_default' for task execution.
[2024-07-25T14:28:34.294-0300] {logging_mixin.py:188} INFO - https://api.binance.com
[2024-07-25T14:28:34.294-0300] {binance_hook.py:35} INFO - URL: https://api.binance.com/api/v3/klines?symbol=BTCBRL&interval=5m&startTime=1721926200000&endTime=1721926500000
[2024-07-25T14:28:34.695-0300] {python.py:237} INFO - Done. Returned value was: None
[2024-07-25T14:28:34.696-0300] {taskinstance.py:441} INFO - ::group::Post task execution logs
[2024-07-25T14:28:34.699-0300] {taskinstance.py:1206} INFO - Marking task as SUCCESS. dag_id=Binance_5m, task_id=get_5m_info, run_id=scheduled__2024-07-25T13:50:00+00:00, execution_date=20240725T135000, start_date=20240725T172834, end_date=20240725T172834
[2024-07-25T14:28:34.732-0300] {local_task_job_runner.py:243} INFO - Task exited with return code 0
[2024-07-25T14:28:34.739-0300] {taskinstance.py:3503} INFO - 0 downstream tasks scheduled from follow-on schedule check
[2024-07-25T14:28:34.740-0300] {local_task_job_runner.py:222} INFO - ::endgroup::
[2024-07-25T14:31:54.320-0300] {local_task_job_runner.py:120} INFO - ::group::Pre task execution logs
[2024-07-25T14:31:54.326-0300] {taskinstance.py:2076} INFO - Dependencies all met for dep_context=non-requeueable deps ti=<TaskInstance: Binance_5m.get_5m_info scheduled__2024-07-25T13:50:00+00:00 [queued]>
[2024-07-25T14:31:54.331-0300] {taskinstance.py:2076} INFO - Dependencies all met for dep_context=requeueable deps ti=<TaskInstance: Binance_5m.get_5m_info scheduled__2024-07-25T13:50:00+00:00 [queued]>
[2024-07-25T14:31:54.331-0300] {taskinstance.py:2306} INFO - Starting attempt 1 of 1
[2024-07-25T14:31:54.344-0300] {taskinstance.py:2330} INFO - Executing <Task(PythonOperator): get_5m_info> on 2024-07-25 13:50:00+00:00
[2024-07-25T14:31:54.346-0300] {standard_task_runner.py:64} INFO - Started process 2594739 to run task
[2024-07-25T14:31:54.348-0300] {standard_task_runner.py:90} INFO - Running: ['airflow', 'tasks', 'run', 'Binance_5m', 'get_5m_info', 'scheduled__2024-07-25T13:50:00+00:00', '--job-id', '2142', '--raw', '--subdir', 'DAGS_FOLDER/binance_dag.py', '--cfg-path', '/tmp/tmp28n9v4_b']
[2024-07-25T14:31:54.350-0300] {standard_task_runner.py:91} INFO - Job 2142: Subtask get_5m_info
[2024-07-25T14:31:54.382-0300] {task_command.py:426} INFO - Running <TaskInstance: Binance_5m.get_5m_info scheduled__2024-07-25T13:50:00+00:00 [running]> on host Galaxybook.
[2024-07-25T14:31:54.436-0300] {taskinstance.py:2648} INFO - Exporting env vars: AIRFLOW_CTX_DAG_OWNER='airflow' AIRFLOW_CTX_DAG_ID='Binance_5m' AIRFLOW_CTX_TASK_ID='get_5m_info' AIRFLOW_CTX_EXECUTION_DATE='2024-07-25T13:50:00+00:00' AIRFLOW_CTX_TRY_NUMBER='1' AIRFLOW_CTX_DAG_RUN_ID='scheduled__2024-07-25T13:50:00+00:00'
[2024-07-25T14:31:54.437-0300] {taskinstance.py:430} INFO - ::endgroup::
[2024-07-25T14:31:54.446-0300] {binance_dag.py:23} INFO - End Time: 2024-07-25T13:55:00.00Z
[2024-07-25T14:31:54.521-0300] {base.py:84} INFO - Using connection ID 'binance_default' for task execution.
[2024-07-25T14:31:54.521-0300] {logging_mixin.py:188} INFO - https://api.binance.com
[2024-07-25T14:31:54.522-0300] {binance_hook.py:35} INFO - URL: https://api.binance.com/api/v3/klines?symbol=BTCBRL&interval=5m&startTime=1721926200000&endTime=1721926500000
[2024-07-25T14:31:54.278-0300] {python.py:237} INFO - Done. Returned value was: None
[2024-07-25T14:31:54.279-0300] {taskinstance.py:441} INFO - ::group::Post task execution logs
[2024-07-25T14:31:54.282-0300] {taskinstance.py:1206} INFO - Marking task as SUCCESS. dag_id=Binance_5m, task_id=get_5m_info, run_id=scheduled__2024-07-25T13:50:00+00:00, execution_date=20240725T135000, start_date=20240725T173154, end_date=20240725T173154
[2024-07-25T14:31:54.327-0300] {local_task_job_runner.py:243} INFO - Task exited with return code 0
[2024-07-25T14:31:54.333-0300] {taskinstance.py:3503} INFO - 0 downstream tasks scheduled from follow-on schedule check
[2024-07-25T14:31:54.334-0300] {local_task_job_runner.py:222} INFO - ::endgroup::
[2024-07-25T14:53:10.206-0300] {local_task_job_runner.py:120} INFO - ::group::Pre task execution logs
[2024-07-25T14:53:10.212-0300] {taskinstance.py:2076} INFO - Dependencies all met for dep_context=non-requeueable deps ti=<TaskInstance: Binance_5m.get_5m_info scheduled__2024-07-25T13:50:00+00:00 [queued]>
[2024-07-25T14:53:10.215-0300] {taskinstance.py:2076} INFO - Dependencies all met for dep_context=requeueable deps ti=<TaskInstance: Binance_5m.get_5m_info scheduled__2024-07-25T13:50:00+00:00 [queued]>
[2024-07-25T14:53:10.215-0300] {taskinstance.py:2306} INFO - Starting attempt 1 of 1
[2024-07-25T14:53:10.228-0300] {taskinstance.py:2330} INFO - Executing <Task(PythonOperator): get_5m_info> on 2024-07-25 13:50:00+00:00
[2024-07-25T14:53:10.230-0300] {standard_task_runner.py:64} INFO - Started process 2612557 to run task
[2024-07-25T14:53:10.232-0300] {standard_task_runner.py:90} INFO - Running: ['airflow', 'tasks', 'run', 'Binance_5m', 'get_5m_info', 'scheduled__2024-07-25T13:50:00+00:00', '--job-id', '2258', '--raw', '--subdir', 'DAGS_FOLDER/binance_dag.py', '--cfg-path', '/tmp/tmprhrnesdo']
[2024-07-25T14:53:10.232-0300] {standard_task_runner.py:91} INFO - Job 2258: Subtask get_5m_info
[2024-07-25T14:53:10.256-0300] {task_command.py:426} INFO - Running <TaskInstance: Binance_5m.get_5m_info scheduled__2024-07-25T13:50:00+00:00 [running]> on host Galaxybook.
[2024-07-25T14:53:10.312-0300] {taskinstance.py:2648} INFO - Exporting env vars: AIRFLOW_CTX_DAG_OWNER='airflow' AIRFLOW_CTX_DAG_ID='Binance_5m' AIRFLOW_CTX_TASK_ID='get_5m_info' AIRFLOW_CTX_EXECUTION_DATE='2024-07-25T13:50:00+00:00' AIRFLOW_CTX_TRY_NUMBER='1' AIRFLOW_CTX_DAG_RUN_ID='scheduled__2024-07-25T13:50:00+00:00'
[2024-07-25T14:53:10.313-0300] {taskinstance.py:430} INFO - ::endgroup::
[2024-07-25T14:53:10.321-0300] {binance_dag.py:23} INFO - End Time: 2024-07-25T13:55:00.00Z
[2024-07-25T14:53:10.321-0300] {binance_dag.py:24} INFO - Start Time: 2024-07-25T13:50:00.00Z
[2024-07-25T14:53:10.380-0300] {base.py:84} INFO - Using connection ID 'binance_default' for task execution.
[2024-07-25T14:53:10.381-0300] {logging_mixin.py:188} INFO - https://api.binance.com
[2024-07-25T14:53:10.381-0300] {binance_hook.py:35} INFO - URL: https://api.binance.com/api/v3/klines?symbol=BTCBRL&interval=5m&startTime=1721926200000&endTime=1721926499999
[2024-07-25T14:53:10.785-0300] {binance_dag.py:43} INFO - r: [[1721926200000, '366576.00000000', '367124.00000000', '366575.00000000', '367044.00000000', '0.07098000', 1721926499999, '26045.17069000', 56, '0.04919000', '18053.81250000', '0']]
[2024-07-25T14:53:10.787-0300] {python.py:237} INFO - Done. Returned value was: None
[2024-07-25T14:53:10.788-0300] {taskinstance.py:441} INFO - ::group::Post task execution logs
[2024-07-25T14:53:10.791-0300] {taskinstance.py:1206} INFO - Marking task as SUCCESS. dag_id=Binance_5m, task_id=get_5m_info, run_id=scheduled__2024-07-25T13:50:00+00:00, execution_date=20240725T135000, start_date=20240725T175310, end_date=20240725T175310
[2024-07-25T14:53:10.811-0300] {local_task_job_runner.py:243} INFO - Task exited with return code 0
[2024-07-25T14:53:10.817-0300] {taskinstance.py:3503} INFO - 0 downstream tasks scheduled from follow-on schedule check
[2024-07-25T14:53:10.817-0300] {local_task_job_runner.py:222} INFO - ::endgroup::
[2024-07-25T15:23:01.792-0300] {local_task_job_runner.py:120} INFO - ::group::Pre task execution logs
[2024-07-25T15:23:01.797-0300] {taskinstance.py:2076} INFO - Dependencies all met for dep_context=non-requeueable deps ti=<TaskInstance: Binance_5m.get_5m_info scheduled__2024-07-25T13:50:00+00:00 [queued]>
[2024-07-25T15:23:01.800-0300] {taskinstance.py:2076} INFO - Dependencies all met for dep_context=requeueable deps ti=<TaskInstance: Binance_5m.get_5m_info scheduled__2024-07-25T13:50:00+00:00 [queued]>
[2024-07-25T15:23:01.800-0300] {taskinstance.py:2306} INFO - Starting attempt 1 of 1
[2024-07-25T15:23:01.814-0300] {taskinstance.py:2330} INFO - Executing <Task(PythonOperator): get_5m_info> on 2024-07-25 13:50:00+00:00
[2024-07-25T15:23:01.816-0300] {standard_task_runner.py:64} INFO - Started process 2634738 to run task
[2024-07-25T15:23:01.818-0300] {standard_task_runner.py:90} INFO - Running: ['airflow', 'tasks', 'run', 'Binance_5m', 'get_5m_info', 'scheduled__2024-07-25T13:50:00+00:00', '--job-id', '2701', '--raw', '--subdir', 'DAGS_FOLDER/binance_dag.py', '--cfg-path', '/tmp/tmpekdbktsn']
[2024-07-25T15:23:01.818-0300] {standard_task_runner.py:91} INFO - Job 2701: Subtask get_5m_info
[2024-07-25T15:23:01.844-0300] {task_command.py:426} INFO - Running <TaskInstance: Binance_5m.get_5m_info scheduled__2024-07-25T13:50:00+00:00 [running]> on host Galaxybook.
[2024-07-25T15:23:01.895-0300] {taskinstance.py:2648} INFO - Exporting env vars: AIRFLOW_CTX_DAG_OWNER='airflow' AIRFLOW_CTX_DAG_ID='Binance_5m' AIRFLOW_CTX_TASK_ID='get_5m_info' AIRFLOW_CTX_EXECUTION_DATE='2024-07-25T13:50:00+00:00' AIRFLOW_CTX_TRY_NUMBER='1' AIRFLOW_CTX_DAG_RUN_ID='scheduled__2024-07-25T13:50:00+00:00'
[2024-07-25T15:23:01.895-0300] {taskinstance.py:430} INFO - ::endgroup::
[2024-07-25T15:23:01.903-0300] {binance_dag.py:23} INFO - End Time: 2024-07-25T13:55:00.00Z
[2024-07-25T15:23:01.903-0300] {binance_dag.py:24} INFO - Start Time: 2024-07-25T13:50:00.00Z
[2024-07-25T15:23:01.955-0300] {binance_dag.py:25} INFO - 1721926200000
[2024-07-25T15:23:01.958-0300] {base.py:84} INFO - Using connection ID 'binance_default' for task execution.
[2024-07-25T15:23:01.958-0300] {logging_mixin.py:188} INFO - https://api.binance.com
[2024-07-25T15:23:01.959-0300] {binance_hook.py:35} INFO - URL: https://api.binance.com/api/v3/klines?symbol=BTCBRL&interval=5m&startTime=1721926200000&endTime=1721926499999
[2024-07-25T15:23:02.392-0300] {python.py:237} INFO - Done. Returned value was: None
[2024-07-25T15:23:02.393-0300] {taskinstance.py:441} INFO - ::group::Post task execution logs
[2024-07-25T15:23:02.396-0300] {taskinstance.py:1206} INFO - Marking task as SUCCESS. dag_id=Binance_5m, task_id=get_5m_info, run_id=scheduled__2024-07-25T13:50:00+00:00, execution_date=20240725T135000, start_date=20240725T182301, end_date=20240725T182302
[2024-07-25T15:23:02.444-0300] {local_task_job_runner.py:243} INFO - Task exited with return code 0
[2024-07-25T15:23:02.453-0300] {taskinstance.py:3503} INFO - 0 downstream tasks scheduled from follow-on schedule check
[2024-07-25T15:23:02.453-0300] {local_task_job_runner.py:222} INFO - ::endgroup::
[2024-07-25T16:21:14.205-0300] {local_task_job_runner.py:120} INFO - ::group::Pre task execution logs
[2024-07-25T16:21:14.213-0300] {taskinstance.py:2076} INFO - Dependencies all met for dep_context=non-requeueable deps ti=<TaskInstance: Binance_5m.get_5m_info scheduled__2024-07-25T13:50:00+00:00 [queued]>
[2024-07-25T16:21:14.219-0300] {taskinstance.py:2076} INFO - Dependencies all met for dep_context=requeueable deps ti=<TaskInstance: Binance_5m.get_5m_info scheduled__2024-07-25T13:50:00+00:00 [queued]>
[2024-07-25T16:21:14.219-0300] {taskinstance.py:2306} INFO - Starting attempt 1 of 1
[2024-07-25T16:21:14.236-0300] {taskinstance.py:2330} INFO - Executing <Task(PythonOperator): get_5m_info> on 2024-07-25 13:50:00+00:00
[2024-07-25T16:21:14.238-0300] {standard_task_runner.py:64} INFO - Started process 2664266 to run task
[2024-07-25T16:21:14.241-0300] {standard_task_runner.py:90} INFO - Running: ['airflow', 'tasks', 'run', 'Binance_5m', 'get_5m_info', 'scheduled__2024-07-25T13:50:00+00:00', '--job-id', '2314', '--raw', '--subdir', 'DAGS_FOLDER/binance_dag.py', '--cfg-path', '/tmp/tmpo4ml7_wm']
[2024-07-25T16:21:14.242-0300] {standard_task_runner.py:91} INFO - Job 2314: Subtask get_5m_info
[2024-07-25T16:21:14.274-0300] {task_command.py:426} INFO - Running <TaskInstance: Binance_5m.get_5m_info scheduled__2024-07-25T13:50:00+00:00 [running]> on host Galaxybook.
[2024-07-25T16:21:14.331-0300] {taskinstance.py:2648} INFO - Exporting env vars: AIRFLOW_CTX_DAG_OWNER='airflow' AIRFLOW_CTX_DAG_ID='Binance_5m' AIRFLOW_CTX_TASK_ID='get_5m_info' AIRFLOW_CTX_EXECUTION_DATE='2024-07-25T13:50:00+00:00' AIRFLOW_CTX_TRY_NUMBER='1' AIRFLOW_CTX_DAG_RUN_ID='scheduled__2024-07-25T13:50:00+00:00'
[2024-07-25T16:21:14.331-0300] {taskinstance.py:430} INFO - ::endgroup::
[2024-07-25T16:21:14.340-0300] {binance_dag.py:22} INFO - End Time: 2024-07-25 13:55:00+00:00
[2024-07-25T16:21:14.340-0300] {binance_dag.py:23} INFO - Start Time: 2024-07-25 13:50:00+00:00
[2024-07-25T16:21:14.340-0300] {binance_dag.py:24} INFO - Start timestamp: 1721915400000
[2024-07-25T16:21:14.340-0300] {binance_dag.py:25} INFO - End timestamp: 1721915700000
[2024-07-25T16:21:14.404-0300] {base.py:84} INFO - Using connection ID 'binance_default' for task execution.
[2024-07-25T16:21:14.404-0300] {logging_mixin.py:188} INFO - https://api.binance.com
[2024-07-25T16:21:14.405-0300] {binance_hook.py:35} INFO - URL: https://api.binance.com/api/v3/klines?symbol=BTCBRL&interval=5m&startTime=1721915400000&endTime=1721915699999&timeZone=-3
[2024-07-25T16:21:14.808-0300] {python.py:237} INFO - Done. Returned value was: None
[2024-07-25T16:21:14.809-0300] {taskinstance.py:441} INFO - ::group::Post task execution logs
[2024-07-25T16:21:14.811-0300] {taskinstance.py:1206} INFO - Marking task as SUCCESS. dag_id=Binance_5m, task_id=get_5m_info, run_id=scheduled__2024-07-25T13:50:00+00:00, execution_date=20240725T135000, start_date=20240725T192114, end_date=20240725T192114
[2024-07-25T16:21:14.865-0300] {local_task_job_runner.py:243} INFO - Task exited with return code 0
[2024-07-25T16:21:14.872-0300] {taskinstance.py:3503} INFO - 0 downstream tasks scheduled from follow-on schedule check
[2024-07-25T16:21:14.873-0300] {local_task_job_runner.py:222} INFO - ::endgroup::
