[2024-07-25T14:54:15.744-0300] {local_task_job_runner.py:120} INFO - ::group::Pre task execution logs
[2024-07-25T14:54:15.750-0300] {taskinstance.py:2076} INFO - Dependencies all met for dep_context=non-requeueable deps ti=<TaskInstance: Mercado_5m.get_5m_info scheduled__2024-07-24T23:55:00+00:00 [queued]>
[2024-07-25T14:54:15.752-0300] {taskinstance.py:2076} INFO - Dependencies all met for dep_context=requeueable deps ti=<TaskInstance: Mercado_5m.get_5m_info scheduled__2024-07-24T23:55:00+00:00 [queued]>
[2024-07-25T14:54:15.753-0300] {taskinstance.py:2306} INFO - Starting attempt 1 of 1
[2024-07-25T14:54:15.766-0300] {taskinstance.py:2330} INFO - Executing <Task(PythonOperator): get_5m_info> on 2024-07-24 23:55:00+00:00
[2024-07-25T14:54:15.768-0300] {standard_task_runner.py:64} INFO - Started process 2613632 to run task
[2024-07-25T14:54:15.770-0300] {standard_task_runner.py:90} INFO - Running: ['airflow', 'tasks', 'run', 'Mercado_5m', 'get_5m_info', 'scheduled__2024-07-24T23:55:00+00:00', '--job-id', '2288', '--raw', '--subdir', 'DAGS_FOLDER/mercado_dag.py', '--cfg-path', '/tmp/tmph5cw371u']
[2024-07-25T14:54:15.771-0300] {standard_task_runner.py:91} INFO - Job 2288: Subtask get_5m_info
[2024-07-25T14:54:15.798-0300] {task_command.py:426} INFO - Running <TaskInstance: Mercado_5m.get_5m_info scheduled__2024-07-24T23:55:00+00:00 [running]> on host Galaxybook.
[2024-07-25T14:54:15.851-0300] {taskinstance.py:2648} INFO - Exporting env vars: AIRFLOW_CTX_DAG_OWNER='airflow' AIRFLOW_CTX_DAG_ID='Mercado_5m' AIRFLOW_CTX_TASK_ID='get_5m_info' AIRFLOW_CTX_EXECUTION_DATE='2024-07-24T23:55:00+00:00' AIRFLOW_CTX_TRY_NUMBER='1' AIRFLOW_CTX_DAG_RUN_ID='scheduled__2024-07-24T23:55:00+00:00'
[2024-07-25T14:54:15.852-0300] {taskinstance.py:430} INFO - ::endgroup::
[2024-07-25T14:54:15.919-0300] {base.py:84} INFO - Using connection ID 'mercado_default' for task execution.
[2024-07-25T14:54:15.920-0300] {mercado_hook.py:31} INFO - URL: https://api.mercadobitcoin.net/api/v4/candles?symbol=BTC-BRL&resolution=5m&to=1721876400&from=1721876100
[2024-07-25T14:54:16.192-0300] {python.py:237} INFO - Done. Returned value was: None
[2024-07-25T14:54:16.193-0300] {taskinstance.py:441} INFO - ::group::Post task execution logs
[2024-07-25T14:54:16.195-0300] {taskinstance.py:1206} INFO - Marking task as SUCCESS. dag_id=Mercado_5m, task_id=get_5m_info, run_id=scheduled__2024-07-24T23:55:00+00:00, execution_date=20240724T235500, start_date=20240725T175415, end_date=20240725T175416
[2024-07-25T14:54:16.232-0300] {local_task_job_runner.py:243} INFO - Task exited with return code 0
[2024-07-25T14:54:16.238-0300] {taskinstance.py:3503} INFO - 0 downstream tasks scheduled from follow-on schedule check
[2024-07-25T14:54:16.239-0300] {local_task_job_runner.py:222} INFO - ::endgroup::
[2024-07-25T15:05:34.537-0300] {local_task_job_runner.py:120} INFO - ::group::Pre task execution logs
[2024-07-25T15:05:34.544-0300] {taskinstance.py:2076} INFO - Dependencies all met for dep_context=non-requeueable deps ti=<TaskInstance: Mercado_5m.get_5m_info scheduled__2024-07-24T23:55:00+00:00 [queued]>
[2024-07-25T15:05:34.548-0300] {taskinstance.py:2076} INFO - Dependencies all met for dep_context=requeueable deps ti=<TaskInstance: Mercado_5m.get_5m_info scheduled__2024-07-24T23:55:00+00:00 [queued]>
[2024-07-25T15:05:34.549-0300] {taskinstance.py:2306} INFO - Starting attempt 1 of 1
[2024-07-25T15:05:34.562-0300] {taskinstance.py:2330} INFO - Executing <Task(PythonOperator): get_5m_info> on 2024-07-24 23:55:00+00:00
[2024-07-25T15:05:34.564-0300] {standard_task_runner.py:64} INFO - Started process 2623211 to run task
[2024-07-25T15:05:34.567-0300] {standard_task_runner.py:90} INFO - Running: ['airflow', 'tasks', 'run', 'Mercado_5m', 'get_5m_info', 'scheduled__2024-07-24T23:55:00+00:00', '--job-id', '2520', '--raw', '--subdir', 'DAGS_FOLDER/mercado_dag.py', '--cfg-path', '/tmp/tmpyknzq22q']
[2024-07-25T15:05:34.568-0300] {standard_task_runner.py:91} INFO - Job 2520: Subtask get_5m_info
[2024-07-25T15:05:34.598-0300] {task_command.py:426} INFO - Running <TaskInstance: Mercado_5m.get_5m_info scheduled__2024-07-24T23:55:00+00:00 [running]> on host Galaxybook.
[2024-07-25T15:05:34.646-0300] {taskinstance.py:2648} INFO - Exporting env vars: AIRFLOW_CTX_DAG_OWNER='airflow' AIRFLOW_CTX_DAG_ID='Mercado_5m' AIRFLOW_CTX_TASK_ID='get_5m_info' AIRFLOW_CTX_EXECUTION_DATE='2024-07-24T23:55:00+00:00' AIRFLOW_CTX_TRY_NUMBER='1' AIRFLOW_CTX_DAG_RUN_ID='scheduled__2024-07-24T23:55:00+00:00'
[2024-07-25T15:05:34.647-0300] {taskinstance.py:430} INFO - ::endgroup::
[2024-07-25T15:05:34.724-0300] {base.py:84} INFO - Using connection ID 'mercado_default' for task execution.
[2024-07-25T15:05:34.724-0300] {mercado_hook.py:31} INFO - URL: https://api.mercadobitcoin.net/api/v4/candles?symbol=BTC-BRL&resolution=5m&to=1721876400000&from=1721876100000
[2024-07-25T15:05:35.006-0300] {python.py:237} INFO - Done. Returned value was: None
[2024-07-25T15:05:35.007-0300] {taskinstance.py:441} INFO - ::group::Post task execution logs
[2024-07-25T15:05:35.010-0300] {taskinstance.py:1206} INFO - Marking task as SUCCESS. dag_id=Mercado_5m, task_id=get_5m_info, run_id=scheduled__2024-07-24T23:55:00+00:00, execution_date=20240724T235500, start_date=20240725T180534, end_date=20240725T180535
[2024-07-25T15:05:35.027-0300] {local_task_job_runner.py:243} INFO - Task exited with return code 0
[2024-07-25T15:05:35.033-0300] {taskinstance.py:3503} INFO - 0 downstream tasks scheduled from follow-on schedule check
[2024-07-25T15:05:35.034-0300] {local_task_job_runner.py:222} INFO - ::endgroup::
[2024-07-25T16:13:06.600-0300] {local_task_job_runner.py:120} INFO - ::group::Pre task execution logs
[2024-07-25T16:13:06.607-0300] {taskinstance.py:2076} INFO - Dependencies all met for dep_context=non-requeueable deps ti=<TaskInstance: Mercado_5m.get_5m_info scheduled__2024-07-24T23:55:00+00:00 [queued]>
[2024-07-25T16:13:06.610-0300] {taskinstance.py:2076} INFO - Dependencies all met for dep_context=requeueable deps ti=<TaskInstance: Mercado_5m.get_5m_info scheduled__2024-07-24T23:55:00+00:00 [queued]>
[2024-07-25T16:13:06.610-0300] {taskinstance.py:2306} INFO - Starting attempt 1 of 1
[2024-07-25T16:13:06.625-0300] {taskinstance.py:2330} INFO - Executing <Task(PythonOperator): get_5m_info> on 2024-07-24 23:55:00+00:00
[2024-07-25T16:13:06.627-0300] {standard_task_runner.py:64} INFO - Started process 2656081 to run task
[2024-07-25T16:13:06.629-0300] {standard_task_runner.py:90} INFO - Running: ['airflow', 'tasks', 'run', 'Mercado_5m', 'get_5m_info', 'scheduled__2024-07-24T23:55:00+00:00', '--job-id', '2091', '--raw', '--subdir', 'DAGS_FOLDER/mercado_dag.py', '--cfg-path', '/tmp/tmpyfobvceo']
[2024-07-25T16:13:06.630-0300] {standard_task_runner.py:91} INFO - Job 2091: Subtask get_5m_info
[2024-07-25T16:13:06.654-0300] {task_command.py:426} INFO - Running <TaskInstance: Mercado_5m.get_5m_info scheduled__2024-07-24T23:55:00+00:00 [running]> on host Galaxybook.
[2024-07-25T16:13:06.699-0300] {taskinstance.py:2648} INFO - Exporting env vars: AIRFLOW_CTX_DAG_OWNER='airflow' AIRFLOW_CTX_DAG_ID='Mercado_5m' AIRFLOW_CTX_TASK_ID='get_5m_info' AIRFLOW_CTX_EXECUTION_DATE='2024-07-24T23:55:00+00:00' AIRFLOW_CTX_TRY_NUMBER='1' AIRFLOW_CTX_DAG_RUN_ID='scheduled__2024-07-24T23:55:00+00:00'
[2024-07-25T16:13:06.699-0300] {taskinstance.py:430} INFO - ::endgroup::
[2024-07-25T16:13:06.763-0300] {base.py:84} INFO - Using connection ID 'mercado_default' for task execution.
[2024-07-25T16:13:06.763-0300] {mercado_hook.py:31} INFO - URL: https://api.mercadobitcoin.net/api/v4/candles?symbol=BTC-BRL&resolution=5m&to=1721865600&from=1721865300
[2024-07-25T16:13:07.048-0300] {python.py:237} INFO - Done. Returned value was: None
[2024-07-25T16:13:07.049-0300] {taskinstance.py:441} INFO - ::group::Post task execution logs
[2024-07-25T16:13:07.052-0300] {taskinstance.py:1206} INFO - Marking task as SUCCESS. dag_id=Mercado_5m, task_id=get_5m_info, run_id=scheduled__2024-07-24T23:55:00+00:00, execution_date=20240724T235500, start_date=20240725T191306, end_date=20240725T191307
[2024-07-25T16:13:07.093-0300] {local_task_job_runner.py:243} INFO - Task exited with return code 0
[2024-07-25T16:13:07.099-0300] {taskinstance.py:3503} INFO - 0 downstream tasks scheduled from follow-on schedule check
[2024-07-25T16:13:07.099-0300] {local_task_job_runner.py:222} INFO - ::endgroup::
[2024-07-25T16:21:54.133-0300] {local_task_job_runner.py:120} INFO - ::group::Pre task execution logs
[2024-07-25T16:21:54.139-0300] {taskinstance.py:2076} INFO - Dependencies all met for dep_context=non-requeueable deps ti=<TaskInstance: Mercado_5m.get_5m_info scheduled__2024-07-24T23:55:00+00:00 [queued]>
[2024-07-25T16:21:54.143-0300] {taskinstance.py:2076} INFO - Dependencies all met for dep_context=requeueable deps ti=<TaskInstance: Mercado_5m.get_5m_info scheduled__2024-07-24T23:55:00+00:00 [queued]>
[2024-07-25T16:21:54.143-0300] {taskinstance.py:2306} INFO - Starting attempt 1 of 1
[2024-07-25T16:21:54.158-0300] {taskinstance.py:2330} INFO - Executing <Task(PythonOperator): get_5m_info> on 2024-07-24 23:55:00+00:00
[2024-07-25T16:21:54.160-0300] {standard_task_runner.py:64} INFO - Started process 2664933 to run task
[2024-07-25T16:21:54.162-0300] {standard_task_runner.py:90} INFO - Running: ['airflow', 'tasks', 'run', 'Mercado_5m', 'get_5m_info', 'scheduled__2024-07-24T23:55:00+00:00', '--job-id', '2331', '--raw', '--subdir', 'DAGS_FOLDER/mercado_dag.py', '--cfg-path', '/tmp/tmpvrr3hth2']
[2024-07-25T16:21:54.163-0300] {standard_task_runner.py:91} INFO - Job 2331: Subtask get_5m_info
[2024-07-25T16:21:54.192-0300] {task_command.py:426} INFO - Running <TaskInstance: Mercado_5m.get_5m_info scheduled__2024-07-24T23:55:00+00:00 [running]> on host Galaxybook.
[2024-07-25T16:21:54.245-0300] {taskinstance.py:2648} INFO - Exporting env vars: AIRFLOW_CTX_DAG_OWNER='airflow' AIRFLOW_CTX_DAG_ID='Mercado_5m' AIRFLOW_CTX_TASK_ID='get_5m_info' AIRFLOW_CTX_EXECUTION_DATE='2024-07-24T23:55:00+00:00' AIRFLOW_CTX_TRY_NUMBER='1' AIRFLOW_CTX_DAG_RUN_ID='scheduled__2024-07-24T23:55:00+00:00'
[2024-07-25T16:21:54.246-0300] {taskinstance.py:430} INFO - ::endgroup::
[2024-07-25T16:21:54.254-0300] {mercado_dag.py:22} INFO - To: 2024-07-25 00:00:00+00:00
[2024-07-25T16:21:54.254-0300] {mercado_dag.py:23} INFO - From: 2024-07-24 23:55:00+00:00
[2024-07-25T16:21:54.255-0300] {mercado_dag.py:24} INFO - To timestamp: 1721865600 
[2024-07-25T16:21:54.255-0300] {mercado_dag.py:25} INFO - From timestamp: 1721865300 
[2024-07-25T16:21:54.323-0300] {base.py:84} INFO - Using connection ID 'mercado_default' for task execution.
[2024-07-25T16:21:54.323-0300] {mercado_hook.py:31} INFO - URL: https://api.mercadobitcoin.net/api/v4/candles?symbol=BTC-BRL&resolution=5m&to=1721865600&from=1721865300
[2024-07-25T16:21:54.595-0300] {python.py:237} INFO - Done. Returned value was: None
[2024-07-25T16:21:54.595-0300] {taskinstance.py:441} INFO - ::group::Post task execution logs
[2024-07-25T16:21:54.598-0300] {taskinstance.py:1206} INFO - Marking task as SUCCESS. dag_id=Mercado_5m, task_id=get_5m_info, run_id=scheduled__2024-07-24T23:55:00+00:00, execution_date=20240724T235500, start_date=20240725T192154, end_date=20240725T192154
[2024-07-25T16:21:54.621-0300] {local_task_job_runner.py:243} INFO - Task exited with return code 0
[2024-07-25T16:21:54.629-0300] {taskinstance.py:3503} INFO - 0 downstream tasks scheduled from follow-on schedule check
[2024-07-25T16:21:54.629-0300] {local_task_job_runner.py:222} INFO - ::endgroup::
[2024-07-25T16:24:54.404-0300] {local_task_job_runner.py:120} INFO - ::group::Pre task execution logs
[2024-07-25T16:24:54.411-0300] {taskinstance.py:2076} INFO - Dependencies all met for dep_context=non-requeueable deps ti=<TaskInstance: Mercado_5m.get_5m_info scheduled__2024-07-24T23:55:00+00:00 [queued]>
[2024-07-25T16:24:54.416-0300] {taskinstance.py:2076} INFO - Dependencies all met for dep_context=requeueable deps ti=<TaskInstance: Mercado_5m.get_5m_info scheduled__2024-07-24T23:55:00+00:00 [queued]>
[2024-07-25T16:24:54.416-0300] {taskinstance.py:2306} INFO - Starting attempt 1 of 1
[2024-07-25T16:24:54.436-0300] {taskinstance.py:2330} INFO - Executing <Task(PythonOperator): get_5m_info> on 2024-07-24 23:55:00+00:00
[2024-07-25T16:24:54.438-0300] {standard_task_runner.py:64} INFO - Started process 2667967 to run task
[2024-07-25T16:24:54.440-0300] {standard_task_runner.py:90} INFO - Running: ['airflow', 'tasks', 'run', 'Mercado_5m', 'get_5m_info', 'scheduled__2024-07-24T23:55:00+00:00', '--job-id', '2414', '--raw', '--subdir', 'DAGS_FOLDER/mercado_dag.py', '--cfg-path', '/tmp/tmppvmc64yr']
[2024-07-25T16:24:54.442-0300] {standard_task_runner.py:91} INFO - Job 2414: Subtask get_5m_info
[2024-07-25T16:24:54.473-0300] {task_command.py:426} INFO - Running <TaskInstance: Mercado_5m.get_5m_info scheduled__2024-07-24T23:55:00+00:00 [running]> on host Galaxybook.
[2024-07-25T16:24:54.533-0300] {taskinstance.py:2648} INFO - Exporting env vars: AIRFLOW_CTX_DAG_OWNER='airflow' AIRFLOW_CTX_DAG_ID='Mercado_5m' AIRFLOW_CTX_TASK_ID='get_5m_info' AIRFLOW_CTX_EXECUTION_DATE='2024-07-24T23:55:00+00:00' AIRFLOW_CTX_TRY_NUMBER='1' AIRFLOW_CTX_DAG_RUN_ID='scheduled__2024-07-24T23:55:00+00:00'
[2024-07-25T16:24:54.534-0300] {taskinstance.py:430} INFO - ::endgroup::
[2024-07-25T16:24:54.543-0300] {mercado_dag.py:22} INFO - To: 2024-07-25 00:00:00+00:00
[2024-07-25T16:24:54.543-0300] {mercado_dag.py:23} INFO - From: 2024-07-24 23:55:00+00:00
[2024-07-25T16:24:54.544-0300] {mercado_dag.py:24} INFO - To timestamp: 1721865600000 
[2024-07-25T16:24:54.544-0300] {mercado_dag.py:25} INFO - From timestamp: 1721865300000 
[2024-07-25T16:24:54.623-0300] {base.py:84} INFO - Using connection ID 'mercado_default' for task execution.
[2024-07-25T16:24:54.624-0300] {mercado_hook.py:31} INFO - URL: https://api.mercadobitcoin.net/api/v4/candles?symbol=BTC-BRL&resolution=5m&to=1721865600000&from=1721865300000
[2024-07-25T16:24:54.903-0300] {python.py:237} INFO - Done. Returned value was: None
[2024-07-25T16:24:54.904-0300] {taskinstance.py:441} INFO - ::group::Post task execution logs
[2024-07-25T16:24:54.908-0300] {taskinstance.py:1206} INFO - Marking task as SUCCESS. dag_id=Mercado_5m, task_id=get_5m_info, run_id=scheduled__2024-07-24T23:55:00+00:00, execution_date=20240724T235500, start_date=20240725T192454, end_date=20240725T192454
[2024-07-25T16:24:54.940-0300] {local_task_job_runner.py:243} INFO - Task exited with return code 0
[2024-07-25T16:24:54.948-0300] {taskinstance.py:3503} INFO - 0 downstream tasks scheduled from follow-on schedule check
[2024-07-25T16:24:54.949-0300] {local_task_job_runner.py:222} INFO - ::endgroup::
