[2024-07-25T14:54:25.831-0300] {local_task_job_runner.py:120} INFO - ::group::Pre task execution logs
[2024-07-25T14:54:25.835-0300] {taskinstance.py:2076} INFO - Dependencies all met for dep_context=non-requeueable deps ti=<TaskInstance: Mercado_5m.get_5m_info scheduled__2024-07-25T00:00:00+00:00 [queued]>
[2024-07-25T14:54:25.838-0300] {taskinstance.py:2076} INFO - Dependencies all met for dep_context=requeueable deps ti=<TaskInstance: Mercado_5m.get_5m_info scheduled__2024-07-25T00:00:00+00:00 [queued]>
[2024-07-25T14:54:25.838-0300] {taskinstance.py:2306} INFO - Starting attempt 1 of 1
[2024-07-25T14:54:25.850-0300] {taskinstance.py:2330} INFO - Executing <Task(PythonOperator): get_5m_info> on 2024-07-25 00:00:00+00:00
[2024-07-25T14:54:25.852-0300] {standard_task_runner.py:64} INFO - Started process 2613796 to run task
[2024-07-25T14:54:25.854-0300] {standard_task_runner.py:90} INFO - Running: ['airflow', 'tasks', 'run', 'Mercado_5m', 'get_5m_info', 'scheduled__2024-07-25T00:00:00+00:00', '--job-id', '2291', '--raw', '--subdir', 'DAGS_FOLDER/mercado_dag.py', '--cfg-path', '/tmp/tmpbquukx0_']
[2024-07-25T14:54:25.855-0300] {standard_task_runner.py:91} INFO - Job 2291: Subtask get_5m_info
[2024-07-25T14:54:25.880-0300] {task_command.py:426} INFO - Running <TaskInstance: Mercado_5m.get_5m_info scheduled__2024-07-25T00:00:00+00:00 [running]> on host Galaxybook.
[2024-07-25T14:54:25.927-0300] {taskinstance.py:2648} INFO - Exporting env vars: AIRFLOW_CTX_DAG_OWNER='airflow' AIRFLOW_CTX_DAG_ID='Mercado_5m' AIRFLOW_CTX_TASK_ID='get_5m_info' AIRFLOW_CTX_EXECUTION_DATE='2024-07-25T00:00:00+00:00' AIRFLOW_CTX_TRY_NUMBER='1' AIRFLOW_CTX_DAG_RUN_ID='scheduled__2024-07-25T00:00:00+00:00'
[2024-07-25T14:54:25.928-0300] {taskinstance.py:430} INFO - ::endgroup::
[2024-07-25T14:54:25.995-0300] {base.py:84} INFO - Using connection ID 'mercado_default' for task execution.
[2024-07-25T14:54:25.995-0300] {mercado_hook.py:31} INFO - URL: https://api.mercadobitcoin.net/api/v4/candles?symbol=BTC-BRL&resolution=5m&to=1721876700&from=1721876400
[2024-07-25T14:54:26.280-0300] {python.py:237} INFO - Done. Returned value was: None
[2024-07-25T14:54:26.281-0300] {taskinstance.py:441} INFO - ::group::Post task execution logs
[2024-07-25T14:54:26.284-0300] {taskinstance.py:1206} INFO - Marking task as SUCCESS. dag_id=Mercado_5m, task_id=get_5m_info, run_id=scheduled__2024-07-25T00:00:00+00:00, execution_date=20240725T000000, start_date=20240725T175425, end_date=20240725T175426
[2024-07-25T14:54:26.312-0300] {local_task_job_runner.py:243} INFO - Task exited with return code 0
[2024-07-25T14:54:26.319-0300] {taskinstance.py:3503} INFO - 0 downstream tasks scheduled from follow-on schedule check
[2024-07-25T14:54:26.320-0300] {local_task_job_runner.py:222} INFO - ::endgroup::
[2024-07-25T15:05:37.340-0300] {local_task_job_runner.py:120} INFO - ::group::Pre task execution logs
[2024-07-25T15:05:37.349-0300] {taskinstance.py:2076} INFO - Dependencies all met for dep_context=non-requeueable deps ti=<TaskInstance: Mercado_5m.get_5m_info scheduled__2024-07-25T00:00:00+00:00 [queued]>
[2024-07-25T15:05:37.353-0300] {taskinstance.py:2076} INFO - Dependencies all met for dep_context=requeueable deps ti=<TaskInstance: Mercado_5m.get_5m_info scheduled__2024-07-25T00:00:00+00:00 [queued]>
[2024-07-25T15:05:37.353-0300] {taskinstance.py:2306} INFO - Starting attempt 1 of 1
[2024-07-25T15:05:37.370-0300] {taskinstance.py:2330} INFO - Executing <Task(PythonOperator): get_5m_info> on 2024-07-25 00:00:00+00:00
[2024-07-25T15:05:37.372-0300] {standard_task_runner.py:64} INFO - Started process 2623283 to run task
[2024-07-25T15:05:37.374-0300] {standard_task_runner.py:90} INFO - Running: ['airflow', 'tasks', 'run', 'Mercado_5m', 'get_5m_info', 'scheduled__2024-07-25T00:00:00+00:00', '--job-id', '2521', '--raw', '--subdir', 'DAGS_FOLDER/mercado_dag.py', '--cfg-path', '/tmp/tmp8qrfn76x']
[2024-07-25T15:05:37.376-0300] {standard_task_runner.py:91} INFO - Job 2521: Subtask get_5m_info
[2024-07-25T15:05:37.408-0300] {task_command.py:426} INFO - Running <TaskInstance: Mercado_5m.get_5m_info scheduled__2024-07-25T00:00:00+00:00 [running]> on host Galaxybook.
[2024-07-25T15:05:37.455-0300] {taskinstance.py:2648} INFO - Exporting env vars: AIRFLOW_CTX_DAG_OWNER='airflow' AIRFLOW_CTX_DAG_ID='Mercado_5m' AIRFLOW_CTX_TASK_ID='get_5m_info' AIRFLOW_CTX_EXECUTION_DATE='2024-07-25T00:00:00+00:00' AIRFLOW_CTX_TRY_NUMBER='1' AIRFLOW_CTX_DAG_RUN_ID='scheduled__2024-07-25T00:00:00+00:00'
[2024-07-25T15:05:37.456-0300] {taskinstance.py:430} INFO - ::endgroup::
[2024-07-25T15:05:37.524-0300] {base.py:84} INFO - Using connection ID 'mercado_default' for task execution.
[2024-07-25T15:05:37.525-0300] {mercado_hook.py:31} INFO - URL: https://api.mercadobitcoin.net/api/v4/candles?symbol=BTC-BRL&resolution=5m&to=1721876700000&from=1721876400000
[2024-07-25T15:05:37.794-0300] {python.py:237} INFO - Done. Returned value was: None
[2024-07-25T15:05:37.795-0300] {taskinstance.py:441} INFO - ::group::Post task execution logs
[2024-07-25T15:05:37.798-0300] {taskinstance.py:1206} INFO - Marking task as SUCCESS. dag_id=Mercado_5m, task_id=get_5m_info, run_id=scheduled__2024-07-25T00:00:00+00:00, execution_date=20240725T000000, start_date=20240725T180537, end_date=20240725T180537
[2024-07-25T15:05:37.835-0300] {local_task_job_runner.py:243} INFO - Task exited with return code 0
[2024-07-25T15:05:37.841-0300] {taskinstance.py:3503} INFO - 0 downstream tasks scheduled from follow-on schedule check
[2024-07-25T15:05:37.842-0300] {local_task_job_runner.py:222} INFO - ::endgroup::
[2024-07-25T16:13:09.932-0300] {local_task_job_runner.py:120} INFO - ::group::Pre task execution logs
[2024-07-25T16:13:09.940-0300] {taskinstance.py:2076} INFO - Dependencies all met for dep_context=non-requeueable deps ti=<TaskInstance: Mercado_5m.get_5m_info scheduled__2024-07-25T00:00:00+00:00 [queued]>
[2024-07-25T16:13:09.943-0300] {taskinstance.py:2076} INFO - Dependencies all met for dep_context=requeueable deps ti=<TaskInstance: Mercado_5m.get_5m_info scheduled__2024-07-25T00:00:00+00:00 [queued]>
[2024-07-25T16:13:09.943-0300] {taskinstance.py:2306} INFO - Starting attempt 1 of 1
[2024-07-25T16:13:09.957-0300] {taskinstance.py:2330} INFO - Executing <Task(PythonOperator): get_5m_info> on 2024-07-25 00:00:00+00:00
[2024-07-25T16:13:09.959-0300] {standard_task_runner.py:64} INFO - Started process 2656119 to run task
[2024-07-25T16:13:09.961-0300] {standard_task_runner.py:90} INFO - Running: ['airflow', 'tasks', 'run', 'Mercado_5m', 'get_5m_info', 'scheduled__2024-07-25T00:00:00+00:00', '--job-id', '2093', '--raw', '--subdir', 'DAGS_FOLDER/mercado_dag.py', '--cfg-path', '/tmp/tmpu7k5acym']
[2024-07-25T16:13:09.962-0300] {standard_task_runner.py:91} INFO - Job 2093: Subtask get_5m_info
[2024-07-25T16:13:09.985-0300] {task_command.py:426} INFO - Running <TaskInstance: Mercado_5m.get_5m_info scheduled__2024-07-25T00:00:00+00:00 [running]> on host Galaxybook.
[2024-07-25T16:13:10.034-0300] {taskinstance.py:2648} INFO - Exporting env vars: AIRFLOW_CTX_DAG_OWNER='airflow' AIRFLOW_CTX_DAG_ID='Mercado_5m' AIRFLOW_CTX_TASK_ID='get_5m_info' AIRFLOW_CTX_EXECUTION_DATE='2024-07-25T00:00:00+00:00' AIRFLOW_CTX_TRY_NUMBER='1' AIRFLOW_CTX_DAG_RUN_ID='scheduled__2024-07-25T00:00:00+00:00'
[2024-07-25T16:13:10.034-0300] {taskinstance.py:430} INFO - ::endgroup::
[2024-07-25T16:13:10.099-0300] {base.py:84} INFO - Using connection ID 'mercado_default' for task execution.
[2024-07-25T16:13:10.100-0300] {mercado_hook.py:31} INFO - URL: https://api.mercadobitcoin.net/api/v4/candles?symbol=BTC-BRL&resolution=5m&to=1721865900&from=1721865600
[2024-07-25T16:13:10.389-0300] {python.py:237} INFO - Done. Returned value was: None
[2024-07-25T16:13:10.390-0300] {taskinstance.py:441} INFO - ::group::Post task execution logs
[2024-07-25T16:13:10.393-0300] {taskinstance.py:1206} INFO - Marking task as SUCCESS. dag_id=Mercado_5m, task_id=get_5m_info, run_id=scheduled__2024-07-25T00:00:00+00:00, execution_date=20240725T000000, start_date=20240725T191309, end_date=20240725T191310
[2024-07-25T16:13:10.420-0300] {local_task_job_runner.py:243} INFO - Task exited with return code 0
[2024-07-25T16:13:10.427-0300] {taskinstance.py:3503} INFO - 0 downstream tasks scheduled from follow-on schedule check
[2024-07-25T16:13:10.427-0300] {local_task_job_runner.py:222} INFO - ::endgroup::
[2024-07-25T16:22:00.262-0300] {local_task_job_runner.py:120} INFO - ::group::Pre task execution logs
[2024-07-25T16:22:00.270-0300] {taskinstance.py:2076} INFO - Dependencies all met for dep_context=non-requeueable deps ti=<TaskInstance: Mercado_5m.get_5m_info scheduled__2024-07-25T00:00:00+00:00 [queued]>
[2024-07-25T16:22:00.274-0300] {taskinstance.py:2076} INFO - Dependencies all met for dep_context=requeueable deps ti=<TaskInstance: Mercado_5m.get_5m_info scheduled__2024-07-25T00:00:00+00:00 [queued]>
[2024-07-25T16:22:00.275-0300] {taskinstance.py:2306} INFO - Starting attempt 1 of 1
[2024-07-25T16:22:00.291-0300] {taskinstance.py:2330} INFO - Executing <Task(PythonOperator): get_5m_info> on 2024-07-25 00:00:00+00:00
[2024-07-25T16:22:00.293-0300] {standard_task_runner.py:64} INFO - Started process 2665046 to run task
[2024-07-25T16:22:00.296-0300] {standard_task_runner.py:90} INFO - Running: ['airflow', 'tasks', 'run', 'Mercado_5m', 'get_5m_info', 'scheduled__2024-07-25T00:00:00+00:00', '--job-id', '2334', '--raw', '--subdir', 'DAGS_FOLDER/mercado_dag.py', '--cfg-path', '/tmp/tmp6oytn8u0']
[2024-07-25T16:22:00.297-0300] {standard_task_runner.py:91} INFO - Job 2334: Subtask get_5m_info
[2024-07-25T16:22:00.335-0300] {task_command.py:426} INFO - Running <TaskInstance: Mercado_5m.get_5m_info scheduled__2024-07-25T00:00:00+00:00 [running]> on host Galaxybook.
[2024-07-25T16:22:00.395-0300] {taskinstance.py:2648} INFO - Exporting env vars: AIRFLOW_CTX_DAG_OWNER='airflow' AIRFLOW_CTX_DAG_ID='Mercado_5m' AIRFLOW_CTX_TASK_ID='get_5m_info' AIRFLOW_CTX_EXECUTION_DATE='2024-07-25T00:00:00+00:00' AIRFLOW_CTX_TRY_NUMBER='1' AIRFLOW_CTX_DAG_RUN_ID='scheduled__2024-07-25T00:00:00+00:00'
[2024-07-25T16:22:00.396-0300] {taskinstance.py:430} INFO - ::endgroup::
[2024-07-25T16:22:00.404-0300] {mercado_dag.py:22} INFO - To: 2024-07-25 00:05:00+00:00
[2024-07-25T16:22:00.405-0300] {mercado_dag.py:23} INFO - From: 2024-07-25 00:00:00+00:00
[2024-07-25T16:22:00.405-0300] {mercado_dag.py:24} INFO - To timestamp: 1721865900 
[2024-07-25T16:22:00.405-0300] {mercado_dag.py:25} INFO - From timestamp: 1721865600 
[2024-07-25T16:22:00.479-0300] {base.py:84} INFO - Using connection ID 'mercado_default' for task execution.
[2024-07-25T16:22:00.479-0300] {mercado_hook.py:31} INFO - URL: https://api.mercadobitcoin.net/api/v4/candles?symbol=BTC-BRL&resolution=5m&to=1721865900&from=1721865600
[2024-07-25T16:22:01.084-0300] {python.py:237} INFO - Done. Returned value was: None
[2024-07-25T16:22:01.084-0300] {taskinstance.py:441} INFO - ::group::Post task execution logs
[2024-07-25T16:22:01.087-0300] {taskinstance.py:1206} INFO - Marking task as SUCCESS. dag_id=Mercado_5m, task_id=get_5m_info, run_id=scheduled__2024-07-25T00:00:00+00:00, execution_date=20240725T000000, start_date=20240725T192200, end_date=20240725T192201
[2024-07-25T16:22:01.122-0300] {local_task_job_runner.py:243} INFO - Task exited with return code 0
[2024-07-25T16:22:01.132-0300] {taskinstance.py:3503} INFO - 0 downstream tasks scheduled from follow-on schedule check
[2024-07-25T16:22:01.132-0300] {local_task_job_runner.py:222} INFO - ::endgroup::
[2024-07-25T16:24:58.696-0300] {local_task_job_runner.py:120} INFO - ::group::Pre task execution logs
[2024-07-25T16:24:58.705-0300] {taskinstance.py:2076} INFO - Dependencies all met for dep_context=non-requeueable deps ti=<TaskInstance: Mercado_5m.get_5m_info scheduled__2024-07-25T00:00:00+00:00 [queued]>
[2024-07-25T16:24:58.710-0300] {taskinstance.py:2076} INFO - Dependencies all met for dep_context=requeueable deps ti=<TaskInstance: Mercado_5m.get_5m_info scheduled__2024-07-25T00:00:00+00:00 [queued]>
[2024-07-25T16:24:58.710-0300] {taskinstance.py:2306} INFO - Starting attempt 1 of 1
[2024-07-25T16:24:58.730-0300] {taskinstance.py:2330} INFO - Executing <Task(PythonOperator): get_5m_info> on 2024-07-25 00:00:00+00:00
[2024-07-25T16:24:58.733-0300] {standard_task_runner.py:64} INFO - Started process 2668013 to run task
[2024-07-25T16:24:58.736-0300] {standard_task_runner.py:90} INFO - Running: ['airflow', 'tasks', 'run', 'Mercado_5m', 'get_5m_info', 'scheduled__2024-07-25T00:00:00+00:00', '--job-id', '2416', '--raw', '--subdir', 'DAGS_FOLDER/mercado_dag.py', '--cfg-path', '/tmp/tmppxip6np9']
[2024-07-25T16:24:58.737-0300] {standard_task_runner.py:91} INFO - Job 2416: Subtask get_5m_info
[2024-07-25T16:24:58.775-0300] {task_command.py:426} INFO - Running <TaskInstance: Mercado_5m.get_5m_info scheduled__2024-07-25T00:00:00+00:00 [running]> on host Galaxybook.
[2024-07-25T16:24:58.843-0300] {taskinstance.py:2648} INFO - Exporting env vars: AIRFLOW_CTX_DAG_OWNER='airflow' AIRFLOW_CTX_DAG_ID='Mercado_5m' AIRFLOW_CTX_TASK_ID='get_5m_info' AIRFLOW_CTX_EXECUTION_DATE='2024-07-25T00:00:00+00:00' AIRFLOW_CTX_TRY_NUMBER='1' AIRFLOW_CTX_DAG_RUN_ID='scheduled__2024-07-25T00:00:00+00:00'
[2024-07-25T16:24:58.843-0300] {taskinstance.py:430} INFO - ::endgroup::
[2024-07-25T16:24:58.854-0300] {mercado_dag.py:22} INFO - To: 2024-07-25 00:05:00+00:00
[2024-07-25T16:24:58.854-0300] {mercado_dag.py:23} INFO - From: 2024-07-25 00:00:00+00:00
[2024-07-25T16:24:58.855-0300] {mercado_dag.py:24} INFO - To timestamp: 1721865900000 
[2024-07-25T16:24:58.855-0300] {mercado_dag.py:25} INFO - From timestamp: 1721865600000 
[2024-07-25T16:24:58.939-0300] {base.py:84} INFO - Using connection ID 'mercado_default' for task execution.
[2024-07-25T16:24:58.940-0300] {mercado_hook.py:31} INFO - URL: https://api.mercadobitcoin.net/api/v4/candles?symbol=BTC-BRL&resolution=5m&to=1721865900000&from=1721865600000
[2024-07-25T16:24:59.219-0300] {python.py:237} INFO - Done. Returned value was: None
[2024-07-25T16:24:59.220-0300] {taskinstance.py:441} INFO - ::group::Post task execution logs
[2024-07-25T16:24:59.223-0300] {taskinstance.py:1206} INFO - Marking task as SUCCESS. dag_id=Mercado_5m, task_id=get_5m_info, run_id=scheduled__2024-07-25T00:00:00+00:00, execution_date=20240725T000000, start_date=20240725T192458, end_date=20240725T192459
[2024-07-25T16:24:59.276-0300] {local_task_job_runner.py:243} INFO - Task exited with return code 0
[2024-07-25T16:24:59.285-0300] {taskinstance.py:3503} INFO - 0 downstream tasks scheduled from follow-on schedule check
[2024-07-25T16:24:59.285-0300] {local_task_job_runner.py:222} INFO - ::endgroup::
