[2024-07-25T14:52:18.972-0300] {local_task_job_runner.py:120} INFO - ::group::Pre task execution logs
[2024-07-25T14:52:18.979-0300] {taskinstance.py:2076} INFO - Dependencies all met for dep_context=non-requeueable deps ti=<TaskInstance: Binance_5m.get_5m_info scheduled__2024-07-25T11:55:00+00:00 [queued]>
[2024-07-25T14:52:18.983-0300] {taskinstance.py:2076} INFO - Dependencies all met for dep_context=requeueable deps ti=<TaskInstance: Binance_5m.get_5m_info scheduled__2024-07-25T11:55:00+00:00 [queued]>
[2024-07-25T14:52:18.984-0300] {taskinstance.py:2306} INFO - Starting attempt 1 of 1
[2024-07-25T14:52:18.999-0300] {taskinstance.py:2330} INFO - Executing <Task(PythonOperator): get_5m_info> on 2024-07-25 11:55:00+00:00
[2024-07-25T14:52:19.001-0300] {standard_task_runner.py:64} INFO - Started process 2611698 to run task
[2024-07-25T14:52:19.003-0300] {standard_task_runner.py:90} INFO - Running: ['airflow', 'tasks', 'run', 'Binance_5m', 'get_5m_info', 'scheduled__2024-07-25T11:55:00+00:00', '--job-id', '2235', '--raw', '--subdir', 'DAGS_FOLDER/binance_dag.py', '--cfg-path', '/tmp/tmp7qvcxv86']
[2024-07-25T14:52:19.004-0300] {standard_task_runner.py:91} INFO - Job 2235: Subtask get_5m_info
[2024-07-25T14:52:19.041-0300] {task_command.py:426} INFO - Running <TaskInstance: Binance_5m.get_5m_info scheduled__2024-07-25T11:55:00+00:00 [running]> on host Galaxybook.
[2024-07-25T14:52:19.108-0300] {taskinstance.py:2648} INFO - Exporting env vars: AIRFLOW_CTX_DAG_OWNER='airflow' AIRFLOW_CTX_DAG_ID='Binance_5m' AIRFLOW_CTX_TASK_ID='get_5m_info' AIRFLOW_CTX_EXECUTION_DATE='2024-07-25T11:55:00+00:00' AIRFLOW_CTX_TRY_NUMBER='1' AIRFLOW_CTX_DAG_RUN_ID='scheduled__2024-07-25T11:55:00+00:00'
[2024-07-25T14:52:19.109-0300] {taskinstance.py:430} INFO - ::endgroup::
[2024-07-25T14:52:19.120-0300] {binance_dag.py:23} INFO - End Time: 2024-07-25T12:00:00.00Z
[2024-07-25T14:52:19.120-0300] {binance_dag.py:24} INFO - Start Time: 2024-07-25T11:55:00.00Z
[2024-07-25T14:52:19.189-0300] {base.py:84} INFO - Using connection ID 'binance_default' for task execution.
[2024-07-25T14:52:19.189-0300] {logging_mixin.py:188} INFO - https://api.binance.com
[2024-07-25T14:52:19.190-0300] {binance_hook.py:35} INFO - URL: https://api.binance.com/api/v3/klines?symbol=BTCBRL&interval=5m&startTime=1721919300000&endTime=1721919599999
[2024-07-25T14:52:19.648-0300] {binance_dag.py:43} INFO - r: [[1721919300000, '367080.00000000', '367985.00000000', '366978.00000000', '367985.00000000', '0.49147000', 1721919599999, '180644.19833000', 107, '0.36766000', '135138.53938000', '0']]
[2024-07-25T14:52:19.650-0300] {python.py:237} INFO - Done. Returned value was: None
[2024-07-25T14:52:19.651-0300] {taskinstance.py:441} INFO - ::group::Post task execution logs
[2024-07-25T14:52:19.653-0300] {taskinstance.py:1206} INFO - Marking task as SUCCESS. dag_id=Binance_5m, task_id=get_5m_info, run_id=scheduled__2024-07-25T11:55:00+00:00, execution_date=20240725T115500, start_date=20240725T175218, end_date=20240725T175219
[2024-07-25T14:52:19.708-0300] {local_task_job_runner.py:243} INFO - Task exited with return code 0
[2024-07-25T14:52:19.717-0300] {taskinstance.py:3503} INFO - 0 downstream tasks scheduled from follow-on schedule check
[2024-07-25T14:52:19.718-0300] {local_task_job_runner.py:222} INFO - ::endgroup::
[2024-07-25T15:22:13.751-0300] {local_task_job_runner.py:120} INFO - ::group::Pre task execution logs
[2024-07-25T15:22:13.756-0300] {taskinstance.py:2076} INFO - Dependencies all met for dep_context=non-requeueable deps ti=<TaskInstance: Binance_5m.get_5m_info scheduled__2024-07-25T11:55:00+00:00 [queued]>
[2024-07-25T15:22:13.759-0300] {taskinstance.py:2076} INFO - Dependencies all met for dep_context=requeueable deps ti=<TaskInstance: Binance_5m.get_5m_info scheduled__2024-07-25T11:55:00+00:00 [queued]>
[2024-07-25T15:22:13.759-0300] {taskinstance.py:2306} INFO - Starting attempt 1 of 1
[2024-07-25T15:22:13.772-0300] {taskinstance.py:2330} INFO - Executing <Task(PythonOperator): get_5m_info> on 2024-07-25 11:55:00+00:00
[2024-07-25T15:22:13.774-0300] {standard_task_runner.py:64} INFO - Started process 2633929 to run task
[2024-07-25T15:22:13.776-0300] {standard_task_runner.py:90} INFO - Running: ['airflow', 'tasks', 'run', 'Binance_5m', 'get_5m_info', 'scheduled__2024-07-25T11:55:00+00:00', '--job-id', '2678', '--raw', '--subdir', 'DAGS_FOLDER/binance_dag.py', '--cfg-path', '/tmp/tmpq__rt0xw']
[2024-07-25T15:22:13.777-0300] {standard_task_runner.py:91} INFO - Job 2678: Subtask get_5m_info
[2024-07-25T15:22:13.800-0300] {task_command.py:426} INFO - Running <TaskInstance: Binance_5m.get_5m_info scheduled__2024-07-25T11:55:00+00:00 [running]> on host Galaxybook.
[2024-07-25T15:22:13.852-0300] {taskinstance.py:2648} INFO - Exporting env vars: AIRFLOW_CTX_DAG_OWNER='airflow' AIRFLOW_CTX_DAG_ID='Binance_5m' AIRFLOW_CTX_TASK_ID='get_5m_info' AIRFLOW_CTX_EXECUTION_DATE='2024-07-25T11:55:00+00:00' AIRFLOW_CTX_TRY_NUMBER='1' AIRFLOW_CTX_DAG_RUN_ID='scheduled__2024-07-25T11:55:00+00:00'
[2024-07-25T15:22:13.853-0300] {taskinstance.py:430} INFO - ::endgroup::
[2024-07-25T15:22:13.861-0300] {binance_dag.py:23} INFO - End Time: 2024-07-25T12:00:00.00Z
[2024-07-25T15:22:13.861-0300] {binance_dag.py:24} INFO - Start Time: 2024-07-25T11:55:00.00Z
[2024-07-25T15:22:13.918-0300] {binance_dag.py:25} INFO - 1721919300000
[2024-07-25T15:22:13.921-0300] {base.py:84} INFO - Using connection ID 'binance_default' for task execution.
[2024-07-25T15:22:13.921-0300] {logging_mixin.py:188} INFO - https://api.binance.com
[2024-07-25T15:22:13.921-0300] {binance_hook.py:35} INFO - URL: https://api.binance.com/api/v3/klines?symbol=BTCBRL&interval=5m&startTime=1721919300000&endTime=1721919599999
[2024-07-25T15:22:14.318-0300] {python.py:237} INFO - Done. Returned value was: None
[2024-07-25T15:22:14.319-0300] {taskinstance.py:441} INFO - ::group::Post task execution logs
[2024-07-25T15:22:14.321-0300] {taskinstance.py:1206} INFO - Marking task as SUCCESS. dag_id=Binance_5m, task_id=get_5m_info, run_id=scheduled__2024-07-25T11:55:00+00:00, execution_date=20240725T115500, start_date=20240725T182213, end_date=20240725T182214
[2024-07-25T15:22:14.359-0300] {local_task_job_runner.py:243} INFO - Task exited with return code 0
[2024-07-25T15:22:14.365-0300] {taskinstance.py:3503} INFO - 0 downstream tasks scheduled from follow-on schedule check
[2024-07-25T15:22:14.365-0300] {local_task_job_runner.py:222} INFO - ::endgroup::
[2024-07-25T16:19:48.833-0300] {local_task_job_runner.py:120} INFO - ::group::Pre task execution logs
[2024-07-25T16:19:48.838-0300] {taskinstance.py:2076} INFO - Dependencies all met for dep_context=non-requeueable deps ti=<TaskInstance: Binance_5m.get_5m_info scheduled__2024-07-25T11:55:00+00:00 [queued]>
[2024-07-25T16:19:48.841-0300] {taskinstance.py:2076} INFO - Dependencies all met for dep_context=requeueable deps ti=<TaskInstance: Binance_5m.get_5m_info scheduled__2024-07-25T11:55:00+00:00 [queued]>
[2024-07-25T16:19:48.842-0300] {taskinstance.py:2306} INFO - Starting attempt 1 of 1
[2024-07-25T16:19:48.854-0300] {taskinstance.py:2330} INFO - Executing <Task(PythonOperator): get_5m_info> on 2024-07-25 11:55:00+00:00
[2024-07-25T16:19:48.855-0300] {standard_task_runner.py:64} INFO - Started process 2662824 to run task
[2024-07-25T16:19:48.858-0300] {standard_task_runner.py:90} INFO - Running: ['airflow', 'tasks', 'run', 'Binance_5m', 'get_5m_info', 'scheduled__2024-07-25T11:55:00+00:00', '--job-id', '2268', '--raw', '--subdir', 'DAGS_FOLDER/binance_dag.py', '--cfg-path', '/tmp/tmp268s82jr']
[2024-07-25T16:19:48.859-0300] {standard_task_runner.py:91} INFO - Job 2268: Subtask get_5m_info
[2024-07-25T16:19:48.885-0300] {task_command.py:426} INFO - Running <TaskInstance: Binance_5m.get_5m_info scheduled__2024-07-25T11:55:00+00:00 [running]> on host Galaxybook.
[2024-07-25T16:19:48.944-0300] {taskinstance.py:2648} INFO - Exporting env vars: AIRFLOW_CTX_DAG_OWNER='airflow' AIRFLOW_CTX_DAG_ID='Binance_5m' AIRFLOW_CTX_TASK_ID='get_5m_info' AIRFLOW_CTX_EXECUTION_DATE='2024-07-25T11:55:00+00:00' AIRFLOW_CTX_TRY_NUMBER='1' AIRFLOW_CTX_DAG_RUN_ID='scheduled__2024-07-25T11:55:00+00:00'
[2024-07-25T16:19:48.944-0300] {taskinstance.py:430} INFO - ::endgroup::
[2024-07-25T16:19:48.952-0300] {binance_dag.py:22} INFO - End Time: 2024-07-25 12:00:00+00:00
[2024-07-25T16:19:48.952-0300] {binance_dag.py:23} INFO - Start Time: 2024-07-25 11:55:00+00:00
[2024-07-25T16:19:48.952-0300] {binance_dag.py:24} INFO - Start timestamp: 1721908500000
[2024-07-25T16:19:48.952-0300] {binance_dag.py:25} INFO - End timestamp: 1721908800000
[2024-07-25T16:19:49.014-0300] {base.py:84} INFO - Using connection ID 'binance_default' for task execution.
[2024-07-25T16:19:49.015-0300] {logging_mixin.py:188} INFO - https://api.binance.com
[2024-07-25T16:19:49.015-0300] {binance_hook.py:35} INFO - URL: https://api.binance.com/api/v3/klines?symbol=BTCBRL&interval=5m&startTime=1721908500000&endTime=1721908799999&timeZone=-3
[2024-07-25T16:19:49.415-0300] {python.py:237} INFO - Done. Returned value was: None
[2024-07-25T16:19:49.416-0300] {taskinstance.py:441} INFO - ::group::Post task execution logs
[2024-07-25T16:19:49.420-0300] {taskinstance.py:1206} INFO - Marking task as SUCCESS. dag_id=Binance_5m, task_id=get_5m_info, run_id=scheduled__2024-07-25T11:55:00+00:00, execution_date=20240725T115500, start_date=20240725T191948, end_date=20240725T191949
[2024-07-25T16:19:49.479-0300] {local_task_job_runner.py:243} INFO - Task exited with return code 0
[2024-07-25T16:19:49.485-0300] {taskinstance.py:3503} INFO - 0 downstream tasks scheduled from follow-on schedule check
[2024-07-25T16:19:49.486-0300] {local_task_job_runner.py:222} INFO - ::endgroup::
