[2024-07-25T15:14:37.294-0300] {local_task_job_runner.py:120} INFO - ::group::Pre task execution logs
[2024-07-25T15:14:37.299-0300] {taskinstance.py:2076} INFO - Dependencies all met for dep_context=non-requeueable deps ti=<TaskInstance: Binance_5m.get_5m_info manual__2024-07-25T18:14:35.654478+00:00 [queued]>
[2024-07-25T15:14:37.302-0300] {taskinstance.py:2076} INFO - Dependencies all met for dep_context=requeueable deps ti=<TaskInstance: Binance_5m.get_5m_info manual__2024-07-25T18:14:35.654478+00:00 [queued]>
[2024-07-25T15:14:37.302-0300] {taskinstance.py:2306} INFO - Starting attempt 1 of 1
[2024-07-25T15:14:37.315-0300] {taskinstance.py:2330} INFO - Executing <Task(PythonOperator): get_5m_info> on 2024-07-25 18:14:35.654478+00:00
[2024-07-25T15:14:37.316-0300] {standard_task_runner.py:64} INFO - Started process 2627095 to run task
[2024-07-25T15:14:37.319-0300] {standard_task_runner.py:90} INFO - Running: ['airflow', 'tasks', 'run', 'Binance_5m', 'get_5m_info', 'manual__2024-07-25T18:14:35.654478+00:00', '--job-id', '2533', '--raw', '--subdir', 'DAGS_FOLDER/binance_dag.py', '--cfg-path', '/tmp/tmpnxomtaej']
[2024-07-25T15:14:37.320-0300] {standard_task_runner.py:91} INFO - Job 2533: Subtask get_5m_info
[2024-07-25T15:14:37.347-0300] {task_command.py:426} INFO - Running <TaskInstance: Binance_5m.get_5m_info manual__2024-07-25T18:14:35.654478+00:00 [running]> on host Galaxybook.
[2024-07-25T15:14:37.405-0300] {taskinstance.py:2648} INFO - Exporting env vars: AIRFLOW_CTX_DAG_OWNER='airflow' AIRFLOW_CTX_DAG_ID='Binance_5m' AIRFLOW_CTX_TASK_ID='get_5m_info' AIRFLOW_CTX_EXECUTION_DATE='2024-07-25T18:14:35.654478+00:00' AIRFLOW_CTX_TRY_NUMBER='1' AIRFLOW_CTX_DAG_RUN_ID='manual__2024-07-25T18:14:35.654478+00:00'
[2024-07-25T15:14:37.406-0300] {taskinstance.py:430} INFO - ::endgroup::
[2024-07-25T15:14:37.416-0300] {binance_dag.py:25} INFO - End Time: 2024-07-25T18:10:00.00Z
[2024-07-25T15:14:37.416-0300] {binance_dag.py:26} INFO - Start Time: 2024-07-25T18:05:00.00Z
[2024-07-25T15:14:37.492-0300] {binance_dag.py:20} INFO - dt:
[2024-07-25T15:14:37.492-0300] {binance_dag.py:21} INFO - 2024-07-25 18:05:00
[2024-07-25T15:14:37.492-0300] {binance_dag.py:20} INFO - dt:
[2024-07-25T15:14:37.492-0300] {binance_dag.py:21} INFO - 2024-07-25 18:10:00
[2024-07-25T15:14:37.495-0300] {base.py:84} INFO - Using connection ID 'binance_default' for task execution.
[2024-07-25T15:14:37.495-0300] {logging_mixin.py:188} INFO - https://api.binance.com
[2024-07-25T15:14:37.496-0300] {binance_hook.py:35} INFO - URL: https://api.binance.com/api/v3/klines?symbol=BTCBRL&interval=5m&startTime=1721941500000&endTime=1721941799999
[2024-07-25T15:14:37.924-0300] {binance_dag.py:45} INFO - r: []
[2024-07-25T15:14:37.925-0300] {python.py:237} INFO - Done. Returned value was: None
[2024-07-25T15:14:37.926-0300] {taskinstance.py:441} INFO - ::group::Post task execution logs
[2024-07-25T15:14:37.928-0300] {taskinstance.py:1206} INFO - Marking task as SUCCESS. dag_id=Binance_5m, task_id=get_5m_info, run_id=manual__2024-07-25T18:14:35.654478+00:00, execution_date=20240725T181435, start_date=20240725T181437, end_date=20240725T181437
[2024-07-25T15:14:37.982-0300] {local_task_job_runner.py:243} INFO - Task exited with return code 0
[2024-07-25T15:14:37.988-0300] {taskinstance.py:3503} INFO - 0 downstream tasks scheduled from follow-on schedule check
[2024-07-25T15:14:37.988-0300] {local_task_job_runner.py:222} INFO - ::endgroup::
