[2024-07-25T10:00:27.310-0300] {local_task_job_runner.py:120} INFO - ::group::Pre task execution logs
[2024-07-25T10:00:27.316-0300] {taskinstance.py:2076} INFO - Dependencies all met for dep_context=non-requeueable deps ti=<TaskInstance: Mercado_1m.get_1m_info scheduled__2024-07-25T11:54:00+00:00 [queued]>
[2024-07-25T10:00:27.320-0300] {taskinstance.py:2076} INFO - Dependencies all met for dep_context=requeueable deps ti=<TaskInstance: Mercado_1m.get_1m_info scheduled__2024-07-25T11:54:00+00:00 [queued]>
[2024-07-25T10:00:27.320-0300] {taskinstance.py:2306} INFO - Starting attempt 1 of 1
[2024-07-25T10:00:27.333-0300] {taskinstance.py:2330} INFO - Executing <Task(PythonOperator): get_1m_info> on 2024-07-25 11:54:00+00:00
[2024-07-25T10:00:27.335-0300] {standard_task_runner.py:64} INFO - Started process 2445554 to run task
[2024-07-25T10:00:27.337-0300] {standard_task_runner.py:90} INFO - Running: ['airflow', 'tasks', 'run', 'Mercado_1m', 'get_1m_info', 'scheduled__2024-07-25T11:54:00+00:00', '--job-id', '1953', '--raw', '--subdir', 'DAGS_FOLDER/mercado_dag.py', '--cfg-path', '/tmp/tmp6zp69yzv']
[2024-07-25T10:00:27.338-0300] {standard_task_runner.py:91} INFO - Job 1953: Subtask get_1m_info
[2024-07-25T10:00:27.369-0300] {task_command.py:426} INFO - Running <TaskInstance: Mercado_1m.get_1m_info scheduled__2024-07-25T11:54:00+00:00 [running]> on host Galaxybook.
[2024-07-25T10:00:27.424-0300] {taskinstance.py:2648} INFO - Exporting env vars: AIRFLOW_CTX_DAG_OWNER='airflow' AIRFLOW_CTX_DAG_ID='Mercado_1m' AIRFLOW_CTX_TASK_ID='get_1m_info' AIRFLOW_CTX_EXECUTION_DATE='2024-07-25T11:54:00+00:00' AIRFLOW_CTX_TRY_NUMBER='1' AIRFLOW_CTX_DAG_RUN_ID='scheduled__2024-07-25T11:54:00+00:00'
[2024-07-25T10:00:27.425-0300] {taskinstance.py:430} INFO - ::endgroup::
[2024-07-25T10:00:27.492-0300] {base.py:84} INFO - Using connection ID 'mercado_default' for task execution.
[2024-07-25T10:00:27.492-0300] {mercado_hook.py:26} INFO - BASE URL: https://api.mercadobitcoin.net/api/v4
[2024-07-25T10:00:27.492-0300] {mercado_hook.py:32} INFO - URL: https://api.mercadobitcoin.net/api/v4/candles?symbol=BTC-BRL&resolution=1m&to=1721912367433&from=1721912427433
[2024-07-25T10:00:27.770-0300] {python.py:237} INFO - Done. Returned value was: None
[2024-07-25T10:00:27.770-0300] {taskinstance.py:441} INFO - ::group::Post task execution logs
[2024-07-25T10:00:27.772-0300] {taskinstance.py:1206} INFO - Marking task as SUCCESS. dag_id=Mercado_1m, task_id=get_1m_info, run_id=scheduled__2024-07-25T11:54:00+00:00, execution_date=20240725T115400, start_date=20240725T130027, end_date=20240725T130027
[2024-07-25T10:00:27.800-0300] {local_task_job_runner.py:243} INFO - Task exited with return code 0
[2024-07-25T10:00:27.806-0300] {taskinstance.py:3503} INFO - 0 downstream tasks scheduled from follow-on schedule check
[2024-07-25T10:00:27.806-0300] {local_task_job_runner.py:222} INFO - ::endgroup::
[2024-07-25T10:59:54.835-0300] {local_task_job_runner.py:120} INFO - ::group::Pre task execution logs
[2024-07-25T10:59:54.841-0300] {taskinstance.py:2076} INFO - Dependencies all met for dep_context=non-requeueable deps ti=<TaskInstance: Mercado_1m.get_1m_info scheduled__2024-07-25T11:54:00+00:00 [queued]>
[2024-07-25T10:59:54.844-0300] {taskinstance.py:2076} INFO - Dependencies all met for dep_context=requeueable deps ti=<TaskInstance: Mercado_1m.get_1m_info scheduled__2024-07-25T11:54:00+00:00 [queued]>
[2024-07-25T10:59:54.845-0300] {taskinstance.py:2306} INFO - Starting attempt 1 of 1
[2024-07-25T10:59:54.858-0300] {taskinstance.py:2330} INFO - Executing <Task(PythonOperator): get_1m_info> on 2024-07-25 11:54:00+00:00
[2024-07-25T10:59:54.860-0300] {standard_task_runner.py:64} INFO - Started process 2481644 to run task
[2024-07-25T10:59:54.862-0300] {standard_task_runner.py:90} INFO - Running: ['airflow', 'tasks', 'run', 'Mercado_1m', 'get_1m_info', 'scheduled__2024-07-25T11:54:00+00:00', '--job-id', '1889', '--raw', '--subdir', 'DAGS_FOLDER/mercado_dag.py', '--cfg-path', '/tmp/tmpdyjj0k70']
[2024-07-25T10:59:54.863-0300] {standard_task_runner.py:91} INFO - Job 1889: Subtask get_1m_info
[2024-07-25T10:59:54.891-0300] {task_command.py:426} INFO - Running <TaskInstance: Mercado_1m.get_1m_info scheduled__2024-07-25T11:54:00+00:00 [running]> on host Galaxybook.
[2024-07-25T10:59:54.943-0300] {taskinstance.py:2648} INFO - Exporting env vars: AIRFLOW_CTX_DAG_OWNER='airflow' AIRFLOW_CTX_DAG_ID='Mercado_1m' AIRFLOW_CTX_TASK_ID='get_1m_info' AIRFLOW_CTX_EXECUTION_DATE='2024-07-25T11:54:00+00:00' AIRFLOW_CTX_TRY_NUMBER='1' AIRFLOW_CTX_DAG_RUN_ID='scheduled__2024-07-25T11:54:00+00:00'
[2024-07-25T10:59:54.944-0300] {taskinstance.py:430} INFO - ::endgroup::
[2024-07-25T10:59:55.004-0300] {base.py:84} INFO - Using connection ID 'mercado_default' for task execution.
[2024-07-25T10:59:55.004-0300] {mercado_hook.py:31} INFO - URL: https://api.mercadobitcoin.net/api/v4/candles?symbol=BTC-BRL&resolution=1m&to=1721915994952&countback=1
[2024-07-25T10:59:55.274-0300] {python.py:237} INFO - Done. Returned value was: None
[2024-07-25T10:59:55.275-0300] {taskinstance.py:441} INFO - ::group::Post task execution logs
[2024-07-25T10:59:55.277-0300] {taskinstance.py:1206} INFO - Marking task as SUCCESS. dag_id=Mercado_1m, task_id=get_1m_info, run_id=scheduled__2024-07-25T11:54:00+00:00, execution_date=20240725T115400, start_date=20240725T135954, end_date=20240725T135955
[2024-07-25T10:59:55.322-0300] {local_task_job_runner.py:243} INFO - Task exited with return code 0
[2024-07-25T10:59:55.329-0300] {taskinstance.py:3503} INFO - 0 downstream tasks scheduled from follow-on schedule check
[2024-07-25T10:59:55.329-0300] {local_task_job_runner.py:222} INFO - ::endgroup::
