[2024-07-25T14:55:17.234-0300] {local_task_job_runner.py:120} INFO - ::group::Pre task execution logs
[2024-07-25T14:55:17.240-0300] {taskinstance.py:2076} INFO - Dependencies all met for dep_context=non-requeueable deps ti=<TaskInstance: Binance_5m.get_5m_info scheduled__2024-07-25T17:25:00+00:00 [queued]>
[2024-07-25T14:55:17.244-0300] {taskinstance.py:2076} INFO - Dependencies all met for dep_context=requeueable deps ti=<TaskInstance: Binance_5m.get_5m_info scheduled__2024-07-25T17:25:00+00:00 [queued]>
[2024-07-25T14:55:17.244-0300] {taskinstance.py:2306} INFO - Starting attempt 1 of 1
[2024-07-25T14:55:17.259-0300] {taskinstance.py:2330} INFO - Executing <Task(PythonOperator): get_5m_info> on 2024-07-25 17:25:00+00:00
[2024-07-25T14:55:17.261-0300] {standard_task_runner.py:64} INFO - Started process 2614742 to run task
[2024-07-25T14:55:17.264-0300] {standard_task_runner.py:90} INFO - Running: ['airflow', 'tasks', 'run', 'Binance_5m', 'get_5m_info', 'scheduled__2024-07-25T17:25:00+00:00', '--job-id', '2320', '--raw', '--subdir', 'DAGS_FOLDER/binance_dag.py', '--cfg-path', '/tmp/tmpejlifoyj']
[2024-07-25T14:55:17.265-0300] {standard_task_runner.py:91} INFO - Job 2320: Subtask get_5m_info
[2024-07-25T14:55:17.295-0300] {task_command.py:426} INFO - Running <TaskInstance: Binance_5m.get_5m_info scheduled__2024-07-25T17:25:00+00:00 [running]> on host Galaxybook.
[2024-07-25T14:55:17.354-0300] {taskinstance.py:2648} INFO - Exporting env vars: AIRFLOW_CTX_DAG_OWNER='airflow' AIRFLOW_CTX_DAG_ID='Binance_5m' AIRFLOW_CTX_TASK_ID='get_5m_info' AIRFLOW_CTX_EXECUTION_DATE='2024-07-25T17:25:00+00:00' AIRFLOW_CTX_TRY_NUMBER='1' AIRFLOW_CTX_DAG_RUN_ID='scheduled__2024-07-25T17:25:00+00:00'
[2024-07-25T14:55:17.355-0300] {taskinstance.py:430} INFO - ::endgroup::
[2024-07-25T14:55:17.366-0300] {binance_dag.py:23} INFO - End Time: 2024-07-25T17:30:00.00Z
[2024-07-25T14:55:17.366-0300] {binance_dag.py:24} INFO - Start Time: 2024-07-25T17:25:00.00Z
[2024-07-25T14:55:17.441-0300] {base.py:84} INFO - Using connection ID 'binance_default' for task execution.
[2024-07-25T14:55:17.441-0300] {logging_mixin.py:188} INFO - https://api.binance.com
[2024-07-25T14:55:17.442-0300] {binance_hook.py:35} INFO - URL: https://api.binance.com/api/v3/klines?symbol=BTCBRL&interval=5m&startTime=1721939100000&endTime=1721939399999
[2024-07-25T14:55:17.873-0300] {binance_dag.py:43} INFO - r: []
[2024-07-25T14:55:17.874-0300] {python.py:237} INFO - Done. Returned value was: None
[2024-07-25T14:55:17.875-0300] {taskinstance.py:441} INFO - ::group::Post task execution logs
[2024-07-25T14:55:17.878-0300] {taskinstance.py:1206} INFO - Marking task as SUCCESS. dag_id=Binance_5m, task_id=get_5m_info, run_id=scheduled__2024-07-25T17:25:00+00:00, execution_date=20240725T172500, start_date=20240725T175517, end_date=20240725T175517
[2024-07-25T14:55:17.930-0300] {local_task_job_runner.py:243} INFO - Task exited with return code 0
[2024-07-25T14:55:17.938-0300] {taskinstance.py:3503} INFO - 0 downstream tasks scheduled from follow-on schedule check
[2024-07-25T14:55:17.939-0300] {local_task_job_runner.py:222} INFO - ::endgroup::
[2024-07-25T15:24:38.526-0300] {local_task_job_runner.py:120} INFO - ::group::Pre task execution logs
[2024-07-25T15:24:38.533-0300] {taskinstance.py:2076} INFO - Dependencies all met for dep_context=non-requeueable deps ti=<TaskInstance: Binance_5m.get_5m_info scheduled__2024-07-25T17:25:00+00:00 [queued]>
[2024-07-25T15:24:38.536-0300] {taskinstance.py:2076} INFO - Dependencies all met for dep_context=requeueable deps ti=<TaskInstance: Binance_5m.get_5m_info scheduled__2024-07-25T17:25:00+00:00 [queued]>
[2024-07-25T15:24:38.536-0300] {taskinstance.py:2306} INFO - Starting attempt 1 of 1
[2024-07-25T15:24:38.548-0300] {taskinstance.py:2330} INFO - Executing <Task(PythonOperator): get_5m_info> on 2024-07-25 17:25:00+00:00
[2024-07-25T15:24:38.550-0300] {standard_task_runner.py:64} INFO - Started process 2636350 to run task
[2024-07-25T15:24:38.552-0300] {standard_task_runner.py:90} INFO - Running: ['airflow', 'tasks', 'run', 'Binance_5m', 'get_5m_info', 'scheduled__2024-07-25T17:25:00+00:00', '--job-id', '2744', '--raw', '--subdir', 'DAGS_FOLDER/binance_dag.py', '--cfg-path', '/tmp/tmptn0syx7o']
[2024-07-25T15:24:38.553-0300] {standard_task_runner.py:91} INFO - Job 2744: Subtask get_5m_info
[2024-07-25T15:24:38.577-0300] {task_command.py:426} INFO - Running <TaskInstance: Binance_5m.get_5m_info scheduled__2024-07-25T17:25:00+00:00 [running]> on host Galaxybook.
[2024-07-25T15:24:38.627-0300] {taskinstance.py:2648} INFO - Exporting env vars: AIRFLOW_CTX_DAG_OWNER='airflow' AIRFLOW_CTX_DAG_ID='Binance_5m' AIRFLOW_CTX_TASK_ID='get_5m_info' AIRFLOW_CTX_EXECUTION_DATE='2024-07-25T17:25:00+00:00' AIRFLOW_CTX_TRY_NUMBER='1' AIRFLOW_CTX_DAG_RUN_ID='scheduled__2024-07-25T17:25:00+00:00'
[2024-07-25T15:24:38.627-0300] {taskinstance.py:430} INFO - ::endgroup::
[2024-07-25T15:24:38.634-0300] {binance_dag.py:23} INFO - End Time: 2024-07-25T17:30:00.00Z
[2024-07-25T15:24:38.634-0300] {binance_dag.py:24} INFO - Start Time: 2024-07-25T17:25:00.00Z
[2024-07-25T15:24:38.685-0300] {binance_dag.py:25} INFO - 1721939100000
[2024-07-25T15:24:38.687-0300] {base.py:84} INFO - Using connection ID 'binance_default' for task execution.
[2024-07-25T15:24:38.687-0300] {logging_mixin.py:188} INFO - https://api.binance.com
[2024-07-25T15:24:38.688-0300] {binance_hook.py:35} INFO - URL: https://api.binance.com/api/v3/klines?symbol=BTCBRL&interval=5m&startTime=1721939100000&endTime=1721939399999
[2024-07-25T15:24:39.363-0300] {python.py:237} INFO - Done. Returned value was: None
[2024-07-25T15:24:39.363-0300] {taskinstance.py:441} INFO - ::group::Post task execution logs
[2024-07-25T15:24:39.365-0300] {taskinstance.py:1206} INFO - Marking task as SUCCESS. dag_id=Binance_5m, task_id=get_5m_info, run_id=scheduled__2024-07-25T17:25:00+00:00, execution_date=20240725T172500, start_date=20240725T182438, end_date=20240725T182439
[2024-07-25T15:24:39.379-0300] {local_task_job_runner.py:243} INFO - Task exited with return code 0
[2024-07-25T15:24:39.385-0300] {taskinstance.py:3503} INFO - 0 downstream tasks scheduled from follow-on schedule check
[2024-07-25T15:24:39.385-0300] {local_task_job_runner.py:222} INFO - ::endgroup::
[2024-07-25T16:23:47.086-0300] {local_task_job_runner.py:120} INFO - ::group::Pre task execution logs
[2024-07-25T16:23:47.094-0300] {taskinstance.py:2076} INFO - Dependencies all met for dep_context=non-requeueable deps ti=<TaskInstance: Binance_5m.get_5m_info scheduled__2024-07-25T17:25:00+00:00 [queued]>
[2024-07-25T16:23:47.099-0300] {taskinstance.py:2076} INFO - Dependencies all met for dep_context=requeueable deps ti=<TaskInstance: Binance_5m.get_5m_info scheduled__2024-07-25T17:25:00+00:00 [queued]>
[2024-07-25T16:23:47.099-0300] {taskinstance.py:2306} INFO - Starting attempt 1 of 1
[2024-07-25T16:23:47.116-0300] {taskinstance.py:2330} INFO - Executing <Task(PythonOperator): get_5m_info> on 2024-07-25 17:25:00+00:00
[2024-07-25T16:23:47.119-0300] {standard_task_runner.py:64} INFO - Started process 2666830 to run task
[2024-07-25T16:23:47.121-0300] {standard_task_runner.py:90} INFO - Running: ['airflow', 'tasks', 'run', 'Binance_5m', 'get_5m_info', 'scheduled__2024-07-25T17:25:00+00:00', '--job-id', '2389', '--raw', '--subdir', 'DAGS_FOLDER/binance_dag.py', '--cfg-path', '/tmp/tmpc02rajt0']
[2024-07-25T16:23:47.123-0300] {standard_task_runner.py:91} INFO - Job 2389: Subtask get_5m_info
[2024-07-25T16:23:47.160-0300] {task_command.py:426} INFO - Running <TaskInstance: Binance_5m.get_5m_info scheduled__2024-07-25T17:25:00+00:00 [running]> on host Galaxybook.
[2024-07-25T16:23:47.232-0300] {taskinstance.py:2648} INFO - Exporting env vars: AIRFLOW_CTX_DAG_OWNER='airflow' AIRFLOW_CTX_DAG_ID='Binance_5m' AIRFLOW_CTX_TASK_ID='get_5m_info' AIRFLOW_CTX_EXECUTION_DATE='2024-07-25T17:25:00+00:00' AIRFLOW_CTX_TRY_NUMBER='1' AIRFLOW_CTX_DAG_RUN_ID='scheduled__2024-07-25T17:25:00+00:00'
[2024-07-25T16:23:47.233-0300] {taskinstance.py:430} INFO - ::endgroup::
[2024-07-25T16:23:47.244-0300] {binance_dag.py:22} INFO - End Time: 2024-07-25 17:30:00+00:00
[2024-07-25T16:23:47.244-0300] {binance_dag.py:23} INFO - Start Time: 2024-07-25 17:25:00+00:00
[2024-07-25T16:23:47.245-0300] {binance_dag.py:24} INFO - Start timestamp: 1721928300000
[2024-07-25T16:23:47.245-0300] {binance_dag.py:25} INFO - End timestamp: 1721928600000
[2024-07-25T16:23:47.327-0300] {base.py:84} INFO - Using connection ID 'binance_default' for task execution.
[2024-07-25T16:23:47.327-0300] {logging_mixin.py:188} INFO - https://api.binance.com
[2024-07-25T16:23:47.328-0300] {binance_hook.py:35} INFO - URL: https://api.binance.com/api/v3/klines?symbol=BTCBRL&interval=5m&startTime=1721928300000&endTime=1721928599999&timeZone=-3
[2024-07-25T16:23:47.730-0300] {python.py:237} INFO - Done. Returned value was: None
[2024-07-25T16:23:47.731-0300] {taskinstance.py:441} INFO - ::group::Post task execution logs
[2024-07-25T16:23:47.734-0300] {taskinstance.py:1206} INFO - Marking task as SUCCESS. dag_id=Binance_5m, task_id=get_5m_info, run_id=scheduled__2024-07-25T17:25:00+00:00, execution_date=20240725T172500, start_date=20240725T192347, end_date=20240725T192347
[2024-07-25T16:23:47.784-0300] {local_task_job_runner.py:243} INFO - Task exited with return code 0
[2024-07-25T16:23:47.791-0300] {taskinstance.py:3503} INFO - 0 downstream tasks scheduled from follow-on schedule check
[2024-07-25T16:23:47.792-0300] {local_task_job_runner.py:222} INFO - ::endgroup::
