[2024-07-25T14:55:28.149-0300] {local_task_job_runner.py:120} INFO - ::group::Pre task execution logs
[2024-07-25T14:55:28.153-0300] {taskinstance.py:2076} INFO - Dependencies all met for dep_context=non-requeueable deps ti=<TaskInstance: Binance_5m.get_5m_info scheduled__2024-07-25T17:40:00+00:00 [queued]>
[2024-07-25T14:55:28.157-0300] {taskinstance.py:2076} INFO - Dependencies all met for dep_context=requeueable deps ti=<TaskInstance: Binance_5m.get_5m_info scheduled__2024-07-25T17:40:00+00:00 [queued]>
[2024-07-25T14:55:28.157-0300] {taskinstance.py:2306} INFO - Starting attempt 1 of 1
[2024-07-25T14:55:28.172-0300] {taskinstance.py:2330} INFO - Executing <Task(PythonOperator): get_5m_info> on 2024-07-25 17:40:00+00:00
[2024-07-25T14:55:28.173-0300] {standard_task_runner.py:64} INFO - Started process 2614910 to run task
[2024-07-25T14:55:28.176-0300] {standard_task_runner.py:90} INFO - Running: ['airflow', 'tasks', 'run', 'Binance_5m', 'get_5m_info', 'scheduled__2024-07-25T17:40:00+00:00', '--job-id', '2326', '--raw', '--subdir', 'DAGS_FOLDER/binance_dag.py', '--cfg-path', '/tmp/tmp6tnv8e0h']
[2024-07-25T14:55:28.177-0300] {standard_task_runner.py:91} INFO - Job 2326: Subtask get_5m_info
[2024-07-25T14:55:28.203-0300] {task_command.py:426} INFO - Running <TaskInstance: Binance_5m.get_5m_info scheduled__2024-07-25T17:40:00+00:00 [running]> on host Galaxybook.
[2024-07-25T14:55:28.261-0300] {taskinstance.py:2648} INFO - Exporting env vars: AIRFLOW_CTX_DAG_OWNER='airflow' AIRFLOW_CTX_DAG_ID='Binance_5m' AIRFLOW_CTX_TASK_ID='get_5m_info' AIRFLOW_CTX_EXECUTION_DATE='2024-07-25T17:40:00+00:00' AIRFLOW_CTX_TRY_NUMBER='1' AIRFLOW_CTX_DAG_RUN_ID='scheduled__2024-07-25T17:40:00+00:00'
[2024-07-25T14:55:28.262-0300] {taskinstance.py:430} INFO - ::endgroup::
[2024-07-25T14:55:28.269-0300] {binance_dag.py:23} INFO - End Time: 2024-07-25T17:45:00.00Z
[2024-07-25T14:55:28.270-0300] {binance_dag.py:24} INFO - Start Time: 2024-07-25T17:40:00.00Z
[2024-07-25T14:55:28.327-0300] {base.py:84} INFO - Using connection ID 'binance_default' for task execution.
[2024-07-25T14:55:28.327-0300] {logging_mixin.py:188} INFO - https://api.binance.com
[2024-07-25T14:55:28.328-0300] {binance_hook.py:35} INFO - URL: https://api.binance.com/api/v3/klines?symbol=BTCBRL&interval=5m&startTime=1721940000000&endTime=1721940299999
[2024-07-25T14:55:28.793-0300] {binance_dag.py:43} INFO - r: []
[2024-07-25T14:55:28.795-0300] {python.py:237} INFO - Done. Returned value was: None
[2024-07-25T14:55:28.795-0300] {taskinstance.py:441} INFO - ::group::Post task execution logs
[2024-07-25T14:55:28.799-0300] {taskinstance.py:1206} INFO - Marking task as SUCCESS. dag_id=Binance_5m, task_id=get_5m_info, run_id=scheduled__2024-07-25T17:40:00+00:00, execution_date=20240725T174000, start_date=20240725T175528, end_date=20240725T175528
[2024-07-25T14:55:28.841-0300] {local_task_job_runner.py:243} INFO - Task exited with return code 0
[2024-07-25T14:55:28.848-0300] {taskinstance.py:3503} INFO - 0 downstream tasks scheduled from follow-on schedule check
[2024-07-25T14:55:28.849-0300] {local_task_job_runner.py:222} INFO - ::endgroup::
[2024-07-25T15:24:44.830-0300] {local_task_job_runner.py:120} INFO - ::group::Pre task execution logs
[2024-07-25T15:24:44.836-0300] {taskinstance.py:2076} INFO - Dependencies all met for dep_context=non-requeueable deps ti=<TaskInstance: Binance_5m.get_5m_info scheduled__2024-07-25T17:40:00+00:00 [queued]>
[2024-07-25T15:24:44.839-0300] {taskinstance.py:2076} INFO - Dependencies all met for dep_context=requeueable deps ti=<TaskInstance: Binance_5m.get_5m_info scheduled__2024-07-25T17:40:00+00:00 [queued]>
[2024-07-25T15:24:44.839-0300] {taskinstance.py:2306} INFO - Starting attempt 1 of 1
[2024-07-25T15:24:44.851-0300] {taskinstance.py:2330} INFO - Executing <Task(PythonOperator): get_5m_info> on 2024-07-25 17:40:00+00:00
[2024-07-25T15:24:44.853-0300] {standard_task_runner.py:64} INFO - Started process 2636434 to run task
[2024-07-25T15:24:44.855-0300] {standard_task_runner.py:90} INFO - Running: ['airflow', 'tasks', 'run', 'Binance_5m', 'get_5m_info', 'scheduled__2024-07-25T17:40:00+00:00', '--job-id', '2747', '--raw', '--subdir', 'DAGS_FOLDER/binance_dag.py', '--cfg-path', '/tmp/tmpjykqgaho']
[2024-07-25T15:24:44.856-0300] {standard_task_runner.py:91} INFO - Job 2747: Subtask get_5m_info
[2024-07-25T15:24:44.881-0300] {task_command.py:426} INFO - Running <TaskInstance: Binance_5m.get_5m_info scheduled__2024-07-25T17:40:00+00:00 [running]> on host Galaxybook.
[2024-07-25T15:24:44.942-0300] {taskinstance.py:2648} INFO - Exporting env vars: AIRFLOW_CTX_DAG_OWNER='airflow' AIRFLOW_CTX_DAG_ID='Binance_5m' AIRFLOW_CTX_TASK_ID='get_5m_info' AIRFLOW_CTX_EXECUTION_DATE='2024-07-25T17:40:00+00:00' AIRFLOW_CTX_TRY_NUMBER='1' AIRFLOW_CTX_DAG_RUN_ID='scheduled__2024-07-25T17:40:00+00:00'
[2024-07-25T15:24:44.942-0300] {taskinstance.py:430} INFO - ::endgroup::
[2024-07-25T15:24:44.950-0300] {binance_dag.py:23} INFO - End Time: 2024-07-25T17:45:00.00Z
[2024-07-25T15:24:44.950-0300] {binance_dag.py:24} INFO - Start Time: 2024-07-25T17:40:00.00Z
[2024-07-25T15:24:45.004-0300] {binance_dag.py:25} INFO - 1721940000000
[2024-07-25T15:24:45.007-0300] {base.py:84} INFO - Using connection ID 'binance_default' for task execution.
[2024-07-25T15:24:45.007-0300] {logging_mixin.py:188} INFO - https://api.binance.com
[2024-07-25T15:24:45.008-0300] {binance_hook.py:35} INFO - URL: https://api.binance.com/api/v3/klines?symbol=BTCBRL&interval=5m&startTime=1721940000000&endTime=1721940299999
[2024-07-25T15:24:45.410-0300] {python.py:237} INFO - Done. Returned value was: None
[2024-07-25T15:24:45.411-0300] {taskinstance.py:441} INFO - ::group::Post task execution logs
[2024-07-25T15:24:45.414-0300] {taskinstance.py:1206} INFO - Marking task as SUCCESS. dag_id=Binance_5m, task_id=get_5m_info, run_id=scheduled__2024-07-25T17:40:00+00:00, execution_date=20240725T174000, start_date=20240725T182444, end_date=20240725T182445
[2024-07-25T15:24:45.443-0300] {local_task_job_runner.py:243} INFO - Task exited with return code 0
[2024-07-25T15:24:45.449-0300] {taskinstance.py:3503} INFO - 0 downstream tasks scheduled from follow-on schedule check
[2024-07-25T15:24:45.449-0300] {local_task_job_runner.py:222} INFO - ::endgroup::
[2024-07-25T16:24:02.562-0300] {local_task_job_runner.py:120} INFO - ::group::Pre task execution logs
[2024-07-25T16:24:02.571-0300] {taskinstance.py:2076} INFO - Dependencies all met for dep_context=non-requeueable deps ti=<TaskInstance: Binance_5m.get_5m_info scheduled__2024-07-25T17:40:00+00:00 [queued]>
[2024-07-25T16:24:02.575-0300] {taskinstance.py:2076} INFO - Dependencies all met for dep_context=requeueable deps ti=<TaskInstance: Binance_5m.get_5m_info scheduled__2024-07-25T17:40:00+00:00 [queued]>
[2024-07-25T16:24:02.575-0300] {taskinstance.py:2306} INFO - Starting attempt 1 of 1
[2024-07-25T16:24:02.592-0300] {taskinstance.py:2330} INFO - Executing <Task(PythonOperator): get_5m_info> on 2024-07-25 17:40:00+00:00
[2024-07-25T16:24:02.594-0300] {standard_task_runner.py:64} INFO - Started process 2667074 to run task
[2024-07-25T16:24:02.597-0300] {standard_task_runner.py:90} INFO - Running: ['airflow', 'tasks', 'run', 'Binance_5m', 'get_5m_info', 'scheduled__2024-07-25T17:40:00+00:00', '--job-id', '2395', '--raw', '--subdir', 'DAGS_FOLDER/binance_dag.py', '--cfg-path', '/tmp/tmpgmpr2n1x']
[2024-07-25T16:24:02.599-0300] {standard_task_runner.py:91} INFO - Job 2395: Subtask get_5m_info
[2024-07-25T16:24:02.636-0300] {task_command.py:426} INFO - Running <TaskInstance: Binance_5m.get_5m_info scheduled__2024-07-25T17:40:00+00:00 [running]> on host Galaxybook.
[2024-07-25T16:24:02.714-0300] {taskinstance.py:2648} INFO - Exporting env vars: AIRFLOW_CTX_DAG_OWNER='airflow' AIRFLOW_CTX_DAG_ID='Binance_5m' AIRFLOW_CTX_TASK_ID='get_5m_info' AIRFLOW_CTX_EXECUTION_DATE='2024-07-25T17:40:00+00:00' AIRFLOW_CTX_TRY_NUMBER='1' AIRFLOW_CTX_DAG_RUN_ID='scheduled__2024-07-25T17:40:00+00:00'
[2024-07-25T16:24:02.715-0300] {taskinstance.py:430} INFO - ::endgroup::
[2024-07-25T16:24:02.736-0300] {binance_dag.py:22} INFO - End Time: 2024-07-25 17:45:00+00:00
[2024-07-25T16:24:02.737-0300] {binance_dag.py:23} INFO - Start Time: 2024-07-25 17:40:00+00:00
[2024-07-25T16:24:02.737-0300] {binance_dag.py:24} INFO - Start timestamp: 1721929200000
[2024-07-25T16:24:02.738-0300] {binance_dag.py:25} INFO - End timestamp: 1721929500000
[2024-07-25T16:24:02.839-0300] {base.py:84} INFO - Using connection ID 'binance_default' for task execution.
[2024-07-25T16:24:02.839-0300] {logging_mixin.py:188} INFO - https://api.binance.com
[2024-07-25T16:24:02.840-0300] {binance_hook.py:35} INFO - URL: https://api.binance.com/api/v3/klines?symbol=BTCBRL&interval=5m&startTime=1721929200000&endTime=1721929499999&timeZone=-3
[2024-07-25T16:24:03.296-0300] {python.py:237} INFO - Done. Returned value was: None
[2024-07-25T16:24:03.297-0300] {taskinstance.py:441} INFO - ::group::Post task execution logs
[2024-07-25T16:24:03.299-0300] {taskinstance.py:1206} INFO - Marking task as SUCCESS. dag_id=Binance_5m, task_id=get_5m_info, run_id=scheduled__2024-07-25T17:40:00+00:00, execution_date=20240725T174000, start_date=20240725T192402, end_date=20240725T192403
[2024-07-25T16:24:03.337-0300] {local_task_job_runner.py:243} INFO - Task exited with return code 0
[2024-07-25T16:24:03.345-0300] {taskinstance.py:3503} INFO - 0 downstream tasks scheduled from follow-on schedule check
[2024-07-25T16:24:03.346-0300] {local_task_job_runner.py:222} INFO - ::endgroup::
