[2024-07-25T14:55:30.345-0300] {local_task_job_runner.py:120} INFO - ::group::Pre task execution logs
[2024-07-25T14:55:30.350-0300] {taskinstance.py:2076} INFO - Dependencies all met for dep_context=non-requeueable deps ti=<TaskInstance: Mercado_5m.get_5m_info scheduled__2024-07-25T01:30:00+00:00 [queued]>
[2024-07-25T14:55:30.355-0300] {taskinstance.py:2076} INFO - Dependencies all met for dep_context=requeueable deps ti=<TaskInstance: Mercado_5m.get_5m_info scheduled__2024-07-25T01:30:00+00:00 [queued]>
[2024-07-25T14:55:30.355-0300] {taskinstance.py:2306} INFO - Starting attempt 1 of 1
[2024-07-25T14:55:30.373-0300] {taskinstance.py:2330} INFO - Executing <Task(PythonOperator): get_5m_info> on 2024-07-25 01:30:00+00:00
[2024-07-25T14:55:30.375-0300] {standard_task_runner.py:64} INFO - Started process 2614945 to run task
[2024-07-25T14:55:30.377-0300] {standard_task_runner.py:90} INFO - Running: ['airflow', 'tasks', 'run', 'Mercado_5m', 'get_5m_info', 'scheduled__2024-07-25T01:30:00+00:00', '--job-id', '2327', '--raw', '--subdir', 'DAGS_FOLDER/mercado_dag.py', '--cfg-path', '/tmp/tmp2_fieo52']
[2024-07-25T14:55:30.378-0300] {standard_task_runner.py:91} INFO - Job 2327: Subtask get_5m_info
[2024-07-25T14:55:30.408-0300] {task_command.py:426} INFO - Running <TaskInstance: Mercado_5m.get_5m_info scheduled__2024-07-25T01:30:00+00:00 [running]> on host Galaxybook.
[2024-07-25T14:55:30.459-0300] {taskinstance.py:2648} INFO - Exporting env vars: AIRFLOW_CTX_DAG_OWNER='airflow' AIRFLOW_CTX_DAG_ID='Mercado_5m' AIRFLOW_CTX_TASK_ID='get_5m_info' AIRFLOW_CTX_EXECUTION_DATE='2024-07-25T01:30:00+00:00' AIRFLOW_CTX_TRY_NUMBER='1' AIRFLOW_CTX_DAG_RUN_ID='scheduled__2024-07-25T01:30:00+00:00'
[2024-07-25T14:55:30.459-0300] {taskinstance.py:430} INFO - ::endgroup::
[2024-07-25T14:55:30.530-0300] {base.py:84} INFO - Using connection ID 'mercado_default' for task execution.
[2024-07-25T14:55:30.531-0300] {mercado_hook.py:31} INFO - URL: https://api.mercadobitcoin.net/api/v4/candles?symbol=BTC-BRL&resolution=5m&to=1721882100&from=1721881800
[2024-07-25T14:55:30.802-0300] {python.py:237} INFO - Done. Returned value was: None
[2024-07-25T14:55:30.803-0300] {taskinstance.py:441} INFO - ::group::Post task execution logs
[2024-07-25T14:55:30.805-0300] {taskinstance.py:1206} INFO - Marking task as SUCCESS. dag_id=Mercado_5m, task_id=get_5m_info, run_id=scheduled__2024-07-25T01:30:00+00:00, execution_date=20240725T013000, start_date=20240725T175530, end_date=20240725T175530
[2024-07-25T14:55:30.837-0300] {local_task_job_runner.py:243} INFO - Task exited with return code 0
[2024-07-25T14:55:30.844-0300] {taskinstance.py:3503} INFO - 0 downstream tasks scheduled from follow-on schedule check
[2024-07-25T14:55:30.844-0300] {local_task_job_runner.py:222} INFO - ::endgroup::
[2024-07-25T16:18:59.719-0300] {local_task_job_runner.py:120} INFO - ::group::Pre task execution logs
[2024-07-25T16:18:59.727-0300] {taskinstance.py:2076} INFO - Dependencies all met for dep_context=non-requeueable deps ti=<TaskInstance: Mercado_5m.get_5m_info scheduled__2024-07-25T01:30:00+00:00 [queued]>
[2024-07-25T16:18:59.731-0300] {taskinstance.py:2076} INFO - Dependencies all met for dep_context=requeueable deps ti=<TaskInstance: Mercado_5m.get_5m_info scheduled__2024-07-25T01:30:00+00:00 [queued]>
[2024-07-25T16:18:59.731-0300] {taskinstance.py:2306} INFO - Starting attempt 1 of 1
[2024-07-25T16:18:59.747-0300] {taskinstance.py:2330} INFO - Executing <Task(PythonOperator): get_5m_info> on 2024-07-25 01:30:00+00:00
[2024-07-25T16:18:59.749-0300] {standard_task_runner.py:64} INFO - Started process 2661991 to run task
[2024-07-25T16:18:59.752-0300] {standard_task_runner.py:90} INFO - Running: ['airflow', 'tasks', 'run', 'Mercado_5m', 'get_5m_info', 'scheduled__2024-07-25T01:30:00+00:00', '--job-id', '2245', '--raw', '--subdir', 'DAGS_FOLDER/mercado_dag.py', '--cfg-path', '/tmp/tmpuooq6pgv']
[2024-07-25T16:18:59.753-0300] {standard_task_runner.py:91} INFO - Job 2245: Subtask get_5m_info
[2024-07-25T16:18:59.785-0300] {task_command.py:426} INFO - Running <TaskInstance: Mercado_5m.get_5m_info scheduled__2024-07-25T01:30:00+00:00 [running]> on host Galaxybook.
[2024-07-25T16:18:59.837-0300] {taskinstance.py:2648} INFO - Exporting env vars: AIRFLOW_CTX_DAG_OWNER='airflow' AIRFLOW_CTX_DAG_ID='Mercado_5m' AIRFLOW_CTX_TASK_ID='get_5m_info' AIRFLOW_CTX_EXECUTION_DATE='2024-07-25T01:30:00+00:00' AIRFLOW_CTX_TRY_NUMBER='1' AIRFLOW_CTX_DAG_RUN_ID='scheduled__2024-07-25T01:30:00+00:00'
[2024-07-25T16:18:59.838-0300] {taskinstance.py:430} INFO - ::endgroup::
[2024-07-25T16:18:59.848-0300] {mercado_dag.py:22} INFO - To: 2024-07-25 01:35:00+00:00
[2024-07-25T16:18:59.848-0300] {mercado_dag.py:23} INFO - From: 2024-07-25 01:30:00+00:00
[2024-07-25T16:18:59.848-0300] {mercado_dag.py:24} INFO - To timestamp: 1721871300 
[2024-07-25T16:18:59.848-0300] {mercado_dag.py:25} INFO - To timestamp: 1721871300 
[2024-07-25T16:18:59.937-0300] {base.py:84} INFO - Using connection ID 'mercado_default' for task execution.
[2024-07-25T16:18:59.938-0300] {mercado_hook.py:31} INFO - URL: https://api.mercadobitcoin.net/api/v4/candles?symbol=BTC-BRL&resolution=5m&to=1721871300&from=1721871000
[2024-07-25T16:19:00.256-0300] {python.py:237} INFO - Done. Returned value was: None
[2024-07-25T16:19:00.257-0300] {taskinstance.py:441} INFO - ::group::Post task execution logs
[2024-07-25T16:19:00.260-0300] {taskinstance.py:1206} INFO - Marking task as SUCCESS. dag_id=Mercado_5m, task_id=get_5m_info, run_id=scheduled__2024-07-25T01:30:00+00:00, execution_date=20240725T013000, start_date=20240725T191859, end_date=20240725T191900
[2024-07-25T16:19:00.295-0300] {local_task_job_runner.py:243} INFO - Task exited with return code 0
[2024-07-25T16:19:00.302-0300] {taskinstance.py:3503} INFO - 0 downstream tasks scheduled from follow-on schedule check
[2024-07-25T16:19:00.302-0300] {local_task_job_runner.py:222} INFO - ::endgroup::
[2024-07-25T16:23:09.361-0300] {local_task_job_runner.py:120} INFO - ::group::Pre task execution logs
[2024-07-25T16:23:09.367-0300] {taskinstance.py:2076} INFO - Dependencies all met for dep_context=non-requeueable deps ti=<TaskInstance: Mercado_5m.get_5m_info scheduled__2024-07-25T01:30:00+00:00 [queued]>
[2024-07-25T16:23:09.371-0300] {taskinstance.py:2076} INFO - Dependencies all met for dep_context=requeueable deps ti=<TaskInstance: Mercado_5m.get_5m_info scheduled__2024-07-25T01:30:00+00:00 [queued]>
[2024-07-25T16:23:09.371-0300] {taskinstance.py:2306} INFO - Starting attempt 1 of 1
[2024-07-25T16:23:09.384-0300] {taskinstance.py:2330} INFO - Executing <Task(PythonOperator): get_5m_info> on 2024-07-25 01:30:00+00:00
[2024-07-25T16:23:09.386-0300] {standard_task_runner.py:64} INFO - Started process 2666185 to run task
[2024-07-25T16:23:09.388-0300] {standard_task_runner.py:90} INFO - Running: ['airflow', 'tasks', 'run', 'Mercado_5m', 'get_5m_info', 'scheduled__2024-07-25T01:30:00+00:00', '--job-id', '2369', '--raw', '--subdir', 'DAGS_FOLDER/mercado_dag.py', '--cfg-path', '/tmp/tmpq1bapfye']
[2024-07-25T16:23:09.390-0300] {standard_task_runner.py:91} INFO - Job 2369: Subtask get_5m_info
[2024-07-25T16:23:09.422-0300] {task_command.py:426} INFO - Running <TaskInstance: Mercado_5m.get_5m_info scheduled__2024-07-25T01:30:00+00:00 [running]> on host Galaxybook.
[2024-07-25T16:23:09.469-0300] {taskinstance.py:2648} INFO - Exporting env vars: AIRFLOW_CTX_DAG_OWNER='airflow' AIRFLOW_CTX_DAG_ID='Mercado_5m' AIRFLOW_CTX_TASK_ID='get_5m_info' AIRFLOW_CTX_EXECUTION_DATE='2024-07-25T01:30:00+00:00' AIRFLOW_CTX_TRY_NUMBER='1' AIRFLOW_CTX_DAG_RUN_ID='scheduled__2024-07-25T01:30:00+00:00'
[2024-07-25T16:23:09.469-0300] {taskinstance.py:430} INFO - ::endgroup::
[2024-07-25T16:23:09.477-0300] {mercado_dag.py:22} INFO - To: 2024-07-25 01:35:00+00:00
[2024-07-25T16:23:09.477-0300] {mercado_dag.py:23} INFO - From: 2024-07-25 01:30:00+00:00
[2024-07-25T16:23:09.477-0300] {mercado_dag.py:24} INFO - To timestamp: 1721871300 
[2024-07-25T16:23:09.477-0300] {mercado_dag.py:25} INFO - From timestamp: 1721871000 
[2024-07-25T16:23:09.542-0300] {base.py:84} INFO - Using connection ID 'mercado_default' for task execution.
[2024-07-25T16:23:09.543-0300] {mercado_hook.py:31} INFO - URL: https://api.mercadobitcoin.net/api/v4/candles?symbol=BTC-BRL&resolution=5m&to=1721871300&from=1721871000
[2024-07-25T16:23:09.818-0300] {python.py:237} INFO - Done. Returned value was: None
[2024-07-25T16:23:09.818-0300] {taskinstance.py:441} INFO - ::group::Post task execution logs
[2024-07-25T16:23:09.821-0300] {taskinstance.py:1206} INFO - Marking task as SUCCESS. dag_id=Mercado_5m, task_id=get_5m_info, run_id=scheduled__2024-07-25T01:30:00+00:00, execution_date=20240725T013000, start_date=20240725T192309, end_date=20240725T192309
[2024-07-25T16:23:09.850-0300] {local_task_job_runner.py:243} INFO - Task exited with return code 0
[2024-07-25T16:23:09.857-0300] {taskinstance.py:3503} INFO - 0 downstream tasks scheduled from follow-on schedule check
[2024-07-25T16:23:09.857-0300] {local_task_job_runner.py:222} INFO - ::endgroup::
[2024-07-25T16:25:43.230-0300] {local_task_job_runner.py:120} INFO - ::group::Pre task execution logs
[2024-07-25T16:25:43.237-0300] {taskinstance.py:2076} INFO - Dependencies all met for dep_context=non-requeueable deps ti=<TaskInstance: Mercado_5m.get_5m_info scheduled__2024-07-25T01:30:00+00:00 [queued]>
[2024-07-25T16:25:43.242-0300] {taskinstance.py:2076} INFO - Dependencies all met for dep_context=requeueable deps ti=<TaskInstance: Mercado_5m.get_5m_info scheduled__2024-07-25T01:30:00+00:00 [queued]>
[2024-07-25T16:25:43.243-0300] {taskinstance.py:2306} INFO - Starting attempt 1 of 1
[2024-07-25T16:25:43.258-0300] {taskinstance.py:2330} INFO - Executing <Task(PythonOperator): get_5m_info> on 2024-07-25 01:30:00+00:00
[2024-07-25T16:25:43.260-0300] {standard_task_runner.py:64} INFO - Started process 2668750 to run task
[2024-07-25T16:25:43.262-0300] {standard_task_runner.py:90} INFO - Running: ['airflow', 'tasks', 'run', 'Mercado_5m', 'get_5m_info', 'scheduled__2024-07-25T01:30:00+00:00', '--job-id', '2438', '--raw', '--subdir', 'DAGS_FOLDER/mercado_dag.py', '--cfg-path', '/tmp/tmpou64g4xc']
[2024-07-25T16:25:43.263-0300] {standard_task_runner.py:91} INFO - Job 2438: Subtask get_5m_info
[2024-07-25T16:25:43.289-0300] {task_command.py:426} INFO - Running <TaskInstance: Mercado_5m.get_5m_info scheduled__2024-07-25T01:30:00+00:00 [running]> on host Galaxybook.
[2024-07-25T16:25:43.340-0300] {taskinstance.py:2648} INFO - Exporting env vars: AIRFLOW_CTX_DAG_OWNER='airflow' AIRFLOW_CTX_DAG_ID='Mercado_5m' AIRFLOW_CTX_TASK_ID='get_5m_info' AIRFLOW_CTX_EXECUTION_DATE='2024-07-25T01:30:00+00:00' AIRFLOW_CTX_TRY_NUMBER='1' AIRFLOW_CTX_DAG_RUN_ID='scheduled__2024-07-25T01:30:00+00:00'
[2024-07-25T16:25:43.340-0300] {taskinstance.py:430} INFO - ::endgroup::
[2024-07-25T16:25:43.347-0300] {mercado_dag.py:22} INFO - To: 2024-07-25 01:35:00+00:00
[2024-07-25T16:25:43.348-0300] {mercado_dag.py:23} INFO - From: 2024-07-25 01:30:00+00:00
[2024-07-25T16:25:43.348-0300] {mercado_dag.py:24} INFO - To timestamp: 1721871300000 
[2024-07-25T16:25:43.348-0300] {mercado_dag.py:25} INFO - From timestamp: 1721871000000 
[2024-07-25T16:25:43.412-0300] {base.py:84} INFO - Using connection ID 'mercado_default' for task execution.
[2024-07-25T16:25:43.413-0300] {mercado_hook.py:31} INFO - URL: https://api.mercadobitcoin.net/api/v4/candles?symbol=BTC-BRL&resolution=5m&to=1721871300000&from=1721871000000
[2024-07-25T16:25:43.704-0300] {python.py:237} INFO - Done. Returned value was: None
[2024-07-25T16:25:43.704-0300] {taskinstance.py:441} INFO - ::group::Post task execution logs
[2024-07-25T16:25:43.706-0300] {taskinstance.py:1206} INFO - Marking task as SUCCESS. dag_id=Mercado_5m, task_id=get_5m_info, run_id=scheduled__2024-07-25T01:30:00+00:00, execution_date=20240725T013000, start_date=20240725T192543, end_date=20240725T192543
[2024-07-25T16:25:43.724-0300] {local_task_job_runner.py:243} INFO - Task exited with return code 0
[2024-07-25T16:25:43.730-0300] {taskinstance.py:3503} INFO - 0 downstream tasks scheduled from follow-on schedule check
[2024-07-25T16:25:43.730-0300] {local_task_job_runner.py:222} INFO - ::endgroup::
