[2024-07-25T12:45:01.961-0300] {local_task_job_runner.py:120} INFO - ::group::Pre task execution logs
[2024-07-25T12:45:01.966-0300] {taskinstance.py:2076} INFO - Dependencies all met for dep_context=non-requeueable deps ti=<TaskInstance: Mercado_5m.get_5m_info scheduled__2024-07-25T15:40:00+00:00 [queued]>
[2024-07-25T12:45:01.969-0300] {taskinstance.py:2076} INFO - Dependencies all met for dep_context=requeueable deps ti=<TaskInstance: Mercado_5m.get_5m_info scheduled__2024-07-25T15:40:00+00:00 [queued]>
[2024-07-25T12:45:01.969-0300] {taskinstance.py:2306} INFO - Starting attempt 1 of 1
[2024-07-25T12:45:01.983-0300] {taskinstance.py:2330} INFO - Executing <Task(PythonOperator): get_5m_info> on 2024-07-25 15:40:00+00:00
[2024-07-25T12:45:01.984-0300] {standard_task_runner.py:64} INFO - Started process 2540321 to run task
[2024-07-25T12:45:01.987-0300] {standard_task_runner.py:90} INFO - Running: ['airflow', 'tasks', 'run', 'Mercado_5m', 'get_5m_info', 'scheduled__2024-07-25T15:40:00+00:00', '--job-id', '2064', '--raw', '--subdir', 'DAGS_FOLDER/mercado_dag.py', '--cfg-path', '/tmp/tmp3m3mhpe7']
[2024-07-25T12:45:01.988-0300] {standard_task_runner.py:91} INFO - Job 2064: Subtask get_5m_info
[2024-07-25T12:45:02.012-0300] {task_command.py:426} INFO - Running <TaskInstance: Mercado_5m.get_5m_info scheduled__2024-07-25T15:40:00+00:00 [running]> on host Galaxybook.
[2024-07-25T12:45:02.062-0300] {taskinstance.py:2648} INFO - Exporting env vars: AIRFLOW_CTX_DAG_OWNER='airflow' AIRFLOW_CTX_DAG_ID='Mercado_5m' AIRFLOW_CTX_TASK_ID='get_5m_info' AIRFLOW_CTX_EXECUTION_DATE='2024-07-25T15:40:00+00:00' AIRFLOW_CTX_TRY_NUMBER='1' AIRFLOW_CTX_DAG_RUN_ID='scheduled__2024-07-25T15:40:00+00:00'
[2024-07-25T12:45:02.062-0300] {taskinstance.py:430} INFO - ::endgroup::
[2024-07-25T12:45:02.071-0300] {taskinstance.py:441} INFO - ::group::Post task execution logs
[2024-07-25T12:45:02.071-0300] {taskinstance.py:2905} ERROR - Task failed with exception
Traceback (most recent call last):
  File "/home/hugoviana/Documentos/data_pipeline_airflow/.venv/lib/python3.12/site-packages/airflow/models/taskinstance.py", line 465, in _execute_task
    result = _execute_callable(context=context, **execute_callable_kwargs)
             ^^^^^^^^^^^^^^^^^^^^^^^^^^^^^^^^^^^^^^^^^^^^^^^^^^^^^^^^^^^^^
  File "/home/hugoviana/Documentos/data_pipeline_airflow/.venv/lib/python3.12/site-packages/airflow/models/taskinstance.py", line 432, in _execute_callable
    return execute_callable(context=context, **execute_callable_kwargs)
           ^^^^^^^^^^^^^^^^^^^^^^^^^^^^^^^^^^^^^^^^^^^^^^^^^^^^^^^^^^^^
  File "/home/hugoviana/Documentos/data_pipeline_airflow/.venv/lib/python3.12/site-packages/airflow/models/baseoperator.py", line 401, in wrapper
    return func(self, *args, **kwargs)
           ^^^^^^^^^^^^^^^^^^^^^^^^^^^
  File "/home/hugoviana/Documentos/data_pipeline_airflow/.venv/lib/python3.12/site-packages/airflow/operators/python.py", line 235, in execute
    return_value = self.execute_callable()
                   ^^^^^^^^^^^^^^^^^^^^^^^
  File "/home/hugoviana/Documentos/data_pipeline_airflow/.venv/lib/python3.12/site-packages/airflow/operators/python.py", line 252, in execute_callable
    return self.python_callable(*self.op_args, **self.op_kwargs)
           ^^^^^^^^^^^^^^^^^^^^^^^^^^^^^^^^^^^^^^^^^^^^^^^^^^^^^
  File "/home/hugoviana/Projetos/crypto-etl/airflow_pipeline/dags/mercado_dag.py", line 25, in execute
    to_time=to_timestamp(data_interval_end),
            ^^^^^^^^^^^^^^^^^^^^^^^^^^^^^^^
  File "/home/hugoviana/Projetos/crypto-etl/airflow_pipeline/dags/mercado_dag.py", line 15, in to_timestamp
    timestamp = int(datetime.timestamp(dt))
                    ^^^^^^^^^^^^^^^^^^^^^^
TypeError: descriptor 'timestamp' for 'datetime.datetime' objects doesn't apply to a 'str' object
[2024-07-25T12:45:02.156-0300] {taskinstance.py:1206} INFO - Marking task as FAILED. dag_id=Mercado_5m, task_id=get_5m_info, run_id=scheduled__2024-07-25T15:40:00+00:00, execution_date=20240725T154000, start_date=20240725T154501, end_date=20240725T154502
[2024-07-25T12:45:02.175-0300] {standard_task_runner.py:110} ERROR - Failed to execute job 2064 for task get_5m_info (descriptor 'timestamp' for 'datetime.datetime' objects doesn't apply to a 'str' object; 2540321)
[2024-07-25T12:45:02.200-0300] {local_task_job_runner.py:243} INFO - Task exited with return code 1
[2024-07-25T12:45:02.206-0300] {taskinstance.py:3503} INFO - 0 downstream tasks scheduled from follow-on schedule check
[2024-07-25T12:45:02.207-0300] {local_task_job_runner.py:222} INFO - ::endgroup::
[2024-07-25T15:01:35.886-0300] {local_task_job_runner.py:120} INFO - ::group::Pre task execution logs
[2024-07-25T15:01:35.894-0300] {taskinstance.py:2076} INFO - Dependencies all met for dep_context=non-requeueable deps ti=<TaskInstance: Mercado_5m.get_5m_info scheduled__2024-07-25T15:40:00+00:00 [queued]>
[2024-07-25T15:01:35.897-0300] {taskinstance.py:2076} INFO - Dependencies all met for dep_context=requeueable deps ti=<TaskInstance: Mercado_5m.get_5m_info scheduled__2024-07-25T15:40:00+00:00 [queued]>
[2024-07-25T15:01:35.897-0300] {taskinstance.py:2306} INFO - Starting attempt 1 of 1
[2024-07-25T15:01:35.914-0300] {taskinstance.py:2330} INFO - Executing <Task(PythonOperator): get_5m_info> on 2024-07-25 15:40:00+00:00
[2024-07-25T15:01:35.916-0300] {standard_task_runner.py:64} INFO - Started process 2621044 to run task
[2024-07-25T15:01:35.918-0300] {standard_task_runner.py:90} INFO - Running: ['airflow', 'tasks', 'run', 'Mercado_5m', 'get_5m_info', 'scheduled__2024-07-25T15:40:00+00:00', '--job-id', '2500', '--raw', '--subdir', 'DAGS_FOLDER/mercado_dag.py', '--cfg-path', '/tmp/tmp1fg9_zcx']
[2024-07-25T15:01:35.920-0300] {standard_task_runner.py:91} INFO - Job 2500: Subtask get_5m_info
[2024-07-25T15:01:35.950-0300] {task_command.py:426} INFO - Running <TaskInstance: Mercado_5m.get_5m_info scheduled__2024-07-25T15:40:00+00:00 [running]> on host Galaxybook.
[2024-07-25T15:01:36.016-0300] {taskinstance.py:2648} INFO - Exporting env vars: AIRFLOW_CTX_DAG_OWNER='airflow' AIRFLOW_CTX_DAG_ID='Mercado_5m' AIRFLOW_CTX_TASK_ID='get_5m_info' AIRFLOW_CTX_EXECUTION_DATE='2024-07-25T15:40:00+00:00' AIRFLOW_CTX_TRY_NUMBER='1' AIRFLOW_CTX_DAG_RUN_ID='scheduled__2024-07-25T15:40:00+00:00'
[2024-07-25T15:01:36.016-0300] {taskinstance.py:430} INFO - ::endgroup::
[2024-07-25T15:01:36.102-0300] {base.py:84} INFO - Using connection ID 'mercado_default' for task execution.
[2024-07-25T15:01:36.103-0300] {mercado_hook.py:31} INFO - URL: https://api.mercadobitcoin.net/api/v4/candles?symbol=BTC-BRL&resolution=5m&to=1721933100&from=1721932800
[2024-07-25T15:01:36.453-0300] {python.py:237} INFO - Done. Returned value was: None
[2024-07-25T15:01:36.454-0300] {taskinstance.py:441} INFO - ::group::Post task execution logs
[2024-07-25T15:01:36.458-0300] {taskinstance.py:1206} INFO - Marking task as SUCCESS. dag_id=Mercado_5m, task_id=get_5m_info, run_id=scheduled__2024-07-25T15:40:00+00:00, execution_date=20240725T154000, start_date=20240725T180135, end_date=20240725T180136
[2024-07-25T15:01:36.503-0300] {local_task_job_runner.py:243} INFO - Task exited with return code 0
[2024-07-25T15:01:36.511-0300] {taskinstance.py:3503} INFO - 0 downstream tasks scheduled from follow-on schedule check
[2024-07-25T15:01:36.512-0300] {local_task_job_runner.py:222} INFO - ::endgroup::
