[2024-07-25T14:56:14.405-0300] {local_task_job_runner.py:120} INFO - ::group::Pre task execution logs
[2024-07-25T14:56:14.410-0300] {taskinstance.py:2076} INFO - Dependencies all met for dep_context=non-requeueable deps ti=<TaskInstance: Mercado_5m.get_5m_info scheduled__2024-07-25T03:10:00+00:00 [queued]>
[2024-07-25T14:56:14.415-0300] {taskinstance.py:2076} INFO - Dependencies all met for dep_context=requeueable deps ti=<TaskInstance: Mercado_5m.get_5m_info scheduled__2024-07-25T03:10:00+00:00 [queued]>
[2024-07-25T14:56:14.416-0300] {taskinstance.py:2306} INFO - Starting attempt 1 of 1
[2024-07-25T14:56:14.431-0300] {taskinstance.py:2330} INFO - Executing <Task(PythonOperator): get_5m_info> on 2024-07-25 03:10:00+00:00
[2024-07-25T14:56:14.433-0300] {standard_task_runner.py:64} INFO - Started process 2615693 to run task
[2024-07-25T14:56:14.435-0300] {standard_task_runner.py:90} INFO - Running: ['airflow', 'tasks', 'run', 'Mercado_5m', 'get_5m_info', 'scheduled__2024-07-25T03:10:00+00:00', '--job-id', '2349', '--raw', '--subdir', 'DAGS_FOLDER/mercado_dag.py', '--cfg-path', '/tmp/tmpb7sweas5']
[2024-07-25T14:56:14.436-0300] {standard_task_runner.py:91} INFO - Job 2349: Subtask get_5m_info
[2024-07-25T14:56:14.471-0300] {task_command.py:426} INFO - Running <TaskInstance: Mercado_5m.get_5m_info scheduled__2024-07-25T03:10:00+00:00 [running]> on host Galaxybook.
[2024-07-25T14:56:14.538-0300] {taskinstance.py:2648} INFO - Exporting env vars: AIRFLOW_CTX_DAG_OWNER='airflow' AIRFLOW_CTX_DAG_ID='Mercado_5m' AIRFLOW_CTX_TASK_ID='get_5m_info' AIRFLOW_CTX_EXECUTION_DATE='2024-07-25T03:10:00+00:00' AIRFLOW_CTX_TRY_NUMBER='1' AIRFLOW_CTX_DAG_RUN_ID='scheduled__2024-07-25T03:10:00+00:00'
[2024-07-25T14:56:14.538-0300] {taskinstance.py:430} INFO - ::endgroup::
[2024-07-25T14:56:14.623-0300] {base.py:84} INFO - Using connection ID 'mercado_default' for task execution.
[2024-07-25T14:56:14.624-0300] {mercado_hook.py:31} INFO - URL: https://api.mercadobitcoin.net/api/v4/candles?symbol=BTC-BRL&resolution=5m&to=1721888100&from=1721887800
[2024-07-25T14:56:14.895-0300] {python.py:237} INFO - Done. Returned value was: None
[2024-07-25T14:56:14.895-0300] {taskinstance.py:441} INFO - ::group::Post task execution logs
[2024-07-25T14:56:14.898-0300] {taskinstance.py:1206} INFO - Marking task as SUCCESS. dag_id=Mercado_5m, task_id=get_5m_info, run_id=scheduled__2024-07-25T03:10:00+00:00, execution_date=20240725T031000, start_date=20240725T175614, end_date=20240725T175614
[2024-07-25T14:56:14.934-0300] {local_task_job_runner.py:243} INFO - Task exited with return code 0
[2024-07-25T14:56:14.941-0300] {taskinstance.py:3503} INFO - 0 downstream tasks scheduled from follow-on schedule check
[2024-07-25T14:56:14.941-0300] {local_task_job_runner.py:222} INFO - ::endgroup::
[2024-07-25T16:20:23.955-0300] {local_task_job_runner.py:120} INFO - ::group::Pre task execution logs
[2024-07-25T16:20:23.961-0300] {taskinstance.py:2076} INFO - Dependencies all met for dep_context=non-requeueable deps ti=<TaskInstance: Mercado_5m.get_5m_info scheduled__2024-07-25T03:10:00+00:00 [queued]>
[2024-07-25T16:20:23.964-0300] {taskinstance.py:2076} INFO - Dependencies all met for dep_context=requeueable deps ti=<TaskInstance: Mercado_5m.get_5m_info scheduled__2024-07-25T03:10:00+00:00 [queued]>
[2024-07-25T16:20:23.964-0300] {taskinstance.py:2306} INFO - Starting attempt 1 of 1
[2024-07-25T16:20:23.980-0300] {taskinstance.py:2330} INFO - Executing <Task(PythonOperator): get_5m_info> on 2024-07-25 03:10:00+00:00
[2024-07-25T16:20:23.982-0300] {standard_task_runner.py:64} INFO - Started process 2663432 to run task
[2024-07-25T16:20:23.984-0300] {standard_task_runner.py:90} INFO - Running: ['airflow', 'tasks', 'run', 'Mercado_5m', 'get_5m_info', 'scheduled__2024-07-25T03:10:00+00:00', '--job-id', '2286', '--raw', '--subdir', 'DAGS_FOLDER/mercado_dag.py', '--cfg-path', '/tmp/tmp9ffaqwwz']
[2024-07-25T16:20:23.985-0300] {standard_task_runner.py:91} INFO - Job 2286: Subtask get_5m_info
[2024-07-25T16:20:24.014-0300] {task_command.py:426} INFO - Running <TaskInstance: Mercado_5m.get_5m_info scheduled__2024-07-25T03:10:00+00:00 [running]> on host Galaxybook.
[2024-07-25T16:20:24.066-0300] {taskinstance.py:2648} INFO - Exporting env vars: AIRFLOW_CTX_DAG_OWNER='airflow' AIRFLOW_CTX_DAG_ID='Mercado_5m' AIRFLOW_CTX_TASK_ID='get_5m_info' AIRFLOW_CTX_EXECUTION_DATE='2024-07-25T03:10:00+00:00' AIRFLOW_CTX_TRY_NUMBER='1' AIRFLOW_CTX_DAG_RUN_ID='scheduled__2024-07-25T03:10:00+00:00'
[2024-07-25T16:20:24.067-0300] {taskinstance.py:430} INFO - ::endgroup::
[2024-07-25T16:20:24.074-0300] {mercado_dag.py:22} INFO - To: 2024-07-25 03:15:00+00:00
[2024-07-25T16:20:24.075-0300] {mercado_dag.py:23} INFO - From: 2024-07-25 03:10:00+00:00
[2024-07-25T16:20:24.075-0300] {mercado_dag.py:24} INFO - To timestamp: 1721877300 
[2024-07-25T16:20:24.075-0300] {mercado_dag.py:25} INFO - From timestamp: 1721877000 
[2024-07-25T16:20:24.131-0300] {base.py:84} INFO - Using connection ID 'mercado_default' for task execution.
[2024-07-25T16:20:24.132-0300] {mercado_hook.py:31} INFO - URL: https://api.mercadobitcoin.net/api/v4/candles?symbol=BTC-BRL&resolution=5m&to=1721877300&from=1721877000
[2024-07-25T16:20:24.407-0300] {python.py:237} INFO - Done. Returned value was: None
[2024-07-25T16:20:24.407-0300] {taskinstance.py:441} INFO - ::group::Post task execution logs
[2024-07-25T16:20:24.410-0300] {taskinstance.py:1206} INFO - Marking task as SUCCESS. dag_id=Mercado_5m, task_id=get_5m_info, run_id=scheduled__2024-07-25T03:10:00+00:00, execution_date=20240725T031000, start_date=20240725T192023, end_date=20240725T192024
[2024-07-25T16:20:24.443-0300] {local_task_job_runner.py:243} INFO - Task exited with return code 0
[2024-07-25T16:20:24.450-0300] {taskinstance.py:3503} INFO - 0 downstream tasks scheduled from follow-on schedule check
[2024-07-25T16:20:24.451-0300] {local_task_job_runner.py:222} INFO - ::endgroup::
[2024-07-25T16:26:25.767-0300] {local_task_job_runner.py:120} INFO - ::group::Pre task execution logs
[2024-07-25T16:26:25.772-0300] {taskinstance.py:2076} INFO - Dependencies all met for dep_context=non-requeueable deps ti=<TaskInstance: Mercado_5m.get_5m_info scheduled__2024-07-25T03:10:00+00:00 [queued]>
[2024-07-25T16:26:25.777-0300] {taskinstance.py:2076} INFO - Dependencies all met for dep_context=requeueable deps ti=<TaskInstance: Mercado_5m.get_5m_info scheduled__2024-07-25T03:10:00+00:00 [queued]>
[2024-07-25T16:26:25.777-0300] {taskinstance.py:2306} INFO - Starting attempt 1 of 1
[2024-07-25T16:26:25.791-0300] {taskinstance.py:2330} INFO - Executing <Task(PythonOperator): get_5m_info> on 2024-07-25 03:10:00+00:00
[2024-07-25T16:26:25.793-0300] {standard_task_runner.py:64} INFO - Started process 2669477 to run task
[2024-07-25T16:26:25.796-0300] {standard_task_runner.py:90} INFO - Running: ['airflow', 'tasks', 'run', 'Mercado_5m', 'get_5m_info', 'scheduled__2024-07-25T03:10:00+00:00', '--job-id', '2458', '--raw', '--subdir', 'DAGS_FOLDER/mercado_dag.py', '--cfg-path', '/tmp/tmpagtvefez']
[2024-07-25T16:26:25.797-0300] {standard_task_runner.py:91} INFO - Job 2458: Subtask get_5m_info
[2024-07-25T16:26:25.829-0300] {task_command.py:426} INFO - Running <TaskInstance: Mercado_5m.get_5m_info scheduled__2024-07-25T03:10:00+00:00 [running]> on host Galaxybook.
[2024-07-25T16:26:25.889-0300] {taskinstance.py:2648} INFO - Exporting env vars: AIRFLOW_CTX_DAG_OWNER='airflow' AIRFLOW_CTX_DAG_ID='Mercado_5m' AIRFLOW_CTX_TASK_ID='get_5m_info' AIRFLOW_CTX_EXECUTION_DATE='2024-07-25T03:10:00+00:00' AIRFLOW_CTX_TRY_NUMBER='1' AIRFLOW_CTX_DAG_RUN_ID='scheduled__2024-07-25T03:10:00+00:00'
[2024-07-25T16:26:25.889-0300] {taskinstance.py:430} INFO - ::endgroup::
[2024-07-25T16:26:25.898-0300] {mercado_dag.py:22} INFO - To: 2024-07-25 03:15:00+00:00
[2024-07-25T16:26:25.898-0300] {mercado_dag.py:23} INFO - From: 2024-07-25 03:10:00+00:00
[2024-07-25T16:26:25.898-0300] {mercado_dag.py:24} INFO - To timestamp: 1721877300000 
[2024-07-25T16:26:25.898-0300] {mercado_dag.py:25} INFO - From timestamp: 1721877000000 
[2024-07-25T16:26:25.958-0300] {base.py:84} INFO - Using connection ID 'mercado_default' for task execution.
[2024-07-25T16:26:25.959-0300] {mercado_hook.py:31} INFO - URL: https://api.mercadobitcoin.net/api/v4/candles?symbol=BTC-BRL&resolution=5m&to=1721877300000&from=1721877000000
[2024-07-25T16:26:26.313-0300] {python.py:237} INFO - Done. Returned value was: None
[2024-07-25T16:26:26.314-0300] {taskinstance.py:441} INFO - ::group::Post task execution logs
[2024-07-25T16:26:26.317-0300] {taskinstance.py:1206} INFO - Marking task as SUCCESS. dag_id=Mercado_5m, task_id=get_5m_info, run_id=scheduled__2024-07-25T03:10:00+00:00, execution_date=20240725T031000, start_date=20240725T192625, end_date=20240725T192626
[2024-07-25T16:26:26.335-0300] {local_task_job_runner.py:243} INFO - Task exited with return code 0
[2024-07-25T16:26:26.341-0300] {taskinstance.py:3503} INFO - 0 downstream tasks scheduled from follow-on schedule check
[2024-07-25T16:26:26.342-0300] {local_task_job_runner.py:222} INFO - ::endgroup::
