[2024-07-25T14:48:34.166-0300] {local_task_job_runner.py:120} INFO - ::group::Pre task execution logs
[2024-07-25T14:48:34.170-0300] {taskinstance.py:2076} INFO - Dependencies all met for dep_context=non-requeueable deps ti=<TaskInstance: Binance_5m.get_5m_info scheduled__2024-07-25T04:15:00+00:00 [queued]>
[2024-07-25T14:48:34.174-0300] {taskinstance.py:2076} INFO - Dependencies all met for dep_context=requeueable deps ti=<TaskInstance: Binance_5m.get_5m_info scheduled__2024-07-25T04:15:00+00:00 [queued]>
[2024-07-25T14:48:34.174-0300] {taskinstance.py:2306} INFO - Starting attempt 1 of 1
[2024-07-25T14:48:34.189-0300] {taskinstance.py:2330} INFO - Executing <Task(PythonOperator): get_5m_info> on 2024-07-25 04:15:00+00:00
[2024-07-25T14:48:34.191-0300] {standard_task_runner.py:64} INFO - Started process 2607981 to run task
[2024-07-25T14:48:34.194-0300] {standard_task_runner.py:90} INFO - Running: ['airflow', 'tasks', 'run', 'Binance_5m', 'get_5m_info', 'scheduled__2024-07-25T04:15:00+00:00', '--job-id', '2137', '--raw', '--subdir', 'DAGS_FOLDER/binance_dag.py', '--cfg-path', '/tmp/tmp50f9xd16']
[2024-07-25T14:48:34.195-0300] {standard_task_runner.py:91} INFO - Job 2137: Subtask get_5m_info
[2024-07-25T14:48:34.227-0300] {task_command.py:426} INFO - Running <TaskInstance: Binance_5m.get_5m_info scheduled__2024-07-25T04:15:00+00:00 [running]> on host Galaxybook.
[2024-07-25T14:48:34.293-0300] {taskinstance.py:2648} INFO - Exporting env vars: AIRFLOW_CTX_DAG_OWNER='airflow' AIRFLOW_CTX_DAG_ID='Binance_5m' AIRFLOW_CTX_TASK_ID='get_5m_info' AIRFLOW_CTX_EXECUTION_DATE='2024-07-25T04:15:00+00:00' AIRFLOW_CTX_TRY_NUMBER='1' AIRFLOW_CTX_DAG_RUN_ID='scheduled__2024-07-25T04:15:00+00:00'
[2024-07-25T14:48:34.293-0300] {taskinstance.py:430} INFO - ::endgroup::
[2024-07-25T14:48:34.303-0300] {binance_dag.py:23} INFO - End Time: 2024-07-25T04:20:00.00Z
[2024-07-25T14:48:34.303-0300] {binance_dag.py:24} INFO - Start Time: 2024-07-25T04:15:00.00Z
[2024-07-25T14:48:34.368-0300] {base.py:84} INFO - Using connection ID 'binance_default' for task execution.
[2024-07-25T14:48:34.368-0300] {logging_mixin.py:188} INFO - https://api.binance.com
[2024-07-25T14:48:34.369-0300] {binance_hook.py:35} INFO - URL: https://api.binance.com/api/v3/klines?symbol=BTCBRL&interval=5m&startTime=1721891700000&endTime=1721891999999
[2024-07-25T14:48:34.770-0300] {binance_dag.py:43} INFO - r: [[1721891700000, '365741.00000000', '366219.00000000', '365741.00000000', '366011.00000000', '0.05228000', 1721891999999, '19138.13893000', 13, '0.04058000', '14855.80183000', '0']]
[2024-07-25T14:48:34.771-0300] {python.py:237} INFO - Done. Returned value was: None
[2024-07-25T14:48:34.771-0300] {taskinstance.py:441} INFO - ::group::Post task execution logs
[2024-07-25T14:48:34.774-0300] {taskinstance.py:1206} INFO - Marking task as SUCCESS. dag_id=Binance_5m, task_id=get_5m_info, run_id=scheduled__2024-07-25T04:15:00+00:00, execution_date=20240725T041500, start_date=20240725T174834, end_date=20240725T174834
[2024-07-25T14:48:34.819-0300] {local_task_job_runner.py:243} INFO - Task exited with return code 0
[2024-07-25T14:48:34.830-0300] {taskinstance.py:3503} INFO - 0 downstream tasks scheduled from follow-on schedule check
[2024-07-25T14:48:34.831-0300] {local_task_job_runner.py:222} INFO - ::endgroup::
[2024-07-25T15:18:44.096-0300] {local_task_job_runner.py:120} INFO - ::group::Pre task execution logs
[2024-07-25T15:18:44.102-0300] {taskinstance.py:2076} INFO - Dependencies all met for dep_context=non-requeueable deps ti=<TaskInstance: Binance_5m.get_5m_info scheduled__2024-07-25T04:15:00+00:00 [queued]>
[2024-07-25T15:18:44.106-0300] {taskinstance.py:2076} INFO - Dependencies all met for dep_context=requeueable deps ti=<TaskInstance: Binance_5m.get_5m_info scheduled__2024-07-25T04:15:00+00:00 [queued]>
[2024-07-25T15:18:44.106-0300] {taskinstance.py:2306} INFO - Starting attempt 1 of 1
[2024-07-25T15:18:44.120-0300] {taskinstance.py:2330} INFO - Executing <Task(PythonOperator): get_5m_info> on 2024-07-25 04:15:00+00:00
[2024-07-25T15:18:44.123-0300] {standard_task_runner.py:64} INFO - Started process 2630501 to run task
[2024-07-25T15:18:44.125-0300] {standard_task_runner.py:90} INFO - Running: ['airflow', 'tasks', 'run', 'Binance_5m', 'get_5m_info', 'scheduled__2024-07-25T04:15:00+00:00', '--job-id', '2586', '--raw', '--subdir', 'DAGS_FOLDER/binance_dag.py', '--cfg-path', '/tmp/tmpjm7oitzp']
[2024-07-25T15:18:44.126-0300] {standard_task_runner.py:91} INFO - Job 2586: Subtask get_5m_info
[2024-07-25T15:18:44.152-0300] {task_command.py:426} INFO - Running <TaskInstance: Binance_5m.get_5m_info scheduled__2024-07-25T04:15:00+00:00 [running]> on host Galaxybook.
[2024-07-25T15:18:44.207-0300] {taskinstance.py:2648} INFO - Exporting env vars: AIRFLOW_CTX_DAG_OWNER='airflow' AIRFLOW_CTX_DAG_ID='Binance_5m' AIRFLOW_CTX_TASK_ID='get_5m_info' AIRFLOW_CTX_EXECUTION_DATE='2024-07-25T04:15:00+00:00' AIRFLOW_CTX_TRY_NUMBER='1' AIRFLOW_CTX_DAG_RUN_ID='scheduled__2024-07-25T04:15:00+00:00'
[2024-07-25T15:18:44.208-0300] {taskinstance.py:430} INFO - ::endgroup::
[2024-07-25T15:18:44.217-0300] {binance_dag.py:23} INFO - End Time: 2024-07-25T04:20:00.00Z
[2024-07-25T15:18:44.217-0300] {binance_dag.py:24} INFO - Start Time: 2024-07-25T04:15:00.00Z
[2024-07-25T15:18:44.275-0300] {binance_dag.py:25} INFO - 1721891700000
[2024-07-25T15:18:44.278-0300] {base.py:84} INFO - Using connection ID 'binance_default' for task execution.
[2024-07-25T15:18:44.278-0300] {logging_mixin.py:188} INFO - https://api.binance.com
[2024-07-25T15:18:44.279-0300] {binance_hook.py:35} INFO - URL: https://api.binance.com/api/v3/klines?symbol=BTCBRL&interval=5m&startTime=1721891700000&endTime=1721891999999
[2024-07-25T15:18:49.102-0300] {python.py:237} INFO - Done. Returned value was: None
[2024-07-25T15:18:49.103-0300] {taskinstance.py:441} INFO - ::group::Post task execution logs
[2024-07-25T15:18:49.105-0300] {taskinstance.py:1206} INFO - Marking task as SUCCESS. dag_id=Binance_5m, task_id=get_5m_info, run_id=scheduled__2024-07-25T04:15:00+00:00, execution_date=20240725T041500, start_date=20240725T181844, end_date=20240725T181849
[2024-07-25T15:18:49.121-0300] {local_task_job_runner.py:243} INFO - Task exited with return code 0
[2024-07-25T15:18:49.126-0300] {taskinstance.py:3503} INFO - 0 downstream tasks scheduled from follow-on schedule check
[2024-07-25T15:18:49.126-0300] {local_task_job_runner.py:222} INFO - ::endgroup::
[2024-07-25T16:15:19.317-0300] {local_task_job_runner.py:120} INFO - ::group::Pre task execution logs
[2024-07-25T16:15:19.322-0300] {taskinstance.py:2076} INFO - Dependencies all met for dep_context=non-requeueable deps ti=<TaskInstance: Binance_5m.get_5m_info scheduled__2024-07-25T04:15:00+00:00 [queued]>
[2024-07-25T16:15:19.329-0300] {taskinstance.py:2076} INFO - Dependencies all met for dep_context=requeueable deps ti=<TaskInstance: Binance_5m.get_5m_info scheduled__2024-07-25T04:15:00+00:00 [queued]>
[2024-07-25T16:15:19.329-0300] {taskinstance.py:2306} INFO - Starting attempt 1 of 1
[2024-07-25T16:15:19.344-0300] {taskinstance.py:2330} INFO - Executing <Task(PythonOperator): get_5m_info> on 2024-07-25 04:15:00+00:00
[2024-07-25T16:15:19.347-0300] {standard_task_runner.py:64} INFO - Started process 2658291 to run task
[2024-07-25T16:15:19.349-0300] {standard_task_runner.py:90} INFO - Running: ['airflow', 'tasks', 'run', 'Binance_5m', 'get_5m_info', 'scheduled__2024-07-25T04:15:00+00:00', '--job-id', '2146', '--raw', '--subdir', 'DAGS_FOLDER/binance_dag.py', '--cfg-path', '/tmp/tmpxsfw3lvz']
[2024-07-25T16:15:19.350-0300] {standard_task_runner.py:91} INFO - Job 2146: Subtask get_5m_info
[2024-07-25T16:15:19.381-0300] {task_command.py:426} INFO - Running <TaskInstance: Binance_5m.get_5m_info scheduled__2024-07-25T04:15:00+00:00 [running]> on host Galaxybook.
[2024-07-25T16:15:19.435-0300] {taskinstance.py:2648} INFO - Exporting env vars: AIRFLOW_CTX_DAG_OWNER='airflow' AIRFLOW_CTX_DAG_ID='Binance_5m' AIRFLOW_CTX_TASK_ID='get_5m_info' AIRFLOW_CTX_EXECUTION_DATE='2024-07-25T04:15:00+00:00' AIRFLOW_CTX_TRY_NUMBER='1' AIRFLOW_CTX_DAG_RUN_ID='scheduled__2024-07-25T04:15:00+00:00'
[2024-07-25T16:15:19.436-0300] {taskinstance.py:430} INFO - ::endgroup::
[2024-07-25T16:15:19.445-0300] {binance_dag.py:22} INFO - End Time: 2024-07-25 04:20:00+00:00
[2024-07-25T16:15:19.445-0300] {binance_dag.py:23} INFO - Start Time: 2024-07-25 04:15:00+00:00
[2024-07-25T16:15:19.446-0300] {binance_dag.py:24} INFO - Start timestamp: 1721880900000
[2024-07-25T16:15:19.446-0300] {binance_dag.py:25} INFO - End timestamp: 1721881200000
[2024-07-25T16:15:19.528-0300] {base.py:84} INFO - Using connection ID 'binance_default' for task execution.
[2024-07-25T16:15:19.528-0300] {logging_mixin.py:188} INFO - https://api.binance.com
[2024-07-25T16:15:19.529-0300] {binance_hook.py:35} INFO - URL: https://api.binance.com/api/v3/klines?symbol=BTCBRL&interval=5m&startTime=1721880900000&endTime=1721881199999&timeZone=-3
[2024-07-25T16:15:19.970-0300] {python.py:237} INFO - Done. Returned value was: None
[2024-07-25T16:15:19.971-0300] {taskinstance.py:441} INFO - ::group::Post task execution logs
[2024-07-25T16:15:19.973-0300] {taskinstance.py:1206} INFO - Marking task as SUCCESS. dag_id=Binance_5m, task_id=get_5m_info, run_id=scheduled__2024-07-25T04:15:00+00:00, execution_date=20240725T041500, start_date=20240725T191519, end_date=20240725T191519
[2024-07-25T16:15:20.012-0300] {local_task_job_runner.py:243} INFO - Task exited with return code 0
[2024-07-25T16:15:20.019-0300] {taskinstance.py:3503} INFO - 0 downstream tasks scheduled from follow-on schedule check
[2024-07-25T16:15:20.019-0300] {local_task_job_runner.py:222} INFO - ::endgroup::
