[2024-07-25T14:28:11.014-0300] {local_task_job_runner.py:120} INFO - ::group::Pre task execution logs
[2024-07-25T14:28:11.019-0300] {taskinstance.py:2076} INFO - Dependencies all met for dep_context=non-requeueable deps ti=<TaskInstance: Binance_5m.get_5m_info scheduled__2024-07-25T13:10:00+00:00 [queued]>
[2024-07-25T14:28:11.022-0300] {taskinstance.py:2076} INFO - Dependencies all met for dep_context=requeueable deps ti=<TaskInstance: Binance_5m.get_5m_info scheduled__2024-07-25T13:10:00+00:00 [queued]>
[2024-07-25T14:28:11.023-0300] {taskinstance.py:2306} INFO - Starting attempt 1 of 1
[2024-07-25T14:28:11.036-0300] {taskinstance.py:2330} INFO - Executing <Task(PythonOperator): get_5m_info> on 2024-07-25 13:10:00+00:00
[2024-07-25T14:28:11.037-0300] {standard_task_runner.py:64} INFO - Started process 2590955 to run task
[2024-07-25T14:28:11.040-0300] {standard_task_runner.py:90} INFO - Running: ['airflow', 'tasks', 'run', 'Binance_5m', 'get_5m_info', 'scheduled__2024-07-25T13:10:00+00:00', '--job-id', '2111', '--raw', '--subdir', 'DAGS_FOLDER/binance_dag.py', '--cfg-path', '/tmp/tmpov49wb28']
[2024-07-25T14:28:11.041-0300] {standard_task_runner.py:91} INFO - Job 2111: Subtask get_5m_info
[2024-07-25T14:28:11.067-0300] {task_command.py:426} INFO - Running <TaskInstance: Binance_5m.get_5m_info scheduled__2024-07-25T13:10:00+00:00 [running]> on host Galaxybook.
[2024-07-25T14:28:11.118-0300] {taskinstance.py:2648} INFO - Exporting env vars: AIRFLOW_CTX_DAG_OWNER='airflow' AIRFLOW_CTX_DAG_ID='Binance_5m' AIRFLOW_CTX_TASK_ID='get_5m_info' AIRFLOW_CTX_EXECUTION_DATE='2024-07-25T13:10:00+00:00' AIRFLOW_CTX_TRY_NUMBER='1' AIRFLOW_CTX_DAG_RUN_ID='scheduled__2024-07-25T13:10:00+00:00'
[2024-07-25T14:28:11.119-0300] {taskinstance.py:430} INFO - ::endgroup::
[2024-07-25T14:28:11.127-0300] {binance_dag.py:23} INFO - End Time: 2024-07-25T13:15:00.00Z
[2024-07-25T14:28:11.191-0300] {base.py:84} INFO - Using connection ID 'binance_default' for task execution.
[2024-07-25T14:28:11.191-0300] {logging_mixin.py:188} INFO - https://api.binance.com
[2024-07-25T14:28:11.192-0300] {binance_hook.py:35} INFO - URL: https://api.binance.com/api/v3/klines?symbol=BTCBRL&interval=5m&startTime=1721923800000&endTime=1721924100000
[2024-07-25T14:28:11.587-0300] {python.py:237} INFO - Done. Returned value was: None
[2024-07-25T14:28:11.588-0300] {taskinstance.py:441} INFO - ::group::Post task execution logs
[2024-07-25T14:28:11.591-0300] {taskinstance.py:1206} INFO - Marking task as SUCCESS. dag_id=Binance_5m, task_id=get_5m_info, run_id=scheduled__2024-07-25T13:10:00+00:00, execution_date=20240725T131000, start_date=20240725T172811, end_date=20240725T172811
[2024-07-25T14:28:11.621-0300] {local_task_job_runner.py:243} INFO - Task exited with return code 0
[2024-07-25T14:28:11.628-0300] {taskinstance.py:3503} INFO - 0 downstream tasks scheduled from follow-on schedule check
[2024-07-25T14:28:11.628-0300] {local_task_job_runner.py:222} INFO - ::endgroup::
[2024-07-25T14:31:36.179-0300] {local_task_job_runner.py:120} INFO - ::group::Pre task execution logs
[2024-07-25T14:31:36.186-0300] {taskinstance.py:2076} INFO - Dependencies all met for dep_context=non-requeueable deps ti=<TaskInstance: Binance_5m.get_5m_info scheduled__2024-07-25T13:10:00+00:00 [queued]>
[2024-07-25T14:31:36.192-0300] {taskinstance.py:2076} INFO - Dependencies all met for dep_context=requeueable deps ti=<TaskInstance: Binance_5m.get_5m_info scheduled__2024-07-25T13:10:00+00:00 [queued]>
[2024-07-25T14:31:36.193-0300] {taskinstance.py:2306} INFO - Starting attempt 1 of 1
[2024-07-25T14:31:36.209-0300] {taskinstance.py:2330} INFO - Executing <Task(PythonOperator): get_5m_info> on 2024-07-25 13:10:00+00:00
[2024-07-25T14:31:36.211-0300] {standard_task_runner.py:64} INFO - Started process 2594461 to run task
[2024-07-25T14:31:36.214-0300] {standard_task_runner.py:90} INFO - Running: ['airflow', 'tasks', 'run', 'Binance_5m', 'get_5m_info', 'scheduled__2024-07-25T13:10:00+00:00', '--job-id', '2134', '--raw', '--subdir', 'DAGS_FOLDER/binance_dag.py', '--cfg-path', '/tmp/tmpy7q72s3q']
[2024-07-25T14:31:36.215-0300] {standard_task_runner.py:91} INFO - Job 2134: Subtask get_5m_info
[2024-07-25T14:31:36.246-0300] {task_command.py:426} INFO - Running <TaskInstance: Binance_5m.get_5m_info scheduled__2024-07-25T13:10:00+00:00 [running]> on host Galaxybook.
[2024-07-25T14:31:36.305-0300] {taskinstance.py:2648} INFO - Exporting env vars: AIRFLOW_CTX_DAG_OWNER='airflow' AIRFLOW_CTX_DAG_ID='Binance_5m' AIRFLOW_CTX_TASK_ID='get_5m_info' AIRFLOW_CTX_EXECUTION_DATE='2024-07-25T13:10:00+00:00' AIRFLOW_CTX_TRY_NUMBER='1' AIRFLOW_CTX_DAG_RUN_ID='scheduled__2024-07-25T13:10:00+00:00'
[2024-07-25T14:31:36.305-0300] {taskinstance.py:430} INFO - ::endgroup::
[2024-07-25T14:31:36.314-0300] {binance_dag.py:23} INFO - End Time: 2024-07-25T13:15:00.00Z
[2024-07-25T14:31:36.383-0300] {base.py:84} INFO - Using connection ID 'binance_default' for task execution.
[2024-07-25T14:31:36.383-0300] {logging_mixin.py:188} INFO - https://api.binance.com
[2024-07-25T14:31:36.384-0300] {binance_hook.py:35} INFO - URL: https://api.binance.com/api/v3/klines?symbol=BTCBRL&interval=5m&startTime=1721923800000&endTime=1721924100000
[2024-07-25T14:31:36.791-0300] {python.py:237} INFO - Done. Returned value was: None
[2024-07-25T14:31:36.792-0300] {taskinstance.py:441} INFO - ::group::Post task execution logs
[2024-07-25T14:31:36.794-0300] {taskinstance.py:1206} INFO - Marking task as SUCCESS. dag_id=Binance_5m, task_id=get_5m_info, run_id=scheduled__2024-07-25T13:10:00+00:00, execution_date=20240725T131000, start_date=20240725T173136, end_date=20240725T173136
[2024-07-25T14:31:36.841-0300] {local_task_job_runner.py:243} INFO - Task exited with return code 0
[2024-07-25T14:31:36.849-0300] {taskinstance.py:3503} INFO - 0 downstream tasks scheduled from follow-on schedule check
[2024-07-25T14:31:36.850-0300] {local_task_job_runner.py:222} INFO - ::endgroup::
[2024-07-25T14:36:05.285-0300] {local_task_job_runner.py:120} INFO - ::group::Pre task execution logs
[2024-07-25T14:36:05.292-0300] {taskinstance.py:2076} INFO - Dependencies all met for dep_context=non-requeueable deps ti=<TaskInstance: Binance_5m.get_5m_info scheduled__2024-07-25T13:10:00+00:00 [queued]>
[2024-07-25T14:36:05.296-0300] {taskinstance.py:2076} INFO - Dependencies all met for dep_context=requeueable deps ti=<TaskInstance: Binance_5m.get_5m_info scheduled__2024-07-25T13:10:00+00:00 [queued]>
[2024-07-25T14:36:05.296-0300] {taskinstance.py:2306} INFO - Starting attempt 1 of 1
[2024-07-25T14:36:05.314-0300] {taskinstance.py:2330} INFO - Executing <Task(PythonOperator): get_5m_info> on 2024-07-25 13:10:00+00:00
[2024-07-25T14:36:05.316-0300] {standard_task_runner.py:64} INFO - Started process 2598495 to run task
[2024-07-25T14:36:05.319-0300] {standard_task_runner.py:90} INFO - Running: ['airflow', 'tasks', 'run', 'Binance_5m', 'get_5m_info', 'scheduled__2024-07-25T13:10:00+00:00', '--job-id', '2096', '--raw', '--subdir', 'DAGS_FOLDER/binance_dag.py', '--cfg-path', '/tmp/tmp65u594ez']
[2024-07-25T14:36:05.320-0300] {standard_task_runner.py:91} INFO - Job 2096: Subtask get_5m_info
[2024-07-25T14:36:05.354-0300] {task_command.py:426} INFO - Running <TaskInstance: Binance_5m.get_5m_info scheduled__2024-07-25T13:10:00+00:00 [running]> on host Galaxybook.
[2024-07-25T14:36:05.417-0300] {taskinstance.py:2648} INFO - Exporting env vars: AIRFLOW_CTX_DAG_OWNER='airflow' AIRFLOW_CTX_DAG_ID='Binance_5m' AIRFLOW_CTX_TASK_ID='get_5m_info' AIRFLOW_CTX_EXECUTION_DATE='2024-07-25T13:10:00+00:00' AIRFLOW_CTX_TRY_NUMBER='1' AIRFLOW_CTX_DAG_RUN_ID='scheduled__2024-07-25T13:10:00+00:00'
[2024-07-25T14:36:05.418-0300] {taskinstance.py:430} INFO - ::endgroup::
[2024-07-25T14:36:05.430-0300] {binance_dag.py:23} INFO - End Time: 2024-07-25T13:15:00.00Z
[2024-07-25T14:36:05.505-0300] {base.py:84} INFO - Using connection ID 'binance_default' for task execution.
[2024-07-25T14:36:05.506-0300] {logging_mixin.py:188} INFO - https://api.binance.com
[2024-07-25T14:36:05.506-0300] {binance_hook.py:35} INFO - URL: https://api.binance.com/api/v3/klines?symbol=BTCBRL&interval=5m&startTime=1721923800000&endTime=1721924100000
[2024-07-25T14:36:05.903-0300] {binance_dag.py:42} INFO - r: [[1721923800000, '366968.00000000', '367525.00000000', '366890.00000000', '367377.00000000', '0.76296000', 1721924099999, '280150.00867000', 92, '0.56312000', '206789.62342000', '0'], [1721924100000, '367410.00000000', '367431.00000000', '366879.00000000', '367192.00000000', '0.31118000', 1721924399999, '114231.76605000', 81, '0.17224000', '63216.82784000', '0']]
[2024-07-25T14:36:05.904-0300] {python.py:237} INFO - Done. Returned value was: None
[2024-07-25T14:36:05.904-0300] {taskinstance.py:441} INFO - ::group::Post task execution logs
[2024-07-25T14:36:05.907-0300] {taskinstance.py:1206} INFO - Marking task as SUCCESS. dag_id=Binance_5m, task_id=get_5m_info, run_id=scheduled__2024-07-25T13:10:00+00:00, execution_date=20240725T131000, start_date=20240725T173605, end_date=20240725T173605
[2024-07-25T14:36:05.936-0300] {local_task_job_runner.py:243} INFO - Task exited with return code 0
[2024-07-25T14:36:05.943-0300] {taskinstance.py:3503} INFO - 0 downstream tasks scheduled from follow-on schedule check
[2024-07-25T14:36:05.943-0300] {local_task_job_runner.py:222} INFO - ::endgroup::
[2024-07-25T14:37:00.121-0300] {local_task_job_runner.py:120} INFO - ::group::Pre task execution logs
[2024-07-25T14:37:00.127-0300] {taskinstance.py:2076} INFO - Dependencies all met for dep_context=non-requeueable deps ti=<TaskInstance: Binance_5m.get_5m_info scheduled__2024-07-25T13:10:00+00:00 [queued]>
[2024-07-25T14:37:00.130-0300] {taskinstance.py:2076} INFO - Dependencies all met for dep_context=requeueable deps ti=<TaskInstance: Binance_5m.get_5m_info scheduled__2024-07-25T13:10:00+00:00 [queued]>
[2024-07-25T14:37:00.130-0300] {taskinstance.py:2306} INFO - Starting attempt 1 of 1
[2024-07-25T14:37:00.143-0300] {taskinstance.py:2330} INFO - Executing <Task(PythonOperator): get_5m_info> on 2024-07-25 13:10:00+00:00
[2024-07-25T14:37:00.144-0300] {standard_task_runner.py:64} INFO - Started process 2599418 to run task
[2024-07-25T14:37:00.147-0300] {standard_task_runner.py:90} INFO - Running: ['airflow', 'tasks', 'run', 'Binance_5m', 'get_5m_info', 'scheduled__2024-07-25T13:10:00+00:00', '--job-id', '2096', '--raw', '--subdir', 'DAGS_FOLDER/binance_dag.py', '--cfg-path', '/tmp/tmp5cfwy925']
[2024-07-25T14:37:00.148-0300] {standard_task_runner.py:91} INFO - Job 2096: Subtask get_5m_info
[2024-07-25T14:37:00.172-0300] {task_command.py:426} INFO - Running <TaskInstance: Binance_5m.get_5m_info scheduled__2024-07-25T13:10:00+00:00 [running]> on host Galaxybook.
[2024-07-25T14:37:00.223-0300] {taskinstance.py:2648} INFO - Exporting env vars: AIRFLOW_CTX_DAG_OWNER='airflow' AIRFLOW_CTX_DAG_ID='Binance_5m' AIRFLOW_CTX_TASK_ID='get_5m_info' AIRFLOW_CTX_EXECUTION_DATE='2024-07-25T13:10:00+00:00' AIRFLOW_CTX_TRY_NUMBER='1' AIRFLOW_CTX_DAG_RUN_ID='scheduled__2024-07-25T13:10:00+00:00'
[2024-07-25T14:37:00.223-0300] {taskinstance.py:430} INFO - ::endgroup::
[2024-07-25T14:37:00.230-0300] {binance_dag.py:23} INFO - End Time: 2024-07-25T13:15:00.00Z
[2024-07-25T14:37:00.295-0300] {base.py:84} INFO - Using connection ID 'binance_default' for task execution.
[2024-07-25T14:37:00.296-0300] {logging_mixin.py:188} INFO - https://api.binance.com
[2024-07-25T14:37:00.296-0300] {binance_hook.py:35} INFO - URL: https://api.binance.com/api/v3/klines?symbol=BTCBRL&interval=5m&startTime=1721923800000&endTime=1721924100000
[2024-07-25T14:37:00.688-0300] {binance_dag.py:42} INFO - r: [[1721923800000, '366968.00000000', '367525.00000000', '366890.00000000', '367377.00000000', '0.76296000', 1721924099999, '280150.00867000', 92, '0.56312000', '206789.62342000', '0'], [1721924100000, '367410.00000000', '367431.00000000', '366879.00000000', '367192.00000000', '0.31118000', 1721924399999, '114231.76605000', 81, '0.17224000', '63216.82784000', '0']]
[2024-07-25T14:37:00.690-0300] {python.py:237} INFO - Done. Returned value was: None
[2024-07-25T14:37:00.691-0300] {taskinstance.py:441} INFO - ::group::Post task execution logs
[2024-07-25T14:37:00.694-0300] {taskinstance.py:1206} INFO - Marking task as SUCCESS. dag_id=Binance_5m, task_id=get_5m_info, run_id=scheduled__2024-07-25T13:10:00+00:00, execution_date=20240725T131000, start_date=20240725T173700, end_date=20240725T173700
[2024-07-25T14:37:00.729-0300] {local_task_job_runner.py:243} INFO - Task exited with return code 0
[2024-07-25T14:37:00.736-0300] {taskinstance.py:3503} INFO - 0 downstream tasks scheduled from follow-on schedule check
[2024-07-25T14:37:00.737-0300] {local_task_job_runner.py:222} INFO - ::endgroup::
[2024-07-25T14:52:53.764-0300] {local_task_job_runner.py:120} INFO - ::group::Pre task execution logs
[2024-07-25T14:52:53.769-0300] {taskinstance.py:2076} INFO - Dependencies all met for dep_context=non-requeueable deps ti=<TaskInstance: Binance_5m.get_5m_info scheduled__2024-07-25T13:10:00+00:00 [queued]>
[2024-07-25T14:52:53.772-0300] {taskinstance.py:2076} INFO - Dependencies all met for dep_context=requeueable deps ti=<TaskInstance: Binance_5m.get_5m_info scheduled__2024-07-25T13:10:00+00:00 [queued]>
[2024-07-25T14:52:53.772-0300] {taskinstance.py:2306} INFO - Starting attempt 1 of 1
[2024-07-25T14:52:53.786-0300] {taskinstance.py:2330} INFO - Executing <Task(PythonOperator): get_5m_info> on 2024-07-25 13:10:00+00:00
[2024-07-25T14:52:53.788-0300] {standard_task_runner.py:64} INFO - Started process 2612287 to run task
[2024-07-25T14:52:53.790-0300] {standard_task_runner.py:90} INFO - Running: ['airflow', 'tasks', 'run', 'Binance_5m', 'get_5m_info', 'scheduled__2024-07-25T13:10:00+00:00', '--job-id', '2250', '--raw', '--subdir', 'DAGS_FOLDER/binance_dag.py', '--cfg-path', '/tmp/tmp5_ohmq5p']
[2024-07-25T14:52:53.791-0300] {standard_task_runner.py:91} INFO - Job 2250: Subtask get_5m_info
[2024-07-25T14:52:53.816-0300] {task_command.py:426} INFO - Running <TaskInstance: Binance_5m.get_5m_info scheduled__2024-07-25T13:10:00+00:00 [running]> on host Galaxybook.
[2024-07-25T14:52:53.868-0300] {taskinstance.py:2648} INFO - Exporting env vars: AIRFLOW_CTX_DAG_OWNER='airflow' AIRFLOW_CTX_DAG_ID='Binance_5m' AIRFLOW_CTX_TASK_ID='get_5m_info' AIRFLOW_CTX_EXECUTION_DATE='2024-07-25T13:10:00+00:00' AIRFLOW_CTX_TRY_NUMBER='1' AIRFLOW_CTX_DAG_RUN_ID='scheduled__2024-07-25T13:10:00+00:00'
[2024-07-25T14:52:53.868-0300] {taskinstance.py:430} INFO - ::endgroup::
[2024-07-25T14:52:53.876-0300] {binance_dag.py:23} INFO - End Time: 2024-07-25T13:15:00.00Z
[2024-07-25T14:52:53.876-0300] {binance_dag.py:24} INFO - Start Time: 2024-07-25T13:10:00.00Z
[2024-07-25T14:52:53.929-0300] {base.py:84} INFO - Using connection ID 'binance_default' for task execution.
[2024-07-25T14:52:53.929-0300] {logging_mixin.py:188} INFO - https://api.binance.com
[2024-07-25T14:52:53.929-0300] {binance_hook.py:35} INFO - URL: https://api.binance.com/api/v3/klines?symbol=BTCBRL&interval=5m&startTime=1721923800000&endTime=1721924099999
[2024-07-25T14:52:54.341-0300] {binance_dag.py:43} INFO - r: [[1721923800000, '366968.00000000', '367525.00000000', '366890.00000000', '367377.00000000', '0.76296000', 1721924099999, '280150.00867000', 92, '0.56312000', '206789.62342000', '0']]
[2024-07-25T14:52:54.343-0300] {python.py:237} INFO - Done. Returned value was: None
[2024-07-25T14:52:54.344-0300] {taskinstance.py:441} INFO - ::group::Post task execution logs
[2024-07-25T14:52:54.347-0300] {taskinstance.py:1206} INFO - Marking task as SUCCESS. dag_id=Binance_5m, task_id=get_5m_info, run_id=scheduled__2024-07-25T13:10:00+00:00, execution_date=20240725T131000, start_date=20240725T175253, end_date=20240725T175254
[2024-07-25T14:52:54.375-0300] {local_task_job_runner.py:243} INFO - Task exited with return code 0
[2024-07-25T14:52:54.381-0300] {taskinstance.py:3503} INFO - 0 downstream tasks scheduled from follow-on schedule check
[2024-07-25T14:52:54.382-0300] {local_task_job_runner.py:222} INFO - ::endgroup::
[2024-07-25T15:22:45.121-0300] {local_task_job_runner.py:120} INFO - ::group::Pre task execution logs
[2024-07-25T15:22:45.137-0300] {taskinstance.py:2076} INFO - Dependencies all met for dep_context=non-requeueable deps ti=<TaskInstance: Binance_5m.get_5m_info scheduled__2024-07-25T13:10:00+00:00 [queued]>
[2024-07-25T15:22:45.141-0300] {taskinstance.py:2076} INFO - Dependencies all met for dep_context=requeueable deps ti=<TaskInstance: Binance_5m.get_5m_info scheduled__2024-07-25T13:10:00+00:00 [queued]>
[2024-07-25T15:22:45.141-0300] {taskinstance.py:2306} INFO - Starting attempt 1 of 1
[2024-07-25T15:22:45.153-0300] {taskinstance.py:2330} INFO - Executing <Task(PythonOperator): get_5m_info> on 2024-07-25 13:10:00+00:00
[2024-07-25T15:22:45.155-0300] {standard_task_runner.py:64} INFO - Started process 2634481 to run task
[2024-07-25T15:22:45.157-0300] {standard_task_runner.py:90} INFO - Running: ['airflow', 'tasks', 'run', 'Binance_5m', 'get_5m_info', 'scheduled__2024-07-25T13:10:00+00:00', '--job-id', '2693', '--raw', '--subdir', 'DAGS_FOLDER/binance_dag.py', '--cfg-path', '/tmp/tmp0zosra3z']
[2024-07-25T15:22:45.158-0300] {standard_task_runner.py:91} INFO - Job 2693: Subtask get_5m_info
[2024-07-25T15:22:45.187-0300] {task_command.py:426} INFO - Running <TaskInstance: Binance_5m.get_5m_info scheduled__2024-07-25T13:10:00+00:00 [running]> on host Galaxybook.
[2024-07-25T15:22:45.242-0300] {taskinstance.py:2648} INFO - Exporting env vars: AIRFLOW_CTX_DAG_OWNER='airflow' AIRFLOW_CTX_DAG_ID='Binance_5m' AIRFLOW_CTX_TASK_ID='get_5m_info' AIRFLOW_CTX_EXECUTION_DATE='2024-07-25T13:10:00+00:00' AIRFLOW_CTX_TRY_NUMBER='1' AIRFLOW_CTX_DAG_RUN_ID='scheduled__2024-07-25T13:10:00+00:00'
[2024-07-25T15:22:45.242-0300] {taskinstance.py:430} INFO - ::endgroup::
[2024-07-25T15:22:45.251-0300] {binance_dag.py:23} INFO - End Time: 2024-07-25T13:15:00.00Z
[2024-07-25T15:22:45.252-0300] {binance_dag.py:24} INFO - Start Time: 2024-07-25T13:10:00.00Z
[2024-07-25T15:22:45.308-0300] {binance_dag.py:25} INFO - 1721923800000
[2024-07-25T15:22:45.311-0300] {base.py:84} INFO - Using connection ID 'binance_default' for task execution.
[2024-07-25T15:22:45.311-0300] {logging_mixin.py:188} INFO - https://api.binance.com
[2024-07-25T15:22:45.312-0300] {binance_hook.py:35} INFO - URL: https://api.binance.com/api/v3/klines?symbol=BTCBRL&interval=5m&startTime=1721923800000&endTime=1721924099999
[2024-07-25T15:22:45.707-0300] {python.py:237} INFO - Done. Returned value was: None
[2024-07-25T15:22:45.709-0300] {taskinstance.py:441} INFO - ::group::Post task execution logs
[2024-07-25T15:22:45.712-0300] {taskinstance.py:1206} INFO - Marking task as SUCCESS. dag_id=Binance_5m, task_id=get_5m_info, run_id=scheduled__2024-07-25T13:10:00+00:00, execution_date=20240725T131000, start_date=20240725T182245, end_date=20240725T182245
[2024-07-25T15:22:45.740-0300] {local_task_job_runner.py:243} INFO - Task exited with return code 0
[2024-07-25T15:22:45.747-0300] {taskinstance.py:3503} INFO - 0 downstream tasks scheduled from follow-on schedule check
[2024-07-25T15:22:45.747-0300] {local_task_job_runner.py:222} INFO - ::endgroup::
[2024-07-25T16:20:46.368-0300] {local_task_job_runner.py:120} INFO - ::group::Pre task execution logs
[2024-07-25T16:20:46.376-0300] {taskinstance.py:2076} INFO - Dependencies all met for dep_context=non-requeueable deps ti=<TaskInstance: Binance_5m.get_5m_info scheduled__2024-07-25T13:10:00+00:00 [queued]>
[2024-07-25T16:20:46.381-0300] {taskinstance.py:2076} INFO - Dependencies all met for dep_context=requeueable deps ti=<TaskInstance: Binance_5m.get_5m_info scheduled__2024-07-25T13:10:00+00:00 [queued]>
[2024-07-25T16:20:46.381-0300] {taskinstance.py:2306} INFO - Starting attempt 1 of 1
[2024-07-25T16:20:46.402-0300] {taskinstance.py:2330} INFO - Executing <Task(PythonOperator): get_5m_info> on 2024-07-25 13:10:00+00:00
[2024-07-25T16:20:46.404-0300] {standard_task_runner.py:64} INFO - Started process 2663800 to run task
[2024-07-25T16:20:46.406-0300] {standard_task_runner.py:90} INFO - Running: ['airflow', 'tasks', 'run', 'Binance_5m', 'get_5m_info', 'scheduled__2024-07-25T13:10:00+00:00', '--job-id', '2299', '--raw', '--subdir', 'DAGS_FOLDER/binance_dag.py', '--cfg-path', '/tmp/tmpz8cz0b8j']
[2024-07-25T16:20:46.407-0300] {standard_task_runner.py:91} INFO - Job 2299: Subtask get_5m_info
[2024-07-25T16:20:46.441-0300] {task_command.py:426} INFO - Running <TaskInstance: Binance_5m.get_5m_info scheduled__2024-07-25T13:10:00+00:00 [running]> on host Galaxybook.
[2024-07-25T16:20:46.508-0300] {taskinstance.py:2648} INFO - Exporting env vars: AIRFLOW_CTX_DAG_OWNER='airflow' AIRFLOW_CTX_DAG_ID='Binance_5m' AIRFLOW_CTX_TASK_ID='get_5m_info' AIRFLOW_CTX_EXECUTION_DATE='2024-07-25T13:10:00+00:00' AIRFLOW_CTX_TRY_NUMBER='1' AIRFLOW_CTX_DAG_RUN_ID='scheduled__2024-07-25T13:10:00+00:00'
[2024-07-25T16:20:46.508-0300] {taskinstance.py:430} INFO - ::endgroup::
[2024-07-25T16:20:46.518-0300] {binance_dag.py:22} INFO - End Time: 2024-07-25 13:15:00+00:00
[2024-07-25T16:20:46.518-0300] {binance_dag.py:23} INFO - Start Time: 2024-07-25 13:10:00+00:00
[2024-07-25T16:20:46.518-0300] {binance_dag.py:24} INFO - Start timestamp: 1721913000000
[2024-07-25T16:20:46.519-0300] {binance_dag.py:25} INFO - End timestamp: 1721913300000
[2024-07-25T16:20:46.595-0300] {base.py:84} INFO - Using connection ID 'binance_default' for task execution.
[2024-07-25T16:20:46.595-0300] {logging_mixin.py:188} INFO - https://api.binance.com
[2024-07-25T16:20:46.596-0300] {binance_hook.py:35} INFO - URL: https://api.binance.com/api/v3/klines?symbol=BTCBRL&interval=5m&startTime=1721913000000&endTime=1721913299999&timeZone=-3
[2024-07-25T16:20:46.987-0300] {python.py:237} INFO - Done. Returned value was: None
[2024-07-25T16:20:46.988-0300] {taskinstance.py:441} INFO - ::group::Post task execution logs
[2024-07-25T16:20:46.990-0300] {taskinstance.py:1206} INFO - Marking task as SUCCESS. dag_id=Binance_5m, task_id=get_5m_info, run_id=scheduled__2024-07-25T13:10:00+00:00, execution_date=20240725T131000, start_date=20240725T192046, end_date=20240725T192046
[2024-07-25T16:20:47.032-0300] {local_task_job_runner.py:243} INFO - Task exited with return code 0
[2024-07-25T16:20:47.040-0300] {taskinstance.py:3503} INFO - 0 downstream tasks scheduled from follow-on schedule check
[2024-07-25T16:20:47.040-0300] {local_task_job_runner.py:222} INFO - ::endgroup::
