[2024-07-25T14:47:21.653-0300] {local_task_job_runner.py:120} INFO - ::group::Pre task execution logs
[2024-07-25T14:47:21.658-0300] {taskinstance.py:2076} INFO - Dependencies all met for dep_context=non-requeueable deps ti=<TaskInstance: Binance_5m.get_5m_info scheduled__2024-07-25T01:40:00+00:00 [queued]>
[2024-07-25T14:47:21.661-0300] {taskinstance.py:2076} INFO - Dependencies all met for dep_context=requeueable deps ti=<TaskInstance: Binance_5m.get_5m_info scheduled__2024-07-25T01:40:00+00:00 [queued]>
[2024-07-25T14:47:21.661-0300] {taskinstance.py:2306} INFO - Starting attempt 1 of 1
[2024-07-25T14:47:21.675-0300] {taskinstance.py:2330} INFO - Executing <Task(PythonOperator): get_5m_info> on 2024-07-25 01:40:00+00:00
[2024-07-25T14:47:21.676-0300] {standard_task_runner.py:64} INFO - Started process 2606743 to run task
[2024-07-25T14:47:21.678-0300] {standard_task_runner.py:90} INFO - Running: ['airflow', 'tasks', 'run', 'Binance_5m', 'get_5m_info', 'scheduled__2024-07-25T01:40:00+00:00', '--job-id', '2106', '--raw', '--subdir', 'DAGS_FOLDER/binance_dag.py', '--cfg-path', '/tmp/tmp8g1h1_fp']
[2024-07-25T14:47:21.679-0300] {standard_task_runner.py:91} INFO - Job 2106: Subtask get_5m_info
[2024-07-25T14:47:21.704-0300] {task_command.py:426} INFO - Running <TaskInstance: Binance_5m.get_5m_info scheduled__2024-07-25T01:40:00+00:00 [running]> on host Galaxybook.
[2024-07-25T14:47:21.752-0300] {taskinstance.py:2648} INFO - Exporting env vars: AIRFLOW_CTX_DAG_OWNER='airflow' AIRFLOW_CTX_DAG_ID='Binance_5m' AIRFLOW_CTX_TASK_ID='get_5m_info' AIRFLOW_CTX_EXECUTION_DATE='2024-07-25T01:40:00+00:00' AIRFLOW_CTX_TRY_NUMBER='1' AIRFLOW_CTX_DAG_RUN_ID='scheduled__2024-07-25T01:40:00+00:00'
[2024-07-25T14:47:21.753-0300] {taskinstance.py:430} INFO - ::endgroup::
[2024-07-25T14:47:21.760-0300] {binance_dag.py:23} INFO - End Time: 2024-07-25T01:45:00.00Z
[2024-07-25T14:47:21.760-0300] {binance_dag.py:24} INFO - Start Time: 2024-07-25T01:40:00.00Z
[2024-07-25T14:47:21.814-0300] {base.py:84} INFO - Using connection ID 'binance_default' for task execution.
[2024-07-25T14:47:21.815-0300] {logging_mixin.py:188} INFO - https://api.binance.com
[2024-07-25T14:47:21.815-0300] {binance_hook.py:35} INFO - URL: https://api.binance.com/api/v3/klines?symbol=BTCBRL&interval=5m&startTime=1721882400000&endTime=1721882699999
[2024-07-25T14:47:22.208-0300] {binance_dag.py:43} INFO - r: [[1721882400000, '365444.00000000', '365605.00000000', '365229.00000000', '365412.00000000', '0.23914000', 1721882699999, '87360.97160000', 25, '0.20056000', '73267.76433000', '0']]
[2024-07-25T14:47:22.209-0300] {python.py:237} INFO - Done. Returned value was: None
[2024-07-25T14:47:22.209-0300] {taskinstance.py:441} INFO - ::group::Post task execution logs
[2024-07-25T14:47:22.211-0300] {taskinstance.py:1206} INFO - Marking task as SUCCESS. dag_id=Binance_5m, task_id=get_5m_info, run_id=scheduled__2024-07-25T01:40:00+00:00, execution_date=20240725T014000, start_date=20240725T174721, end_date=20240725T174722
[2024-07-25T14:47:22.260-0300] {local_task_job_runner.py:243} INFO - Task exited with return code 0
[2024-07-25T14:47:22.267-0300] {taskinstance.py:3503} INFO - 0 downstream tasks scheduled from follow-on schedule check
[2024-07-25T14:47:22.267-0300] {local_task_job_runner.py:222} INFO - ::endgroup::
[2024-07-25T15:17:36.108-0300] {local_task_job_runner.py:120} INFO - ::group::Pre task execution logs
[2024-07-25T15:17:36.114-0300] {taskinstance.py:2076} INFO - Dependencies all met for dep_context=non-requeueable deps ti=<TaskInstance: Binance_5m.get_5m_info scheduled__2024-07-25T01:40:00+00:00 [queued]>
[2024-07-25T15:17:36.118-0300] {taskinstance.py:2076} INFO - Dependencies all met for dep_context=requeueable deps ti=<TaskInstance: Binance_5m.get_5m_info scheduled__2024-07-25T01:40:00+00:00 [queued]>
[2024-07-25T15:17:36.118-0300] {taskinstance.py:2306} INFO - Starting attempt 1 of 1
[2024-07-25T15:17:36.135-0300] {taskinstance.py:2330} INFO - Executing <Task(PythonOperator): get_5m_info> on 2024-07-25 01:40:00+00:00
[2024-07-25T15:17:36.137-0300] {standard_task_runner.py:64} INFO - Started process 2629363 to run task
[2024-07-25T15:17:36.139-0300] {standard_task_runner.py:90} INFO - Running: ['airflow', 'tasks', 'run', 'Binance_5m', 'get_5m_info', 'scheduled__2024-07-25T01:40:00+00:00', '--job-id', '2555', '--raw', '--subdir', 'DAGS_FOLDER/binance_dag.py', '--cfg-path', '/tmp/tmp9aw509zh']
[2024-07-25T15:17:36.141-0300] {standard_task_runner.py:91} INFO - Job 2555: Subtask get_5m_info
[2024-07-25T15:17:36.167-0300] {task_command.py:426} INFO - Running <TaskInstance: Binance_5m.get_5m_info scheduled__2024-07-25T01:40:00+00:00 [running]> on host Galaxybook.
[2024-07-25T15:17:36.218-0300] {taskinstance.py:2648} INFO - Exporting env vars: AIRFLOW_CTX_DAG_OWNER='airflow' AIRFLOW_CTX_DAG_ID='Binance_5m' AIRFLOW_CTX_TASK_ID='get_5m_info' AIRFLOW_CTX_EXECUTION_DATE='2024-07-25T01:40:00+00:00' AIRFLOW_CTX_TRY_NUMBER='1' AIRFLOW_CTX_DAG_RUN_ID='scheduled__2024-07-25T01:40:00+00:00'
[2024-07-25T15:17:36.218-0300] {taskinstance.py:430} INFO - ::endgroup::
[2024-07-25T15:17:36.226-0300] {binance_dag.py:23} INFO - End Time: 2024-07-25T01:45:00.00Z
[2024-07-25T15:17:36.226-0300] {binance_dag.py:24} INFO - Start Time: 2024-07-25T01:40:00.00Z
[2024-07-25T15:17:36.293-0300] {binance_dag.py:25} INFO - 1721882400000
[2024-07-25T15:17:36.296-0300] {base.py:84} INFO - Using connection ID 'binance_default' for task execution.
[2024-07-25T15:17:36.297-0300] {logging_mixin.py:188} INFO - https://api.binance.com
[2024-07-25T15:17:36.297-0300] {binance_hook.py:35} INFO - URL: https://api.binance.com/api/v3/klines?symbol=BTCBRL&interval=5m&startTime=1721882400000&endTime=1721882699999
[2024-07-25T15:17:36.688-0300] {python.py:237} INFO - Done. Returned value was: None
[2024-07-25T15:17:36.689-0300] {taskinstance.py:441} INFO - ::group::Post task execution logs
[2024-07-25T15:17:36.692-0300] {taskinstance.py:1206} INFO - Marking task as SUCCESS. dag_id=Binance_5m, task_id=get_5m_info, run_id=scheduled__2024-07-25T01:40:00+00:00, execution_date=20240725T014000, start_date=20240725T181736, end_date=20240725T181736
[2024-07-25T15:17:36.725-0300] {local_task_job_runner.py:243} INFO - Task exited with return code 0
[2024-07-25T15:17:36.731-0300] {taskinstance.py:3503} INFO - 0 downstream tasks scheduled from follow-on schedule check
[2024-07-25T15:17:36.731-0300] {local_task_job_runner.py:222} INFO - ::endgroup::
[2024-07-25T16:13:57.361-0300] {local_task_job_runner.py:120} INFO - ::group::Pre task execution logs
[2024-07-25T16:13:57.367-0300] {taskinstance.py:2076} INFO - Dependencies all met for dep_context=non-requeueable deps ti=<TaskInstance: Binance_5m.get_5m_info scheduled__2024-07-25T01:40:00+00:00 [queued]>
[2024-07-25T16:13:57.372-0300] {taskinstance.py:2076} INFO - Dependencies all met for dep_context=requeueable deps ti=<TaskInstance: Binance_5m.get_5m_info scheduled__2024-07-25T01:40:00+00:00 [queued]>
[2024-07-25T16:13:57.373-0300] {taskinstance.py:2306} INFO - Starting attempt 1 of 1
[2024-07-25T16:13:57.385-0300] {taskinstance.py:2330} INFO - Executing <Task(PythonOperator): get_5m_info> on 2024-07-25 01:40:00+00:00
[2024-07-25T16:13:57.387-0300] {standard_task_runner.py:64} INFO - Started process 2656928 to run task
[2024-07-25T16:13:57.390-0300] {standard_task_runner.py:90} INFO - Running: ['airflow', 'tasks', 'run', 'Binance_5m', 'get_5m_info', 'scheduled__2024-07-25T01:40:00+00:00', '--job-id', '2115', '--raw', '--subdir', 'DAGS_FOLDER/binance_dag.py', '--cfg-path', '/tmp/tmpcf5y0hty']
[2024-07-25T16:13:57.391-0300] {standard_task_runner.py:91} INFO - Job 2115: Subtask get_5m_info
[2024-07-25T16:13:57.416-0300] {task_command.py:426} INFO - Running <TaskInstance: Binance_5m.get_5m_info scheduled__2024-07-25T01:40:00+00:00 [running]> on host Galaxybook.
[2024-07-25T16:13:57.469-0300] {taskinstance.py:2648} INFO - Exporting env vars: AIRFLOW_CTX_DAG_OWNER='airflow' AIRFLOW_CTX_DAG_ID='Binance_5m' AIRFLOW_CTX_TASK_ID='get_5m_info' AIRFLOW_CTX_EXECUTION_DATE='2024-07-25T01:40:00+00:00' AIRFLOW_CTX_TRY_NUMBER='1' AIRFLOW_CTX_DAG_RUN_ID='scheduled__2024-07-25T01:40:00+00:00'
[2024-07-25T16:13:57.469-0300] {taskinstance.py:430} INFO - ::endgroup::
[2024-07-25T16:13:57.478-0300] {binance_dag.py:22} INFO - End Time: 2024-07-25 01:45:00+00:00
[2024-07-25T16:13:57.478-0300] {binance_dag.py:23} INFO - Start Time: 2024-07-25 01:40:00+00:00
[2024-07-25T16:13:57.478-0300] {binance_dag.py:24} INFO - Start timestamp: 1721871600000
[2024-07-25T16:13:57.478-0300] {binance_dag.py:25} INFO - End timestamp: 1721871900000
[2024-07-25T16:13:57.540-0300] {base.py:84} INFO - Using connection ID 'binance_default' for task execution.
[2024-07-25T16:13:57.540-0300] {logging_mixin.py:188} INFO - https://api.binance.com
[2024-07-25T16:13:57.540-0300] {binance_hook.py:35} INFO - URL: https://api.binance.com/api/v3/klines?symbol=BTCBRL&interval=5m&startTime=1721871600000&endTime=1721871899999&timeZone=-3
[2024-07-25T16:13:57.960-0300] {python.py:237} INFO - Done. Returned value was: None
[2024-07-25T16:13:57.961-0300] {taskinstance.py:441} INFO - ::group::Post task execution logs
[2024-07-25T16:13:57.964-0300] {taskinstance.py:1206} INFO - Marking task as SUCCESS. dag_id=Binance_5m, task_id=get_5m_info, run_id=scheduled__2024-07-25T01:40:00+00:00, execution_date=20240725T014000, start_date=20240725T191357, end_date=20240725T191357
[2024-07-25T16:13:58.012-0300] {local_task_job_runner.py:243} INFO - Task exited with return code 0
[2024-07-25T16:13:58.019-0300] {taskinstance.py:3503} INFO - 0 downstream tasks scheduled from follow-on schedule check
[2024-07-25T16:13:58.020-0300] {local_task_job_runner.py:222} INFO - ::endgroup::
