[2024-07-25T14:21:58.689-0300] {local_task_job_runner.py:120} INFO - ::group::Pre task execution logs
[2024-07-25T14:21:58.695-0300] {taskinstance.py:2076} INFO - Dependencies all met for dep_context=non-requeueable deps ti=<TaskInstance: Binance_5m.get_5m_info scheduled__2024-07-25T01:05:00+00:00 [queued]>
[2024-07-25T14:21:58.698-0300] {taskinstance.py:2076} INFO - Dependencies all met for dep_context=requeueable deps ti=<TaskInstance: Binance_5m.get_5m_info scheduled__2024-07-25T01:05:00+00:00 [queued]>
[2024-07-25T14:21:58.699-0300] {taskinstance.py:2306} INFO - Starting attempt 1 of 1
[2024-07-25T14:21:58.712-0300] {taskinstance.py:2330} INFO - Executing <Task(PythonOperator): get_5m_info> on 2024-07-25 01:05:00+00:00
[2024-07-25T14:21:58.714-0300] {standard_task_runner.py:64} INFO - Started process 2587030 to run task
[2024-07-25T14:21:58.716-0300] {standard_task_runner.py:90} INFO - Running: ['airflow', 'tasks', 'run', 'Binance_5m', 'get_5m_info', 'scheduled__2024-07-25T01:05:00+00:00', '--job-id', '2095', '--raw', '--subdir', 'DAGS_FOLDER/binance_dag.py', '--cfg-path', '/tmp/tmpnh7dt6dz']
[2024-07-25T14:21:58.716-0300] {standard_task_runner.py:91} INFO - Job 2095: Subtask get_5m_info
[2024-07-25T14:21:58.742-0300] {task_command.py:426} INFO - Running <TaskInstance: Binance_5m.get_5m_info scheduled__2024-07-25T01:05:00+00:00 [running]> on host Galaxybook.
[2024-07-25T14:21:58.799-0300] {taskinstance.py:2648} INFO - Exporting env vars: AIRFLOW_CTX_DAG_OWNER='airflow' AIRFLOW_CTX_DAG_ID='Binance_5m' AIRFLOW_CTX_TASK_ID='get_5m_info' AIRFLOW_CTX_EXECUTION_DATE='2024-07-25T01:05:00+00:00' AIRFLOW_CTX_TRY_NUMBER='1' AIRFLOW_CTX_DAG_RUN_ID='scheduled__2024-07-25T01:05:00+00:00'
[2024-07-25T14:21:58.800-0300] {taskinstance.py:430} INFO - ::endgroup::
[2024-07-25T14:21:58.808-0300] {binance_dag.py:23} INFO - End Time: 2024-07-25T01:10:00.00Z
[2024-07-25T14:21:58.869-0300] {base.py:84} INFO - Using connection ID 'binance_default' for task execution.
[2024-07-25T14:21:58.869-0300] {logging_mixin.py:188} INFO - https://api.binance.com
[2024-07-25T14:21:58.870-0300] {binance_hook.py:35} INFO - URL: https://api.binance.com/api/v3/klines?symbol=BTCBRL&interval=5m&startTime=1721880300000&endTime=1721880600000
[2024-07-25T14:21:59.273-0300] {python.py:237} INFO - Done. Returned value was: None
[2024-07-25T14:21:59.275-0300] {taskinstance.py:441} INFO - ::group::Post task execution logs
[2024-07-25T14:21:59.277-0300] {taskinstance.py:1206} INFO - Marking task as SUCCESS. dag_id=Binance_5m, task_id=get_5m_info, run_id=scheduled__2024-07-25T01:05:00+00:00, execution_date=20240725T010500, start_date=20240725T172158, end_date=20240725T172159
[2024-07-25T14:21:59.293-0300] {local_task_job_runner.py:243} INFO - Task exited with return code 0
[2024-07-25T14:21:59.299-0300] {taskinstance.py:3503} INFO - 0 downstream tasks scheduled from follow-on schedule check
[2024-07-25T14:21:59.300-0300] {local_task_job_runner.py:222} INFO - ::endgroup::
[2024-07-25T14:42:51.887-0300] {local_task_job_runner.py:120} INFO - ::group::Pre task execution logs
[2024-07-25T14:42:51.893-0300] {taskinstance.py:2076} INFO - Dependencies all met for dep_context=non-requeueable deps ti=<TaskInstance: Binance_5m.get_5m_info scheduled__2024-07-25T01:05:00+00:00 [queued]>
[2024-07-25T14:42:51.897-0300] {taskinstance.py:2076} INFO - Dependencies all met for dep_context=requeueable deps ti=<TaskInstance: Binance_5m.get_5m_info scheduled__2024-07-25T01:05:00+00:00 [queued]>
[2024-07-25T14:42:51.898-0300] {taskinstance.py:2306} INFO - Starting attempt 1 of 1
[2024-07-25T14:42:51.911-0300] {taskinstance.py:2330} INFO - Executing <Task(PythonOperator): get_5m_info> on 2024-07-25 01:05:00+00:00
[2024-07-25T14:42:51.913-0300] {standard_task_runner.py:64} INFO - Started process 2603587 to run task
[2024-07-25T14:42:51.916-0300] {standard_task_runner.py:90} INFO - Running: ['airflow', 'tasks', 'run', 'Binance_5m', 'get_5m_info', 'scheduled__2024-07-25T01:05:00+00:00', '--job-id', '2099', '--raw', '--subdir', 'DAGS_FOLDER/binance_dag.py', '--cfg-path', '/tmp/tmpm1o3oh42']
[2024-07-25T14:42:51.917-0300] {standard_task_runner.py:91} INFO - Job 2099: Subtask get_5m_info
[2024-07-25T14:42:51.943-0300] {task_command.py:426} INFO - Running <TaskInstance: Binance_5m.get_5m_info scheduled__2024-07-25T01:05:00+00:00 [running]> on host Galaxybook.
[2024-07-25T14:42:51.994-0300] {taskinstance.py:2648} INFO - Exporting env vars: AIRFLOW_CTX_DAG_OWNER='airflow' AIRFLOW_CTX_DAG_ID='Binance_5m' AIRFLOW_CTX_TASK_ID='get_5m_info' AIRFLOW_CTX_EXECUTION_DATE='2024-07-25T01:05:00+00:00' AIRFLOW_CTX_TRY_NUMBER='1' AIRFLOW_CTX_DAG_RUN_ID='scheduled__2024-07-25T01:05:00+00:00'
[2024-07-25T14:42:51.994-0300] {taskinstance.py:430} INFO - ::endgroup::
[2024-07-25T14:42:52.001-0300] {binance_dag.py:23} INFO - End Time: 2024-07-25T01:10:00.00Z
[2024-07-25T14:42:52.001-0300] {binance_dag.py:24} INFO - Start Time: 2024-07-25T01:05:00.00Z
[2024-07-25T14:42:52.062-0300] {base.py:84} INFO - Using connection ID 'binance_default' for task execution.
[2024-07-25T14:42:52.062-0300] {logging_mixin.py:188} INFO - https://api.binance.com
[2024-07-25T14:42:52.063-0300] {binance_hook.py:35} INFO - URL: https://api.binance.com/api/v3/klines?symbol=BTCBRL&interval=5m&startTime=1721880300000&endTime=1721880600000
[2024-07-25T14:42:52.452-0300] {binance_dag.py:43} INFO - r: [[1721880300000, '363548.00000000', '364257.00000000', '363000.00000000', '364257.00000000', '0.38722000', 1721880599999, '140681.40955000', 126, '0.19854000', '72169.74285000', '0'], [1721880600000, '364165.00000000', '364735.00000000', '364165.00000000', '364663.00000000', '0.25709000', 1721880899999, '93678.59937000', 32, '0.22044000', '80318.69377000', '0']]
[2024-07-25T14:42:52.453-0300] {python.py:237} INFO - Done. Returned value was: None
[2024-07-25T14:42:52.454-0300] {taskinstance.py:441} INFO - ::group::Post task execution logs
[2024-07-25T14:42:52.456-0300] {taskinstance.py:1206} INFO - Marking task as SUCCESS. dag_id=Binance_5m, task_id=get_5m_info, run_id=scheduled__2024-07-25T01:05:00+00:00, execution_date=20240725T010500, start_date=20240725T174251, end_date=20240725T174252
[2024-07-25T14:42:52.500-0300] {local_task_job_runner.py:243} INFO - Task exited with return code 0
[2024-07-25T14:42:52.507-0300] {taskinstance.py:3503} INFO - 0 downstream tasks scheduled from follow-on schedule check
[2024-07-25T14:42:52.507-0300] {local_task_job_runner.py:222} INFO - ::endgroup::
[2024-07-25T14:47:06.672-0300] {local_task_job_runner.py:120} INFO - ::group::Pre task execution logs
[2024-07-25T14:47:06.677-0300] {taskinstance.py:2076} INFO - Dependencies all met for dep_context=non-requeueable deps ti=<TaskInstance: Binance_5m.get_5m_info scheduled__2024-07-25T01:05:00+00:00 [queued]>
[2024-07-25T14:47:06.680-0300] {taskinstance.py:2076} INFO - Dependencies all met for dep_context=requeueable deps ti=<TaskInstance: Binance_5m.get_5m_info scheduled__2024-07-25T01:05:00+00:00 [queued]>
[2024-07-25T14:47:06.680-0300] {taskinstance.py:2306} INFO - Starting attempt 1 of 1
[2024-07-25T14:47:06.692-0300] {taskinstance.py:2330} INFO - Executing <Task(PythonOperator): get_5m_info> on 2024-07-25 01:05:00+00:00
[2024-07-25T14:47:06.694-0300] {standard_task_runner.py:64} INFO - Started process 2606486 to run task
[2024-07-25T14:47:06.696-0300] {standard_task_runner.py:90} INFO - Running: ['airflow', 'tasks', 'run', 'Binance_5m', 'get_5m_info', 'scheduled__2024-07-25T01:05:00+00:00', '--job-id', '2099', '--raw', '--subdir', 'DAGS_FOLDER/binance_dag.py', '--cfg-path', '/tmp/tmprw1u946e']
[2024-07-25T14:47:06.697-0300] {standard_task_runner.py:91} INFO - Job 2099: Subtask get_5m_info
[2024-07-25T14:47:06.723-0300] {task_command.py:426} INFO - Running <TaskInstance: Binance_5m.get_5m_info scheduled__2024-07-25T01:05:00+00:00 [running]> on host Galaxybook.
[2024-07-25T14:47:06.770-0300] {taskinstance.py:2648} INFO - Exporting env vars: AIRFLOW_CTX_DAG_OWNER='airflow' AIRFLOW_CTX_DAG_ID='Binance_5m' AIRFLOW_CTX_TASK_ID='get_5m_info' AIRFLOW_CTX_EXECUTION_DATE='2024-07-25T01:05:00+00:00' AIRFLOW_CTX_TRY_NUMBER='1' AIRFLOW_CTX_DAG_RUN_ID='scheduled__2024-07-25T01:05:00+00:00'
[2024-07-25T14:47:06.770-0300] {taskinstance.py:430} INFO - ::endgroup::
[2024-07-25T14:47:06.778-0300] {binance_dag.py:23} INFO - End Time: 2024-07-25T01:10:00.00Z
[2024-07-25T14:47:06.779-0300] {binance_dag.py:24} INFO - Start Time: 2024-07-25T01:05:00.00Z
[2024-07-25T14:47:06.835-0300] {base.py:84} INFO - Using connection ID 'binance_default' for task execution.
[2024-07-25T14:47:06.835-0300] {logging_mixin.py:188} INFO - https://api.binance.com
[2024-07-25T14:47:06.836-0300] {binance_hook.py:35} INFO - URL: https://api.binance.com/api/v3/klines?symbol=BTCBRL&interval=5m&startTime=1721880300000&endTime=1721880599999
[2024-07-25T14:47:07.739-0300] {binance_dag.py:43} INFO - r: [[1721880300000, '363548.00000000', '364257.00000000', '363000.00000000', '364257.00000000', '0.38722000', 1721880599999, '140681.40955000', 126, '0.19854000', '72169.74285000', '0']]
[2024-07-25T14:47:07.740-0300] {python.py:237} INFO - Done. Returned value was: None
[2024-07-25T14:47:07.741-0300] {taskinstance.py:441} INFO - ::group::Post task execution logs
[2024-07-25T14:47:07.743-0300] {taskinstance.py:1206} INFO - Marking task as SUCCESS. dag_id=Binance_5m, task_id=get_5m_info, run_id=scheduled__2024-07-25T01:05:00+00:00, execution_date=20240725T010500, start_date=20240725T174706, end_date=20240725T174707
[2024-07-25T14:47:07.772-0300] {local_task_job_runner.py:243} INFO - Task exited with return code 0
[2024-07-25T14:47:07.778-0300] {taskinstance.py:3503} INFO - 0 downstream tasks scheduled from follow-on schedule check
[2024-07-25T14:47:07.778-0300] {local_task_job_runner.py:222} INFO - ::endgroup::
[2024-07-25T15:17:19.149-0300] {local_task_job_runner.py:120} INFO - ::group::Pre task execution logs
[2024-07-25T15:17:19.156-0300] {taskinstance.py:2076} INFO - Dependencies all met for dep_context=non-requeueable deps ti=<TaskInstance: Binance_5m.get_5m_info scheduled__2024-07-25T01:05:00+00:00 [queued]>
[2024-07-25T15:17:19.160-0300] {taskinstance.py:2076} INFO - Dependencies all met for dep_context=requeueable deps ti=<TaskInstance: Binance_5m.get_5m_info scheduled__2024-07-25T01:05:00+00:00 [queued]>
[2024-07-25T15:17:19.160-0300] {taskinstance.py:2306} INFO - Starting attempt 1 of 1
[2024-07-25T15:17:19.174-0300] {taskinstance.py:2330} INFO - Executing <Task(PythonOperator): get_5m_info> on 2024-07-25 01:05:00+00:00
[2024-07-25T15:17:19.176-0300] {standard_task_runner.py:64} INFO - Started process 2629088 to run task
[2024-07-25T15:17:19.177-0300] {standard_task_runner.py:90} INFO - Running: ['airflow', 'tasks', 'run', 'Binance_5m', 'get_5m_info', 'scheduled__2024-07-25T01:05:00+00:00', '--job-id', '2548', '--raw', '--subdir', 'DAGS_FOLDER/binance_dag.py', '--cfg-path', '/tmp/tmp5nfee4vm']
[2024-07-25T15:17:19.178-0300] {standard_task_runner.py:91} INFO - Job 2548: Subtask get_5m_info
[2024-07-25T15:17:19.207-0300] {task_command.py:426} INFO - Running <TaskInstance: Binance_5m.get_5m_info scheduled__2024-07-25T01:05:00+00:00 [running]> on host Galaxybook.
[2024-07-25T15:17:19.263-0300] {taskinstance.py:2648} INFO - Exporting env vars: AIRFLOW_CTX_DAG_OWNER='airflow' AIRFLOW_CTX_DAG_ID='Binance_5m' AIRFLOW_CTX_TASK_ID='get_5m_info' AIRFLOW_CTX_EXECUTION_DATE='2024-07-25T01:05:00+00:00' AIRFLOW_CTX_TRY_NUMBER='1' AIRFLOW_CTX_DAG_RUN_ID='scheduled__2024-07-25T01:05:00+00:00'
[2024-07-25T15:17:19.263-0300] {taskinstance.py:430} INFO - ::endgroup::
[2024-07-25T15:17:19.272-0300] {binance_dag.py:23} INFO - End Time: 2024-07-25T01:10:00.00Z
[2024-07-25T15:17:19.272-0300] {binance_dag.py:24} INFO - Start Time: 2024-07-25T01:05:00.00Z
[2024-07-25T15:17:19.344-0300] {binance_dag.py:25} INFO - 1721880300000
[2024-07-25T15:17:19.347-0300] {base.py:84} INFO - Using connection ID 'binance_default' for task execution.
[2024-07-25T15:17:19.347-0300] {logging_mixin.py:188} INFO - https://api.binance.com
[2024-07-25T15:17:19.348-0300] {binance_hook.py:35} INFO - URL: https://api.binance.com/api/v3/klines?symbol=BTCBRL&interval=5m&startTime=1721880300000&endTime=1721880599999
[2024-07-25T15:17:19.744-0300] {python.py:237} INFO - Done. Returned value was: None
[2024-07-25T15:17:19.745-0300] {taskinstance.py:441} INFO - ::group::Post task execution logs
[2024-07-25T15:17:19.748-0300] {taskinstance.py:1206} INFO - Marking task as SUCCESS. dag_id=Binance_5m, task_id=get_5m_info, run_id=scheduled__2024-07-25T01:05:00+00:00, execution_date=20240725T010500, start_date=20240725T181719, end_date=20240725T181719
[2024-07-25T15:17:19.797-0300] {local_task_job_runner.py:243} INFO - Task exited with return code 0
[2024-07-25T15:17:19.804-0300] {taskinstance.py:3503} INFO - 0 downstream tasks scheduled from follow-on schedule check
[2024-07-25T15:17:19.804-0300] {local_task_job_runner.py:222} INFO - ::endgroup::
[2024-07-25T16:13:41.793-0300] {local_task_job_runner.py:120} INFO - ::group::Pre task execution logs
[2024-07-25T16:13:41.800-0300] {taskinstance.py:2076} INFO - Dependencies all met for dep_context=non-requeueable deps ti=<TaskInstance: Binance_5m.get_5m_info scheduled__2024-07-25T01:05:00+00:00 [queued]>
[2024-07-25T16:13:41.803-0300] {taskinstance.py:2076} INFO - Dependencies all met for dep_context=requeueable deps ti=<TaskInstance: Binance_5m.get_5m_info scheduled__2024-07-25T01:05:00+00:00 [queued]>
[2024-07-25T16:13:41.803-0300] {taskinstance.py:2306} INFO - Starting attempt 1 of 1
[2024-07-25T16:13:41.818-0300] {taskinstance.py:2330} INFO - Executing <Task(PythonOperator): get_5m_info> on 2024-07-25 01:05:00+00:00
[2024-07-25T16:13:41.820-0300] {standard_task_runner.py:64} INFO - Started process 2656675 to run task
[2024-07-25T16:13:41.822-0300] {standard_task_runner.py:90} INFO - Running: ['airflow', 'tasks', 'run', 'Binance_5m', 'get_5m_info', 'scheduled__2024-07-25T01:05:00+00:00', '--job-id', '2108', '--raw', '--subdir', 'DAGS_FOLDER/binance_dag.py', '--cfg-path', '/tmp/tmpxl21trcc']
[2024-07-25T16:13:41.824-0300] {standard_task_runner.py:91} INFO - Job 2108: Subtask get_5m_info
[2024-07-25T16:13:41.854-0300] {task_command.py:426} INFO - Running <TaskInstance: Binance_5m.get_5m_info scheduled__2024-07-25T01:05:00+00:00 [running]> on host Galaxybook.
[2024-07-25T16:13:41.904-0300] {taskinstance.py:2648} INFO - Exporting env vars: AIRFLOW_CTX_DAG_OWNER='airflow' AIRFLOW_CTX_DAG_ID='Binance_5m' AIRFLOW_CTX_TASK_ID='get_5m_info' AIRFLOW_CTX_EXECUTION_DATE='2024-07-25T01:05:00+00:00' AIRFLOW_CTX_TRY_NUMBER='1' AIRFLOW_CTX_DAG_RUN_ID='scheduled__2024-07-25T01:05:00+00:00'
[2024-07-25T16:13:41.904-0300] {taskinstance.py:430} INFO - ::endgroup::
[2024-07-25T16:13:41.912-0300] {binance_dag.py:22} INFO - End Time: 2024-07-25 01:10:00+00:00
[2024-07-25T16:13:41.912-0300] {binance_dag.py:23} INFO - Start Time: 2024-07-25 01:05:00+00:00
[2024-07-25T16:13:41.913-0300] {binance_dag.py:24} INFO - Start timestamp: 1721869500000
[2024-07-25T16:13:41.913-0300] {binance_dag.py:25} INFO - End timestamp: 1721869800000
[2024-07-25T16:13:41.991-0300] {base.py:84} INFO - Using connection ID 'binance_default' for task execution.
[2024-07-25T16:13:41.991-0300] {logging_mixin.py:188} INFO - https://api.binance.com
[2024-07-25T16:13:41.992-0300] {binance_hook.py:35} INFO - URL: https://api.binance.com/api/v3/klines?symbol=BTCBRL&interval=5m&startTime=1721869500000&endTime=1721869799999&timeZone=-3
[2024-07-25T16:13:41.776-0300] {python.py:237} INFO - Done. Returned value was: None
[2024-07-25T16:13:41.777-0300] {taskinstance.py:441} INFO - ::group::Post task execution logs
[2024-07-25T16:13:41.780-0300] {taskinstance.py:1206} INFO - Marking task as SUCCESS. dag_id=Binance_5m, task_id=get_5m_info, run_id=scheduled__2024-07-25T01:05:00+00:00, execution_date=20240725T010500, start_date=20240725T191341, end_date=20240725T191341
[2024-07-25T16:13:41.821-0300] {local_task_job_runner.py:243} INFO - Task exited with return code 0
[2024-07-25T16:13:41.831-0300] {taskinstance.py:3503} INFO - 0 downstream tasks scheduled from follow-on schedule check
[2024-07-25T16:13:41.832-0300] {local_task_job_runner.py:222} INFO - ::endgroup::
