[2024-07-25T14:47:49.138-0300] {local_task_job_runner.py:120} INFO - ::group::Pre task execution logs
[2024-07-25T14:47:49.143-0300] {taskinstance.py:2076} INFO - Dependencies all met for dep_context=non-requeueable deps ti=<TaskInstance: Binance_5m.get_5m_info scheduled__2024-07-25T02:45:00+00:00 [queued]>
[2024-07-25T14:47:49.146-0300] {taskinstance.py:2076} INFO - Dependencies all met for dep_context=requeueable deps ti=<TaskInstance: Binance_5m.get_5m_info scheduled__2024-07-25T02:45:00+00:00 [queued]>
[2024-07-25T14:47:49.146-0300] {taskinstance.py:2306} INFO - Starting attempt 1 of 1
[2024-07-25T14:47:49.159-0300] {taskinstance.py:2330} INFO - Executing <Task(PythonOperator): get_5m_info> on 2024-07-25 02:45:00+00:00
[2024-07-25T14:47:49.161-0300] {standard_task_runner.py:64} INFO - Started process 2607223 to run task
[2024-07-25T14:47:49.163-0300] {standard_task_runner.py:90} INFO - Running: ['airflow', 'tasks', 'run', 'Binance_5m', 'get_5m_info', 'scheduled__2024-07-25T02:45:00+00:00', '--job-id', '2119', '--raw', '--subdir', 'DAGS_FOLDER/binance_dag.py', '--cfg-path', '/tmp/tmp63b8zvrd']
[2024-07-25T14:47:49.164-0300] {standard_task_runner.py:91} INFO - Job 2119: Subtask get_5m_info
[2024-07-25T14:47:49.188-0300] {task_command.py:426} INFO - Running <TaskInstance: Binance_5m.get_5m_info scheduled__2024-07-25T02:45:00+00:00 [running]> on host Galaxybook.
[2024-07-25T14:47:49.240-0300] {taskinstance.py:2648} INFO - Exporting env vars: AIRFLOW_CTX_DAG_OWNER='airflow' AIRFLOW_CTX_DAG_ID='Binance_5m' AIRFLOW_CTX_TASK_ID='get_5m_info' AIRFLOW_CTX_EXECUTION_DATE='2024-07-25T02:45:00+00:00' AIRFLOW_CTX_TRY_NUMBER='1' AIRFLOW_CTX_DAG_RUN_ID='scheduled__2024-07-25T02:45:00+00:00'
[2024-07-25T14:47:49.241-0300] {taskinstance.py:430} INFO - ::endgroup::
[2024-07-25T14:47:49.248-0300] {binance_dag.py:23} INFO - End Time: 2024-07-25T02:50:00.00Z
[2024-07-25T14:47:49.249-0300] {binance_dag.py:24} INFO - Start Time: 2024-07-25T02:45:00.00Z
[2024-07-25T14:47:49.313-0300] {base.py:84} INFO - Using connection ID 'binance_default' for task execution.
[2024-07-25T14:47:49.314-0300] {logging_mixin.py:188} INFO - https://api.binance.com
[2024-07-25T14:47:49.314-0300] {binance_hook.py:35} INFO - URL: https://api.binance.com/api/v3/klines?symbol=BTCBRL&interval=5m&startTime=1721886300000&endTime=1721886599999
[2024-07-25T14:47:49.714-0300] {binance_dag.py:43} INFO - r: [[1721886300000, '365924.00000000', '365948.00000000', '365663.00000000', '365948.00000000', '0.00379000', 1721886599999, '1386.36557000', 7, '0.00333000', '1218.13160000', '0']]
[2024-07-25T14:47:49.715-0300] {python.py:237} INFO - Done. Returned value was: None
[2024-07-25T14:47:49.715-0300] {taskinstance.py:441} INFO - ::group::Post task execution logs
[2024-07-25T14:47:49.717-0300] {taskinstance.py:1206} INFO - Marking task as SUCCESS. dag_id=Binance_5m, task_id=get_5m_info, run_id=scheduled__2024-07-25T02:45:00+00:00, execution_date=20240725T024500, start_date=20240725T174749, end_date=20240725T174749
[2024-07-25T14:47:49.742-0300] {local_task_job_runner.py:243} INFO - Task exited with return code 0
[2024-07-25T14:47:49.749-0300] {taskinstance.py:3503} INFO - 0 downstream tasks scheduled from follow-on schedule check
[2024-07-25T14:47:49.750-0300] {local_task_job_runner.py:222} INFO - ::endgroup::
[2024-07-25T15:18:03.224-0300] {local_task_job_runner.py:120} INFO - ::group::Pre task execution logs
[2024-07-25T15:18:03.230-0300] {taskinstance.py:2076} INFO - Dependencies all met for dep_context=non-requeueable deps ti=<TaskInstance: Binance_5m.get_5m_info scheduled__2024-07-25T02:45:00+00:00 [queued]>
[2024-07-25T15:18:03.232-0300] {taskinstance.py:2076} INFO - Dependencies all met for dep_context=requeueable deps ti=<TaskInstance: Binance_5m.get_5m_info scheduled__2024-07-25T02:45:00+00:00 [queued]>
[2024-07-25T15:18:03.233-0300] {taskinstance.py:2306} INFO - Starting attempt 1 of 1
[2024-07-25T15:18:03.245-0300] {taskinstance.py:2330} INFO - Executing <Task(PythonOperator): get_5m_info> on 2024-07-25 02:45:00+00:00
[2024-07-25T15:18:03.246-0300] {standard_task_runner.py:64} INFO - Started process 2629806 to run task
[2024-07-25T15:18:03.249-0300] {standard_task_runner.py:90} INFO - Running: ['airflow', 'tasks', 'run', 'Binance_5m', 'get_5m_info', 'scheduled__2024-07-25T02:45:00+00:00', '--job-id', '2568', '--raw', '--subdir', 'DAGS_FOLDER/binance_dag.py', '--cfg-path', '/tmp/tmpheohjoow']
[2024-07-25T15:18:03.250-0300] {standard_task_runner.py:91} INFO - Job 2568: Subtask get_5m_info
[2024-07-25T15:18:03.281-0300] {task_command.py:426} INFO - Running <TaskInstance: Binance_5m.get_5m_info scheduled__2024-07-25T02:45:00+00:00 [running]> on host Galaxybook.
[2024-07-25T15:18:03.337-0300] {taskinstance.py:2648} INFO - Exporting env vars: AIRFLOW_CTX_DAG_OWNER='airflow' AIRFLOW_CTX_DAG_ID='Binance_5m' AIRFLOW_CTX_TASK_ID='get_5m_info' AIRFLOW_CTX_EXECUTION_DATE='2024-07-25T02:45:00+00:00' AIRFLOW_CTX_TRY_NUMBER='1' AIRFLOW_CTX_DAG_RUN_ID='scheduled__2024-07-25T02:45:00+00:00'
[2024-07-25T15:18:03.338-0300] {taskinstance.py:430} INFO - ::endgroup::
[2024-07-25T15:18:03.346-0300] {binance_dag.py:23} INFO - End Time: 2024-07-25T02:50:00.00Z
[2024-07-25T15:18:03.347-0300] {binance_dag.py:24} INFO - Start Time: 2024-07-25T02:45:00.00Z
[2024-07-25T15:18:03.413-0300] {binance_dag.py:25} INFO - 1721886300000
[2024-07-25T15:18:03.417-0300] {base.py:84} INFO - Using connection ID 'binance_default' for task execution.
[2024-07-25T15:18:03.417-0300] {logging_mixin.py:188} INFO - https://api.binance.com
[2024-07-25T15:18:03.418-0300] {binance_hook.py:35} INFO - URL: https://api.binance.com/api/v3/klines?symbol=BTCBRL&interval=5m&startTime=1721886300000&endTime=1721886599999
[2024-07-25T15:18:03.810-0300] {python.py:237} INFO - Done. Returned value was: None
[2024-07-25T15:18:03.810-0300] {taskinstance.py:441} INFO - ::group::Post task execution logs
[2024-07-25T15:18:03.813-0300] {taskinstance.py:1206} INFO - Marking task as SUCCESS. dag_id=Binance_5m, task_id=get_5m_info, run_id=scheduled__2024-07-25T02:45:00+00:00, execution_date=20240725T024500, start_date=20240725T181803, end_date=20240725T181803
[2024-07-25T15:18:03.831-0300] {local_task_job_runner.py:243} INFO - Task exited with return code 0
[2024-07-25T15:18:03.838-0300] {taskinstance.py:3503} INFO - 0 downstream tasks scheduled from follow-on schedule check
[2024-07-25T15:18:03.838-0300] {local_task_job_runner.py:222} INFO - ::endgroup::
[2024-07-25T16:14:32.554-0300] {local_task_job_runner.py:120} INFO - ::group::Pre task execution logs
[2024-07-25T16:14:32.560-0300] {taskinstance.py:2076} INFO - Dependencies all met for dep_context=non-requeueable deps ti=<TaskInstance: Binance_5m.get_5m_info scheduled__2024-07-25T02:45:00+00:00 [queued]>
[2024-07-25T16:14:32.563-0300] {taskinstance.py:2076} INFO - Dependencies all met for dep_context=requeueable deps ti=<TaskInstance: Binance_5m.get_5m_info scheduled__2024-07-25T02:45:00+00:00 [queued]>
[2024-07-25T16:14:32.563-0300] {taskinstance.py:2306} INFO - Starting attempt 1 of 1
[2024-07-25T16:14:32.577-0300] {taskinstance.py:2330} INFO - Executing <Task(PythonOperator): get_5m_info> on 2024-07-25 02:45:00+00:00
[2024-07-25T16:14:32.579-0300] {standard_task_runner.py:64} INFO - Started process 2657489 to run task
[2024-07-25T16:14:32.581-0300] {standard_task_runner.py:90} INFO - Running: ['airflow', 'tasks', 'run', 'Binance_5m', 'get_5m_info', 'scheduled__2024-07-25T02:45:00+00:00', '--job-id', '2128', '--raw', '--subdir', 'DAGS_FOLDER/binance_dag.py', '--cfg-path', '/tmp/tmpno_ljdq_']
[2024-07-25T16:14:32.582-0300] {standard_task_runner.py:91} INFO - Job 2128: Subtask get_5m_info
[2024-07-25T16:14:32.611-0300] {task_command.py:426} INFO - Running <TaskInstance: Binance_5m.get_5m_info scheduled__2024-07-25T02:45:00+00:00 [running]> on host Galaxybook.
[2024-07-25T16:14:32.667-0300] {taskinstance.py:2648} INFO - Exporting env vars: AIRFLOW_CTX_DAG_OWNER='airflow' AIRFLOW_CTX_DAG_ID='Binance_5m' AIRFLOW_CTX_TASK_ID='get_5m_info' AIRFLOW_CTX_EXECUTION_DATE='2024-07-25T02:45:00+00:00' AIRFLOW_CTX_TRY_NUMBER='1' AIRFLOW_CTX_DAG_RUN_ID='scheduled__2024-07-25T02:45:00+00:00'
[2024-07-25T16:14:32.668-0300] {taskinstance.py:430} INFO - ::endgroup::
[2024-07-25T16:14:32.676-0300] {binance_dag.py:22} INFO - End Time: 2024-07-25 02:50:00+00:00
[2024-07-25T16:14:32.676-0300] {binance_dag.py:23} INFO - Start Time: 2024-07-25 02:45:00+00:00
[2024-07-25T16:14:32.676-0300] {binance_dag.py:24} INFO - Start timestamp: 1721875500000
[2024-07-25T16:14:32.676-0300] {binance_dag.py:25} INFO - End timestamp: 1721875800000
[2024-07-25T16:14:32.734-0300] {base.py:84} INFO - Using connection ID 'binance_default' for task execution.
[2024-07-25T16:14:32.734-0300] {logging_mixin.py:188} INFO - https://api.binance.com
[2024-07-25T16:14:32.735-0300] {binance_hook.py:35} INFO - URL: https://api.binance.com/api/v3/klines?symbol=BTCBRL&interval=5m&startTime=1721875500000&endTime=1721875799999&timeZone=-3
[2024-07-25T16:14:33.153-0300] {python.py:237} INFO - Done. Returned value was: None
[2024-07-25T16:14:33.154-0300] {taskinstance.py:441} INFO - ::group::Post task execution logs
[2024-07-25T16:14:33.156-0300] {taskinstance.py:1206} INFO - Marking task as SUCCESS. dag_id=Binance_5m, task_id=get_5m_info, run_id=scheduled__2024-07-25T02:45:00+00:00, execution_date=20240725T024500, start_date=20240725T191432, end_date=20240725T191433
[2024-07-25T16:14:33.202-0300] {local_task_job_runner.py:243} INFO - Task exited with return code 0
[2024-07-25T16:14:33.209-0300] {taskinstance.py:3503} INFO - 0 downstream tasks scheduled from follow-on schedule check
[2024-07-25T16:14:33.210-0300] {local_task_job_runner.py:222} INFO - ::endgroup::
