[2024-07-25T14:51:15.385-0300] {local_task_job_runner.py:120} INFO - ::group::Pre task execution logs
[2024-07-25T14:51:15.390-0300] {taskinstance.py:2076} INFO - Dependencies all met for dep_context=non-requeueable deps ti=<TaskInstance: Binance_5m.get_5m_info scheduled__2024-07-25T09:40:00+00:00 [queued]>
[2024-07-25T14:51:15.393-0300] {taskinstance.py:2076} INFO - Dependencies all met for dep_context=requeueable deps ti=<TaskInstance: Binance_5m.get_5m_info scheduled__2024-07-25T09:40:00+00:00 [queued]>
[2024-07-25T14:51:15.393-0300] {taskinstance.py:2306} INFO - Starting attempt 1 of 1
[2024-07-25T14:51:15.406-0300] {taskinstance.py:2330} INFO - Executing <Task(PythonOperator): get_5m_info> on 2024-07-25 09:40:00+00:00
[2024-07-25T14:51:15.408-0300] {standard_task_runner.py:64} INFO - Started process 2610631 to run task
[2024-07-25T14:51:15.410-0300] {standard_task_runner.py:90} INFO - Running: ['airflow', 'tasks', 'run', 'Binance_5m', 'get_5m_info', 'scheduled__2024-07-25T09:40:00+00:00', '--job-id', '2208', '--raw', '--subdir', 'DAGS_FOLDER/binance_dag.py', '--cfg-path', '/tmp/tmp96dv7wjx']
[2024-07-25T14:51:15.411-0300] {standard_task_runner.py:91} INFO - Job 2208: Subtask get_5m_info
[2024-07-25T14:51:15.445-0300] {task_command.py:426} INFO - Running <TaskInstance: Binance_5m.get_5m_info scheduled__2024-07-25T09:40:00+00:00 [running]> on host Galaxybook.
[2024-07-25T14:51:15.519-0300] {taskinstance.py:2648} INFO - Exporting env vars: AIRFLOW_CTX_DAG_OWNER='airflow' AIRFLOW_CTX_DAG_ID='Binance_5m' AIRFLOW_CTX_TASK_ID='get_5m_info' AIRFLOW_CTX_EXECUTION_DATE='2024-07-25T09:40:00+00:00' AIRFLOW_CTX_TRY_NUMBER='1' AIRFLOW_CTX_DAG_RUN_ID='scheduled__2024-07-25T09:40:00+00:00'
[2024-07-25T14:51:15.519-0300] {taskinstance.py:430} INFO - ::endgroup::
[2024-07-25T14:51:15.527-0300] {binance_dag.py:23} INFO - End Time: 2024-07-25T09:45:00.00Z
[2024-07-25T14:51:15.527-0300] {binance_dag.py:24} INFO - Start Time: 2024-07-25T09:40:00.00Z
[2024-07-25T14:51:15.597-0300] {base.py:84} INFO - Using connection ID 'binance_default' for task execution.
[2024-07-25T14:51:15.597-0300] {logging_mixin.py:188} INFO - https://api.binance.com
[2024-07-25T14:51:15.598-0300] {binance_hook.py:35} INFO - URL: https://api.binance.com/api/v3/klines?symbol=BTCBRL&interval=5m&startTime=1721911200000&endTime=1721911499999
[2024-07-25T14:51:15.995-0300] {binance_dag.py:43} INFO - r: [[1721911200000, '364006.00000000', '364023.00000000', '363000.00000000', '363432.00000000', '1.45210000', 1721911499999, '527665.33572000', 308, '0.64700000', '235153.46263000', '0']]
[2024-07-25T14:51:15.996-0300] {python.py:237} INFO - Done. Returned value was: None
[2024-07-25T14:51:15.997-0300] {taskinstance.py:441} INFO - ::group::Post task execution logs
[2024-07-25T14:51:15.999-0300] {taskinstance.py:1206} INFO - Marking task as SUCCESS. dag_id=Binance_5m, task_id=get_5m_info, run_id=scheduled__2024-07-25T09:40:00+00:00, execution_date=20240725T094000, start_date=20240725T175115, end_date=20240725T175115
[2024-07-25T14:51:16.035-0300] {local_task_job_runner.py:243} INFO - Task exited with return code 0
[2024-07-25T14:51:16.045-0300] {taskinstance.py:3503} INFO - 0 downstream tasks scheduled from follow-on schedule check
[2024-07-25T14:51:16.045-0300] {local_task_job_runner.py:222} INFO - ::endgroup::
[2024-07-25T15:21:12.232-0300] {local_task_job_runner.py:120} INFO - ::group::Pre task execution logs
[2024-07-25T15:21:12.238-0300] {taskinstance.py:2076} INFO - Dependencies all met for dep_context=non-requeueable deps ti=<TaskInstance: Binance_5m.get_5m_info scheduled__2024-07-25T09:40:00+00:00 [queued]>
[2024-07-25T15:21:12.241-0300] {taskinstance.py:2076} INFO - Dependencies all met for dep_context=requeueable deps ti=<TaskInstance: Binance_5m.get_5m_info scheduled__2024-07-25T09:40:00+00:00 [queued]>
[2024-07-25T15:21:12.241-0300] {taskinstance.py:2306} INFO - Starting attempt 1 of 1
[2024-07-25T15:21:12.254-0300] {taskinstance.py:2330} INFO - Executing <Task(PythonOperator): get_5m_info> on 2024-07-25 09:40:00+00:00
[2024-07-25T15:21:12.256-0300] {standard_task_runner.py:64} INFO - Started process 2632938 to run task
[2024-07-25T15:21:12.257-0300] {standard_task_runner.py:90} INFO - Running: ['airflow', 'tasks', 'run', 'Binance_5m', 'get_5m_info', 'scheduled__2024-07-25T09:40:00+00:00', '--job-id', '2651', '--raw', '--subdir', 'DAGS_FOLDER/binance_dag.py', '--cfg-path', '/tmp/tmpcod0iee6']
[2024-07-25T15:21:12.258-0300] {standard_task_runner.py:91} INFO - Job 2651: Subtask get_5m_info
[2024-07-25T15:21:12.285-0300] {task_command.py:426} INFO - Running <TaskInstance: Binance_5m.get_5m_info scheduled__2024-07-25T09:40:00+00:00 [running]> on host Galaxybook.
[2024-07-25T15:21:12.338-0300] {taskinstance.py:2648} INFO - Exporting env vars: AIRFLOW_CTX_DAG_OWNER='airflow' AIRFLOW_CTX_DAG_ID='Binance_5m' AIRFLOW_CTX_TASK_ID='get_5m_info' AIRFLOW_CTX_EXECUTION_DATE='2024-07-25T09:40:00+00:00' AIRFLOW_CTX_TRY_NUMBER='1' AIRFLOW_CTX_DAG_RUN_ID='scheduled__2024-07-25T09:40:00+00:00'
[2024-07-25T15:21:12.338-0300] {taskinstance.py:430} INFO - ::endgroup::
[2024-07-25T15:21:12.346-0300] {binance_dag.py:23} INFO - End Time: 2024-07-25T09:45:00.00Z
[2024-07-25T15:21:12.346-0300] {binance_dag.py:24} INFO - Start Time: 2024-07-25T09:40:00.00Z
[2024-07-25T15:21:12.402-0300] {binance_dag.py:25} INFO - 1721911200000
[2024-07-25T15:21:12.405-0300] {base.py:84} INFO - Using connection ID 'binance_default' for task execution.
[2024-07-25T15:21:12.405-0300] {logging_mixin.py:188} INFO - https://api.binance.com
[2024-07-25T15:21:12.406-0300] {binance_hook.py:35} INFO - URL: https://api.binance.com/api/v3/klines?symbol=BTCBRL&interval=5m&startTime=1721911200000&endTime=1721911499999
[2024-07-25T15:21:13.388-0300] {python.py:237} INFO - Done. Returned value was: None
[2024-07-25T15:21:13.389-0300] {taskinstance.py:441} INFO - ::group::Post task execution logs
[2024-07-25T15:21:13.392-0300] {taskinstance.py:1206} INFO - Marking task as SUCCESS. dag_id=Binance_5m, task_id=get_5m_info, run_id=scheduled__2024-07-25T09:40:00+00:00, execution_date=20240725T094000, start_date=20240725T182112, end_date=20240725T182113
[2024-07-25T15:21:13.448-0300] {local_task_job_runner.py:243} INFO - Task exited with return code 0
[2024-07-25T15:21:13.458-0300] {taskinstance.py:3503} INFO - 0 downstream tasks scheduled from follow-on schedule check
[2024-07-25T15:21:13.459-0300] {local_task_job_runner.py:222} INFO - ::endgroup::
[2024-07-25T16:18:00.434-0300] {local_task_job_runner.py:120} INFO - ::group::Pre task execution logs
[2024-07-25T16:18:00.441-0300] {taskinstance.py:2076} INFO - Dependencies all met for dep_context=non-requeueable deps ti=<TaskInstance: Binance_5m.get_5m_info scheduled__2024-07-25T09:40:00+00:00 [queued]>
[2024-07-25T16:18:00.445-0300] {taskinstance.py:2076} INFO - Dependencies all met for dep_context=requeueable deps ti=<TaskInstance: Binance_5m.get_5m_info scheduled__2024-07-25T09:40:00+00:00 [queued]>
[2024-07-25T16:18:00.445-0300] {taskinstance.py:2306} INFO - Starting attempt 1 of 1
[2024-07-25T16:18:00.461-0300] {taskinstance.py:2330} INFO - Executing <Task(PythonOperator): get_5m_info> on 2024-07-25 09:40:00+00:00
[2024-07-25T16:18:00.463-0300] {standard_task_runner.py:64} INFO - Started process 2660998 to run task
[2024-07-25T16:18:00.465-0300] {standard_task_runner.py:90} INFO - Running: ['airflow', 'tasks', 'run', 'Binance_5m', 'get_5m_info', 'scheduled__2024-07-25T09:40:00+00:00', '--job-id', '2214', '--raw', '--subdir', 'DAGS_FOLDER/binance_dag.py', '--cfg-path', '/tmp/tmpdou61hjz']
[2024-07-25T16:18:00.466-0300] {standard_task_runner.py:91} INFO - Job 2214: Subtask get_5m_info
[2024-07-25T16:18:00.496-0300] {task_command.py:426} INFO - Running <TaskInstance: Binance_5m.get_5m_info scheduled__2024-07-25T09:40:00+00:00 [running]> on host Galaxybook.
[2024-07-25T16:18:00.553-0300] {taskinstance.py:2648} INFO - Exporting env vars: AIRFLOW_CTX_DAG_OWNER='airflow' AIRFLOW_CTX_DAG_ID='Binance_5m' AIRFLOW_CTX_TASK_ID='get_5m_info' AIRFLOW_CTX_EXECUTION_DATE='2024-07-25T09:40:00+00:00' AIRFLOW_CTX_TRY_NUMBER='1' AIRFLOW_CTX_DAG_RUN_ID='scheduled__2024-07-25T09:40:00+00:00'
[2024-07-25T16:18:00.553-0300] {taskinstance.py:430} INFO - ::endgroup::
[2024-07-25T16:18:00.561-0300] {binance_dag.py:22} INFO - End Time: 2024-07-25 09:45:00+00:00
[2024-07-25T16:18:00.561-0300] {binance_dag.py:23} INFO - Start Time: 2024-07-25 09:40:00+00:00
[2024-07-25T16:18:00.561-0300] {binance_dag.py:24} INFO - Start timestamp: 1721900400000
[2024-07-25T16:18:00.561-0300] {binance_dag.py:25} INFO - End timestamp: 1721900700000
[2024-07-25T16:18:00.621-0300] {base.py:84} INFO - Using connection ID 'binance_default' for task execution.
[2024-07-25T16:18:00.621-0300] {logging_mixin.py:188} INFO - https://api.binance.com
[2024-07-25T16:18:00.622-0300] {binance_hook.py:35} INFO - URL: https://api.binance.com/api/v3/klines?symbol=BTCBRL&interval=5m&startTime=1721900400000&endTime=1721900699999&timeZone=-3
[2024-07-25T16:18:01.031-0300] {python.py:237} INFO - Done. Returned value was: None
[2024-07-25T16:18:01.032-0300] {taskinstance.py:441} INFO - ::group::Post task execution logs
[2024-07-25T16:18:01.036-0300] {taskinstance.py:1206} INFO - Marking task as SUCCESS. dag_id=Binance_5m, task_id=get_5m_info, run_id=scheduled__2024-07-25T09:40:00+00:00, execution_date=20240725T094000, start_date=20240725T191800, end_date=20240725T191801
[2024-07-25T16:18:01.085-0300] {local_task_job_runner.py:243} INFO - Task exited with return code 0
[2024-07-25T16:18:01.097-0300] {taskinstance.py:3503} INFO - 0 downstream tasks scheduled from follow-on schedule check
[2024-07-25T16:18:01.098-0300] {local_task_job_runner.py:222} INFO - ::endgroup::
