[2024-07-25T14:28:47.840-0300] {local_task_job_runner.py:120} INFO - ::group::Pre task execution logs
[2024-07-25T14:28:47.845-0300] {taskinstance.py:2076} INFO - Dependencies all met for dep_context=non-requeueable deps ti=<TaskInstance: Binance_5m.get_5m_info scheduled__2024-07-25T14:15:00+00:00 [queued]>
[2024-07-25T14:28:47.848-0300] {taskinstance.py:2076} INFO - Dependencies all met for dep_context=requeueable deps ti=<TaskInstance: Binance_5m.get_5m_info scheduled__2024-07-25T14:15:00+00:00 [queued]>
[2024-07-25T14:28:47.848-0300] {taskinstance.py:2306} INFO - Starting attempt 1 of 1
[2024-07-25T14:28:47.862-0300] {taskinstance.py:2330} INFO - Executing <Task(PythonOperator): get_5m_info> on 2024-07-25 14:15:00+00:00
[2024-07-25T14:28:47.864-0300] {standard_task_runner.py:64} INFO - Started process 2591612 to run task
[2024-07-25T14:28:47.867-0300] {standard_task_runner.py:90} INFO - Running: ['airflow', 'tasks', 'run', 'Binance_5m', 'get_5m_info', 'scheduled__2024-07-25T14:15:00+00:00', '--job-id', '2136', '--raw', '--subdir', 'DAGS_FOLDER/binance_dag.py', '--cfg-path', '/tmp/tmpokpjl6b8']
[2024-07-25T14:28:47.868-0300] {standard_task_runner.py:91} INFO - Job 2136: Subtask get_5m_info
[2024-07-25T14:28:47.898-0300] {task_command.py:426} INFO - Running <TaskInstance: Binance_5m.get_5m_info scheduled__2024-07-25T14:15:00+00:00 [running]> on host Galaxybook.
[2024-07-25T14:28:47.947-0300] {taskinstance.py:2648} INFO - Exporting env vars: AIRFLOW_CTX_DAG_OWNER='airflow' AIRFLOW_CTX_DAG_ID='Binance_5m' AIRFLOW_CTX_TASK_ID='get_5m_info' AIRFLOW_CTX_EXECUTION_DATE='2024-07-25T14:15:00+00:00' AIRFLOW_CTX_TRY_NUMBER='1' AIRFLOW_CTX_DAG_RUN_ID='scheduled__2024-07-25T14:15:00+00:00'
[2024-07-25T14:28:47.947-0300] {taskinstance.py:430} INFO - ::endgroup::
[2024-07-25T14:28:47.954-0300] {binance_dag.py:23} INFO - End Time: 2024-07-25T14:20:00.00Z
[2024-07-25T14:28:48.017-0300] {base.py:84} INFO - Using connection ID 'binance_default' for task execution.
[2024-07-25T14:28:48.017-0300] {logging_mixin.py:188} INFO - https://api.binance.com
[2024-07-25T14:28:48.018-0300] {binance_hook.py:35} INFO - URL: https://api.binance.com/api/v3/klines?symbol=BTCBRL&interval=5m&startTime=1721927700000&endTime=1721928000000
[2024-07-25T14:28:48.417-0300] {python.py:237} INFO - Done. Returned value was: None
[2024-07-25T14:28:48.418-0300] {taskinstance.py:441} INFO - ::group::Post task execution logs
[2024-07-25T14:28:48.420-0300] {taskinstance.py:1206} INFO - Marking task as SUCCESS. dag_id=Binance_5m, task_id=get_5m_info, run_id=scheduled__2024-07-25T14:15:00+00:00, execution_date=20240725T141500, start_date=20240725T172847, end_date=20240725T172848
[2024-07-25T14:28:48.450-0300] {local_task_job_runner.py:243} INFO - Task exited with return code 0
[2024-07-25T14:28:48.456-0300] {taskinstance.py:3503} INFO - 0 downstream tasks scheduled from follow-on schedule check
[2024-07-25T14:28:48.457-0300] {local_task_job_runner.py:222} INFO - ::endgroup::
[2024-07-25T14:32:04.471-0300] {local_task_job_runner.py:120} INFO - ::group::Pre task execution logs
[2024-07-25T14:32:04.478-0300] {taskinstance.py:2076} INFO - Dependencies all met for dep_context=non-requeueable deps ti=<TaskInstance: Binance_5m.get_5m_info scheduled__2024-07-25T14:15:00+00:00 [queued]>
[2024-07-25T14:32:04.481-0300] {taskinstance.py:2076} INFO - Dependencies all met for dep_context=requeueable deps ti=<TaskInstance: Binance_5m.get_5m_info scheduled__2024-07-25T14:15:00+00:00 [queued]>
[2024-07-25T14:32:04.481-0300] {taskinstance.py:2306} INFO - Starting attempt 1 of 1
[2024-07-25T14:32:04.495-0300] {taskinstance.py:2330} INFO - Executing <Task(PythonOperator): get_5m_info> on 2024-07-25 14:15:00+00:00
[2024-07-25T14:32:04.499-0300] {standard_task_runner.py:90} INFO - Running: ['airflow', 'tasks', 'run', 'Binance_5m', 'get_5m_info', 'scheduled__2024-07-25T14:15:00+00:00', '--job-id', '2147', '--raw', '--subdir', 'DAGS_FOLDER/binance_dag.py', '--cfg-path', '/tmp/tmpbnix43_1']
[2024-07-25T14:32:04.497-0300] {standard_task_runner.py:64} INFO - Started process 2594948 to run task
[2024-07-25T14:32:04.499-0300] {standard_task_runner.py:91} INFO - Job 2147: Subtask get_5m_info
[2024-07-25T14:32:04.533-0300] {task_command.py:426} INFO - Running <TaskInstance: Binance_5m.get_5m_info scheduled__2024-07-25T14:15:00+00:00 [running]> on host Galaxybook.
[2024-07-25T14:32:04.591-0300] {taskinstance.py:2648} INFO - Exporting env vars: AIRFLOW_CTX_DAG_OWNER='airflow' AIRFLOW_CTX_DAG_ID='Binance_5m' AIRFLOW_CTX_TASK_ID='get_5m_info' AIRFLOW_CTX_EXECUTION_DATE='2024-07-25T14:15:00+00:00' AIRFLOW_CTX_TRY_NUMBER='1' AIRFLOW_CTX_DAG_RUN_ID='scheduled__2024-07-25T14:15:00+00:00'
[2024-07-25T14:32:04.591-0300] {taskinstance.py:430} INFO - ::endgroup::
[2024-07-25T14:32:04.600-0300] {binance_dag.py:23} INFO - End Time: 2024-07-25T14:20:00.00Z
[2024-07-25T14:32:04.669-0300] {base.py:84} INFO - Using connection ID 'binance_default' for task execution.
[2024-07-25T14:32:04.669-0300] {logging_mixin.py:188} INFO - https://api.binance.com
[2024-07-25T14:32:04.670-0300] {binance_hook.py:35} INFO - URL: https://api.binance.com/api/v3/klines?symbol=BTCBRL&interval=5m&startTime=1721927700000&endTime=1721928000000
[2024-07-25T14:32:05.121-0300] {taskinstance.py:441} INFO - ::group::Post task execution logs
[2024-07-25T14:32:05.122-0300] {taskinstance.py:2905} ERROR - Task failed with exception
Traceback (most recent call last):
  File "/home/hugoviana/Documentos/data_pipeline_airflow/.venv/lib/python3.12/site-packages/airflow/models/taskinstance.py", line 465, in _execute_task
    result = _execute_callable(context=context, **execute_callable_kwargs)
             ^^^^^^^^^^^^^^^^^^^^^^^^^^^^^^^^^^^^^^^^^^^^^^^^^^^^^^^^^^^^^
  File "/home/hugoviana/Documentos/data_pipeline_airflow/.venv/lib/python3.12/site-packages/airflow/models/taskinstance.py", line 432, in _execute_callable
    return execute_callable(context=context, **execute_callable_kwargs)
           ^^^^^^^^^^^^^^^^^^^^^^^^^^^^^^^^^^^^^^^^^^^^^^^^^^^^^^^^^^^^
  File "/home/hugoviana/Documentos/data_pipeline_airflow/.venv/lib/python3.12/site-packages/airflow/models/baseoperator.py", line 401, in wrapper
    return func(self, *args, **kwargs)
           ^^^^^^^^^^^^^^^^^^^^^^^^^^^
  File "/home/hugoviana/Documentos/data_pipeline_airflow/.venv/lib/python3.12/site-packages/airflow/operators/python.py", line 235, in execute
    return_value = self.execute_callable()
                   ^^^^^^^^^^^^^^^^^^^^^^^
  File "/home/hugoviana/Documentos/data_pipeline_airflow/.venv/lib/python3.12/site-packages/airflow/operators/python.py", line 252, in execute_callable
    return self.python_callable(*self.op_args, **self.op_kwargs)
           ^^^^^^^^^^^^^^^^^^^^^^^^^^^^^^^^^^^^^^^^^^^^^^^^^^^^^
  File "/home/hugoviana/Projetos/crypto-etl/airflow_pipeline/dags/binance_dag.py", line 42, in execute
    logg
NameError: name 'logg' is not defined
[2024-07-25T14:32:05.125-0300] {taskinstance.py:1206} INFO - Marking task as FAILED. dag_id=Binance_5m, task_id=get_5m_info, run_id=scheduled__2024-07-25T14:15:00+00:00, execution_date=20240725T141500, start_date=20240725T173204, end_date=20240725T173205
[2024-07-25T14:32:05.139-0300] {standard_task_runner.py:110} ERROR - Failed to execute job 2147 for task get_5m_info (name 'logg' is not defined; 2594948)
[2024-07-25T14:32:05.164-0300] {local_task_job_runner.py:243} INFO - Task exited with return code 1
[2024-07-25T14:32:05.170-0300] {taskinstance.py:3503} INFO - 0 downstream tasks scheduled from follow-on schedule check
[2024-07-25T14:32:05.171-0300] {local_task_job_runner.py:222} INFO - ::endgroup::
[2024-07-25T14:53:26.795-0300] {local_task_job_runner.py:120} INFO - ::group::Pre task execution logs
[2024-07-25T14:53:26.803-0300] {taskinstance.py:2076} INFO - Dependencies all met for dep_context=non-requeueable deps ti=<TaskInstance: Binance_5m.get_5m_info scheduled__2024-07-25T14:15:00+00:00 [queued]>
[2024-07-25T14:53:26.807-0300] {taskinstance.py:2076} INFO - Dependencies all met for dep_context=requeueable deps ti=<TaskInstance: Binance_5m.get_5m_info scheduled__2024-07-25T14:15:00+00:00 [queued]>
[2024-07-25T14:53:26.807-0300] {taskinstance.py:2306} INFO - Starting attempt 1 of 1
[2024-07-25T14:53:26.823-0300] {taskinstance.py:2330} INFO - Executing <Task(PythonOperator): get_5m_info> on 2024-07-25 14:15:00+00:00
[2024-07-25T14:53:26.825-0300] {standard_task_runner.py:64} INFO - Started process 2612808 to run task
[2024-07-25T14:53:26.828-0300] {standard_task_runner.py:90} INFO - Running: ['airflow', 'tasks', 'run', 'Binance_5m', 'get_5m_info', 'scheduled__2024-07-25T14:15:00+00:00', '--job-id', '2263', '--raw', '--subdir', 'DAGS_FOLDER/binance_dag.py', '--cfg-path', '/tmp/tmpv355vx0j']
[2024-07-25T14:53:26.829-0300] {standard_task_runner.py:91} INFO - Job 2263: Subtask get_5m_info
[2024-07-25T14:53:26.864-0300] {task_command.py:426} INFO - Running <TaskInstance: Binance_5m.get_5m_info scheduled__2024-07-25T14:15:00+00:00 [running]> on host Galaxybook.
[2024-07-25T14:53:26.928-0300] {taskinstance.py:2648} INFO - Exporting env vars: AIRFLOW_CTX_DAG_OWNER='airflow' AIRFLOW_CTX_DAG_ID='Binance_5m' AIRFLOW_CTX_TASK_ID='get_5m_info' AIRFLOW_CTX_EXECUTION_DATE='2024-07-25T14:15:00+00:00' AIRFLOW_CTX_TRY_NUMBER='1' AIRFLOW_CTX_DAG_RUN_ID='scheduled__2024-07-25T14:15:00+00:00'
[2024-07-25T14:53:26.929-0300] {taskinstance.py:430} INFO - ::endgroup::
[2024-07-25T14:53:26.939-0300] {binance_dag.py:23} INFO - End Time: 2024-07-25T14:20:00.00Z
[2024-07-25T14:53:26.939-0300] {binance_dag.py:24} INFO - Start Time: 2024-07-25T14:15:00.00Z
[2024-07-25T14:53:27.018-0300] {base.py:84} INFO - Using connection ID 'binance_default' for task execution.
[2024-07-25T14:53:27.018-0300] {logging_mixin.py:188} INFO - https://api.binance.com
[2024-07-25T14:53:27.019-0300] {binance_hook.py:35} INFO - URL: https://api.binance.com/api/v3/klines?symbol=BTCBRL&interval=5m&startTime=1721927700000&endTime=1721927999999
[2024-07-25T14:53:27.416-0300] {binance_dag.py:43} INFO - r: [[1721927700000, '367738.00000000', '368261.00000000', '367625.00000000', '367867.00000000', '1.39982000', 1721927999999, '515035.93139000', 140, '0.48954000', '180136.01006000', '0']]
[2024-07-25T14:53:27.417-0300] {python.py:237} INFO - Done. Returned value was: None
[2024-07-25T14:53:27.417-0300] {taskinstance.py:441} INFO - ::group::Post task execution logs
[2024-07-25T14:53:27.421-0300] {taskinstance.py:1206} INFO - Marking task as SUCCESS. dag_id=Binance_5m, task_id=get_5m_info, run_id=scheduled__2024-07-25T14:15:00+00:00, execution_date=20240725T141500, start_date=20240725T175326, end_date=20240725T175327
[2024-07-25T14:53:27.450-0300] {local_task_job_runner.py:243} INFO - Task exited with return code 0
[2024-07-25T14:53:27.460-0300] {taskinstance.py:3503} INFO - 0 downstream tasks scheduled from follow-on schedule check
[2024-07-25T14:53:27.460-0300] {local_task_job_runner.py:222} INFO - ::endgroup::
[2024-07-25T15:23:11.756-0300] {local_task_job_runner.py:120} INFO - ::group::Pre task execution logs
[2024-07-25T15:23:11.762-0300] {taskinstance.py:2076} INFO - Dependencies all met for dep_context=non-requeueable deps ti=<TaskInstance: Binance_5m.get_5m_info scheduled__2024-07-25T14:15:00+00:00 [queued]>
[2024-07-25T15:23:11.765-0300] {taskinstance.py:2076} INFO - Dependencies all met for dep_context=requeueable deps ti=<TaskInstance: Binance_5m.get_5m_info scheduled__2024-07-25T14:15:00+00:00 [queued]>
[2024-07-25T15:23:11.765-0300] {taskinstance.py:2306} INFO - Starting attempt 1 of 1
[2024-07-25T15:23:11.778-0300] {taskinstance.py:2330} INFO - Executing <Task(PythonOperator): get_5m_info> on 2024-07-25 14:15:00+00:00
[2024-07-25T15:23:11.780-0300] {standard_task_runner.py:64} INFO - Started process 2634900 to run task
[2024-07-25T15:23:11.782-0300] {standard_task_runner.py:90} INFO - Running: ['airflow', 'tasks', 'run', 'Binance_5m', 'get_5m_info', 'scheduled__2024-07-25T14:15:00+00:00', '--job-id', '2706', '--raw', '--subdir', 'DAGS_FOLDER/binance_dag.py', '--cfg-path', '/tmp/tmpedo757bp']
[2024-07-25T15:23:11.783-0300] {standard_task_runner.py:91} INFO - Job 2706: Subtask get_5m_info
[2024-07-25T15:23:11.808-0300] {task_command.py:426} INFO - Running <TaskInstance: Binance_5m.get_5m_info scheduled__2024-07-25T14:15:00+00:00 [running]> on host Galaxybook.
[2024-07-25T15:23:11.860-0300] {taskinstance.py:2648} INFO - Exporting env vars: AIRFLOW_CTX_DAG_OWNER='airflow' AIRFLOW_CTX_DAG_ID='Binance_5m' AIRFLOW_CTX_TASK_ID='get_5m_info' AIRFLOW_CTX_EXECUTION_DATE='2024-07-25T14:15:00+00:00' AIRFLOW_CTX_TRY_NUMBER='1' AIRFLOW_CTX_DAG_RUN_ID='scheduled__2024-07-25T14:15:00+00:00'
[2024-07-25T15:23:11.861-0300] {taskinstance.py:430} INFO - ::endgroup::
[2024-07-25T15:23:11.868-0300] {binance_dag.py:23} INFO - End Time: 2024-07-25T14:20:00.00Z
[2024-07-25T15:23:11.868-0300] {binance_dag.py:24} INFO - Start Time: 2024-07-25T14:15:00.00Z
[2024-07-25T15:23:11.919-0300] {binance_dag.py:25} INFO - 1721927700000
[2024-07-25T15:23:11.921-0300] {base.py:84} INFO - Using connection ID 'binance_default' for task execution.
[2024-07-25T15:23:11.921-0300] {logging_mixin.py:188} INFO - https://api.binance.com
[2024-07-25T15:23:11.922-0300] {binance_hook.py:35} INFO - URL: https://api.binance.com/api/v3/klines?symbol=BTCBRL&interval=5m&startTime=1721927700000&endTime=1721927999999
[2024-07-25T15:23:12.336-0300] {python.py:237} INFO - Done. Returned value was: None
[2024-07-25T15:23:12.337-0300] {taskinstance.py:441} INFO - ::group::Post task execution logs
[2024-07-25T15:23:12.340-0300] {taskinstance.py:1206} INFO - Marking task as SUCCESS. dag_id=Binance_5m, task_id=get_5m_info, run_id=scheduled__2024-07-25T14:15:00+00:00, execution_date=20240725T141500, start_date=20240725T182311, end_date=20240725T182312
[2024-07-25T15:23:12.367-0300] {local_task_job_runner.py:243} INFO - Task exited with return code 0
[2024-07-25T15:23:12.372-0300] {taskinstance.py:3503} INFO - 0 downstream tasks scheduled from follow-on schedule check
[2024-07-25T15:23:12.372-0300] {local_task_job_runner.py:222} INFO - ::endgroup::
[2024-07-25T16:21:28.658-0300] {local_task_job_runner.py:120} INFO - ::group::Pre task execution logs
[2024-07-25T16:21:28.664-0300] {taskinstance.py:2076} INFO - Dependencies all met for dep_context=non-requeueable deps ti=<TaskInstance: Binance_5m.get_5m_info scheduled__2024-07-25T14:15:00+00:00 [queued]>
[2024-07-25T16:21:28.669-0300] {taskinstance.py:2076} INFO - Dependencies all met for dep_context=requeueable deps ti=<TaskInstance: Binance_5m.get_5m_info scheduled__2024-07-25T14:15:00+00:00 [queued]>
[2024-07-25T16:21:28.669-0300] {taskinstance.py:2306} INFO - Starting attempt 1 of 1
[2024-07-25T16:21:28.683-0300] {taskinstance.py:2330} INFO - Executing <Task(PythonOperator): get_5m_info> on 2024-07-25 14:15:00+00:00
[2024-07-25T16:21:28.686-0300] {standard_task_runner.py:64} INFO - Started process 2664508 to run task
[2024-07-25T16:21:28.688-0300] {standard_task_runner.py:90} INFO - Running: ['airflow', 'tasks', 'run', 'Binance_5m', 'get_5m_info', 'scheduled__2024-07-25T14:15:00+00:00', '--job-id', '2319', '--raw', '--subdir', 'DAGS_FOLDER/binance_dag.py', '--cfg-path', '/tmp/tmp2swlboi5']
[2024-07-25T16:21:28.689-0300] {standard_task_runner.py:91} INFO - Job 2319: Subtask get_5m_info
[2024-07-25T16:21:28.715-0300] {task_command.py:426} INFO - Running <TaskInstance: Binance_5m.get_5m_info scheduled__2024-07-25T14:15:00+00:00 [running]> on host Galaxybook.
[2024-07-25T16:21:28.774-0300] {taskinstance.py:2648} INFO - Exporting env vars: AIRFLOW_CTX_DAG_OWNER='airflow' AIRFLOW_CTX_DAG_ID='Binance_5m' AIRFLOW_CTX_TASK_ID='get_5m_info' AIRFLOW_CTX_EXECUTION_DATE='2024-07-25T14:15:00+00:00' AIRFLOW_CTX_TRY_NUMBER='1' AIRFLOW_CTX_DAG_RUN_ID='scheduled__2024-07-25T14:15:00+00:00'
[2024-07-25T16:21:28.775-0300] {taskinstance.py:430} INFO - ::endgroup::
[2024-07-25T16:21:28.782-0300] {binance_dag.py:22} INFO - End Time: 2024-07-25 14:20:00+00:00
[2024-07-25T16:21:28.782-0300] {binance_dag.py:23} INFO - Start Time: 2024-07-25 14:15:00+00:00
[2024-07-25T16:21:28.782-0300] {binance_dag.py:24} INFO - Start timestamp: 1721916900000
[2024-07-25T16:21:28.783-0300] {binance_dag.py:25} INFO - End timestamp: 1721917200000
[2024-07-25T16:21:28.840-0300] {base.py:84} INFO - Using connection ID 'binance_default' for task execution.
[2024-07-25T16:21:28.840-0300] {logging_mixin.py:188} INFO - https://api.binance.com
[2024-07-25T16:21:28.840-0300] {binance_hook.py:35} INFO - URL: https://api.binance.com/api/v3/klines?symbol=BTCBRL&interval=5m&startTime=1721916900000&endTime=1721917199999&timeZone=-3
[2024-07-25T16:21:29.239-0300] {python.py:237} INFO - Done. Returned value was: None
[2024-07-25T16:21:29.240-0300] {taskinstance.py:441} INFO - ::group::Post task execution logs
[2024-07-25T16:21:29.243-0300] {taskinstance.py:1206} INFO - Marking task as SUCCESS. dag_id=Binance_5m, task_id=get_5m_info, run_id=scheduled__2024-07-25T14:15:00+00:00, execution_date=20240725T141500, start_date=20240725T192128, end_date=20240725T192129
[2024-07-25T16:21:29.280-0300] {local_task_job_runner.py:243} INFO - Task exited with return code 0
[2024-07-25T16:21:29.286-0300] {taskinstance.py:3503} INFO - 0 downstream tasks scheduled from follow-on schedule check
[2024-07-25T16:21:29.286-0300] {local_task_job_runner.py:222} INFO - ::endgroup::
