[2024-07-25T14:48:27.010-0300] {local_task_job_runner.py:120} INFO - ::group::Pre task execution logs
[2024-07-25T14:48:27.017-0300] {taskinstance.py:2076} INFO - Dependencies all met for dep_context=non-requeueable deps ti=<TaskInstance: Binance_5m.get_5m_info scheduled__2024-07-25T04:00:00+00:00 [queued]>
[2024-07-25T14:48:27.020-0300] {taskinstance.py:2076} INFO - Dependencies all met for dep_context=requeueable deps ti=<TaskInstance: Binance_5m.get_5m_info scheduled__2024-07-25T04:00:00+00:00 [queued]>
[2024-07-25T14:48:27.020-0300] {taskinstance.py:2306} INFO - Starting attempt 1 of 1
[2024-07-25T14:48:27.037-0300] {taskinstance.py:2330} INFO - Executing <Task(PythonOperator): get_5m_info> on 2024-07-25 04:00:00+00:00
[2024-07-25T14:48:27.038-0300] {standard_task_runner.py:64} INFO - Started process 2607831 to run task
[2024-07-25T14:48:27.040-0300] {standard_task_runner.py:90} INFO - Running: ['airflow', 'tasks', 'run', 'Binance_5m', 'get_5m_info', 'scheduled__2024-07-25T04:00:00+00:00', '--job-id', '2134', '--raw', '--subdir', 'DAGS_FOLDER/binance_dag.py', '--cfg-path', '/tmp/tmp0sgw3ory']
[2024-07-25T14:48:27.041-0300] {standard_task_runner.py:91} INFO - Job 2134: Subtask get_5m_info
[2024-07-25T14:48:27.069-0300] {task_command.py:426} INFO - Running <TaskInstance: Binance_5m.get_5m_info scheduled__2024-07-25T04:00:00+00:00 [running]> on host Galaxybook.
[2024-07-25T14:48:27.135-0300] {taskinstance.py:2648} INFO - Exporting env vars: AIRFLOW_CTX_DAG_OWNER='airflow' AIRFLOW_CTX_DAG_ID='Binance_5m' AIRFLOW_CTX_TASK_ID='get_5m_info' AIRFLOW_CTX_EXECUTION_DATE='2024-07-25T04:00:00+00:00' AIRFLOW_CTX_TRY_NUMBER='1' AIRFLOW_CTX_DAG_RUN_ID='scheduled__2024-07-25T04:00:00+00:00'
[2024-07-25T14:48:27.136-0300] {taskinstance.py:430} INFO - ::endgroup::
[2024-07-25T14:48:27.145-0300] {binance_dag.py:23} INFO - End Time: 2024-07-25T04:05:00.00Z
[2024-07-25T14:48:27.145-0300] {binance_dag.py:24} INFO - Start Time: 2024-07-25T04:00:00.00Z
[2024-07-25T14:48:27.211-0300] {base.py:84} INFO - Using connection ID 'binance_default' for task execution.
[2024-07-25T14:48:27.211-0300] {logging_mixin.py:188} INFO - https://api.binance.com
[2024-07-25T14:48:27.212-0300] {binance_hook.py:35} INFO - URL: https://api.binance.com/api/v3/klines?symbol=BTCBRL&interval=5m&startTime=1721890800000&endTime=1721891099999
[2024-07-25T14:48:27.606-0300] {binance_dag.py:43} INFO - r: [[1721890800000, '366250.00000000', '366296.00000000', '366250.00000000', '366296.00000000', '0.01765000', 1721891099999, '6464.45180000', 4, '0.00304000', '1113.53930000', '0']]
[2024-07-25T14:48:27.607-0300] {python.py:237} INFO - Done. Returned value was: None
[2024-07-25T14:48:27.608-0300] {taskinstance.py:441} INFO - ::group::Post task execution logs
[2024-07-25T14:48:27.612-0300] {taskinstance.py:1206} INFO - Marking task as SUCCESS. dag_id=Binance_5m, task_id=get_5m_info, run_id=scheduled__2024-07-25T04:00:00+00:00, execution_date=20240725T040000, start_date=20240725T174827, end_date=20240725T174827
[2024-07-25T14:48:27.666-0300] {local_task_job_runner.py:243} INFO - Task exited with return code 0
[2024-07-25T14:48:27.676-0300] {taskinstance.py:3503} INFO - 0 downstream tasks scheduled from follow-on schedule check
[2024-07-25T14:48:27.676-0300] {local_task_job_runner.py:222} INFO - ::endgroup::
[2024-07-25T15:18:37.202-0300] {local_task_job_runner.py:120} INFO - ::group::Pre task execution logs
[2024-07-25T15:18:37.208-0300] {taskinstance.py:2076} INFO - Dependencies all met for dep_context=non-requeueable deps ti=<TaskInstance: Binance_5m.get_5m_info scheduled__2024-07-25T04:00:00+00:00 [queued]>
[2024-07-25T15:18:37.212-0300] {taskinstance.py:2076} INFO - Dependencies all met for dep_context=requeueable deps ti=<TaskInstance: Binance_5m.get_5m_info scheduled__2024-07-25T04:00:00+00:00 [queued]>
[2024-07-25T15:18:37.213-0300] {taskinstance.py:2306} INFO - Starting attempt 1 of 1
[2024-07-25T15:18:37.229-0300] {taskinstance.py:2330} INFO - Executing <Task(PythonOperator): get_5m_info> on 2024-07-25 04:00:00+00:00
[2024-07-25T15:18:37.230-0300] {standard_task_runner.py:64} INFO - Started process 2630375 to run task
[2024-07-25T15:18:37.232-0300] {standard_task_runner.py:90} INFO - Running: ['airflow', 'tasks', 'run', 'Binance_5m', 'get_5m_info', 'scheduled__2024-07-25T04:00:00+00:00', '--job-id', '2583', '--raw', '--subdir', 'DAGS_FOLDER/binance_dag.py', '--cfg-path', '/tmp/tmprt_gw_ju']
[2024-07-25T15:18:37.233-0300] {standard_task_runner.py:91} INFO - Job 2583: Subtask get_5m_info
[2024-07-25T15:18:37.263-0300] {task_command.py:426} INFO - Running <TaskInstance: Binance_5m.get_5m_info scheduled__2024-07-25T04:00:00+00:00 [running]> on host Galaxybook.
[2024-07-25T15:18:37.326-0300] {taskinstance.py:2648} INFO - Exporting env vars: AIRFLOW_CTX_DAG_OWNER='airflow' AIRFLOW_CTX_DAG_ID='Binance_5m' AIRFLOW_CTX_TASK_ID='get_5m_info' AIRFLOW_CTX_EXECUTION_DATE='2024-07-25T04:00:00+00:00' AIRFLOW_CTX_TRY_NUMBER='1' AIRFLOW_CTX_DAG_RUN_ID='scheduled__2024-07-25T04:00:00+00:00'
[2024-07-25T15:18:37.326-0300] {taskinstance.py:430} INFO - ::endgroup::
[2024-07-25T15:18:37.336-0300] {binance_dag.py:23} INFO - End Time: 2024-07-25T04:05:00.00Z
[2024-07-25T15:18:37.336-0300] {binance_dag.py:24} INFO - Start Time: 2024-07-25T04:00:00.00Z
[2024-07-25T15:18:37.399-0300] {binance_dag.py:25} INFO - 1721890800000
[2024-07-25T15:18:37.401-0300] {base.py:84} INFO - Using connection ID 'binance_default' for task execution.
[2024-07-25T15:18:37.402-0300] {logging_mixin.py:188} INFO - https://api.binance.com
[2024-07-25T15:18:37.402-0300] {binance_hook.py:35} INFO - URL: https://api.binance.com/api/v3/klines?symbol=BTCBRL&interval=5m&startTime=1721890800000&endTime=1721891099999
[2024-07-25T15:18:37.823-0300] {python.py:237} INFO - Done. Returned value was: None
[2024-07-25T15:18:37.824-0300] {taskinstance.py:441} INFO - ::group::Post task execution logs
[2024-07-25T15:18:37.828-0300] {taskinstance.py:1206} INFO - Marking task as SUCCESS. dag_id=Binance_5m, task_id=get_5m_info, run_id=scheduled__2024-07-25T04:00:00+00:00, execution_date=20240725T040000, start_date=20240725T181837, end_date=20240725T181837
[2024-07-25T15:18:37.855-0300] {local_task_job_runner.py:243} INFO - Task exited with return code 0
[2024-07-25T15:18:37.865-0300] {taskinstance.py:3503} INFO - 0 downstream tasks scheduled from follow-on schedule check
[2024-07-25T15:18:37.865-0300] {local_task_job_runner.py:222} INFO - ::endgroup::
[2024-07-25T16:15:13.171-0300] {local_task_job_runner.py:120} INFO - ::group::Pre task execution logs
[2024-07-25T16:15:13.178-0300] {taskinstance.py:2076} INFO - Dependencies all met for dep_context=non-requeueable deps ti=<TaskInstance: Binance_5m.get_5m_info scheduled__2024-07-25T04:00:00+00:00 [queued]>
[2024-07-25T16:15:13.182-0300] {taskinstance.py:2076} INFO - Dependencies all met for dep_context=requeueable deps ti=<TaskInstance: Binance_5m.get_5m_info scheduled__2024-07-25T04:00:00+00:00 [queued]>
[2024-07-25T16:15:13.182-0300] {taskinstance.py:2306} INFO - Starting attempt 1 of 1
[2024-07-25T16:15:13.198-0300] {taskinstance.py:2330} INFO - Executing <Task(PythonOperator): get_5m_info> on 2024-07-25 04:00:00+00:00
[2024-07-25T16:15:13.200-0300] {standard_task_runner.py:64} INFO - Started process 2658170 to run task
[2024-07-25T16:15:13.203-0300] {standard_task_runner.py:90} INFO - Running: ['airflow', 'tasks', 'run', 'Binance_5m', 'get_5m_info', 'scheduled__2024-07-25T04:00:00+00:00', '--job-id', '2143', '--raw', '--subdir', 'DAGS_FOLDER/binance_dag.py', '--cfg-path', '/tmp/tmp0iavxqi3']
[2024-07-25T16:15:13.204-0300] {standard_task_runner.py:91} INFO - Job 2143: Subtask get_5m_info
[2024-07-25T16:15:13.229-0300] {task_command.py:426} INFO - Running <TaskInstance: Binance_5m.get_5m_info scheduled__2024-07-25T04:00:00+00:00 [running]> on host Galaxybook.
[2024-07-25T16:15:13.287-0300] {taskinstance.py:2648} INFO - Exporting env vars: AIRFLOW_CTX_DAG_OWNER='airflow' AIRFLOW_CTX_DAG_ID='Binance_5m' AIRFLOW_CTX_TASK_ID='get_5m_info' AIRFLOW_CTX_EXECUTION_DATE='2024-07-25T04:00:00+00:00' AIRFLOW_CTX_TRY_NUMBER='1' AIRFLOW_CTX_DAG_RUN_ID='scheduled__2024-07-25T04:00:00+00:00'
[2024-07-25T16:15:13.287-0300] {taskinstance.py:430} INFO - ::endgroup::
[2024-07-25T16:15:13.294-0300] {binance_dag.py:22} INFO - End Time: 2024-07-25 04:05:00+00:00
[2024-07-25T16:15:13.294-0300] {binance_dag.py:23} INFO - Start Time: 2024-07-25 04:00:00+00:00
[2024-07-25T16:15:13.295-0300] {binance_dag.py:24} INFO - Start timestamp: 1721880000000
[2024-07-25T16:15:13.295-0300] {binance_dag.py:25} INFO - End timestamp: 1721880300000
[2024-07-25T16:15:13.356-0300] {base.py:84} INFO - Using connection ID 'binance_default' for task execution.
[2024-07-25T16:15:13.356-0300] {logging_mixin.py:188} INFO - https://api.binance.com
[2024-07-25T16:15:13.356-0300] {binance_hook.py:35} INFO - URL: https://api.binance.com/api/v3/klines?symbol=BTCBRL&interval=5m&startTime=1721880000000&endTime=1721880299999&timeZone=-3
[2024-07-25T16:15:13.782-0300] {python.py:237} INFO - Done. Returned value was: None
[2024-07-25T16:15:13.782-0300] {taskinstance.py:441} INFO - ::group::Post task execution logs
[2024-07-25T16:15:13.785-0300] {taskinstance.py:1206} INFO - Marking task as SUCCESS. dag_id=Binance_5m, task_id=get_5m_info, run_id=scheduled__2024-07-25T04:00:00+00:00, execution_date=20240725T040000, start_date=20240725T191513, end_date=20240725T191513
[2024-07-25T16:15:13.822-0300] {local_task_job_runner.py:243} INFO - Task exited with return code 0
[2024-07-25T16:15:13.830-0300] {taskinstance.py:3503} INFO - 0 downstream tasks scheduled from follow-on schedule check
[2024-07-25T16:15:13.831-0300] {local_task_job_runner.py:222} INFO - ::endgroup::
