[2024-07-25T14:48:09.347-0300] {local_task_job_runner.py:120} INFO - ::group::Pre task execution logs
[2024-07-25T14:48:09.351-0300] {taskinstance.py:2076} INFO - Dependencies all met for dep_context=non-requeueable deps ti=<TaskInstance: Binance_5m.get_5m_info scheduled__2024-07-25T03:20:00+00:00 [queued]>
[2024-07-25T14:48:09.355-0300] {taskinstance.py:2076} INFO - Dependencies all met for dep_context=requeueable deps ti=<TaskInstance: Binance_5m.get_5m_info scheduled__2024-07-25T03:20:00+00:00 [queued]>
[2024-07-25T14:48:09.355-0300] {taskinstance.py:2306} INFO - Starting attempt 1 of 1
[2024-07-25T14:48:09.369-0300] {taskinstance.py:2330} INFO - Executing <Task(PythonOperator): get_5m_info> on 2024-07-25 03:20:00+00:00
[2024-07-25T14:48:09.371-0300] {standard_task_runner.py:64} INFO - Started process 2607557 to run task
[2024-07-25T14:48:09.374-0300] {standard_task_runner.py:90} INFO - Running: ['airflow', 'tasks', 'run', 'Binance_5m', 'get_5m_info', 'scheduled__2024-07-25T03:20:00+00:00', '--job-id', '2126', '--raw', '--subdir', 'DAGS_FOLDER/binance_dag.py', '--cfg-path', '/tmp/tmp8_qtswq3']
[2024-07-25T14:48:09.375-0300] {standard_task_runner.py:91} INFO - Job 2126: Subtask get_5m_info
[2024-07-25T14:48:09.401-0300] {task_command.py:426} INFO - Running <TaskInstance: Binance_5m.get_5m_info scheduled__2024-07-25T03:20:00+00:00 [running]> on host Galaxybook.
[2024-07-25T14:48:09.451-0300] {taskinstance.py:2648} INFO - Exporting env vars: AIRFLOW_CTX_DAG_OWNER='airflow' AIRFLOW_CTX_DAG_ID='Binance_5m' AIRFLOW_CTX_TASK_ID='get_5m_info' AIRFLOW_CTX_EXECUTION_DATE='2024-07-25T03:20:00+00:00' AIRFLOW_CTX_TRY_NUMBER='1' AIRFLOW_CTX_DAG_RUN_ID='scheduled__2024-07-25T03:20:00+00:00'
[2024-07-25T14:48:09.451-0300] {taskinstance.py:430} INFO - ::endgroup::
[2024-07-25T14:48:09.459-0300] {binance_dag.py:23} INFO - End Time: 2024-07-25T03:25:00.00Z
[2024-07-25T14:48:09.460-0300] {binance_dag.py:24} INFO - Start Time: 2024-07-25T03:20:00.00Z
[2024-07-25T14:48:09.516-0300] {base.py:84} INFO - Using connection ID 'binance_default' for task execution.
[2024-07-25T14:48:09.516-0300] {logging_mixin.py:188} INFO - https://api.binance.com
[2024-07-25T14:48:09.517-0300] {binance_hook.py:35} INFO - URL: https://api.binance.com/api/v3/klines?symbol=BTCBRL&interval=5m&startTime=1721888400000&endTime=1721888699999
[2024-07-25T14:48:09.906-0300] {binance_dag.py:43} INFO - r: [[1721888400000, '365882.00000000', '365910.00000000', '365427.00000000', '365463.00000000', '0.04436000', 1721888699999, '16217.52806000', 12, '0.02251000', '8229.85563000', '0']]
[2024-07-25T14:48:09.907-0300] {python.py:237} INFO - Done. Returned value was: None
[2024-07-25T14:48:09.907-0300] {taskinstance.py:441} INFO - ::group::Post task execution logs
[2024-07-25T14:48:09.910-0300] {taskinstance.py:1206} INFO - Marking task as SUCCESS. dag_id=Binance_5m, task_id=get_5m_info, run_id=scheduled__2024-07-25T03:20:00+00:00, execution_date=20240725T032000, start_date=20240725T174809, end_date=20240725T174809
[2024-07-25T14:48:09.956-0300] {local_task_job_runner.py:243} INFO - Task exited with return code 0
[2024-07-25T14:48:09.963-0300] {taskinstance.py:3503} INFO - 0 downstream tasks scheduled from follow-on schedule check
[2024-07-25T14:48:09.963-0300] {local_task_job_runner.py:222} INFO - ::endgroup::
[2024-07-25T15:18:17.417-0300] {local_task_job_runner.py:120} INFO - ::group::Pre task execution logs
[2024-07-25T15:18:17.422-0300] {taskinstance.py:2076} INFO - Dependencies all met for dep_context=non-requeueable deps ti=<TaskInstance: Binance_5m.get_5m_info scheduled__2024-07-25T03:20:00+00:00 [queued]>
[2024-07-25T15:18:17.425-0300] {taskinstance.py:2076} INFO - Dependencies all met for dep_context=requeueable deps ti=<TaskInstance: Binance_5m.get_5m_info scheduled__2024-07-25T03:20:00+00:00 [queued]>
[2024-07-25T15:18:17.426-0300] {taskinstance.py:2306} INFO - Starting attempt 1 of 1
[2024-07-25T15:18:17.437-0300] {taskinstance.py:2330} INFO - Executing <Task(PythonOperator): get_5m_info> on 2024-07-25 03:20:00+00:00
[2024-07-25T15:18:17.439-0300] {standard_task_runner.py:64} INFO - Started process 2630053 to run task
[2024-07-25T15:18:17.441-0300] {standard_task_runner.py:90} INFO - Running: ['airflow', 'tasks', 'run', 'Binance_5m', 'get_5m_info', 'scheduled__2024-07-25T03:20:00+00:00', '--job-id', '2575', '--raw', '--subdir', 'DAGS_FOLDER/binance_dag.py', '--cfg-path', '/tmp/tmp6t0e69h_']
[2024-07-25T15:18:17.442-0300] {standard_task_runner.py:91} INFO - Job 2575: Subtask get_5m_info
[2024-07-25T15:18:17.468-0300] {task_command.py:426} INFO - Running <TaskInstance: Binance_5m.get_5m_info scheduled__2024-07-25T03:20:00+00:00 [running]> on host Galaxybook.
[2024-07-25T15:18:17.523-0300] {taskinstance.py:2648} INFO - Exporting env vars: AIRFLOW_CTX_DAG_OWNER='airflow' AIRFLOW_CTX_DAG_ID='Binance_5m' AIRFLOW_CTX_TASK_ID='get_5m_info' AIRFLOW_CTX_EXECUTION_DATE='2024-07-25T03:20:00+00:00' AIRFLOW_CTX_TRY_NUMBER='1' AIRFLOW_CTX_DAG_RUN_ID='scheduled__2024-07-25T03:20:00+00:00'
[2024-07-25T15:18:17.524-0300] {taskinstance.py:430} INFO - ::endgroup::
[2024-07-25T15:18:17.531-0300] {binance_dag.py:23} INFO - End Time: 2024-07-25T03:25:00.00Z
[2024-07-25T15:18:17.532-0300] {binance_dag.py:24} INFO - Start Time: 2024-07-25T03:20:00.00Z
[2024-07-25T15:18:17.591-0300] {binance_dag.py:25} INFO - 1721888400000
[2024-07-25T15:18:17.594-0300] {base.py:84} INFO - Using connection ID 'binance_default' for task execution.
[2024-07-25T15:18:17.595-0300] {logging_mixin.py:188} INFO - https://api.binance.com
[2024-07-25T15:18:17.595-0300] {binance_hook.py:35} INFO - URL: https://api.binance.com/api/v3/klines?symbol=BTCBRL&interval=5m&startTime=1721888400000&endTime=1721888699999
[2024-07-25T15:18:17.979-0300] {python.py:237} INFO - Done. Returned value was: None
[2024-07-25T15:18:17.980-0300] {taskinstance.py:441} INFO - ::group::Post task execution logs
[2024-07-25T15:18:17.982-0300] {taskinstance.py:1206} INFO - Marking task as SUCCESS. dag_id=Binance_5m, task_id=get_5m_info, run_id=scheduled__2024-07-25T03:20:00+00:00, execution_date=20240725T032000, start_date=20240725T181817, end_date=20240725T181817
[2024-07-25T15:18:18.025-0300] {local_task_job_runner.py:243} INFO - Task exited with return code 0
[2024-07-25T15:18:18.031-0300] {taskinstance.py:3503} INFO - 0 downstream tasks scheduled from follow-on schedule check
[2024-07-25T15:18:18.031-0300] {local_task_job_runner.py:222} INFO - ::endgroup::
[2024-07-25T16:14:47.090-0300] {local_task_job_runner.py:120} INFO - ::group::Pre task execution logs
[2024-07-25T16:14:47.095-0300] {taskinstance.py:2076} INFO - Dependencies all met for dep_context=non-requeueable deps ti=<TaskInstance: Binance_5m.get_5m_info scheduled__2024-07-25T03:20:00+00:00 [queued]>
[2024-07-25T16:14:47.098-0300] {taskinstance.py:2076} INFO - Dependencies all met for dep_context=requeueable deps ti=<TaskInstance: Binance_5m.get_5m_info scheduled__2024-07-25T03:20:00+00:00 [queued]>
[2024-07-25T16:14:47.098-0300] {taskinstance.py:2306} INFO - Starting attempt 1 of 1
[2024-07-25T16:14:47.120-0300] {taskinstance.py:2330} INFO - Executing <Task(PythonOperator): get_5m_info> on 2024-07-25 03:20:00+00:00
[2024-07-25T16:14:47.122-0300] {standard_task_runner.py:64} INFO - Started process 2657732 to run task
[2024-07-25T16:14:47.124-0300] {standard_task_runner.py:90} INFO - Running: ['airflow', 'tasks', 'run', 'Binance_5m', 'get_5m_info', 'scheduled__2024-07-25T03:20:00+00:00', '--job-id', '2135', '--raw', '--subdir', 'DAGS_FOLDER/binance_dag.py', '--cfg-path', '/tmp/tmpied2bw__']
[2024-07-25T16:14:47.125-0300] {standard_task_runner.py:91} INFO - Job 2135: Subtask get_5m_info
[2024-07-25T16:14:47.150-0300] {task_command.py:426} INFO - Running <TaskInstance: Binance_5m.get_5m_info scheduled__2024-07-25T03:20:00+00:00 [running]> on host Galaxybook.
[2024-07-25T16:14:47.202-0300] {taskinstance.py:2648} INFO - Exporting env vars: AIRFLOW_CTX_DAG_OWNER='airflow' AIRFLOW_CTX_DAG_ID='Binance_5m' AIRFLOW_CTX_TASK_ID='get_5m_info' AIRFLOW_CTX_EXECUTION_DATE='2024-07-25T03:20:00+00:00' AIRFLOW_CTX_TRY_NUMBER='1' AIRFLOW_CTX_DAG_RUN_ID='scheduled__2024-07-25T03:20:00+00:00'
[2024-07-25T16:14:47.203-0300] {taskinstance.py:430} INFO - ::endgroup::
[2024-07-25T16:14:47.210-0300] {binance_dag.py:22} INFO - End Time: 2024-07-25 03:25:00+00:00
[2024-07-25T16:14:47.210-0300] {binance_dag.py:23} INFO - Start Time: 2024-07-25 03:20:00+00:00
[2024-07-25T16:14:47.210-0300] {binance_dag.py:24} INFO - Start timestamp: 1721877600000
[2024-07-25T16:14:47.210-0300] {binance_dag.py:25} INFO - End timestamp: 1721877900000
[2024-07-25T16:14:47.266-0300] {base.py:84} INFO - Using connection ID 'binance_default' for task execution.
[2024-07-25T16:14:47.267-0300] {logging_mixin.py:188} INFO - https://api.binance.com
[2024-07-25T16:14:47.267-0300] {binance_hook.py:35} INFO - URL: https://api.binance.com/api/v3/klines?symbol=BTCBRL&interval=5m&startTime=1721877600000&endTime=1721877899999&timeZone=-3
[2024-07-25T16:14:47.673-0300] {python.py:237} INFO - Done. Returned value was: None
[2024-07-25T16:14:47.673-0300] {taskinstance.py:441} INFO - ::group::Post task execution logs
[2024-07-25T16:14:47.676-0300] {taskinstance.py:1206} INFO - Marking task as SUCCESS. dag_id=Binance_5m, task_id=get_5m_info, run_id=scheduled__2024-07-25T03:20:00+00:00, execution_date=20240725T032000, start_date=20240725T191447, end_date=20240725T191447
[2024-07-25T16:14:47.705-0300] {local_task_job_runner.py:243} INFO - Task exited with return code 0
[2024-07-25T16:14:47.711-0300] {taskinstance.py:3503} INFO - 0 downstream tasks scheduled from follow-on schedule check
[2024-07-25T16:14:47.712-0300] {local_task_job_runner.py:222} INFO - ::endgroup::
