[2024-07-25T09:58:42.240-0300] {local_task_job_runner.py:120} INFO - ::group::Pre task execution logs
[2024-07-25T09:58:42.245-0300] {taskinstance.py:2076} INFO - Dependencies all met for dep_context=non-requeueable deps ti=<TaskInstance: Mercado_1m.get_1m_info scheduled__2024-07-25T11:13:00+00:00 [queued]>
[2024-07-25T09:58:42.249-0300] {taskinstance.py:2076} INFO - Dependencies all met for dep_context=requeueable deps ti=<TaskInstance: Mercado_1m.get_1m_info scheduled__2024-07-25T11:13:00+00:00 [queued]>
[2024-07-25T09:58:42.250-0300] {taskinstance.py:2306} INFO - Starting attempt 1 of 1
[2024-07-25T09:58:42.266-0300] {taskinstance.py:2330} INFO - Executing <Task(PythonOperator): get_1m_info> on 2024-07-25 11:13:00+00:00
[2024-07-25T09:58:42.268-0300] {standard_task_runner.py:64} INFO - Started process 2443769 to run task
[2024-07-25T09:58:42.270-0300] {standard_task_runner.py:90} INFO - Running: ['airflow', 'tasks', 'run', 'Mercado_1m', 'get_1m_info', 'scheduled__2024-07-25T11:13:00+00:00', '--job-id', '1909', '--raw', '--subdir', 'DAGS_FOLDER/mercado_dag.py', '--cfg-path', '/tmp/tmpqvl59e5g']
[2024-07-25T09:58:42.271-0300] {standard_task_runner.py:91} INFO - Job 1909: Subtask get_1m_info
[2024-07-25T09:58:42.297-0300] {task_command.py:426} INFO - Running <TaskInstance: Mercado_1m.get_1m_info scheduled__2024-07-25T11:13:00+00:00 [running]> on host Galaxybook.
[2024-07-25T09:58:42.349-0300] {taskinstance.py:2648} INFO - Exporting env vars: AIRFLOW_CTX_DAG_OWNER='airflow' AIRFLOW_CTX_DAG_ID='Mercado_1m' AIRFLOW_CTX_TASK_ID='get_1m_info' AIRFLOW_CTX_EXECUTION_DATE='2024-07-25T11:13:00+00:00' AIRFLOW_CTX_TRY_NUMBER='1' AIRFLOW_CTX_DAG_RUN_ID='scheduled__2024-07-25T11:13:00+00:00'
[2024-07-25T09:58:42.349-0300] {taskinstance.py:430} INFO - ::endgroup::
[2024-07-25T09:58:42.415-0300] {base.py:84} INFO - Using connection ID 'mercado_default' for task execution.
[2024-07-25T09:58:42.415-0300] {mercado_hook.py:26} INFO - BASE URL: https://api.mercadobitcoin.net/api/v4
[2024-07-25T09:58:42.415-0300] {mercado_hook.py:32} INFO - URL: https://api.mercadobitcoin.net/api/v4/candles?symbol=BTC-BRL&resolution=1m&to=1721912262&from=1721912322
[2024-07-25T09:58:42.720-0300] {python.py:237} INFO - Done. Returned value was: None
[2024-07-25T09:58:42.721-0300] {taskinstance.py:441} INFO - ::group::Post task execution logs
[2024-07-25T09:58:42.723-0300] {taskinstance.py:1206} INFO - Marking task as SUCCESS. dag_id=Mercado_1m, task_id=get_1m_info, run_id=scheduled__2024-07-25T11:13:00+00:00, execution_date=20240725T111300, start_date=20240725T125842, end_date=20240725T125842
[2024-07-25T09:58:42.773-0300] {local_task_job_runner.py:243} INFO - Task exited with return code 0
[2024-07-25T09:58:42.782-0300] {taskinstance.py:3503} INFO - 0 downstream tasks scheduled from follow-on schedule check
[2024-07-25T09:58:42.782-0300] {local_task_job_runner.py:222} INFO - ::endgroup::
[2024-07-25T10:58:22.728-0300] {local_task_job_runner.py:120} INFO - ::group::Pre task execution logs
[2024-07-25T10:58:22.737-0300] {taskinstance.py:2076} INFO - Dependencies all met for dep_context=non-requeueable deps ti=<TaskInstance: Mercado_1m.get_1m_info scheduled__2024-07-25T11:13:00+00:00 [queued]>
[2024-07-25T10:58:22.743-0300] {taskinstance.py:2076} INFO - Dependencies all met for dep_context=requeueable deps ti=<TaskInstance: Mercado_1m.get_1m_info scheduled__2024-07-25T11:13:00+00:00 [queued]>
[2024-07-25T10:58:22.743-0300] {taskinstance.py:2306} INFO - Starting attempt 1 of 1
[2024-07-25T10:58:22.759-0300] {taskinstance.py:2330} INFO - Executing <Task(PythonOperator): get_1m_info> on 2024-07-25 11:13:00+00:00
[2024-07-25T10:58:22.761-0300] {standard_task_runner.py:64} INFO - Started process 2480044 to run task
[2024-07-25T10:58:22.764-0300] {standard_task_runner.py:90} INFO - Running: ['airflow', 'tasks', 'run', 'Mercado_1m', 'get_1m_info', 'scheduled__2024-07-25T11:13:00+00:00', '--job-id', '1847', '--raw', '--subdir', 'DAGS_FOLDER/mercado_dag.py', '--cfg-path', '/tmp/tmp616gu8my']
[2024-07-25T10:58:22.765-0300] {standard_task_runner.py:91} INFO - Job 1847: Subtask get_1m_info
[2024-07-25T10:58:22.794-0300] {task_command.py:426} INFO - Running <TaskInstance: Mercado_1m.get_1m_info scheduled__2024-07-25T11:13:00+00:00 [running]> on host Galaxybook.
[2024-07-25T10:58:22.847-0300] {taskinstance.py:2648} INFO - Exporting env vars: AIRFLOW_CTX_DAG_OWNER='airflow' AIRFLOW_CTX_DAG_ID='Mercado_1m' AIRFLOW_CTX_TASK_ID='get_1m_info' AIRFLOW_CTX_EXECUTION_DATE='2024-07-25T11:13:00+00:00' AIRFLOW_CTX_TRY_NUMBER='1' AIRFLOW_CTX_DAG_RUN_ID='scheduled__2024-07-25T11:13:00+00:00'
[2024-07-25T10:58:22.848-0300] {taskinstance.py:430} INFO - ::endgroup::
[2024-07-25T10:58:22.920-0300] {base.py:84} INFO - Using connection ID 'mercado_default' for task execution.
[2024-07-25T10:58:22.921-0300] {mercado_hook.py:31} INFO - URL: https://api.mercadobitcoin.net/api/v4/candles?symbol=BTC-BRL&resolution=1m&to=1721915902856&countback=1
[2024-07-25T10:58:23.248-0300] {python.py:237} INFO - Done. Returned value was: None
[2024-07-25T10:58:23.248-0300] {taskinstance.py:441} INFO - ::group::Post task execution logs
[2024-07-25T10:58:23.251-0300] {taskinstance.py:1206} INFO - Marking task as SUCCESS. dag_id=Mercado_1m, task_id=get_1m_info, run_id=scheduled__2024-07-25T11:13:00+00:00, execution_date=20240725T111300, start_date=20240725T135822, end_date=20240725T135823
[2024-07-25T10:58:23.266-0300] {local_task_job_runner.py:243} INFO - Task exited with return code 0
[2024-07-25T10:58:23.273-0300] {taskinstance.py:3503} INFO - 0 downstream tasks scheduled from follow-on schedule check
[2024-07-25T10:58:23.273-0300] {local_task_job_runner.py:222} INFO - ::endgroup::
