[2024-07-25T14:55:19.157-0300] {local_task_job_runner.py:120} INFO - ::group::Pre task execution logs
[2024-07-25T14:55:19.164-0300] {taskinstance.py:2076} INFO - Dependencies all met for dep_context=non-requeueable deps ti=<TaskInstance: Mercado_5m.get_5m_info scheduled__2024-07-25T01:15:00+00:00 [queued]>
[2024-07-25T14:55:19.170-0300] {taskinstance.py:2076} INFO - Dependencies all met for dep_context=requeueable deps ti=<TaskInstance: Mercado_5m.get_5m_info scheduled__2024-07-25T01:15:00+00:00 [queued]>
[2024-07-25T14:55:19.170-0300] {taskinstance.py:2306} INFO - Starting attempt 1 of 1
[2024-07-25T14:55:19.187-0300] {taskinstance.py:2330} INFO - Executing <Task(PythonOperator): get_5m_info> on 2024-07-25 01:15:00+00:00
[2024-07-25T14:55:19.189-0300] {standard_task_runner.py:64} INFO - Started process 2614753 to run task
[2024-07-25T14:55:19.191-0300] {standard_task_runner.py:90} INFO - Running: ['airflow', 'tasks', 'run', 'Mercado_5m', 'get_5m_info', 'scheduled__2024-07-25T01:15:00+00:00', '--job-id', '2321', '--raw', '--subdir', 'DAGS_FOLDER/mercado_dag.py', '--cfg-path', '/tmp/tmpkjo939hd']
[2024-07-25T14:55:19.192-0300] {standard_task_runner.py:91} INFO - Job 2321: Subtask get_5m_info
[2024-07-25T14:55:19.223-0300] {task_command.py:426} INFO - Running <TaskInstance: Mercado_5m.get_5m_info scheduled__2024-07-25T01:15:00+00:00 [running]> on host Galaxybook.
[2024-07-25T14:55:19.272-0300] {taskinstance.py:2648} INFO - Exporting env vars: AIRFLOW_CTX_DAG_OWNER='airflow' AIRFLOW_CTX_DAG_ID='Mercado_5m' AIRFLOW_CTX_TASK_ID='get_5m_info' AIRFLOW_CTX_EXECUTION_DATE='2024-07-25T01:15:00+00:00' AIRFLOW_CTX_TRY_NUMBER='1' AIRFLOW_CTX_DAG_RUN_ID='scheduled__2024-07-25T01:15:00+00:00'
[2024-07-25T14:55:19.273-0300] {taskinstance.py:430} INFO - ::endgroup::
[2024-07-25T14:55:19.350-0300] {base.py:84} INFO - Using connection ID 'mercado_default' for task execution.
[2024-07-25T14:55:19.351-0300] {mercado_hook.py:31} INFO - URL: https://api.mercadobitcoin.net/api/v4/candles?symbol=BTC-BRL&resolution=5m&to=1721881200&from=1721880900
[2024-07-25T14:55:19.707-0300] {python.py:237} INFO - Done. Returned value was: None
[2024-07-25T14:55:19.708-0300] {taskinstance.py:441} INFO - ::group::Post task execution logs
[2024-07-25T14:55:19.711-0300] {taskinstance.py:1206} INFO - Marking task as SUCCESS. dag_id=Mercado_5m, task_id=get_5m_info, run_id=scheduled__2024-07-25T01:15:00+00:00, execution_date=20240725T011500, start_date=20240725T175519, end_date=20240725T175519
[2024-07-25T14:55:19.736-0300] {local_task_job_runner.py:243} INFO - Task exited with return code 0
[2024-07-25T14:55:19.742-0300] {taskinstance.py:3503} INFO - 0 downstream tasks scheduled from follow-on schedule check
[2024-07-25T14:55:19.742-0300] {local_task_job_runner.py:222} INFO - ::endgroup::
[2024-07-25T16:18:50.339-0300] {local_task_job_runner.py:120} INFO - ::group::Pre task execution logs
[2024-07-25T16:18:50.346-0300] {taskinstance.py:2076} INFO - Dependencies all met for dep_context=non-requeueable deps ti=<TaskInstance: Mercado_5m.get_5m_info scheduled__2024-07-25T01:15:00+00:00 [queued]>
[2024-07-25T16:18:50.350-0300] {taskinstance.py:2076} INFO - Dependencies all met for dep_context=requeueable deps ti=<TaskInstance: Mercado_5m.get_5m_info scheduled__2024-07-25T01:15:00+00:00 [queued]>
[2024-07-25T16:18:50.350-0300] {taskinstance.py:2306} INFO - Starting attempt 1 of 1
[2024-07-25T16:18:50.366-0300] {taskinstance.py:2330} INFO - Executing <Task(PythonOperator): get_5m_info> on 2024-07-25 01:15:00+00:00
[2024-07-25T16:18:50.369-0300] {standard_task_runner.py:64} INFO - Started process 2661828 to run task
[2024-07-25T16:18:50.370-0300] {standard_task_runner.py:90} INFO - Running: ['airflow', 'tasks', 'run', 'Mercado_5m', 'get_5m_info', 'scheduled__2024-07-25T01:15:00+00:00', '--job-id', '2240', '--raw', '--subdir', 'DAGS_FOLDER/mercado_dag.py', '--cfg-path', '/tmp/tmpvyt6ytnk']
[2024-07-25T16:18:50.371-0300] {standard_task_runner.py:91} INFO - Job 2240: Subtask get_5m_info
[2024-07-25T16:18:50.414-0300] {task_command.py:426} INFO - Running <TaskInstance: Mercado_5m.get_5m_info scheduled__2024-07-25T01:15:00+00:00 [running]> on host Galaxybook.
[2024-07-25T16:18:50.480-0300] {taskinstance.py:2648} INFO - Exporting env vars: AIRFLOW_CTX_DAG_OWNER='airflow' AIRFLOW_CTX_DAG_ID='Mercado_5m' AIRFLOW_CTX_TASK_ID='get_5m_info' AIRFLOW_CTX_EXECUTION_DATE='2024-07-25T01:15:00+00:00' AIRFLOW_CTX_TRY_NUMBER='1' AIRFLOW_CTX_DAG_RUN_ID='scheduled__2024-07-25T01:15:00+00:00'
[2024-07-25T16:18:50.480-0300] {taskinstance.py:430} INFO - ::endgroup::
[2024-07-25T16:18:50.489-0300] {mercado_dag.py:22} INFO - To: 2024-07-25 01:20:00+00:00
[2024-07-25T16:18:50.489-0300] {mercado_dag.py:23} INFO - From: 2024-07-25 01:15:00+00:00
[2024-07-25T16:18:50.490-0300] {mercado_dag.py:24} INFO - To timestamp: 
[2024-07-25T16:18:50.557-0300] {base.py:84} INFO - Using connection ID 'mercado_default' for task execution.
[2024-07-25T16:18:50.557-0300] {mercado_hook.py:31} INFO - URL: https://api.mercadobitcoin.net/api/v4/candles?symbol=BTC-BRL&resolution=5m&to=1721870400&from=1721870100
[2024-07-25T16:18:50.872-0300] {python.py:237} INFO - Done. Returned value was: None
[2024-07-25T16:18:50.873-0300] {taskinstance.py:441} INFO - ::group::Post task execution logs
[2024-07-25T16:18:50.876-0300] {taskinstance.py:1206} INFO - Marking task as SUCCESS. dag_id=Mercado_5m, task_id=get_5m_info, run_id=scheduled__2024-07-25T01:15:00+00:00, execution_date=20240725T011500, start_date=20240725T191850, end_date=20240725T191850
[2024-07-25T16:18:50.913-0300] {local_task_job_runner.py:243} INFO - Task exited with return code 0
[2024-07-25T16:18:50.919-0300] {taskinstance.py:3503} INFO - 0 downstream tasks scheduled from follow-on schedule check
[2024-07-25T16:18:50.920-0300] {local_task_job_runner.py:222} INFO - ::endgroup::
[2024-07-25T16:22:59.906-0300] {local_task_job_runner.py:120} INFO - ::group::Pre task execution logs
[2024-07-25T16:22:59.912-0300] {taskinstance.py:2076} INFO - Dependencies all met for dep_context=non-requeueable deps ti=<TaskInstance: Mercado_5m.get_5m_info scheduled__2024-07-25T01:15:00+00:00 [queued]>
[2024-07-25T16:22:59.915-0300] {taskinstance.py:2076} INFO - Dependencies all met for dep_context=requeueable deps ti=<TaskInstance: Mercado_5m.get_5m_info scheduled__2024-07-25T01:15:00+00:00 [queued]>
[2024-07-25T16:22:59.915-0300] {taskinstance.py:2306} INFO - Starting attempt 1 of 1
[2024-07-25T16:22:59.929-0300] {taskinstance.py:2330} INFO - Executing <Task(PythonOperator): get_5m_info> on 2024-07-25 01:15:00+00:00
[2024-07-25T16:22:59.931-0300] {standard_task_runner.py:64} INFO - Started process 2666012 to run task
[2024-07-25T16:22:59.933-0300] {standard_task_runner.py:90} INFO - Running: ['airflow', 'tasks', 'run', 'Mercado_5m', 'get_5m_info', 'scheduled__2024-07-25T01:15:00+00:00', '--job-id', '2364', '--raw', '--subdir', 'DAGS_FOLDER/mercado_dag.py', '--cfg-path', '/tmp/tmp06g9xrfq']
[2024-07-25T16:22:59.934-0300] {standard_task_runner.py:91} INFO - Job 2364: Subtask get_5m_info
[2024-07-25T16:22:59.960-0300] {task_command.py:426} INFO - Running <TaskInstance: Mercado_5m.get_5m_info scheduled__2024-07-25T01:15:00+00:00 [running]> on host Galaxybook.
[2024-07-25T16:23:00.011-0300] {taskinstance.py:2648} INFO - Exporting env vars: AIRFLOW_CTX_DAG_OWNER='airflow' AIRFLOW_CTX_DAG_ID='Mercado_5m' AIRFLOW_CTX_TASK_ID='get_5m_info' AIRFLOW_CTX_EXECUTION_DATE='2024-07-25T01:15:00+00:00' AIRFLOW_CTX_TRY_NUMBER='1' AIRFLOW_CTX_DAG_RUN_ID='scheduled__2024-07-25T01:15:00+00:00'
[2024-07-25T16:23:00.011-0300] {taskinstance.py:430} INFO - ::endgroup::
[2024-07-25T16:23:00.019-0300] {mercado_dag.py:22} INFO - To: 2024-07-25 01:20:00+00:00
[2024-07-25T16:23:00.019-0300] {mercado_dag.py:23} INFO - From: 2024-07-25 01:15:00+00:00
[2024-07-25T16:23:00.019-0300] {mercado_dag.py:24} INFO - To timestamp: 1721870400 
[2024-07-25T16:23:00.019-0300] {mercado_dag.py:25} INFO - From timestamp: 1721870100 
[2024-07-25T16:23:00.085-0300] {base.py:84} INFO - Using connection ID 'mercado_default' for task execution.
[2024-07-25T16:23:00.086-0300] {mercado_hook.py:31} INFO - URL: https://api.mercadobitcoin.net/api/v4/candles?symbol=BTC-BRL&resolution=5m&to=1721870400&from=1721870100
[2024-07-25T16:23:00.355-0300] {python.py:237} INFO - Done. Returned value was: None
[2024-07-25T16:23:00.355-0300] {taskinstance.py:441} INFO - ::group::Post task execution logs
[2024-07-25T16:23:00.358-0300] {taskinstance.py:1206} INFO - Marking task as SUCCESS. dag_id=Mercado_5m, task_id=get_5m_info, run_id=scheduled__2024-07-25T01:15:00+00:00, execution_date=20240725T011500, start_date=20240725T192259, end_date=20240725T192300
[2024-07-25T16:23:00.392-0300] {local_task_job_runner.py:243} INFO - Task exited with return code 0
[2024-07-25T16:23:00.399-0300] {taskinstance.py:3503} INFO - 0 downstream tasks scheduled from follow-on schedule check
[2024-07-25T16:23:00.400-0300] {local_task_job_runner.py:222} INFO - ::endgroup::
[2024-07-25T16:25:37.755-0300] {local_task_job_runner.py:120} INFO - ::group::Pre task execution logs
[2024-07-25T16:25:37.761-0300] {taskinstance.py:2076} INFO - Dependencies all met for dep_context=non-requeueable deps ti=<TaskInstance: Mercado_5m.get_5m_info scheduled__2024-07-25T01:15:00+00:00 [queued]>
[2024-07-25T16:25:37.764-0300] {taskinstance.py:2076} INFO - Dependencies all met for dep_context=requeueable deps ti=<TaskInstance: Mercado_5m.get_5m_info scheduled__2024-07-25T01:15:00+00:00 [queued]>
[2024-07-25T16:25:37.764-0300] {taskinstance.py:2306} INFO - Starting attempt 1 of 1
[2024-07-25T16:25:37.777-0300] {taskinstance.py:2330} INFO - Executing <Task(PythonOperator): get_5m_info> on 2024-07-25 01:15:00+00:00
[2024-07-25T16:25:37.780-0300] {standard_task_runner.py:64} INFO - Started process 2668663 to run task
[2024-07-25T16:25:37.782-0300] {standard_task_runner.py:90} INFO - Running: ['airflow', 'tasks', 'run', 'Mercado_5m', 'get_5m_info', 'scheduled__2024-07-25T01:15:00+00:00', '--job-id', '2435', '--raw', '--subdir', 'DAGS_FOLDER/mercado_dag.py', '--cfg-path', '/tmp/tmpus2_hf_x']
[2024-07-25T16:25:37.784-0300] {standard_task_runner.py:91} INFO - Job 2435: Subtask get_5m_info
[2024-07-25T16:25:37.816-0300] {task_command.py:426} INFO - Running <TaskInstance: Mercado_5m.get_5m_info scheduled__2024-07-25T01:15:00+00:00 [running]> on host Galaxybook.
[2024-07-25T16:25:37.864-0300] {taskinstance.py:2648} INFO - Exporting env vars: AIRFLOW_CTX_DAG_OWNER='airflow' AIRFLOW_CTX_DAG_ID='Mercado_5m' AIRFLOW_CTX_TASK_ID='get_5m_info' AIRFLOW_CTX_EXECUTION_DATE='2024-07-25T01:15:00+00:00' AIRFLOW_CTX_TRY_NUMBER='1' AIRFLOW_CTX_DAG_RUN_ID='scheduled__2024-07-25T01:15:00+00:00'
[2024-07-25T16:25:37.865-0300] {taskinstance.py:430} INFO - ::endgroup::
[2024-07-25T16:25:37.872-0300] {mercado_dag.py:22} INFO - To: 2024-07-25 01:20:00+00:00
[2024-07-25T16:25:37.872-0300] {mercado_dag.py:23} INFO - From: 2024-07-25 01:15:00+00:00
[2024-07-25T16:25:37.873-0300] {mercado_dag.py:24} INFO - To timestamp: 1721870400000 
[2024-07-25T16:25:37.873-0300] {mercado_dag.py:25} INFO - From timestamp: 1721870100000 
[2024-07-25T16:25:37.944-0300] {base.py:84} INFO - Using connection ID 'mercado_default' for task execution.
[2024-07-25T16:25:37.945-0300] {mercado_hook.py:31} INFO - URL: https://api.mercadobitcoin.net/api/v4/candles?symbol=BTC-BRL&resolution=5m&to=1721870400000&from=1721870100000
[2024-07-25T16:25:38.228-0300] {python.py:237} INFO - Done. Returned value was: None
[2024-07-25T16:25:38.229-0300] {taskinstance.py:441} INFO - ::group::Post task execution logs
[2024-07-25T16:25:38.232-0300] {taskinstance.py:1206} INFO - Marking task as SUCCESS. dag_id=Mercado_5m, task_id=get_5m_info, run_id=scheduled__2024-07-25T01:15:00+00:00, execution_date=20240725T011500, start_date=20240725T192537, end_date=20240725T192538
[2024-07-25T16:25:38.285-0300] {local_task_job_runner.py:243} INFO - Task exited with return code 0
[2024-07-25T16:25:38.294-0300] {taskinstance.py:3503} INFO - 0 downstream tasks scheduled from follow-on schedule check
[2024-07-25T16:25:38.294-0300] {local_task_job_runner.py:222} INFO - ::endgroup::
