[2024-07-25T09:58:34.172-0300] {local_task_job_runner.py:120} INFO - ::group::Pre task execution logs
[2024-07-25T09:58:34.177-0300] {taskinstance.py:2076} INFO - Dependencies all met for dep_context=non-requeueable deps ti=<TaskInstance: Mercado_1m.get_1m_info scheduled__2024-07-25T11:09:00+00:00 [queued]>
[2024-07-25T09:58:34.180-0300] {taskinstance.py:2076} INFO - Dependencies all met for dep_context=requeueable deps ti=<TaskInstance: Mercado_1m.get_1m_info scheduled__2024-07-25T11:09:00+00:00 [queued]>
[2024-07-25T09:58:34.180-0300] {taskinstance.py:2306} INFO - Starting attempt 1 of 1
[2024-07-25T09:58:34.193-0300] {taskinstance.py:2330} INFO - Executing <Task(PythonOperator): get_1m_info> on 2024-07-25 11:09:00+00:00
[2024-07-25T09:58:34.194-0300] {standard_task_runner.py:64} INFO - Started process 2443642 to run task
[2024-07-25T09:58:34.196-0300] {standard_task_runner.py:90} INFO - Running: ['airflow', 'tasks', 'run', 'Mercado_1m', 'get_1m_info', 'scheduled__2024-07-25T11:09:00+00:00', '--job-id', '1905', '--raw', '--subdir', 'DAGS_FOLDER/mercado_dag.py', '--cfg-path', '/tmp/tmp_lj6dwvw']
[2024-07-25T09:58:34.197-0300] {standard_task_runner.py:91} INFO - Job 1905: Subtask get_1m_info
[2024-07-25T09:58:34.221-0300] {task_command.py:426} INFO - Running <TaskInstance: Mercado_1m.get_1m_info scheduled__2024-07-25T11:09:00+00:00 [running]> on host Galaxybook.
[2024-07-25T09:58:34.275-0300] {taskinstance.py:2648} INFO - Exporting env vars: AIRFLOW_CTX_DAG_OWNER='airflow' AIRFLOW_CTX_DAG_ID='Mercado_1m' AIRFLOW_CTX_TASK_ID='get_1m_info' AIRFLOW_CTX_EXECUTION_DATE='2024-07-25T11:09:00+00:00' AIRFLOW_CTX_TRY_NUMBER='1' AIRFLOW_CTX_DAG_RUN_ID='scheduled__2024-07-25T11:09:00+00:00'
[2024-07-25T09:58:34.276-0300] {taskinstance.py:430} INFO - ::endgroup::
[2024-07-25T09:58:34.337-0300] {base.py:84} INFO - Using connection ID 'mercado_default' for task execution.
[2024-07-25T09:58:34.337-0300] {mercado_hook.py:26} INFO - BASE URL: https://api.mercadobitcoin.net/api/v4
[2024-07-25T09:58:34.337-0300] {mercado_hook.py:32} INFO - URL: https://api.mercadobitcoin.net/api/v4/candles?symbol=BTC-BRL&resolution=1m&to=1721912254&from=1721912314
[2024-07-25T09:58:34.596-0300] {python.py:237} INFO - Done. Returned value was: None
[2024-07-25T09:58:34.596-0300] {taskinstance.py:441} INFO - ::group::Post task execution logs
[2024-07-25T09:58:34.598-0300] {taskinstance.py:1206} INFO - Marking task as SUCCESS. dag_id=Mercado_1m, task_id=get_1m_info, run_id=scheduled__2024-07-25T11:09:00+00:00, execution_date=20240725T110900, start_date=20240725T125834, end_date=20240725T125834
[2024-07-25T09:58:34.614-0300] {local_task_job_runner.py:243} INFO - Task exited with return code 0
[2024-07-25T09:58:34.620-0300] {taskinstance.py:3503} INFO - 0 downstream tasks scheduled from follow-on schedule check
[2024-07-25T09:58:34.621-0300] {local_task_job_runner.py:222} INFO - ::endgroup::
[2024-07-25T10:58:13.257-0300] {local_task_job_runner.py:120} INFO - ::group::Pre task execution logs
[2024-07-25T10:58:13.262-0300] {taskinstance.py:2076} INFO - Dependencies all met for dep_context=non-requeueable deps ti=<TaskInstance: Mercado_1m.get_1m_info scheduled__2024-07-25T11:09:00+00:00 [queued]>
[2024-07-25T10:58:13.266-0300] {taskinstance.py:2076} INFO - Dependencies all met for dep_context=requeueable deps ti=<TaskInstance: Mercado_1m.get_1m_info scheduled__2024-07-25T11:09:00+00:00 [queued]>
[2024-07-25T10:58:13.266-0300] {taskinstance.py:2306} INFO - Starting attempt 1 of 1
[2024-07-25T10:58:13.280-0300] {taskinstance.py:2330} INFO - Executing <Task(PythonOperator): get_1m_info> on 2024-07-25 11:09:00+00:00
[2024-07-25T10:58:13.281-0300] {standard_task_runner.py:64} INFO - Started process 2479883 to run task
[2024-07-25T10:58:13.284-0300] {standard_task_runner.py:90} INFO - Running: ['airflow', 'tasks', 'run', 'Mercado_1m', 'get_1m_info', 'scheduled__2024-07-25T11:09:00+00:00', '--job-id', '1843', '--raw', '--subdir', 'DAGS_FOLDER/mercado_dag.py', '--cfg-path', '/tmp/tmpls7566vl']
[2024-07-25T10:58:13.285-0300] {standard_task_runner.py:91} INFO - Job 1843: Subtask get_1m_info
[2024-07-25T10:58:13.313-0300] {task_command.py:426} INFO - Running <TaskInstance: Mercado_1m.get_1m_info scheduled__2024-07-25T11:09:00+00:00 [running]> on host Galaxybook.
[2024-07-25T10:58:13.361-0300] {taskinstance.py:2648} INFO - Exporting env vars: AIRFLOW_CTX_DAG_OWNER='airflow' AIRFLOW_CTX_DAG_ID='Mercado_1m' AIRFLOW_CTX_TASK_ID='get_1m_info' AIRFLOW_CTX_EXECUTION_DATE='2024-07-25T11:09:00+00:00' AIRFLOW_CTX_TRY_NUMBER='1' AIRFLOW_CTX_DAG_RUN_ID='scheduled__2024-07-25T11:09:00+00:00'
[2024-07-25T10:58:13.362-0300] {taskinstance.py:430} INFO - ::endgroup::
[2024-07-25T10:58:13.430-0300] {base.py:84} INFO - Using connection ID 'mercado_default' for task execution.
[2024-07-25T10:58:13.432-0300] {mercado_hook.py:31} INFO - URL: https://api.mercadobitcoin.net/api/v4/candles?symbol=BTC-BRL&resolution=1m&to=1721915893369&countback=1
[2024-07-25T10:58:13.725-0300] {python.py:237} INFO - Done. Returned value was: None
[2024-07-25T10:58:13.726-0300] {taskinstance.py:441} INFO - ::group::Post task execution logs
[2024-07-25T10:58:13.728-0300] {taskinstance.py:1206} INFO - Marking task as SUCCESS. dag_id=Mercado_1m, task_id=get_1m_info, run_id=scheduled__2024-07-25T11:09:00+00:00, execution_date=20240725T110900, start_date=20240725T135813, end_date=20240725T135813
[2024-07-25T10:58:13.742-0300] {local_task_job_runner.py:243} INFO - Task exited with return code 0
[2024-07-25T10:58:13.750-0300] {taskinstance.py:3503} INFO - 0 downstream tasks scheduled from follow-on schedule check
[2024-07-25T10:58:13.751-0300] {local_task_job_runner.py:222} INFO - ::endgroup::
