[2024-07-25T14:54:57.398-0300] {local_task_job_runner.py:120} INFO - ::group::Pre task execution logs
[2024-07-25T14:54:57.403-0300] {taskinstance.py:2076} INFO - Dependencies all met for dep_context=non-requeueable deps ti=<TaskInstance: Mercado_5m.get_5m_info scheduled__2024-07-25T00:45:00+00:00 [queued]>
[2024-07-25T14:54:57.406-0300] {taskinstance.py:2076} INFO - Dependencies all met for dep_context=requeueable deps ti=<TaskInstance: Mercado_5m.get_5m_info scheduled__2024-07-25T00:45:00+00:00 [queued]>
[2024-07-25T14:54:57.406-0300] {taskinstance.py:2306} INFO - Starting attempt 1 of 1
[2024-07-25T14:54:57.419-0300] {taskinstance.py:2330} INFO - Executing <Task(PythonOperator): get_5m_info> on 2024-07-25 00:45:00+00:00
[2024-07-25T14:54:57.421-0300] {standard_task_runner.py:64} INFO - Started process 2614407 to run task
[2024-07-25T14:54:57.423-0300] {standard_task_runner.py:90} INFO - Running: ['airflow', 'tasks', 'run', 'Mercado_5m', 'get_5m_info', 'scheduled__2024-07-25T00:45:00+00:00', '--job-id', '2309', '--raw', '--subdir', 'DAGS_FOLDER/mercado_dag.py', '--cfg-path', '/tmp/tmps28wruo6']
[2024-07-25T14:54:57.424-0300] {standard_task_runner.py:91} INFO - Job 2309: Subtask get_5m_info
[2024-07-25T14:54:57.448-0300] {task_command.py:426} INFO - Running <TaskInstance: Mercado_5m.get_5m_info scheduled__2024-07-25T00:45:00+00:00 [running]> on host Galaxybook.
[2024-07-25T14:54:57.492-0300] {taskinstance.py:2648} INFO - Exporting env vars: AIRFLOW_CTX_DAG_OWNER='airflow' AIRFLOW_CTX_DAG_ID='Mercado_5m' AIRFLOW_CTX_TASK_ID='get_5m_info' AIRFLOW_CTX_EXECUTION_DATE='2024-07-25T00:45:00+00:00' AIRFLOW_CTX_TRY_NUMBER='1' AIRFLOW_CTX_DAG_RUN_ID='scheduled__2024-07-25T00:45:00+00:00'
[2024-07-25T14:54:57.492-0300] {taskinstance.py:430} INFO - ::endgroup::
[2024-07-25T14:54:57.559-0300] {base.py:84} INFO - Using connection ID 'mercado_default' for task execution.
[2024-07-25T14:54:57.560-0300] {mercado_hook.py:31} INFO - URL: https://api.mercadobitcoin.net/api/v4/candles?symbol=BTC-BRL&resolution=5m&to=1721879400&from=1721879100
[2024-07-25T14:54:57.838-0300] {python.py:237} INFO - Done. Returned value was: None
[2024-07-25T14:54:57.838-0300] {taskinstance.py:441} INFO - ::group::Post task execution logs
[2024-07-25T14:54:57.841-0300] {taskinstance.py:1206} INFO - Marking task as SUCCESS. dag_id=Mercado_5m, task_id=get_5m_info, run_id=scheduled__2024-07-25T00:45:00+00:00, execution_date=20240725T004500, start_date=20240725T175457, end_date=20240725T175457
[2024-07-25T14:54:57.885-0300] {local_task_job_runner.py:243} INFO - Task exited with return code 0
[2024-07-25T14:54:57.894-0300] {taskinstance.py:3503} INFO - 0 downstream tasks scheduled from follow-on schedule check
[2024-07-25T14:54:57.895-0300] {local_task_job_runner.py:222} INFO - ::endgroup::
[2024-07-25T15:05:55.599-0300] {local_task_job_runner.py:120} INFO - ::group::Pre task execution logs
[2024-07-25T15:05:55.640-0300] {taskinstance.py:2076} INFO - Dependencies all met for dep_context=non-requeueable deps ti=<TaskInstance: Mercado_5m.get_5m_info scheduled__2024-07-25T00:45:00+00:00 [queued]>
[2024-07-25T15:05:55.645-0300] {taskinstance.py:2076} INFO - Dependencies all met for dep_context=requeueable deps ti=<TaskInstance: Mercado_5m.get_5m_info scheduled__2024-07-25T00:45:00+00:00 [queued]>
[2024-07-25T15:05:55.645-0300] {taskinstance.py:2306} INFO - Starting attempt 1 of 1
[2024-07-25T15:05:55.660-0300] {taskinstance.py:2330} INFO - Executing <Task(PythonOperator): get_5m_info> on 2024-07-25 00:45:00+00:00
[2024-07-25T15:05:55.662-0300] {standard_task_runner.py:64} INFO - Started process 2623581 to run task
[2024-07-25T15:05:55.665-0300] {standard_task_runner.py:90} INFO - Running: ['airflow', 'tasks', 'run', 'Mercado_5m', 'get_5m_info', 'scheduled__2024-07-25T00:45:00+00:00', '--job-id', '2530', '--raw', '--subdir', 'DAGS_FOLDER/mercado_dag.py', '--cfg-path', '/tmp/tmpt9gerdpf']
[2024-07-25T15:05:55.666-0300] {standard_task_runner.py:91} INFO - Job 2530: Subtask get_5m_info
[2024-07-25T15:05:55.694-0300] {task_command.py:426} INFO - Running <TaskInstance: Mercado_5m.get_5m_info scheduled__2024-07-25T00:45:00+00:00 [running]> on host Galaxybook.
[2024-07-25T15:05:55.798-0300] {taskinstance.py:2648} INFO - Exporting env vars: AIRFLOW_CTX_DAG_OWNER='airflow' AIRFLOW_CTX_DAG_ID='Mercado_5m' AIRFLOW_CTX_TASK_ID='get_5m_info' AIRFLOW_CTX_EXECUTION_DATE='2024-07-25T00:45:00+00:00' AIRFLOW_CTX_TRY_NUMBER='1' AIRFLOW_CTX_DAG_RUN_ID='scheduled__2024-07-25T00:45:00+00:00'
[2024-07-25T15:05:55.798-0300] {taskinstance.py:430} INFO - ::endgroup::
[2024-07-25T15:05:55.876-0300] {base.py:84} INFO - Using connection ID 'mercado_default' for task execution.
[2024-07-25T15:05:55.876-0300] {mercado_hook.py:31} INFO - URL: https://api.mercadobitcoin.net/api/v4/candles?symbol=BTC-BRL&resolution=5m&to=1721879400000&from=1721879100000
[2024-07-25T15:05:56.209-0300] {python.py:237} INFO - Done. Returned value was: None
[2024-07-25T15:05:56.210-0300] {taskinstance.py:441} INFO - ::group::Post task execution logs
[2024-07-25T15:05:56.213-0300] {taskinstance.py:1206} INFO - Marking task as SUCCESS. dag_id=Mercado_5m, task_id=get_5m_info, run_id=scheduled__2024-07-25T00:45:00+00:00, execution_date=20240725T004500, start_date=20240725T180555, end_date=20240725T180556
[2024-07-25T15:05:56.243-0300] {local_task_job_runner.py:243} INFO - Task exited with return code 0
[2024-07-25T15:05:56.249-0300] {taskinstance.py:3503} INFO - 0 downstream tasks scheduled from follow-on schedule check
[2024-07-25T15:05:56.249-0300] {local_task_job_runner.py:222} INFO - ::endgroup::
[2024-07-25T16:18:28.138-0300] {local_task_job_runner.py:120} INFO - ::group::Pre task execution logs
[2024-07-25T16:18:28.146-0300] {taskinstance.py:2076} INFO - Dependencies all met for dep_context=non-requeueable deps ti=<TaskInstance: Mercado_5m.get_5m_info scheduled__2024-07-25T00:45:00+00:00 [queued]>
[2024-07-25T16:18:28.150-0300] {taskinstance.py:2076} INFO - Dependencies all met for dep_context=requeueable deps ti=<TaskInstance: Mercado_5m.get_5m_info scheduled__2024-07-25T00:45:00+00:00 [queued]>
[2024-07-25T16:18:28.150-0300] {taskinstance.py:2306} INFO - Starting attempt 1 of 1
[2024-07-25T16:18:28.167-0300] {taskinstance.py:2330} INFO - Executing <Task(PythonOperator): get_5m_info> on 2024-07-25 00:45:00+00:00
[2024-07-25T16:18:28.170-0300] {standard_task_runner.py:64} INFO - Started process 2661449 to run task
[2024-07-25T16:18:28.173-0300] {standard_task_runner.py:90} INFO - Running: ['airflow', 'tasks', 'run', 'Mercado_5m', 'get_5m_info', 'scheduled__2024-07-25T00:45:00+00:00', '--job-id', '2228', '--raw', '--subdir', 'DAGS_FOLDER/mercado_dag.py', '--cfg-path', '/tmp/tmp18vk0exm']
[2024-07-25T16:18:28.174-0300] {standard_task_runner.py:91} INFO - Job 2228: Subtask get_5m_info
[2024-07-25T16:18:28.204-0300] {task_command.py:426} INFO - Running <TaskInstance: Mercado_5m.get_5m_info scheduled__2024-07-25T00:45:00+00:00 [running]> on host Galaxybook.
[2024-07-25T16:18:28.257-0300] {taskinstance.py:2648} INFO - Exporting env vars: AIRFLOW_CTX_DAG_OWNER='airflow' AIRFLOW_CTX_DAG_ID='Mercado_5m' AIRFLOW_CTX_TASK_ID='get_5m_info' AIRFLOW_CTX_EXECUTION_DATE='2024-07-25T00:45:00+00:00' AIRFLOW_CTX_TRY_NUMBER='1' AIRFLOW_CTX_DAG_RUN_ID='scheduled__2024-07-25T00:45:00+00:00'
[2024-07-25T16:18:28.258-0300] {taskinstance.py:430} INFO - ::endgroup::
[2024-07-25T16:18:28.266-0300] {mercado_dag.py:22} INFO - To: 2024-07-25 00:50:00+00:00
[2024-07-25T16:18:28.266-0300] {mercado_dag.py:23} INFO - From: 2024-07-25 00:45:00+00:00
[2024-07-25T16:18:28.336-0300] {base.py:84} INFO - Using connection ID 'mercado_default' for task execution.
[2024-07-25T16:18:28.337-0300] {mercado_hook.py:31} INFO - URL: https://api.mercadobitcoin.net/api/v4/candles?symbol=BTC-BRL&resolution=5m&to=1721868600&from=1721868300
[2024-07-25T16:18:28.639-0300] {python.py:237} INFO - Done. Returned value was: None
[2024-07-25T16:18:28.640-0300] {taskinstance.py:441} INFO - ::group::Post task execution logs
[2024-07-25T16:18:28.643-0300] {taskinstance.py:1206} INFO - Marking task as SUCCESS. dag_id=Mercado_5m, task_id=get_5m_info, run_id=scheduled__2024-07-25T00:45:00+00:00, execution_date=20240725T004500, start_date=20240725T191828, end_date=20240725T191828
[2024-07-25T16:18:28.671-0300] {local_task_job_runner.py:243} INFO - Task exited with return code 0
[2024-07-25T16:18:28.679-0300] {taskinstance.py:3503} INFO - 0 downstream tasks scheduled from follow-on schedule check
[2024-07-25T16:18:28.679-0300] {local_task_job_runner.py:222} INFO - ::endgroup::
[2024-07-25T16:22:33.618-0300] {local_task_job_runner.py:120} INFO - ::group::Pre task execution logs
[2024-07-25T16:22:33.625-0300] {taskinstance.py:2076} INFO - Dependencies all met for dep_context=non-requeueable deps ti=<TaskInstance: Mercado_5m.get_5m_info scheduled__2024-07-25T00:45:00+00:00 [queued]>
[2024-07-25T16:22:33.631-0300] {taskinstance.py:2076} INFO - Dependencies all met for dep_context=requeueable deps ti=<TaskInstance: Mercado_5m.get_5m_info scheduled__2024-07-25T00:45:00+00:00 [queued]>
[2024-07-25T16:22:33.631-0300] {taskinstance.py:2306} INFO - Starting attempt 1 of 1
[2024-07-25T16:22:33.649-0300] {taskinstance.py:2330} INFO - Executing <Task(PythonOperator): get_5m_info> on 2024-07-25 00:45:00+00:00
[2024-07-25T16:22:33.651-0300] {standard_task_runner.py:64} INFO - Started process 2665592 to run task
[2024-07-25T16:22:33.653-0300] {standard_task_runner.py:90} INFO - Running: ['airflow', 'tasks', 'run', 'Mercado_5m', 'get_5m_info', 'scheduled__2024-07-25T00:45:00+00:00', '--job-id', '2352', '--raw', '--subdir', 'DAGS_FOLDER/mercado_dag.py', '--cfg-path', '/tmp/tmpzydot8vr']
[2024-07-25T16:22:33.655-0300] {standard_task_runner.py:91} INFO - Job 2352: Subtask get_5m_info
[2024-07-25T16:22:33.691-0300] {task_command.py:426} INFO - Running <TaskInstance: Mercado_5m.get_5m_info scheduled__2024-07-25T00:45:00+00:00 [running]> on host Galaxybook.
[2024-07-25T16:22:33.766-0300] {taskinstance.py:2648} INFO - Exporting env vars: AIRFLOW_CTX_DAG_OWNER='airflow' AIRFLOW_CTX_DAG_ID='Mercado_5m' AIRFLOW_CTX_TASK_ID='get_5m_info' AIRFLOW_CTX_EXECUTION_DATE='2024-07-25T00:45:00+00:00' AIRFLOW_CTX_TRY_NUMBER='1' AIRFLOW_CTX_DAG_RUN_ID='scheduled__2024-07-25T00:45:00+00:00'
[2024-07-25T16:22:33.767-0300] {taskinstance.py:430} INFO - ::endgroup::
[2024-07-25T16:22:33.780-0300] {mercado_dag.py:22} INFO - To: 2024-07-25 00:50:00+00:00
[2024-07-25T16:22:33.780-0300] {mercado_dag.py:23} INFO - From: 2024-07-25 00:45:00+00:00
[2024-07-25T16:22:33.781-0300] {mercado_dag.py:24} INFO - To timestamp: 1721868600 
[2024-07-25T16:22:33.781-0300] {mercado_dag.py:25} INFO - From timestamp: 1721868300 
[2024-07-25T16:22:33.868-0300] {base.py:84} INFO - Using connection ID 'mercado_default' for task execution.
[2024-07-25T16:22:33.869-0300] {mercado_hook.py:31} INFO - URL: https://api.mercadobitcoin.net/api/v4/candles?symbol=BTC-BRL&resolution=5m&to=1721868600&from=1721868300
[2024-07-25T16:22:34.152-0300] {python.py:237} INFO - Done. Returned value was: None
[2024-07-25T16:22:34.153-0300] {taskinstance.py:441} INFO - ::group::Post task execution logs
[2024-07-25T16:22:34.155-0300] {taskinstance.py:1206} INFO - Marking task as SUCCESS. dag_id=Mercado_5m, task_id=get_5m_info, run_id=scheduled__2024-07-25T00:45:00+00:00, execution_date=20240725T004500, start_date=20240725T192233, end_date=20240725T192234
[2024-07-25T16:22:34.196-0300] {local_task_job_runner.py:243} INFO - Task exited with return code 0
[2024-07-25T16:22:34.204-0300] {taskinstance.py:3503} INFO - 0 downstream tasks scheduled from follow-on schedule check
[2024-07-25T16:22:34.205-0300] {local_task_job_runner.py:222} INFO - ::endgroup::
[2024-07-25T16:25:24.568-0300] {local_task_job_runner.py:120} INFO - ::group::Pre task execution logs
[2024-07-25T16:25:24.586-0300] {taskinstance.py:2076} INFO - Dependencies all met for dep_context=non-requeueable deps ti=<TaskInstance: Mercado_5m.get_5m_info scheduled__2024-07-25T00:45:00+00:00 [queued]>
[2024-07-25T16:25:24.593-0300] {taskinstance.py:2076} INFO - Dependencies all met for dep_context=requeueable deps ti=<TaskInstance: Mercado_5m.get_5m_info scheduled__2024-07-25T00:45:00+00:00 [queued]>
[2024-07-25T16:25:24.594-0300] {taskinstance.py:2306} INFO - Starting attempt 1 of 1
[2024-07-25T16:25:24.611-0300] {taskinstance.py:2330} INFO - Executing <Task(PythonOperator): get_5m_info> on 2024-07-25 00:45:00+00:00
[2024-07-25T16:25:24.614-0300] {standard_task_runner.py:64} INFO - Started process 2668464 to run task
[2024-07-25T16:25:24.617-0300] {standard_task_runner.py:90} INFO - Running: ['airflow', 'tasks', 'run', 'Mercado_5m', 'get_5m_info', 'scheduled__2024-07-25T00:45:00+00:00', '--job-id', '2429', '--raw', '--subdir', 'DAGS_FOLDER/mercado_dag.py', '--cfg-path', '/tmp/tmp6fspuf3c']
[2024-07-25T16:25:24.618-0300] {standard_task_runner.py:91} INFO - Job 2429: Subtask get_5m_info
[2024-07-25T16:25:24.650-0300] {task_command.py:426} INFO - Running <TaskInstance: Mercado_5m.get_5m_info scheduled__2024-07-25T00:45:00+00:00 [running]> on host Galaxybook.
[2024-07-25T16:25:24.707-0300] {taskinstance.py:2648} INFO - Exporting env vars: AIRFLOW_CTX_DAG_OWNER='airflow' AIRFLOW_CTX_DAG_ID='Mercado_5m' AIRFLOW_CTX_TASK_ID='get_5m_info' AIRFLOW_CTX_EXECUTION_DATE='2024-07-25T00:45:00+00:00' AIRFLOW_CTX_TRY_NUMBER='1' AIRFLOW_CTX_DAG_RUN_ID='scheduled__2024-07-25T00:45:00+00:00'
[2024-07-25T16:25:24.707-0300] {taskinstance.py:430} INFO - ::endgroup::
[2024-07-25T16:25:24.716-0300] {mercado_dag.py:22} INFO - To: 2024-07-25 00:50:00+00:00
[2024-07-25T16:25:24.716-0300] {mercado_dag.py:23} INFO - From: 2024-07-25 00:45:00+00:00
[2024-07-25T16:25:24.717-0300] {mercado_dag.py:24} INFO - To timestamp: 1721868600000 
[2024-07-25T16:25:24.717-0300] {mercado_dag.py:25} INFO - From timestamp: 1721868300000 
[2024-07-25T16:25:24.789-0300] {base.py:84} INFO - Using connection ID 'mercado_default' for task execution.
[2024-07-25T16:25:24.790-0300] {mercado_hook.py:31} INFO - URL: https://api.mercadobitcoin.net/api/v4/candles?symbol=BTC-BRL&resolution=5m&to=1721868600000&from=1721868300000
[2024-07-25T16:25:25.152-0300] {python.py:237} INFO - Done. Returned value was: None
[2024-07-25T16:25:25.153-0300] {taskinstance.py:441} INFO - ::group::Post task execution logs
[2024-07-25T16:25:25.156-0300] {taskinstance.py:1206} INFO - Marking task as SUCCESS. dag_id=Mercado_5m, task_id=get_5m_info, run_id=scheduled__2024-07-25T00:45:00+00:00, execution_date=20240725T004500, start_date=20240725T192524, end_date=20240725T192525
[2024-07-25T16:25:25.199-0300] {local_task_job_runner.py:243} INFO - Task exited with return code 0
[2024-07-25T16:25:25.207-0300] {taskinstance.py:3503} INFO - 0 downstream tasks scheduled from follow-on schedule check
[2024-07-25T16:25:25.207-0300] {local_task_job_runner.py:222} INFO - ::endgroup::
