[2024-07-25T14:51:34.382-0300] {local_task_job_runner.py:120} INFO - ::group::Pre task execution logs
[2024-07-25T14:51:34.387-0300] {taskinstance.py:2076} INFO - Dependencies all met for dep_context=non-requeueable deps ti=<TaskInstance: Binance_5m.get_5m_info scheduled__2024-07-25T10:25:00+00:00 [queued]>
[2024-07-25T14:51:34.390-0300] {taskinstance.py:2076} INFO - Dependencies all met for dep_context=requeueable deps ti=<TaskInstance: Binance_5m.get_5m_info scheduled__2024-07-25T10:25:00+00:00 [queued]>
[2024-07-25T14:51:34.390-0300] {taskinstance.py:2306} INFO - Starting attempt 1 of 1
[2024-07-25T14:51:34.405-0300] {taskinstance.py:2330} INFO - Executing <Task(PythonOperator): get_5m_info> on 2024-07-25 10:25:00+00:00
[2024-07-25T14:51:34.408-0300] {standard_task_runner.py:64} INFO - Started process 2610959 to run task
[2024-07-25T14:51:34.409-0300] {standard_task_runner.py:90} INFO - Running: ['airflow', 'tasks', 'run', 'Binance_5m', 'get_5m_info', 'scheduled__2024-07-25T10:25:00+00:00', '--job-id', '2217', '--raw', '--subdir', 'DAGS_FOLDER/binance_dag.py', '--cfg-path', '/tmp/tmp4enpjkzr']
[2024-07-25T14:51:34.410-0300] {standard_task_runner.py:91} INFO - Job 2217: Subtask get_5m_info
[2024-07-25T14:51:34.438-0300] {task_command.py:426} INFO - Running <TaskInstance: Binance_5m.get_5m_info scheduled__2024-07-25T10:25:00+00:00 [running]> on host Galaxybook.
[2024-07-25T14:51:34.498-0300] {taskinstance.py:2648} INFO - Exporting env vars: AIRFLOW_CTX_DAG_OWNER='airflow' AIRFLOW_CTX_DAG_ID='Binance_5m' AIRFLOW_CTX_TASK_ID='get_5m_info' AIRFLOW_CTX_EXECUTION_DATE='2024-07-25T10:25:00+00:00' AIRFLOW_CTX_TRY_NUMBER='1' AIRFLOW_CTX_DAG_RUN_ID='scheduled__2024-07-25T10:25:00+00:00'
[2024-07-25T14:51:34.499-0300] {taskinstance.py:430} INFO - ::endgroup::
[2024-07-25T14:51:34.511-0300] {binance_dag.py:23} INFO - End Time: 2024-07-25T10:30:00.00Z
[2024-07-25T14:51:34.511-0300] {binance_dag.py:24} INFO - Start Time: 2024-07-25T10:25:00.00Z
[2024-07-25T14:51:34.576-0300] {base.py:84} INFO - Using connection ID 'binance_default' for task execution.
[2024-07-25T14:51:34.576-0300] {logging_mixin.py:188} INFO - https://api.binance.com
[2024-07-25T14:51:34.576-0300] {binance_hook.py:35} INFO - URL: https://api.binance.com/api/v3/klines?symbol=BTCBRL&interval=5m&startTime=1721913900000&endTime=1721914199999
[2024-07-25T14:51:34.990-0300] {binance_dag.py:43} INFO - r: [[1721913900000, '364055.00000000', '364391.00000000', '363937.00000000', '364380.00000000', '0.39169000', 1721914199999, '142655.66933000', 79, '0.20880000', '76063.65498000', '0']]
[2024-07-25T14:51:34.991-0300] {python.py:237} INFO - Done. Returned value was: None
[2024-07-25T14:51:34.992-0300] {taskinstance.py:441} INFO - ::group::Post task execution logs
[2024-07-25T14:51:34.995-0300] {taskinstance.py:1206} INFO - Marking task as SUCCESS. dag_id=Binance_5m, task_id=get_5m_info, run_id=scheduled__2024-07-25T10:25:00+00:00, execution_date=20240725T102500, start_date=20240725T175134, end_date=20240725T175134
[2024-07-25T14:51:35.034-0300] {local_task_job_runner.py:243} INFO - Task exited with return code 0
[2024-07-25T14:51:35.039-0300] {taskinstance.py:3503} INFO - 0 downstream tasks scheduled from follow-on schedule check
[2024-07-25T14:51:35.040-0300] {local_task_job_runner.py:222} INFO - ::endgroup::
[2024-07-25T15:21:32.278-0300] {local_task_job_runner.py:120} INFO - ::group::Pre task execution logs
[2024-07-25T15:21:32.284-0300] {taskinstance.py:2076} INFO - Dependencies all met for dep_context=non-requeueable deps ti=<TaskInstance: Binance_5m.get_5m_info scheduled__2024-07-25T10:25:00+00:00 [queued]>
[2024-07-25T15:21:32.287-0300] {taskinstance.py:2076} INFO - Dependencies all met for dep_context=requeueable deps ti=<TaskInstance: Binance_5m.get_5m_info scheduled__2024-07-25T10:25:00+00:00 [queued]>
[2024-07-25T15:21:32.287-0300] {taskinstance.py:2306} INFO - Starting attempt 1 of 1
[2024-07-25T15:21:32.301-0300] {taskinstance.py:2330} INFO - Executing <Task(PythonOperator): get_5m_info> on 2024-07-25 10:25:00+00:00
[2024-07-25T15:21:32.303-0300] {standard_task_runner.py:64} INFO - Started process 2633266 to run task
[2024-07-25T15:21:32.305-0300] {standard_task_runner.py:90} INFO - Running: ['airflow', 'tasks', 'run', 'Binance_5m', 'get_5m_info', 'scheduled__2024-07-25T10:25:00+00:00', '--job-id', '2660', '--raw', '--subdir', 'DAGS_FOLDER/binance_dag.py', '--cfg-path', '/tmp/tmpnudpnbzr']
[2024-07-25T15:21:32.306-0300] {standard_task_runner.py:91} INFO - Job 2660: Subtask get_5m_info
[2024-07-25T15:21:32.334-0300] {task_command.py:426} INFO - Running <TaskInstance: Binance_5m.get_5m_info scheduled__2024-07-25T10:25:00+00:00 [running]> on host Galaxybook.
[2024-07-25T15:21:32.392-0300] {taskinstance.py:2648} INFO - Exporting env vars: AIRFLOW_CTX_DAG_OWNER='airflow' AIRFLOW_CTX_DAG_ID='Binance_5m' AIRFLOW_CTX_TASK_ID='get_5m_info' AIRFLOW_CTX_EXECUTION_DATE='2024-07-25T10:25:00+00:00' AIRFLOW_CTX_TRY_NUMBER='1' AIRFLOW_CTX_DAG_RUN_ID='scheduled__2024-07-25T10:25:00+00:00'
[2024-07-25T15:21:32.393-0300] {taskinstance.py:430} INFO - ::endgroup::
[2024-07-25T15:21:32.401-0300] {binance_dag.py:23} INFO - End Time: 2024-07-25T10:30:00.00Z
[2024-07-25T15:21:32.401-0300] {binance_dag.py:24} INFO - Start Time: 2024-07-25T10:25:00.00Z
[2024-07-25T15:21:32.464-0300] {binance_dag.py:25} INFO - 1721913900000
[2024-07-25T15:21:32.467-0300] {base.py:84} INFO - Using connection ID 'binance_default' for task execution.
[2024-07-25T15:21:32.467-0300] {logging_mixin.py:188} INFO - https://api.binance.com
[2024-07-25T15:21:32.468-0300] {binance_hook.py:35} INFO - URL: https://api.binance.com/api/v3/klines?symbol=BTCBRL&interval=5m&startTime=1721913900000&endTime=1721914199999
[2024-07-25T15:21:32.876-0300] {python.py:237} INFO - Done. Returned value was: None
[2024-07-25T15:21:32.877-0300] {taskinstance.py:441} INFO - ::group::Post task execution logs
[2024-07-25T15:21:32.879-0300] {taskinstance.py:1206} INFO - Marking task as SUCCESS. dag_id=Binance_5m, task_id=get_5m_info, run_id=scheduled__2024-07-25T10:25:00+00:00, execution_date=20240725T102500, start_date=20240725T182132, end_date=20240725T182132
[2024-07-25T15:21:32.924-0300] {local_task_job_runner.py:243} INFO - Task exited with return code 0
[2024-07-25T15:21:32.932-0300] {taskinstance.py:3503} INFO - 0 downstream tasks scheduled from follow-on schedule check
[2024-07-25T15:21:32.932-0300] {local_task_job_runner.py:222} INFO - ::endgroup::
[2024-07-25T16:18:33.970-0300] {local_task_job_runner.py:120} INFO - ::group::Pre task execution logs
[2024-07-25T16:18:33.977-0300] {taskinstance.py:2076} INFO - Dependencies all met for dep_context=non-requeueable deps ti=<TaskInstance: Binance_5m.get_5m_info scheduled__2024-07-25T10:25:00+00:00 [queued]>
[2024-07-25T16:18:33.981-0300] {taskinstance.py:2076} INFO - Dependencies all met for dep_context=requeueable deps ti=<TaskInstance: Binance_5m.get_5m_info scheduled__2024-07-25T10:25:00+00:00 [queued]>
[2024-07-25T16:18:33.981-0300] {taskinstance.py:2306} INFO - Starting attempt 1 of 1
[2024-07-25T16:18:33.996-0300] {taskinstance.py:2330} INFO - Executing <Task(PythonOperator): get_5m_info> on 2024-07-25 10:25:00+00:00
[2024-07-25T16:18:33.998-0300] {standard_task_runner.py:64} INFO - Started process 2661537 to run task
[2024-07-25T16:18:34.001-0300] {standard_task_runner.py:90} INFO - Running: ['airflow', 'tasks', 'run', 'Binance_5m', 'get_5m_info', 'scheduled__2024-07-25T10:25:00+00:00', '--job-id', '2231', '--raw', '--subdir', 'DAGS_FOLDER/binance_dag.py', '--cfg-path', '/tmp/tmp8pil_82b']
[2024-07-25T16:18:34.002-0300] {standard_task_runner.py:91} INFO - Job 2231: Subtask get_5m_info
[2024-07-25T16:18:34.031-0300] {task_command.py:426} INFO - Running <TaskInstance: Binance_5m.get_5m_info scheduled__2024-07-25T10:25:00+00:00 [running]> on host Galaxybook.
[2024-07-25T16:18:34.089-0300] {taskinstance.py:2648} INFO - Exporting env vars: AIRFLOW_CTX_DAG_OWNER='airflow' AIRFLOW_CTX_DAG_ID='Binance_5m' AIRFLOW_CTX_TASK_ID='get_5m_info' AIRFLOW_CTX_EXECUTION_DATE='2024-07-25T10:25:00+00:00' AIRFLOW_CTX_TRY_NUMBER='1' AIRFLOW_CTX_DAG_RUN_ID='scheduled__2024-07-25T10:25:00+00:00'
[2024-07-25T16:18:34.089-0300] {taskinstance.py:430} INFO - ::endgroup::
[2024-07-25T16:18:34.101-0300] {binance_dag.py:22} INFO - End Time: 2024-07-25 10:30:00+00:00
[2024-07-25T16:18:34.101-0300] {binance_dag.py:23} INFO - Start Time: 2024-07-25 10:25:00+00:00
[2024-07-25T16:18:34.102-0300] {binance_dag.py:24} INFO - Start timestamp: 1721903100000
[2024-07-25T16:18:34.102-0300] {binance_dag.py:25} INFO - End timestamp: 1721903400000
[2024-07-25T16:18:34.180-0300] {base.py:84} INFO - Using connection ID 'binance_default' for task execution.
[2024-07-25T16:18:34.180-0300] {logging_mixin.py:188} INFO - https://api.binance.com
[2024-07-25T16:18:34.181-0300] {binance_hook.py:35} INFO - URL: https://api.binance.com/api/v3/klines?symbol=BTCBRL&interval=5m&startTime=1721903100000&endTime=1721903399999&timeZone=-3
[2024-07-25T16:18:34.580-0300] {python.py:237} INFO - Done. Returned value was: None
[2024-07-25T16:18:34.581-0300] {taskinstance.py:441} INFO - ::group::Post task execution logs
[2024-07-25T16:18:34.584-0300] {taskinstance.py:1206} INFO - Marking task as SUCCESS. dag_id=Binance_5m, task_id=get_5m_info, run_id=scheduled__2024-07-25T10:25:00+00:00, execution_date=20240725T102500, start_date=20240725T191833, end_date=20240725T191834
[2024-07-25T16:18:34.623-0300] {local_task_job_runner.py:243} INFO - Task exited with return code 0
[2024-07-25T16:18:34.630-0300] {taskinstance.py:3503} INFO - 0 downstream tasks scheduled from follow-on schedule check
[2024-07-25T16:18:34.630-0300] {local_task_job_runner.py:222} INFO - ::endgroup::
