[2024-07-25T14:28:22.329-0300] {local_task_job_runner.py:120} INFO - ::group::Pre task execution logs
[2024-07-25T14:28:22.333-0300] {taskinstance.py:2076} INFO - Dependencies all met for dep_context=non-requeueable deps ti=<TaskInstance: Binance_5m.get_5m_info scheduled__2024-07-25T13:30:00+00:00 [queued]>
[2024-07-25T14:28:22.336-0300] {taskinstance.py:2076} INFO - Dependencies all met for dep_context=requeueable deps ti=<TaskInstance: Binance_5m.get_5m_info scheduled__2024-07-25T13:30:00+00:00 [queued]>
[2024-07-25T14:28:22.336-0300] {taskinstance.py:2306} INFO - Starting attempt 1 of 1
[2024-07-25T14:28:22.352-0300] {taskinstance.py:2330} INFO - Executing <Task(PythonOperator): get_5m_info> on 2024-07-25 13:30:00+00:00
[2024-07-25T14:28:22.353-0300] {standard_task_runner.py:64} INFO - Started process 2591158 to run task
[2024-07-25T14:28:22.356-0300] {standard_task_runner.py:90} INFO - Running: ['airflow', 'tasks', 'run', 'Binance_5m', 'get_5m_info', 'scheduled__2024-07-25T13:30:00+00:00', '--job-id', '2119', '--raw', '--subdir', 'DAGS_FOLDER/binance_dag.py', '--cfg-path', '/tmp/tmpamesb0j_']
[2024-07-25T14:28:22.357-0300] {standard_task_runner.py:91} INFO - Job 2119: Subtask get_5m_info
[2024-07-25T14:28:22.392-0300] {task_command.py:426} INFO - Running <TaskInstance: Binance_5m.get_5m_info scheduled__2024-07-25T13:30:00+00:00 [running]> on host Galaxybook.
[2024-07-25T14:28:22.447-0300] {taskinstance.py:2648} INFO - Exporting env vars: AIRFLOW_CTX_DAG_OWNER='airflow' AIRFLOW_CTX_DAG_ID='Binance_5m' AIRFLOW_CTX_TASK_ID='get_5m_info' AIRFLOW_CTX_EXECUTION_DATE='2024-07-25T13:30:00+00:00' AIRFLOW_CTX_TRY_NUMBER='1' AIRFLOW_CTX_DAG_RUN_ID='scheduled__2024-07-25T13:30:00+00:00'
[2024-07-25T14:28:22.447-0300] {taskinstance.py:430} INFO - ::endgroup::
[2024-07-25T14:28:22.455-0300] {binance_dag.py:23} INFO - End Time: 2024-07-25T13:35:00.00Z
[2024-07-25T14:28:22.544-0300] {base.py:84} INFO - Using connection ID 'binance_default' for task execution.
[2024-07-25T14:28:22.545-0300] {logging_mixin.py:188} INFO - https://api.binance.com
[2024-07-25T14:28:22.546-0300] {binance_hook.py:35} INFO - URL: https://api.binance.com/api/v3/klines?symbol=BTCBRL&interval=5m&startTime=1721925000000&endTime=1721925300000
[2024-07-25T14:28:22.941-0300] {python.py:237} INFO - Done. Returned value was: None
[2024-07-25T14:28:22.942-0300] {taskinstance.py:441} INFO - ::group::Post task execution logs
[2024-07-25T14:28:22.945-0300] {taskinstance.py:1206} INFO - Marking task as SUCCESS. dag_id=Binance_5m, task_id=get_5m_info, run_id=scheduled__2024-07-25T13:30:00+00:00, execution_date=20240725T133000, start_date=20240725T172822, end_date=20240725T172822
[2024-07-25T14:28:22.978-0300] {local_task_job_runner.py:243} INFO - Task exited with return code 0
[2024-07-25T14:28:22.988-0300] {taskinstance.py:3503} INFO - 0 downstream tasks scheduled from follow-on schedule check
[2024-07-25T14:28:22.988-0300] {local_task_job_runner.py:222} INFO - ::endgroup::
[2024-07-25T14:31:44.854-0300] {local_task_job_runner.py:120} INFO - ::group::Pre task execution logs
[2024-07-25T14:31:44.862-0300] {taskinstance.py:2076} INFO - Dependencies all met for dep_context=non-requeueable deps ti=<TaskInstance: Binance_5m.get_5m_info scheduled__2024-07-25T13:30:00+00:00 [queued]>
[2024-07-25T14:31:44.866-0300] {taskinstance.py:2076} INFO - Dependencies all met for dep_context=requeueable deps ti=<TaskInstance: Binance_5m.get_5m_info scheduled__2024-07-25T13:30:00+00:00 [queued]>
[2024-07-25T14:31:44.866-0300] {taskinstance.py:2306} INFO - Starting attempt 1 of 1
[2024-07-25T14:31:44.880-0300] {taskinstance.py:2330} INFO - Executing <Task(PythonOperator): get_5m_info> on 2024-07-25 13:30:00+00:00
[2024-07-25T14:31:44.882-0300] {standard_task_runner.py:64} INFO - Started process 2594616 to run task
[2024-07-25T14:31:44.885-0300] {standard_task_runner.py:90} INFO - Running: ['airflow', 'tasks', 'run', 'Binance_5m', 'get_5m_info', 'scheduled__2024-07-25T13:30:00+00:00', '--job-id', '2138', '--raw', '--subdir', 'DAGS_FOLDER/binance_dag.py', '--cfg-path', '/tmp/tmpyfgdmi7s']
[2024-07-25T14:31:44.885-0300] {standard_task_runner.py:91} INFO - Job 2138: Subtask get_5m_info
[2024-07-25T14:31:44.916-0300] {task_command.py:426} INFO - Running <TaskInstance: Binance_5m.get_5m_info scheduled__2024-07-25T13:30:00+00:00 [running]> on host Galaxybook.
[2024-07-25T14:31:44.965-0300] {taskinstance.py:2648} INFO - Exporting env vars: AIRFLOW_CTX_DAG_OWNER='airflow' AIRFLOW_CTX_DAG_ID='Binance_5m' AIRFLOW_CTX_TASK_ID='get_5m_info' AIRFLOW_CTX_EXECUTION_DATE='2024-07-25T13:30:00+00:00' AIRFLOW_CTX_TRY_NUMBER='1' AIRFLOW_CTX_DAG_RUN_ID='scheduled__2024-07-25T13:30:00+00:00'
[2024-07-25T14:31:44.965-0300] {taskinstance.py:430} INFO - ::endgroup::
[2024-07-25T14:31:44.974-0300] {binance_dag.py:23} INFO - End Time: 2024-07-25T13:35:00.00Z
[2024-07-25T14:31:45.044-0300] {base.py:84} INFO - Using connection ID 'binance_default' for task execution.
[2024-07-25T14:31:45.044-0300] {logging_mixin.py:188} INFO - https://api.binance.com
[2024-07-25T14:31:45.045-0300] {binance_hook.py:35} INFO - URL: https://api.binance.com/api/v3/klines?symbol=BTCBRL&interval=5m&startTime=1721925000000&endTime=1721925300000
[2024-07-25T14:31:45.441-0300] {python.py:237} INFO - Done. Returned value was: None
[2024-07-25T14:31:45.442-0300] {taskinstance.py:441} INFO - ::group::Post task execution logs
[2024-07-25T14:31:45.444-0300] {taskinstance.py:1206} INFO - Marking task as SUCCESS. dag_id=Binance_5m, task_id=get_5m_info, run_id=scheduled__2024-07-25T13:30:00+00:00, execution_date=20240725T133000, start_date=20240725T173144, end_date=20240725T173145
[2024-07-25T14:31:45.467-0300] {local_task_job_runner.py:243} INFO - Task exited with return code 0
[2024-07-25T14:31:45.473-0300] {taskinstance.py:3503} INFO - 0 downstream tasks scheduled from follow-on schedule check
[2024-07-25T14:31:45.474-0300] {local_task_job_runner.py:222} INFO - ::endgroup::
[2024-07-25T14:37:09.392-0300] {local_task_job_runner.py:120} INFO - ::group::Pre task execution logs
[2024-07-25T14:37:09.404-0300] {taskinstance.py:2076} INFO - Dependencies all met for dep_context=non-requeueable deps ti=<TaskInstance: Binance_5m.get_5m_info scheduled__2024-07-25T13:30:00+00:00 [queued]>
[2024-07-25T14:37:09.409-0300] {taskinstance.py:2076} INFO - Dependencies all met for dep_context=requeueable deps ti=<TaskInstance: Binance_5m.get_5m_info scheduled__2024-07-25T13:30:00+00:00 [queued]>
[2024-07-25T14:37:09.409-0300] {taskinstance.py:2306} INFO - Starting attempt 1 of 1
[2024-07-25T14:37:09.424-0300] {taskinstance.py:2330} INFO - Executing <Task(PythonOperator): get_5m_info> on 2024-07-25 13:30:00+00:00
[2024-07-25T14:37:09.426-0300] {standard_task_runner.py:64} INFO - Started process 2599557 to run task
[2024-07-25T14:37:09.429-0300] {standard_task_runner.py:90} INFO - Running: ['airflow', 'tasks', 'run', 'Binance_5m', 'get_5m_info', 'scheduled__2024-07-25T13:30:00+00:00', '--job-id', '2100', '--raw', '--subdir', 'DAGS_FOLDER/binance_dag.py', '--cfg-path', '/tmp/tmpenn06weh']
[2024-07-25T14:37:09.430-0300] {standard_task_runner.py:91} INFO - Job 2100: Subtask get_5m_info
[2024-07-25T14:37:09.460-0300] {task_command.py:426} INFO - Running <TaskInstance: Binance_5m.get_5m_info scheduled__2024-07-25T13:30:00+00:00 [running]> on host Galaxybook.
[2024-07-25T14:37:09.516-0300] {taskinstance.py:2648} INFO - Exporting env vars: AIRFLOW_CTX_DAG_OWNER='airflow' AIRFLOW_CTX_DAG_ID='Binance_5m' AIRFLOW_CTX_TASK_ID='get_5m_info' AIRFLOW_CTX_EXECUTION_DATE='2024-07-25T13:30:00+00:00' AIRFLOW_CTX_TRY_NUMBER='1' AIRFLOW_CTX_DAG_RUN_ID='scheduled__2024-07-25T13:30:00+00:00'
[2024-07-25T14:37:09.516-0300] {taskinstance.py:430} INFO - ::endgroup::
[2024-07-25T14:37:09.525-0300] {binance_dag.py:23} INFO - End Time: 2024-07-25T13:35:00.00Z
[2024-07-25T14:37:09.598-0300] {base.py:84} INFO - Using connection ID 'binance_default' for task execution.
[2024-07-25T14:37:09.598-0300] {logging_mixin.py:188} INFO - https://api.binance.com
[2024-07-25T14:37:09.599-0300] {binance_hook.py:35} INFO - URL: https://api.binance.com/api/v3/klines?symbol=BTCBRL&interval=5m&startTime=1721925000000&endTime=1721925300000
[2024-07-25T14:37:09.986-0300] {binance_dag.py:42} INFO - r: [[1721925000000, '367339.00000000', '368343.00000000', '367186.00000000', '368184.00000000', '2.53884000', 1721925299999, '933461.25606000', 288, '0.98504000', '362244.16264000', '0'], [1721925300000, '368342.00000000', '368589.00000000', '367435.00000000', '367731.00000000', '1.07239000', 1721925599999, '394872.48641000', 170, '0.52641000', '193768.60193000', '0']]
[2024-07-25T14:37:09.987-0300] {python.py:237} INFO - Done. Returned value was: None
[2024-07-25T14:37:09.988-0300] {taskinstance.py:441} INFO - ::group::Post task execution logs
[2024-07-25T14:37:09.990-0300] {taskinstance.py:1206} INFO - Marking task as SUCCESS. dag_id=Binance_5m, task_id=get_5m_info, run_id=scheduled__2024-07-25T13:30:00+00:00, execution_date=20240725T133000, start_date=20240725T173709, end_date=20240725T173709
[2024-07-25T14:37:10.013-0300] {local_task_job_runner.py:243} INFO - Task exited with return code 0
[2024-07-25T14:37:10.019-0300] {taskinstance.py:3503} INFO - 0 downstream tasks scheduled from follow-on schedule check
[2024-07-25T14:37:10.020-0300] {local_task_job_runner.py:222} INFO - ::endgroup::
[2024-07-25T14:53:01.726-0300] {local_task_job_runner.py:120} INFO - ::group::Pre task execution logs
[2024-07-25T14:53:01.731-0300] {taskinstance.py:2076} INFO - Dependencies all met for dep_context=non-requeueable deps ti=<TaskInstance: Binance_5m.get_5m_info scheduled__2024-07-25T13:30:00+00:00 [queued]>
[2024-07-25T14:53:01.734-0300] {taskinstance.py:2076} INFO - Dependencies all met for dep_context=requeueable deps ti=<TaskInstance: Binance_5m.get_5m_info scheduled__2024-07-25T13:30:00+00:00 [queued]>
[2024-07-25T14:53:01.734-0300] {taskinstance.py:2306} INFO - Starting attempt 1 of 1
[2024-07-25T14:53:01.748-0300] {taskinstance.py:2330} INFO - Executing <Task(PythonOperator): get_5m_info> on 2024-07-25 13:30:00+00:00
[2024-07-25T14:53:01.750-0300] {standard_task_runner.py:64} INFO - Started process 2612403 to run task
[2024-07-25T14:53:01.753-0300] {standard_task_runner.py:90} INFO - Running: ['airflow', 'tasks', 'run', 'Binance_5m', 'get_5m_info', 'scheduled__2024-07-25T13:30:00+00:00', '--job-id', '2254', '--raw', '--subdir', 'DAGS_FOLDER/binance_dag.py', '--cfg-path', '/tmp/tmpecx2o0o8']
[2024-07-25T14:53:01.754-0300] {standard_task_runner.py:91} INFO - Job 2254: Subtask get_5m_info
[2024-07-25T14:53:01.778-0300] {task_command.py:426} INFO - Running <TaskInstance: Binance_5m.get_5m_info scheduled__2024-07-25T13:30:00+00:00 [running]> on host Galaxybook.
[2024-07-25T14:53:01.836-0300] {taskinstance.py:2648} INFO - Exporting env vars: AIRFLOW_CTX_DAG_OWNER='airflow' AIRFLOW_CTX_DAG_ID='Binance_5m' AIRFLOW_CTX_TASK_ID='get_5m_info' AIRFLOW_CTX_EXECUTION_DATE='2024-07-25T13:30:00+00:00' AIRFLOW_CTX_TRY_NUMBER='1' AIRFLOW_CTX_DAG_RUN_ID='scheduled__2024-07-25T13:30:00+00:00'
[2024-07-25T14:53:01.837-0300] {taskinstance.py:430} INFO - ::endgroup::
[2024-07-25T14:53:01.845-0300] {binance_dag.py:23} INFO - End Time: 2024-07-25T13:35:00.00Z
[2024-07-25T14:53:01.845-0300] {binance_dag.py:24} INFO - Start Time: 2024-07-25T13:30:00.00Z
[2024-07-25T14:53:01.902-0300] {base.py:84} INFO - Using connection ID 'binance_default' for task execution.
[2024-07-25T14:53:01.902-0300] {logging_mixin.py:188} INFO - https://api.binance.com
[2024-07-25T14:53:01.903-0300] {binance_hook.py:35} INFO - URL: https://api.binance.com/api/v3/klines?symbol=BTCBRL&interval=5m&startTime=1721925000000&endTime=1721925299999
[2024-07-25T14:53:02.314-0300] {binance_dag.py:43} INFO - r: [[1721925000000, '367339.00000000', '368343.00000000', '367186.00000000', '368184.00000000', '2.53884000', 1721925299999, '933461.25606000', 288, '0.98504000', '362244.16264000', '0']]
[2024-07-25T14:53:02.316-0300] {python.py:237} INFO - Done. Returned value was: None
[2024-07-25T14:53:02.316-0300] {taskinstance.py:441} INFO - ::group::Post task execution logs
[2024-07-25T14:53:02.319-0300] {taskinstance.py:1206} INFO - Marking task as SUCCESS. dag_id=Binance_5m, task_id=get_5m_info, run_id=scheduled__2024-07-25T13:30:00+00:00, execution_date=20240725T133000, start_date=20240725T175301, end_date=20240725T175302
[2024-07-25T14:53:02.373-0300] {local_task_job_runner.py:243} INFO - Task exited with return code 0
[2024-07-25T14:53:02.379-0300] {taskinstance.py:3503} INFO - 0 downstream tasks scheduled from follow-on schedule check
[2024-07-25T14:53:02.379-0300] {local_task_job_runner.py:222} INFO - ::endgroup::
[2024-07-25T15:22:53.446-0300] {local_task_job_runner.py:120} INFO - ::group::Pre task execution logs
[2024-07-25T15:22:53.452-0300] {taskinstance.py:2076} INFO - Dependencies all met for dep_context=non-requeueable deps ti=<TaskInstance: Binance_5m.get_5m_info scheduled__2024-07-25T13:30:00+00:00 [queued]>
[2024-07-25T15:22:53.455-0300] {taskinstance.py:2076} INFO - Dependencies all met for dep_context=requeueable deps ti=<TaskInstance: Binance_5m.get_5m_info scheduled__2024-07-25T13:30:00+00:00 [queued]>
[2024-07-25T15:22:53.455-0300] {taskinstance.py:2306} INFO - Starting attempt 1 of 1
[2024-07-25T15:22:53.467-0300] {taskinstance.py:2330} INFO - Executing <Task(PythonOperator): get_5m_info> on 2024-07-25 13:30:00+00:00
[2024-07-25T15:22:53.469-0300] {standard_task_runner.py:64} INFO - Started process 2634604 to run task
[2024-07-25T15:22:53.471-0300] {standard_task_runner.py:90} INFO - Running: ['airflow', 'tasks', 'run', 'Binance_5m', 'get_5m_info', 'scheduled__2024-07-25T13:30:00+00:00', '--job-id', '2697', '--raw', '--subdir', 'DAGS_FOLDER/binance_dag.py', '--cfg-path', '/tmp/tmpiw3luy5n']
[2024-07-25T15:22:53.472-0300] {standard_task_runner.py:91} INFO - Job 2697: Subtask get_5m_info
[2024-07-25T15:22:53.498-0300] {task_command.py:426} INFO - Running <TaskInstance: Binance_5m.get_5m_info scheduled__2024-07-25T13:30:00+00:00 [running]> on host Galaxybook.
[2024-07-25T15:22:53.561-0300] {taskinstance.py:2648} INFO - Exporting env vars: AIRFLOW_CTX_DAG_OWNER='airflow' AIRFLOW_CTX_DAG_ID='Binance_5m' AIRFLOW_CTX_TASK_ID='get_5m_info' AIRFLOW_CTX_EXECUTION_DATE='2024-07-25T13:30:00+00:00' AIRFLOW_CTX_TRY_NUMBER='1' AIRFLOW_CTX_DAG_RUN_ID='scheduled__2024-07-25T13:30:00+00:00'
[2024-07-25T15:22:53.561-0300] {taskinstance.py:430} INFO - ::endgroup::
[2024-07-25T15:22:53.569-0300] {binance_dag.py:23} INFO - End Time: 2024-07-25T13:35:00.00Z
[2024-07-25T15:22:53.569-0300] {binance_dag.py:24} INFO - Start Time: 2024-07-25T13:30:00.00Z
[2024-07-25T15:22:53.624-0300] {binance_dag.py:25} INFO - 1721925000000
[2024-07-25T15:22:53.626-0300] {base.py:84} INFO - Using connection ID 'binance_default' for task execution.
[2024-07-25T15:22:53.627-0300] {logging_mixin.py:188} INFO - https://api.binance.com
[2024-07-25T15:22:53.627-0300] {binance_hook.py:35} INFO - URL: https://api.binance.com/api/v3/klines?symbol=BTCBRL&interval=5m&startTime=1721925000000&endTime=1721925299999
[2024-07-25T15:22:54.099-0300] {python.py:237} INFO - Done. Returned value was: None
[2024-07-25T15:22:54.100-0300] {taskinstance.py:441} INFO - ::group::Post task execution logs
[2024-07-25T15:22:54.102-0300] {taskinstance.py:1206} INFO - Marking task as SUCCESS. dag_id=Binance_5m, task_id=get_5m_info, run_id=scheduled__2024-07-25T13:30:00+00:00, execution_date=20240725T133000, start_date=20240725T182253, end_date=20240725T182254
[2024-07-25T15:22:54.136-0300] {local_task_job_runner.py:243} INFO - Task exited with return code 0
[2024-07-25T15:22:54.143-0300] {taskinstance.py:3503} INFO - 0 downstream tasks scheduled from follow-on schedule check
[2024-07-25T15:22:54.143-0300] {local_task_job_runner.py:222} INFO - ::endgroup::
[2024-07-25T16:21:00.109-0300] {local_task_job_runner.py:120} INFO - ::group::Pre task execution logs
[2024-07-25T16:21:00.117-0300] {taskinstance.py:2076} INFO - Dependencies all met for dep_context=non-requeueable deps ti=<TaskInstance: Binance_5m.get_5m_info scheduled__2024-07-25T13:30:00+00:00 [queued]>
[2024-07-25T16:21:00.120-0300] {taskinstance.py:2076} INFO - Dependencies all met for dep_context=requeueable deps ti=<TaskInstance: Binance_5m.get_5m_info scheduled__2024-07-25T13:30:00+00:00 [queued]>
[2024-07-25T16:21:00.121-0300] {taskinstance.py:2306} INFO - Starting attempt 1 of 1
[2024-07-25T16:21:00.134-0300] {taskinstance.py:2330} INFO - Executing <Task(PythonOperator): get_5m_info> on 2024-07-25 13:30:00+00:00
[2024-07-25T16:21:00.136-0300] {standard_task_runner.py:64} INFO - Started process 2664019 to run task
[2024-07-25T16:21:00.138-0300] {standard_task_runner.py:90} INFO - Running: ['airflow', 'tasks', 'run', 'Binance_5m', 'get_5m_info', 'scheduled__2024-07-25T13:30:00+00:00', '--job-id', '2306', '--raw', '--subdir', 'DAGS_FOLDER/binance_dag.py', '--cfg-path', '/tmp/tmpx2d3894z']
[2024-07-25T16:21:00.139-0300] {standard_task_runner.py:91} INFO - Job 2306: Subtask get_5m_info
[2024-07-25T16:21:00.169-0300] {task_command.py:426} INFO - Running <TaskInstance: Binance_5m.get_5m_info scheduled__2024-07-25T13:30:00+00:00 [running]> on host Galaxybook.
[2024-07-25T16:21:00.234-0300] {taskinstance.py:2648} INFO - Exporting env vars: AIRFLOW_CTX_DAG_OWNER='airflow' AIRFLOW_CTX_DAG_ID='Binance_5m' AIRFLOW_CTX_TASK_ID='get_5m_info' AIRFLOW_CTX_EXECUTION_DATE='2024-07-25T13:30:00+00:00' AIRFLOW_CTX_TRY_NUMBER='1' AIRFLOW_CTX_DAG_RUN_ID='scheduled__2024-07-25T13:30:00+00:00'
[2024-07-25T16:21:00.235-0300] {taskinstance.py:430} INFO - ::endgroup::
[2024-07-25T16:21:00.244-0300] {binance_dag.py:22} INFO - End Time: 2024-07-25 13:35:00+00:00
[2024-07-25T16:21:00.245-0300] {binance_dag.py:23} INFO - Start Time: 2024-07-25 13:30:00+00:00
[2024-07-25T16:21:00.246-0300] {binance_dag.py:24} INFO - Start timestamp: 1721914200000
[2024-07-25T16:21:00.246-0300] {binance_dag.py:25} INFO - End timestamp: 1721914500000
[2024-07-25T16:21:00.347-0300] {base.py:84} INFO - Using connection ID 'binance_default' for task execution.
[2024-07-25T16:21:00.347-0300] {logging_mixin.py:188} INFO - https://api.binance.com
[2024-07-25T16:21:00.348-0300] {binance_hook.py:35} INFO - URL: https://api.binance.com/api/v3/klines?symbol=BTCBRL&interval=5m&startTime=1721914200000&endTime=1721914499999&timeZone=-3
[2024-07-25T16:21:00.756-0300] {python.py:237} INFO - Done. Returned value was: None
[2024-07-25T16:21:00.757-0300] {taskinstance.py:441} INFO - ::group::Post task execution logs
[2024-07-25T16:21:00.759-0300] {taskinstance.py:1206} INFO - Marking task as SUCCESS. dag_id=Binance_5m, task_id=get_5m_info, run_id=scheduled__2024-07-25T13:30:00+00:00, execution_date=20240725T133000, start_date=20240725T192100, end_date=20240725T192100
[2024-07-25T16:21:00.798-0300] {local_task_job_runner.py:243} INFO - Task exited with return code 0
[2024-07-25T16:21:00.805-0300] {taskinstance.py:3503} INFO - 0 downstream tasks scheduled from follow-on schedule check
[2024-07-25T16:21:00.806-0300] {local_task_job_runner.py:222} INFO - ::endgroup::
