[2024-07-25T14:49:49.193-0300] {local_task_job_runner.py:120} INFO - ::group::Pre task execution logs
[2024-07-25T14:49:49.198-0300] {taskinstance.py:2076} INFO - Dependencies all met for dep_context=non-requeueable deps ti=<TaskInstance: Binance_5m.get_5m_info scheduled__2024-07-25T06:35:00+00:00 [queued]>
[2024-07-25T14:49:49.202-0300] {taskinstance.py:2076} INFO - Dependencies all met for dep_context=requeueable deps ti=<TaskInstance: Binance_5m.get_5m_info scheduled__2024-07-25T06:35:00+00:00 [queued]>
[2024-07-25T14:49:49.203-0300] {taskinstance.py:2306} INFO - Starting attempt 1 of 1
[2024-07-25T14:49:49.216-0300] {taskinstance.py:2330} INFO - Executing <Task(PythonOperator): get_5m_info> on 2024-07-25 06:35:00+00:00
[2024-07-25T14:49:49.218-0300] {standard_task_runner.py:64} INFO - Started process 2609212 to run task
[2024-07-25T14:49:49.220-0300] {standard_task_runner.py:90} INFO - Running: ['airflow', 'tasks', 'run', 'Binance_5m', 'get_5m_info', 'scheduled__2024-07-25T06:35:00+00:00', '--job-id', '2171', '--raw', '--subdir', 'DAGS_FOLDER/binance_dag.py', '--cfg-path', '/tmp/tmpcyfxa22g']
[2024-07-25T14:49:49.221-0300] {standard_task_runner.py:91} INFO - Job 2171: Subtask get_5m_info
[2024-07-25T14:49:49.257-0300] {task_command.py:426} INFO - Running <TaskInstance: Binance_5m.get_5m_info scheduled__2024-07-25T06:35:00+00:00 [running]> on host Galaxybook.
[2024-07-25T14:49:49.311-0300] {taskinstance.py:2648} INFO - Exporting env vars: AIRFLOW_CTX_DAG_OWNER='airflow' AIRFLOW_CTX_DAG_ID='Binance_5m' AIRFLOW_CTX_TASK_ID='get_5m_info' AIRFLOW_CTX_EXECUTION_DATE='2024-07-25T06:35:00+00:00' AIRFLOW_CTX_TRY_NUMBER='1' AIRFLOW_CTX_DAG_RUN_ID='scheduled__2024-07-25T06:35:00+00:00'
[2024-07-25T14:49:49.312-0300] {taskinstance.py:430} INFO - ::endgroup::
[2024-07-25T14:49:49.320-0300] {binance_dag.py:23} INFO - End Time: 2024-07-25T06:40:00.00Z
[2024-07-25T14:49:49.320-0300] {binance_dag.py:24} INFO - Start Time: 2024-07-25T06:35:00.00Z
[2024-07-25T14:49:49.386-0300] {base.py:84} INFO - Using connection ID 'binance_default' for task execution.
[2024-07-25T14:49:49.386-0300] {logging_mixin.py:188} INFO - https://api.binance.com
[2024-07-25T14:49:49.387-0300] {binance_hook.py:35} INFO - URL: https://api.binance.com/api/v3/klines?symbol=BTCBRL&interval=5m&startTime=1721900100000&endTime=1721900399999
[2024-07-25T14:49:49.776-0300] {binance_dag.py:43} INFO - r: [[1721900100000, '366509.00000000', '366616.00000000', '366190.00000000', '366190.00000000', '0.14299000', 1721900399999, '52376.24636000', 32, '0.03024000', '11079.86565000', '0']]
[2024-07-25T14:49:49.777-0300] {python.py:237} INFO - Done. Returned value was: None
[2024-07-25T14:49:49.777-0300] {taskinstance.py:441} INFO - ::group::Post task execution logs
[2024-07-25T14:49:49.780-0300] {taskinstance.py:1206} INFO - Marking task as SUCCESS. dag_id=Binance_5m, task_id=get_5m_info, run_id=scheduled__2024-07-25T06:35:00+00:00, execution_date=20240725T063500, start_date=20240725T174949, end_date=20240725T174949
[2024-07-25T14:49:49.803-0300] {local_task_job_runner.py:243} INFO - Task exited with return code 0
[2024-07-25T14:49:49.810-0300] {taskinstance.py:3503} INFO - 0 downstream tasks scheduled from follow-on schedule check
[2024-07-25T14:49:49.810-0300] {local_task_job_runner.py:222} INFO - ::endgroup::
[2024-07-25T15:19:53.408-0300] {local_task_job_runner.py:120} INFO - ::group::Pre task execution logs
[2024-07-25T15:19:53.414-0300] {taskinstance.py:2076} INFO - Dependencies all met for dep_context=non-requeueable deps ti=<TaskInstance: Binance_5m.get_5m_info scheduled__2024-07-25T06:35:00+00:00 [queued]>
[2024-07-25T15:19:53.418-0300] {taskinstance.py:2076} INFO - Dependencies all met for dep_context=requeueable deps ti=<TaskInstance: Binance_5m.get_5m_info scheduled__2024-07-25T06:35:00+00:00 [queued]>
[2024-07-25T15:19:53.418-0300] {taskinstance.py:2306} INFO - Starting attempt 1 of 1
[2024-07-25T15:19:53.433-0300] {taskinstance.py:2330} INFO - Executing <Task(PythonOperator): get_5m_info> on 2024-07-25 06:35:00+00:00
[2024-07-25T15:19:53.435-0300] {standard_task_runner.py:64} INFO - Started process 2631633 to run task
[2024-07-25T15:19:53.437-0300] {standard_task_runner.py:90} INFO - Running: ['airflow', 'tasks', 'run', 'Binance_5m', 'get_5m_info', 'scheduled__2024-07-25T06:35:00+00:00', '--job-id', '2614', '--raw', '--subdir', 'DAGS_FOLDER/binance_dag.py', '--cfg-path', '/tmp/tmprxv_qhmd']
[2024-07-25T15:19:53.438-0300] {standard_task_runner.py:91} INFO - Job 2614: Subtask get_5m_info
[2024-07-25T15:19:53.466-0300] {task_command.py:426} INFO - Running <TaskInstance: Binance_5m.get_5m_info scheduled__2024-07-25T06:35:00+00:00 [running]> on host Galaxybook.
[2024-07-25T15:19:53.525-0300] {taskinstance.py:2648} INFO - Exporting env vars: AIRFLOW_CTX_DAG_OWNER='airflow' AIRFLOW_CTX_DAG_ID='Binance_5m' AIRFLOW_CTX_TASK_ID='get_5m_info' AIRFLOW_CTX_EXECUTION_DATE='2024-07-25T06:35:00+00:00' AIRFLOW_CTX_TRY_NUMBER='1' AIRFLOW_CTX_DAG_RUN_ID='scheduled__2024-07-25T06:35:00+00:00'
[2024-07-25T15:19:53.526-0300] {taskinstance.py:430} INFO - ::endgroup::
[2024-07-25T15:19:53.534-0300] {binance_dag.py:23} INFO - End Time: 2024-07-25T06:40:00.00Z
[2024-07-25T15:19:53.534-0300] {binance_dag.py:24} INFO - Start Time: 2024-07-25T06:35:00.00Z
[2024-07-25T15:19:53.607-0300] {binance_dag.py:25} INFO - 1721900100000
[2024-07-25T15:19:53.610-0300] {base.py:84} INFO - Using connection ID 'binance_default' for task execution.
[2024-07-25T15:19:53.610-0300] {logging_mixin.py:188} INFO - https://api.binance.com
[2024-07-25T15:19:53.611-0300] {binance_hook.py:35} INFO - URL: https://api.binance.com/api/v3/klines?symbol=BTCBRL&interval=5m&startTime=1721900100000&endTime=1721900399999
[2024-07-25T15:19:54.029-0300] {python.py:237} INFO - Done. Returned value was: None
[2024-07-25T15:19:54.029-0300] {taskinstance.py:441} INFO - ::group::Post task execution logs
[2024-07-25T15:19:54.032-0300] {taskinstance.py:1206} INFO - Marking task as SUCCESS. dag_id=Binance_5m, task_id=get_5m_info, run_id=scheduled__2024-07-25T06:35:00+00:00, execution_date=20240725T063500, start_date=20240725T181953, end_date=20240725T181954
[2024-07-25T15:19:54.059-0300] {local_task_job_runner.py:243} INFO - Task exited with return code 0
[2024-07-25T15:19:54.066-0300] {taskinstance.py:3503} INFO - 0 downstream tasks scheduled from follow-on schedule check
[2024-07-25T15:19:54.067-0300] {local_task_job_runner.py:222} INFO - ::endgroup::
[2024-07-25T16:16:26.488-0300] {local_task_job_runner.py:120} INFO - ::group::Pre task execution logs
[2024-07-25T16:16:26.497-0300] {taskinstance.py:2076} INFO - Dependencies all met for dep_context=non-requeueable deps ti=<TaskInstance: Binance_5m.get_5m_info scheduled__2024-07-25T06:35:00+00:00 [queued]>
[2024-07-25T16:16:26.501-0300] {taskinstance.py:2076} INFO - Dependencies all met for dep_context=requeueable deps ti=<TaskInstance: Binance_5m.get_5m_info scheduled__2024-07-25T06:35:00+00:00 [queued]>
[2024-07-25T16:16:26.501-0300] {taskinstance.py:2306} INFO - Starting attempt 1 of 1
[2024-07-25T16:16:26.515-0300] {taskinstance.py:2330} INFO - Executing <Task(PythonOperator): get_5m_info> on 2024-07-25 06:35:00+00:00
[2024-07-25T16:16:26.517-0300] {standard_task_runner.py:64} INFO - Started process 2659390 to run task
[2024-07-25T16:16:26.520-0300] {standard_task_runner.py:90} INFO - Running: ['airflow', 'tasks', 'run', 'Binance_5m', 'get_5m_info', 'scheduled__2024-07-25T06:35:00+00:00', '--job-id', '2174', '--raw', '--subdir', 'DAGS_FOLDER/binance_dag.py', '--cfg-path', '/tmp/tmp5jc5n_3r']
[2024-07-25T16:16:26.521-0300] {standard_task_runner.py:91} INFO - Job 2174: Subtask get_5m_info
[2024-07-25T16:16:26.551-0300] {task_command.py:426} INFO - Running <TaskInstance: Binance_5m.get_5m_info scheduled__2024-07-25T06:35:00+00:00 [running]> on host Galaxybook.
[2024-07-25T16:16:26.611-0300] {taskinstance.py:2648} INFO - Exporting env vars: AIRFLOW_CTX_DAG_OWNER='airflow' AIRFLOW_CTX_DAG_ID='Binance_5m' AIRFLOW_CTX_TASK_ID='get_5m_info' AIRFLOW_CTX_EXECUTION_DATE='2024-07-25T06:35:00+00:00' AIRFLOW_CTX_TRY_NUMBER='1' AIRFLOW_CTX_DAG_RUN_ID='scheduled__2024-07-25T06:35:00+00:00'
[2024-07-25T16:16:26.611-0300] {taskinstance.py:430} INFO - ::endgroup::
[2024-07-25T16:16:26.621-0300] {binance_dag.py:22} INFO - End Time: 2024-07-25 06:40:00+00:00
[2024-07-25T16:16:26.621-0300] {binance_dag.py:23} INFO - Start Time: 2024-07-25 06:35:00+00:00
[2024-07-25T16:16:26.622-0300] {binance_dag.py:24} INFO - Start timestamp: 1721889300000
[2024-07-25T16:16:26.622-0300] {binance_dag.py:25} INFO - End timestamp: 1721889600000
[2024-07-25T16:16:26.693-0300] {base.py:84} INFO - Using connection ID 'binance_default' for task execution.
[2024-07-25T16:16:26.693-0300] {logging_mixin.py:188} INFO - https://api.binance.com
[2024-07-25T16:16:26.694-0300] {binance_hook.py:35} INFO - URL: https://api.binance.com/api/v3/klines?symbol=BTCBRL&interval=5m&startTime=1721889300000&endTime=1721889599999&timeZone=-3
[2024-07-25T16:16:27.090-0300] {python.py:237} INFO - Done. Returned value was: None
[2024-07-25T16:16:27.091-0300] {taskinstance.py:441} INFO - ::group::Post task execution logs
[2024-07-25T16:16:27.093-0300] {taskinstance.py:1206} INFO - Marking task as SUCCESS. dag_id=Binance_5m, task_id=get_5m_info, run_id=scheduled__2024-07-25T06:35:00+00:00, execution_date=20240725T063500, start_date=20240725T191626, end_date=20240725T191627
[2024-07-25T16:16:27.145-0300] {local_task_job_runner.py:243} INFO - Task exited with return code 0
[2024-07-25T16:16:27.153-0300] {taskinstance.py:3503} INFO - 0 downstream tasks scheduled from follow-on schedule check
[2024-07-25T16:16:27.154-0300] {local_task_job_runner.py:222} INFO - ::endgroup::
