[2024-07-25T14:52:16.783-0300] {local_task_job_runner.py:120} INFO - ::group::Pre task execution logs
[2024-07-25T14:52:16.789-0300] {taskinstance.py:2076} INFO - Dependencies all met for dep_context=non-requeueable deps ti=<TaskInstance: Binance_5m.get_5m_info scheduled__2024-07-25T11:50:00+00:00 [queued]>
[2024-07-25T14:52:16.792-0300] {taskinstance.py:2076} INFO - Dependencies all met for dep_context=requeueable deps ti=<TaskInstance: Binance_5m.get_5m_info scheduled__2024-07-25T11:50:00+00:00 [queued]>
[2024-07-25T14:52:16.792-0300] {taskinstance.py:2306} INFO - Starting attempt 1 of 1
[2024-07-25T14:52:16.807-0300] {taskinstance.py:2330} INFO - Executing <Task(PythonOperator): get_5m_info> on 2024-07-25 11:50:00+00:00
[2024-07-25T14:52:16.809-0300] {standard_task_runner.py:64} INFO - Started process 2611663 to run task
[2024-07-25T14:52:16.811-0300] {standard_task_runner.py:90} INFO - Running: ['airflow', 'tasks', 'run', 'Binance_5m', 'get_5m_info', 'scheduled__2024-07-25T11:50:00+00:00', '--job-id', '2234', '--raw', '--subdir', 'DAGS_FOLDER/binance_dag.py', '--cfg-path', '/tmp/tmp1nf0q1rr']
[2024-07-25T14:52:16.812-0300] {standard_task_runner.py:91} INFO - Job 2234: Subtask get_5m_info
[2024-07-25T14:52:16.842-0300] {task_command.py:426} INFO - Running <TaskInstance: Binance_5m.get_5m_info scheduled__2024-07-25T11:50:00+00:00 [running]> on host Galaxybook.
[2024-07-25T14:52:16.910-0300] {taskinstance.py:2648} INFO - Exporting env vars: AIRFLOW_CTX_DAG_OWNER='airflow' AIRFLOW_CTX_DAG_ID='Binance_5m' AIRFLOW_CTX_TASK_ID='get_5m_info' AIRFLOW_CTX_EXECUTION_DATE='2024-07-25T11:50:00+00:00' AIRFLOW_CTX_TRY_NUMBER='1' AIRFLOW_CTX_DAG_RUN_ID='scheduled__2024-07-25T11:50:00+00:00'
[2024-07-25T14:52:16.910-0300] {taskinstance.py:430} INFO - ::endgroup::
[2024-07-25T14:52:16.920-0300] {binance_dag.py:23} INFO - End Time: 2024-07-25T11:55:00.00Z
[2024-07-25T14:52:16.920-0300] {binance_dag.py:24} INFO - Start Time: 2024-07-25T11:50:00.00Z
[2024-07-25T14:52:16.988-0300] {base.py:84} INFO - Using connection ID 'binance_default' for task execution.
[2024-07-25T14:52:16.989-0300] {logging_mixin.py:188} INFO - https://api.binance.com
[2024-07-25T14:52:16.989-0300] {binance_hook.py:35} INFO - URL: https://api.binance.com/api/v3/klines?symbol=BTCBRL&interval=5m&startTime=1721919000000&endTime=1721919299999
[2024-07-25T14:52:17.394-0300] {binance_dag.py:43} INFO - r: [[1721919000000, '367427.00000000', '368204.00000000', '367001.00000000', '367314.00000000', '0.33872000', 1721919299999, '124499.58541000', 115, '0.18488000', '67953.19267000', '0']]
[2024-07-25T14:52:17.395-0300] {python.py:237} INFO - Done. Returned value was: None
[2024-07-25T14:52:17.396-0300] {taskinstance.py:441} INFO - ::group::Post task execution logs
[2024-07-25T14:52:17.399-0300] {taskinstance.py:1206} INFO - Marking task as SUCCESS. dag_id=Binance_5m, task_id=get_5m_info, run_id=scheduled__2024-07-25T11:50:00+00:00, execution_date=20240725T115000, start_date=20240725T175216, end_date=20240725T175217
[2024-07-25T14:52:17.431-0300] {local_task_job_runner.py:243} INFO - Task exited with return code 0
[2024-07-25T14:52:17.439-0300] {taskinstance.py:3503} INFO - 0 downstream tasks scheduled from follow-on schedule check
[2024-07-25T14:52:17.440-0300] {local_task_job_runner.py:222} INFO - ::endgroup::
[2024-07-25T15:22:12.123-0300] {local_task_job_runner.py:120} INFO - ::group::Pre task execution logs
[2024-07-25T15:22:12.128-0300] {taskinstance.py:2076} INFO - Dependencies all met for dep_context=non-requeueable deps ti=<TaskInstance: Binance_5m.get_5m_info scheduled__2024-07-25T11:50:00+00:00 [queued]>
[2024-07-25T15:22:12.131-0300] {taskinstance.py:2076} INFO - Dependencies all met for dep_context=requeueable deps ti=<TaskInstance: Binance_5m.get_5m_info scheduled__2024-07-25T11:50:00+00:00 [queued]>
[2024-07-25T15:22:12.131-0300] {taskinstance.py:2306} INFO - Starting attempt 1 of 1
[2024-07-25T15:22:12.143-0300] {taskinstance.py:2330} INFO - Executing <Task(PythonOperator): get_5m_info> on 2024-07-25 11:50:00+00:00
[2024-07-25T15:22:12.145-0300] {standard_task_runner.py:64} INFO - Started process 2633919 to run task
[2024-07-25T15:22:12.147-0300] {standard_task_runner.py:90} INFO - Running: ['airflow', 'tasks', 'run', 'Binance_5m', 'get_5m_info', 'scheduled__2024-07-25T11:50:00+00:00', '--job-id', '2677', '--raw', '--subdir', 'DAGS_FOLDER/binance_dag.py', '--cfg-path', '/tmp/tmptmy77wgh']
[2024-07-25T15:22:12.148-0300] {standard_task_runner.py:91} INFO - Job 2677: Subtask get_5m_info
[2024-07-25T15:22:12.171-0300] {task_command.py:426} INFO - Running <TaskInstance: Binance_5m.get_5m_info scheduled__2024-07-25T11:50:00+00:00 [running]> on host Galaxybook.
[2024-07-25T15:22:12.224-0300] {taskinstance.py:2648} INFO - Exporting env vars: AIRFLOW_CTX_DAG_OWNER='airflow' AIRFLOW_CTX_DAG_ID='Binance_5m' AIRFLOW_CTX_TASK_ID='get_5m_info' AIRFLOW_CTX_EXECUTION_DATE='2024-07-25T11:50:00+00:00' AIRFLOW_CTX_TRY_NUMBER='1' AIRFLOW_CTX_DAG_RUN_ID='scheduled__2024-07-25T11:50:00+00:00'
[2024-07-25T15:22:12.224-0300] {taskinstance.py:430} INFO - ::endgroup::
[2024-07-25T15:22:12.231-0300] {binance_dag.py:23} INFO - End Time: 2024-07-25T11:55:00.00Z
[2024-07-25T15:22:12.231-0300] {binance_dag.py:24} INFO - Start Time: 2024-07-25T11:50:00.00Z
[2024-07-25T15:22:12.287-0300] {binance_dag.py:25} INFO - 1721919000000
[2024-07-25T15:22:12.290-0300] {base.py:84} INFO - Using connection ID 'binance_default' for task execution.
[2024-07-25T15:22:12.290-0300] {logging_mixin.py:188} INFO - https://api.binance.com
[2024-07-25T15:22:12.291-0300] {binance_hook.py:35} INFO - URL: https://api.binance.com/api/v3/klines?symbol=BTCBRL&interval=5m&startTime=1721919000000&endTime=1721919299999
[2024-07-25T15:22:12.680-0300] {python.py:237} INFO - Done. Returned value was: None
[2024-07-25T15:22:12.681-0300] {taskinstance.py:441} INFO - ::group::Post task execution logs
[2024-07-25T15:22:12.683-0300] {taskinstance.py:1206} INFO - Marking task as SUCCESS. dag_id=Binance_5m, task_id=get_5m_info, run_id=scheduled__2024-07-25T11:50:00+00:00, execution_date=20240725T115000, start_date=20240725T182212, end_date=20240725T182212
[2024-07-25T15:22:12.731-0300] {local_task_job_runner.py:243} INFO - Task exited with return code 0
[2024-07-25T15:22:12.737-0300] {taskinstance.py:3503} INFO - 0 downstream tasks scheduled from follow-on schedule check
[2024-07-25T15:22:12.737-0300] {local_task_job_runner.py:222} INFO - ::endgroup::
[2024-07-25T16:19:46.813-0300] {local_task_job_runner.py:120} INFO - ::group::Pre task execution logs
[2024-07-25T16:19:46.819-0300] {taskinstance.py:2076} INFO - Dependencies all met for dep_context=non-requeueable deps ti=<TaskInstance: Binance_5m.get_5m_info scheduled__2024-07-25T11:50:00+00:00 [queued]>
[2024-07-25T16:19:46.822-0300] {taskinstance.py:2076} INFO - Dependencies all met for dep_context=requeueable deps ti=<TaskInstance: Binance_5m.get_5m_info scheduled__2024-07-25T11:50:00+00:00 [queued]>
[2024-07-25T16:19:46.822-0300] {taskinstance.py:2306} INFO - Starting attempt 1 of 1
[2024-07-25T16:19:46.836-0300] {taskinstance.py:2330} INFO - Executing <Task(PythonOperator): get_5m_info> on 2024-07-25 11:50:00+00:00
[2024-07-25T16:19:46.838-0300] {standard_task_runner.py:64} INFO - Started process 2662756 to run task
[2024-07-25T16:19:46.840-0300] {standard_task_runner.py:90} INFO - Running: ['airflow', 'tasks', 'run', 'Binance_5m', 'get_5m_info', 'scheduled__2024-07-25T11:50:00+00:00', '--job-id', '2267', '--raw', '--subdir', 'DAGS_FOLDER/binance_dag.py', '--cfg-path', '/tmp/tmpo_un1wx5']
[2024-07-25T16:19:46.841-0300] {standard_task_runner.py:91} INFO - Job 2267: Subtask get_5m_info
[2024-07-25T16:19:46.867-0300] {task_command.py:426} INFO - Running <TaskInstance: Binance_5m.get_5m_info scheduled__2024-07-25T11:50:00+00:00 [running]> on host Galaxybook.
[2024-07-25T16:19:46.924-0300] {taskinstance.py:2648} INFO - Exporting env vars: AIRFLOW_CTX_DAG_OWNER='airflow' AIRFLOW_CTX_DAG_ID='Binance_5m' AIRFLOW_CTX_TASK_ID='get_5m_info' AIRFLOW_CTX_EXECUTION_DATE='2024-07-25T11:50:00+00:00' AIRFLOW_CTX_TRY_NUMBER='1' AIRFLOW_CTX_DAG_RUN_ID='scheduled__2024-07-25T11:50:00+00:00'
[2024-07-25T16:19:46.925-0300] {taskinstance.py:430} INFO - ::endgroup::
[2024-07-25T16:19:46.934-0300] {binance_dag.py:22} INFO - End Time: 2024-07-25 11:55:00+00:00
[2024-07-25T16:19:46.935-0300] {binance_dag.py:23} INFO - Start Time: 2024-07-25 11:50:00+00:00
[2024-07-25T16:19:46.935-0300] {binance_dag.py:24} INFO - Start timestamp: 1721908200000
[2024-07-25T16:19:46.935-0300] {binance_dag.py:25} INFO - End timestamp: 1721908500000
[2024-07-25T16:19:46.991-0300] {base.py:84} INFO - Using connection ID 'binance_default' for task execution.
[2024-07-25T16:19:46.991-0300] {logging_mixin.py:188} INFO - https://api.binance.com
[2024-07-25T16:19:46.991-0300] {binance_hook.py:35} INFO - URL: https://api.binance.com/api/v3/klines?symbol=BTCBRL&interval=5m&startTime=1721908200000&endTime=1721908499999&timeZone=-3
[2024-07-25T16:19:47.395-0300] {python.py:237} INFO - Done. Returned value was: None
[2024-07-25T16:19:47.395-0300] {taskinstance.py:441} INFO - ::group::Post task execution logs
[2024-07-25T16:19:47.399-0300] {taskinstance.py:1206} INFO - Marking task as SUCCESS. dag_id=Binance_5m, task_id=get_5m_info, run_id=scheduled__2024-07-25T11:50:00+00:00, execution_date=20240725T115000, start_date=20240725T191946, end_date=20240725T191947
[2024-07-25T16:19:47.422-0300] {local_task_job_runner.py:243} INFO - Task exited with return code 0
[2024-07-25T16:19:47.429-0300] {taskinstance.py:3503} INFO - 0 downstream tasks scheduled from follow-on schedule check
[2024-07-25T16:19:47.430-0300] {local_task_job_runner.py:222} INFO - ::endgroup::
