[2024-07-25T09:59:40.066-0300] {local_task_job_runner.py:120} INFO - ::group::Pre task execution logs
[2024-07-25T09:59:40.078-0300] {taskinstance.py:2076} INFO - Dependencies all met for dep_context=non-requeueable deps ti=<TaskInstance: Mercado_1m.get_1m_info scheduled__2024-07-25T11:36:00+00:00 [queued]>
[2024-07-25T09:59:40.086-0300] {taskinstance.py:2076} INFO - Dependencies all met for dep_context=requeueable deps ti=<TaskInstance: Mercado_1m.get_1m_info scheduled__2024-07-25T11:36:00+00:00 [queued]>
[2024-07-25T09:59:40.086-0300] {taskinstance.py:2306} INFO - Starting attempt 1 of 1
[2024-07-25T09:59:40.107-0300] {taskinstance.py:2330} INFO - Executing <Task(PythonOperator): get_1m_info> on 2024-07-25 11:36:00+00:00
[2024-07-25T09:59:40.110-0300] {standard_task_runner.py:64} INFO - Started process 2444747 to run task
[2024-07-25T09:59:40.113-0300] {standard_task_runner.py:90} INFO - Running: ['airflow', 'tasks', 'run', 'Mercado_1m', 'get_1m_info', 'scheduled__2024-07-25T11:36:00+00:00', '--job-id', '1933', '--raw', '--subdir', 'DAGS_FOLDER/mercado_dag.py', '--cfg-path', '/tmp/tmpkpgnlv76']
[2024-07-25T09:59:40.114-0300] {standard_task_runner.py:91} INFO - Job 1933: Subtask get_1m_info
[2024-07-25T09:59:40.146-0300] {task_command.py:426} INFO - Running <TaskInstance: Mercado_1m.get_1m_info scheduled__2024-07-25T11:36:00+00:00 [running]> on host Galaxybook.
[2024-07-25T09:59:40.203-0300] {taskinstance.py:2648} INFO - Exporting env vars: AIRFLOW_CTX_DAG_OWNER='airflow' AIRFLOW_CTX_DAG_ID='Mercado_1m' AIRFLOW_CTX_TASK_ID='get_1m_info' AIRFLOW_CTX_EXECUTION_DATE='2024-07-25T11:36:00+00:00' AIRFLOW_CTX_TRY_NUMBER='1' AIRFLOW_CTX_DAG_RUN_ID='scheduled__2024-07-25T11:36:00+00:00'
[2024-07-25T09:59:40.203-0300] {taskinstance.py:430} INFO - ::endgroup::
[2024-07-25T09:59:40.273-0300] {base.py:84} INFO - Using connection ID 'mercado_default' for task execution.
[2024-07-25T09:59:40.274-0300] {mercado_hook.py:26} INFO - BASE URL: https://api.mercadobitcoin.net/api/v4
[2024-07-25T09:59:40.274-0300] {mercado_hook.py:32} INFO - URL: https://api.mercadobitcoin.net/api/v4/candles?symbol=BTC-BRL&resolution=1m&to=1721912320211&from=1721912380211
[2024-07-25T09:59:40.548-0300] {python.py:237} INFO - Done. Returned value was: None
[2024-07-25T09:59:40.548-0300] {taskinstance.py:441} INFO - ::group::Post task execution logs
[2024-07-25T09:59:40.551-0300] {taskinstance.py:1206} INFO - Marking task as SUCCESS. dag_id=Mercado_1m, task_id=get_1m_info, run_id=scheduled__2024-07-25T11:36:00+00:00, execution_date=20240725T113600, start_date=20240725T125940, end_date=20240725T125940
[2024-07-25T09:59:40.572-0300] {local_task_job_runner.py:243} INFO - Task exited with return code 0
[2024-07-25T09:59:40.579-0300] {taskinstance.py:3503} INFO - 0 downstream tasks scheduled from follow-on schedule check
[2024-07-25T09:59:40.580-0300] {local_task_job_runner.py:222} INFO - ::endgroup::
[2024-07-25T10:59:17.183-0300] {local_task_job_runner.py:120} INFO - ::group::Pre task execution logs
[2024-07-25T10:59:17.197-0300] {taskinstance.py:2076} INFO - Dependencies all met for dep_context=non-requeueable deps ti=<TaskInstance: Mercado_1m.get_1m_info scheduled__2024-07-25T11:36:00+00:00 [queued]>
[2024-07-25T10:59:17.201-0300] {taskinstance.py:2076} INFO - Dependencies all met for dep_context=requeueable deps ti=<TaskInstance: Mercado_1m.get_1m_info scheduled__2024-07-25T11:36:00+00:00 [queued]>
[2024-07-25T10:59:17.201-0300] {taskinstance.py:2306} INFO - Starting attempt 1 of 1
[2024-07-25T10:59:17.214-0300] {taskinstance.py:2330} INFO - Executing <Task(PythonOperator): get_1m_info> on 2024-07-25 11:36:00+00:00
[2024-07-25T10:59:17.215-0300] {standard_task_runner.py:64} INFO - Started process 2480987 to run task
[2024-07-25T10:59:17.217-0300] {standard_task_runner.py:90} INFO - Running: ['airflow', 'tasks', 'run', 'Mercado_1m', 'get_1m_info', 'scheduled__2024-07-25T11:36:00+00:00', '--job-id', '1871', '--raw', '--subdir', 'DAGS_FOLDER/mercado_dag.py', '--cfg-path', '/tmp/tmphmswgut9']
[2024-07-25T10:59:17.219-0300] {standard_task_runner.py:91} INFO - Job 1871: Subtask get_1m_info
[2024-07-25T10:59:17.244-0300] {task_command.py:426} INFO - Running <TaskInstance: Mercado_1m.get_1m_info scheduled__2024-07-25T11:36:00+00:00 [running]> on host Galaxybook.
[2024-07-25T10:59:17.300-0300] {taskinstance.py:2648} INFO - Exporting env vars: AIRFLOW_CTX_DAG_OWNER='airflow' AIRFLOW_CTX_DAG_ID='Mercado_1m' AIRFLOW_CTX_TASK_ID='get_1m_info' AIRFLOW_CTX_EXECUTION_DATE='2024-07-25T11:36:00+00:00' AIRFLOW_CTX_TRY_NUMBER='1' AIRFLOW_CTX_DAG_RUN_ID='scheduled__2024-07-25T11:36:00+00:00'
[2024-07-25T10:59:17.300-0300] {taskinstance.py:430} INFO - ::endgroup::
[2024-07-25T10:59:17.362-0300] {base.py:84} INFO - Using connection ID 'mercado_default' for task execution.
[2024-07-25T10:59:17.363-0300] {mercado_hook.py:31} INFO - URL: https://api.mercadobitcoin.net/api/v4/candles?symbol=BTC-BRL&resolution=1m&to=1721915957307&countback=1
[2024-07-25T10:59:17.634-0300] {python.py:237} INFO - Done. Returned value was: None
[2024-07-25T10:59:17.635-0300] {taskinstance.py:441} INFO - ::group::Post task execution logs
[2024-07-25T10:59:17.637-0300] {taskinstance.py:1206} INFO - Marking task as SUCCESS. dag_id=Mercado_1m, task_id=get_1m_info, run_id=scheduled__2024-07-25T11:36:00+00:00, execution_date=20240725T113600, start_date=20240725T135917, end_date=20240725T135917
[2024-07-25T10:59:17.679-0300] {local_task_job_runner.py:243} INFO - Task exited with return code 0
[2024-07-25T10:59:17.687-0300] {taskinstance.py:3503} INFO - 0 downstream tasks scheduled from follow-on schedule check
[2024-07-25T10:59:17.688-0300] {local_task_job_runner.py:222} INFO - ::endgroup::
