[2024-07-25T16:25:08.337-0300] {local_task_job_runner.py:120} INFO - ::group::Pre task execution logs
[2024-07-25T16:25:08.342-0300] {taskinstance.py:2076} INFO - Dependencies all met for dep_context=non-requeueable deps ti=<TaskInstance: Binance_5m.get_5m_info scheduled__2024-07-25T19:15:00+00:00 [queued]>
[2024-07-25T16:25:08.346-0300] {taskinstance.py:2076} INFO - Dependencies all met for dep_context=requeueable deps ti=<TaskInstance: Binance_5m.get_5m_info scheduled__2024-07-25T19:15:00+00:00 [queued]>
[2024-07-25T16:25:08.346-0300] {taskinstance.py:2306} INFO - Starting attempt 1 of 1
[2024-07-25T16:25:08.362-0300] {taskinstance.py:2330} INFO - Executing <Task(PythonOperator): get_5m_info> on 2024-07-25 19:15:00+00:00
[2024-07-25T16:25:08.364-0300] {standard_task_runner.py:64} INFO - Started process 2668172 to run task
[2024-07-25T16:25:08.366-0300] {standard_task_runner.py:90} INFO - Running: ['airflow', 'tasks', 'run', 'Binance_5m', 'get_5m_info', 'scheduled__2024-07-25T19:15:00+00:00', '--job-id', '2421', '--raw', '--subdir', 'DAGS_FOLDER/binance_dag.py', '--cfg-path', '/tmp/tmpko1498ud']
[2024-07-25T16:25:08.367-0300] {standard_task_runner.py:91} INFO - Job 2421: Subtask get_5m_info
[2024-07-25T16:25:08.396-0300] {task_command.py:426} INFO - Running <TaskInstance: Binance_5m.get_5m_info scheduled__2024-07-25T19:15:00+00:00 [running]> on host Galaxybook.
[2024-07-25T16:25:08.462-0300] {taskinstance.py:2648} INFO - Exporting env vars: AIRFLOW_CTX_DAG_OWNER='airflow' AIRFLOW_CTX_DAG_ID='Binance_5m' AIRFLOW_CTX_TASK_ID='get_5m_info' AIRFLOW_CTX_EXECUTION_DATE='2024-07-25T19:15:00+00:00' AIRFLOW_CTX_TRY_NUMBER='1' AIRFLOW_CTX_DAG_RUN_ID='scheduled__2024-07-25T19:15:00+00:00'
[2024-07-25T16:25:08.462-0300] {taskinstance.py:430} INFO - ::endgroup::
[2024-07-25T16:25:08.470-0300] {binance_dag.py:22} INFO - End Time: 2024-07-25 19:20:00+00:00
[2024-07-25T16:25:08.470-0300] {binance_dag.py:23} INFO - Start Time: 2024-07-25 19:15:00+00:00
[2024-07-25T16:25:08.470-0300] {binance_dag.py:24} INFO - Start timestamp: 1721934900000
[2024-07-25T16:25:08.471-0300] {binance_dag.py:25} INFO - End timestamp: 1721935200000
[2024-07-25T16:25:08.538-0300] {base.py:84} INFO - Using connection ID 'binance_default' for task execution.
[2024-07-25T16:25:08.538-0300] {logging_mixin.py:188} INFO - https://api.binance.com
[2024-07-25T16:25:08.539-0300] {binance_hook.py:35} INFO - URL: https://api.binance.com/api/v3/klines?symbol=BTCBRL&interval=5m&startTime=1721934900000&endTime=1721935199999&timeZone=-3
[2024-07-25T16:25:08.975-0300] {python.py:237} INFO - Done. Returned value was: None
[2024-07-25T16:25:08.976-0300] {taskinstance.py:441} INFO - ::group::Post task execution logs
[2024-07-25T16:25:08.980-0300] {taskinstance.py:1206} INFO - Marking task as SUCCESS. dag_id=Binance_5m, task_id=get_5m_info, run_id=scheduled__2024-07-25T19:15:00+00:00, execution_date=20240725T191500, start_date=20240725T192508, end_date=20240725T192508
[2024-07-25T16:25:09.028-0300] {local_task_job_runner.py:243} INFO - Task exited with return code 0
[2024-07-25T16:25:09.043-0300] {taskinstance.py:3503} INFO - 0 downstream tasks scheduled from follow-on schedule check
[2024-07-25T16:25:09.043-0300] {local_task_job_runner.py:222} INFO - ::endgroup::
