[2024-07-25T10:00:39.516-0300] {local_task_job_runner.py:120} INFO - ::group::Pre task execution logs
[2024-07-25T10:00:39.520-0300] {taskinstance.py:2076} INFO - Dependencies all met for dep_context=non-requeueable deps ti=<TaskInstance: Mercado_1m.get_1m_info scheduled__2024-07-25T12:00:00+00:00 [queued]>
[2024-07-25T10:00:39.523-0300] {taskinstance.py:2076} INFO - Dependencies all met for dep_context=requeueable deps ti=<TaskInstance: Mercado_1m.get_1m_info scheduled__2024-07-25T12:00:00+00:00 [queued]>
[2024-07-25T10:00:39.523-0300] {taskinstance.py:2306} INFO - Starting attempt 1 of 1
[2024-07-25T10:00:39.538-0300] {taskinstance.py:2330} INFO - Executing <Task(PythonOperator): get_1m_info> on 2024-07-25 12:00:00+00:00
[2024-07-25T10:00:39.539-0300] {standard_task_runner.py:64} INFO - Started process 2445725 to run task
[2024-07-25T10:00:39.542-0300] {standard_task_runner.py:90} INFO - Running: ['airflow', 'tasks', 'run', 'Mercado_1m', 'get_1m_info', 'scheduled__2024-07-25T12:00:00+00:00', '--job-id', '1959', '--raw', '--subdir', 'DAGS_FOLDER/mercado_dag.py', '--cfg-path', '/tmp/tmpas9x0b0x']
[2024-07-25T10:00:39.542-0300] {standard_task_runner.py:91} INFO - Job 1959: Subtask get_1m_info
[2024-07-25T10:00:39.566-0300] {task_command.py:426} INFO - Running <TaskInstance: Mercado_1m.get_1m_info scheduled__2024-07-25T12:00:00+00:00 [running]> on host Galaxybook.
[2024-07-25T10:00:39.618-0300] {taskinstance.py:2648} INFO - Exporting env vars: AIRFLOW_CTX_DAG_OWNER='airflow' AIRFLOW_CTX_DAG_ID='Mercado_1m' AIRFLOW_CTX_TASK_ID='get_1m_info' AIRFLOW_CTX_EXECUTION_DATE='2024-07-25T12:00:00+00:00' AIRFLOW_CTX_TRY_NUMBER='1' AIRFLOW_CTX_DAG_RUN_ID='scheduled__2024-07-25T12:00:00+00:00'
[2024-07-25T10:00:39.618-0300] {taskinstance.py:430} INFO - ::endgroup::
[2024-07-25T10:00:39.684-0300] {base.py:84} INFO - Using connection ID 'mercado_default' for task execution.
[2024-07-25T10:00:39.684-0300] {mercado_hook.py:26} INFO - BASE URL: https://api.mercadobitcoin.net/api/v4
[2024-07-25T10:00:39.685-0300] {mercado_hook.py:32} INFO - URL: https://api.mercadobitcoin.net/api/v4/candles?symbol=BTC-BRL&resolution=1m&to=1721912379626&from=1721912439626
[2024-07-25T10:00:39.967-0300] {python.py:237} INFO - Done. Returned value was: None
[2024-07-25T10:00:39.968-0300] {taskinstance.py:441} INFO - ::group::Post task execution logs
[2024-07-25T10:00:39.971-0300] {taskinstance.py:1206} INFO - Marking task as SUCCESS. dag_id=Mercado_1m, task_id=get_1m_info, run_id=scheduled__2024-07-25T12:00:00+00:00, execution_date=20240725T120000, start_date=20240725T130039, end_date=20240725T130039
[2024-07-25T10:00:40.003-0300] {local_task_job_runner.py:243} INFO - Task exited with return code 0
[2024-07-25T10:00:40.009-0300] {taskinstance.py:3503} INFO - 0 downstream tasks scheduled from follow-on schedule check
[2024-07-25T10:00:40.009-0300] {local_task_job_runner.py:222} INFO - ::endgroup::
[2024-07-25T11:00:15.649-0300] {local_task_job_runner.py:120} INFO - ::group::Pre task execution logs
[2024-07-25T11:00:15.654-0300] {taskinstance.py:2076} INFO - Dependencies all met for dep_context=non-requeueable deps ti=<TaskInstance: Mercado_1m.get_1m_info scheduled__2024-07-25T12:00:00+00:00 [queued]>
[2024-07-25T11:00:15.657-0300] {taskinstance.py:2076} INFO - Dependencies all met for dep_context=requeueable deps ti=<TaskInstance: Mercado_1m.get_1m_info scheduled__2024-07-25T12:00:00+00:00 [queued]>
[2024-07-25T11:00:15.657-0300] {taskinstance.py:2306} INFO - Starting attempt 1 of 1
[2024-07-25T11:00:15.670-0300] {taskinstance.py:2330} INFO - Executing <Task(PythonOperator): get_1m_info> on 2024-07-25 12:00:00+00:00
[2024-07-25T11:00:15.672-0300] {standard_task_runner.py:64} INFO - Started process 2481995 to run task
[2024-07-25T11:00:15.674-0300] {standard_task_runner.py:90} INFO - Running: ['airflow', 'tasks', 'run', 'Mercado_1m', 'get_1m_info', 'scheduled__2024-07-25T12:00:00+00:00', '--job-id', '1897', '--raw', '--subdir', 'DAGS_FOLDER/mercado_dag.py', '--cfg-path', '/tmp/tmphm74421s']
[2024-07-25T11:00:15.675-0300] {standard_task_runner.py:91} INFO - Job 1897: Subtask get_1m_info
[2024-07-25T11:00:15.699-0300] {task_command.py:426} INFO - Running <TaskInstance: Mercado_1m.get_1m_info scheduled__2024-07-25T12:00:00+00:00 [running]> on host Galaxybook.
[2024-07-25T11:00:15.753-0300] {taskinstance.py:2648} INFO - Exporting env vars: AIRFLOW_CTX_DAG_OWNER='airflow' AIRFLOW_CTX_DAG_ID='Mercado_1m' AIRFLOW_CTX_TASK_ID='get_1m_info' AIRFLOW_CTX_EXECUTION_DATE='2024-07-25T12:00:00+00:00' AIRFLOW_CTX_TRY_NUMBER='1' AIRFLOW_CTX_DAG_RUN_ID='scheduled__2024-07-25T12:00:00+00:00'
[2024-07-25T11:00:15.754-0300] {taskinstance.py:430} INFO - ::endgroup::
[2024-07-25T11:00:15.815-0300] {base.py:84} INFO - Using connection ID 'mercado_default' for task execution.
[2024-07-25T11:00:15.815-0300] {mercado_hook.py:31} INFO - URL: https://api.mercadobitcoin.net/api/v4/candles?symbol=BTC-BRL&resolution=1m&to=1721916015762&countback=1
[2024-07-25T11:00:16.119-0300] {python.py:237} INFO - Done. Returned value was: None
[2024-07-25T11:00:16.120-0300] {taskinstance.py:441} INFO - ::group::Post task execution logs
[2024-07-25T11:00:16.123-0300] {taskinstance.py:1206} INFO - Marking task as SUCCESS. dag_id=Mercado_1m, task_id=get_1m_info, run_id=scheduled__2024-07-25T12:00:00+00:00, execution_date=20240725T120000, start_date=20240725T140015, end_date=20240725T140016
[2024-07-25T11:00:16.178-0300] {local_task_job_runner.py:243} INFO - Task exited with return code 0
[2024-07-25T11:00:16.184-0300] {taskinstance.py:3503} INFO - 0 downstream tasks scheduled from follow-on schedule check
[2024-07-25T11:00:16.185-0300] {local_task_job_runner.py:222} INFO - ::endgroup::
