[2024-07-25T13:30:09.797-0300] {local_task_job_runner.py:120} INFO - ::group::Pre task execution logs
[2024-07-25T13:30:09.803-0300] {taskinstance.py:2076} INFO - Dependencies all met for dep_context=non-requeueable deps ti=<TaskInstance: Binance_5m.get_5m_info manual__2024-07-25T16:30:07.520691+00:00 [queued]>
[2024-07-25T13:30:09.806-0300] {taskinstance.py:2076} INFO - Dependencies all met for dep_context=requeueable deps ti=<TaskInstance: Binance_5m.get_5m_info manual__2024-07-25T16:30:07.520691+00:00 [queued]>
[2024-07-25T13:30:09.806-0300] {taskinstance.py:2306} INFO - Starting attempt 1 of 1
[2024-07-25T13:30:09.819-0300] {taskinstance.py:2330} INFO - Executing <Task(PythonOperator): get_5m_info> on 2024-07-25 16:30:07.520691+00:00
[2024-07-25T13:30:09.821-0300] {standard_task_runner.py:64} INFO - Started process 2563311 to run task
[2024-07-25T13:30:09.823-0300] {standard_task_runner.py:90} INFO - Running: ['airflow', 'tasks', 'run', 'Binance_5m', 'get_5m_info', 'manual__2024-07-25T16:30:07.520691+00:00', '--job-id', '2099', '--raw', '--subdir', 'DAGS_FOLDER/binance_dag.py', '--cfg-path', '/tmp/tmp6ddzo4r3']
[2024-07-25T13:30:09.824-0300] {standard_task_runner.py:91} INFO - Job 2099: Subtask get_5m_info
[2024-07-25T13:30:09.852-0300] {task_command.py:426} INFO - Running <TaskInstance: Binance_5m.get_5m_info manual__2024-07-25T16:30:07.520691+00:00 [running]> on host Galaxybook.
[2024-07-25T13:30:09.909-0300] {taskinstance.py:2648} INFO - Exporting env vars: AIRFLOW_CTX_DAG_OWNER='airflow' AIRFLOW_CTX_DAG_ID='Binance_5m' AIRFLOW_CTX_TASK_ID='get_5m_info' AIRFLOW_CTX_EXECUTION_DATE='2024-07-25T16:30:07.520691+00:00' AIRFLOW_CTX_TRY_NUMBER='1' AIRFLOW_CTX_DAG_RUN_ID='manual__2024-07-25T16:30:07.520691+00:00'
[2024-07-25T13:30:09.910-0300] {taskinstance.py:430} INFO - ::endgroup::
[2024-07-25T13:30:09.917-0300] {binance_dag.py:22} INFO - End Time: ../Datalake/bronze/mercado/binance_5m_2024-07-25.csv
[2024-07-25T13:30:09.968-0300] {taskinstance.py:441} INFO - ::group::Post task execution logs
[2024-07-25T13:30:09.968-0300] {taskinstance.py:2905} ERROR - Task failed with exception
Traceback (most recent call last):
  File "/home/hugoviana/Documentos/data_pipeline_airflow/.venv/lib/python3.12/site-packages/airflow/models/taskinstance.py", line 465, in _execute_task
    result = _execute_callable(context=context, **execute_callable_kwargs)
             ^^^^^^^^^^^^^^^^^^^^^^^^^^^^^^^^^^^^^^^^^^^^^^^^^^^^^^^^^^^^^
  File "/home/hugoviana/Documentos/data_pipeline_airflow/.venv/lib/python3.12/site-packages/airflow/models/taskinstance.py", line 432, in _execute_callable
    return execute_callable(context=context, **execute_callable_kwargs)
           ^^^^^^^^^^^^^^^^^^^^^^^^^^^^^^^^^^^^^^^^^^^^^^^^^^^^^^^^^^^^
  File "/home/hugoviana/Documentos/data_pipeline_airflow/.venv/lib/python3.12/site-packages/airflow/models/baseoperator.py", line 401, in wrapper
    return func(self, *args, **kwargs)
           ^^^^^^^^^^^^^^^^^^^^^^^^^^^
  File "/home/hugoviana/Documentos/data_pipeline_airflow/.venv/lib/python3.12/site-packages/airflow/operators/python.py", line 235, in execute
    return_value = self.execute_callable()
                   ^^^^^^^^^^^^^^^^^^^^^^^
  File "/home/hugoviana/Documentos/data_pipeline_airflow/.venv/lib/python3.12/site-packages/airflow/operators/python.py", line 252, in execute_callable
    return self.python_callable(*self.op_args, **self.op_kwargs)
           ^^^^^^^^^^^^^^^^^^^^^^^^^^^^^^^^^^^^^^^^^^^^^^^^^^^^^
  File "/home/hugoviana/Projetos/crypto-etl/airflow_pipeline/dags/binance_dag.py", line 30, in execute
    start_time=to_timestamp(start_time),
               ^^^^^^^^^^^^^^^^^^^^^^^^
  File "/home/hugoviana/Projetos/crypto-etl/airflow_pipeline/dags/binance_dag.py", line 16, in to_timestamp
    return int(datetime.timestamp(dt))*1000
               ^^^^^^^^^^^^^^^^^^^^^^
TypeError: descriptor 'timestamp' for 'datetime.datetime' objects doesn't apply to a 'str' object
[2024-07-25T13:30:09.970-0300] {taskinstance.py:1206} INFO - Marking task as FAILED. dag_id=Binance_5m, task_id=get_5m_info, run_id=manual__2024-07-25T16:30:07.520691+00:00, execution_date=20240725T163007, start_date=20240725T163009, end_date=20240725T163009
[2024-07-25T13:30:09.980-0300] {standard_task_runner.py:110} ERROR - Failed to execute job 2099 for task get_5m_info (descriptor 'timestamp' for 'datetime.datetime' objects doesn't apply to a 'str' object; 2563311)
[2024-07-25T13:30:09.998-0300] {local_task_job_runner.py:243} INFO - Task exited with return code 1
[2024-07-25T13:30:10.004-0300] {taskinstance.py:3503} INFO - 0 downstream tasks scheduled from follow-on schedule check
[2024-07-25T13:30:10.004-0300] {local_task_job_runner.py:222} INFO - ::endgroup::
