[2024-07-25T10:00:22.786-0300] {local_task_job_runner.py:120} INFO - ::group::Pre task execution logs
[2024-07-25T10:00:22.793-0300] {taskinstance.py:2076} INFO - Dependencies all met for dep_context=non-requeueable deps ti=<TaskInstance: Mercado_1m.get_1m_info scheduled__2024-07-25T11:52:00+00:00 [queued]>
[2024-07-25T10:00:22.798-0300] {taskinstance.py:2076} INFO - Dependencies all met for dep_context=requeueable deps ti=<TaskInstance: Mercado_1m.get_1m_info scheduled__2024-07-25T11:52:00+00:00 [queued]>
[2024-07-25T10:00:22.798-0300] {taskinstance.py:2306} INFO - Starting attempt 1 of 1
[2024-07-25T10:00:22.814-0300] {taskinstance.py:2330} INFO - Executing <Task(PythonOperator): get_1m_info> on 2024-07-25 11:52:00+00:00
[2024-07-25T10:00:22.816-0300] {standard_task_runner.py:64} INFO - Started process 2445479 to run task
[2024-07-25T10:00:22.819-0300] {standard_task_runner.py:90} INFO - Running: ['airflow', 'tasks', 'run', 'Mercado_1m', 'get_1m_info', 'scheduled__2024-07-25T11:52:00+00:00', '--job-id', '1951', '--raw', '--subdir', 'DAGS_FOLDER/mercado_dag.py', '--cfg-path', '/tmp/tmp0ytuhdae']
[2024-07-25T10:00:22.820-0300] {standard_task_runner.py:91} INFO - Job 1951: Subtask get_1m_info
[2024-07-25T10:00:22.850-0300] {task_command.py:426} INFO - Running <TaskInstance: Mercado_1m.get_1m_info scheduled__2024-07-25T11:52:00+00:00 [running]> on host Galaxybook.
[2024-07-25T10:00:22.904-0300] {taskinstance.py:2648} INFO - Exporting env vars: AIRFLOW_CTX_DAG_OWNER='airflow' AIRFLOW_CTX_DAG_ID='Mercado_1m' AIRFLOW_CTX_TASK_ID='get_1m_info' AIRFLOW_CTX_EXECUTION_DATE='2024-07-25T11:52:00+00:00' AIRFLOW_CTX_TRY_NUMBER='1' AIRFLOW_CTX_DAG_RUN_ID='scheduled__2024-07-25T11:52:00+00:00'
[2024-07-25T10:00:22.904-0300] {taskinstance.py:430} INFO - ::endgroup::
[2024-07-25T10:00:22.980-0300] {base.py:84} INFO - Using connection ID 'mercado_default' for task execution.
[2024-07-25T10:00:22.980-0300] {mercado_hook.py:26} INFO - BASE URL: https://api.mercadobitcoin.net/api/v4
[2024-07-25T10:00:22.981-0300] {mercado_hook.py:32} INFO - URL: https://api.mercadobitcoin.net/api/v4/candles?symbol=BTC-BRL&resolution=1m&to=1721912362914&from=1721912422914
[2024-07-25T10:00:23.256-0300] {python.py:237} INFO - Done. Returned value was: None
[2024-07-25T10:00:23.257-0300] {taskinstance.py:441} INFO - ::group::Post task execution logs
[2024-07-25T10:00:23.259-0300] {taskinstance.py:1206} INFO - Marking task as SUCCESS. dag_id=Mercado_1m, task_id=get_1m_info, run_id=scheduled__2024-07-25T11:52:00+00:00, execution_date=20240725T115200, start_date=20240725T130022, end_date=20240725T130023
[2024-07-25T10:00:23.278-0300] {local_task_job_runner.py:243} INFO - Task exited with return code 0
[2024-07-25T10:00:23.285-0300] {taskinstance.py:3503} INFO - 0 downstream tasks scheduled from follow-on schedule check
[2024-07-25T10:00:23.285-0300] {local_task_job_runner.py:222} INFO - ::endgroup::
[2024-07-25T10:59:50.393-0300] {local_task_job_runner.py:120} INFO - ::group::Pre task execution logs
[2024-07-25T10:59:50.399-0300] {taskinstance.py:2076} INFO - Dependencies all met for dep_context=non-requeueable deps ti=<TaskInstance: Mercado_1m.get_1m_info scheduled__2024-07-25T11:52:00+00:00 [queued]>
[2024-07-25T10:59:50.402-0300] {taskinstance.py:2076} INFO - Dependencies all met for dep_context=requeueable deps ti=<TaskInstance: Mercado_1m.get_1m_info scheduled__2024-07-25T11:52:00+00:00 [queued]>
[2024-07-25T10:59:50.403-0300] {taskinstance.py:2306} INFO - Starting attempt 1 of 1
[2024-07-25T10:59:50.418-0300] {taskinstance.py:2330} INFO - Executing <Task(PythonOperator): get_1m_info> on 2024-07-25 11:52:00+00:00
[2024-07-25T10:59:50.420-0300] {standard_task_runner.py:64} INFO - Started process 2481565 to run task
[2024-07-25T10:59:50.423-0300] {standard_task_runner.py:90} INFO - Running: ['airflow', 'tasks', 'run', 'Mercado_1m', 'get_1m_info', 'scheduled__2024-07-25T11:52:00+00:00', '--job-id', '1887', '--raw', '--subdir', 'DAGS_FOLDER/mercado_dag.py', '--cfg-path', '/tmp/tmp1bpiuvfq']
[2024-07-25T10:59:50.424-0300] {standard_task_runner.py:91} INFO - Job 1887: Subtask get_1m_info
[2024-07-25T10:59:50.449-0300] {task_command.py:426} INFO - Running <TaskInstance: Mercado_1m.get_1m_info scheduled__2024-07-25T11:52:00+00:00 [running]> on host Galaxybook.
[2024-07-25T10:59:50.503-0300] {taskinstance.py:2648} INFO - Exporting env vars: AIRFLOW_CTX_DAG_OWNER='airflow' AIRFLOW_CTX_DAG_ID='Mercado_1m' AIRFLOW_CTX_TASK_ID='get_1m_info' AIRFLOW_CTX_EXECUTION_DATE='2024-07-25T11:52:00+00:00' AIRFLOW_CTX_TRY_NUMBER='1' AIRFLOW_CTX_DAG_RUN_ID='scheduled__2024-07-25T11:52:00+00:00'
[2024-07-25T10:59:50.504-0300] {taskinstance.py:430} INFO - ::endgroup::
[2024-07-25T10:59:50.562-0300] {base.py:84} INFO - Using connection ID 'mercado_default' for task execution.
[2024-07-25T10:59:50.563-0300] {mercado_hook.py:31} INFO - URL: https://api.mercadobitcoin.net/api/v4/candles?symbol=BTC-BRL&resolution=1m&to=1721915990511&countback=1
[2024-07-25T10:59:50.850-0300] {python.py:237} INFO - Done. Returned value was: None
[2024-07-25T10:59:50.851-0300] {taskinstance.py:441} INFO - ::group::Post task execution logs
[2024-07-25T10:59:50.854-0300] {taskinstance.py:1206} INFO - Marking task as SUCCESS. dag_id=Mercado_1m, task_id=get_1m_info, run_id=scheduled__2024-07-25T11:52:00+00:00, execution_date=20240725T115200, start_date=20240725T135950, end_date=20240725T135950
[2024-07-25T10:59:50.885-0300] {local_task_job_runner.py:243} INFO - Task exited with return code 0
[2024-07-25T10:59:50.891-0300] {taskinstance.py:3503} INFO - 0 downstream tasks scheduled from follow-on schedule check
[2024-07-25T10:59:50.891-0300] {local_task_job_runner.py:222} INFO - ::endgroup::
