[2024-07-25T14:56:21.840-0300] {local_task_job_runner.py:120} INFO - ::group::Pre task execution logs
[2024-07-25T14:56:21.845-0300] {taskinstance.py:2076} INFO - Dependencies all met for dep_context=non-requeueable deps ti=<TaskInstance: Mercado_5m.get_5m_info scheduled__2024-07-25T03:25:00+00:00 [queued]>
[2024-07-25T14:56:21.849-0300] {taskinstance.py:2076} INFO - Dependencies all met for dep_context=requeueable deps ti=<TaskInstance: Mercado_5m.get_5m_info scheduled__2024-07-25T03:25:00+00:00 [queued]>
[2024-07-25T14:56:21.849-0300] {taskinstance.py:2306} INFO - Starting attempt 1 of 1
[2024-07-25T14:56:21.864-0300] {taskinstance.py:2330} INFO - Executing <Task(PythonOperator): get_5m_info> on 2024-07-25 03:25:00+00:00
[2024-07-25T14:56:21.865-0300] {standard_task_runner.py:64} INFO - Started process 2615822 to run task
[2024-07-25T14:56:21.868-0300] {standard_task_runner.py:90} INFO - Running: ['airflow', 'tasks', 'run', 'Mercado_5m', 'get_5m_info', 'scheduled__2024-07-25T03:25:00+00:00', '--job-id', '2352', '--raw', '--subdir', 'DAGS_FOLDER/mercado_dag.py', '--cfg-path', '/tmp/tmpqp0hbg8p']
[2024-07-25T14:56:21.869-0300] {standard_task_runner.py:91} INFO - Job 2352: Subtask get_5m_info
[2024-07-25T14:56:21.900-0300] {task_command.py:426} INFO - Running <TaskInstance: Mercado_5m.get_5m_info scheduled__2024-07-25T03:25:00+00:00 [running]> on host Galaxybook.
[2024-07-25T14:56:21.955-0300] {taskinstance.py:2648} INFO - Exporting env vars: AIRFLOW_CTX_DAG_OWNER='airflow' AIRFLOW_CTX_DAG_ID='Mercado_5m' AIRFLOW_CTX_TASK_ID='get_5m_info' AIRFLOW_CTX_EXECUTION_DATE='2024-07-25T03:25:00+00:00' AIRFLOW_CTX_TRY_NUMBER='1' AIRFLOW_CTX_DAG_RUN_ID='scheduled__2024-07-25T03:25:00+00:00'
[2024-07-25T14:56:21.955-0300] {taskinstance.py:430} INFO - ::endgroup::
[2024-07-25T14:56:22.022-0300] {base.py:84} INFO - Using connection ID 'mercado_default' for task execution.
[2024-07-25T14:56:22.023-0300] {mercado_hook.py:31} INFO - URL: https://api.mercadobitcoin.net/api/v4/candles?symbol=BTC-BRL&resolution=5m&to=1721889000&from=1721888700
[2024-07-25T14:56:22.296-0300] {python.py:237} INFO - Done. Returned value was: None
[2024-07-25T14:56:22.298-0300] {taskinstance.py:441} INFO - ::group::Post task execution logs
[2024-07-25T14:56:22.301-0300] {taskinstance.py:1206} INFO - Marking task as SUCCESS. dag_id=Mercado_5m, task_id=get_5m_info, run_id=scheduled__2024-07-25T03:25:00+00:00, execution_date=20240725T032500, start_date=20240725T175621, end_date=20240725T175622
[2024-07-25T14:56:22.327-0300] {local_task_job_runner.py:243} INFO - Task exited with return code 0
[2024-07-25T14:56:22.334-0300] {taskinstance.py:3503} INFO - 0 downstream tasks scheduled from follow-on schedule check
[2024-07-25T14:56:22.335-0300] {local_task_job_runner.py:222} INFO - ::endgroup::
[2024-07-25T16:20:35.247-0300] {local_task_job_runner.py:120} INFO - ::group::Pre task execution logs
[2024-07-25T16:20:35.252-0300] {taskinstance.py:2076} INFO - Dependencies all met for dep_context=non-requeueable deps ti=<TaskInstance: Mercado_5m.get_5m_info scheduled__2024-07-25T03:25:00+00:00 [queued]>
[2024-07-25T16:20:35.256-0300] {taskinstance.py:2076} INFO - Dependencies all met for dep_context=requeueable deps ti=<TaskInstance: Mercado_5m.get_5m_info scheduled__2024-07-25T03:25:00+00:00 [queued]>
[2024-07-25T16:20:35.256-0300] {taskinstance.py:2306} INFO - Starting attempt 1 of 1
[2024-07-25T16:20:35.271-0300] {taskinstance.py:2330} INFO - Executing <Task(PythonOperator): get_5m_info> on 2024-07-25 03:25:00+00:00
[2024-07-25T16:20:35.274-0300] {standard_task_runner.py:64} INFO - Started process 2663610 to run task
[2024-07-25T16:20:35.276-0300] {standard_task_runner.py:90} INFO - Running: ['airflow', 'tasks', 'run', 'Mercado_5m', 'get_5m_info', 'scheduled__2024-07-25T03:25:00+00:00', '--job-id', '2293', '--raw', '--subdir', 'DAGS_FOLDER/mercado_dag.py', '--cfg-path', '/tmp/tmp3dllkvde']
[2024-07-25T16:20:35.277-0300] {standard_task_runner.py:91} INFO - Job 2293: Subtask get_5m_info
[2024-07-25T16:20:35.308-0300] {task_command.py:426} INFO - Running <TaskInstance: Mercado_5m.get_5m_info scheduled__2024-07-25T03:25:00+00:00 [running]> on host Galaxybook.
[2024-07-25T16:20:35.367-0300] {taskinstance.py:2648} INFO - Exporting env vars: AIRFLOW_CTX_DAG_OWNER='airflow' AIRFLOW_CTX_DAG_ID='Mercado_5m' AIRFLOW_CTX_TASK_ID='get_5m_info' AIRFLOW_CTX_EXECUTION_DATE='2024-07-25T03:25:00+00:00' AIRFLOW_CTX_TRY_NUMBER='1' AIRFLOW_CTX_DAG_RUN_ID='scheduled__2024-07-25T03:25:00+00:00'
[2024-07-25T16:20:35.368-0300] {taskinstance.py:430} INFO - ::endgroup::
[2024-07-25T16:20:35.376-0300] {mercado_dag.py:22} INFO - To: 2024-07-25 03:30:00+00:00
[2024-07-25T16:20:35.376-0300] {mercado_dag.py:23} INFO - From: 2024-07-25 03:25:00+00:00
[2024-07-25T16:20:35.377-0300] {mercado_dag.py:24} INFO - To timestamp: 1721878200 
[2024-07-25T16:20:35.377-0300] {mercado_dag.py:25} INFO - From timestamp: 1721877900 
[2024-07-25T16:20:35.449-0300] {base.py:84} INFO - Using connection ID 'mercado_default' for task execution.
[2024-07-25T16:20:35.450-0300] {mercado_hook.py:31} INFO - URL: https://api.mercadobitcoin.net/api/v4/candles?symbol=BTC-BRL&resolution=5m&to=1721878200&from=1721877900
[2024-07-25T16:20:35.721-0300] {python.py:237} INFO - Done. Returned value was: None
[2024-07-25T16:20:35.722-0300] {taskinstance.py:441} INFO - ::group::Post task execution logs
[2024-07-25T16:20:35.724-0300] {taskinstance.py:1206} INFO - Marking task as SUCCESS. dag_id=Mercado_5m, task_id=get_5m_info, run_id=scheduled__2024-07-25T03:25:00+00:00, execution_date=20240725T032500, start_date=20240725T192035, end_date=20240725T192035
[2024-07-25T16:20:35.771-0300] {local_task_job_runner.py:243} INFO - Task exited with return code 0
[2024-07-25T16:20:35.779-0300] {taskinstance.py:3503} INFO - 0 downstream tasks scheduled from follow-on schedule check
[2024-07-25T16:20:35.780-0300] {local_task_job_runner.py:222} INFO - ::endgroup::
[2024-07-25T16:26:36.562-0300] {local_task_job_runner.py:120} INFO - ::group::Pre task execution logs
[2024-07-25T16:26:36.571-0300] {taskinstance.py:2076} INFO - Dependencies all met for dep_context=non-requeueable deps ti=<TaskInstance: Mercado_5m.get_5m_info scheduled__2024-07-25T03:25:00+00:00 [queued]>
[2024-07-25T16:26:36.575-0300] {taskinstance.py:2076} INFO - Dependencies all met for dep_context=requeueable deps ti=<TaskInstance: Mercado_5m.get_5m_info scheduled__2024-07-25T03:25:00+00:00 [queued]>
[2024-07-25T16:26:36.576-0300] {taskinstance.py:2306} INFO - Starting attempt 1 of 1
[2024-07-25T16:26:36.595-0300] {taskinstance.py:2330} INFO - Executing <Task(PythonOperator): get_5m_info> on 2024-07-25 03:25:00+00:00
[2024-07-25T16:26:36.597-0300] {standard_task_runner.py:64} INFO - Started process 2669697 to run task
[2024-07-25T16:26:36.600-0300] {standard_task_runner.py:90} INFO - Running: ['airflow', 'tasks', 'run', 'Mercado_5m', 'get_5m_info', 'scheduled__2024-07-25T03:25:00+00:00', '--job-id', '2461', '--raw', '--subdir', 'DAGS_FOLDER/mercado_dag.py', '--cfg-path', '/tmp/tmpict1aiqw']
[2024-07-25T16:26:36.601-0300] {standard_task_runner.py:91} INFO - Job 2461: Subtask get_5m_info
[2024-07-25T16:26:36.635-0300] {task_command.py:426} INFO - Running <TaskInstance: Mercado_5m.get_5m_info scheduled__2024-07-25T03:25:00+00:00 [running]> on host Galaxybook.
[2024-07-25T16:26:36.702-0300] {taskinstance.py:2648} INFO - Exporting env vars: AIRFLOW_CTX_DAG_OWNER='airflow' AIRFLOW_CTX_DAG_ID='Mercado_5m' AIRFLOW_CTX_TASK_ID='get_5m_info' AIRFLOW_CTX_EXECUTION_DATE='2024-07-25T03:25:00+00:00' AIRFLOW_CTX_TRY_NUMBER='1' AIRFLOW_CTX_DAG_RUN_ID='scheduled__2024-07-25T03:25:00+00:00'
[2024-07-25T16:26:36.703-0300] {taskinstance.py:430} INFO - ::endgroup::
[2024-07-25T16:26:36.713-0300] {mercado_dag.py:22} INFO - To: 2024-07-25 03:30:00+00:00
[2024-07-25T16:26:36.714-0300] {mercado_dag.py:23} INFO - From: 2024-07-25 03:25:00+00:00
[2024-07-25T16:26:36.714-0300] {mercado_dag.py:24} INFO - To timestamp: 1721878200000 
[2024-07-25T16:26:36.714-0300] {mercado_dag.py:25} INFO - From timestamp: 1721877900000 
[2024-07-25T16:26:36.793-0300] {base.py:84} INFO - Using connection ID 'mercado_default' for task execution.
[2024-07-25T16:26:36.793-0300] {mercado_hook.py:31} INFO - URL: https://api.mercadobitcoin.net/api/v4/candles?symbol=BTC-BRL&resolution=5m&to=1721878200000&from=1721877900000
[2024-07-25T16:26:37.063-0300] {python.py:237} INFO - Done. Returned value was: None
[2024-07-25T16:26:37.065-0300] {taskinstance.py:441} INFO - ::group::Post task execution logs
[2024-07-25T16:26:37.067-0300] {taskinstance.py:1206} INFO - Marking task as SUCCESS. dag_id=Mercado_5m, task_id=get_5m_info, run_id=scheduled__2024-07-25T03:25:00+00:00, execution_date=20240725T032500, start_date=20240725T192636, end_date=20240725T192637
[2024-07-25T16:26:37.103-0300] {local_task_job_runner.py:243} INFO - Task exited with return code 0
[2024-07-25T16:26:37.110-0300] {taskinstance.py:3503} INFO - 0 downstream tasks scheduled from follow-on schedule check
[2024-07-25T16:26:37.111-0300] {local_task_job_runner.py:222} INFO - ::endgroup::
