[2024-07-25T09:59:22.289-0300] {local_task_job_runner.py:120} INFO - ::group::Pre task execution logs
[2024-07-25T09:59:22.293-0300] {taskinstance.py:2076} INFO - Dependencies all met for dep_context=non-requeueable deps ti=<TaskInstance: Mercado_1m.get_1m_info scheduled__2024-07-25T11:29:00+00:00 [queued]>
[2024-07-25T09:59:22.296-0300] {taskinstance.py:2076} INFO - Dependencies all met for dep_context=requeueable deps ti=<TaskInstance: Mercado_1m.get_1m_info scheduled__2024-07-25T11:29:00+00:00 [queued]>
[2024-07-25T09:59:22.296-0300] {taskinstance.py:2306} INFO - Starting attempt 1 of 1
[2024-07-25T09:59:22.310-0300] {taskinstance.py:2330} INFO - Executing <Task(PythonOperator): get_1m_info> on 2024-07-25 11:29:00+00:00
[2024-07-25T09:59:22.312-0300] {standard_task_runner.py:64} INFO - Started process 2444440 to run task
[2024-07-25T09:59:22.314-0300] {standard_task_runner.py:90} INFO - Running: ['airflow', 'tasks', 'run', 'Mercado_1m', 'get_1m_info', 'scheduled__2024-07-25T11:29:00+00:00', '--job-id', '1926', '--raw', '--subdir', 'DAGS_FOLDER/mercado_dag.py', '--cfg-path', '/tmp/tmp1t63bx0q']
[2024-07-25T09:59:22.315-0300] {standard_task_runner.py:91} INFO - Job 1926: Subtask get_1m_info
[2024-07-25T09:59:22.338-0300] {task_command.py:426} INFO - Running <TaskInstance: Mercado_1m.get_1m_info scheduled__2024-07-25T11:29:00+00:00 [running]> on host Galaxybook.
[2024-07-25T09:59:22.392-0300] {taskinstance.py:2648} INFO - Exporting env vars: AIRFLOW_CTX_DAG_OWNER='airflow' AIRFLOW_CTX_DAG_ID='Mercado_1m' AIRFLOW_CTX_TASK_ID='get_1m_info' AIRFLOW_CTX_EXECUTION_DATE='2024-07-25T11:29:00+00:00' AIRFLOW_CTX_TRY_NUMBER='1' AIRFLOW_CTX_DAG_RUN_ID='scheduled__2024-07-25T11:29:00+00:00'
[2024-07-25T09:59:22.393-0300] {taskinstance.py:430} INFO - ::endgroup::
[2024-07-25T09:59:22.455-0300] {base.py:84} INFO - Using connection ID 'mercado_default' for task execution.
[2024-07-25T09:59:22.455-0300] {mercado_hook.py:26} INFO - BASE URL: https://api.mercadobitcoin.net/api/v4
[2024-07-25T09:59:22.456-0300] {mercado_hook.py:32} INFO - URL: https://api.mercadobitcoin.net/api/v4/candles?symbol=BTC-BRL&resolution=1m&to=1721912302400&from=1721912362400
[2024-07-25T09:59:22.716-0300] {python.py:237} INFO - Done. Returned value was: None
[2024-07-25T09:59:22.716-0300] {taskinstance.py:441} INFO - ::group::Post task execution logs
[2024-07-25T09:59:22.719-0300] {taskinstance.py:1206} INFO - Marking task as SUCCESS. dag_id=Mercado_1m, task_id=get_1m_info, run_id=scheduled__2024-07-25T11:29:00+00:00, execution_date=20240725T112900, start_date=20240725T125922, end_date=20240725T125922
[2024-07-25T09:59:22.733-0300] {local_task_job_runner.py:243} INFO - Task exited with return code 0
[2024-07-25T09:59:22.739-0300] {taskinstance.py:3503} INFO - 0 downstream tasks scheduled from follow-on schedule check
[2024-07-25T09:59:22.739-0300] {local_task_job_runner.py:222} INFO - ::endgroup::
[2024-07-25T10:58:56.804-0300] {local_task_job_runner.py:120} INFO - ::group::Pre task execution logs
[2024-07-25T10:58:56.809-0300] {taskinstance.py:2076} INFO - Dependencies all met for dep_context=non-requeueable deps ti=<TaskInstance: Mercado_1m.get_1m_info scheduled__2024-07-25T11:29:00+00:00 [queued]>
[2024-07-25T10:58:56.814-0300] {taskinstance.py:2076} INFO - Dependencies all met for dep_context=requeueable deps ti=<TaskInstance: Mercado_1m.get_1m_info scheduled__2024-07-25T11:29:00+00:00 [queued]>
[2024-07-25T10:58:56.814-0300] {taskinstance.py:2306} INFO - Starting attempt 1 of 1
[2024-07-25T10:58:56.826-0300] {taskinstance.py:2330} INFO - Executing <Task(PythonOperator): get_1m_info> on 2024-07-25 11:29:00+00:00
[2024-07-25T10:58:56.828-0300] {standard_task_runner.py:64} INFO - Started process 2480622 to run task
[2024-07-25T10:58:56.830-0300] {standard_task_runner.py:90} INFO - Running: ['airflow', 'tasks', 'run', 'Mercado_1m', 'get_1m_info', 'scheduled__2024-07-25T11:29:00+00:00', '--job-id', '1863', '--raw', '--subdir', 'DAGS_FOLDER/mercado_dag.py', '--cfg-path', '/tmp/tmpa_0tc8yf']
[2024-07-25T10:58:56.831-0300] {standard_task_runner.py:91} INFO - Job 1863: Subtask get_1m_info
[2024-07-25T10:58:56.861-0300] {task_command.py:426} INFO - Running <TaskInstance: Mercado_1m.get_1m_info scheduled__2024-07-25T11:29:00+00:00 [running]> on host Galaxybook.
[2024-07-25T10:58:56.919-0300] {taskinstance.py:2648} INFO - Exporting env vars: AIRFLOW_CTX_DAG_OWNER='airflow' AIRFLOW_CTX_DAG_ID='Mercado_1m' AIRFLOW_CTX_TASK_ID='get_1m_info' AIRFLOW_CTX_EXECUTION_DATE='2024-07-25T11:29:00+00:00' AIRFLOW_CTX_TRY_NUMBER='1' AIRFLOW_CTX_DAG_RUN_ID='scheduled__2024-07-25T11:29:00+00:00'
[2024-07-25T10:58:56.920-0300] {taskinstance.py:430} INFO - ::endgroup::
[2024-07-25T10:58:56.990-0300] {base.py:84} INFO - Using connection ID 'mercado_default' for task execution.
[2024-07-25T10:58:56.990-0300] {mercado_hook.py:31} INFO - URL: https://api.mercadobitcoin.net/api/v4/candles?symbol=BTC-BRL&resolution=1m&to=1721915936928&countback=1
[2024-07-25T10:58:57.289-0300] {python.py:237} INFO - Done. Returned value was: None
[2024-07-25T10:58:57.290-0300] {taskinstance.py:441} INFO - ::group::Post task execution logs
[2024-07-25T10:58:57.292-0300] {taskinstance.py:1206} INFO - Marking task as SUCCESS. dag_id=Mercado_1m, task_id=get_1m_info, run_id=scheduled__2024-07-25T11:29:00+00:00, execution_date=20240725T112900, start_date=20240725T135856, end_date=20240725T135857
[2024-07-25T10:58:57.334-0300] {local_task_job_runner.py:243} INFO - Task exited with return code 0
[2024-07-25T10:58:57.345-0300] {taskinstance.py:3503} INFO - 0 downstream tasks scheduled from follow-on schedule check
[2024-07-25T10:58:57.346-0300] {local_task_job_runner.py:222} INFO - ::endgroup::
