[2024-07-25T14:50:05.935-0300] {local_task_job_runner.py:120} INFO - ::group::Pre task execution logs
[2024-07-25T14:50:05.940-0300] {taskinstance.py:2076} INFO - Dependencies all met for dep_context=non-requeueable deps ti=<TaskInstance: Binance_5m.get_5m_info scheduled__2024-07-25T07:10:00+00:00 [queued]>
[2024-07-25T14:50:05.943-0300] {taskinstance.py:2076} INFO - Dependencies all met for dep_context=requeueable deps ti=<TaskInstance: Binance_5m.get_5m_info scheduled__2024-07-25T07:10:00+00:00 [queued]>
[2024-07-25T14:50:05.943-0300] {taskinstance.py:2306} INFO - Starting attempt 1 of 1
[2024-07-25T14:50:05.956-0300] {taskinstance.py:2330} INFO - Executing <Task(PythonOperator): get_5m_info> on 2024-07-25 07:10:00+00:00
[2024-07-25T14:50:05.958-0300] {standard_task_runner.py:64} INFO - Started process 2609493 to run task
[2024-07-25T14:50:05.960-0300] {standard_task_runner.py:90} INFO - Running: ['airflow', 'tasks', 'run', 'Binance_5m', 'get_5m_info', 'scheduled__2024-07-25T07:10:00+00:00', '--job-id', '2178', '--raw', '--subdir', 'DAGS_FOLDER/binance_dag.py', '--cfg-path', '/tmp/tmpkn5hg9jf']
[2024-07-25T14:50:05.961-0300] {standard_task_runner.py:91} INFO - Job 2178: Subtask get_5m_info
[2024-07-25T14:50:05.987-0300] {task_command.py:426} INFO - Running <TaskInstance: Binance_5m.get_5m_info scheduled__2024-07-25T07:10:00+00:00 [running]> on host Galaxybook.
[2024-07-25T14:50:06.044-0300] {taskinstance.py:2648} INFO - Exporting env vars: AIRFLOW_CTX_DAG_OWNER='airflow' AIRFLOW_CTX_DAG_ID='Binance_5m' AIRFLOW_CTX_TASK_ID='get_5m_info' AIRFLOW_CTX_EXECUTION_DATE='2024-07-25T07:10:00+00:00' AIRFLOW_CTX_TRY_NUMBER='1' AIRFLOW_CTX_DAG_RUN_ID='scheduled__2024-07-25T07:10:00+00:00'
[2024-07-25T14:50:06.045-0300] {taskinstance.py:430} INFO - ::endgroup::
[2024-07-25T14:50:06.053-0300] {binance_dag.py:23} INFO - End Time: 2024-07-25T07:15:00.00Z
[2024-07-25T14:50:06.054-0300] {binance_dag.py:24} INFO - Start Time: 2024-07-25T07:10:00.00Z
[2024-07-25T14:50:06.114-0300] {base.py:84} INFO - Using connection ID 'binance_default' for task execution.
[2024-07-25T14:50:06.114-0300] {logging_mixin.py:188} INFO - https://api.binance.com
[2024-07-25T14:50:06.114-0300] {binance_hook.py:35} INFO - URL: https://api.binance.com/api/v3/klines?symbol=BTCBRL&interval=5m&startTime=1721902200000&endTime=1721902499999
[2024-07-25T14:50:06.585-0300] {binance_dag.py:43} INFO - r: [[1721902200000, '366087.00000000', '366087.00000000', '365501.00000000', '365502.00000000', '0.69096000', 1721902499999, '252762.89452000', 60, '0.02764000', '10110.34715000', '0']]
[2024-07-25T14:50:06.587-0300] {python.py:237} INFO - Done. Returned value was: None
[2024-07-25T14:50:06.588-0300] {taskinstance.py:441} INFO - ::group::Post task execution logs
[2024-07-25T14:50:06.591-0300] {taskinstance.py:1206} INFO - Marking task as SUCCESS. dag_id=Binance_5m, task_id=get_5m_info, run_id=scheduled__2024-07-25T07:10:00+00:00, execution_date=20240725T071000, start_date=20240725T175005, end_date=20240725T175006
[2024-07-25T14:50:06.625-0300] {local_task_job_runner.py:243} INFO - Task exited with return code 0
[2024-07-25T14:50:06.632-0300] {taskinstance.py:3503} INFO - 0 downstream tasks scheduled from follow-on schedule check
[2024-07-25T14:50:06.633-0300] {local_task_job_runner.py:222} INFO - ::endgroup::
[2024-07-25T15:20:08.817-0300] {local_task_job_runner.py:120} INFO - ::group::Pre task execution logs
[2024-07-25T15:20:08.822-0300] {taskinstance.py:2076} INFO - Dependencies all met for dep_context=non-requeueable deps ti=<TaskInstance: Binance_5m.get_5m_info scheduled__2024-07-25T07:10:00+00:00 [queued]>
[2024-07-25T15:20:08.826-0300] {taskinstance.py:2076} INFO - Dependencies all met for dep_context=requeueable deps ti=<TaskInstance: Binance_5m.get_5m_info scheduled__2024-07-25T07:10:00+00:00 [queued]>
[2024-07-25T15:20:08.826-0300] {taskinstance.py:2306} INFO - Starting attempt 1 of 1
[2024-07-25T15:20:08.838-0300] {taskinstance.py:2330} INFO - Executing <Task(PythonOperator): get_5m_info> on 2024-07-25 07:10:00+00:00
[2024-07-25T15:20:08.840-0300] {standard_task_runner.py:64} INFO - Started process 2631884 to run task
[2024-07-25T15:20:08.842-0300] {standard_task_runner.py:90} INFO - Running: ['airflow', 'tasks', 'run', 'Binance_5m', 'get_5m_info', 'scheduled__2024-07-25T07:10:00+00:00', '--job-id', '2621', '--raw', '--subdir', 'DAGS_FOLDER/binance_dag.py', '--cfg-path', '/tmp/tmpxa65afha']
[2024-07-25T15:20:08.843-0300] {standard_task_runner.py:91} INFO - Job 2621: Subtask get_5m_info
[2024-07-25T15:20:08.867-0300] {task_command.py:426} INFO - Running <TaskInstance: Binance_5m.get_5m_info scheduled__2024-07-25T07:10:00+00:00 [running]> on host Galaxybook.
[2024-07-25T15:20:08.920-0300] {taskinstance.py:2648} INFO - Exporting env vars: AIRFLOW_CTX_DAG_OWNER='airflow' AIRFLOW_CTX_DAG_ID='Binance_5m' AIRFLOW_CTX_TASK_ID='get_5m_info' AIRFLOW_CTX_EXECUTION_DATE='2024-07-25T07:10:00+00:00' AIRFLOW_CTX_TRY_NUMBER='1' AIRFLOW_CTX_DAG_RUN_ID='scheduled__2024-07-25T07:10:00+00:00'
[2024-07-25T15:20:08.921-0300] {taskinstance.py:430} INFO - ::endgroup::
[2024-07-25T15:20:08.928-0300] {binance_dag.py:23} INFO - End Time: 2024-07-25T07:15:00.00Z
[2024-07-25T15:20:08.928-0300] {binance_dag.py:24} INFO - Start Time: 2024-07-25T07:10:00.00Z
[2024-07-25T15:20:08.980-0300] {binance_dag.py:25} INFO - 1721902200000
[2024-07-25T15:20:08.982-0300] {base.py:84} INFO - Using connection ID 'binance_default' for task execution.
[2024-07-25T15:20:08.983-0300] {logging_mixin.py:188} INFO - https://api.binance.com
[2024-07-25T15:20:08.983-0300] {binance_hook.py:35} INFO - URL: https://api.binance.com/api/v3/klines?symbol=BTCBRL&interval=5m&startTime=1721902200000&endTime=1721902499999
[2024-07-25T15:20:09.376-0300] {python.py:237} INFO - Done. Returned value was: None
[2024-07-25T15:20:09.376-0300] {taskinstance.py:441} INFO - ::group::Post task execution logs
[2024-07-25T15:20:09.378-0300] {taskinstance.py:1206} INFO - Marking task as SUCCESS. dag_id=Binance_5m, task_id=get_5m_info, run_id=scheduled__2024-07-25T07:10:00+00:00, execution_date=20240725T071000, start_date=20240725T182008, end_date=20240725T182009
[2024-07-25T15:20:09.428-0300] {local_task_job_runner.py:243} INFO - Task exited with return code 0
[2024-07-25T15:20:09.438-0300] {taskinstance.py:3503} INFO - 0 downstream tasks scheduled from follow-on schedule check
[2024-07-25T15:20:09.438-0300] {local_task_job_runner.py:222} INFO - ::endgroup::
[2024-07-25T16:16:41.822-0300] {local_task_job_runner.py:120} INFO - ::group::Pre task execution logs
[2024-07-25T16:16:41.830-0300] {taskinstance.py:2076} INFO - Dependencies all met for dep_context=non-requeueable deps ti=<TaskInstance: Binance_5m.get_5m_info scheduled__2024-07-25T07:10:00+00:00 [queued]>
[2024-07-25T16:16:41.834-0300] {taskinstance.py:2076} INFO - Dependencies all met for dep_context=requeueable deps ti=<TaskInstance: Binance_5m.get_5m_info scheduled__2024-07-25T07:10:00+00:00 [queued]>
[2024-07-25T16:16:41.834-0300] {taskinstance.py:2306} INFO - Starting attempt 1 of 1
[2024-07-25T16:16:41.849-0300] {taskinstance.py:2330} INFO - Executing <Task(PythonOperator): get_5m_info> on 2024-07-25 07:10:00+00:00
[2024-07-25T16:16:41.852-0300] {standard_task_runner.py:64} INFO - Started process 2659677 to run task
[2024-07-25T16:16:41.854-0300] {standard_task_runner.py:90} INFO - Running: ['airflow', 'tasks', 'run', 'Binance_5m', 'get_5m_info', 'scheduled__2024-07-25T07:10:00+00:00', '--job-id', '2181', '--raw', '--subdir', 'DAGS_FOLDER/binance_dag.py', '--cfg-path', '/tmp/tmpr6idg1g8']
[2024-07-25T16:16:41.855-0300] {standard_task_runner.py:91} INFO - Job 2181: Subtask get_5m_info
[2024-07-25T16:16:41.886-0300] {task_command.py:426} INFO - Running <TaskInstance: Binance_5m.get_5m_info scheduled__2024-07-25T07:10:00+00:00 [running]> on host Galaxybook.
[2024-07-25T16:16:41.951-0300] {taskinstance.py:2648} INFO - Exporting env vars: AIRFLOW_CTX_DAG_OWNER='airflow' AIRFLOW_CTX_DAG_ID='Binance_5m' AIRFLOW_CTX_TASK_ID='get_5m_info' AIRFLOW_CTX_EXECUTION_DATE='2024-07-25T07:10:00+00:00' AIRFLOW_CTX_TRY_NUMBER='1' AIRFLOW_CTX_DAG_RUN_ID='scheduled__2024-07-25T07:10:00+00:00'
[2024-07-25T16:16:41.952-0300] {taskinstance.py:430} INFO - ::endgroup::
[2024-07-25T16:16:41.961-0300] {binance_dag.py:22} INFO - End Time: 2024-07-25 07:15:00+00:00
[2024-07-25T16:16:41.961-0300] {binance_dag.py:23} INFO - Start Time: 2024-07-25 07:10:00+00:00
[2024-07-25T16:16:41.961-0300] {binance_dag.py:24} INFO - Start timestamp: 1721891400000
[2024-07-25T16:16:41.961-0300] {binance_dag.py:25} INFO - End timestamp: 1721891700000
[2024-07-25T16:16:42.032-0300] {base.py:84} INFO - Using connection ID 'binance_default' for task execution.
[2024-07-25T16:16:42.032-0300] {logging_mixin.py:188} INFO - https://api.binance.com
[2024-07-25T16:16:42.033-0300] {binance_hook.py:35} INFO - URL: https://api.binance.com/api/v3/klines?symbol=BTCBRL&interval=5m&startTime=1721891400000&endTime=1721891699999&timeZone=-3
[2024-07-25T16:16:42.428-0300] {python.py:237} INFO - Done. Returned value was: None
[2024-07-25T16:16:42.428-0300] {taskinstance.py:441} INFO - ::group::Post task execution logs
[2024-07-25T16:16:42.431-0300] {taskinstance.py:1206} INFO - Marking task as SUCCESS. dag_id=Binance_5m, task_id=get_5m_info, run_id=scheduled__2024-07-25T07:10:00+00:00, execution_date=20240725T071000, start_date=20240725T191641, end_date=20240725T191642
[2024-07-25T16:16:42.480-0300] {local_task_job_runner.py:243} INFO - Task exited with return code 0
[2024-07-25T16:16:42.486-0300] {taskinstance.py:3503} INFO - 0 downstream tasks scheduled from follow-on schedule check
[2024-07-25T16:16:42.486-0300] {local_task_job_runner.py:222} INFO - ::endgroup::
