[2024-07-25T14:55:41.753-0300] {local_task_job_runner.py:120} INFO - ::group::Pre task execution logs
[2024-07-25T14:55:41.757-0300] {taskinstance.py:2076} INFO - Dependencies all met for dep_context=non-requeueable deps ti=<TaskInstance: Mercado_5m.get_5m_info scheduled__2024-07-25T01:50:00+00:00 [queued]>
[2024-07-25T14:55:41.760-0300] {taskinstance.py:2076} INFO - Dependencies all met for dep_context=requeueable deps ti=<TaskInstance: Mercado_5m.get_5m_info scheduled__2024-07-25T01:50:00+00:00 [queued]>
[2024-07-25T14:55:41.760-0300] {taskinstance.py:2306} INFO - Starting attempt 1 of 1
[2024-07-25T14:55:41.772-0300] {taskinstance.py:2330} INFO - Executing <Task(PythonOperator): get_5m_info> on 2024-07-25 01:50:00+00:00
[2024-07-25T14:55:41.774-0300] {standard_task_runner.py:64} INFO - Started process 2615154 to run task
[2024-07-25T14:55:41.776-0300] {standard_task_runner.py:90} INFO - Running: ['airflow', 'tasks', 'run', 'Mercado_5m', 'get_5m_info', 'scheduled__2024-07-25T01:50:00+00:00', '--job-id', '2333', '--raw', '--subdir', 'DAGS_FOLDER/mercado_dag.py', '--cfg-path', '/tmp/tmpluwq6wnj']
[2024-07-25T14:55:41.778-0300] {standard_task_runner.py:91} INFO - Job 2333: Subtask get_5m_info
[2024-07-25T14:55:41.806-0300] {task_command.py:426} INFO - Running <TaskInstance: Mercado_5m.get_5m_info scheduled__2024-07-25T01:50:00+00:00 [running]> on host Galaxybook.
[2024-07-25T14:55:41.853-0300] {taskinstance.py:2648} INFO - Exporting env vars: AIRFLOW_CTX_DAG_OWNER='airflow' AIRFLOW_CTX_DAG_ID='Mercado_5m' AIRFLOW_CTX_TASK_ID='get_5m_info' AIRFLOW_CTX_EXECUTION_DATE='2024-07-25T01:50:00+00:00' AIRFLOW_CTX_TRY_NUMBER='1' AIRFLOW_CTX_DAG_RUN_ID='scheduled__2024-07-25T01:50:00+00:00'
[2024-07-25T14:55:41.854-0300] {taskinstance.py:430} INFO - ::endgroup::
[2024-07-25T14:55:41.921-0300] {base.py:84} INFO - Using connection ID 'mercado_default' for task execution.
[2024-07-25T14:55:41.922-0300] {mercado_hook.py:31} INFO - URL: https://api.mercadobitcoin.net/api/v4/candles?symbol=BTC-BRL&resolution=5m&to=1721883300&from=1721883000
[2024-07-25T14:55:42.285-0300] {python.py:237} INFO - Done. Returned value was: None
[2024-07-25T14:55:42.286-0300] {taskinstance.py:441} INFO - ::group::Post task execution logs
[2024-07-25T14:55:42.289-0300] {taskinstance.py:1206} INFO - Marking task as SUCCESS. dag_id=Mercado_5m, task_id=get_5m_info, run_id=scheduled__2024-07-25T01:50:00+00:00, execution_date=20240725T015000, start_date=20240725T175541, end_date=20240725T175542
[2024-07-25T14:55:42.313-0300] {local_task_job_runner.py:243} INFO - Task exited with return code 0
[2024-07-25T14:55:42.320-0300] {taskinstance.py:3503} INFO - 0 downstream tasks scheduled from follow-on schedule check
[2024-07-25T14:55:42.321-0300] {local_task_job_runner.py:222} INFO - ::endgroup::
[2024-07-25T16:19:20.612-0300] {local_task_job_runner.py:120} INFO - ::group::Pre task execution logs
[2024-07-25T16:19:20.619-0300] {taskinstance.py:2076} INFO - Dependencies all met for dep_context=non-requeueable deps ti=<TaskInstance: Mercado_5m.get_5m_info scheduled__2024-07-25T01:50:00+00:00 [queued]>
[2024-07-25T16:19:20.624-0300] {taskinstance.py:2076} INFO - Dependencies all met for dep_context=requeueable deps ti=<TaskInstance: Mercado_5m.get_5m_info scheduled__2024-07-25T01:50:00+00:00 [queued]>
[2024-07-25T16:19:20.624-0300] {taskinstance.py:2306} INFO - Starting attempt 1 of 1
[2024-07-25T16:19:20.639-0300] {taskinstance.py:2330} INFO - Executing <Task(PythonOperator): get_5m_info> on 2024-07-25 01:50:00+00:00
[2024-07-25T16:19:20.642-0300] {standard_task_runner.py:64} INFO - Started process 2662333 to run task
[2024-07-25T16:19:20.644-0300] {standard_task_runner.py:90} INFO - Running: ['airflow', 'tasks', 'run', 'Mercado_5m', 'get_5m_info', 'scheduled__2024-07-25T01:50:00+00:00', '--job-id', '2255', '--raw', '--subdir', 'DAGS_FOLDER/mercado_dag.py', '--cfg-path', '/tmp/tmp7cgtvt8d']
[2024-07-25T16:19:20.645-0300] {standard_task_runner.py:91} INFO - Job 2255: Subtask get_5m_info
[2024-07-25T16:19:20.681-0300] {task_command.py:426} INFO - Running <TaskInstance: Mercado_5m.get_5m_info scheduled__2024-07-25T01:50:00+00:00 [running]> on host Galaxybook.
[2024-07-25T16:19:20.752-0300] {taskinstance.py:2648} INFO - Exporting env vars: AIRFLOW_CTX_DAG_OWNER='airflow' AIRFLOW_CTX_DAG_ID='Mercado_5m' AIRFLOW_CTX_TASK_ID='get_5m_info' AIRFLOW_CTX_EXECUTION_DATE='2024-07-25T01:50:00+00:00' AIRFLOW_CTX_TRY_NUMBER='1' AIRFLOW_CTX_DAG_RUN_ID='scheduled__2024-07-25T01:50:00+00:00'
[2024-07-25T16:19:20.752-0300] {taskinstance.py:430} INFO - ::endgroup::
[2024-07-25T16:19:20.763-0300] {mercado_dag.py:22} INFO - To: 2024-07-25 01:55:00+00:00
[2024-07-25T16:19:20.764-0300] {mercado_dag.py:23} INFO - From: 2024-07-25 01:50:00+00:00
[2024-07-25T16:19:20.764-0300] {mercado_dag.py:24} INFO - To timestamp: 1721872500 
[2024-07-25T16:19:20.764-0300] {mercado_dag.py:25} INFO - From timestamp: 1721872200 
[2024-07-25T16:19:20.853-0300] {base.py:84} INFO - Using connection ID 'mercado_default' for task execution.
[2024-07-25T16:19:20.854-0300] {mercado_hook.py:31} INFO - URL: https://api.mercadobitcoin.net/api/v4/candles?symbol=BTC-BRL&resolution=5m&to=1721872500&from=1721872200
[2024-07-25T16:19:21.210-0300] {python.py:237} INFO - Done. Returned value was: None
[2024-07-25T16:19:21.211-0300] {taskinstance.py:441} INFO - ::group::Post task execution logs
[2024-07-25T16:19:21.214-0300] {taskinstance.py:1206} INFO - Marking task as SUCCESS. dag_id=Mercado_5m, task_id=get_5m_info, run_id=scheduled__2024-07-25T01:50:00+00:00, execution_date=20240725T015000, start_date=20240725T191920, end_date=20240725T191921
[2024-07-25T16:19:21.229-0300] {local_task_job_runner.py:243} INFO - Task exited with return code 0
[2024-07-25T16:19:21.235-0300] {taskinstance.py:3503} INFO - 0 downstream tasks scheduled from follow-on schedule check
[2024-07-25T16:19:21.236-0300] {local_task_job_runner.py:222} INFO - ::endgroup::
[2024-07-25T16:23:24.697-0300] {local_task_job_runner.py:120} INFO - ::group::Pre task execution logs
[2024-07-25T16:23:24.705-0300] {taskinstance.py:2076} INFO - Dependencies all met for dep_context=non-requeueable deps ti=<TaskInstance: Mercado_5m.get_5m_info scheduled__2024-07-25T01:50:00+00:00 [queued]>
[2024-07-25T16:23:24.710-0300] {taskinstance.py:2076} INFO - Dependencies all met for dep_context=requeueable deps ti=<TaskInstance: Mercado_5m.get_5m_info scheduled__2024-07-25T01:50:00+00:00 [queued]>
[2024-07-25T16:23:24.710-0300] {taskinstance.py:2306} INFO - Starting attempt 1 of 1
[2024-07-25T16:23:24.728-0300] {taskinstance.py:2330} INFO - Executing <Task(PythonOperator): get_5m_info> on 2024-07-25 01:50:00+00:00
[2024-07-25T16:23:24.730-0300] {standard_task_runner.py:64} INFO - Started process 2666454 to run task
[2024-07-25T16:23:24.733-0300] {standard_task_runner.py:90} INFO - Running: ['airflow', 'tasks', 'run', 'Mercado_5m', 'get_5m_info', 'scheduled__2024-07-25T01:50:00+00:00', '--job-id', '2377', '--raw', '--subdir', 'DAGS_FOLDER/mercado_dag.py', '--cfg-path', '/tmp/tmpazjfv3ng']
[2024-07-25T16:23:24.735-0300] {standard_task_runner.py:91} INFO - Job 2377: Subtask get_5m_info
[2024-07-25T16:23:24.775-0300] {task_command.py:426} INFO - Running <TaskInstance: Mercado_5m.get_5m_info scheduled__2024-07-25T01:50:00+00:00 [running]> on host Galaxybook.
[2024-07-25T16:23:24.855-0300] {taskinstance.py:2648} INFO - Exporting env vars: AIRFLOW_CTX_DAG_OWNER='airflow' AIRFLOW_CTX_DAG_ID='Mercado_5m' AIRFLOW_CTX_TASK_ID='get_5m_info' AIRFLOW_CTX_EXECUTION_DATE='2024-07-25T01:50:00+00:00' AIRFLOW_CTX_TRY_NUMBER='1' AIRFLOW_CTX_DAG_RUN_ID='scheduled__2024-07-25T01:50:00+00:00'
[2024-07-25T16:23:24.856-0300] {taskinstance.py:430} INFO - ::endgroup::
[2024-07-25T16:23:24.874-0300] {mercado_dag.py:22} INFO - To: 2024-07-25 01:55:00+00:00
[2024-07-25T16:23:24.875-0300] {mercado_dag.py:23} INFO - From: 2024-07-25 01:50:00+00:00
[2024-07-25T16:23:24.875-0300] {mercado_dag.py:24} INFO - To timestamp: 1721872500 
[2024-07-25T16:23:24.876-0300] {mercado_dag.py:25} INFO - From timestamp: 1721872200 
[2024-07-25T16:23:25.010-0300] {base.py:84} INFO - Using connection ID 'mercado_default' for task execution.
[2024-07-25T16:23:25.012-0300] {mercado_hook.py:31} INFO - URL: https://api.mercadobitcoin.net/api/v4/candles?symbol=BTC-BRL&resolution=5m&to=1721872500&from=1721872200
[2024-07-25T16:23:25.346-0300] {python.py:237} INFO - Done. Returned value was: None
[2024-07-25T16:23:25.347-0300] {taskinstance.py:441} INFO - ::group::Post task execution logs
[2024-07-25T16:23:25.349-0300] {taskinstance.py:1206} INFO - Marking task as SUCCESS. dag_id=Mercado_5m, task_id=get_5m_info, run_id=scheduled__2024-07-25T01:50:00+00:00, execution_date=20240725T015000, start_date=20240725T192324, end_date=20240725T192325
[2024-07-25T16:23:25.398-0300] {local_task_job_runner.py:243} INFO - Task exited with return code 0
[2024-07-25T16:23:25.408-0300] {taskinstance.py:3503} INFO - 0 downstream tasks scheduled from follow-on schedule check
[2024-07-25T16:23:25.408-0300] {local_task_job_runner.py:222} INFO - ::endgroup::
[2024-07-25T16:25:50.940-0300] {local_task_job_runner.py:120} INFO - ::group::Pre task execution logs
[2024-07-25T16:25:50.946-0300] {taskinstance.py:2076} INFO - Dependencies all met for dep_context=non-requeueable deps ti=<TaskInstance: Mercado_5m.get_5m_info scheduled__2024-07-25T01:50:00+00:00 [queued]>
[2024-07-25T16:25:50.949-0300] {taskinstance.py:2076} INFO - Dependencies all met for dep_context=requeueable deps ti=<TaskInstance: Mercado_5m.get_5m_info scheduled__2024-07-25T01:50:00+00:00 [queued]>
[2024-07-25T16:25:50.949-0300] {taskinstance.py:2306} INFO - Starting attempt 1 of 1
[2024-07-25T16:25:50.966-0300] {taskinstance.py:2330} INFO - Executing <Task(PythonOperator): get_5m_info> on 2024-07-25 01:50:00+00:00
[2024-07-25T16:25:50.968-0300] {standard_task_runner.py:64} INFO - Started process 2668881 to run task
[2024-07-25T16:25:50.972-0300] {standard_task_runner.py:90} INFO - Running: ['airflow', 'tasks', 'run', 'Mercado_5m', 'get_5m_info', 'scheduled__2024-07-25T01:50:00+00:00', '--job-id', '2442', '--raw', '--subdir', 'DAGS_FOLDER/mercado_dag.py', '--cfg-path', '/tmp/tmp4sw1pqco']
[2024-07-25T16:25:50.973-0300] {standard_task_runner.py:91} INFO - Job 2442: Subtask get_5m_info
[2024-07-25T16:25:51.002-0300] {task_command.py:426} INFO - Running <TaskInstance: Mercado_5m.get_5m_info scheduled__2024-07-25T01:50:00+00:00 [running]> on host Galaxybook.
[2024-07-25T16:25:51.055-0300] {taskinstance.py:2648} INFO - Exporting env vars: AIRFLOW_CTX_DAG_OWNER='airflow' AIRFLOW_CTX_DAG_ID='Mercado_5m' AIRFLOW_CTX_TASK_ID='get_5m_info' AIRFLOW_CTX_EXECUTION_DATE='2024-07-25T01:50:00+00:00' AIRFLOW_CTX_TRY_NUMBER='1' AIRFLOW_CTX_DAG_RUN_ID='scheduled__2024-07-25T01:50:00+00:00'
[2024-07-25T16:25:51.056-0300] {taskinstance.py:430} INFO - ::endgroup::
[2024-07-25T16:25:51.065-0300] {mercado_dag.py:22} INFO - To: 2024-07-25 01:55:00+00:00
[2024-07-25T16:25:51.065-0300] {mercado_dag.py:23} INFO - From: 2024-07-25 01:50:00+00:00
[2024-07-25T16:25:51.065-0300] {mercado_dag.py:24} INFO - To timestamp: 1721872500000 
[2024-07-25T16:25:51.065-0300] {mercado_dag.py:25} INFO - From timestamp: 1721872200000 
[2024-07-25T16:25:51.147-0300] {base.py:84} INFO - Using connection ID 'mercado_default' for task execution.
[2024-07-25T16:25:51.148-0300] {mercado_hook.py:31} INFO - URL: https://api.mercadobitcoin.net/api/v4/candles?symbol=BTC-BRL&resolution=5m&to=1721872500000&from=1721872200000
[2024-07-25T16:25:51.425-0300] {python.py:237} INFO - Done. Returned value was: None
[2024-07-25T16:25:51.426-0300] {taskinstance.py:441} INFO - ::group::Post task execution logs
[2024-07-25T16:25:51.428-0300] {taskinstance.py:1206} INFO - Marking task as SUCCESS. dag_id=Mercado_5m, task_id=get_5m_info, run_id=scheduled__2024-07-25T01:50:00+00:00, execution_date=20240725T015000, start_date=20240725T192550, end_date=20240725T192551
[2024-07-25T16:25:51.474-0300] {local_task_job_runner.py:243} INFO - Task exited with return code 0
[2024-07-25T16:25:51.482-0300] {taskinstance.py:3503} INFO - 0 downstream tasks scheduled from follow-on schedule check
[2024-07-25T16:25:51.482-0300] {local_task_job_runner.py:222} INFO - ::endgroup::
