[2024-07-25T13:25:02.655-0300] {local_task_job_runner.py:120} INFO - ::group::Pre task execution logs
[2024-07-25T13:25:02.664-0300] {taskinstance.py:2076} INFO - Dependencies all met for dep_context=non-requeueable deps ti=<TaskInstance: Binance_5m.get_5m_info scheduled__2024-07-25T16:20:00+00:00 [queued]>
[2024-07-25T13:25:02.670-0300] {taskinstance.py:2076} INFO - Dependencies all met for dep_context=requeueable deps ti=<TaskInstance: Binance_5m.get_5m_info scheduled__2024-07-25T16:20:00+00:00 [queued]>
[2024-07-25T13:25:02.671-0300] {taskinstance.py:2306} INFO - Starting attempt 1 of 1
[2024-07-25T13:25:02.688-0300] {taskinstance.py:2330} INFO - Executing <Task(PythonOperator): get_5m_info> on 2024-07-25 16:20:00+00:00
[2024-07-25T13:25:02.690-0300] {standard_task_runner.py:64} INFO - Started process 2560286 to run task
[2024-07-25T13:25:02.692-0300] {standard_task_runner.py:90} INFO - Running: ['airflow', 'tasks', 'run', 'Binance_5m', 'get_5m_info', 'scheduled__2024-07-25T16:20:00+00:00', '--job-id', '2091', '--raw', '--subdir', 'DAGS_FOLDER/binance_dag.py', '--cfg-path', '/tmp/tmp66c2hjbn']
[2024-07-25T13:25:02.693-0300] {standard_task_runner.py:91} INFO - Job 2091: Subtask get_5m_info
[2024-07-25T13:25:02.772-0300] {task_command.py:426} INFO - Running <TaskInstance: Binance_5m.get_5m_info scheduled__2024-07-25T16:20:00+00:00 [running]> on host Galaxybook.
[2024-07-25T13:25:02.846-0300] {taskinstance.py:2648} INFO - Exporting env vars: AIRFLOW_CTX_DAG_OWNER='airflow' AIRFLOW_CTX_DAG_ID='Binance_5m' AIRFLOW_CTX_TASK_ID='get_5m_info' AIRFLOW_CTX_EXECUTION_DATE='2024-07-25T16:20:00+00:00' AIRFLOW_CTX_TRY_NUMBER='1' AIRFLOW_CTX_DAG_RUN_ID='scheduled__2024-07-25T16:20:00+00:00'
[2024-07-25T13:25:02.847-0300] {taskinstance.py:430} INFO - ::endgroup::
[2024-07-25T13:25:02.855-0300] {binance_dag.py:22} INFO - End Time: 2024-07-25T16:25:00.00Z
[2024-07-25T13:25:02.855-0300] {taskinstance.py:441} INFO - ::group::Post task execution logs
[2024-07-25T13:25:02.855-0300] {taskinstance.py:2905} ERROR - Task failed with exception
Traceback (most recent call last):
  File "/home/hugoviana/Documentos/data_pipeline_airflow/.venv/lib/python3.12/site-packages/airflow/models/taskinstance.py", line 465, in _execute_task
    result = _execute_callable(context=context, **execute_callable_kwargs)
             ^^^^^^^^^^^^^^^^^^^^^^^^^^^^^^^^^^^^^^^^^^^^^^^^^^^^^^^^^^^^^
  File "/home/hugoviana/Documentos/data_pipeline_airflow/.venv/lib/python3.12/site-packages/airflow/models/taskinstance.py", line 432, in _execute_callable
    return execute_callable(context=context, **execute_callable_kwargs)
           ^^^^^^^^^^^^^^^^^^^^^^^^^^^^^^^^^^^^^^^^^^^^^^^^^^^^^^^^^^^^
  File "/home/hugoviana/Documentos/data_pipeline_airflow/.venv/lib/python3.12/site-packages/airflow/models/baseoperator.py", line 401, in wrapper
    return func(self, *args, **kwargs)
           ^^^^^^^^^^^^^^^^^^^^^^^^^^^
  File "/home/hugoviana/Documentos/data_pipeline_airflow/.venv/lib/python3.12/site-packages/airflow/operators/python.py", line 235, in execute
    return_value = self.execute_callable()
                   ^^^^^^^^^^^^^^^^^^^^^^^
  File "/home/hugoviana/Documentos/data_pipeline_airflow/.venv/lib/python3.12/site-packages/airflow/operators/python.py", line 252, in execute_callable
    return self.python_callable(*self.op_args, **self.op_kwargs)
           ^^^^^^^^^^^^^^^^^^^^^^^^^^^^^^^^^^^^^^^^^^^^^^^^^^^^^
  File "/home/hugoviana/Projetos/crypto-etl/airflow_pipeline/dags/binance_dag.py", line 31, in execute
    start_time=to_timestamp(start_time),
               ^^^^^^^^^^^^^^^^^^^^^^^^
  File "/home/hugoviana/Projetos/crypto-etl/airflow_pipeline/dags/binance_dag.py", line 15, in to_timestamp
    return int(datetime.timestamp(dt))*1000
               ^^^^^^^^^^^^^^^^^^^^^^
TypeError: descriptor 'timestamp' for 'datetime.datetime' objects doesn't apply to a 'str' object
[2024-07-25T13:25:02.918-0300] {taskinstance.py:1206} INFO - Marking task as FAILED. dag_id=Binance_5m, task_id=get_5m_info, run_id=scheduled__2024-07-25T16:20:00+00:00, execution_date=20240725T162000, start_date=20240725T162502, end_date=20240725T162502
[2024-07-25T13:25:02.931-0300] {standard_task_runner.py:110} ERROR - Failed to execute job 2091 for task get_5m_info (descriptor 'timestamp' for 'datetime.datetime' objects doesn't apply to a 'str' object; 2560286)
[2024-07-25T13:25:02.947-0300] {local_task_job_runner.py:243} INFO - Task exited with return code 1
[2024-07-25T13:25:02.954-0300] {taskinstance.py:3503} INFO - 0 downstream tasks scheduled from follow-on schedule check
[2024-07-25T13:25:02.955-0300] {local_task_job_runner.py:222} INFO - ::endgroup::
[2024-07-25T14:33:04.157-0300] {local_task_job_runner.py:120} INFO - ::group::Pre task execution logs
[2024-07-25T14:33:04.163-0300] {taskinstance.py:2076} INFO - Dependencies all met for dep_context=non-requeueable deps ti=<TaskInstance: Binance_5m.get_5m_info scheduled__2024-07-25T16:20:00+00:00 [queued]>
[2024-07-25T14:33:04.166-0300] {taskinstance.py:2076} INFO - Dependencies all met for dep_context=requeueable deps ti=<TaskInstance: Binance_5m.get_5m_info scheduled__2024-07-25T16:20:00+00:00 [queued]>
[2024-07-25T14:33:04.167-0300] {taskinstance.py:2306} INFO - Starting attempt 1 of 1
[2024-07-25T14:33:04.181-0300] {taskinstance.py:2330} INFO - Executing <Task(PythonOperator): get_5m_info> on 2024-07-25 16:20:00+00:00
[2024-07-25T14:33:04.183-0300] {standard_task_runner.py:64} INFO - Started process 2595929 to run task
[2024-07-25T14:33:04.186-0300] {standard_task_runner.py:90} INFO - Running: ['airflow', 'tasks', 'run', 'Binance_5m', 'get_5m_info', 'scheduled__2024-07-25T16:20:00+00:00', '--job-id', '2170', '--raw', '--subdir', 'DAGS_FOLDER/binance_dag.py', '--cfg-path', '/tmp/tmp9es6eszd']
[2024-07-25T14:33:04.187-0300] {standard_task_runner.py:91} INFO - Job 2170: Subtask get_5m_info
[2024-07-25T14:33:04.214-0300] {task_command.py:426} INFO - Running <TaskInstance: Binance_5m.get_5m_info scheduled__2024-07-25T16:20:00+00:00 [running]> on host Galaxybook.
[2024-07-25T14:33:04.272-0300] {taskinstance.py:2648} INFO - Exporting env vars: AIRFLOW_CTX_DAG_OWNER='airflow' AIRFLOW_CTX_DAG_ID='Binance_5m' AIRFLOW_CTX_TASK_ID='get_5m_info' AIRFLOW_CTX_EXECUTION_DATE='2024-07-25T16:20:00+00:00' AIRFLOW_CTX_TRY_NUMBER='1' AIRFLOW_CTX_DAG_RUN_ID='scheduled__2024-07-25T16:20:00+00:00'
[2024-07-25T14:33:04.272-0300] {taskinstance.py:430} INFO - ::endgroup::
[2024-07-25T14:33:04.281-0300] {binance_dag.py:23} INFO - End Time: 2024-07-25T16:25:00.00Z
[2024-07-25T14:33:04.348-0300] {base.py:84} INFO - Using connection ID 'binance_default' for task execution.
[2024-07-25T14:33:04.348-0300] {logging_mixin.py:188} INFO - https://api.binance.com
[2024-07-25T14:33:04.349-0300] {binance_hook.py:35} INFO - URL: https://api.binance.com/api/v3/klines?symbol=BTCBRL&interval=5m&startTime=1721935200000&endTime=1721935500000
[2024-07-25T14:33:04.769-0300] {binance_dag.py:42} INFO - r: []
[2024-07-25T14:33:04.770-0300] {python.py:237} INFO - Done. Returned value was: None
[2024-07-25T14:33:04.770-0300] {taskinstance.py:441} INFO - ::group::Post task execution logs
[2024-07-25T14:33:04.773-0300] {taskinstance.py:1206} INFO - Marking task as SUCCESS. dag_id=Binance_5m, task_id=get_5m_info, run_id=scheduled__2024-07-25T16:20:00+00:00, execution_date=20240725T162000, start_date=20240725T173304, end_date=20240725T173304
[2024-07-25T14:33:04.806-0300] {local_task_job_runner.py:243} INFO - Task exited with return code 0
[2024-07-25T14:33:04.813-0300] {taskinstance.py:3503} INFO - 0 downstream tasks scheduled from follow-on schedule check
[2024-07-25T14:33:04.813-0300] {local_task_job_runner.py:222} INFO - ::endgroup::
[2024-07-25T14:54:31.148-0300] {local_task_job_runner.py:120} INFO - ::group::Pre task execution logs
[2024-07-25T14:54:31.155-0300] {taskinstance.py:2076} INFO - Dependencies all met for dep_context=non-requeueable deps ti=<TaskInstance: Binance_5m.get_5m_info scheduled__2024-07-25T16:20:00+00:00 [queued]>
[2024-07-25T14:54:31.159-0300] {taskinstance.py:2076} INFO - Dependencies all met for dep_context=requeueable deps ti=<TaskInstance: Binance_5m.get_5m_info scheduled__2024-07-25T16:20:00+00:00 [queued]>
[2024-07-25T14:54:31.159-0300] {taskinstance.py:2306} INFO - Starting attempt 1 of 1
[2024-07-25T14:54:31.170-0300] {taskinstance.py:2330} INFO - Executing <Task(PythonOperator): get_5m_info> on 2024-07-25 16:20:00+00:00
[2024-07-25T14:54:31.172-0300] {standard_task_runner.py:64} INFO - Started process 2613884 to run task
[2024-07-25T14:54:31.174-0300] {standard_task_runner.py:90} INFO - Running: ['airflow', 'tasks', 'run', 'Binance_5m', 'get_5m_info', 'scheduled__2024-07-25T16:20:00+00:00', '--job-id', '2294', '--raw', '--subdir', 'DAGS_FOLDER/binance_dag.py', '--cfg-path', '/tmp/tmp1vl5mvj1']
[2024-07-25T14:54:31.175-0300] {standard_task_runner.py:91} INFO - Job 2294: Subtask get_5m_info
[2024-07-25T14:54:31.206-0300] {task_command.py:426} INFO - Running <TaskInstance: Binance_5m.get_5m_info scheduled__2024-07-25T16:20:00+00:00 [running]> on host Galaxybook.
[2024-07-25T14:54:31.271-0300] {taskinstance.py:2648} INFO - Exporting env vars: AIRFLOW_CTX_DAG_OWNER='airflow' AIRFLOW_CTX_DAG_ID='Binance_5m' AIRFLOW_CTX_TASK_ID='get_5m_info' AIRFLOW_CTX_EXECUTION_DATE='2024-07-25T16:20:00+00:00' AIRFLOW_CTX_TRY_NUMBER='1' AIRFLOW_CTX_DAG_RUN_ID='scheduled__2024-07-25T16:20:00+00:00'
[2024-07-25T14:54:31.272-0300] {taskinstance.py:430} INFO - ::endgroup::
[2024-07-25T14:54:31.281-0300] {binance_dag.py:23} INFO - End Time: 2024-07-25T16:25:00.00Z
[2024-07-25T14:54:31.281-0300] {binance_dag.py:24} INFO - Start Time: 2024-07-25T16:20:00.00Z
[2024-07-25T14:54:31.378-0300] {base.py:84} INFO - Using connection ID 'binance_default' for task execution.
[2024-07-25T14:54:31.378-0300] {logging_mixin.py:188} INFO - https://api.binance.com
[2024-07-25T14:54:31.379-0300] {binance_hook.py:35} INFO - URL: https://api.binance.com/api/v3/klines?symbol=BTCBRL&interval=5m&startTime=1721935200000&endTime=1721935499999
[2024-07-25T14:54:31.775-0300] {binance_dag.py:43} INFO - r: []
[2024-07-25T14:54:31.777-0300] {python.py:237} INFO - Done. Returned value was: None
[2024-07-25T14:54:31.778-0300] {taskinstance.py:441} INFO - ::group::Post task execution logs
[2024-07-25T14:54:31.782-0300] {taskinstance.py:1206} INFO - Marking task as SUCCESS. dag_id=Binance_5m, task_id=get_5m_info, run_id=scheduled__2024-07-25T16:20:00+00:00, execution_date=20240725T162000, start_date=20240725T175431, end_date=20240725T175431
[2024-07-25T14:54:31.829-0300] {local_task_job_runner.py:243} INFO - Task exited with return code 0
[2024-07-25T14:54:31.841-0300] {taskinstance.py:3503} INFO - 0 downstream tasks scheduled from follow-on schedule check
[2024-07-25T14:54:31.842-0300] {local_task_job_runner.py:222} INFO - ::endgroup::
[2024-07-25T15:24:10.331-0300] {local_task_job_runner.py:120} INFO - ::group::Pre task execution logs
[2024-07-25T15:24:10.336-0300] {taskinstance.py:2076} INFO - Dependencies all met for dep_context=non-requeueable deps ti=<TaskInstance: Binance_5m.get_5m_info scheduled__2024-07-25T16:20:00+00:00 [queued]>
[2024-07-25T15:24:10.339-0300] {taskinstance.py:2076} INFO - Dependencies all met for dep_context=requeueable deps ti=<TaskInstance: Binance_5m.get_5m_info scheduled__2024-07-25T16:20:00+00:00 [queued]>
[2024-07-25T15:24:10.340-0300] {taskinstance.py:2306} INFO - Starting attempt 1 of 1
[2024-07-25T15:24:10.353-0300] {taskinstance.py:2330} INFO - Executing <Task(PythonOperator): get_5m_info> on 2024-07-25 16:20:00+00:00
[2024-07-25T15:24:10.355-0300] {standard_task_runner.py:64} INFO - Started process 2635873 to run task
[2024-07-25T15:24:10.356-0300] {standard_task_runner.py:90} INFO - Running: ['airflow', 'tasks', 'run', 'Binance_5m', 'get_5m_info', 'scheduled__2024-07-25T16:20:00+00:00', '--job-id', '2731', '--raw', '--subdir', 'DAGS_FOLDER/binance_dag.py', '--cfg-path', '/tmp/tmp4x46pymk']
[2024-07-25T15:24:10.357-0300] {standard_task_runner.py:91} INFO - Job 2731: Subtask get_5m_info
[2024-07-25T15:24:10.380-0300] {task_command.py:426} INFO - Running <TaskInstance: Binance_5m.get_5m_info scheduled__2024-07-25T16:20:00+00:00 [running]> on host Galaxybook.
[2024-07-25T15:24:10.431-0300] {taskinstance.py:2648} INFO - Exporting env vars: AIRFLOW_CTX_DAG_OWNER='airflow' AIRFLOW_CTX_DAG_ID='Binance_5m' AIRFLOW_CTX_TASK_ID='get_5m_info' AIRFLOW_CTX_EXECUTION_DATE='2024-07-25T16:20:00+00:00' AIRFLOW_CTX_TRY_NUMBER='1' AIRFLOW_CTX_DAG_RUN_ID='scheduled__2024-07-25T16:20:00+00:00'
[2024-07-25T15:24:10.432-0300] {taskinstance.py:430} INFO - ::endgroup::
[2024-07-25T15:24:10.439-0300] {binance_dag.py:23} INFO - End Time: 2024-07-25T16:25:00.00Z
[2024-07-25T15:24:10.439-0300] {binance_dag.py:24} INFO - Start Time: 2024-07-25T16:20:00.00Z
[2024-07-25T15:24:10.488-0300] {binance_dag.py:25} INFO - 1721935200000
[2024-07-25T15:24:10.491-0300] {base.py:84} INFO - Using connection ID 'binance_default' for task execution.
[2024-07-25T15:24:10.491-0300] {logging_mixin.py:188} INFO - https://api.binance.com
[2024-07-25T15:24:10.492-0300] {binance_hook.py:35} INFO - URL: https://api.binance.com/api/v3/klines?symbol=BTCBRL&interval=5m&startTime=1721935200000&endTime=1721935499999
[2024-07-25T15:24:10.903-0300] {python.py:237} INFO - Done. Returned value was: None
[2024-07-25T15:24:10.904-0300] {taskinstance.py:441} INFO - ::group::Post task execution logs
[2024-07-25T15:24:10.907-0300] {taskinstance.py:1206} INFO - Marking task as SUCCESS. dag_id=Binance_5m, task_id=get_5m_info, run_id=scheduled__2024-07-25T16:20:00+00:00, execution_date=20240725T162000, start_date=20240725T182410, end_date=20240725T182410
[2024-07-25T15:24:10.942-0300] {local_task_job_runner.py:243} INFO - Task exited with return code 0
[2024-07-25T15:24:10.948-0300] {taskinstance.py:3503} INFO - 0 downstream tasks scheduled from follow-on schedule check
[2024-07-25T15:24:10.948-0300] {local_task_job_runner.py:222} INFO - ::endgroup::
[2024-07-25T16:22:58.128-0300] {local_task_job_runner.py:120} INFO - ::group::Pre task execution logs
[2024-07-25T16:22:58.135-0300] {taskinstance.py:2076} INFO - Dependencies all met for dep_context=non-requeueable deps ti=<TaskInstance: Binance_5m.get_5m_info scheduled__2024-07-25T16:20:00+00:00 [queued]>
[2024-07-25T16:22:58.138-0300] {taskinstance.py:2076} INFO - Dependencies all met for dep_context=requeueable deps ti=<TaskInstance: Binance_5m.get_5m_info scheduled__2024-07-25T16:20:00+00:00 [queued]>
[2024-07-25T16:22:58.139-0300] {taskinstance.py:2306} INFO - Starting attempt 1 of 1
[2024-07-25T16:22:58.153-0300] {taskinstance.py:2330} INFO - Executing <Task(PythonOperator): get_5m_info> on 2024-07-25 16:20:00+00:00
[2024-07-25T16:22:58.155-0300] {standard_task_runner.py:64} INFO - Started process 2666002 to run task
[2024-07-25T16:22:58.157-0300] {standard_task_runner.py:90} INFO - Running: ['airflow', 'tasks', 'run', 'Binance_5m', 'get_5m_info', 'scheduled__2024-07-25T16:20:00+00:00', '--job-id', '2363', '--raw', '--subdir', 'DAGS_FOLDER/binance_dag.py', '--cfg-path', '/tmp/tmpk6ol6mvi']
[2024-07-25T16:22:58.158-0300] {standard_task_runner.py:91} INFO - Job 2363: Subtask get_5m_info
[2024-07-25T16:22:58.187-0300] {task_command.py:426} INFO - Running <TaskInstance: Binance_5m.get_5m_info scheduled__2024-07-25T16:20:00+00:00 [running]> on host Galaxybook.
[2024-07-25T16:22:58.241-0300] {taskinstance.py:2648} INFO - Exporting env vars: AIRFLOW_CTX_DAG_OWNER='airflow' AIRFLOW_CTX_DAG_ID='Binance_5m' AIRFLOW_CTX_TASK_ID='get_5m_info' AIRFLOW_CTX_EXECUTION_DATE='2024-07-25T16:20:00+00:00' AIRFLOW_CTX_TRY_NUMBER='1' AIRFLOW_CTX_DAG_RUN_ID='scheduled__2024-07-25T16:20:00+00:00'
[2024-07-25T16:22:58.242-0300] {taskinstance.py:430} INFO - ::endgroup::
[2024-07-25T16:22:58.250-0300] {binance_dag.py:22} INFO - End Time: 2024-07-25 16:25:00+00:00
[2024-07-25T16:22:58.250-0300] {binance_dag.py:23} INFO - Start Time: 2024-07-25 16:20:00+00:00
[2024-07-25T16:22:58.250-0300] {binance_dag.py:24} INFO - Start timestamp: 1721924400000
[2024-07-25T16:22:58.250-0300] {binance_dag.py:25} INFO - End timestamp: 1721924700000
[2024-07-25T16:22:58.311-0300] {base.py:84} INFO - Using connection ID 'binance_default' for task execution.
[2024-07-25T16:22:58.311-0300] {logging_mixin.py:188} INFO - https://api.binance.com
[2024-07-25T16:22:58.312-0300] {binance_hook.py:35} INFO - URL: https://api.binance.com/api/v3/klines?symbol=BTCBRL&interval=5m&startTime=1721924400000&endTime=1721924699999&timeZone=-3
[2024-07-25T16:22:58.725-0300] {python.py:237} INFO - Done. Returned value was: None
[2024-07-25T16:22:58.726-0300] {taskinstance.py:441} INFO - ::group::Post task execution logs
[2024-07-25T16:22:58.728-0300] {taskinstance.py:1206} INFO - Marking task as SUCCESS. dag_id=Binance_5m, task_id=get_5m_info, run_id=scheduled__2024-07-25T16:20:00+00:00, execution_date=20240725T162000, start_date=20240725T192258, end_date=20240725T192258
[2024-07-25T16:22:58.779-0300] {local_task_job_runner.py:243} INFO - Task exited with return code 0
[2024-07-25T16:22:58.785-0300] {taskinstance.py:3503} INFO - 0 downstream tasks scheduled from follow-on schedule check
[2024-07-25T16:22:58.786-0300] {local_task_job_runner.py:222} INFO - ::endgroup::
