[2024-07-25T10:00:55.900-0300] {local_task_job_runner.py:120} INFO - ::group::Pre task execution logs
[2024-07-25T10:00:55.905-0300] {taskinstance.py:2076} INFO - Dependencies all met for dep_context=non-requeueable deps ti=<TaskInstance: Mercado_1m.get_1m_info scheduled__2024-07-25T12:06:00+00:00 [queued]>
[2024-07-25T10:00:55.907-0300] {taskinstance.py:2076} INFO - Dependencies all met for dep_context=requeueable deps ti=<TaskInstance: Mercado_1m.get_1m_info scheduled__2024-07-25T12:06:00+00:00 [queued]>
[2024-07-25T10:00:55.907-0300] {taskinstance.py:2306} INFO - Starting attempt 1 of 1
[2024-07-25T10:00:55.921-0300] {taskinstance.py:2330} INFO - Executing <Task(PythonOperator): get_1m_info> on 2024-07-25 12:06:00+00:00
[2024-07-25T10:00:55.923-0300] {standard_task_runner.py:64} INFO - Started process 2446044 to run task
[2024-07-25T10:00:55.925-0300] {standard_task_runner.py:90} INFO - Running: ['airflow', 'tasks', 'run', 'Mercado_1m', 'get_1m_info', 'scheduled__2024-07-25T12:06:00+00:00', '--job-id', '1965', '--raw', '--subdir', 'DAGS_FOLDER/mercado_dag.py', '--cfg-path', '/tmp/tmp4t7l1pqj']
[2024-07-25T10:00:55.925-0300] {standard_task_runner.py:91} INFO - Job 1965: Subtask get_1m_info
[2024-07-25T10:00:55.949-0300] {task_command.py:426} INFO - Running <TaskInstance: Mercado_1m.get_1m_info scheduled__2024-07-25T12:06:00+00:00 [running]> on host Galaxybook.
[2024-07-25T10:00:56.004-0300] {taskinstance.py:2648} INFO - Exporting env vars: AIRFLOW_CTX_DAG_OWNER='airflow' AIRFLOW_CTX_DAG_ID='Mercado_1m' AIRFLOW_CTX_TASK_ID='get_1m_info' AIRFLOW_CTX_EXECUTION_DATE='2024-07-25T12:06:00+00:00' AIRFLOW_CTX_TRY_NUMBER='1' AIRFLOW_CTX_DAG_RUN_ID='scheduled__2024-07-25T12:06:00+00:00'
[2024-07-25T10:00:56.004-0300] {taskinstance.py:430} INFO - ::endgroup::
[2024-07-25T10:00:56.064-0300] {base.py:84} INFO - Using connection ID 'mercado_default' for task execution.
[2024-07-25T10:00:56.064-0300] {mercado_hook.py:26} INFO - BASE URL: https://api.mercadobitcoin.net/api/v4
[2024-07-25T10:00:56.064-0300] {mercado_hook.py:32} INFO - URL: https://api.mercadobitcoin.net/api/v4/candles?symbol=BTC-BRL&resolution=1m&to=1721912396012&from=1721912456012
[2024-07-25T10:00:56.333-0300] {python.py:237} INFO - Done. Returned value was: None
[2024-07-25T10:00:56.334-0300] {taskinstance.py:441} INFO - ::group::Post task execution logs
[2024-07-25T10:00:56.337-0300] {taskinstance.py:1206} INFO - Marking task as SUCCESS. dag_id=Mercado_1m, task_id=get_1m_info, run_id=scheduled__2024-07-25T12:06:00+00:00, execution_date=20240725T120600, start_date=20240725T130055, end_date=20240725T130056
[2024-07-25T10:00:56.384-0300] {local_task_job_runner.py:243} INFO - Task exited with return code 0
[2024-07-25T10:00:56.394-0300] {taskinstance.py:3503} INFO - 0 downstream tasks scheduled from follow-on schedule check
[2024-07-25T10:00:56.394-0300] {local_task_job_runner.py:222} INFO - ::endgroup::
[2024-07-25T11:00:28.187-0300] {local_task_job_runner.py:120} INFO - ::group::Pre task execution logs
[2024-07-25T11:00:28.194-0300] {taskinstance.py:2076} INFO - Dependencies all met for dep_context=non-requeueable deps ti=<TaskInstance: Mercado_1m.get_1m_info scheduled__2024-07-25T12:06:00+00:00 [queued]>
[2024-07-25T11:00:28.199-0300] {taskinstance.py:2076} INFO - Dependencies all met for dep_context=requeueable deps ti=<TaskInstance: Mercado_1m.get_1m_info scheduled__2024-07-25T12:06:00+00:00 [queued]>
[2024-07-25T11:00:28.199-0300] {taskinstance.py:2306} INFO - Starting attempt 1 of 1
[2024-07-25T11:00:28.213-0300] {taskinstance.py:2330} INFO - Executing <Task(PythonOperator): get_1m_info> on 2024-07-25 12:06:00+00:00
[2024-07-25T11:00:28.215-0300] {standard_task_runner.py:64} INFO - Started process 2482195 to run task
[2024-07-25T11:00:28.217-0300] {standard_task_runner.py:90} INFO - Running: ['airflow', 'tasks', 'run', 'Mercado_1m', 'get_1m_info', 'scheduled__2024-07-25T12:06:00+00:00', '--job-id', '1903', '--raw', '--subdir', 'DAGS_FOLDER/mercado_dag.py', '--cfg-path', '/tmp/tmp5epigair']
[2024-07-25T11:00:28.217-0300] {standard_task_runner.py:91} INFO - Job 1903: Subtask get_1m_info
[2024-07-25T11:00:28.244-0300] {task_command.py:426} INFO - Running <TaskInstance: Mercado_1m.get_1m_info scheduled__2024-07-25T12:06:00+00:00 [running]> on host Galaxybook.
[2024-07-25T11:00:28.294-0300] {taskinstance.py:2648} INFO - Exporting env vars: AIRFLOW_CTX_DAG_OWNER='airflow' AIRFLOW_CTX_DAG_ID='Mercado_1m' AIRFLOW_CTX_TASK_ID='get_1m_info' AIRFLOW_CTX_EXECUTION_DATE='2024-07-25T12:06:00+00:00' AIRFLOW_CTX_TRY_NUMBER='1' AIRFLOW_CTX_DAG_RUN_ID='scheduled__2024-07-25T12:06:00+00:00'
[2024-07-25T11:00:28.294-0300] {taskinstance.py:430} INFO - ::endgroup::
[2024-07-25T11:00:28.365-0300] {base.py:84} INFO - Using connection ID 'mercado_default' for task execution.
[2024-07-25T11:00:28.366-0300] {mercado_hook.py:31} INFO - URL: https://api.mercadobitcoin.net/api/v4/candles?symbol=BTC-BRL&resolution=1m&to=1721916028301&countback=1
[2024-07-25T11:00:28.635-0300] {python.py:237} INFO - Done. Returned value was: None
[2024-07-25T11:00:28.636-0300] {taskinstance.py:441} INFO - ::group::Post task execution logs
[2024-07-25T11:00:28.638-0300] {taskinstance.py:1206} INFO - Marking task as SUCCESS. dag_id=Mercado_1m, task_id=get_1m_info, run_id=scheduled__2024-07-25T12:06:00+00:00, execution_date=20240725T120600, start_date=20240725T140028, end_date=20240725T140028
[2024-07-25T11:00:28.677-0300] {local_task_job_runner.py:243} INFO - Task exited with return code 0
[2024-07-25T11:00:28.683-0300] {taskinstance.py:3503} INFO - 0 downstream tasks scheduled from follow-on schedule check
[2024-07-25T11:00:28.684-0300] {local_task_job_runner.py:222} INFO - ::endgroup::
