[2024-07-25T14:48:13.451-0300] {local_task_job_runner.py:120} INFO - ::group::Pre task execution logs
[2024-07-25T14:48:13.456-0300] {taskinstance.py:2076} INFO - Dependencies all met for dep_context=non-requeueable deps ti=<TaskInstance: Binance_5m.get_5m_info scheduled__2024-07-25T03:30:00+00:00 [queued]>
[2024-07-25T14:48:13.459-0300] {taskinstance.py:2076} INFO - Dependencies all met for dep_context=requeueable deps ti=<TaskInstance: Binance_5m.get_5m_info scheduled__2024-07-25T03:30:00+00:00 [queued]>
[2024-07-25T14:48:13.459-0300] {taskinstance.py:2306} INFO - Starting attempt 1 of 1
[2024-07-25T14:48:13.473-0300] {taskinstance.py:2330} INFO - Executing <Task(PythonOperator): get_5m_info> on 2024-07-25 03:30:00+00:00
[2024-07-25T14:48:13.475-0300] {standard_task_runner.py:64} INFO - Started process 2607601 to run task
[2024-07-25T14:48:13.477-0300] {standard_task_runner.py:90} INFO - Running: ['airflow', 'tasks', 'run', 'Binance_5m', 'get_5m_info', 'scheduled__2024-07-25T03:30:00+00:00', '--job-id', '2128', '--raw', '--subdir', 'DAGS_FOLDER/binance_dag.py', '--cfg-path', '/tmp/tmph1_qhhp3']
[2024-07-25T14:48:13.478-0300] {standard_task_runner.py:91} INFO - Job 2128: Subtask get_5m_info
[2024-07-25T14:48:13.506-0300] {task_command.py:426} INFO - Running <TaskInstance: Binance_5m.get_5m_info scheduled__2024-07-25T03:30:00+00:00 [running]> on host Galaxybook.
[2024-07-25T14:48:13.574-0300] {taskinstance.py:2648} INFO - Exporting env vars: AIRFLOW_CTX_DAG_OWNER='airflow' AIRFLOW_CTX_DAG_ID='Binance_5m' AIRFLOW_CTX_TASK_ID='get_5m_info' AIRFLOW_CTX_EXECUTION_DATE='2024-07-25T03:30:00+00:00' AIRFLOW_CTX_TRY_NUMBER='1' AIRFLOW_CTX_DAG_RUN_ID='scheduled__2024-07-25T03:30:00+00:00'
[2024-07-25T14:48:13.575-0300] {taskinstance.py:430} INFO - ::endgroup::
[2024-07-25T14:48:13.584-0300] {binance_dag.py:23} INFO - End Time: 2024-07-25T03:35:00.00Z
[2024-07-25T14:48:13.584-0300] {binance_dag.py:24} INFO - Start Time: 2024-07-25T03:30:00.00Z
[2024-07-25T14:48:13.687-0300] {base.py:84} INFO - Using connection ID 'binance_default' for task execution.
[2024-07-25T14:48:13.687-0300] {logging_mixin.py:188} INFO - https://api.binance.com
[2024-07-25T14:48:13.688-0300] {binance_hook.py:35} INFO - URL: https://api.binance.com/api/v3/klines?symbol=BTCBRL&interval=5m&startTime=1721889000000&endTime=1721889299999
[2024-07-25T14:48:14.106-0300] {binance_dag.py:43} INFO - r: [[1721889000000, '365145.00000000', '365349.00000000', '365096.00000000', '365324.00000000', '0.00354000', 1721889299999, '1293.20138000', 11, '0.00115000', '420.09338000', '0']]
[2024-07-25T14:48:14.107-0300] {python.py:237} INFO - Done. Returned value was: None
[2024-07-25T14:48:14.107-0300] {taskinstance.py:441} INFO - ::group::Post task execution logs
[2024-07-25T14:48:14.110-0300] {taskinstance.py:1206} INFO - Marking task as SUCCESS. dag_id=Binance_5m, task_id=get_5m_info, run_id=scheduled__2024-07-25T03:30:00+00:00, execution_date=20240725T033000, start_date=20240725T174813, end_date=20240725T174814
[2024-07-25T14:48:14.134-0300] {local_task_job_runner.py:243} INFO - Task exited with return code 0
[2024-07-25T14:48:14.141-0300] {taskinstance.py:3503} INFO - 0 downstream tasks scheduled from follow-on schedule check
[2024-07-25T14:48:14.142-0300] {local_task_job_runner.py:222} INFO - ::endgroup::
[2024-07-25T15:18:22.071-0300] {local_task_job_runner.py:120} INFO - ::group::Pre task execution logs
[2024-07-25T15:18:22.077-0300] {taskinstance.py:2076} INFO - Dependencies all met for dep_context=non-requeueable deps ti=<TaskInstance: Binance_5m.get_5m_info scheduled__2024-07-25T03:30:00+00:00 [queued]>
[2024-07-25T15:18:22.081-0300] {taskinstance.py:2076} INFO - Dependencies all met for dep_context=requeueable deps ti=<TaskInstance: Binance_5m.get_5m_info scheduled__2024-07-25T03:30:00+00:00 [queued]>
[2024-07-25T15:18:22.081-0300] {taskinstance.py:2306} INFO - Starting attempt 1 of 1
[2024-07-25T15:18:22.093-0300] {taskinstance.py:2330} INFO - Executing <Task(PythonOperator): get_5m_info> on 2024-07-25 03:30:00+00:00
[2024-07-25T15:18:22.096-0300] {standard_task_runner.py:64} INFO - Started process 2630131 to run task
[2024-07-25T15:18:22.098-0300] {standard_task_runner.py:90} INFO - Running: ['airflow', 'tasks', 'run', 'Binance_5m', 'get_5m_info', 'scheduled__2024-07-25T03:30:00+00:00', '--job-id', '2577', '--raw', '--subdir', 'DAGS_FOLDER/binance_dag.py', '--cfg-path', '/tmp/tmpmy59mha1']
[2024-07-25T15:18:22.099-0300] {standard_task_runner.py:91} INFO - Job 2577: Subtask get_5m_info
[2024-07-25T15:18:22.128-0300] {task_command.py:426} INFO - Running <TaskInstance: Binance_5m.get_5m_info scheduled__2024-07-25T03:30:00+00:00 [running]> on host Galaxybook.
[2024-07-25T15:18:22.180-0300] {taskinstance.py:2648} INFO - Exporting env vars: AIRFLOW_CTX_DAG_OWNER='airflow' AIRFLOW_CTX_DAG_ID='Binance_5m' AIRFLOW_CTX_TASK_ID='get_5m_info' AIRFLOW_CTX_EXECUTION_DATE='2024-07-25T03:30:00+00:00' AIRFLOW_CTX_TRY_NUMBER='1' AIRFLOW_CTX_DAG_RUN_ID='scheduled__2024-07-25T03:30:00+00:00'
[2024-07-25T15:18:22.180-0300] {taskinstance.py:430} INFO - ::endgroup::
[2024-07-25T15:18:22.190-0300] {binance_dag.py:23} INFO - End Time: 2024-07-25T03:35:00.00Z
[2024-07-25T15:18:22.190-0300] {binance_dag.py:24} INFO - Start Time: 2024-07-25T03:30:00.00Z
[2024-07-25T15:18:22.250-0300] {binance_dag.py:25} INFO - 1721889000000
[2024-07-25T15:18:22.253-0300] {base.py:84} INFO - Using connection ID 'binance_default' for task execution.
[2024-07-25T15:18:22.253-0300] {logging_mixin.py:188} INFO - https://api.binance.com
[2024-07-25T15:18:22.254-0300] {binance_hook.py:35} INFO - URL: https://api.binance.com/api/v3/klines?symbol=BTCBRL&interval=5m&startTime=1721889000000&endTime=1721889299999
[2024-07-25T15:18:22.649-0300] {python.py:237} INFO - Done. Returned value was: None
[2024-07-25T15:18:22.650-0300] {taskinstance.py:441} INFO - ::group::Post task execution logs
[2024-07-25T15:18:22.653-0300] {taskinstance.py:1206} INFO - Marking task as SUCCESS. dag_id=Binance_5m, task_id=get_5m_info, run_id=scheduled__2024-07-25T03:30:00+00:00, execution_date=20240725T033000, start_date=20240725T181822, end_date=20240725T181822
[2024-07-25T15:18:22.676-0300] {local_task_job_runner.py:243} INFO - Task exited with return code 0
[2024-07-25T15:18:22.683-0300] {taskinstance.py:3503} INFO - 0 downstream tasks scheduled from follow-on schedule check
[2024-07-25T15:18:22.683-0300] {local_task_job_runner.py:222} INFO - ::endgroup::
[2024-07-25T16:14:52.784-0300] {local_task_job_runner.py:120} INFO - ::group::Pre task execution logs
[2024-07-25T16:14:52.795-0300] {taskinstance.py:2076} INFO - Dependencies all met for dep_context=non-requeueable deps ti=<TaskInstance: Binance_5m.get_5m_info scheduled__2024-07-25T03:30:00+00:00 [queued]>
[2024-07-25T16:14:52.800-0300] {taskinstance.py:2076} INFO - Dependencies all met for dep_context=requeueable deps ti=<TaskInstance: Binance_5m.get_5m_info scheduled__2024-07-25T03:30:00+00:00 [queued]>
[2024-07-25T16:14:52.801-0300] {taskinstance.py:2306} INFO - Starting attempt 1 of 1
[2024-07-25T16:14:52.816-0300] {taskinstance.py:2330} INFO - Executing <Task(PythonOperator): get_5m_info> on 2024-07-25 03:30:00+00:00
[2024-07-25T16:14:52.818-0300] {standard_task_runner.py:64} INFO - Started process 2657846 to run task
[2024-07-25T16:14:52.821-0300] {standard_task_runner.py:90} INFO - Running: ['airflow', 'tasks', 'run', 'Binance_5m', 'get_5m_info', 'scheduled__2024-07-25T03:30:00+00:00', '--job-id', '2137', '--raw', '--subdir', 'DAGS_FOLDER/binance_dag.py', '--cfg-path', '/tmp/tmp3vcw2d5w']
[2024-07-25T16:14:52.822-0300] {standard_task_runner.py:91} INFO - Job 2137: Subtask get_5m_info
[2024-07-25T16:14:52.849-0300] {task_command.py:426} INFO - Running <TaskInstance: Binance_5m.get_5m_info scheduled__2024-07-25T03:30:00+00:00 [running]> on host Galaxybook.
[2024-07-25T16:14:52.917-0300] {taskinstance.py:2648} INFO - Exporting env vars: AIRFLOW_CTX_DAG_OWNER='airflow' AIRFLOW_CTX_DAG_ID='Binance_5m' AIRFLOW_CTX_TASK_ID='get_5m_info' AIRFLOW_CTX_EXECUTION_DATE='2024-07-25T03:30:00+00:00' AIRFLOW_CTX_TRY_NUMBER='1' AIRFLOW_CTX_DAG_RUN_ID='scheduled__2024-07-25T03:30:00+00:00'
[2024-07-25T16:14:52.918-0300] {taskinstance.py:430} INFO - ::endgroup::
[2024-07-25T16:14:52.929-0300] {binance_dag.py:22} INFO - End Time: 2024-07-25 03:35:00+00:00
[2024-07-25T16:14:52.929-0300] {binance_dag.py:23} INFO - Start Time: 2024-07-25 03:30:00+00:00
[2024-07-25T16:14:52.930-0300] {binance_dag.py:24} INFO - Start timestamp: 1721878200000
[2024-07-25T16:14:52.930-0300] {binance_dag.py:25} INFO - End timestamp: 1721878500000
[2024-07-25T16:14:53.026-0300] {base.py:84} INFO - Using connection ID 'binance_default' for task execution.
[2024-07-25T16:14:53.026-0300] {logging_mixin.py:188} INFO - https://api.binance.com
[2024-07-25T16:14:53.027-0300] {binance_hook.py:35} INFO - URL: https://api.binance.com/api/v3/klines?symbol=BTCBRL&interval=5m&startTime=1721878200000&endTime=1721878499999&timeZone=-3
[2024-07-25T16:14:53.466-0300] {python.py:237} INFO - Done. Returned value was: None
[2024-07-25T16:14:53.467-0300] {taskinstance.py:441} INFO - ::group::Post task execution logs
[2024-07-25T16:14:53.469-0300] {taskinstance.py:1206} INFO - Marking task as SUCCESS. dag_id=Binance_5m, task_id=get_5m_info, run_id=scheduled__2024-07-25T03:30:00+00:00, execution_date=20240725T033000, start_date=20240725T191452, end_date=20240725T191453
[2024-07-25T16:14:53.525-0300] {local_task_job_runner.py:243} INFO - Task exited with return code 0
[2024-07-25T16:14:53.532-0300] {taskinstance.py:3503} INFO - 0 downstream tasks scheduled from follow-on schedule check
[2024-07-25T16:14:53.532-0300] {local_task_job_runner.py:222} INFO - ::endgroup::
