[2024-07-25T12:10:01.920-0300] {local_task_job_runner.py:120} INFO - ::group::Pre task execution logs
[2024-07-25T12:10:01.925-0300] {taskinstance.py:2076} INFO - Dependencies all met for dep_context=non-requeueable deps ti=<TaskInstance: Binance_5m.get_5m_info scheduled__2024-07-25T15:05:00+00:00 [queued]>
[2024-07-25T12:10:01.928-0300] {taskinstance.py:2076} INFO - Dependencies all met for dep_context=requeueable deps ti=<TaskInstance: Binance_5m.get_5m_info scheduled__2024-07-25T15:05:00+00:00 [queued]>
[2024-07-25T12:10:01.928-0300] {taskinstance.py:2306} INFO - Starting attempt 1 of 1
[2024-07-25T12:10:01.941-0300] {taskinstance.py:2330} INFO - Executing <Task(BinanceOperator): get_5m_info> on 2024-07-25 15:05:00+00:00
[2024-07-25T12:10:01.943-0300] {standard_task_runner.py:64} INFO - Started process 2522606 to run task
[2024-07-25T12:10:01.946-0300] {standard_task_runner.py:90} INFO - Running: ['airflow', 'tasks', 'run', 'Binance_5m', 'get_5m_info', 'scheduled__2024-07-25T15:05:00+00:00', '--job-id', '2050', '--raw', '--subdir', 'DAGS_FOLDER/binance_dag.py', '--cfg-path', '/tmp/tmpihgfzok5']
[2024-07-25T12:10:01.947-0300] {standard_task_runner.py:91} INFO - Job 2050: Subtask get_5m_info
[2024-07-25T12:10:01.981-0300] {task_command.py:426} INFO - Running <TaskInstance: Binance_5m.get_5m_info scheduled__2024-07-25T15:05:00+00:00 [running]> on host Galaxybook.
[2024-07-25T12:10:02.039-0300] {taskinstance.py:2648} INFO - Exporting env vars: AIRFLOW_CTX_DAG_OWNER='airflow' AIRFLOW_CTX_DAG_ID='Binance_5m' AIRFLOW_CTX_TASK_ID='get_5m_info' AIRFLOW_CTX_EXECUTION_DATE='2024-07-25T15:05:00+00:00' AIRFLOW_CTX_TRY_NUMBER='1' AIRFLOW_CTX_DAG_RUN_ID='scheduled__2024-07-25T15:05:00+00:00'
[2024-07-25T12:10:02.040-0300] {taskinstance.py:430} INFO - ::endgroup::
[2024-07-25T12:10:02.124-0300] {base.py:84} INFO - Using connection ID 'binance_default' for task execution.
[2024-07-25T12:10:02.124-0300] {logging_mixin.py:188} INFO - https://api.binance.com
[2024-07-25T12:10:02.125-0300] {binance_hook.py:35} INFO - URL: https://api.binance.com/api/v3/klines?symbol=BTCBRL&interval=5m&startTime=1721919901810&endTime=1721920201810&timeZone=-3
[2024-07-25T12:10:03.813-0300] {taskinstance.py:441} INFO - ::group::Post task execution logs
[2024-07-25T12:10:03.816-0300] {taskinstance.py:1206} INFO - Marking task as SUCCESS. dag_id=Binance_5m, task_id=get_5m_info, run_id=scheduled__2024-07-25T15:05:00+00:00, execution_date=20240725T150500, start_date=20240725T151001, end_date=20240725T151003
[2024-07-25T12:10:03.868-0300] {local_task_job_runner.py:243} INFO - Task exited with return code 0
[2024-07-25T12:10:03.875-0300] {taskinstance.py:3503} INFO - 0 downstream tasks scheduled from follow-on schedule check
[2024-07-25T12:10:03.875-0300] {local_task_job_runner.py:222} INFO - ::endgroup::
[2024-07-25T14:29:16.758-0300] {local_task_job_runner.py:120} INFO - ::group::Pre task execution logs
[2024-07-25T14:29:16.764-0300] {taskinstance.py:2076} INFO - Dependencies all met for dep_context=non-requeueable deps ti=<TaskInstance: Binance_5m.get_5m_info scheduled__2024-07-25T15:05:00+00:00 [queued]>
[2024-07-25T14:29:16.767-0300] {taskinstance.py:2076} INFO - Dependencies all met for dep_context=requeueable deps ti=<TaskInstance: Binance_5m.get_5m_info scheduled__2024-07-25T15:05:00+00:00 [queued]>
[2024-07-25T14:29:16.767-0300] {taskinstance.py:2306} INFO - Starting attempt 1 of 1
[2024-07-25T14:29:16.783-0300] {taskinstance.py:2330} INFO - Executing <Task(PythonOperator): get_5m_info> on 2024-07-25 15:05:00+00:00
[2024-07-25T14:29:16.786-0300] {standard_task_runner.py:64} INFO - Started process 2592094 to run task
[2024-07-25T14:29:16.788-0300] {standard_task_runner.py:90} INFO - Running: ['airflow', 'tasks', 'run', 'Binance_5m', 'get_5m_info', 'scheduled__2024-07-25T15:05:00+00:00', '--job-id', '2154', '--raw', '--subdir', 'DAGS_FOLDER/binance_dag.py', '--cfg-path', '/tmp/tmpwu8zp8k7']
[2024-07-25T14:29:16.789-0300] {standard_task_runner.py:91} INFO - Job 2154: Subtask get_5m_info
[2024-07-25T14:29:16.827-0300] {task_command.py:426} INFO - Running <TaskInstance: Binance_5m.get_5m_info scheduled__2024-07-25T15:05:00+00:00 [running]> on host Galaxybook.
[2024-07-25T14:29:16.904-0300] {taskinstance.py:2648} INFO - Exporting env vars: AIRFLOW_CTX_DAG_OWNER='airflow' AIRFLOW_CTX_DAG_ID='Binance_5m' AIRFLOW_CTX_TASK_ID='get_5m_info' AIRFLOW_CTX_EXECUTION_DATE='2024-07-25T15:05:00+00:00' AIRFLOW_CTX_TRY_NUMBER='1' AIRFLOW_CTX_DAG_RUN_ID='scheduled__2024-07-25T15:05:00+00:00'
[2024-07-25T14:29:16.905-0300] {taskinstance.py:430} INFO - ::endgroup::
[2024-07-25T14:29:16.914-0300] {binance_dag.py:23} INFO - End Time: 2024-07-25T15:10:00.00Z
[2024-07-25T14:29:16.993-0300] {base.py:84} INFO - Using connection ID 'binance_default' for task execution.
[2024-07-25T14:29:16.994-0300] {logging_mixin.py:188} INFO - https://api.binance.com
[2024-07-25T14:29:16.995-0300] {binance_hook.py:35} INFO - URL: https://api.binance.com/api/v3/klines?symbol=BTCBRL&interval=5m&startTime=1721930700000&endTime=1721931000000
[2024-07-25T14:29:17.402-0300] {python.py:237} INFO - Done. Returned value was: None
[2024-07-25T14:29:17.402-0300] {taskinstance.py:441} INFO - ::group::Post task execution logs
[2024-07-25T14:29:17.405-0300] {taskinstance.py:1206} INFO - Marking task as SUCCESS. dag_id=Binance_5m, task_id=get_5m_info, run_id=scheduled__2024-07-25T15:05:00+00:00, execution_date=20240725T150500, start_date=20240725T172916, end_date=20240725T172917
[2024-07-25T14:29:17.447-0300] {local_task_job_runner.py:243} INFO - Task exited with return code 0
[2024-07-25T14:29:17.454-0300] {taskinstance.py:3503} INFO - 0 downstream tasks scheduled from follow-on schedule check
[2024-07-25T14:29:17.455-0300] {local_task_job_runner.py:222} INFO - ::endgroup::
[2024-07-25T14:32:28.706-0300] {local_task_job_runner.py:120} INFO - ::group::Pre task execution logs
[2024-07-25T14:32:28.712-0300] {taskinstance.py:2076} INFO - Dependencies all met for dep_context=non-requeueable deps ti=<TaskInstance: Binance_5m.get_5m_info scheduled__2024-07-25T15:05:00+00:00 [queued]>
[2024-07-25T14:32:28.717-0300] {taskinstance.py:2076} INFO - Dependencies all met for dep_context=requeueable deps ti=<TaskInstance: Binance_5m.get_5m_info scheduled__2024-07-25T15:05:00+00:00 [queued]>
[2024-07-25T14:32:28.717-0300] {taskinstance.py:2306} INFO - Starting attempt 1 of 1
[2024-07-25T14:32:28.732-0300] {taskinstance.py:2330} INFO - Executing <Task(PythonOperator): get_5m_info> on 2024-07-25 15:05:00+00:00
[2024-07-25T14:32:28.734-0300] {standard_task_runner.py:64} INFO - Started process 2595361 to run task
[2024-07-25T14:32:28.736-0300] {standard_task_runner.py:90} INFO - Running: ['airflow', 'tasks', 'run', 'Binance_5m', 'get_5m_info', 'scheduled__2024-07-25T15:05:00+00:00', '--job-id', '2157', '--raw', '--subdir', 'DAGS_FOLDER/binance_dag.py', '--cfg-path', '/tmp/tmpssa1sk5u']
[2024-07-25T14:32:28.737-0300] {standard_task_runner.py:91} INFO - Job 2157: Subtask get_5m_info
[2024-07-25T14:32:28.770-0300] {task_command.py:426} INFO - Running <TaskInstance: Binance_5m.get_5m_info scheduled__2024-07-25T15:05:00+00:00 [running]> on host Galaxybook.
[2024-07-25T14:32:28.826-0300] {taskinstance.py:2648} INFO - Exporting env vars: AIRFLOW_CTX_DAG_OWNER='airflow' AIRFLOW_CTX_DAG_ID='Binance_5m' AIRFLOW_CTX_TASK_ID='get_5m_info' AIRFLOW_CTX_EXECUTION_DATE='2024-07-25T15:05:00+00:00' AIRFLOW_CTX_TRY_NUMBER='1' AIRFLOW_CTX_DAG_RUN_ID='scheduled__2024-07-25T15:05:00+00:00'
[2024-07-25T14:32:28.827-0300] {taskinstance.py:430} INFO - ::endgroup::
[2024-07-25T14:32:28.834-0300] {binance_dag.py:23} INFO - End Time: 2024-07-25T15:10:00.00Z
[2024-07-25T14:32:28.888-0300] {base.py:84} INFO - Using connection ID 'binance_default' for task execution.
[2024-07-25T14:32:28.888-0300] {logging_mixin.py:188} INFO - https://api.binance.com
[2024-07-25T14:32:28.889-0300] {binance_hook.py:35} INFO - URL: https://api.binance.com/api/v3/klines?symbol=BTCBRL&interval=5m&startTime=1721930700000&endTime=1721931000000
[2024-07-25T14:32:29.271-0300] {binance_dag.py:42} INFO - []
[2024-07-25T14:32:29.272-0300] {python.py:237} INFO - Done. Returned value was: None
[2024-07-25T14:32:29.272-0300] {taskinstance.py:441} INFO - ::group::Post task execution logs
[2024-07-25T14:32:29.274-0300] {taskinstance.py:1206} INFO - Marking task as SUCCESS. dag_id=Binance_5m, task_id=get_5m_info, run_id=scheduled__2024-07-25T15:05:00+00:00, execution_date=20240725T150500, start_date=20240725T173228, end_date=20240725T173229
[2024-07-25T14:32:29.315-0300] {local_task_job_runner.py:243} INFO - Task exited with return code 0
[2024-07-25T14:32:29.321-0300] {taskinstance.py:3503} INFO - 0 downstream tasks scheduled from follow-on schedule check
[2024-07-25T14:32:29.321-0300] {local_task_job_runner.py:222} INFO - ::endgroup::
[2024-07-25T14:53:45.658-0300] {local_task_job_runner.py:120} INFO - ::group::Pre task execution logs
[2024-07-25T14:53:45.664-0300] {taskinstance.py:2076} INFO - Dependencies all met for dep_context=non-requeueable deps ti=<TaskInstance: Binance_5m.get_5m_info scheduled__2024-07-25T15:05:00+00:00 [queued]>
[2024-07-25T14:53:45.667-0300] {taskinstance.py:2076} INFO - Dependencies all met for dep_context=requeueable deps ti=<TaskInstance: Binance_5m.get_5m_info scheduled__2024-07-25T15:05:00+00:00 [queued]>
[2024-07-25T14:53:45.667-0300] {taskinstance.py:2306} INFO - Starting attempt 1 of 1
[2024-07-25T14:53:45.681-0300] {taskinstance.py:2330} INFO - Executing <Task(PythonOperator): get_5m_info> on 2024-07-25 15:05:00+00:00
[2024-07-25T14:53:45.683-0300] {standard_task_runner.py:64} INFO - Started process 2613138 to run task
[2024-07-25T14:53:45.686-0300] {standard_task_runner.py:90} INFO - Running: ['airflow', 'tasks', 'run', 'Binance_5m', 'get_5m_info', 'scheduled__2024-07-25T15:05:00+00:00', '--job-id', '2273', '--raw', '--subdir', 'DAGS_FOLDER/binance_dag.py', '--cfg-path', '/tmp/tmp1_wuksxq']
[2024-07-25T14:53:45.687-0300] {standard_task_runner.py:91} INFO - Job 2273: Subtask get_5m_info
[2024-07-25T14:53:45.720-0300] {task_command.py:426} INFO - Running <TaskInstance: Binance_5m.get_5m_info scheduled__2024-07-25T15:05:00+00:00 [running]> on host Galaxybook.
[2024-07-25T14:53:45.774-0300] {taskinstance.py:2648} INFO - Exporting env vars: AIRFLOW_CTX_DAG_OWNER='airflow' AIRFLOW_CTX_DAG_ID='Binance_5m' AIRFLOW_CTX_TASK_ID='get_5m_info' AIRFLOW_CTX_EXECUTION_DATE='2024-07-25T15:05:00+00:00' AIRFLOW_CTX_TRY_NUMBER='1' AIRFLOW_CTX_DAG_RUN_ID='scheduled__2024-07-25T15:05:00+00:00'
[2024-07-25T14:53:45.774-0300] {taskinstance.py:430} INFO - ::endgroup::
[2024-07-25T14:53:45.782-0300] {binance_dag.py:23} INFO - End Time: 2024-07-25T15:10:00.00Z
[2024-07-25T14:53:45.782-0300] {binance_dag.py:24} INFO - Start Time: 2024-07-25T15:05:00.00Z
[2024-07-25T14:53:45.839-0300] {base.py:84} INFO - Using connection ID 'binance_default' for task execution.
[2024-07-25T14:53:45.839-0300] {logging_mixin.py:188} INFO - https://api.binance.com
[2024-07-25T14:53:45.840-0300] {binance_hook.py:35} INFO - URL: https://api.binance.com/api/v3/klines?symbol=BTCBRL&interval=5m&startTime=1721930700000&endTime=1721930999999
[2024-07-25T14:53:46.235-0300] {binance_dag.py:43} INFO - r: []
[2024-07-25T14:53:46.236-0300] {python.py:237} INFO - Done. Returned value was: None
[2024-07-25T14:53:46.236-0300] {taskinstance.py:441} INFO - ::group::Post task execution logs
[2024-07-25T14:53:46.239-0300] {taskinstance.py:1206} INFO - Marking task as SUCCESS. dag_id=Binance_5m, task_id=get_5m_info, run_id=scheduled__2024-07-25T15:05:00+00:00, execution_date=20240725T150500, start_date=20240725T175345, end_date=20240725T175346
[2024-07-25T14:53:46.270-0300] {local_task_job_runner.py:243} INFO - Task exited with return code 0
[2024-07-25T14:53:46.276-0300] {taskinstance.py:3503} INFO - 0 downstream tasks scheduled from follow-on schedule check
[2024-07-25T14:53:46.277-0300] {local_task_job_runner.py:222} INFO - ::endgroup::
[2024-07-25T15:23:33.766-0300] {local_task_job_runner.py:120} INFO - ::group::Pre task execution logs
[2024-07-25T15:23:33.771-0300] {taskinstance.py:2076} INFO - Dependencies all met for dep_context=non-requeueable deps ti=<TaskInstance: Binance_5m.get_5m_info scheduled__2024-07-25T15:05:00+00:00 [queued]>
[2024-07-25T15:23:33.774-0300] {taskinstance.py:2076} INFO - Dependencies all met for dep_context=requeueable deps ti=<TaskInstance: Binance_5m.get_5m_info scheduled__2024-07-25T15:05:00+00:00 [queued]>
[2024-07-25T15:23:33.774-0300] {taskinstance.py:2306} INFO - Starting attempt 1 of 1
[2024-07-25T15:23:33.786-0300] {taskinstance.py:2330} INFO - Executing <Task(PythonOperator): get_5m_info> on 2024-07-25 15:05:00+00:00
[2024-07-25T15:23:33.788-0300] {standard_task_runner.py:64} INFO - Started process 2635256 to run task
[2024-07-25T15:23:33.790-0300] {standard_task_runner.py:90} INFO - Running: ['airflow', 'tasks', 'run', 'Binance_5m', 'get_5m_info', 'scheduled__2024-07-25T15:05:00+00:00', '--job-id', '2716', '--raw', '--subdir', 'DAGS_FOLDER/binance_dag.py', '--cfg-path', '/tmp/tmprcojfxtw']
[2024-07-25T15:23:33.791-0300] {standard_task_runner.py:91} INFO - Job 2716: Subtask get_5m_info
[2024-07-25T15:23:33.818-0300] {task_command.py:426} INFO - Running <TaskInstance: Binance_5m.get_5m_info scheduled__2024-07-25T15:05:00+00:00 [running]> on host Galaxybook.
[2024-07-25T15:23:33.872-0300] {taskinstance.py:2648} INFO - Exporting env vars: AIRFLOW_CTX_DAG_OWNER='airflow' AIRFLOW_CTX_DAG_ID='Binance_5m' AIRFLOW_CTX_TASK_ID='get_5m_info' AIRFLOW_CTX_EXECUTION_DATE='2024-07-25T15:05:00+00:00' AIRFLOW_CTX_TRY_NUMBER='1' AIRFLOW_CTX_DAG_RUN_ID='scheduled__2024-07-25T15:05:00+00:00'
[2024-07-25T15:23:33.873-0300] {taskinstance.py:430} INFO - ::endgroup::
[2024-07-25T15:23:33.881-0300] {binance_dag.py:23} INFO - End Time: 2024-07-25T15:10:00.00Z
[2024-07-25T15:23:33.881-0300] {binance_dag.py:24} INFO - Start Time: 2024-07-25T15:05:00.00Z
[2024-07-25T15:23:33.938-0300] {binance_dag.py:25} INFO - 1721930700000
[2024-07-25T15:23:33.940-0300] {base.py:84} INFO - Using connection ID 'binance_default' for task execution.
[2024-07-25T15:23:33.940-0300] {logging_mixin.py:188} INFO - https://api.binance.com
[2024-07-25T15:23:33.941-0300] {binance_hook.py:35} INFO - URL: https://api.binance.com/api/v3/klines?symbol=BTCBRL&interval=5m&startTime=1721930700000&endTime=1721930999999
[2024-07-25T15:23:34.237-0300] {python.py:237} INFO - Done. Returned value was: None
[2024-07-25T15:23:34.239-0300] {taskinstance.py:441} INFO - ::group::Post task execution logs
[2024-07-25T15:23:34.242-0300] {taskinstance.py:1206} INFO - Marking task as SUCCESS. dag_id=Binance_5m, task_id=get_5m_info, run_id=scheduled__2024-07-25T15:05:00+00:00, execution_date=20240725T150500, start_date=20240725T182333, end_date=20240725T182334
[2024-07-25T15:23:34.301-0300] {local_task_job_runner.py:243} INFO - Task exited with return code 0
[2024-07-25T15:23:34.310-0300] {taskinstance.py:3503} INFO - 0 downstream tasks scheduled from follow-on schedule check
[2024-07-25T15:23:34.311-0300] {local_task_job_runner.py:222} INFO - ::endgroup::
[2024-07-25T16:21:58.099-0300] {local_task_job_runner.py:120} INFO - ::group::Pre task execution logs
[2024-07-25T16:21:58.107-0300] {taskinstance.py:2076} INFO - Dependencies all met for dep_context=non-requeueable deps ti=<TaskInstance: Binance_5m.get_5m_info scheduled__2024-07-25T15:05:00+00:00 [queued]>
[2024-07-25T16:21:58.110-0300] {taskinstance.py:2076} INFO - Dependencies all met for dep_context=requeueable deps ti=<TaskInstance: Binance_5m.get_5m_info scheduled__2024-07-25T15:05:00+00:00 [queued]>
[2024-07-25T16:21:58.111-0300] {taskinstance.py:2306} INFO - Starting attempt 1 of 1
[2024-07-25T16:21:58.126-0300] {taskinstance.py:2330} INFO - Executing <Task(PythonOperator): get_5m_info> on 2024-07-25 15:05:00+00:00
[2024-07-25T16:21:58.128-0300] {standard_task_runner.py:64} INFO - Started process 2665010 to run task
[2024-07-25T16:21:58.130-0300] {standard_task_runner.py:90} INFO - Running: ['airflow', 'tasks', 'run', 'Binance_5m', 'get_5m_info', 'scheduled__2024-07-25T15:05:00+00:00', '--job-id', '2333', '--raw', '--subdir', 'DAGS_FOLDER/binance_dag.py', '--cfg-path', '/tmp/tmp4duy0fdd']
[2024-07-25T16:21:58.131-0300] {standard_task_runner.py:91} INFO - Job 2333: Subtask get_5m_info
[2024-07-25T16:21:58.160-0300] {task_command.py:426} INFO - Running <TaskInstance: Binance_5m.get_5m_info scheduled__2024-07-25T15:05:00+00:00 [running]> on host Galaxybook.
[2024-07-25T16:21:58.216-0300] {taskinstance.py:2648} INFO - Exporting env vars: AIRFLOW_CTX_DAG_OWNER='airflow' AIRFLOW_CTX_DAG_ID='Binance_5m' AIRFLOW_CTX_TASK_ID='get_5m_info' AIRFLOW_CTX_EXECUTION_DATE='2024-07-25T15:05:00+00:00' AIRFLOW_CTX_TRY_NUMBER='1' AIRFLOW_CTX_DAG_RUN_ID='scheduled__2024-07-25T15:05:00+00:00'
[2024-07-25T16:21:58.216-0300] {taskinstance.py:430} INFO - ::endgroup::
[2024-07-25T16:21:58.224-0300] {binance_dag.py:22} INFO - End Time: 2024-07-25 15:10:00+00:00
[2024-07-25T16:21:58.224-0300] {binance_dag.py:23} INFO - Start Time: 2024-07-25 15:05:00+00:00
[2024-07-25T16:21:58.225-0300] {binance_dag.py:24} INFO - Start timestamp: 1721919900000
[2024-07-25T16:21:58.225-0300] {binance_dag.py:25} INFO - End timestamp: 1721920200000
[2024-07-25T16:21:58.290-0300] {base.py:84} INFO - Using connection ID 'binance_default' for task execution.
[2024-07-25T16:21:58.291-0300] {logging_mixin.py:188} INFO - https://api.binance.com
[2024-07-25T16:21:58.291-0300] {binance_hook.py:35} INFO - URL: https://api.binance.com/api/v3/klines?symbol=BTCBRL&interval=5m&startTime=1721919900000&endTime=1721920199999&timeZone=-3
[2024-07-25T16:21:58.695-0300] {python.py:237} INFO - Done. Returned value was: None
[2024-07-25T16:21:58.696-0300] {taskinstance.py:441} INFO - ::group::Post task execution logs
[2024-07-25T16:21:58.698-0300] {taskinstance.py:1206} INFO - Marking task as SUCCESS. dag_id=Binance_5m, task_id=get_5m_info, run_id=scheduled__2024-07-25T15:05:00+00:00, execution_date=20240725T150500, start_date=20240725T192158, end_date=20240725T192158
[2024-07-25T16:21:58.753-0300] {local_task_job_runner.py:243} INFO - Task exited with return code 0
[2024-07-25T16:21:58.760-0300] {taskinstance.py:3503} INFO - 0 downstream tasks scheduled from follow-on schedule check
[2024-07-25T16:21:58.760-0300] {local_task_job_runner.py:222} INFO - ::endgroup::
