[2024-07-25T14:48:20.234-0300] {local_task_job_runner.py:120} INFO - ::group::Pre task execution logs
[2024-07-25T14:48:20.243-0300] {taskinstance.py:2076} INFO - Dependencies all met for dep_context=non-requeueable deps ti=<TaskInstance: Binance_5m.get_5m_info scheduled__2024-07-25T03:45:00+00:00 [queued]>
[2024-07-25T14:48:20.247-0300] {taskinstance.py:2076} INFO - Dependencies all met for dep_context=requeueable deps ti=<TaskInstance: Binance_5m.get_5m_info scheduled__2024-07-25T03:45:00+00:00 [queued]>
[2024-07-25T14:48:20.248-0300] {taskinstance.py:2306} INFO - Starting attempt 1 of 1
[2024-07-25T14:48:20.266-0300] {taskinstance.py:2330} INFO - Executing <Task(PythonOperator): get_5m_info> on 2024-07-25 03:45:00+00:00
[2024-07-25T14:48:20.268-0300] {standard_task_runner.py:64} INFO - Started process 2607730 to run task
[2024-07-25T14:48:20.271-0300] {standard_task_runner.py:90} INFO - Running: ['airflow', 'tasks', 'run', 'Binance_5m', 'get_5m_info', 'scheduled__2024-07-25T03:45:00+00:00', '--job-id', '2131', '--raw', '--subdir', 'DAGS_FOLDER/binance_dag.py', '--cfg-path', '/tmp/tmphlvl7wa8']
[2024-07-25T14:48:20.272-0300] {standard_task_runner.py:91} INFO - Job 2131: Subtask get_5m_info
[2024-07-25T14:48:20.309-0300] {task_command.py:426} INFO - Running <TaskInstance: Binance_5m.get_5m_info scheduled__2024-07-25T03:45:00+00:00 [running]> on host Galaxybook.
[2024-07-25T14:48:20.378-0300] {taskinstance.py:2648} INFO - Exporting env vars: AIRFLOW_CTX_DAG_OWNER='airflow' AIRFLOW_CTX_DAG_ID='Binance_5m' AIRFLOW_CTX_TASK_ID='get_5m_info' AIRFLOW_CTX_EXECUTION_DATE='2024-07-25T03:45:00+00:00' AIRFLOW_CTX_TRY_NUMBER='1' AIRFLOW_CTX_DAG_RUN_ID='scheduled__2024-07-25T03:45:00+00:00'
[2024-07-25T14:48:20.378-0300] {taskinstance.py:430} INFO - ::endgroup::
[2024-07-25T14:48:20.387-0300] {binance_dag.py:23} INFO - End Time: 2024-07-25T03:50:00.00Z
[2024-07-25T14:48:20.387-0300] {binance_dag.py:24} INFO - Start Time: 2024-07-25T03:45:00.00Z
[2024-07-25T14:48:20.457-0300] {base.py:84} INFO - Using connection ID 'binance_default' for task execution.
[2024-07-25T14:48:20.457-0300] {logging_mixin.py:188} INFO - https://api.binance.com
[2024-07-25T14:48:20.457-0300] {binance_hook.py:35} INFO - URL: https://api.binance.com/api/v3/klines?symbol=BTCBRL&interval=5m&startTime=1721889900000&endTime=1721890199999
[2024-07-25T14:48:20.856-0300] {binance_dag.py:43} INFO - r: [[1721889900000, '366088.00000000', '366286.00000000', '366004.00000000', '366004.00000000', '0.03467000', 1721890199999, '12694.07264000', 16, '0.00458000', '1677.17548000', '0']]
[2024-07-25T14:48:20.857-0300] {python.py:237} INFO - Done. Returned value was: None
[2024-07-25T14:48:20.858-0300] {taskinstance.py:441} INFO - ::group::Post task execution logs
[2024-07-25T14:48:20.860-0300] {taskinstance.py:1206} INFO - Marking task as SUCCESS. dag_id=Binance_5m, task_id=get_5m_info, run_id=scheduled__2024-07-25T03:45:00+00:00, execution_date=20240725T034500, start_date=20240725T174820, end_date=20240725T174820
[2024-07-25T14:48:20.890-0300] {local_task_job_runner.py:243} INFO - Task exited with return code 0
[2024-07-25T14:48:20.897-0300] {taskinstance.py:3503} INFO - 0 downstream tasks scheduled from follow-on schedule check
[2024-07-25T14:48:20.897-0300] {local_task_job_runner.py:222} INFO - ::endgroup::
[2024-07-25T15:18:30.012-0300] {local_task_job_runner.py:120} INFO - ::group::Pre task execution logs
[2024-07-25T15:18:30.017-0300] {taskinstance.py:2076} INFO - Dependencies all met for dep_context=non-requeueable deps ti=<TaskInstance: Binance_5m.get_5m_info scheduled__2024-07-25T03:45:00+00:00 [queued]>
[2024-07-25T15:18:30.020-0300] {taskinstance.py:2076} INFO - Dependencies all met for dep_context=requeueable deps ti=<TaskInstance: Binance_5m.get_5m_info scheduled__2024-07-25T03:45:00+00:00 [queued]>
[2024-07-25T15:18:30.020-0300] {taskinstance.py:2306} INFO - Starting attempt 1 of 1
[2024-07-25T15:18:30.032-0300] {taskinstance.py:2330} INFO - Executing <Task(PythonOperator): get_5m_info> on 2024-07-25 03:45:00+00:00
[2024-07-25T15:18:30.033-0300] {standard_task_runner.py:64} INFO - Started process 2630258 to run task
[2024-07-25T15:18:30.035-0300] {standard_task_runner.py:90} INFO - Running: ['airflow', 'tasks', 'run', 'Binance_5m', 'get_5m_info', 'scheduled__2024-07-25T03:45:00+00:00', '--job-id', '2580', '--raw', '--subdir', 'DAGS_FOLDER/binance_dag.py', '--cfg-path', '/tmp/tmpr49wykn5']
[2024-07-25T15:18:30.036-0300] {standard_task_runner.py:91} INFO - Job 2580: Subtask get_5m_info
[2024-07-25T15:18:30.063-0300] {task_command.py:426} INFO - Running <TaskInstance: Binance_5m.get_5m_info scheduled__2024-07-25T03:45:00+00:00 [running]> on host Galaxybook.
[2024-07-25T15:18:30.115-0300] {taskinstance.py:2648} INFO - Exporting env vars: AIRFLOW_CTX_DAG_OWNER='airflow' AIRFLOW_CTX_DAG_ID='Binance_5m' AIRFLOW_CTX_TASK_ID='get_5m_info' AIRFLOW_CTX_EXECUTION_DATE='2024-07-25T03:45:00+00:00' AIRFLOW_CTX_TRY_NUMBER='1' AIRFLOW_CTX_DAG_RUN_ID='scheduled__2024-07-25T03:45:00+00:00'
[2024-07-25T15:18:30.115-0300] {taskinstance.py:430} INFO - ::endgroup::
[2024-07-25T15:18:30.123-0300] {binance_dag.py:23} INFO - End Time: 2024-07-25T03:50:00.00Z
[2024-07-25T15:18:30.123-0300] {binance_dag.py:24} INFO - Start Time: 2024-07-25T03:45:00.00Z
[2024-07-25T15:18:30.184-0300] {binance_dag.py:25} INFO - 1721889900000
[2024-07-25T15:18:30.186-0300] {base.py:84} INFO - Using connection ID 'binance_default' for task execution.
[2024-07-25T15:18:30.186-0300] {logging_mixin.py:188} INFO - https://api.binance.com
[2024-07-25T15:18:30.187-0300] {binance_hook.py:35} INFO - URL: https://api.binance.com/api/v3/klines?symbol=BTCBRL&interval=5m&startTime=1721889900000&endTime=1721890199999
[2024-07-25T15:18:30.580-0300] {python.py:237} INFO - Done. Returned value was: None
[2024-07-25T15:18:30.581-0300] {taskinstance.py:441} INFO - ::group::Post task execution logs
[2024-07-25T15:18:30.583-0300] {taskinstance.py:1206} INFO - Marking task as SUCCESS. dag_id=Binance_5m, task_id=get_5m_info, run_id=scheduled__2024-07-25T03:45:00+00:00, execution_date=20240725T034500, start_date=20240725T181830, end_date=20240725T181830
[2024-07-25T15:18:30.619-0300] {local_task_job_runner.py:243} INFO - Task exited with return code 0
[2024-07-25T15:18:30.626-0300] {taskinstance.py:3503} INFO - 0 downstream tasks scheduled from follow-on schedule check
[2024-07-25T15:18:30.626-0300] {local_task_job_runner.py:222} INFO - ::endgroup::
[2024-07-25T16:15:00.288-0300] {local_task_job_runner.py:120} INFO - ::group::Pre task execution logs
[2024-07-25T16:15:00.296-0300] {taskinstance.py:2076} INFO - Dependencies all met for dep_context=non-requeueable deps ti=<TaskInstance: Binance_5m.get_5m_info scheduled__2024-07-25T03:45:00+00:00 [queued]>
[2024-07-25T16:15:00.300-0300] {taskinstance.py:2076} INFO - Dependencies all met for dep_context=requeueable deps ti=<TaskInstance: Binance_5m.get_5m_info scheduled__2024-07-25T03:45:00+00:00 [queued]>
[2024-07-25T16:15:00.300-0300] {taskinstance.py:2306} INFO - Starting attempt 1 of 1
[2024-07-25T16:15:00.316-0300] {taskinstance.py:2330} INFO - Executing <Task(PythonOperator): get_5m_info> on 2024-07-25 03:45:00+00:00
[2024-07-25T16:15:00.318-0300] {standard_task_runner.py:64} INFO - Started process 2657969 to run task
[2024-07-25T16:15:00.320-0300] {standard_task_runner.py:90} INFO - Running: ['airflow', 'tasks', 'run', 'Binance_5m', 'get_5m_info', 'scheduled__2024-07-25T03:45:00+00:00', '--job-id', '2140', '--raw', '--subdir', 'DAGS_FOLDER/binance_dag.py', '--cfg-path', '/tmp/tmpaevq_wcl']
[2024-07-25T16:15:00.321-0300] {standard_task_runner.py:91} INFO - Job 2140: Subtask get_5m_info
[2024-07-25T16:15:00.348-0300] {task_command.py:426} INFO - Running <TaskInstance: Binance_5m.get_5m_info scheduled__2024-07-25T03:45:00+00:00 [running]> on host Galaxybook.
[2024-07-25T16:15:00.402-0300] {taskinstance.py:2648} INFO - Exporting env vars: AIRFLOW_CTX_DAG_OWNER='airflow' AIRFLOW_CTX_DAG_ID='Binance_5m' AIRFLOW_CTX_TASK_ID='get_5m_info' AIRFLOW_CTX_EXECUTION_DATE='2024-07-25T03:45:00+00:00' AIRFLOW_CTX_TRY_NUMBER='1' AIRFLOW_CTX_DAG_RUN_ID='scheduled__2024-07-25T03:45:00+00:00'
[2024-07-25T16:15:00.403-0300] {taskinstance.py:430} INFO - ::endgroup::
[2024-07-25T16:15:00.412-0300] {binance_dag.py:22} INFO - End Time: 2024-07-25 03:50:00+00:00
[2024-07-25T16:15:00.412-0300] {binance_dag.py:23} INFO - Start Time: 2024-07-25 03:45:00+00:00
[2024-07-25T16:15:00.412-0300] {binance_dag.py:24} INFO - Start timestamp: 1721879100000
[2024-07-25T16:15:00.412-0300] {binance_dag.py:25} INFO - End timestamp: 1721879400000
[2024-07-25T16:15:00.468-0300] {base.py:84} INFO - Using connection ID 'binance_default' for task execution.
[2024-07-25T16:15:00.468-0300] {logging_mixin.py:188} INFO - https://api.binance.com
[2024-07-25T16:15:00.468-0300] {binance_hook.py:35} INFO - URL: https://api.binance.com/api/v3/klines?symbol=BTCBRL&interval=5m&startTime=1721879100000&endTime=1721879399999&timeZone=-3
[2024-07-25T16:15:00.866-0300] {python.py:237} INFO - Done. Returned value was: None
[2024-07-25T16:15:00.866-0300] {taskinstance.py:441} INFO - ::group::Post task execution logs
[2024-07-25T16:15:00.869-0300] {taskinstance.py:1206} INFO - Marking task as SUCCESS. dag_id=Binance_5m, task_id=get_5m_info, run_id=scheduled__2024-07-25T03:45:00+00:00, execution_date=20240725T034500, start_date=20240725T191500, end_date=20240725T191500
[2024-07-25T16:15:00.904-0300] {local_task_job_runner.py:243} INFO - Task exited with return code 0
[2024-07-25T16:15:00.911-0300] {taskinstance.py:3503} INFO - 0 downstream tasks scheduled from follow-on schedule check
[2024-07-25T16:15:00.911-0300] {local_task_job_runner.py:222} INFO - ::endgroup::
