[2024-07-25T15:15:14.549-0300] {local_task_job_runner.py:120} INFO - ::group::Pre task execution logs
[2024-07-25T15:15:14.555-0300] {taskinstance.py:2076} INFO - Dependencies all met for dep_context=non-requeueable deps ti=<TaskInstance: Binance_5m.get_5m_info manual__2024-07-25T18:15:12.047316+00:00 [queued]>
[2024-07-25T15:15:14.558-0300] {taskinstance.py:2076} INFO - Dependencies all met for dep_context=requeueable deps ti=<TaskInstance: Binance_5m.get_5m_info manual__2024-07-25T18:15:12.047316+00:00 [queued]>
[2024-07-25T15:15:14.559-0300] {taskinstance.py:2306} INFO - Starting attempt 1 of 1
[2024-07-25T15:15:14.574-0300] {taskinstance.py:2330} INFO - Executing <Task(PythonOperator): get_5m_info> on 2024-07-25 18:15:12.047316+00:00
[2024-07-25T15:15:14.575-0300] {standard_task_runner.py:64} INFO - Started process 2627547 to run task
[2024-07-25T15:15:14.578-0300] {standard_task_runner.py:90} INFO - Running: ['airflow', 'tasks', 'run', 'Binance_5m', 'get_5m_info', 'manual__2024-07-25T18:15:12.047316+00:00', '--job-id', '2535', '--raw', '--subdir', 'DAGS_FOLDER/binance_dag.py', '--cfg-path', '/tmp/tmpl20imrkv']
[2024-07-25T15:15:14.580-0300] {standard_task_runner.py:91} INFO - Job 2535: Subtask get_5m_info
[2024-07-25T15:15:14.610-0300] {task_command.py:426} INFO - Running <TaskInstance: Binance_5m.get_5m_info manual__2024-07-25T18:15:12.047316+00:00 [running]> on host Galaxybook.
[2024-07-25T15:15:14.673-0300] {taskinstance.py:2648} INFO - Exporting env vars: AIRFLOW_CTX_DAG_OWNER='airflow' AIRFLOW_CTX_DAG_ID='Binance_5m' AIRFLOW_CTX_TASK_ID='get_5m_info' AIRFLOW_CTX_EXECUTION_DATE='2024-07-25T18:15:12.047316+00:00' AIRFLOW_CTX_TRY_NUMBER='1' AIRFLOW_CTX_DAG_RUN_ID='manual__2024-07-25T18:15:12.047316+00:00'
[2024-07-25T15:15:14.673-0300] {taskinstance.py:430} INFO - ::endgroup::
[2024-07-25T15:15:14.681-0300] {binance_dag.py:25} INFO - End Time: 2024-07-25T18:15:00.00Z
[2024-07-25T15:15:14.682-0300] {binance_dag.py:26} INFO - Start Time: 2024-07-25T18:10:00.00Z
[2024-07-25T15:15:14.751-0300] {binance_dag.py:20} INFO - dt:
[2024-07-25T15:15:14.751-0300] {binance_dag.py:21} INFO - 2024-07-25 18:10:00
[2024-07-25T15:15:14.752-0300] {binance_dag.py:20} INFO - dt:
[2024-07-25T15:15:14.752-0300] {binance_dag.py:21} INFO - 2024-07-25 18:15:00
[2024-07-25T15:15:14.756-0300] {base.py:84} INFO - Using connection ID 'binance_default' for task execution.
[2024-07-25T15:15:14.756-0300] {logging_mixin.py:188} INFO - https://api.binance.com
[2024-07-25T15:15:14.757-0300] {binance_hook.py:35} INFO - URL: https://api.binance.com/api/v3/klines?symbol=BTCBRL&interval=5m&startTime=1721941800000&endTime=1721942099999
[2024-07-25T15:15:20.166-0300] {python.py:237} INFO - Done. Returned value was: None
[2024-07-25T15:15:20.167-0300] {taskinstance.py:441} INFO - ::group::Post task execution logs
[2024-07-25T15:15:20.170-0300] {taskinstance.py:1206} INFO - Marking task as SUCCESS. dag_id=Binance_5m, task_id=get_5m_info, run_id=manual__2024-07-25T18:15:12.047316+00:00, execution_date=20240725T181512, start_date=20240725T181514, end_date=20240725T181520
[2024-07-25T15:15:20.210-0300] {local_task_job_runner.py:243} INFO - Task exited with return code 0
[2024-07-25T15:15:20.216-0300] {taskinstance.py:3503} INFO - 0 downstream tasks scheduled from follow-on schedule check
[2024-07-25T15:15:20.216-0300] {local_task_job_runner.py:222} INFO - ::endgroup::
