[2024-07-25T14:54:51.042-0300] {local_task_job_runner.py:120} INFO - ::group::Pre task execution logs
[2024-07-25T14:54:51.046-0300] {taskinstance.py:2076} INFO - Dependencies all met for dep_context=non-requeueable deps ti=<TaskInstance: Mercado_5m.get_5m_info scheduled__2024-07-25T00:35:00+00:00 [queued]>
[2024-07-25T14:54:51.050-0300] {taskinstance.py:2076} INFO - Dependencies all met for dep_context=requeueable deps ti=<TaskInstance: Mercado_5m.get_5m_info scheduled__2024-07-25T00:35:00+00:00 [queued]>
[2024-07-25T14:54:51.051-0300] {taskinstance.py:2306} INFO - Starting attempt 1 of 1
[2024-07-25T14:54:51.065-0300] {taskinstance.py:2330} INFO - Executing <Task(PythonOperator): get_5m_info> on 2024-07-25 00:35:00+00:00
[2024-07-25T14:54:51.066-0300] {standard_task_runner.py:64} INFO - Started process 2614283 to run task
[2024-07-25T14:54:51.068-0300] {standard_task_runner.py:90} INFO - Running: ['airflow', 'tasks', 'run', 'Mercado_5m', 'get_5m_info', 'scheduled__2024-07-25T00:35:00+00:00', '--job-id', '2305', '--raw', '--subdir', 'DAGS_FOLDER/mercado_dag.py', '--cfg-path', '/tmp/tmpoldr2sd4']
[2024-07-25T14:54:51.069-0300] {standard_task_runner.py:91} INFO - Job 2305: Subtask get_5m_info
[2024-07-25T14:54:51.097-0300] {task_command.py:426} INFO - Running <TaskInstance: Mercado_5m.get_5m_info scheduled__2024-07-25T00:35:00+00:00 [running]> on host Galaxybook.
[2024-07-25T14:54:51.149-0300] {taskinstance.py:2648} INFO - Exporting env vars: AIRFLOW_CTX_DAG_OWNER='airflow' AIRFLOW_CTX_DAG_ID='Mercado_5m' AIRFLOW_CTX_TASK_ID='get_5m_info' AIRFLOW_CTX_EXECUTION_DATE='2024-07-25T00:35:00+00:00' AIRFLOW_CTX_TRY_NUMBER='1' AIRFLOW_CTX_DAG_RUN_ID='scheduled__2024-07-25T00:35:00+00:00'
[2024-07-25T14:54:51.149-0300] {taskinstance.py:430} INFO - ::endgroup::
[2024-07-25T14:54:51.220-0300] {base.py:84} INFO - Using connection ID 'mercado_default' for task execution.
[2024-07-25T14:54:51.220-0300] {mercado_hook.py:31} INFO - URL: https://api.mercadobitcoin.net/api/v4/candles?symbol=BTC-BRL&resolution=5m&to=1721878800&from=1721878500
[2024-07-25T14:54:51.492-0300] {python.py:237} INFO - Done. Returned value was: None
[2024-07-25T14:54:51.493-0300] {taskinstance.py:441} INFO - ::group::Post task execution logs
[2024-07-25T14:54:51.496-0300] {taskinstance.py:1206} INFO - Marking task as SUCCESS. dag_id=Mercado_5m, task_id=get_5m_info, run_id=scheduled__2024-07-25T00:35:00+00:00, execution_date=20240725T003500, start_date=20240725T175451, end_date=20240725T175451
[2024-07-25T14:54:51.531-0300] {local_task_job_runner.py:243} INFO - Task exited with return code 0
[2024-07-25T14:54:51.537-0300] {taskinstance.py:3503} INFO - 0 downstream tasks scheduled from follow-on schedule check
[2024-07-25T14:54:51.537-0300] {local_task_job_runner.py:222} INFO - ::endgroup::
[2024-07-25T15:05:51.662-0300] {local_task_job_runner.py:120} INFO - ::group::Pre task execution logs
[2024-07-25T15:05:51.668-0300] {taskinstance.py:2076} INFO - Dependencies all met for dep_context=non-requeueable deps ti=<TaskInstance: Mercado_5m.get_5m_info scheduled__2024-07-25T00:35:00+00:00 [queued]>
[2024-07-25T15:05:51.672-0300] {taskinstance.py:2076} INFO - Dependencies all met for dep_context=requeueable deps ti=<TaskInstance: Mercado_5m.get_5m_info scheduled__2024-07-25T00:35:00+00:00 [queued]>
[2024-07-25T15:05:51.672-0300] {taskinstance.py:2306} INFO - Starting attempt 1 of 1
[2024-07-25T15:05:51.687-0300] {taskinstance.py:2330} INFO - Executing <Task(PythonOperator): get_5m_info> on 2024-07-25 00:35:00+00:00
[2024-07-25T15:05:51.689-0300] {standard_task_runner.py:64} INFO - Started process 2623534 to run task
[2024-07-25T15:05:51.692-0300] {standard_task_runner.py:90} INFO - Running: ['airflow', 'tasks', 'run', 'Mercado_5m', 'get_5m_info', 'scheduled__2024-07-25T00:35:00+00:00', '--job-id', '2528', '--raw', '--subdir', 'DAGS_FOLDER/mercado_dag.py', '--cfg-path', '/tmp/tmp412b560w']
[2024-07-25T15:05:51.693-0300] {standard_task_runner.py:91} INFO - Job 2528: Subtask get_5m_info
[2024-07-25T15:05:51.720-0300] {task_command.py:426} INFO - Running <TaskInstance: Mercado_5m.get_5m_info scheduled__2024-07-25T00:35:00+00:00 [running]> on host Galaxybook.
[2024-07-25T15:05:51.778-0300] {taskinstance.py:2648} INFO - Exporting env vars: AIRFLOW_CTX_DAG_OWNER='airflow' AIRFLOW_CTX_DAG_ID='Mercado_5m' AIRFLOW_CTX_TASK_ID='get_5m_info' AIRFLOW_CTX_EXECUTION_DATE='2024-07-25T00:35:00+00:00' AIRFLOW_CTX_TRY_NUMBER='1' AIRFLOW_CTX_DAG_RUN_ID='scheduled__2024-07-25T00:35:00+00:00'
[2024-07-25T15:05:51.779-0300] {taskinstance.py:430} INFO - ::endgroup::
[2024-07-25T15:05:51.866-0300] {base.py:84} INFO - Using connection ID 'mercado_default' for task execution.
[2024-07-25T15:05:51.867-0300] {mercado_hook.py:31} INFO - URL: https://api.mercadobitcoin.net/api/v4/candles?symbol=BTC-BRL&resolution=5m&to=1721878800000&from=1721878500000
[2024-07-25T15:05:52.143-0300] {python.py:237} INFO - Done. Returned value was: None
[2024-07-25T15:05:52.144-0300] {taskinstance.py:441} INFO - ::group::Post task execution logs
[2024-07-25T15:05:52.147-0300] {taskinstance.py:1206} INFO - Marking task as SUCCESS. dag_id=Mercado_5m, task_id=get_5m_info, run_id=scheduled__2024-07-25T00:35:00+00:00, execution_date=20240725T003500, start_date=20240725T180551, end_date=20240725T180552
[2024-07-25T15:05:52.190-0300] {local_task_job_runner.py:243} INFO - Task exited with return code 0
[2024-07-25T15:05:52.198-0300] {taskinstance.py:3503} INFO - 0 downstream tasks scheduled from follow-on schedule check
[2024-07-25T15:05:52.199-0300] {local_task_job_runner.py:222} INFO - ::endgroup::
[2024-07-25T16:18:20.884-0300] {local_task_job_runner.py:120} INFO - ::group::Pre task execution logs
[2024-07-25T16:18:20.889-0300] {taskinstance.py:2076} INFO - Dependencies all met for dep_context=non-requeueable deps ti=<TaskInstance: Mercado_5m.get_5m_info scheduled__2024-07-25T00:35:00+00:00 [queued]>
[2024-07-25T16:18:20.893-0300] {taskinstance.py:2076} INFO - Dependencies all met for dep_context=requeueable deps ti=<TaskInstance: Mercado_5m.get_5m_info scheduled__2024-07-25T00:35:00+00:00 [queued]>
[2024-07-25T16:18:20.893-0300] {taskinstance.py:2306} INFO - Starting attempt 1 of 1
[2024-07-25T16:18:20.908-0300] {taskinstance.py:2330} INFO - Executing <Task(PythonOperator): get_5m_info> on 2024-07-25 00:35:00+00:00
[2024-07-25T16:18:20.910-0300] {standard_task_runner.py:64} INFO - Started process 2661331 to run task
[2024-07-25T16:18:20.912-0300] {standard_task_runner.py:90} INFO - Running: ['airflow', 'tasks', 'run', 'Mercado_5m', 'get_5m_info', 'scheduled__2024-07-25T00:35:00+00:00', '--job-id', '2224', '--raw', '--subdir', 'DAGS_FOLDER/mercado_dag.py', '--cfg-path', '/tmp/tmpe7ie6ja7']
[2024-07-25T16:18:20.913-0300] {standard_task_runner.py:91} INFO - Job 2224: Subtask get_5m_info
[2024-07-25T16:18:20.939-0300] {task_command.py:426} INFO - Running <TaskInstance: Mercado_5m.get_5m_info scheduled__2024-07-25T00:35:00+00:00 [running]> on host Galaxybook.
[2024-07-25T16:18:20.995-0300] {taskinstance.py:2648} INFO - Exporting env vars: AIRFLOW_CTX_DAG_OWNER='airflow' AIRFLOW_CTX_DAG_ID='Mercado_5m' AIRFLOW_CTX_TASK_ID='get_5m_info' AIRFLOW_CTX_EXECUTION_DATE='2024-07-25T00:35:00+00:00' AIRFLOW_CTX_TRY_NUMBER='1' AIRFLOW_CTX_DAG_RUN_ID='scheduled__2024-07-25T00:35:00+00:00'
[2024-07-25T16:18:20.995-0300] {taskinstance.py:430} INFO - ::endgroup::
[2024-07-25T16:18:21.003-0300] {mercado_dag.py:22} INFO - To: 2024-07-25 00:40:00+00:00
[2024-07-25T16:18:21.003-0300] {mercado_dag.py:23} INFO - From: 2024-07-25 00:35:00+00:00
[2024-07-25T16:18:21.063-0300] {base.py:84} INFO - Using connection ID 'mercado_default' for task execution.
[2024-07-25T16:18:21.064-0300] {mercado_hook.py:31} INFO - URL: https://api.mercadobitcoin.net/api/v4/candles?symbol=BTC-BRL&resolution=5m&to=1721868000&from=1721867700
[2024-07-25T16:18:21.355-0300] {python.py:237} INFO - Done. Returned value was: None
[2024-07-25T16:18:21.356-0300] {taskinstance.py:441} INFO - ::group::Post task execution logs
[2024-07-25T16:18:21.359-0300] {taskinstance.py:1206} INFO - Marking task as SUCCESS. dag_id=Mercado_5m, task_id=get_5m_info, run_id=scheduled__2024-07-25T00:35:00+00:00, execution_date=20240725T003500, start_date=20240725T191820, end_date=20240725T191821
[2024-07-25T16:18:21.374-0300] {local_task_job_runner.py:243} INFO - Task exited with return code 0
[2024-07-25T16:18:21.379-0300] {taskinstance.py:3503} INFO - 0 downstream tasks scheduled from follow-on schedule check
[2024-07-25T16:18:21.380-0300] {local_task_job_runner.py:222} INFO - ::endgroup::
[2024-07-25T16:22:24.198-0300] {local_task_job_runner.py:120} INFO - ::group::Pre task execution logs
[2024-07-25T16:22:24.204-0300] {taskinstance.py:2076} INFO - Dependencies all met for dep_context=non-requeueable deps ti=<TaskInstance: Mercado_5m.get_5m_info scheduled__2024-07-25T00:35:00+00:00 [queued]>
[2024-07-25T16:22:24.207-0300] {taskinstance.py:2076} INFO - Dependencies all met for dep_context=requeueable deps ti=<TaskInstance: Mercado_5m.get_5m_info scheduled__2024-07-25T00:35:00+00:00 [queued]>
[2024-07-25T16:22:24.208-0300] {taskinstance.py:2306} INFO - Starting attempt 1 of 1
[2024-07-25T16:22:24.221-0300] {taskinstance.py:2330} INFO - Executing <Task(PythonOperator): get_5m_info> on 2024-07-25 00:35:00+00:00
[2024-07-25T16:22:24.223-0300] {standard_task_runner.py:64} INFO - Started process 2665436 to run task
[2024-07-25T16:22:24.225-0300] {standard_task_runner.py:90} INFO - Running: ['airflow', 'tasks', 'run', 'Mercado_5m', 'get_5m_info', 'scheduled__2024-07-25T00:35:00+00:00', '--job-id', '2347', '--raw', '--subdir', 'DAGS_FOLDER/mercado_dag.py', '--cfg-path', '/tmp/tmp68bya1ce']
[2024-07-25T16:22:24.226-0300] {standard_task_runner.py:91} INFO - Job 2347: Subtask get_5m_info
[2024-07-25T16:22:24.263-0300] {task_command.py:426} INFO - Running <TaskInstance: Mercado_5m.get_5m_info scheduled__2024-07-25T00:35:00+00:00 [running]> on host Galaxybook.
[2024-07-25T16:22:24.332-0300] {taskinstance.py:2648} INFO - Exporting env vars: AIRFLOW_CTX_DAG_OWNER='airflow' AIRFLOW_CTX_DAG_ID='Mercado_5m' AIRFLOW_CTX_TASK_ID='get_5m_info' AIRFLOW_CTX_EXECUTION_DATE='2024-07-25T00:35:00+00:00' AIRFLOW_CTX_TRY_NUMBER='1' AIRFLOW_CTX_DAG_RUN_ID='scheduled__2024-07-25T00:35:00+00:00'
[2024-07-25T16:22:24.332-0300] {taskinstance.py:430} INFO - ::endgroup::
[2024-07-25T16:22:24.342-0300] {mercado_dag.py:22} INFO - To: 2024-07-25 00:40:00+00:00
[2024-07-25T16:22:24.343-0300] {mercado_dag.py:23} INFO - From: 2024-07-25 00:35:00+00:00
[2024-07-25T16:22:24.343-0300] {mercado_dag.py:24} INFO - To timestamp: 1721868000 
[2024-07-25T16:22:24.343-0300] {mercado_dag.py:25} INFO - From timestamp: 1721867700 
[2024-07-25T16:22:24.412-0300] {base.py:84} INFO - Using connection ID 'mercado_default' for task execution.
[2024-07-25T16:22:24.412-0300] {mercado_hook.py:31} INFO - URL: https://api.mercadobitcoin.net/api/v4/candles?symbol=BTC-BRL&resolution=5m&to=1721868000&from=1721867700
[2024-07-25T16:22:24.722-0300] {python.py:237} INFO - Done. Returned value was: None
[2024-07-25T16:22:24.723-0300] {taskinstance.py:441} INFO - ::group::Post task execution logs
[2024-07-25T16:22:24.725-0300] {taskinstance.py:1206} INFO - Marking task as SUCCESS. dag_id=Mercado_5m, task_id=get_5m_info, run_id=scheduled__2024-07-25T00:35:00+00:00, execution_date=20240725T003500, start_date=20240725T192224, end_date=20240725T192224
[2024-07-25T16:22:24.764-0300] {local_task_job_runner.py:243} INFO - Task exited with return code 0
[2024-07-25T16:22:24.770-0300] {taskinstance.py:3503} INFO - 0 downstream tasks scheduled from follow-on schedule check
[2024-07-25T16:22:24.771-0300] {local_task_job_runner.py:222} INFO - ::endgroup::
[2024-07-25T16:25:20.474-0300] {local_task_job_runner.py:120} INFO - ::group::Pre task execution logs
[2024-07-25T16:25:20.480-0300] {taskinstance.py:2076} INFO - Dependencies all met for dep_context=non-requeueable deps ti=<TaskInstance: Mercado_5m.get_5m_info scheduled__2024-07-25T00:35:00+00:00 [queued]>
[2024-07-25T16:25:20.483-0300] {taskinstance.py:2076} INFO - Dependencies all met for dep_context=requeueable deps ti=<TaskInstance: Mercado_5m.get_5m_info scheduled__2024-07-25T00:35:00+00:00 [queued]>
[2024-07-25T16:25:20.484-0300] {taskinstance.py:2306} INFO - Starting attempt 1 of 1
[2024-07-25T16:25:20.499-0300] {taskinstance.py:2330} INFO - Executing <Task(PythonOperator): get_5m_info> on 2024-07-25 00:35:00+00:00
[2024-07-25T16:25:20.500-0300] {standard_task_runner.py:64} INFO - Started process 2668385 to run task
[2024-07-25T16:25:20.503-0300] {standard_task_runner.py:90} INFO - Running: ['airflow', 'tasks', 'run', 'Mercado_5m', 'get_5m_info', 'scheduled__2024-07-25T00:35:00+00:00', '--job-id', '2427', '--raw', '--subdir', 'DAGS_FOLDER/mercado_dag.py', '--cfg-path', '/tmp/tmpn64okzd7']
[2024-07-25T16:25:20.504-0300] {standard_task_runner.py:91} INFO - Job 2427: Subtask get_5m_info
[2024-07-25T16:25:20.534-0300] {task_command.py:426} INFO - Running <TaskInstance: Mercado_5m.get_5m_info scheduled__2024-07-25T00:35:00+00:00 [running]> on host Galaxybook.
[2024-07-25T16:25:20.592-0300] {taskinstance.py:2648} INFO - Exporting env vars: AIRFLOW_CTX_DAG_OWNER='airflow' AIRFLOW_CTX_DAG_ID='Mercado_5m' AIRFLOW_CTX_TASK_ID='get_5m_info' AIRFLOW_CTX_EXECUTION_DATE='2024-07-25T00:35:00+00:00' AIRFLOW_CTX_TRY_NUMBER='1' AIRFLOW_CTX_DAG_RUN_ID='scheduled__2024-07-25T00:35:00+00:00'
[2024-07-25T16:25:20.593-0300] {taskinstance.py:430} INFO - ::endgroup::
[2024-07-25T16:25:20.601-0300] {mercado_dag.py:22} INFO - To: 2024-07-25 00:40:00+00:00
[2024-07-25T16:25:20.601-0300] {mercado_dag.py:23} INFO - From: 2024-07-25 00:35:00+00:00
[2024-07-25T16:25:20.601-0300] {mercado_dag.py:24} INFO - To timestamp: 1721868000000 
[2024-07-25T16:25:20.601-0300] {mercado_dag.py:25} INFO - From timestamp: 1721867700000 
[2024-07-25T16:25:20.669-0300] {base.py:84} INFO - Using connection ID 'mercado_default' for task execution.
[2024-07-25T16:25:20.670-0300] {mercado_hook.py:31} INFO - URL: https://api.mercadobitcoin.net/api/v4/candles?symbol=BTC-BRL&resolution=5m&to=1721868000000&from=1721867700000
[2024-07-25T16:25:20.974-0300] {python.py:237} INFO - Done. Returned value was: None
[2024-07-25T16:25:20.975-0300] {taskinstance.py:441} INFO - ::group::Post task execution logs
[2024-07-25T16:25:20.977-0300] {taskinstance.py:1206} INFO - Marking task as SUCCESS. dag_id=Mercado_5m, task_id=get_5m_info, run_id=scheduled__2024-07-25T00:35:00+00:00, execution_date=20240725T003500, start_date=20240725T192520, end_date=20240725T192520
[2024-07-25T16:25:21.002-0300] {local_task_job_runner.py:243} INFO - Task exited with return code 0
[2024-07-25T16:25:21.008-0300] {taskinstance.py:3503} INFO - 0 downstream tasks scheduled from follow-on schedule check
[2024-07-25T16:25:21.008-0300] {local_task_job_runner.py:222} INFO - ::endgroup::
