[2024-07-25T09:59:01.578-0300] {local_task_job_runner.py:120} INFO - ::group::Pre task execution logs
[2024-07-25T09:59:01.582-0300] {taskinstance.py:2076} INFO - Dependencies all met for dep_context=non-requeueable deps ti=<TaskInstance: Mercado_1m.get_1m_info scheduled__2024-07-25T11:22:00+00:00 [queued]>
[2024-07-25T09:59:01.586-0300] {taskinstance.py:2076} INFO - Dependencies all met for dep_context=requeueable deps ti=<TaskInstance: Mercado_1m.get_1m_info scheduled__2024-07-25T11:22:00+00:00 [queued]>
[2024-07-25T09:59:01.586-0300] {taskinstance.py:2306} INFO - Starting attempt 1 of 1
[2024-07-25T09:59:01.599-0300] {taskinstance.py:2330} INFO - Executing <Task(PythonOperator): get_1m_info> on 2024-07-25 11:22:00+00:00
[2024-07-25T09:59:01.600-0300] {standard_task_runner.py:64} INFO - Started process 2444074 to run task
[2024-07-25T09:59:01.602-0300] {standard_task_runner.py:90} INFO - Running: ['airflow', 'tasks', 'run', 'Mercado_1m', 'get_1m_info', 'scheduled__2024-07-25T11:22:00+00:00', '--job-id', '1918', '--raw', '--subdir', 'DAGS_FOLDER/mercado_dag.py', '--cfg-path', '/tmp/tmp3kn6vlz0']
[2024-07-25T09:59:01.603-0300] {standard_task_runner.py:91} INFO - Job 1918: Subtask get_1m_info
[2024-07-25T09:59:01.634-0300] {task_command.py:426} INFO - Running <TaskInstance: Mercado_1m.get_1m_info scheduled__2024-07-25T11:22:00+00:00 [running]> on host Galaxybook.
[2024-07-25T09:59:01.689-0300] {taskinstance.py:2648} INFO - Exporting env vars: AIRFLOW_CTX_DAG_OWNER='airflow' AIRFLOW_CTX_DAG_ID='Mercado_1m' AIRFLOW_CTX_TASK_ID='get_1m_info' AIRFLOW_CTX_EXECUTION_DATE='2024-07-25T11:22:00+00:00' AIRFLOW_CTX_TRY_NUMBER='1' AIRFLOW_CTX_DAG_RUN_ID='scheduled__2024-07-25T11:22:00+00:00'
[2024-07-25T09:59:01.689-0300] {taskinstance.py:430} INFO - ::endgroup::
[2024-07-25T09:59:01.764-0300] {base.py:84} INFO - Using connection ID 'mercado_default' for task execution.
[2024-07-25T09:59:01.765-0300] {mercado_hook.py:26} INFO - BASE URL: https://api.mercadobitcoin.net/api/v4
[2024-07-25T09:59:01.765-0300] {mercado_hook.py:32} INFO - URL: https://api.mercadobitcoin.net/api/v4/candles?symbol=BTC-BRL&resolution=1m&to=1721912281&from=1721912341
[2024-07-25T09:59:02.102-0300] {python.py:237} INFO - Done. Returned value was: None
[2024-07-25T09:59:02.102-0300] {taskinstance.py:441} INFO - ::group::Post task execution logs
[2024-07-25T09:59:02.104-0300] {taskinstance.py:1206} INFO - Marking task as SUCCESS. dag_id=Mercado_1m, task_id=get_1m_info, run_id=scheduled__2024-07-25T11:22:00+00:00, execution_date=20240725T112200, start_date=20240725T125901, end_date=20240725T125902
[2024-07-25T09:59:02.141-0300] {local_task_job_runner.py:243} INFO - Task exited with return code 0
[2024-07-25T09:59:02.147-0300] {taskinstance.py:3503} INFO - 0 downstream tasks scheduled from follow-on schedule check
[2024-07-25T09:59:02.147-0300] {local_task_job_runner.py:222} INFO - ::endgroup::
[2024-07-25T10:58:41.322-0300] {local_task_job_runner.py:120} INFO - ::group::Pre task execution logs
[2024-07-25T10:58:41.329-0300] {taskinstance.py:2076} INFO - Dependencies all met for dep_context=non-requeueable deps ti=<TaskInstance: Mercado_1m.get_1m_info scheduled__2024-07-25T11:22:00+00:00 [queued]>
[2024-07-25T10:58:41.332-0300] {taskinstance.py:2076} INFO - Dependencies all met for dep_context=requeueable deps ti=<TaskInstance: Mercado_1m.get_1m_info scheduled__2024-07-25T11:22:00+00:00 [queued]>
[2024-07-25T10:58:41.332-0300] {taskinstance.py:2306} INFO - Starting attempt 1 of 1
[2024-07-25T10:58:41.344-0300] {taskinstance.py:2330} INFO - Executing <Task(PythonOperator): get_1m_info> on 2024-07-25 11:22:00+00:00
[2024-07-25T10:58:41.345-0300] {standard_task_runner.py:64} INFO - Started process 2480366 to run task
[2024-07-25T10:58:41.348-0300] {standard_task_runner.py:90} INFO - Running: ['airflow', 'tasks', 'run', 'Mercado_1m', 'get_1m_info', 'scheduled__2024-07-25T11:22:00+00:00', '--job-id', '1856', '--raw', '--subdir', 'DAGS_FOLDER/mercado_dag.py', '--cfg-path', '/tmp/tmpw0_khfts']
[2024-07-25T10:58:41.349-0300] {standard_task_runner.py:91} INFO - Job 1856: Subtask get_1m_info
[2024-07-25T10:58:41.384-0300] {task_command.py:426} INFO - Running <TaskInstance: Mercado_1m.get_1m_info scheduled__2024-07-25T11:22:00+00:00 [running]> on host Galaxybook.
[2024-07-25T10:58:41.444-0300] {taskinstance.py:2648} INFO - Exporting env vars: AIRFLOW_CTX_DAG_OWNER='airflow' AIRFLOW_CTX_DAG_ID='Mercado_1m' AIRFLOW_CTX_TASK_ID='get_1m_info' AIRFLOW_CTX_EXECUTION_DATE='2024-07-25T11:22:00+00:00' AIRFLOW_CTX_TRY_NUMBER='1' AIRFLOW_CTX_DAG_RUN_ID='scheduled__2024-07-25T11:22:00+00:00'
[2024-07-25T10:58:41.445-0300] {taskinstance.py:430} INFO - ::endgroup::
[2024-07-25T10:58:41.545-0300] {base.py:84} INFO - Using connection ID 'mercado_default' for task execution.
[2024-07-25T10:58:41.545-0300] {mercado_hook.py:31} INFO - URL: https://api.mercadobitcoin.net/api/v4/candles?symbol=BTC-BRL&resolution=1m&to=1721915921454&countback=1
[2024-07-25T10:58:41.821-0300] {python.py:237} INFO - Done. Returned value was: None
[2024-07-25T10:58:41.822-0300] {taskinstance.py:441} INFO - ::group::Post task execution logs
[2024-07-25T10:58:41.825-0300] {taskinstance.py:1206} INFO - Marking task as SUCCESS. dag_id=Mercado_1m, task_id=get_1m_info, run_id=scheduled__2024-07-25T11:22:00+00:00, execution_date=20240725T112200, start_date=20240725T135841, end_date=20240725T135841
[2024-07-25T10:58:41.848-0300] {local_task_job_runner.py:243} INFO - Task exited with return code 0
[2024-07-25T10:58:41.854-0300] {taskinstance.py:3503} INFO - 0 downstream tasks scheduled from follow-on schedule check
[2024-07-25T10:58:41.854-0300] {local_task_job_runner.py:222} INFO - ::endgroup::
