[2024-07-25T14:56:09.723-0300] {local_task_job_runner.py:120} INFO - ::group::Pre task execution logs
[2024-07-25T14:56:09.729-0300] {taskinstance.py:2076} INFO - Dependencies all met for dep_context=non-requeueable deps ti=<TaskInstance: Mercado_5m.get_5m_info scheduled__2024-07-25T03:00:00+00:00 [queued]>
[2024-07-25T14:56:09.732-0300] {taskinstance.py:2076} INFO - Dependencies all met for dep_context=requeueable deps ti=<TaskInstance: Mercado_5m.get_5m_info scheduled__2024-07-25T03:00:00+00:00 [queued]>
[2024-07-25T14:56:09.732-0300] {taskinstance.py:2306} INFO - Starting attempt 1 of 1
[2024-07-25T14:56:09.746-0300] {taskinstance.py:2330} INFO - Executing <Task(PythonOperator): get_5m_info> on 2024-07-25 03:00:00+00:00
[2024-07-25T14:56:09.747-0300] {standard_task_runner.py:64} INFO - Started process 2615610 to run task
[2024-07-25T14:56:09.750-0300] {standard_task_runner.py:90} INFO - Running: ['airflow', 'tasks', 'run', 'Mercado_5m', 'get_5m_info', 'scheduled__2024-07-25T03:00:00+00:00', '--job-id', '2347', '--raw', '--subdir', 'DAGS_FOLDER/mercado_dag.py', '--cfg-path', '/tmp/tmpnvxqwifu']
[2024-07-25T14:56:09.751-0300] {standard_task_runner.py:91} INFO - Job 2347: Subtask get_5m_info
[2024-07-25T14:56:09.777-0300] {task_command.py:426} INFO - Running <TaskInstance: Mercado_5m.get_5m_info scheduled__2024-07-25T03:00:00+00:00 [running]> on host Galaxybook.
[2024-07-25T14:56:09.836-0300] {taskinstance.py:2648} INFO - Exporting env vars: AIRFLOW_CTX_DAG_OWNER='airflow' AIRFLOW_CTX_DAG_ID='Mercado_5m' AIRFLOW_CTX_TASK_ID='get_5m_info' AIRFLOW_CTX_EXECUTION_DATE='2024-07-25T03:00:00+00:00' AIRFLOW_CTX_TRY_NUMBER='1' AIRFLOW_CTX_DAG_RUN_ID='scheduled__2024-07-25T03:00:00+00:00'
[2024-07-25T14:56:09.836-0300] {taskinstance.py:430} INFO - ::endgroup::
[2024-07-25T14:56:09.917-0300] {base.py:84} INFO - Using connection ID 'mercado_default' for task execution.
[2024-07-25T14:56:09.918-0300] {mercado_hook.py:31} INFO - URL: https://api.mercadobitcoin.net/api/v4/candles?symbol=BTC-BRL&resolution=5m&to=1721887500&from=1721887200
[2024-07-25T14:56:10.194-0300] {python.py:237} INFO - Done. Returned value was: None
[2024-07-25T14:56:10.195-0300] {taskinstance.py:441} INFO - ::group::Post task execution logs
[2024-07-25T14:56:10.198-0300] {taskinstance.py:1206} INFO - Marking task as SUCCESS. dag_id=Mercado_5m, task_id=get_5m_info, run_id=scheduled__2024-07-25T03:00:00+00:00, execution_date=20240725T030000, start_date=20240725T175609, end_date=20240725T175610
[2024-07-25T14:56:10.248-0300] {local_task_job_runner.py:243} INFO - Task exited with return code 0
[2024-07-25T14:56:10.258-0300] {taskinstance.py:3503} INFO - 0 downstream tasks scheduled from follow-on schedule check
[2024-07-25T14:56:10.258-0300] {local_task_job_runner.py:222} INFO - ::endgroup::
[2024-07-25T16:20:16.464-0300] {local_task_job_runner.py:120} INFO - ::group::Pre task execution logs
[2024-07-25T16:20:16.471-0300] {taskinstance.py:2076} INFO - Dependencies all met for dep_context=non-requeueable deps ti=<TaskInstance: Mercado_5m.get_5m_info scheduled__2024-07-25T03:00:00+00:00 [queued]>
[2024-07-25T16:20:16.475-0300] {taskinstance.py:2076} INFO - Dependencies all met for dep_context=requeueable deps ti=<TaskInstance: Mercado_5m.get_5m_info scheduled__2024-07-25T03:00:00+00:00 [queued]>
[2024-07-25T16:20:16.475-0300] {taskinstance.py:2306} INFO - Starting attempt 1 of 1
[2024-07-25T16:20:16.492-0300] {taskinstance.py:2330} INFO - Executing <Task(PythonOperator): get_5m_info> on 2024-07-25 03:00:00+00:00
[2024-07-25T16:20:16.494-0300] {standard_task_runner.py:64} INFO - Started process 2663282 to run task
[2024-07-25T16:20:16.497-0300] {standard_task_runner.py:90} INFO - Running: ['airflow', 'tasks', 'run', 'Mercado_5m', 'get_5m_info', 'scheduled__2024-07-25T03:00:00+00:00', '--job-id', '2282', '--raw', '--subdir', 'DAGS_FOLDER/mercado_dag.py', '--cfg-path', '/tmp/tmptmke89m5']
[2024-07-25T16:20:16.498-0300] {standard_task_runner.py:91} INFO - Job 2282: Subtask get_5m_info
[2024-07-25T16:20:16.528-0300] {task_command.py:426} INFO - Running <TaskInstance: Mercado_5m.get_5m_info scheduled__2024-07-25T03:00:00+00:00 [running]> on host Galaxybook.
[2024-07-25T16:20:16.592-0300] {taskinstance.py:2648} INFO - Exporting env vars: AIRFLOW_CTX_DAG_OWNER='airflow' AIRFLOW_CTX_DAG_ID='Mercado_5m' AIRFLOW_CTX_TASK_ID='get_5m_info' AIRFLOW_CTX_EXECUTION_DATE='2024-07-25T03:00:00+00:00' AIRFLOW_CTX_TRY_NUMBER='1' AIRFLOW_CTX_DAG_RUN_ID='scheduled__2024-07-25T03:00:00+00:00'
[2024-07-25T16:20:16.592-0300] {taskinstance.py:430} INFO - ::endgroup::
[2024-07-25T16:20:16.601-0300] {mercado_dag.py:22} INFO - To: 2024-07-25 03:05:00+00:00
[2024-07-25T16:20:16.601-0300] {mercado_dag.py:23} INFO - From: 2024-07-25 03:00:00+00:00
[2024-07-25T16:20:16.602-0300] {mercado_dag.py:24} INFO - To timestamp: 1721876700 
[2024-07-25T16:20:16.602-0300] {mercado_dag.py:25} INFO - From timestamp: 1721876400 
[2024-07-25T16:20:16.682-0300] {base.py:84} INFO - Using connection ID 'mercado_default' for task execution.
[2024-07-25T16:20:16.683-0300] {mercado_hook.py:31} INFO - URL: https://api.mercadobitcoin.net/api/v4/candles?symbol=BTC-BRL&resolution=5m&to=1721876700&from=1721876400
[2024-07-25T16:20:16.959-0300] {python.py:237} INFO - Done. Returned value was: None
[2024-07-25T16:20:16.960-0300] {taskinstance.py:441} INFO - ::group::Post task execution logs
[2024-07-25T16:20:16.962-0300] {taskinstance.py:1206} INFO - Marking task as SUCCESS. dag_id=Mercado_5m, task_id=get_5m_info, run_id=scheduled__2024-07-25T03:00:00+00:00, execution_date=20240725T030000, start_date=20240725T192016, end_date=20240725T192016
[2024-07-25T16:20:16.995-0300] {local_task_job_runner.py:243} INFO - Task exited with return code 0
[2024-07-25T16:20:17.002-0300] {taskinstance.py:3503} INFO - 0 downstream tasks scheduled from follow-on schedule check
[2024-07-25T16:20:17.002-0300] {local_task_job_runner.py:222} INFO - ::endgroup::
[2024-07-25T16:26:21.544-0300] {local_task_job_runner.py:120} INFO - ::group::Pre task execution logs
[2024-07-25T16:26:21.549-0300] {taskinstance.py:2076} INFO - Dependencies all met for dep_context=non-requeueable deps ti=<TaskInstance: Mercado_5m.get_5m_info scheduled__2024-07-25T03:00:00+00:00 [queued]>
[2024-07-25T16:26:21.552-0300] {taskinstance.py:2076} INFO - Dependencies all met for dep_context=requeueable deps ti=<TaskInstance: Mercado_5m.get_5m_info scheduled__2024-07-25T03:00:00+00:00 [queued]>
[2024-07-25T16:26:21.552-0300] {taskinstance.py:2306} INFO - Starting attempt 1 of 1
[2024-07-25T16:26:21.564-0300] {taskinstance.py:2330} INFO - Executing <Task(PythonOperator): get_5m_info> on 2024-07-25 03:00:00+00:00
[2024-07-25T16:26:21.566-0300] {standard_task_runner.py:64} INFO - Started process 2669408 to run task
[2024-07-25T16:26:21.568-0300] {standard_task_runner.py:90} INFO - Running: ['airflow', 'tasks', 'run', 'Mercado_5m', 'get_5m_info', 'scheduled__2024-07-25T03:00:00+00:00', '--job-id', '2456', '--raw', '--subdir', 'DAGS_FOLDER/mercado_dag.py', '--cfg-path', '/tmp/tmpzofxrven']
[2024-07-25T16:26:21.570-0300] {standard_task_runner.py:91} INFO - Job 2456: Subtask get_5m_info
[2024-07-25T16:26:21.595-0300] {task_command.py:426} INFO - Running <TaskInstance: Mercado_5m.get_5m_info scheduled__2024-07-25T03:00:00+00:00 [running]> on host Galaxybook.
[2024-07-25T16:26:21.648-0300] {taskinstance.py:2648} INFO - Exporting env vars: AIRFLOW_CTX_DAG_OWNER='airflow' AIRFLOW_CTX_DAG_ID='Mercado_5m' AIRFLOW_CTX_TASK_ID='get_5m_info' AIRFLOW_CTX_EXECUTION_DATE='2024-07-25T03:00:00+00:00' AIRFLOW_CTX_TRY_NUMBER='1' AIRFLOW_CTX_DAG_RUN_ID='scheduled__2024-07-25T03:00:00+00:00'
[2024-07-25T16:26:21.648-0300] {taskinstance.py:430} INFO - ::endgroup::
[2024-07-25T16:26:21.657-0300] {mercado_dag.py:22} INFO - To: 2024-07-25 03:05:00+00:00
[2024-07-25T16:26:21.657-0300] {mercado_dag.py:23} INFO - From: 2024-07-25 03:00:00+00:00
[2024-07-25T16:26:21.657-0300] {mercado_dag.py:24} INFO - To timestamp: 1721876700000 
[2024-07-25T16:26:21.657-0300] {mercado_dag.py:25} INFO - From timestamp: 1721876400000 
[2024-07-25T16:26:21.718-0300] {base.py:84} INFO - Using connection ID 'mercado_default' for task execution.
[2024-07-25T16:26:21.718-0300] {mercado_hook.py:31} INFO - URL: https://api.mercadobitcoin.net/api/v4/candles?symbol=BTC-BRL&resolution=5m&to=1721876700000&from=1721876400000
[2024-07-25T16:26:21.983-0300] {python.py:237} INFO - Done. Returned value was: None
[2024-07-25T16:26:21.983-0300] {taskinstance.py:441} INFO - ::group::Post task execution logs
[2024-07-25T16:26:21.985-0300] {taskinstance.py:1206} INFO - Marking task as SUCCESS. dag_id=Mercado_5m, task_id=get_5m_info, run_id=scheduled__2024-07-25T03:00:00+00:00, execution_date=20240725T030000, start_date=20240725T192621, end_date=20240725T192621
[2024-07-25T16:26:22.030-0300] {local_task_job_runner.py:243} INFO - Task exited with return code 0
[2024-07-25T16:26:22.039-0300] {taskinstance.py:3503} INFO - 0 downstream tasks scheduled from follow-on schedule check
[2024-07-25T16:26:22.039-0300] {local_task_job_runner.py:222} INFO - ::endgroup::
