[2024-07-25T00:13:02.475-0300] {local_task_job_runner.py:120} INFO - ::group::Pre task execution logs
[2024-07-25T00:13:02.480-0300] {taskinstance.py:2076} INFO - Dependencies all met for dep_context=non-requeueable deps ti=<TaskInstance: Mercado_1m.get_1m_info scheduled__2024-07-25T03:12:00+00:00 [queued]>
[2024-07-25T00:13:02.484-0300] {taskinstance.py:2076} INFO - Dependencies all met for dep_context=requeueable deps ti=<TaskInstance: Mercado_1m.get_1m_info scheduled__2024-07-25T03:12:00+00:00 [queued]>
[2024-07-25T00:13:02.485-0300] {taskinstance.py:2306} INFO - Starting attempt 1 of 1
[2024-07-25T00:13:02.503-0300] {taskinstance.py:2330} INFO - Executing <Task(PythonOperator): get_1m_info> on 2024-07-25 03:12:00+00:00
[2024-07-25T00:13:02.504-0300] {standard_task_runner.py:64} INFO - Started process 2297836 to run task
[2024-07-25T00:13:02.506-0300] {standard_task_runner.py:90} INFO - Running: ['airflow', 'tasks', 'run', 'Mercado_1m', 'get_1m_info', 'scheduled__2024-07-25T03:12:00+00:00', '--job-id', '1823', '--raw', '--subdir', 'DAGS_FOLDER/mercado_dag.py', '--cfg-path', '/tmp/tmpw94b2ceb']
[2024-07-25T00:13:02.507-0300] {standard_task_runner.py:91} INFO - Job 1823: Subtask get_1m_info
[2024-07-25T00:13:02.539-0300] {task_command.py:426} INFO - Running <TaskInstance: Mercado_1m.get_1m_info scheduled__2024-07-25T03:12:00+00:00 [running]> on host Galaxybook.
[2024-07-25T00:13:02.596-0300] {taskinstance.py:2648} INFO - Exporting env vars: AIRFLOW_CTX_DAG_OWNER='airflow' AIRFLOW_CTX_DAG_ID='Mercado_1m' AIRFLOW_CTX_TASK_ID='get_1m_info' AIRFLOW_CTX_EXECUTION_DATE='2024-07-25T03:12:00+00:00' AIRFLOW_CTX_TRY_NUMBER='1' AIRFLOW_CTX_DAG_RUN_ID='scheduled__2024-07-25T03:12:00+00:00'
[2024-07-25T00:13:02.596-0300] {taskinstance.py:430} INFO - ::endgroup::
[2024-07-25T00:13:02.666-0300] {base.py:84} INFO - Using connection ID 'mercado_default' for task execution.
[2024-07-25T00:13:02.667-0300] {mercado_hook.py:26} INFO - BASE URL: https://api.mercadobitcoin.net/api/v4
[2024-07-25T00:13:02.667-0300] {mercado_hook.py:32} INFO - URL: https://api.mercadobitcoin.net/api/v4/candles?symbol=BTC-BRL&resolution=1m&to=1721877122&from=1721877122
[2024-07-25T00:13:02.939-0300] {python.py:237} INFO - Done. Returned value was: None
[2024-07-25T00:13:02.940-0300] {taskinstance.py:441} INFO - ::group::Post task execution logs
[2024-07-25T00:13:02.944-0300] {taskinstance.py:1206} INFO - Marking task as SUCCESS. dag_id=Mercado_1m, task_id=get_1m_info, run_id=scheduled__2024-07-25T03:12:00+00:00, execution_date=20240725T031200, start_date=20240725T031302, end_date=20240725T031302
[2024-07-25T00:13:02.963-0300] {local_task_job_runner.py:243} INFO - Task exited with return code 0
[2024-07-25T00:13:02.970-0300] {taskinstance.py:3503} INFO - 0 downstream tasks scheduled from follow-on schedule check
[2024-07-25T00:13:02.970-0300] {local_task_job_runner.py:222} INFO - ::endgroup::
