[2024-07-25T14:48:40.720-0300] {local_task_job_runner.py:120} INFO - ::group::Pre task execution logs
[2024-07-25T14:48:40.727-0300] {taskinstance.py:2076} INFO - Dependencies all met for dep_context=non-requeueable deps ti=<TaskInstance: Binance_5m.get_5m_info scheduled__2024-07-25T04:30:00+00:00 [queued]>
[2024-07-25T14:48:40.731-0300] {taskinstance.py:2076} INFO - Dependencies all met for dep_context=requeueable deps ti=<TaskInstance: Binance_5m.get_5m_info scheduled__2024-07-25T04:30:00+00:00 [queued]>
[2024-07-25T14:48:40.731-0300] {taskinstance.py:2306} INFO - Starting attempt 1 of 1
[2024-07-25T14:48:40.743-0300] {taskinstance.py:2330} INFO - Executing <Task(PythonOperator): get_5m_info> on 2024-07-25 04:30:00+00:00
[2024-07-25T14:48:40.745-0300] {standard_task_runner.py:64} INFO - Started process 2608067 to run task
[2024-07-25T14:48:40.748-0300] {standard_task_runner.py:90} INFO - Running: ['airflow', 'tasks', 'run', 'Binance_5m', 'get_5m_info', 'scheduled__2024-07-25T04:30:00+00:00', '--job-id', '2140', '--raw', '--subdir', 'DAGS_FOLDER/binance_dag.py', '--cfg-path', '/tmp/tmp5veh1ziq']
[2024-07-25T14:48:40.749-0300] {standard_task_runner.py:91} INFO - Job 2140: Subtask get_5m_info
[2024-07-25T14:48:40.779-0300] {task_command.py:426} INFO - Running <TaskInstance: Binance_5m.get_5m_info scheduled__2024-07-25T04:30:00+00:00 [running]> on host Galaxybook.
[2024-07-25T14:48:40.833-0300] {taskinstance.py:2648} INFO - Exporting env vars: AIRFLOW_CTX_DAG_OWNER='airflow' AIRFLOW_CTX_DAG_ID='Binance_5m' AIRFLOW_CTX_TASK_ID='get_5m_info' AIRFLOW_CTX_EXECUTION_DATE='2024-07-25T04:30:00+00:00' AIRFLOW_CTX_TRY_NUMBER='1' AIRFLOW_CTX_DAG_RUN_ID='scheduled__2024-07-25T04:30:00+00:00'
[2024-07-25T14:48:40.833-0300] {taskinstance.py:430} INFO - ::endgroup::
[2024-07-25T14:48:40.842-0300] {binance_dag.py:23} INFO - End Time: 2024-07-25T04:35:00.00Z
[2024-07-25T14:48:40.842-0300] {binance_dag.py:24} INFO - Start Time: 2024-07-25T04:30:00.00Z
[2024-07-25T14:48:40.911-0300] {base.py:84} INFO - Using connection ID 'binance_default' for task execution.
[2024-07-25T14:48:40.912-0300] {logging_mixin.py:188} INFO - https://api.binance.com
[2024-07-25T14:48:40.912-0300] {binance_hook.py:35} INFO - URL: https://api.binance.com/api/v3/klines?symbol=BTCBRL&interval=5m&startTime=1721892600000&endTime=1721892899999
[2024-07-25T14:48:41.305-0300] {binance_dag.py:43} INFO - r: [[1721892600000, '366002.00000000', '366241.00000000', '365945.00000000', '366211.00000000', '0.04722000', 1721892899999, '17286.27884000', 18, '0.00785000', '2874.42816000', '0']]
[2024-07-25T14:48:41.306-0300] {python.py:237} INFO - Done. Returned value was: None
[2024-07-25T14:48:41.306-0300] {taskinstance.py:441} INFO - ::group::Post task execution logs
[2024-07-25T14:48:41.309-0300] {taskinstance.py:1206} INFO - Marking task as SUCCESS. dag_id=Binance_5m, task_id=get_5m_info, run_id=scheduled__2024-07-25T04:30:00+00:00, execution_date=20240725T043000, start_date=20240725T174840, end_date=20240725T174841
[2024-07-25T14:48:41.325-0300] {local_task_job_runner.py:243} INFO - Task exited with return code 0
[2024-07-25T14:48:41.331-0300] {taskinstance.py:3503} INFO - 0 downstream tasks scheduled from follow-on schedule check
[2024-07-25T14:48:41.332-0300] {local_task_job_runner.py:222} INFO - ::endgroup::
[2024-07-25T15:18:55.217-0300] {local_task_job_runner.py:120} INFO - ::group::Pre task execution logs
[2024-07-25T15:18:55.223-0300] {taskinstance.py:2076} INFO - Dependencies all met for dep_context=non-requeueable deps ti=<TaskInstance: Binance_5m.get_5m_info scheduled__2024-07-25T04:30:00+00:00 [queued]>
[2024-07-25T15:18:55.226-0300] {taskinstance.py:2076} INFO - Dependencies all met for dep_context=requeueable deps ti=<TaskInstance: Binance_5m.get_5m_info scheduled__2024-07-25T04:30:00+00:00 [queued]>
[2024-07-25T15:18:55.226-0300] {taskinstance.py:2306} INFO - Starting attempt 1 of 1
[2024-07-25T15:18:55.239-0300] {taskinstance.py:2330} INFO - Executing <Task(PythonOperator): get_5m_info> on 2024-07-25 04:30:00+00:00
[2024-07-25T15:18:55.241-0300] {standard_task_runner.py:64} INFO - Started process 2630664 to run task
[2024-07-25T15:18:55.243-0300] {standard_task_runner.py:90} INFO - Running: ['airflow', 'tasks', 'run', 'Binance_5m', 'get_5m_info', 'scheduled__2024-07-25T04:30:00+00:00', '--job-id', '2589', '--raw', '--subdir', 'DAGS_FOLDER/binance_dag.py', '--cfg-path', '/tmp/tmpp5rztfjj']
[2024-07-25T15:18:55.244-0300] {standard_task_runner.py:91} INFO - Job 2589: Subtask get_5m_info
[2024-07-25T15:18:55.270-0300] {task_command.py:426} INFO - Running <TaskInstance: Binance_5m.get_5m_info scheduled__2024-07-25T04:30:00+00:00 [running]> on host Galaxybook.
[2024-07-25T15:18:55.328-0300] {taskinstance.py:2648} INFO - Exporting env vars: AIRFLOW_CTX_DAG_OWNER='airflow' AIRFLOW_CTX_DAG_ID='Binance_5m' AIRFLOW_CTX_TASK_ID='get_5m_info' AIRFLOW_CTX_EXECUTION_DATE='2024-07-25T04:30:00+00:00' AIRFLOW_CTX_TRY_NUMBER='1' AIRFLOW_CTX_DAG_RUN_ID='scheduled__2024-07-25T04:30:00+00:00'
[2024-07-25T15:18:55.328-0300] {taskinstance.py:430} INFO - ::endgroup::
[2024-07-25T15:18:55.337-0300] {binance_dag.py:23} INFO - End Time: 2024-07-25T04:35:00.00Z
[2024-07-25T15:18:55.337-0300] {binance_dag.py:24} INFO - Start Time: 2024-07-25T04:30:00.00Z
[2024-07-25T15:18:55.393-0300] {binance_dag.py:25} INFO - 1721892600000
[2024-07-25T15:18:55.397-0300] {base.py:84} INFO - Using connection ID 'binance_default' for task execution.
[2024-07-25T15:18:55.397-0300] {logging_mixin.py:188} INFO - https://api.binance.com
[2024-07-25T15:18:55.398-0300] {binance_hook.py:35} INFO - URL: https://api.binance.com/api/v3/klines?symbol=BTCBRL&interval=5m&startTime=1721892600000&endTime=1721892899999
[2024-07-25T15:18:55.865-0300] {python.py:237} INFO - Done. Returned value was: None
[2024-07-25T15:18:55.866-0300] {taskinstance.py:441} INFO - ::group::Post task execution logs
[2024-07-25T15:18:55.868-0300] {taskinstance.py:1206} INFO - Marking task as SUCCESS. dag_id=Binance_5m, task_id=get_5m_info, run_id=scheduled__2024-07-25T04:30:00+00:00, execution_date=20240725T043000, start_date=20240725T181855, end_date=20240725T181855
[2024-07-25T15:18:55.904-0300] {local_task_job_runner.py:243} INFO - Task exited with return code 0
[2024-07-25T15:18:55.909-0300] {taskinstance.py:3503} INFO - 0 downstream tasks scheduled from follow-on schedule check
[2024-07-25T15:18:55.910-0300] {local_task_job_runner.py:222} INFO - ::endgroup::
[2024-07-25T16:15:25.534-0300] {local_task_job_runner.py:120} INFO - ::group::Pre task execution logs
[2024-07-25T16:15:25.540-0300] {taskinstance.py:2076} INFO - Dependencies all met for dep_context=non-requeueable deps ti=<TaskInstance: Binance_5m.get_5m_info scheduled__2024-07-25T04:30:00+00:00 [queued]>
[2024-07-25T16:15:25.544-0300] {taskinstance.py:2076} INFO - Dependencies all met for dep_context=requeueable deps ti=<TaskInstance: Binance_5m.get_5m_info scheduled__2024-07-25T04:30:00+00:00 [queued]>
[2024-07-25T16:15:25.544-0300] {taskinstance.py:2306} INFO - Starting attempt 1 of 1
[2024-07-25T16:15:25.561-0300] {taskinstance.py:2330} INFO - Executing <Task(PythonOperator): get_5m_info> on 2024-07-25 04:30:00+00:00
[2024-07-25T16:15:25.563-0300] {standard_task_runner.py:64} INFO - Started process 2658382 to run task
[2024-07-25T16:15:25.566-0300] {standard_task_runner.py:90} INFO - Running: ['airflow', 'tasks', 'run', 'Binance_5m', 'get_5m_info', 'scheduled__2024-07-25T04:30:00+00:00', '--job-id', '2149', '--raw', '--subdir', 'DAGS_FOLDER/binance_dag.py', '--cfg-path', '/tmp/tmplqtm5zfl']
[2024-07-25T16:15:25.567-0300] {standard_task_runner.py:91} INFO - Job 2149: Subtask get_5m_info
[2024-07-25T16:15:25.597-0300] {task_command.py:426} INFO - Running <TaskInstance: Binance_5m.get_5m_info scheduled__2024-07-25T04:30:00+00:00 [running]> on host Galaxybook.
[2024-07-25T16:15:25.654-0300] {taskinstance.py:2648} INFO - Exporting env vars: AIRFLOW_CTX_DAG_OWNER='airflow' AIRFLOW_CTX_DAG_ID='Binance_5m' AIRFLOW_CTX_TASK_ID='get_5m_info' AIRFLOW_CTX_EXECUTION_DATE='2024-07-25T04:30:00+00:00' AIRFLOW_CTX_TRY_NUMBER='1' AIRFLOW_CTX_DAG_RUN_ID='scheduled__2024-07-25T04:30:00+00:00'
[2024-07-25T16:15:25.655-0300] {taskinstance.py:430} INFO - ::endgroup::
[2024-07-25T16:15:25.663-0300] {binance_dag.py:22} INFO - End Time: 2024-07-25 04:35:00+00:00
[2024-07-25T16:15:25.663-0300] {binance_dag.py:23} INFO - Start Time: 2024-07-25 04:30:00+00:00
[2024-07-25T16:15:25.663-0300] {binance_dag.py:24} INFO - Start timestamp: 1721881800000
[2024-07-25T16:15:25.664-0300] {binance_dag.py:25} INFO - End timestamp: 1721882100000
[2024-07-25T16:15:25.732-0300] {base.py:84} INFO - Using connection ID 'binance_default' for task execution.
[2024-07-25T16:15:25.732-0300] {logging_mixin.py:188} INFO - https://api.binance.com
[2024-07-25T16:15:25.733-0300] {binance_hook.py:35} INFO - URL: https://api.binance.com/api/v3/klines?symbol=BTCBRL&interval=5m&startTime=1721881800000&endTime=1721882099999&timeZone=-3
[2024-07-25T16:15:26.163-0300] {python.py:237} INFO - Done. Returned value was: None
[2024-07-25T16:15:26.164-0300] {taskinstance.py:441} INFO - ::group::Post task execution logs
[2024-07-25T16:15:26.166-0300] {taskinstance.py:1206} INFO - Marking task as SUCCESS. dag_id=Binance_5m, task_id=get_5m_info, run_id=scheduled__2024-07-25T04:30:00+00:00, execution_date=20240725T043000, start_date=20240725T191525, end_date=20240725T191526
[2024-07-25T16:15:26.187-0300] {local_task_job_runner.py:243} INFO - Task exited with return code 0
[2024-07-25T16:15:26.196-0300] {taskinstance.py:3503} INFO - 0 downstream tasks scheduled from follow-on schedule check
[2024-07-25T16:15:26.197-0300] {local_task_job_runner.py:222} INFO - ::endgroup::
