[2024-07-25T14:28:16.353-0300] {local_task_job_runner.py:120} INFO - ::group::Pre task execution logs
[2024-07-25T14:28:16.358-0300] {taskinstance.py:2076} INFO - Dependencies all met for dep_context=non-requeueable deps ti=<TaskInstance: Binance_5m.get_5m_info scheduled__2024-07-25T13:20:00+00:00 [queued]>
[2024-07-25T14:28:16.361-0300] {taskinstance.py:2076} INFO - Dependencies all met for dep_context=requeueable deps ti=<TaskInstance: Binance_5m.get_5m_info scheduled__2024-07-25T13:20:00+00:00 [queued]>
[2024-07-25T14:28:16.361-0300] {taskinstance.py:2306} INFO - Starting attempt 1 of 1
[2024-07-25T14:28:16.376-0300] {taskinstance.py:2330} INFO - Executing <Task(PythonOperator): get_5m_info> on 2024-07-25 13:20:00+00:00
[2024-07-25T14:28:16.377-0300] {standard_task_runner.py:64} INFO - Started process 2591048 to run task
[2024-07-25T14:28:16.380-0300] {standard_task_runner.py:90} INFO - Running: ['airflow', 'tasks', 'run', 'Binance_5m', 'get_5m_info', 'scheduled__2024-07-25T13:20:00+00:00', '--job-id', '2115', '--raw', '--subdir', 'DAGS_FOLDER/binance_dag.py', '--cfg-path', '/tmp/tmp7tlar5u5']
[2024-07-25T14:28:16.381-0300] {standard_task_runner.py:91} INFO - Job 2115: Subtask get_5m_info
[2024-07-25T14:28:16.404-0300] {task_command.py:426} INFO - Running <TaskInstance: Binance_5m.get_5m_info scheduled__2024-07-25T13:20:00+00:00 [running]> on host Galaxybook.
[2024-07-25T14:28:16.450-0300] {taskinstance.py:2648} INFO - Exporting env vars: AIRFLOW_CTX_DAG_OWNER='airflow' AIRFLOW_CTX_DAG_ID='Binance_5m' AIRFLOW_CTX_TASK_ID='get_5m_info' AIRFLOW_CTX_EXECUTION_DATE='2024-07-25T13:20:00+00:00' AIRFLOW_CTX_TRY_NUMBER='1' AIRFLOW_CTX_DAG_RUN_ID='scheduled__2024-07-25T13:20:00+00:00'
[2024-07-25T14:28:16.450-0300] {taskinstance.py:430} INFO - ::endgroup::
[2024-07-25T14:28:16.457-0300] {binance_dag.py:23} INFO - End Time: 2024-07-25T13:25:00.00Z
[2024-07-25T14:28:16.511-0300] {base.py:84} INFO - Using connection ID 'binance_default' for task execution.
[2024-07-25T14:28:16.511-0300] {logging_mixin.py:188} INFO - https://api.binance.com
[2024-07-25T14:28:16.511-0300] {binance_hook.py:35} INFO - URL: https://api.binance.com/api/v3/klines?symbol=BTCBRL&interval=5m&startTime=1721924400000&endTime=1721924700000
[2024-07-25T14:28:16.902-0300] {python.py:237} INFO - Done. Returned value was: None
[2024-07-25T14:28:16.902-0300] {taskinstance.py:441} INFO - ::group::Post task execution logs
[2024-07-25T14:28:16.905-0300] {taskinstance.py:1206} INFO - Marking task as SUCCESS. dag_id=Binance_5m, task_id=get_5m_info, run_id=scheduled__2024-07-25T13:20:00+00:00, execution_date=20240725T132000, start_date=20240725T172816, end_date=20240725T172816
[2024-07-25T14:28:16.922-0300] {local_task_job_runner.py:243} INFO - Task exited with return code 0
[2024-07-25T14:28:16.929-0300] {taskinstance.py:3503} INFO - 0 downstream tasks scheduled from follow-on schedule check
[2024-07-25T14:28:16.929-0300] {local_task_job_runner.py:222} INFO - ::endgroup::
[2024-07-25T14:31:40.859-0300] {local_task_job_runner.py:120} INFO - ::group::Pre task execution logs
[2024-07-25T14:31:40.866-0300] {taskinstance.py:2076} INFO - Dependencies all met for dep_context=non-requeueable deps ti=<TaskInstance: Binance_5m.get_5m_info scheduled__2024-07-25T13:20:00+00:00 [queued]>
[2024-07-25T14:31:40.869-0300] {taskinstance.py:2076} INFO - Dependencies all met for dep_context=requeueable deps ti=<TaskInstance: Binance_5m.get_5m_info scheduled__2024-07-25T13:20:00+00:00 [queued]>
[2024-07-25T14:31:40.870-0300] {taskinstance.py:2306} INFO - Starting attempt 1 of 1
[2024-07-25T14:31:40.883-0300] {taskinstance.py:2330} INFO - Executing <Task(PythonOperator): get_5m_info> on 2024-07-25 13:20:00+00:00
[2024-07-25T14:31:40.886-0300] {standard_task_runner.py:64} INFO - Started process 2594538 to run task
[2024-07-25T14:31:40.888-0300] {standard_task_runner.py:90} INFO - Running: ['airflow', 'tasks', 'run', 'Binance_5m', 'get_5m_info', 'scheduled__2024-07-25T13:20:00+00:00', '--job-id', '2136', '--raw', '--subdir', 'DAGS_FOLDER/binance_dag.py', '--cfg-path', '/tmp/tmpnxfz31m9']
[2024-07-25T14:31:40.889-0300] {standard_task_runner.py:91} INFO - Job 2136: Subtask get_5m_info
[2024-07-25T14:31:40.922-0300] {task_command.py:426} INFO - Running <TaskInstance: Binance_5m.get_5m_info scheduled__2024-07-25T13:20:00+00:00 [running]> on host Galaxybook.
[2024-07-25T14:31:40.975-0300] {taskinstance.py:2648} INFO - Exporting env vars: AIRFLOW_CTX_DAG_OWNER='airflow' AIRFLOW_CTX_DAG_ID='Binance_5m' AIRFLOW_CTX_TASK_ID='get_5m_info' AIRFLOW_CTX_EXECUTION_DATE='2024-07-25T13:20:00+00:00' AIRFLOW_CTX_TRY_NUMBER='1' AIRFLOW_CTX_DAG_RUN_ID='scheduled__2024-07-25T13:20:00+00:00'
[2024-07-25T14:31:40.975-0300] {taskinstance.py:430} INFO - ::endgroup::
[2024-07-25T14:31:40.984-0300] {binance_dag.py:23} INFO - End Time: 2024-07-25T13:25:00.00Z
[2024-07-25T14:31:41.057-0300] {base.py:84} INFO - Using connection ID 'binance_default' for task execution.
[2024-07-25T14:31:41.057-0300] {logging_mixin.py:188} INFO - https://api.binance.com
[2024-07-25T14:31:41.058-0300] {binance_hook.py:35} INFO - URL: https://api.binance.com/api/v3/klines?symbol=BTCBRL&interval=5m&startTime=1721924400000&endTime=1721924700000
[2024-07-25T14:31:41.455-0300] {python.py:237} INFO - Done. Returned value was: None
[2024-07-25T14:31:41.456-0300] {taskinstance.py:441} INFO - ::group::Post task execution logs
[2024-07-25T14:31:41.459-0300] {taskinstance.py:1206} INFO - Marking task as SUCCESS. dag_id=Binance_5m, task_id=get_5m_info, run_id=scheduled__2024-07-25T13:20:00+00:00, execution_date=20240725T132000, start_date=20240725T173140, end_date=20240725T173141
[2024-07-25T14:31:41.476-0300] {local_task_job_runner.py:243} INFO - Task exited with return code 0
[2024-07-25T14:31:41.482-0300] {taskinstance.py:3503} INFO - 0 downstream tasks scheduled from follow-on schedule check
[2024-07-25T14:31:41.482-0300] {local_task_job_runner.py:222} INFO - ::endgroup::
[2024-07-25T14:37:04.330-0300] {local_task_job_runner.py:120} INFO - ::group::Pre task execution logs
[2024-07-25T14:37:04.336-0300] {taskinstance.py:2076} INFO - Dependencies all met for dep_context=non-requeueable deps ti=<TaskInstance: Binance_5m.get_5m_info scheduled__2024-07-25T13:20:00+00:00 [queued]>
[2024-07-25T14:37:04.339-0300] {taskinstance.py:2076} INFO - Dependencies all met for dep_context=requeueable deps ti=<TaskInstance: Binance_5m.get_5m_info scheduled__2024-07-25T13:20:00+00:00 [queued]>
[2024-07-25T14:37:04.339-0300] {taskinstance.py:2306} INFO - Starting attempt 1 of 1
[2024-07-25T14:37:04.354-0300] {taskinstance.py:2330} INFO - Executing <Task(PythonOperator): get_5m_info> on 2024-07-25 13:20:00+00:00
[2024-07-25T14:37:04.357-0300] {standard_task_runner.py:64} INFO - Started process 2599472 to run task
[2024-07-25T14:37:04.359-0300] {standard_task_runner.py:90} INFO - Running: ['airflow', 'tasks', 'run', 'Binance_5m', 'get_5m_info', 'scheduled__2024-07-25T13:20:00+00:00', '--job-id', '2098', '--raw', '--subdir', 'DAGS_FOLDER/binance_dag.py', '--cfg-path', '/tmp/tmpznwgyjgc']
[2024-07-25T14:37:04.360-0300] {standard_task_runner.py:91} INFO - Job 2098: Subtask get_5m_info
[2024-07-25T14:37:04.390-0300] {task_command.py:426} INFO - Running <TaskInstance: Binance_5m.get_5m_info scheduled__2024-07-25T13:20:00+00:00 [running]> on host Galaxybook.
[2024-07-25T14:37:04.443-0300] {taskinstance.py:2648} INFO - Exporting env vars: AIRFLOW_CTX_DAG_OWNER='airflow' AIRFLOW_CTX_DAG_ID='Binance_5m' AIRFLOW_CTX_TASK_ID='get_5m_info' AIRFLOW_CTX_EXECUTION_DATE='2024-07-25T13:20:00+00:00' AIRFLOW_CTX_TRY_NUMBER='1' AIRFLOW_CTX_DAG_RUN_ID='scheduled__2024-07-25T13:20:00+00:00'
[2024-07-25T14:37:04.443-0300] {taskinstance.py:430} INFO - ::endgroup::
[2024-07-25T14:37:04.454-0300] {binance_dag.py:23} INFO - End Time: 2024-07-25T13:25:00.00Z
[2024-07-25T14:37:04.536-0300] {base.py:84} INFO - Using connection ID 'binance_default' for task execution.
[2024-07-25T14:37:04.536-0300] {logging_mixin.py:188} INFO - https://api.binance.com
[2024-07-25T14:37:04.536-0300] {binance_hook.py:35} INFO - URL: https://api.binance.com/api/v3/klines?symbol=BTCBRL&interval=5m&startTime=1721924400000&endTime=1721924700000
[2024-07-25T14:37:04.943-0300] {binance_dag.py:42} INFO - r: [[1721924400000, '367422.00000000', '367703.00000000', '367042.00000000', '367458.00000000', '1.48321000', 1721924699999, '545055.37137000', 107, '0.26727000', '98197.15991000', '0'], [1721924700000, '367536.00000000', '367604.00000000', '367158.00000000', '367500.00000000', '0.37663000', 1721924999999, '138366.33678000', 80, '0.23170000', '85128.59923000', '0']]
[2024-07-25T14:37:04.944-0300] {python.py:237} INFO - Done. Returned value was: None
[2024-07-25T14:37:04.945-0300] {taskinstance.py:441} INFO - ::group::Post task execution logs
[2024-07-25T14:37:04.948-0300] {taskinstance.py:1206} INFO - Marking task as SUCCESS. dag_id=Binance_5m, task_id=get_5m_info, run_id=scheduled__2024-07-25T13:20:00+00:00, execution_date=20240725T132000, start_date=20240725T173704, end_date=20240725T173704
[2024-07-25T14:37:04.981-0300] {local_task_job_runner.py:243} INFO - Task exited with return code 0
[2024-07-25T14:37:04.988-0300] {taskinstance.py:3503} INFO - 0 downstream tasks scheduled from follow-on schedule check
[2024-07-25T14:37:04.989-0300] {local_task_job_runner.py:222} INFO - ::endgroup::
[2024-07-25T14:52:58.046-0300] {local_task_job_runner.py:120} INFO - ::group::Pre task execution logs
[2024-07-25T14:52:58.051-0300] {taskinstance.py:2076} INFO - Dependencies all met for dep_context=non-requeueable deps ti=<TaskInstance: Binance_5m.get_5m_info scheduled__2024-07-25T13:20:00+00:00 [queued]>
[2024-07-25T14:52:58.054-0300] {taskinstance.py:2076} INFO - Dependencies all met for dep_context=requeueable deps ti=<TaskInstance: Binance_5m.get_5m_info scheduled__2024-07-25T13:20:00+00:00 [queued]>
[2024-07-25T14:52:58.054-0300] {taskinstance.py:2306} INFO - Starting attempt 1 of 1
[2024-07-25T14:52:58.066-0300] {taskinstance.py:2330} INFO - Executing <Task(PythonOperator): get_5m_info> on 2024-07-25 13:20:00+00:00
[2024-07-25T14:52:58.067-0300] {standard_task_runner.py:64} INFO - Started process 2612349 to run task
[2024-07-25T14:52:58.070-0300] {standard_task_runner.py:90} INFO - Running: ['airflow', 'tasks', 'run', 'Binance_5m', 'get_5m_info', 'scheduled__2024-07-25T13:20:00+00:00', '--job-id', '2252', '--raw', '--subdir', 'DAGS_FOLDER/binance_dag.py', '--cfg-path', '/tmp/tmpqzju344w']
[2024-07-25T14:52:58.070-0300] {standard_task_runner.py:91} INFO - Job 2252: Subtask get_5m_info
[2024-07-25T14:52:58.100-0300] {task_command.py:426} INFO - Running <TaskInstance: Binance_5m.get_5m_info scheduled__2024-07-25T13:20:00+00:00 [running]> on host Galaxybook.
[2024-07-25T14:52:58.152-0300] {taskinstance.py:2648} INFO - Exporting env vars: AIRFLOW_CTX_DAG_OWNER='airflow' AIRFLOW_CTX_DAG_ID='Binance_5m' AIRFLOW_CTX_TASK_ID='get_5m_info' AIRFLOW_CTX_EXECUTION_DATE='2024-07-25T13:20:00+00:00' AIRFLOW_CTX_TRY_NUMBER='1' AIRFLOW_CTX_DAG_RUN_ID='scheduled__2024-07-25T13:20:00+00:00'
[2024-07-25T14:52:58.152-0300] {taskinstance.py:430} INFO - ::endgroup::
[2024-07-25T14:52:58.162-0300] {binance_dag.py:23} INFO - End Time: 2024-07-25T13:25:00.00Z
[2024-07-25T14:52:58.162-0300] {binance_dag.py:24} INFO - Start Time: 2024-07-25T13:20:00.00Z
[2024-07-25T14:52:58.217-0300] {base.py:84} INFO - Using connection ID 'binance_default' for task execution.
[2024-07-25T14:52:58.217-0300] {logging_mixin.py:188} INFO - https://api.binance.com
[2024-07-25T14:52:58.217-0300] {binance_hook.py:35} INFO - URL: https://api.binance.com/api/v3/klines?symbol=BTCBRL&interval=5m&startTime=1721924400000&endTime=1721924699999
[2024-07-25T14:52:58.615-0300] {binance_dag.py:43} INFO - r: [[1721924400000, '367422.00000000', '367703.00000000', '367042.00000000', '367458.00000000', '1.48321000', 1721924699999, '545055.37137000', 107, '0.26727000', '98197.15991000', '0']]
[2024-07-25T14:52:58.616-0300] {python.py:237} INFO - Done. Returned value was: None
[2024-07-25T14:52:58.617-0300] {taskinstance.py:441} INFO - ::group::Post task execution logs
[2024-07-25T14:52:58.620-0300] {taskinstance.py:1206} INFO - Marking task as SUCCESS. dag_id=Binance_5m, task_id=get_5m_info, run_id=scheduled__2024-07-25T13:20:00+00:00, execution_date=20240725T132000, start_date=20240725T175258, end_date=20240725T175258
[2024-07-25T14:52:58.653-0300] {local_task_job_runner.py:243} INFO - Task exited with return code 0
[2024-07-25T14:52:58.660-0300] {taskinstance.py:3503} INFO - 0 downstream tasks scheduled from follow-on schedule check
[2024-07-25T14:52:58.660-0300] {local_task_job_runner.py:222} INFO - ::endgroup::
[2024-07-25T15:22:49.475-0300] {local_task_job_runner.py:120} INFO - ::group::Pre task execution logs
[2024-07-25T15:22:49.480-0300] {taskinstance.py:2076} INFO - Dependencies all met for dep_context=non-requeueable deps ti=<TaskInstance: Binance_5m.get_5m_info scheduled__2024-07-25T13:20:00+00:00 [queued]>
[2024-07-25T15:22:49.483-0300] {taskinstance.py:2076} INFO - Dependencies all met for dep_context=requeueable deps ti=<TaskInstance: Binance_5m.get_5m_info scheduled__2024-07-25T13:20:00+00:00 [queued]>
[2024-07-25T15:22:49.483-0300] {taskinstance.py:2306} INFO - Starting attempt 1 of 1
[2024-07-25T15:22:49.496-0300] {taskinstance.py:2330} INFO - Executing <Task(PythonOperator): get_5m_info> on 2024-07-25 13:20:00+00:00
[2024-07-25T15:22:49.498-0300] {standard_task_runner.py:64} INFO - Started process 2634559 to run task
[2024-07-25T15:22:49.500-0300] {standard_task_runner.py:90} INFO - Running: ['airflow', 'tasks', 'run', 'Binance_5m', 'get_5m_info', 'scheduled__2024-07-25T13:20:00+00:00', '--job-id', '2695', '--raw', '--subdir', 'DAGS_FOLDER/binance_dag.py', '--cfg-path', '/tmp/tmpskc2fmo2']
[2024-07-25T15:22:49.501-0300] {standard_task_runner.py:91} INFO - Job 2695: Subtask get_5m_info
[2024-07-25T15:22:49.524-0300] {task_command.py:426} INFO - Running <TaskInstance: Binance_5m.get_5m_info scheduled__2024-07-25T13:20:00+00:00 [running]> on host Galaxybook.
[2024-07-25T15:22:49.587-0300] {taskinstance.py:2648} INFO - Exporting env vars: AIRFLOW_CTX_DAG_OWNER='airflow' AIRFLOW_CTX_DAG_ID='Binance_5m' AIRFLOW_CTX_TASK_ID='get_5m_info' AIRFLOW_CTX_EXECUTION_DATE='2024-07-25T13:20:00+00:00' AIRFLOW_CTX_TRY_NUMBER='1' AIRFLOW_CTX_DAG_RUN_ID='scheduled__2024-07-25T13:20:00+00:00'
[2024-07-25T15:22:49.588-0300] {taskinstance.py:430} INFO - ::endgroup::
[2024-07-25T15:22:49.596-0300] {binance_dag.py:23} INFO - End Time: 2024-07-25T13:25:00.00Z
[2024-07-25T15:22:49.596-0300] {binance_dag.py:24} INFO - Start Time: 2024-07-25T13:20:00.00Z
[2024-07-25T15:22:49.647-0300] {binance_dag.py:25} INFO - 1721924400000
[2024-07-25T15:22:49.650-0300] {base.py:84} INFO - Using connection ID 'binance_default' for task execution.
[2024-07-25T15:22:49.650-0300] {logging_mixin.py:188} INFO - https://api.binance.com
[2024-07-25T15:22:49.650-0300] {binance_hook.py:35} INFO - URL: https://api.binance.com/api/v3/klines?symbol=BTCBRL&interval=5m&startTime=1721924400000&endTime=1721924699999
[2024-07-25T15:22:50.204-0300] {python.py:237} INFO - Done. Returned value was: None
[2024-07-25T15:22:50.204-0300] {taskinstance.py:441} INFO - ::group::Post task execution logs
[2024-07-25T15:22:50.206-0300] {taskinstance.py:1206} INFO - Marking task as SUCCESS. dag_id=Binance_5m, task_id=get_5m_info, run_id=scheduled__2024-07-25T13:20:00+00:00, execution_date=20240725T132000, start_date=20240725T182249, end_date=20240725T182250
[2024-07-25T15:22:50.248-0300] {local_task_job_runner.py:243} INFO - Task exited with return code 0
[2024-07-25T15:22:50.257-0300] {taskinstance.py:3503} INFO - 0 downstream tasks scheduled from follow-on schedule check
[2024-07-25T15:22:50.258-0300] {local_task_job_runner.py:222} INFO - ::endgroup::
[2024-07-25T16:20:52.314-0300] {local_task_job_runner.py:120} INFO - ::group::Pre task execution logs
[2024-07-25T16:20:52.323-0300] {taskinstance.py:2076} INFO - Dependencies all met for dep_context=non-requeueable deps ti=<TaskInstance: Binance_5m.get_5m_info scheduled__2024-07-25T13:20:00+00:00 [queued]>
[2024-07-25T16:20:52.327-0300] {taskinstance.py:2076} INFO - Dependencies all met for dep_context=requeueable deps ti=<TaskInstance: Binance_5m.get_5m_info scheduled__2024-07-25T13:20:00+00:00 [queued]>
[2024-07-25T16:20:52.327-0300] {taskinstance.py:2306} INFO - Starting attempt 1 of 1
[2024-07-25T16:20:52.341-0300] {taskinstance.py:2330} INFO - Executing <Task(PythonOperator): get_5m_info> on 2024-07-25 13:20:00+00:00
[2024-07-25T16:20:52.343-0300] {standard_task_runner.py:64} INFO - Started process 2663923 to run task
[2024-07-25T16:20:52.344-0300] {standard_task_runner.py:90} INFO - Running: ['airflow', 'tasks', 'run', 'Binance_5m', 'get_5m_info', 'scheduled__2024-07-25T13:20:00+00:00', '--job-id', '2302', '--raw', '--subdir', 'DAGS_FOLDER/binance_dag.py', '--cfg-path', '/tmp/tmp0s1t3p24']
[2024-07-25T16:20:52.345-0300] {standard_task_runner.py:91} INFO - Job 2302: Subtask get_5m_info
[2024-07-25T16:20:52.378-0300] {task_command.py:426} INFO - Running <TaskInstance: Binance_5m.get_5m_info scheduled__2024-07-25T13:20:00+00:00 [running]> on host Galaxybook.
[2024-07-25T16:20:52.441-0300] {taskinstance.py:2648} INFO - Exporting env vars: AIRFLOW_CTX_DAG_OWNER='airflow' AIRFLOW_CTX_DAG_ID='Binance_5m' AIRFLOW_CTX_TASK_ID='get_5m_info' AIRFLOW_CTX_EXECUTION_DATE='2024-07-25T13:20:00+00:00' AIRFLOW_CTX_TRY_NUMBER='1' AIRFLOW_CTX_DAG_RUN_ID='scheduled__2024-07-25T13:20:00+00:00'
[2024-07-25T16:20:52.441-0300] {taskinstance.py:430} INFO - ::endgroup::
[2024-07-25T16:20:52.450-0300] {binance_dag.py:22} INFO - End Time: 2024-07-25 13:25:00+00:00
[2024-07-25T16:20:52.450-0300] {binance_dag.py:23} INFO - Start Time: 2024-07-25 13:20:00+00:00
[2024-07-25T16:20:52.450-0300] {binance_dag.py:24} INFO - Start timestamp: 1721913600000
[2024-07-25T16:20:52.450-0300] {binance_dag.py:25} INFO - End timestamp: 1721913900000
[2024-07-25T16:20:52.520-0300] {base.py:84} INFO - Using connection ID 'binance_default' for task execution.
[2024-07-25T16:20:52.520-0300] {logging_mixin.py:188} INFO - https://api.binance.com
[2024-07-25T16:20:52.521-0300] {binance_hook.py:35} INFO - URL: https://api.binance.com/api/v3/klines?symbol=BTCBRL&interval=5m&startTime=1721913600000&endTime=1721913899999&timeZone=-3
[2024-07-25T16:20:52.923-0300] {python.py:237} INFO - Done. Returned value was: None
[2024-07-25T16:20:52.924-0300] {taskinstance.py:441} INFO - ::group::Post task execution logs
[2024-07-25T16:20:52.927-0300] {taskinstance.py:1206} INFO - Marking task as SUCCESS. dag_id=Binance_5m, task_id=get_5m_info, run_id=scheduled__2024-07-25T13:20:00+00:00, execution_date=20240725T132000, start_date=20240725T192052, end_date=20240725T192052
[2024-07-25T16:20:52.975-0300] {local_task_job_runner.py:243} INFO - Task exited with return code 0
[2024-07-25T16:20:52.983-0300] {taskinstance.py:3503} INFO - 0 downstream tasks scheduled from follow-on schedule check
[2024-07-25T16:20:52.983-0300] {local_task_job_runner.py:222} INFO - ::endgroup::
