[2024-07-25T14:54:13.961-0300] {local_task_job_runner.py:120} INFO - ::group::Pre task execution logs
[2024-07-25T14:54:13.966-0300] {taskinstance.py:2076} INFO - Dependencies all met for dep_context=non-requeueable deps ti=<TaskInstance: Mercado_5m.get_5m_info scheduled__2024-07-24T23:50:00+00:00 [queued]>
[2024-07-25T14:54:13.969-0300] {taskinstance.py:2076} INFO - Dependencies all met for dep_context=requeueable deps ti=<TaskInstance: Mercado_5m.get_5m_info scheduled__2024-07-24T23:50:00+00:00 [queued]>
[2024-07-25T14:54:13.969-0300] {taskinstance.py:2306} INFO - Starting attempt 1 of 1
[2024-07-25T14:54:13.982-0300] {taskinstance.py:2330} INFO - Executing <Task(PythonOperator): get_5m_info> on 2024-07-24 23:50:00+00:00
[2024-07-25T14:54:13.984-0300] {standard_task_runner.py:64} INFO - Started process 2613623 to run task
[2024-07-25T14:54:13.986-0300] {standard_task_runner.py:90} INFO - Running: ['airflow', 'tasks', 'run', 'Mercado_5m', 'get_5m_info', 'scheduled__2024-07-24T23:50:00+00:00', '--job-id', '2287', '--raw', '--subdir', 'DAGS_FOLDER/mercado_dag.py', '--cfg-path', '/tmp/tmp1tzw3v3g']
[2024-07-25T14:54:13.987-0300] {standard_task_runner.py:91} INFO - Job 2287: Subtask get_5m_info
[2024-07-25T14:54:14.012-0300] {task_command.py:426} INFO - Running <TaskInstance: Mercado_5m.get_5m_info scheduled__2024-07-24T23:50:00+00:00 [running]> on host Galaxybook.
[2024-07-25T14:54:14.059-0300] {taskinstance.py:2648} INFO - Exporting env vars: AIRFLOW_CTX_DAG_OWNER='airflow' AIRFLOW_CTX_DAG_ID='Mercado_5m' AIRFLOW_CTX_TASK_ID='get_5m_info' AIRFLOW_CTX_EXECUTION_DATE='2024-07-24T23:50:00+00:00' AIRFLOW_CTX_TRY_NUMBER='1' AIRFLOW_CTX_DAG_RUN_ID='scheduled__2024-07-24T23:50:00+00:00'
[2024-07-25T14:54:14.059-0300] {taskinstance.py:430} INFO - ::endgroup::
[2024-07-25T14:54:14.124-0300] {base.py:84} INFO - Using connection ID 'mercado_default' for task execution.
[2024-07-25T14:54:14.124-0300] {mercado_hook.py:31} INFO - URL: https://api.mercadobitcoin.net/api/v4/candles?symbol=BTC-BRL&resolution=5m&to=1721876100&from=1721875800
[2024-07-25T14:54:14.434-0300] {python.py:237} INFO - Done. Returned value was: None
[2024-07-25T14:54:14.434-0300] {taskinstance.py:441} INFO - ::group::Post task execution logs
[2024-07-25T14:54:14.437-0300] {taskinstance.py:1206} INFO - Marking task as SUCCESS. dag_id=Mercado_5m, task_id=get_5m_info, run_id=scheduled__2024-07-24T23:50:00+00:00, execution_date=20240724T235000, start_date=20240725T175413, end_date=20240725T175414
[2024-07-25T14:54:14.489-0300] {local_task_job_runner.py:243} INFO - Task exited with return code 0
[2024-07-25T14:54:14.496-0300] {taskinstance.py:3503} INFO - 0 downstream tasks scheduled from follow-on schedule check
[2024-07-25T14:54:14.496-0300] {local_task_job_runner.py:222} INFO - ::endgroup::
[2024-07-25T15:05:32.738-0300] {local_task_job_runner.py:120} INFO - ::group::Pre task execution logs
[2024-07-25T15:05:32.745-0300] {taskinstance.py:2076} INFO - Dependencies all met for dep_context=non-requeueable deps ti=<TaskInstance: Mercado_5m.get_5m_info scheduled__2024-07-24T23:50:00+00:00 [queued]>
[2024-07-25T15:05:32.748-0300] {taskinstance.py:2076} INFO - Dependencies all met for dep_context=requeueable deps ti=<TaskInstance: Mercado_5m.get_5m_info scheduled__2024-07-24T23:50:00+00:00 [queued]>
[2024-07-25T15:05:32.748-0300] {taskinstance.py:2306} INFO - Starting attempt 1 of 1
[2024-07-25T15:05:32.761-0300] {taskinstance.py:2330} INFO - Executing <Task(PythonOperator): get_5m_info> on 2024-07-24 23:50:00+00:00
[2024-07-25T15:05:32.762-0300] {standard_task_runner.py:64} INFO - Started process 2623201 to run task
[2024-07-25T15:05:32.765-0300] {standard_task_runner.py:90} INFO - Running: ['airflow', 'tasks', 'run', 'Mercado_5m', 'get_5m_info', 'scheduled__2024-07-24T23:50:00+00:00', '--job-id', '2519', '--raw', '--subdir', 'DAGS_FOLDER/mercado_dag.py', '--cfg-path', '/tmp/tmpyy3_pvtv']
[2024-07-25T15:05:32.766-0300] {standard_task_runner.py:91} INFO - Job 2519: Subtask get_5m_info
[2024-07-25T15:05:32.796-0300] {task_command.py:426} INFO - Running <TaskInstance: Mercado_5m.get_5m_info scheduled__2024-07-24T23:50:00+00:00 [running]> on host Galaxybook.
[2024-07-25T15:05:32.844-0300] {taskinstance.py:2648} INFO - Exporting env vars: AIRFLOW_CTX_DAG_OWNER='airflow' AIRFLOW_CTX_DAG_ID='Mercado_5m' AIRFLOW_CTX_TASK_ID='get_5m_info' AIRFLOW_CTX_EXECUTION_DATE='2024-07-24T23:50:00+00:00' AIRFLOW_CTX_TRY_NUMBER='1' AIRFLOW_CTX_DAG_RUN_ID='scheduled__2024-07-24T23:50:00+00:00'
[2024-07-25T15:05:32.845-0300] {taskinstance.py:430} INFO - ::endgroup::
[2024-07-25T15:05:32.919-0300] {base.py:84} INFO - Using connection ID 'mercado_default' for task execution.
[2024-07-25T15:05:32.920-0300] {mercado_hook.py:31} INFO - URL: https://api.mercadobitcoin.net/api/v4/candles?symbol=BTC-BRL&resolution=5m&to=1721876100000&from=1721875800000
[2024-07-25T15:05:33.205-0300] {python.py:237} INFO - Done. Returned value was: None
[2024-07-25T15:05:33.206-0300] {taskinstance.py:441} INFO - ::group::Post task execution logs
[2024-07-25T15:05:33.208-0300] {taskinstance.py:1206} INFO - Marking task as SUCCESS. dag_id=Mercado_5m, task_id=get_5m_info, run_id=scheduled__2024-07-24T23:50:00+00:00, execution_date=20240724T235000, start_date=20240725T180532, end_date=20240725T180533
[2024-07-25T15:05:33.263-0300] {local_task_job_runner.py:243} INFO - Task exited with return code 0
[2024-07-25T15:05:33.272-0300] {taskinstance.py:3503} INFO - 0 downstream tasks scheduled from follow-on schedule check
[2024-07-25T15:05:33.272-0300] {local_task_job_runner.py:222} INFO - ::endgroup::
[2024-07-25T16:13:03.251-0300] {local_task_job_runner.py:120} INFO - ::group::Pre task execution logs
[2024-07-25T16:13:03.256-0300] {taskinstance.py:2076} INFO - Dependencies all met for dep_context=non-requeueable deps ti=<TaskInstance: Mercado_5m.get_5m_info scheduled__2024-07-24T23:50:00+00:00 [queued]>
[2024-07-25T16:13:03.260-0300] {taskinstance.py:2076} INFO - Dependencies all met for dep_context=requeueable deps ti=<TaskInstance: Mercado_5m.get_5m_info scheduled__2024-07-24T23:50:00+00:00 [queued]>
[2024-07-25T16:13:03.260-0300] {taskinstance.py:2306} INFO - Starting attempt 1 of 1
[2024-07-25T16:13:03.279-0300] {taskinstance.py:2330} INFO - Executing <Task(PythonOperator): get_5m_info> on 2024-07-24 23:50:00+00:00
[2024-07-25T16:13:03.281-0300] {standard_task_runner.py:64} INFO - Started process 2656005 to run task
[2024-07-25T16:13:03.284-0300] {standard_task_runner.py:90} INFO - Running: ['airflow', 'tasks', 'run', 'Mercado_5m', 'get_5m_info', 'scheduled__2024-07-24T23:50:00+00:00', '--job-id', '2089', '--raw', '--subdir', 'DAGS_FOLDER/mercado_dag.py', '--cfg-path', '/tmp/tmpxwnpjr5z']
[2024-07-25T16:13:03.286-0300] {standard_task_runner.py:91} INFO - Job 2089: Subtask get_5m_info
[2024-07-25T16:13:03.317-0300] {task_command.py:426} INFO - Running <TaskInstance: Mercado_5m.get_5m_info scheduled__2024-07-24T23:50:00+00:00 [running]> on host Galaxybook.
[2024-07-25T16:13:03.371-0300] {taskinstance.py:2648} INFO - Exporting env vars: AIRFLOW_CTX_DAG_OWNER='airflow' AIRFLOW_CTX_DAG_ID='Mercado_5m' AIRFLOW_CTX_TASK_ID='get_5m_info' AIRFLOW_CTX_EXECUTION_DATE='2024-07-24T23:50:00+00:00' AIRFLOW_CTX_TRY_NUMBER='1' AIRFLOW_CTX_DAG_RUN_ID='scheduled__2024-07-24T23:50:00+00:00'
[2024-07-25T16:13:03.371-0300] {taskinstance.py:430} INFO - ::endgroup::
[2024-07-25T16:13:03.441-0300] {base.py:84} INFO - Using connection ID 'mercado_default' for task execution.
[2024-07-25T16:13:03.441-0300] {mercado_hook.py:31} INFO - URL: https://api.mercadobitcoin.net/api/v4/candles?symbol=BTC-BRL&resolution=5m&to=1721865300&from=1721865000
[2024-07-25T16:13:03.739-0300] {python.py:237} INFO - Done. Returned value was: None
[2024-07-25T16:13:03.739-0300] {taskinstance.py:441} INFO - ::group::Post task execution logs
[2024-07-25T16:13:03.741-0300] {taskinstance.py:1206} INFO - Marking task as SUCCESS. dag_id=Mercado_5m, task_id=get_5m_info, run_id=scheduled__2024-07-24T23:50:00+00:00, execution_date=20240724T235000, start_date=20240725T191303, end_date=20240725T191303
[2024-07-25T16:13:03.786-0300] {local_task_job_runner.py:243} INFO - Task exited with return code 0
[2024-07-25T16:13:03.795-0300] {taskinstance.py:3503} INFO - 0 downstream tasks scheduled from follow-on schedule check
[2024-07-25T16:13:03.795-0300] {local_task_job_runner.py:222} INFO - ::endgroup::
[2024-07-25T16:21:52.185-0300] {local_task_job_runner.py:120} INFO - ::group::Pre task execution logs
[2024-07-25T16:21:52.192-0300] {taskinstance.py:2076} INFO - Dependencies all met for dep_context=non-requeueable deps ti=<TaskInstance: Mercado_5m.get_5m_info scheduled__2024-07-24T23:50:00+00:00 [queued]>
[2024-07-25T16:21:52.196-0300] {taskinstance.py:2076} INFO - Dependencies all met for dep_context=requeueable deps ti=<TaskInstance: Mercado_5m.get_5m_info scheduled__2024-07-24T23:50:00+00:00 [queued]>
[2024-07-25T16:21:52.196-0300] {taskinstance.py:2306} INFO - Starting attempt 1 of 1
[2024-07-25T16:21:52.210-0300] {taskinstance.py:2330} INFO - Executing <Task(PythonOperator): get_5m_info> on 2024-07-24 23:50:00+00:00
[2024-07-25T16:21:52.212-0300] {standard_task_runner.py:64} INFO - Started process 2664921 to run task
[2024-07-25T16:21:52.215-0300] {standard_task_runner.py:90} INFO - Running: ['airflow', 'tasks', 'run', 'Mercado_5m', 'get_5m_info', 'scheduled__2024-07-24T23:50:00+00:00', '--job-id', '2330', '--raw', '--subdir', 'DAGS_FOLDER/mercado_dag.py', '--cfg-path', '/tmp/tmp2wrstpx2']
[2024-07-25T16:21:52.216-0300] {standard_task_runner.py:91} INFO - Job 2330: Subtask get_5m_info
[2024-07-25T16:21:52.249-0300] {task_command.py:426} INFO - Running <TaskInstance: Mercado_5m.get_5m_info scheduled__2024-07-24T23:50:00+00:00 [running]> on host Galaxybook.
[2024-07-25T16:21:52.304-0300] {taskinstance.py:2648} INFO - Exporting env vars: AIRFLOW_CTX_DAG_OWNER='airflow' AIRFLOW_CTX_DAG_ID='Mercado_5m' AIRFLOW_CTX_TASK_ID='get_5m_info' AIRFLOW_CTX_EXECUTION_DATE='2024-07-24T23:50:00+00:00' AIRFLOW_CTX_TRY_NUMBER='1' AIRFLOW_CTX_DAG_RUN_ID='scheduled__2024-07-24T23:50:00+00:00'
[2024-07-25T16:21:52.304-0300] {taskinstance.py:430} INFO - ::endgroup::
[2024-07-25T16:21:52.313-0300] {mercado_dag.py:22} INFO - To: 2024-07-24 23:55:00+00:00
[2024-07-25T16:21:52.313-0300] {mercado_dag.py:23} INFO - From: 2024-07-24 23:50:00+00:00
[2024-07-25T16:21:52.313-0300] {mercado_dag.py:24} INFO - To timestamp: 1721865300 
[2024-07-25T16:21:52.313-0300] {mercado_dag.py:25} INFO - From timestamp: 1721865000 
[2024-07-25T16:21:52.382-0300] {base.py:84} INFO - Using connection ID 'mercado_default' for task execution.
[2024-07-25T16:21:52.383-0300] {mercado_hook.py:31} INFO - URL: https://api.mercadobitcoin.net/api/v4/candles?symbol=BTC-BRL&resolution=5m&to=1721865300&from=1721865000
[2024-07-25T16:21:52.656-0300] {python.py:237} INFO - Done. Returned value was: None
[2024-07-25T16:21:52.657-0300] {taskinstance.py:441} INFO - ::group::Post task execution logs
[2024-07-25T16:21:52.659-0300] {taskinstance.py:1206} INFO - Marking task as SUCCESS. dag_id=Mercado_5m, task_id=get_5m_info, run_id=scheduled__2024-07-24T23:50:00+00:00, execution_date=20240724T235000, start_date=20240725T192152, end_date=20240725T192152
[2024-07-25T16:21:52.678-0300] {local_task_job_runner.py:243} INFO - Task exited with return code 0
[2024-07-25T16:21:52.685-0300] {taskinstance.py:3503} INFO - 0 downstream tasks scheduled from follow-on schedule check
[2024-07-25T16:21:52.685-0300] {local_task_job_runner.py:222} INFO - ::endgroup::
[2024-07-25T16:24:49.993-0300] {local_task_job_runner.py:120} INFO - ::group::Pre task execution logs
[2024-07-25T16:24:50.001-0300] {taskinstance.py:2076} INFO - Dependencies all met for dep_context=non-requeueable deps ti=<TaskInstance: Mercado_5m.get_5m_info scheduled__2024-07-24T23:50:00+00:00 [queued]>
[2024-07-25T16:24:50.005-0300] {taskinstance.py:2076} INFO - Dependencies all met for dep_context=requeueable deps ti=<TaskInstance: Mercado_5m.get_5m_info scheduled__2024-07-24T23:50:00+00:00 [queued]>
[2024-07-25T16:24:50.005-0300] {taskinstance.py:2306} INFO - Starting attempt 1 of 1
[2024-07-25T16:24:50.019-0300] {taskinstance.py:2330} INFO - Executing <Task(PythonOperator): get_5m_info> on 2024-07-24 23:50:00+00:00
[2024-07-25T16:24:50.021-0300] {standard_task_runner.py:64} INFO - Started process 2667889 to run task
[2024-07-25T16:24:50.023-0300] {standard_task_runner.py:90} INFO - Running: ['airflow', 'tasks', 'run', 'Mercado_5m', 'get_5m_info', 'scheduled__2024-07-24T23:50:00+00:00', '--job-id', '2412', '--raw', '--subdir', 'DAGS_FOLDER/mercado_dag.py', '--cfg-path', '/tmp/tmp_4l_qk2w']
[2024-07-25T16:24:50.024-0300] {standard_task_runner.py:91} INFO - Job 2412: Subtask get_5m_info
[2024-07-25T16:24:50.060-0300] {task_command.py:426} INFO - Running <TaskInstance: Mercado_5m.get_5m_info scheduled__2024-07-24T23:50:00+00:00 [running]> on host Galaxybook.
[2024-07-25T16:24:50.121-0300] {taskinstance.py:2648} INFO - Exporting env vars: AIRFLOW_CTX_DAG_OWNER='airflow' AIRFLOW_CTX_DAG_ID='Mercado_5m' AIRFLOW_CTX_TASK_ID='get_5m_info' AIRFLOW_CTX_EXECUTION_DATE='2024-07-24T23:50:00+00:00' AIRFLOW_CTX_TRY_NUMBER='1' AIRFLOW_CTX_DAG_RUN_ID='scheduled__2024-07-24T23:50:00+00:00'
[2024-07-25T16:24:50.122-0300] {taskinstance.py:430} INFO - ::endgroup::
[2024-07-25T16:24:50.131-0300] {mercado_dag.py:22} INFO - To: 2024-07-24 23:55:00+00:00
[2024-07-25T16:24:50.131-0300] {mercado_dag.py:23} INFO - From: 2024-07-24 23:50:00+00:00
[2024-07-25T16:24:50.131-0300] {mercado_dag.py:24} INFO - To timestamp: 1721865300000 
[2024-07-25T16:24:50.132-0300] {mercado_dag.py:25} INFO - From timestamp: 1721865000000 
[2024-07-25T16:24:50.221-0300] {base.py:84} INFO - Using connection ID 'mercado_default' for task execution.
[2024-07-25T16:24:50.222-0300] {mercado_hook.py:31} INFO - URL: https://api.mercadobitcoin.net/api/v4/candles?symbol=BTC-BRL&resolution=5m&to=1721865300000&from=1721865000000
[2024-07-25T16:24:50.523-0300] {python.py:237} INFO - Done. Returned value was: None
[2024-07-25T16:24:50.524-0300] {taskinstance.py:441} INFO - ::group::Post task execution logs
[2024-07-25T16:24:50.526-0300] {taskinstance.py:1206} INFO - Marking task as SUCCESS. dag_id=Mercado_5m, task_id=get_5m_info, run_id=scheduled__2024-07-24T23:50:00+00:00, execution_date=20240724T235000, start_date=20240725T192450, end_date=20240725T192450
[2024-07-25T16:24:50.565-0300] {local_task_job_runner.py:243} INFO - Task exited with return code 0
[2024-07-25T16:24:50.573-0300] {taskinstance.py:3503} INFO - 0 downstream tasks scheduled from follow-on schedule check
[2024-07-25T16:24:50.574-0300] {local_task_job_runner.py:222} INFO - ::endgroup::
