[2024-07-25T09:58:22.257-0300] {local_task_job_runner.py:120} INFO - ::group::Pre task execution logs
[2024-07-25T09:58:22.264-0300] {taskinstance.py:2076} INFO - Dependencies all met for dep_context=non-requeueable deps ti=<TaskInstance: Mercado_1m.get_1m_info scheduled__2024-07-25T11:03:00+00:00 [queued]>
[2024-07-25T09:58:22.268-0300] {taskinstance.py:2076} INFO - Dependencies all met for dep_context=requeueable deps ti=<TaskInstance: Mercado_1m.get_1m_info scheduled__2024-07-25T11:03:00+00:00 [queued]>
[2024-07-25T09:58:22.268-0300] {taskinstance.py:2306} INFO - Starting attempt 1 of 1
[2024-07-25T09:58:22.282-0300] {taskinstance.py:2330} INFO - Executing <Task(PythonOperator): get_1m_info> on 2024-07-25 11:03:00+00:00
[2024-07-25T09:58:22.284-0300] {standard_task_runner.py:64} INFO - Started process 2443407 to run task
[2024-07-25T09:58:22.286-0300] {standard_task_runner.py:90} INFO - Running: ['airflow', 'tasks', 'run', 'Mercado_1m', 'get_1m_info', 'scheduled__2024-07-25T11:03:00+00:00', '--job-id', '1899', '--raw', '--subdir', 'DAGS_FOLDER/mercado_dag.py', '--cfg-path', '/tmp/tmpx8zmj3d1']
[2024-07-25T09:58:22.287-0300] {standard_task_runner.py:91} INFO - Job 1899: Subtask get_1m_info
[2024-07-25T09:58:22.320-0300] {task_command.py:426} INFO - Running <TaskInstance: Mercado_1m.get_1m_info scheduled__2024-07-25T11:03:00+00:00 [running]> on host Galaxybook.
[2024-07-25T09:58:22.377-0300] {taskinstance.py:2648} INFO - Exporting env vars: AIRFLOW_CTX_DAG_OWNER='airflow' AIRFLOW_CTX_DAG_ID='Mercado_1m' AIRFLOW_CTX_TASK_ID='get_1m_info' AIRFLOW_CTX_EXECUTION_DATE='2024-07-25T11:03:00+00:00' AIRFLOW_CTX_TRY_NUMBER='1' AIRFLOW_CTX_DAG_RUN_ID='scheduled__2024-07-25T11:03:00+00:00'
[2024-07-25T09:58:22.377-0300] {taskinstance.py:430} INFO - ::endgroup::
[2024-07-25T09:58:22.463-0300] {base.py:84} INFO - Using connection ID 'mercado_default' for task execution.
[2024-07-25T09:58:22.464-0300] {mercado_hook.py:26} INFO - BASE URL: https://api.mercadobitcoin.net/api/v4
[2024-07-25T09:58:22.464-0300] {mercado_hook.py:32} INFO - URL: https://api.mercadobitcoin.net/api/v4/candles?symbol=BTC-BRL&resolution=1m&to=1721912242&from=1721912302
[2024-07-25T09:58:22.742-0300] {python.py:237} INFO - Done. Returned value was: None
[2024-07-25T09:58:22.743-0300] {taskinstance.py:441} INFO - ::group::Post task execution logs
[2024-07-25T09:58:22.745-0300] {taskinstance.py:1206} INFO - Marking task as SUCCESS. dag_id=Mercado_1m, task_id=get_1m_info, run_id=scheduled__2024-07-25T11:03:00+00:00, execution_date=20240725T110300, start_date=20240725T125822, end_date=20240725T125822
[2024-07-25T09:58:22.788-0300] {local_task_job_runner.py:243} INFO - Task exited with return code 0
[2024-07-25T09:58:22.796-0300] {taskinstance.py:3503} INFO - 0 downstream tasks scheduled from follow-on schedule check
[2024-07-25T09:58:22.796-0300] {local_task_job_runner.py:222} INFO - ::endgroup::
[2024-07-25T10:57:58.342-0300] {local_task_job_runner.py:120} INFO - ::group::Pre task execution logs
[2024-07-25T10:57:58.347-0300] {taskinstance.py:2076} INFO - Dependencies all met for dep_context=non-requeueable deps ti=<TaskInstance: Mercado_1m.get_1m_info scheduled__2024-07-25T11:03:00+00:00 [queued]>
[2024-07-25T10:57:58.350-0300] {taskinstance.py:2076} INFO - Dependencies all met for dep_context=requeueable deps ti=<TaskInstance: Mercado_1m.get_1m_info scheduled__2024-07-25T11:03:00+00:00 [queued]>
[2024-07-25T10:57:58.350-0300] {taskinstance.py:2306} INFO - Starting attempt 1 of 1
[2024-07-25T10:57:58.362-0300] {taskinstance.py:2330} INFO - Executing <Task(PythonOperator): get_1m_info> on 2024-07-25 11:03:00+00:00
[2024-07-25T10:57:58.364-0300] {standard_task_runner.py:64} INFO - Started process 2479643 to run task
[2024-07-25T10:57:58.366-0300] {standard_task_runner.py:90} INFO - Running: ['airflow', 'tasks', 'run', 'Mercado_1m', 'get_1m_info', 'scheduled__2024-07-25T11:03:00+00:00', '--job-id', '1836', '--raw', '--subdir', 'DAGS_FOLDER/mercado_dag.py', '--cfg-path', '/tmp/tmp0ciolrni']
[2024-07-25T10:57:58.367-0300] {standard_task_runner.py:91} INFO - Job 1836: Subtask get_1m_info
[2024-07-25T10:57:58.393-0300] {task_command.py:426} INFO - Running <TaskInstance: Mercado_1m.get_1m_info scheduled__2024-07-25T11:03:00+00:00 [running]> on host Galaxybook.
[2024-07-25T10:57:58.441-0300] {taskinstance.py:2648} INFO - Exporting env vars: AIRFLOW_CTX_DAG_OWNER='airflow' AIRFLOW_CTX_DAG_ID='Mercado_1m' AIRFLOW_CTX_TASK_ID='get_1m_info' AIRFLOW_CTX_EXECUTION_DATE='2024-07-25T11:03:00+00:00' AIRFLOW_CTX_TRY_NUMBER='1' AIRFLOW_CTX_DAG_RUN_ID='scheduled__2024-07-25T11:03:00+00:00'
[2024-07-25T10:57:58.441-0300] {taskinstance.py:430} INFO - ::endgroup::
[2024-07-25T10:57:58.504-0300] {base.py:84} INFO - Using connection ID 'mercado_default' for task execution.
[2024-07-25T10:57:58.504-0300] {mercado_hook.py:31} INFO - URL: https://api.mercadobitcoin.net/api/v4/candles?symbol=BTC-BRL&resolution=1m&to=1721915878449&countback=1
[2024-07-25T10:57:58.868-0300] {python.py:237} INFO - Done. Returned value was: None
[2024-07-25T10:57:58.869-0300] {taskinstance.py:441} INFO - ::group::Post task execution logs
[2024-07-25T10:57:58.871-0300] {taskinstance.py:1206} INFO - Marking task as SUCCESS. dag_id=Mercado_1m, task_id=get_1m_info, run_id=scheduled__2024-07-25T11:03:00+00:00, execution_date=20240725T110300, start_date=20240725T135758, end_date=20240725T135758
[2024-07-25T10:57:58.909-0300] {local_task_job_runner.py:243} INFO - Task exited with return code 0
[2024-07-25T10:57:58.917-0300] {taskinstance.py:3503} INFO - 0 downstream tasks scheduled from follow-on schedule check
[2024-07-25T10:57:58.917-0300] {local_task_job_runner.py:222} INFO - ::endgroup::
