[2024-07-25T13:10:02.576-0300] {local_task_job_runner.py:120} INFO - ::group::Pre task execution logs
[2024-07-25T13:10:02.581-0300] {taskinstance.py:2076} INFO - Dependencies all met for dep_context=non-requeueable deps ti=<TaskInstance: Binance_5m.get_5m_info scheduled__2024-07-25T16:05:00+00:00 [queued]>
[2024-07-25T13:10:02.584-0300] {taskinstance.py:2076} INFO - Dependencies all met for dep_context=requeueable deps ti=<TaskInstance: Binance_5m.get_5m_info scheduled__2024-07-25T16:05:00+00:00 [queued]>
[2024-07-25T13:10:02.584-0300] {taskinstance.py:2306} INFO - Starting attempt 1 of 1
[2024-07-25T13:10:02.597-0300] {taskinstance.py:2330} INFO - Executing <Task(PythonOperator): get_5m_info> on 2024-07-25 16:05:00+00:00
[2024-07-25T13:10:02.598-0300] {standard_task_runner.py:64} INFO - Started process 2553138 to run task
[2024-07-25T13:10:02.601-0300] {standard_task_runner.py:90} INFO - Running: ['airflow', 'tasks', 'run', 'Binance_5m', 'get_5m_info', 'scheduled__2024-07-25T16:05:00+00:00', '--job-id', '2082', '--raw', '--subdir', 'DAGS_FOLDER/binance_dag.py', '--cfg-path', '/tmp/tmplm_lugn8']
[2024-07-25T13:10:02.602-0300] {standard_task_runner.py:91} INFO - Job 2082: Subtask get_5m_info
[2024-07-25T13:10:02.632-0300] {task_command.py:426} INFO - Running <TaskInstance: Binance_5m.get_5m_info scheduled__2024-07-25T16:05:00+00:00 [running]> on host Galaxybook.
[2024-07-25T13:10:02.683-0300] {taskinstance.py:2648} INFO - Exporting env vars: AIRFLOW_CTX_DAG_OWNER='airflow' AIRFLOW_CTX_DAG_ID='Binance_5m' AIRFLOW_CTX_TASK_ID='get_5m_info' AIRFLOW_CTX_EXECUTION_DATE='2024-07-25T16:05:00+00:00' AIRFLOW_CTX_TRY_NUMBER='1' AIRFLOW_CTX_DAG_RUN_ID='scheduled__2024-07-25T16:05:00+00:00'
[2024-07-25T13:10:02.683-0300] {taskinstance.py:430} INFO - ::endgroup::
[2024-07-25T13:10:02.692-0300] {taskinstance.py:441} INFO - ::group::Post task execution logs
[2024-07-25T13:10:02.692-0300] {taskinstance.py:2905} ERROR - Task failed with exception
Traceback (most recent call last):
  File "/home/hugoviana/Documentos/data_pipeline_airflow/.venv/lib/python3.12/site-packages/airflow/models/taskinstance.py", line 465, in _execute_task
    result = _execute_callable(context=context, **execute_callable_kwargs)
             ^^^^^^^^^^^^^^^^^^^^^^^^^^^^^^^^^^^^^^^^^^^^^^^^^^^^^^^^^^^^^
  File "/home/hugoviana/Documentos/data_pipeline_airflow/.venv/lib/python3.12/site-packages/airflow/models/taskinstance.py", line 432, in _execute_callable
    return execute_callable(context=context, **execute_callable_kwargs)
           ^^^^^^^^^^^^^^^^^^^^^^^^^^^^^^^^^^^^^^^^^^^^^^^^^^^^^^^^^^^^
  File "/home/hugoviana/Documentos/data_pipeline_airflow/.venv/lib/python3.12/site-packages/airflow/models/baseoperator.py", line 401, in wrapper
    return func(self, *args, **kwargs)
           ^^^^^^^^^^^^^^^^^^^^^^^^^^^
  File "/home/hugoviana/Documentos/data_pipeline_airflow/.venv/lib/python3.12/site-packages/airflow/operators/python.py", line 235, in execute
    return_value = self.execute_callable()
                   ^^^^^^^^^^^^^^^^^^^^^^^
  File "/home/hugoviana/Documentos/data_pipeline_airflow/.venv/lib/python3.12/site-packages/airflow/operators/python.py", line 252, in execute_callable
    return self.python_callable(*self.op_args, **self.op_kwargs)
           ^^^^^^^^^^^^^^^^^^^^^^^^^^^^^^^^^^^^^^^^^^^^^^^^^^^^^
  File "/home/hugoviana/Projetos/crypto-etl/airflow_pipeline/dags/binance_dag.py", line 25, in execute
    start_time=to_timestamp(start_time),
               ^^^^^^^^^^^^^^^^^^^^^^^^
  File "/home/hugoviana/Projetos/crypto-etl/airflow_pipeline/dags/binance_dag.py", line 15, in to_timestamp
    return int(datetime.timestamp(dt))*1000
               ^^^^^^^^^^^^^^^^^^^^^^
TypeError: descriptor 'timestamp' for 'datetime.datetime' objects doesn't apply to a 'str' object
[2024-07-25T13:10:02.765-0300] {taskinstance.py:1206} INFO - Marking task as FAILED. dag_id=Binance_5m, task_id=get_5m_info, run_id=scheduled__2024-07-25T16:05:00+00:00, execution_date=20240725T160500, start_date=20240725T161002, end_date=20240725T161002
[2024-07-25T13:10:02.776-0300] {standard_task_runner.py:110} ERROR - Failed to execute job 2082 for task get_5m_info (descriptor 'timestamp' for 'datetime.datetime' objects doesn't apply to a 'str' object; 2553138)
[2024-07-25T13:10:02.814-0300] {local_task_job_runner.py:243} INFO - Task exited with return code 1
[2024-07-25T13:10:02.820-0300] {taskinstance.py:3503} INFO - 0 downstream tasks scheduled from follow-on schedule check
[2024-07-25T13:10:02.820-0300] {local_task_job_runner.py:222} INFO - ::endgroup::
[2024-07-25T14:29:46.630-0300] {local_task_job_runner.py:120} INFO - ::group::Pre task execution logs
[2024-07-25T14:29:46.640-0300] {taskinstance.py:2076} INFO - Dependencies all met for dep_context=non-requeueable deps ti=<TaskInstance: Binance_5m.get_5m_info scheduled__2024-07-25T16:05:00+00:00 [queued]>
[2024-07-25T14:29:46.645-0300] {taskinstance.py:2076} INFO - Dependencies all met for dep_context=requeueable deps ti=<TaskInstance: Binance_5m.get_5m_info scheduled__2024-07-25T16:05:00+00:00 [queued]>
[2024-07-25T14:29:46.646-0300] {taskinstance.py:2306} INFO - Starting attempt 1 of 1
[2024-07-25T14:29:46.666-0300] {taskinstance.py:2330} INFO - Executing <Task(PythonOperator): get_5m_info> on 2024-07-25 16:05:00+00:00
[2024-07-25T14:29:46.669-0300] {standard_task_runner.py:64} INFO - Started process 2592606 to run task
[2024-07-25T14:29:46.672-0300] {standard_task_runner.py:90} INFO - Running: ['airflow', 'tasks', 'run', 'Binance_5m', 'get_5m_info', 'scheduled__2024-07-25T16:05:00+00:00', '--job-id', '2166', '--raw', '--subdir', 'DAGS_FOLDER/binance_dag.py', '--cfg-path', '/tmp/tmpzjxeut3_']
[2024-07-25T14:29:46.673-0300] {standard_task_runner.py:91} INFO - Job 2166: Subtask get_5m_info
[2024-07-25T14:29:46.707-0300] {task_command.py:426} INFO - Running <TaskInstance: Binance_5m.get_5m_info scheduled__2024-07-25T16:05:00+00:00 [running]> on host Galaxybook.
[2024-07-25T14:29:46.903-0300] {taskinstance.py:2648} INFO - Exporting env vars: AIRFLOW_CTX_DAG_OWNER='airflow' AIRFLOW_CTX_DAG_ID='Binance_5m' AIRFLOW_CTX_TASK_ID='get_5m_info' AIRFLOW_CTX_EXECUTION_DATE='2024-07-25T16:05:00+00:00' AIRFLOW_CTX_TRY_NUMBER='1' AIRFLOW_CTX_DAG_RUN_ID='scheduled__2024-07-25T16:05:00+00:00'
[2024-07-25T14:29:46.904-0300] {taskinstance.py:430} INFO - ::endgroup::
[2024-07-25T14:29:46.919-0300] {binance_dag.py:23} INFO - End Time: 2024-07-25T16:10:00.00Z
[2024-07-25T14:29:47.019-0300] {base.py:84} INFO - Using connection ID 'binance_default' for task execution.
[2024-07-25T14:29:47.019-0300] {logging_mixin.py:188} INFO - https://api.binance.com
[2024-07-25T14:29:47.020-0300] {binance_hook.py:35} INFO - URL: https://api.binance.com/api/v3/klines?symbol=BTCBRL&interval=5m&startTime=1721934300000&endTime=1721934600000
[2024-07-25T14:29:47.424-0300] {python.py:237} INFO - Done. Returned value was: None
[2024-07-25T14:29:47.425-0300] {taskinstance.py:441} INFO - ::group::Post task execution logs
[2024-07-25T14:29:47.429-0300] {taskinstance.py:1206} INFO - Marking task as SUCCESS. dag_id=Binance_5m, task_id=get_5m_info, run_id=scheduled__2024-07-25T16:05:00+00:00, execution_date=20240725T160500, start_date=20240725T172946, end_date=20240725T172947
[2024-07-25T14:29:47.451-0300] {local_task_job_runner.py:243} INFO - Task exited with return code 0
[2024-07-25T14:29:47.458-0300] {taskinstance.py:3503} INFO - 0 downstream tasks scheduled from follow-on schedule check
[2024-07-25T14:29:47.459-0300] {local_task_job_runner.py:222} INFO - ::endgroup::
[2024-07-25T14:32:57.679-0300] {local_task_job_runner.py:120} INFO - ::group::Pre task execution logs
[2024-07-25T14:32:57.686-0300] {taskinstance.py:2076} INFO - Dependencies all met for dep_context=non-requeueable deps ti=<TaskInstance: Binance_5m.get_5m_info scheduled__2024-07-25T16:05:00+00:00 [queued]>
[2024-07-25T14:32:57.690-0300] {taskinstance.py:2076} INFO - Dependencies all met for dep_context=requeueable deps ti=<TaskInstance: Binance_5m.get_5m_info scheduled__2024-07-25T16:05:00+00:00 [queued]>
[2024-07-25T14:32:57.690-0300] {taskinstance.py:2306} INFO - Starting attempt 1 of 1
[2024-07-25T14:32:57.703-0300] {taskinstance.py:2330} INFO - Executing <Task(PythonOperator): get_5m_info> on 2024-07-25 16:05:00+00:00
[2024-07-25T14:32:57.705-0300] {standard_task_runner.py:64} INFO - Started process 2595807 to run task
[2024-07-25T14:32:57.708-0300] {standard_task_runner.py:90} INFO - Running: ['airflow', 'tasks', 'run', 'Binance_5m', 'get_5m_info', 'scheduled__2024-07-25T16:05:00+00:00', '--job-id', '2167', '--raw', '--subdir', 'DAGS_FOLDER/binance_dag.py', '--cfg-path', '/tmp/tmpy9b_8eiz']
[2024-07-25T14:32:57.709-0300] {standard_task_runner.py:91} INFO - Job 2167: Subtask get_5m_info
[2024-07-25T14:32:57.738-0300] {task_command.py:426} INFO - Running <TaskInstance: Binance_5m.get_5m_info scheduled__2024-07-25T16:05:00+00:00 [running]> on host Galaxybook.
[2024-07-25T14:32:57.791-0300] {taskinstance.py:2648} INFO - Exporting env vars: AIRFLOW_CTX_DAG_OWNER='airflow' AIRFLOW_CTX_DAG_ID='Binance_5m' AIRFLOW_CTX_TASK_ID='get_5m_info' AIRFLOW_CTX_EXECUTION_DATE='2024-07-25T16:05:00+00:00' AIRFLOW_CTX_TRY_NUMBER='1' AIRFLOW_CTX_DAG_RUN_ID='scheduled__2024-07-25T16:05:00+00:00'
[2024-07-25T14:32:57.792-0300] {taskinstance.py:430} INFO - ::endgroup::
[2024-07-25T14:32:57.800-0300] {binance_dag.py:23} INFO - End Time: 2024-07-25T16:10:00.00Z
[2024-07-25T14:32:57.863-0300] {base.py:84} INFO - Using connection ID 'binance_default' for task execution.
[2024-07-25T14:32:57.863-0300] {logging_mixin.py:188} INFO - https://api.binance.com
[2024-07-25T14:32:57.864-0300] {binance_hook.py:35} INFO - URL: https://api.binance.com/api/v3/klines?symbol=BTCBRL&interval=5m&startTime=1721934300000&endTime=1721934600000
[2024-07-25T14:32:57.649-0300] {binance_dag.py:42} INFO - r: []
[2024-07-25T14:32:57.650-0300] {python.py:237} INFO - Done. Returned value was: None
[2024-07-25T14:32:57.651-0300] {taskinstance.py:441} INFO - ::group::Post task execution logs
[2024-07-25T14:32:57.653-0300] {taskinstance.py:1206} INFO - Marking task as SUCCESS. dag_id=Binance_5m, task_id=get_5m_info, run_id=scheduled__2024-07-25T16:05:00+00:00, execution_date=20240725T160500, start_date=20240725T173257, end_date=20240725T173257
[2024-07-25T14:32:57.683-0300] {local_task_job_runner.py:243} INFO - Task exited with return code 0
[2024-07-25T14:32:57.689-0300] {taskinstance.py:3503} INFO - 0 downstream tasks scheduled from follow-on schedule check
[2024-07-25T14:32:57.689-0300] {local_task_job_runner.py:222} INFO - ::endgroup::
[2024-07-25T14:54:17.263-0300] {local_task_job_runner.py:120} INFO - ::group::Pre task execution logs
[2024-07-25T14:54:17.268-0300] {taskinstance.py:2076} INFO - Dependencies all met for dep_context=non-requeueable deps ti=<TaskInstance: Binance_5m.get_5m_info scheduled__2024-07-25T16:05:00+00:00 [queued]>
[2024-07-25T14:54:17.271-0300] {taskinstance.py:2076} INFO - Dependencies all met for dep_context=requeueable deps ti=<TaskInstance: Binance_5m.get_5m_info scheduled__2024-07-25T16:05:00+00:00 [queued]>
[2024-07-25T14:54:17.271-0300] {taskinstance.py:2306} INFO - Starting attempt 1 of 1
[2024-07-25T14:54:17.282-0300] {taskinstance.py:2330} INFO - Executing <Task(PythonOperator): get_5m_info> on 2024-07-25 16:05:00+00:00
[2024-07-25T14:54:17.283-0300] {standard_task_runner.py:64} INFO - Started process 2613661 to run task
[2024-07-25T14:54:17.285-0300] {standard_task_runner.py:90} INFO - Running: ['airflow', 'tasks', 'run', 'Binance_5m', 'get_5m_info', 'scheduled__2024-07-25T16:05:00+00:00', '--job-id', '2289', '--raw', '--subdir', 'DAGS_FOLDER/binance_dag.py', '--cfg-path', '/tmp/tmpcg5h3j38']
[2024-07-25T14:54:17.286-0300] {standard_task_runner.py:91} INFO - Job 2289: Subtask get_5m_info
[2024-07-25T14:54:17.310-0300] {task_command.py:426} INFO - Running <TaskInstance: Binance_5m.get_5m_info scheduled__2024-07-25T16:05:00+00:00 [running]> on host Galaxybook.
[2024-07-25T14:54:17.366-0300] {taskinstance.py:2648} INFO - Exporting env vars: AIRFLOW_CTX_DAG_OWNER='airflow' AIRFLOW_CTX_DAG_ID='Binance_5m' AIRFLOW_CTX_TASK_ID='get_5m_info' AIRFLOW_CTX_EXECUTION_DATE='2024-07-25T16:05:00+00:00' AIRFLOW_CTX_TRY_NUMBER='1' AIRFLOW_CTX_DAG_RUN_ID='scheduled__2024-07-25T16:05:00+00:00'
[2024-07-25T14:54:17.366-0300] {taskinstance.py:430} INFO - ::endgroup::
[2024-07-25T14:54:17.375-0300] {binance_dag.py:23} INFO - End Time: 2024-07-25T16:10:00.00Z
[2024-07-25T14:54:17.375-0300] {binance_dag.py:24} INFO - Start Time: 2024-07-25T16:05:00.00Z
[2024-07-25T14:54:17.435-0300] {base.py:84} INFO - Using connection ID 'binance_default' for task execution.
[2024-07-25T14:54:17.435-0300] {logging_mixin.py:188} INFO - https://api.binance.com
[2024-07-25T14:54:17.435-0300] {binance_hook.py:35} INFO - URL: https://api.binance.com/api/v3/klines?symbol=BTCBRL&interval=5m&startTime=1721934300000&endTime=1721934599999
[2024-07-25T14:54:17.834-0300] {binance_dag.py:43} INFO - r: []
[2024-07-25T14:54:17.835-0300] {python.py:237} INFO - Done. Returned value was: None
[2024-07-25T14:54:17.836-0300] {taskinstance.py:441} INFO - ::group::Post task execution logs
[2024-07-25T14:54:17.839-0300] {taskinstance.py:1206} INFO - Marking task as SUCCESS. dag_id=Binance_5m, task_id=get_5m_info, run_id=scheduled__2024-07-25T16:05:00+00:00, execution_date=20240725T160500, start_date=20240725T175417, end_date=20240725T175417
[2024-07-25T14:54:17.868-0300] {local_task_job_runner.py:243} INFO - Task exited with return code 0
[2024-07-25T14:54:17.876-0300] {taskinstance.py:3503} INFO - 0 downstream tasks scheduled from follow-on schedule check
[2024-07-25T14:54:17.877-0300] {local_task_job_runner.py:222} INFO - ::endgroup::
[2024-07-25T15:24:04.860-0300] {local_task_job_runner.py:120} INFO - ::group::Pre task execution logs
[2024-07-25T15:24:04.865-0300] {taskinstance.py:2076} INFO - Dependencies all met for dep_context=non-requeueable deps ti=<TaskInstance: Binance_5m.get_5m_info scheduled__2024-07-25T16:05:00+00:00 [queued]>
[2024-07-25T15:24:04.868-0300] {taskinstance.py:2076} INFO - Dependencies all met for dep_context=requeueable deps ti=<TaskInstance: Binance_5m.get_5m_info scheduled__2024-07-25T16:05:00+00:00 [queued]>
[2024-07-25T15:24:04.868-0300] {taskinstance.py:2306} INFO - Starting attempt 1 of 1
[2024-07-25T15:24:04.880-0300] {taskinstance.py:2330} INFO - Executing <Task(PythonOperator): get_5m_info> on 2024-07-25 16:05:00+00:00
[2024-07-25T15:24:04.881-0300] {standard_task_runner.py:64} INFO - Started process 2635788 to run task
[2024-07-25T15:24:04.883-0300] {standard_task_runner.py:90} INFO - Running: ['airflow', 'tasks', 'run', 'Binance_5m', 'get_5m_info', 'scheduled__2024-07-25T16:05:00+00:00', '--job-id', '2728', '--raw', '--subdir', 'DAGS_FOLDER/binance_dag.py', '--cfg-path', '/tmp/tmplzibcy3g']
[2024-07-25T15:24:04.884-0300] {standard_task_runner.py:91} INFO - Job 2728: Subtask get_5m_info
[2024-07-25T15:24:04.910-0300] {task_command.py:426} INFO - Running <TaskInstance: Binance_5m.get_5m_info scheduled__2024-07-25T16:05:00+00:00 [running]> on host Galaxybook.
[2024-07-25T15:24:04.961-0300] {taskinstance.py:2648} INFO - Exporting env vars: AIRFLOW_CTX_DAG_OWNER='airflow' AIRFLOW_CTX_DAG_ID='Binance_5m' AIRFLOW_CTX_TASK_ID='get_5m_info' AIRFLOW_CTX_EXECUTION_DATE='2024-07-25T16:05:00+00:00' AIRFLOW_CTX_TRY_NUMBER='1' AIRFLOW_CTX_DAG_RUN_ID='scheduled__2024-07-25T16:05:00+00:00'
[2024-07-25T15:24:04.961-0300] {taskinstance.py:430} INFO - ::endgroup::
[2024-07-25T15:24:04.969-0300] {binance_dag.py:23} INFO - End Time: 2024-07-25T16:10:00.00Z
[2024-07-25T15:24:04.969-0300] {binance_dag.py:24} INFO - Start Time: 2024-07-25T16:05:00.00Z
[2024-07-25T15:24:05.022-0300] {binance_dag.py:25} INFO - 1721934300000
[2024-07-25T15:24:05.024-0300] {base.py:84} INFO - Using connection ID 'binance_default' for task execution.
[2024-07-25T15:24:05.024-0300] {logging_mixin.py:188} INFO - https://api.binance.com
[2024-07-25T15:24:05.025-0300] {binance_hook.py:35} INFO - URL: https://api.binance.com/api/v3/klines?symbol=BTCBRL&interval=5m&startTime=1721934300000&endTime=1721934599999
[2024-07-25T15:24:05.424-0300] {python.py:237} INFO - Done. Returned value was: None
[2024-07-25T15:24:05.424-0300] {taskinstance.py:441} INFO - ::group::Post task execution logs
[2024-07-25T15:24:05.426-0300] {taskinstance.py:1206} INFO - Marking task as SUCCESS. dag_id=Binance_5m, task_id=get_5m_info, run_id=scheduled__2024-07-25T16:05:00+00:00, execution_date=20240725T160500, start_date=20240725T182404, end_date=20240725T182405
[2024-07-25T15:24:05.467-0300] {local_task_job_runner.py:243} INFO - Task exited with return code 0
[2024-07-25T15:24:05.474-0300] {taskinstance.py:3503} INFO - 0 downstream tasks scheduled from follow-on schedule check
[2024-07-25T15:24:05.474-0300] {local_task_job_runner.py:222} INFO - ::endgroup::
[2024-07-25T16:22:47.483-0300] {local_task_job_runner.py:120} INFO - ::group::Pre task execution logs
[2024-07-25T16:22:47.489-0300] {taskinstance.py:2076} INFO - Dependencies all met for dep_context=non-requeueable deps ti=<TaskInstance: Binance_5m.get_5m_info scheduled__2024-07-25T16:05:00+00:00 [queued]>
[2024-07-25T16:22:47.492-0300] {taskinstance.py:2076} INFO - Dependencies all met for dep_context=requeueable deps ti=<TaskInstance: Binance_5m.get_5m_info scheduled__2024-07-25T16:05:00+00:00 [queued]>
[2024-07-25T16:22:47.492-0300] {taskinstance.py:2306} INFO - Starting attempt 1 of 1
[2024-07-25T16:22:47.505-0300] {taskinstance.py:2330} INFO - Executing <Task(PythonOperator): get_5m_info> on 2024-07-25 16:05:00+00:00
[2024-07-25T16:22:47.507-0300] {standard_task_runner.py:64} INFO - Started process 2665834 to run task
[2024-07-25T16:22:47.509-0300] {standard_task_runner.py:90} INFO - Running: ['airflow', 'tasks', 'run', 'Binance_5m', 'get_5m_info', 'scheduled__2024-07-25T16:05:00+00:00', '--job-id', '2357', '--raw', '--subdir', 'DAGS_FOLDER/binance_dag.py', '--cfg-path', '/tmp/tmpp9u02g2s']
[2024-07-25T16:22:47.510-0300] {standard_task_runner.py:91} INFO - Job 2357: Subtask get_5m_info
[2024-07-25T16:22:47.534-0300] {task_command.py:426} INFO - Running <TaskInstance: Binance_5m.get_5m_info scheduled__2024-07-25T16:05:00+00:00 [running]> on host Galaxybook.
[2024-07-25T16:22:47.593-0300] {taskinstance.py:2648} INFO - Exporting env vars: AIRFLOW_CTX_DAG_OWNER='airflow' AIRFLOW_CTX_DAG_ID='Binance_5m' AIRFLOW_CTX_TASK_ID='get_5m_info' AIRFLOW_CTX_EXECUTION_DATE='2024-07-25T16:05:00+00:00' AIRFLOW_CTX_TRY_NUMBER='1' AIRFLOW_CTX_DAG_RUN_ID='scheduled__2024-07-25T16:05:00+00:00'
[2024-07-25T16:22:47.593-0300] {taskinstance.py:430} INFO - ::endgroup::
[2024-07-25T16:22:47.602-0300] {binance_dag.py:22} INFO - End Time: 2024-07-25 16:10:00+00:00
[2024-07-25T16:22:47.602-0300] {binance_dag.py:23} INFO - Start Time: 2024-07-25 16:05:00+00:00
[2024-07-25T16:22:47.602-0300] {binance_dag.py:24} INFO - Start timestamp: 1721923500000
[2024-07-25T16:22:47.602-0300] {binance_dag.py:25} INFO - End timestamp: 1721923800000
[2024-07-25T16:22:47.670-0300] {base.py:84} INFO - Using connection ID 'binance_default' for task execution.
[2024-07-25T16:22:47.670-0300] {logging_mixin.py:188} INFO - https://api.binance.com
[2024-07-25T16:22:47.671-0300] {binance_hook.py:35} INFO - URL: https://api.binance.com/api/v3/klines?symbol=BTCBRL&interval=5m&startTime=1721923500000&endTime=1721923799999&timeZone=-3
[2024-07-25T16:22:48.073-0300] {python.py:237} INFO - Done. Returned value was: None
[2024-07-25T16:22:48.073-0300] {taskinstance.py:441} INFO - ::group::Post task execution logs
[2024-07-25T16:22:48.076-0300] {taskinstance.py:1206} INFO - Marking task as SUCCESS. dag_id=Binance_5m, task_id=get_5m_info, run_id=scheduled__2024-07-25T16:05:00+00:00, execution_date=20240725T160500, start_date=20240725T192247, end_date=20240725T192248
[2024-07-25T16:22:48.092-0300] {local_task_job_runner.py:243} INFO - Task exited with return code 0
[2024-07-25T16:22:48.099-0300] {taskinstance.py:3503} INFO - 0 downstream tasks scheduled from follow-on schedule check
[2024-07-25T16:22:48.099-0300] {local_task_job_runner.py:222} INFO - ::endgroup::
