[2024-07-25T14:27:45.544-0300] {local_task_job_runner.py:120} INFO - ::group::Pre task execution logs
[2024-07-25T14:27:45.548-0300] {taskinstance.py:2076} INFO - Dependencies all met for dep_context=non-requeueable deps ti=<TaskInstance: Binance_5m.get_5m_info scheduled__2024-07-25T12:35:00+00:00 [queued]>
[2024-07-25T14:27:45.551-0300] {taskinstance.py:2076} INFO - Dependencies all met for dep_context=requeueable deps ti=<TaskInstance: Binance_5m.get_5m_info scheduled__2024-07-25T12:35:00+00:00 [queued]>
[2024-07-25T14:27:45.552-0300] {taskinstance.py:2306} INFO - Starting attempt 1 of 1
[2024-07-25T14:27:45.565-0300] {taskinstance.py:2330} INFO - Executing <Task(PythonOperator): get_5m_info> on 2024-07-25 12:35:00+00:00
[2024-07-25T14:27:45.567-0300] {standard_task_runner.py:64} INFO - Started process 2590535 to run task
[2024-07-25T14:27:45.569-0300] {standard_task_runner.py:90} INFO - Running: ['airflow', 'tasks', 'run', 'Binance_5m', 'get_5m_info', 'scheduled__2024-07-25T12:35:00+00:00', '--job-id', '2096', '--raw', '--subdir', 'DAGS_FOLDER/binance_dag.py', '--cfg-path', '/tmp/tmps14vc49s']
[2024-07-25T14:27:45.570-0300] {standard_task_runner.py:91} INFO - Job 2096: Subtask get_5m_info
[2024-07-25T14:27:45.597-0300] {task_command.py:426} INFO - Running <TaskInstance: Binance_5m.get_5m_info scheduled__2024-07-25T12:35:00+00:00 [running]> on host Galaxybook.
[2024-07-25T14:27:45.644-0300] {taskinstance.py:2648} INFO - Exporting env vars: AIRFLOW_CTX_DAG_OWNER='airflow' AIRFLOW_CTX_DAG_ID='Binance_5m' AIRFLOW_CTX_TASK_ID='get_5m_info' AIRFLOW_CTX_EXECUTION_DATE='2024-07-25T12:35:00+00:00' AIRFLOW_CTX_TRY_NUMBER='1' AIRFLOW_CTX_DAG_RUN_ID='scheduled__2024-07-25T12:35:00+00:00'
[2024-07-25T14:27:45.644-0300] {taskinstance.py:430} INFO - ::endgroup::
[2024-07-25T14:27:45.651-0300] {binance_dag.py:23} INFO - End Time: 2024-07-25T12:40:00.00Z
[2024-07-25T14:27:45.715-0300] {base.py:84} INFO - Using connection ID 'binance_default' for task execution.
[2024-07-25T14:27:45.716-0300] {logging_mixin.py:188} INFO - https://api.binance.com
[2024-07-25T14:27:45.716-0300] {binance_hook.py:35} INFO - URL: https://api.binance.com/api/v3/klines?symbol=BTCBRL&interval=5m&startTime=1721921700000&endTime=1721922000000
[2024-07-25T14:27:46.114-0300] {python.py:237} INFO - Done. Returned value was: None
[2024-07-25T14:27:46.115-0300] {taskinstance.py:441} INFO - ::group::Post task execution logs
[2024-07-25T14:27:46.117-0300] {taskinstance.py:1206} INFO - Marking task as SUCCESS. dag_id=Binance_5m, task_id=get_5m_info, run_id=scheduled__2024-07-25T12:35:00+00:00, execution_date=20240725T123500, start_date=20240725T172745, end_date=20240725T172746
[2024-07-25T14:27:46.148-0300] {local_task_job_runner.py:243} INFO - Task exited with return code 0
[2024-07-25T14:27:46.155-0300] {taskinstance.py:3503} INFO - 0 downstream tasks scheduled from follow-on schedule check
[2024-07-25T14:27:46.155-0300] {local_task_job_runner.py:222} INFO - ::endgroup::
[2024-07-25T14:31:21.611-0300] {local_task_job_runner.py:120} INFO - ::group::Pre task execution logs
[2024-07-25T14:31:21.616-0300] {taskinstance.py:2076} INFO - Dependencies all met for dep_context=non-requeueable deps ti=<TaskInstance: Binance_5m.get_5m_info scheduled__2024-07-25T12:35:00+00:00 [queued]>
[2024-07-25T14:31:21.619-0300] {taskinstance.py:2076} INFO - Dependencies all met for dep_context=requeueable deps ti=<TaskInstance: Binance_5m.get_5m_info scheduled__2024-07-25T12:35:00+00:00 [queued]>
[2024-07-25T14:31:21.619-0300] {taskinstance.py:2306} INFO - Starting attempt 1 of 1
[2024-07-25T14:31:21.632-0300] {taskinstance.py:2330} INFO - Executing <Task(PythonOperator): get_5m_info> on 2024-07-25 12:35:00+00:00
[2024-07-25T14:31:21.633-0300] {standard_task_runner.py:64} INFO - Started process 2594212 to run task
[2024-07-25T14:31:21.635-0300] {standard_task_runner.py:90} INFO - Running: ['airflow', 'tasks', 'run', 'Binance_5m', 'get_5m_info', 'scheduled__2024-07-25T12:35:00+00:00', '--job-id', '2127', '--raw', '--subdir', 'DAGS_FOLDER/binance_dag.py', '--cfg-path', '/tmp/tmpvyaykgjd']
[2024-07-25T14:31:21.636-0300] {standard_task_runner.py:91} INFO - Job 2127: Subtask get_5m_info
[2024-07-25T14:31:21.665-0300] {task_command.py:426} INFO - Running <TaskInstance: Binance_5m.get_5m_info scheduled__2024-07-25T12:35:00+00:00 [running]> on host Galaxybook.
[2024-07-25T14:31:21.718-0300] {taskinstance.py:2648} INFO - Exporting env vars: AIRFLOW_CTX_DAG_OWNER='airflow' AIRFLOW_CTX_DAG_ID='Binance_5m' AIRFLOW_CTX_TASK_ID='get_5m_info' AIRFLOW_CTX_EXECUTION_DATE='2024-07-25T12:35:00+00:00' AIRFLOW_CTX_TRY_NUMBER='1' AIRFLOW_CTX_DAG_RUN_ID='scheduled__2024-07-25T12:35:00+00:00'
[2024-07-25T14:31:21.718-0300] {taskinstance.py:430} INFO - ::endgroup::
[2024-07-25T14:31:21.726-0300] {binance_dag.py:23} INFO - End Time: 2024-07-25T12:40:00.00Z
[2024-07-25T14:31:21.799-0300] {base.py:84} INFO - Using connection ID 'binance_default' for task execution.
[2024-07-25T14:31:21.799-0300] {logging_mixin.py:188} INFO - https://api.binance.com
[2024-07-25T14:31:21.800-0300] {binance_hook.py:35} INFO - URL: https://api.binance.com/api/v3/klines?symbol=BTCBRL&interval=5m&startTime=1721921700000&endTime=1721922000000
[2024-07-25T14:31:22.187-0300] {python.py:237} INFO - Done. Returned value was: None
[2024-07-25T14:31:22.187-0300] {taskinstance.py:441} INFO - ::group::Post task execution logs
[2024-07-25T14:31:22.189-0300] {taskinstance.py:1206} INFO - Marking task as SUCCESS. dag_id=Binance_5m, task_id=get_5m_info, run_id=scheduled__2024-07-25T12:35:00+00:00, execution_date=20240725T123500, start_date=20240725T173121, end_date=20240725T173122
[2024-07-25T14:31:22.218-0300] {local_task_job_runner.py:243} INFO - Task exited with return code 0
[2024-07-25T14:31:22.225-0300] {taskinstance.py:3503} INFO - 0 downstream tasks scheduled from follow-on schedule check
[2024-07-25T14:31:22.225-0300] {local_task_job_runner.py:222} INFO - ::endgroup::
[2024-07-25T14:35:48.856-0300] {local_task_job_runner.py:120} INFO - ::group::Pre task execution logs
[2024-07-25T14:35:48.864-0300] {taskinstance.py:2076} INFO - Dependencies all met for dep_context=non-requeueable deps ti=<TaskInstance: Binance_5m.get_5m_info scheduled__2024-07-25T12:35:00+00:00 [queued]>
[2024-07-25T14:35:48.867-0300] {taskinstance.py:2076} INFO - Dependencies all met for dep_context=requeueable deps ti=<TaskInstance: Binance_5m.get_5m_info scheduled__2024-07-25T12:35:00+00:00 [queued]>
[2024-07-25T14:35:48.867-0300] {taskinstance.py:2306} INFO - Starting attempt 1 of 1
[2024-07-25T14:35:48.882-0300] {taskinstance.py:2330} INFO - Executing <Task(PythonOperator): get_5m_info> on 2024-07-25 12:35:00+00:00
[2024-07-25T14:35:48.884-0300] {standard_task_runner.py:64} INFO - Started process 2598224 to run task
[2024-07-25T14:35:48.887-0300] {standard_task_runner.py:90} INFO - Running: ['airflow', 'tasks', 'run', 'Binance_5m', 'get_5m_info', 'scheduled__2024-07-25T12:35:00+00:00', '--job-id', '2089', '--raw', '--subdir', 'DAGS_FOLDER/binance_dag.py', '--cfg-path', '/tmp/tmpb5z6c2d2']
[2024-07-25T14:35:48.888-0300] {standard_task_runner.py:91} INFO - Job 2089: Subtask get_5m_info
[2024-07-25T14:35:48.915-0300] {task_command.py:426} INFO - Running <TaskInstance: Binance_5m.get_5m_info scheduled__2024-07-25T12:35:00+00:00 [running]> on host Galaxybook.
[2024-07-25T14:35:48.965-0300] {taskinstance.py:2648} INFO - Exporting env vars: AIRFLOW_CTX_DAG_OWNER='airflow' AIRFLOW_CTX_DAG_ID='Binance_5m' AIRFLOW_CTX_TASK_ID='get_5m_info' AIRFLOW_CTX_EXECUTION_DATE='2024-07-25T12:35:00+00:00' AIRFLOW_CTX_TRY_NUMBER='1' AIRFLOW_CTX_DAG_RUN_ID='scheduled__2024-07-25T12:35:00+00:00'
[2024-07-25T14:35:48.966-0300] {taskinstance.py:430} INFO - ::endgroup::
[2024-07-25T14:35:48.974-0300] {binance_dag.py:23} INFO - End Time: 2024-07-25T12:40:00.00Z
[2024-07-25T14:35:49.047-0300] {base.py:84} INFO - Using connection ID 'binance_default' for task execution.
[2024-07-25T14:35:49.047-0300] {logging_mixin.py:188} INFO - https://api.binance.com
[2024-07-25T14:35:49.048-0300] {binance_hook.py:35} INFO - URL: https://api.binance.com/api/v3/klines?symbol=BTCBRL&interval=5m&startTime=1721921700000&endTime=1721922000000
[2024-07-25T14:35:49.445-0300] {binance_dag.py:42} INFO - r: [[1721921700000, '367653.00000000', '368044.00000000', '366829.00000000', '366995.00000000', '0.65164000', 1721921999999, '239534.10641000', 127, '0.23177000', '85219.58165000', '0'], [1721922000000, '366933.00000000', '367059.00000000', '365540.00000000', '365835.00000000', '0.42374000', 1721922299999, '155259.87570000', 97, '0.25893000', '94841.60544000', '0']]
[2024-07-25T14:35:49.447-0300] {python.py:237} INFO - Done. Returned value was: None
[2024-07-25T14:35:49.448-0300] {taskinstance.py:441} INFO - ::group::Post task execution logs
[2024-07-25T14:35:49.450-0300] {taskinstance.py:1206} INFO - Marking task as SUCCESS. dag_id=Binance_5m, task_id=get_5m_info, run_id=scheduled__2024-07-25T12:35:00+00:00, execution_date=20240725T123500, start_date=20240725T173548, end_date=20240725T173549
[2024-07-25T14:35:49.471-0300] {local_task_job_runner.py:243} INFO - Task exited with return code 0
[2024-07-25T14:35:49.477-0300] {taskinstance.py:3503} INFO - 0 downstream tasks scheduled from follow-on schedule check
[2024-07-25T14:35:49.477-0300] {local_task_job_runner.py:222} INFO - ::endgroup::
[2024-07-25T14:36:43.900-0300] {local_task_job_runner.py:120} INFO - ::group::Pre task execution logs
[2024-07-25T14:36:43.907-0300] {taskinstance.py:2076} INFO - Dependencies all met for dep_context=non-requeueable deps ti=<TaskInstance: Binance_5m.get_5m_info scheduled__2024-07-25T12:35:00+00:00 [queued]>
[2024-07-25T14:36:43.911-0300] {taskinstance.py:2076} INFO - Dependencies all met for dep_context=requeueable deps ti=<TaskInstance: Binance_5m.get_5m_info scheduled__2024-07-25T12:35:00+00:00 [queued]>
[2024-07-25T14:36:43.912-0300] {taskinstance.py:2306} INFO - Starting attempt 1 of 1
[2024-07-25T14:36:43.924-0300] {taskinstance.py:2330} INFO - Executing <Task(PythonOperator): get_5m_info> on 2024-07-25 12:35:00+00:00
[2024-07-25T14:36:43.926-0300] {standard_task_runner.py:64} INFO - Started process 2599140 to run task
[2024-07-25T14:36:43.928-0300] {standard_task_runner.py:90} INFO - Running: ['airflow', 'tasks', 'run', 'Binance_5m', 'get_5m_info', 'scheduled__2024-07-25T12:35:00+00:00', '--job-id', '2089', '--raw', '--subdir', 'DAGS_FOLDER/binance_dag.py', '--cfg-path', '/tmp/tmpva_dtisf']
[2024-07-25T14:36:43.929-0300] {standard_task_runner.py:91} INFO - Job 2089: Subtask get_5m_info
[2024-07-25T14:36:43.956-0300] {task_command.py:426} INFO - Running <TaskInstance: Binance_5m.get_5m_info scheduled__2024-07-25T12:35:00+00:00 [running]> on host Galaxybook.
[2024-07-25T14:36:44.003-0300] {taskinstance.py:2648} INFO - Exporting env vars: AIRFLOW_CTX_DAG_OWNER='airflow' AIRFLOW_CTX_DAG_ID='Binance_5m' AIRFLOW_CTX_TASK_ID='get_5m_info' AIRFLOW_CTX_EXECUTION_DATE='2024-07-25T12:35:00+00:00' AIRFLOW_CTX_TRY_NUMBER='1' AIRFLOW_CTX_DAG_RUN_ID='scheduled__2024-07-25T12:35:00+00:00'
[2024-07-25T14:36:44.003-0300] {taskinstance.py:430} INFO - ::endgroup::
[2024-07-25T14:36:44.010-0300] {binance_dag.py:23} INFO - End Time: 2024-07-25T12:40:00.00Z
[2024-07-25T14:36:44.063-0300] {base.py:84} INFO - Using connection ID 'binance_default' for task execution.
[2024-07-25T14:36:44.063-0300] {logging_mixin.py:188} INFO - https://api.binance.com
[2024-07-25T14:36:44.064-0300] {binance_hook.py:35} INFO - URL: https://api.binance.com/api/v3/klines?symbol=BTCBRL&interval=5m&startTime=1721921700000&endTime=1721922000000
[2024-07-25T14:36:44.527-0300] {binance_dag.py:42} INFO - r: [[1721921700000, '367653.00000000', '368044.00000000', '366829.00000000', '366995.00000000', '0.65164000', 1721921999999, '239534.10641000', 127, '0.23177000', '85219.58165000', '0'], [1721922000000, '366933.00000000', '367059.00000000', '365540.00000000', '365835.00000000', '0.42374000', 1721922299999, '155259.87570000', 97, '0.25893000', '94841.60544000', '0']]
[2024-07-25T14:36:44.528-0300] {python.py:237} INFO - Done. Returned value was: None
[2024-07-25T14:36:44.529-0300] {taskinstance.py:441} INFO - ::group::Post task execution logs
[2024-07-25T14:36:44.532-0300] {taskinstance.py:1206} INFO - Marking task as SUCCESS. dag_id=Binance_5m, task_id=get_5m_info, run_id=scheduled__2024-07-25T12:35:00+00:00, execution_date=20240725T123500, start_date=20240725T173643, end_date=20240725T173644
[2024-07-25T14:36:44.558-0300] {local_task_job_runner.py:243} INFO - Task exited with return code 0
[2024-07-25T14:36:44.564-0300] {taskinstance.py:3503} INFO - 0 downstream tasks scheduled from follow-on schedule check
[2024-07-25T14:36:44.564-0300] {local_task_job_runner.py:222} INFO - ::endgroup::
[2024-07-25T14:52:37.539-0300] {local_task_job_runner.py:120} INFO - ::group::Pre task execution logs
[2024-07-25T14:52:37.545-0300] {taskinstance.py:2076} INFO - Dependencies all met for dep_context=non-requeueable deps ti=<TaskInstance: Binance_5m.get_5m_info scheduled__2024-07-25T12:35:00+00:00 [queued]>
[2024-07-25T14:52:37.549-0300] {taskinstance.py:2076} INFO - Dependencies all met for dep_context=requeueable deps ti=<TaskInstance: Binance_5m.get_5m_info scheduled__2024-07-25T12:35:00+00:00 [queued]>
[2024-07-25T14:52:37.549-0300] {taskinstance.py:2306} INFO - Starting attempt 1 of 1
[2024-07-25T14:52:37.563-0300] {taskinstance.py:2330} INFO - Executing <Task(PythonOperator): get_5m_info> on 2024-07-25 12:35:00+00:00
[2024-07-25T14:52:37.565-0300] {standard_task_runner.py:64} INFO - Started process 2611995 to run task
[2024-07-25T14:52:37.567-0300] {standard_task_runner.py:90} INFO - Running: ['airflow', 'tasks', 'run', 'Binance_5m', 'get_5m_info', 'scheduled__2024-07-25T12:35:00+00:00', '--job-id', '2243', '--raw', '--subdir', 'DAGS_FOLDER/binance_dag.py', '--cfg-path', '/tmp/tmpodfaogwx']
[2024-07-25T14:52:37.568-0300] {standard_task_runner.py:91} INFO - Job 2243: Subtask get_5m_info
[2024-07-25T14:52:37.595-0300] {task_command.py:426} INFO - Running <TaskInstance: Binance_5m.get_5m_info scheduled__2024-07-25T12:35:00+00:00 [running]> on host Galaxybook.
[2024-07-25T14:52:37.653-0300] {taskinstance.py:2648} INFO - Exporting env vars: AIRFLOW_CTX_DAG_OWNER='airflow' AIRFLOW_CTX_DAG_ID='Binance_5m' AIRFLOW_CTX_TASK_ID='get_5m_info' AIRFLOW_CTX_EXECUTION_DATE='2024-07-25T12:35:00+00:00' AIRFLOW_CTX_TRY_NUMBER='1' AIRFLOW_CTX_DAG_RUN_ID='scheduled__2024-07-25T12:35:00+00:00'
[2024-07-25T14:52:37.654-0300] {taskinstance.py:430} INFO - ::endgroup::
[2024-07-25T14:52:37.666-0300] {binance_dag.py:23} INFO - End Time: 2024-07-25T12:40:00.00Z
[2024-07-25T14:52:37.666-0300] {binance_dag.py:24} INFO - Start Time: 2024-07-25T12:35:00.00Z
[2024-07-25T14:52:37.751-0300] {base.py:84} INFO - Using connection ID 'binance_default' for task execution.
[2024-07-25T14:52:37.752-0300] {logging_mixin.py:188} INFO - https://api.binance.com
[2024-07-25T14:52:37.752-0300] {binance_hook.py:35} INFO - URL: https://api.binance.com/api/v3/klines?symbol=BTCBRL&interval=5m&startTime=1721921700000&endTime=1721921999999
[2024-07-25T14:52:38.163-0300] {binance_dag.py:43} INFO - r: [[1721921700000, '367653.00000000', '368044.00000000', '366829.00000000', '366995.00000000', '0.65164000', 1721921999999, '239534.10641000', 127, '0.23177000', '85219.58165000', '0']]
[2024-07-25T14:52:38.164-0300] {python.py:237} INFO - Done. Returned value was: None
[2024-07-25T14:52:38.165-0300] {taskinstance.py:441} INFO - ::group::Post task execution logs
[2024-07-25T14:52:38.168-0300] {taskinstance.py:1206} INFO - Marking task as SUCCESS. dag_id=Binance_5m, task_id=get_5m_info, run_id=scheduled__2024-07-25T12:35:00+00:00, execution_date=20240725T123500, start_date=20240725T175237, end_date=20240725T175238
[2024-07-25T14:52:38.188-0300] {local_task_job_runner.py:243} INFO - Task exited with return code 0
[2024-07-25T14:52:38.194-0300] {taskinstance.py:3503} INFO - 0 downstream tasks scheduled from follow-on schedule check
[2024-07-25T14:52:38.195-0300] {local_task_job_runner.py:222} INFO - ::endgroup::
[2024-07-25T15:22:30.260-0300] {local_task_job_runner.py:120} INFO - ::group::Pre task execution logs
[2024-07-25T15:22:30.266-0300] {taskinstance.py:2076} INFO - Dependencies all met for dep_context=non-requeueable deps ti=<TaskInstance: Binance_5m.get_5m_info scheduled__2024-07-25T12:35:00+00:00 [queued]>
[2024-07-25T15:22:30.270-0300] {taskinstance.py:2076} INFO - Dependencies all met for dep_context=requeueable deps ti=<TaskInstance: Binance_5m.get_5m_info scheduled__2024-07-25T12:35:00+00:00 [queued]>
[2024-07-25T15:22:30.270-0300] {taskinstance.py:2306} INFO - Starting attempt 1 of 1
[2024-07-25T15:22:30.293-0300] {taskinstance.py:2330} INFO - Executing <Task(PythonOperator): get_5m_info> on 2024-07-25 12:35:00+00:00
[2024-07-25T15:22:30.295-0300] {standard_task_runner.py:64} INFO - Started process 2634238 to run task
[2024-07-25T15:22:30.297-0300] {standard_task_runner.py:90} INFO - Running: ['airflow', 'tasks', 'run', 'Binance_5m', 'get_5m_info', 'scheduled__2024-07-25T12:35:00+00:00', '--job-id', '2686', '--raw', '--subdir', 'DAGS_FOLDER/binance_dag.py', '--cfg-path', '/tmp/tmpn0s0g2gq']
[2024-07-25T15:22:30.298-0300] {standard_task_runner.py:91} INFO - Job 2686: Subtask get_5m_info
[2024-07-25T15:22:30.323-0300] {task_command.py:426} INFO - Running <TaskInstance: Binance_5m.get_5m_info scheduled__2024-07-25T12:35:00+00:00 [running]> on host Galaxybook.
[2024-07-25T15:22:30.372-0300] {taskinstance.py:2648} INFO - Exporting env vars: AIRFLOW_CTX_DAG_OWNER='airflow' AIRFLOW_CTX_DAG_ID='Binance_5m' AIRFLOW_CTX_TASK_ID='get_5m_info' AIRFLOW_CTX_EXECUTION_DATE='2024-07-25T12:35:00+00:00' AIRFLOW_CTX_TRY_NUMBER='1' AIRFLOW_CTX_DAG_RUN_ID='scheduled__2024-07-25T12:35:00+00:00'
[2024-07-25T15:22:30.372-0300] {taskinstance.py:430} INFO - ::endgroup::
[2024-07-25T15:22:30.380-0300] {binance_dag.py:23} INFO - End Time: 2024-07-25T12:40:00.00Z
[2024-07-25T15:22:30.380-0300] {binance_dag.py:24} INFO - Start Time: 2024-07-25T12:35:00.00Z
[2024-07-25T15:22:30.429-0300] {binance_dag.py:25} INFO - 1721921700000
[2024-07-25T15:22:30.432-0300] {base.py:84} INFO - Using connection ID 'binance_default' for task execution.
[2024-07-25T15:22:30.432-0300] {logging_mixin.py:188} INFO - https://api.binance.com
[2024-07-25T15:22:30.432-0300] {binance_hook.py:35} INFO - URL: https://api.binance.com/api/v3/klines?symbol=BTCBRL&interval=5m&startTime=1721921700000&endTime=1721921999999
[2024-07-25T15:22:30.826-0300] {python.py:237} INFO - Done. Returned value was: None
[2024-07-25T15:22:30.826-0300] {taskinstance.py:441} INFO - ::group::Post task execution logs
[2024-07-25T15:22:30.829-0300] {taskinstance.py:1206} INFO - Marking task as SUCCESS. dag_id=Binance_5m, task_id=get_5m_info, run_id=scheduled__2024-07-25T12:35:00+00:00, execution_date=20240725T123500, start_date=20240725T182230, end_date=20240725T182230
[2024-07-25T15:22:30.882-0300] {local_task_job_runner.py:243} INFO - Task exited with return code 0
[2024-07-25T15:22:30.891-0300] {taskinstance.py:3503} INFO - 0 downstream tasks scheduled from follow-on schedule check
[2024-07-25T15:22:30.891-0300] {local_task_job_runner.py:222} INFO - ::endgroup::
[2024-07-25T16:20:20.380-0300] {local_task_job_runner.py:120} INFO - ::group::Pre task execution logs
[2024-07-25T16:20:20.387-0300] {taskinstance.py:2076} INFO - Dependencies all met for dep_context=non-requeueable deps ti=<TaskInstance: Binance_5m.get_5m_info scheduled__2024-07-25T12:35:00+00:00 [queued]>
[2024-07-25T16:20:20.391-0300] {taskinstance.py:2076} INFO - Dependencies all met for dep_context=requeueable deps ti=<TaskInstance: Binance_5m.get_5m_info scheduled__2024-07-25T12:35:00+00:00 [queued]>
[2024-07-25T16:20:20.391-0300] {taskinstance.py:2306} INFO - Starting attempt 1 of 1
[2024-07-25T16:20:20.405-0300] {taskinstance.py:2330} INFO - Executing <Task(PythonOperator): get_5m_info> on 2024-07-25 12:35:00+00:00
[2024-07-25T16:20:20.407-0300] {standard_task_runner.py:64} INFO - Started process 2663361 to run task
[2024-07-25T16:20:20.409-0300] {standard_task_runner.py:90} INFO - Running: ['airflow', 'tasks', 'run', 'Binance_5m', 'get_5m_info', 'scheduled__2024-07-25T12:35:00+00:00', '--job-id', '2284', '--raw', '--subdir', 'DAGS_FOLDER/binance_dag.py', '--cfg-path', '/tmp/tmpfx9wabqb']
[2024-07-25T16:20:20.410-0300] {standard_task_runner.py:91} INFO - Job 2284: Subtask get_5m_info
[2024-07-25T16:20:20.437-0300] {task_command.py:426} INFO - Running <TaskInstance: Binance_5m.get_5m_info scheduled__2024-07-25T12:35:00+00:00 [running]> on host Galaxybook.
[2024-07-25T16:20:20.493-0300] {taskinstance.py:2648} INFO - Exporting env vars: AIRFLOW_CTX_DAG_OWNER='airflow' AIRFLOW_CTX_DAG_ID='Binance_5m' AIRFLOW_CTX_TASK_ID='get_5m_info' AIRFLOW_CTX_EXECUTION_DATE='2024-07-25T12:35:00+00:00' AIRFLOW_CTX_TRY_NUMBER='1' AIRFLOW_CTX_DAG_RUN_ID='scheduled__2024-07-25T12:35:00+00:00'
[2024-07-25T16:20:20.494-0300] {taskinstance.py:430} INFO - ::endgroup::
[2024-07-25T16:20:20.504-0300] {binance_dag.py:22} INFO - End Time: 2024-07-25 12:40:00+00:00
[2024-07-25T16:20:20.504-0300] {binance_dag.py:23} INFO - Start Time: 2024-07-25 12:35:00+00:00
[2024-07-25T16:20:20.504-0300] {binance_dag.py:24} INFO - Start timestamp: 1721910900000
[2024-07-25T16:20:20.504-0300] {binance_dag.py:25} INFO - End timestamp: 1721911200000
[2024-07-25T16:20:20.580-0300] {base.py:84} INFO - Using connection ID 'binance_default' for task execution.
[2024-07-25T16:20:20.580-0300] {logging_mixin.py:188} INFO - https://api.binance.com
[2024-07-25T16:20:20.581-0300] {binance_hook.py:35} INFO - URL: https://api.binance.com/api/v3/klines?symbol=BTCBRL&interval=5m&startTime=1721910900000&endTime=1721911199999&timeZone=-3
[2024-07-25T16:20:21.030-0300] {python.py:237} INFO - Done. Returned value was: None
[2024-07-25T16:20:21.030-0300] {taskinstance.py:441} INFO - ::group::Post task execution logs
[2024-07-25T16:20:21.033-0300] {taskinstance.py:1206} INFO - Marking task as SUCCESS. dag_id=Binance_5m, task_id=get_5m_info, run_id=scheduled__2024-07-25T12:35:00+00:00, execution_date=20240725T123500, start_date=20240725T192020, end_date=20240725T192021
[2024-07-25T16:20:21.071-0300] {local_task_job_runner.py:243} INFO - Task exited with return code 0
[2024-07-25T16:20:21.078-0300] {taskinstance.py:3503} INFO - 0 downstream tasks scheduled from follow-on schedule check
[2024-07-25T16:20:21.078-0300] {local_task_job_runner.py:222} INFO - ::endgroup::
