[2024-07-25T14:55:15.426-0300] {local_task_job_runner.py:120} INFO - ::group::Pre task execution logs
[2024-07-25T14:55:15.432-0300] {taskinstance.py:2076} INFO - Dependencies all met for dep_context=non-requeueable deps ti=<TaskInstance: Mercado_5m.get_5m_info scheduled__2024-07-25T01:10:00+00:00 [queued]>
[2024-07-25T14:55:15.434-0300] {taskinstance.py:2076} INFO - Dependencies all met for dep_context=requeueable deps ti=<TaskInstance: Mercado_5m.get_5m_info scheduled__2024-07-25T01:10:00+00:00 [queued]>
[2024-07-25T14:55:15.435-0300] {taskinstance.py:2306} INFO - Starting attempt 1 of 1
[2024-07-25T14:55:15.447-0300] {taskinstance.py:2330} INFO - Executing <Task(PythonOperator): get_5m_info> on 2024-07-25 01:10:00+00:00
[2024-07-25T14:55:15.449-0300] {standard_task_runner.py:64} INFO - Started process 2614700 to run task
[2024-07-25T14:55:15.451-0300] {standard_task_runner.py:90} INFO - Running: ['airflow', 'tasks', 'run', 'Mercado_5m', 'get_5m_info', 'scheduled__2024-07-25T01:10:00+00:00', '--job-id', '2319', '--raw', '--subdir', 'DAGS_FOLDER/mercado_dag.py', '--cfg-path', '/tmp/tmpyely6b_o']
[2024-07-25T14:55:15.452-0300] {standard_task_runner.py:91} INFO - Job 2319: Subtask get_5m_info
[2024-07-25T14:55:15.489-0300] {task_command.py:426} INFO - Running <TaskInstance: Mercado_5m.get_5m_info scheduled__2024-07-25T01:10:00+00:00 [running]> on host Galaxybook.
[2024-07-25T14:55:15.535-0300] {taskinstance.py:2648} INFO - Exporting env vars: AIRFLOW_CTX_DAG_OWNER='airflow' AIRFLOW_CTX_DAG_ID='Mercado_5m' AIRFLOW_CTX_TASK_ID='get_5m_info' AIRFLOW_CTX_EXECUTION_DATE='2024-07-25T01:10:00+00:00' AIRFLOW_CTX_TRY_NUMBER='1' AIRFLOW_CTX_DAG_RUN_ID='scheduled__2024-07-25T01:10:00+00:00'
[2024-07-25T14:55:15.535-0300] {taskinstance.py:430} INFO - ::endgroup::
[2024-07-25T14:55:15.596-0300] {base.py:84} INFO - Using connection ID 'mercado_default' for task execution.
[2024-07-25T14:55:15.597-0300] {mercado_hook.py:31} INFO - URL: https://api.mercadobitcoin.net/api/v4/candles?symbol=BTC-BRL&resolution=5m&to=1721880900&from=1721880600
[2024-07-25T14:55:15.876-0300] {python.py:237} INFO - Done. Returned value was: None
[2024-07-25T14:55:15.877-0300] {taskinstance.py:441} INFO - ::group::Post task execution logs
[2024-07-25T14:55:15.880-0300] {taskinstance.py:1206} INFO - Marking task as SUCCESS. dag_id=Mercado_5m, task_id=get_5m_info, run_id=scheduled__2024-07-25T01:10:00+00:00, execution_date=20240725T011000, start_date=20240725T175515, end_date=20240725T175515
[2024-07-25T14:55:15.915-0300] {local_task_job_runner.py:243} INFO - Task exited with return code 0
[2024-07-25T14:55:15.922-0300] {taskinstance.py:3503} INFO - 0 downstream tasks scheduled from follow-on schedule check
[2024-07-25T14:55:15.923-0300] {local_task_job_runner.py:222} INFO - ::endgroup::
[2024-07-25T16:18:46.769-0300] {local_task_job_runner.py:120} INFO - ::group::Pre task execution logs
[2024-07-25T16:18:46.774-0300] {taskinstance.py:2076} INFO - Dependencies all met for dep_context=non-requeueable deps ti=<TaskInstance: Mercado_5m.get_5m_info scheduled__2024-07-25T01:10:00+00:00 [queued]>
[2024-07-25T16:18:46.777-0300] {taskinstance.py:2076} INFO - Dependencies all met for dep_context=requeueable deps ti=<TaskInstance: Mercado_5m.get_5m_info scheduled__2024-07-25T01:10:00+00:00 [queued]>
[2024-07-25T16:18:46.777-0300] {taskinstance.py:2306} INFO - Starting attempt 1 of 1
[2024-07-25T16:18:46.788-0300] {taskinstance.py:2330} INFO - Executing <Task(PythonOperator): get_5m_info> on 2024-07-25 01:10:00+00:00
[2024-07-25T16:18:46.791-0300] {standard_task_runner.py:64} INFO - Started process 2661750 to run task
[2024-07-25T16:18:46.793-0300] {standard_task_runner.py:90} INFO - Running: ['airflow', 'tasks', 'run', 'Mercado_5m', 'get_5m_info', 'scheduled__2024-07-25T01:10:00+00:00', '--job-id', '2238', '--raw', '--subdir', 'DAGS_FOLDER/mercado_dag.py', '--cfg-path', '/tmp/tmpbe32erfu']
[2024-07-25T16:18:46.794-0300] {standard_task_runner.py:91} INFO - Job 2238: Subtask get_5m_info
[2024-07-25T16:18:46.828-0300] {task_command.py:426} INFO - Running <TaskInstance: Mercado_5m.get_5m_info scheduled__2024-07-25T01:10:00+00:00 [running]> on host Galaxybook.
[2024-07-25T16:18:46.883-0300] {taskinstance.py:2648} INFO - Exporting env vars: AIRFLOW_CTX_DAG_OWNER='airflow' AIRFLOW_CTX_DAG_ID='Mercado_5m' AIRFLOW_CTX_TASK_ID='get_5m_info' AIRFLOW_CTX_EXECUTION_DATE='2024-07-25T01:10:00+00:00' AIRFLOW_CTX_TRY_NUMBER='1' AIRFLOW_CTX_DAG_RUN_ID='scheduled__2024-07-25T01:10:00+00:00'
[2024-07-25T16:18:46.884-0300] {taskinstance.py:430} INFO - ::endgroup::
[2024-07-25T16:18:46.891-0300] {mercado_dag.py:22} INFO - To: 2024-07-25 01:15:00+00:00
[2024-07-25T16:18:46.891-0300] {mercado_dag.py:23} INFO - From: 2024-07-25 01:10:00+00:00
[2024-07-25T16:18:46.891-0300] {mercado_dag.py:24} INFO - To timestamp: 
[2024-07-25T16:18:46.954-0300] {base.py:84} INFO - Using connection ID 'mercado_default' for task execution.
[2024-07-25T16:18:46.955-0300] {mercado_hook.py:31} INFO - URL: https://api.mercadobitcoin.net/api/v4/candles?symbol=BTC-BRL&resolution=5m&to=1721870100&from=1721869800
[2024-07-25T16:18:47.280-0300] {python.py:237} INFO - Done. Returned value was: None
[2024-07-25T16:18:47.280-0300] {taskinstance.py:441} INFO - ::group::Post task execution logs
[2024-07-25T16:18:47.283-0300] {taskinstance.py:1206} INFO - Marking task as SUCCESS. dag_id=Mercado_5m, task_id=get_5m_info, run_id=scheduled__2024-07-25T01:10:00+00:00, execution_date=20240725T011000, start_date=20240725T191846, end_date=20240725T191847
[2024-07-25T16:18:47.334-0300] {local_task_job_runner.py:243} INFO - Task exited with return code 0
[2024-07-25T16:18:47.341-0300] {taskinstance.py:3503} INFO - 0 downstream tasks scheduled from follow-on schedule check
[2024-07-25T16:18:47.341-0300] {local_task_job_runner.py:222} INFO - ::endgroup::
[2024-07-25T16:22:54.755-0300] {local_task_job_runner.py:120} INFO - ::group::Pre task execution logs
[2024-07-25T16:22:54.761-0300] {taskinstance.py:2076} INFO - Dependencies all met for dep_context=non-requeueable deps ti=<TaskInstance: Mercado_5m.get_5m_info scheduled__2024-07-25T01:10:00+00:00 [queued]>
[2024-07-25T16:22:54.764-0300] {taskinstance.py:2076} INFO - Dependencies all met for dep_context=requeueable deps ti=<TaskInstance: Mercado_5m.get_5m_info scheduled__2024-07-25T01:10:00+00:00 [queued]>
[2024-07-25T16:22:54.764-0300] {taskinstance.py:2306} INFO - Starting attempt 1 of 1
[2024-07-25T16:22:54.777-0300] {taskinstance.py:2330} INFO - Executing <Task(PythonOperator): get_5m_info> on 2024-07-25 01:10:00+00:00
[2024-07-25T16:22:54.779-0300] {standard_task_runner.py:64} INFO - Started process 2665931 to run task
[2024-07-25T16:22:54.781-0300] {standard_task_runner.py:90} INFO - Running: ['airflow', 'tasks', 'run', 'Mercado_5m', 'get_5m_info', 'scheduled__2024-07-25T01:10:00+00:00', '--job-id', '2361', '--raw', '--subdir', 'DAGS_FOLDER/mercado_dag.py', '--cfg-path', '/tmp/tmpy8kf6ms6']
[2024-07-25T16:22:54.782-0300] {standard_task_runner.py:91} INFO - Job 2361: Subtask get_5m_info
[2024-07-25T16:22:54.813-0300] {task_command.py:426} INFO - Running <TaskInstance: Mercado_5m.get_5m_info scheduled__2024-07-25T01:10:00+00:00 [running]> on host Galaxybook.
[2024-07-25T16:22:54.863-0300] {taskinstance.py:2648} INFO - Exporting env vars: AIRFLOW_CTX_DAG_OWNER='airflow' AIRFLOW_CTX_DAG_ID='Mercado_5m' AIRFLOW_CTX_TASK_ID='get_5m_info' AIRFLOW_CTX_EXECUTION_DATE='2024-07-25T01:10:00+00:00' AIRFLOW_CTX_TRY_NUMBER='1' AIRFLOW_CTX_DAG_RUN_ID='scheduled__2024-07-25T01:10:00+00:00'
[2024-07-25T16:22:54.863-0300] {taskinstance.py:430} INFO - ::endgroup::
[2024-07-25T16:22:54.871-0300] {mercado_dag.py:22} INFO - To: 2024-07-25 01:15:00+00:00
[2024-07-25T16:22:54.871-0300] {mercado_dag.py:23} INFO - From: 2024-07-25 01:10:00+00:00
[2024-07-25T16:22:54.871-0300] {mercado_dag.py:24} INFO - To timestamp: 1721870100 
[2024-07-25T16:22:54.872-0300] {mercado_dag.py:25} INFO - From timestamp: 1721869800 
[2024-07-25T16:22:54.930-0300] {base.py:84} INFO - Using connection ID 'mercado_default' for task execution.
[2024-07-25T16:22:54.931-0300] {mercado_hook.py:31} INFO - URL: https://api.mercadobitcoin.net/api/v4/candles?symbol=BTC-BRL&resolution=5m&to=1721870100&from=1721869800
[2024-07-25T16:22:55.205-0300] {python.py:237} INFO - Done. Returned value was: None
[2024-07-25T16:22:55.205-0300] {taskinstance.py:441} INFO - ::group::Post task execution logs
[2024-07-25T16:22:55.207-0300] {taskinstance.py:1206} INFO - Marking task as SUCCESS. dag_id=Mercado_5m, task_id=get_5m_info, run_id=scheduled__2024-07-25T01:10:00+00:00, execution_date=20240725T011000, start_date=20240725T192254, end_date=20240725T192255
[2024-07-25T16:22:55.241-0300] {local_task_job_runner.py:243} INFO - Task exited with return code 0
[2024-07-25T16:22:55.248-0300] {taskinstance.py:3503} INFO - 0 downstream tasks scheduled from follow-on schedule check
[2024-07-25T16:22:55.249-0300] {local_task_job_runner.py:222} INFO - ::endgroup::
[2024-07-25T16:25:35.254-0300] {local_task_job_runner.py:120} INFO - ::group::Pre task execution logs
[2024-07-25T16:25:35.260-0300] {taskinstance.py:2076} INFO - Dependencies all met for dep_context=non-requeueable deps ti=<TaskInstance: Mercado_5m.get_5m_info scheduled__2024-07-25T01:10:00+00:00 [queued]>
[2024-07-25T16:25:35.264-0300] {taskinstance.py:2076} INFO - Dependencies all met for dep_context=requeueable deps ti=<TaskInstance: Mercado_5m.get_5m_info scheduled__2024-07-25T01:10:00+00:00 [queued]>
[2024-07-25T16:25:35.264-0300] {taskinstance.py:2306} INFO - Starting attempt 1 of 1
[2024-07-25T16:25:35.280-0300] {taskinstance.py:2330} INFO - Executing <Task(PythonOperator): get_5m_info> on 2024-07-25 01:10:00+00:00
[2024-07-25T16:25:35.282-0300] {standard_task_runner.py:64} INFO - Started process 2668628 to run task
[2024-07-25T16:25:35.284-0300] {standard_task_runner.py:90} INFO - Running: ['airflow', 'tasks', 'run', 'Mercado_5m', 'get_5m_info', 'scheduled__2024-07-25T01:10:00+00:00', '--job-id', '2434', '--raw', '--subdir', 'DAGS_FOLDER/mercado_dag.py', '--cfg-path', '/tmp/tmpvpe7_jw8']
[2024-07-25T16:25:35.285-0300] {standard_task_runner.py:91} INFO - Job 2434: Subtask get_5m_info
[2024-07-25T16:25:35.311-0300] {task_command.py:426} INFO - Running <TaskInstance: Mercado_5m.get_5m_info scheduled__2024-07-25T01:10:00+00:00 [running]> on host Galaxybook.
[2024-07-25T16:25:35.356-0300] {taskinstance.py:2648} INFO - Exporting env vars: AIRFLOW_CTX_DAG_OWNER='airflow' AIRFLOW_CTX_DAG_ID='Mercado_5m' AIRFLOW_CTX_TASK_ID='get_5m_info' AIRFLOW_CTX_EXECUTION_DATE='2024-07-25T01:10:00+00:00' AIRFLOW_CTX_TRY_NUMBER='1' AIRFLOW_CTX_DAG_RUN_ID='scheduled__2024-07-25T01:10:00+00:00'
[2024-07-25T16:25:35.356-0300] {taskinstance.py:430} INFO - ::endgroup::
[2024-07-25T16:25:35.364-0300] {mercado_dag.py:22} INFO - To: 2024-07-25 01:15:00+00:00
[2024-07-25T16:25:35.364-0300] {mercado_dag.py:23} INFO - From: 2024-07-25 01:10:00+00:00
[2024-07-25T16:25:35.364-0300] {mercado_dag.py:24} INFO - To timestamp: 1721870100000 
[2024-07-25T16:25:35.364-0300] {mercado_dag.py:25} INFO - From timestamp: 1721869800000 
[2024-07-25T16:25:35.424-0300] {base.py:84} INFO - Using connection ID 'mercado_default' for task execution.
[2024-07-25T16:25:35.425-0300] {mercado_hook.py:31} INFO - URL: https://api.mercadobitcoin.net/api/v4/candles?symbol=BTC-BRL&resolution=5m&to=1721870100000&from=1721869800000
[2024-07-25T16:25:35.695-0300] {python.py:237} INFO - Done. Returned value was: None
[2024-07-25T16:25:35.695-0300] {taskinstance.py:441} INFO - ::group::Post task execution logs
[2024-07-25T16:25:35.698-0300] {taskinstance.py:1206} INFO - Marking task as SUCCESS. dag_id=Mercado_5m, task_id=get_5m_info, run_id=scheduled__2024-07-25T01:10:00+00:00, execution_date=20240725T011000, start_date=20240725T192535, end_date=20240725T192535
[2024-07-25T16:25:35.747-0300] {local_task_job_runner.py:243} INFO - Task exited with return code 0
[2024-07-25T16:25:35.754-0300] {taskinstance.py:3503} INFO - 0 downstream tasks scheduled from follow-on schedule check
[2024-07-25T16:25:35.754-0300] {local_task_job_runner.py:222} INFO - ::endgroup::
