[2024-07-25T14:50:02.003-0300] {local_task_job_runner.py:120} INFO - ::group::Pre task execution logs
[2024-07-25T14:50:02.010-0300] {taskinstance.py:2076} INFO - Dependencies all met for dep_context=non-requeueable deps ti=<TaskInstance: Binance_5m.get_5m_info scheduled__2024-07-25T07:05:00+00:00 [queued]>
[2024-07-25T14:50:02.014-0300] {taskinstance.py:2076} INFO - Dependencies all met for dep_context=requeueable deps ti=<TaskInstance: Binance_5m.get_5m_info scheduled__2024-07-25T07:05:00+00:00 [queued]>
[2024-07-25T14:50:02.014-0300] {taskinstance.py:2306} INFO - Starting attempt 1 of 1
[2024-07-25T14:50:02.033-0300] {taskinstance.py:2330} INFO - Executing <Task(PythonOperator): get_5m_info> on 2024-07-25 07:05:00+00:00
[2024-07-25T14:50:02.035-0300] {standard_task_runner.py:64} INFO - Started process 2609450 to run task
[2024-07-25T14:50:02.038-0300] {standard_task_runner.py:90} INFO - Running: ['airflow', 'tasks', 'run', 'Binance_5m', 'get_5m_info', 'scheduled__2024-07-25T07:05:00+00:00', '--job-id', '2177', '--raw', '--subdir', 'DAGS_FOLDER/binance_dag.py', '--cfg-path', '/tmp/tmp_4jfg2ij']
[2024-07-25T14:50:02.039-0300] {standard_task_runner.py:91} INFO - Job 2177: Subtask get_5m_info
[2024-07-25T14:50:02.073-0300] {task_command.py:426} INFO - Running <TaskInstance: Binance_5m.get_5m_info scheduled__2024-07-25T07:05:00+00:00 [running]> on host Galaxybook.
[2024-07-25T14:50:02.137-0300] {taskinstance.py:2648} INFO - Exporting env vars: AIRFLOW_CTX_DAG_OWNER='airflow' AIRFLOW_CTX_DAG_ID='Binance_5m' AIRFLOW_CTX_TASK_ID='get_5m_info' AIRFLOW_CTX_EXECUTION_DATE='2024-07-25T07:05:00+00:00' AIRFLOW_CTX_TRY_NUMBER='1' AIRFLOW_CTX_DAG_RUN_ID='scheduled__2024-07-25T07:05:00+00:00'
[2024-07-25T14:50:02.138-0300] {taskinstance.py:430} INFO - ::endgroup::
[2024-07-25T14:50:02.147-0300] {binance_dag.py:23} INFO - End Time: 2024-07-25T07:10:00.00Z
[2024-07-25T14:50:02.147-0300] {binance_dag.py:24} INFO - Start Time: 2024-07-25T07:05:00.00Z
[2024-07-25T14:50:02.234-0300] {base.py:84} INFO - Using connection ID 'binance_default' for task execution.
[2024-07-25T14:50:02.234-0300] {logging_mixin.py:188} INFO - https://api.binance.com
[2024-07-25T14:50:02.234-0300] {binance_hook.py:35} INFO - URL: https://api.binance.com/api/v3/klines?symbol=BTCBRL&interval=5m&startTime=1721901900000&endTime=1721902199999
[2024-07-25T14:50:03.581-0300] {binance_dag.py:43} INFO - r: [[1721901900000, '366085.00000000', '366408.00000000', '366004.00000000', '366087.00000000', '0.72204000', 1721902199999, '264412.24677000', 69, '0.04803000', '17592.75356000', '0']]
[2024-07-25T14:50:03.582-0300] {python.py:237} INFO - Done. Returned value was: None
[2024-07-25T14:50:03.583-0300] {taskinstance.py:441} INFO - ::group::Post task execution logs
[2024-07-25T14:50:03.585-0300] {taskinstance.py:1206} INFO - Marking task as SUCCESS. dag_id=Binance_5m, task_id=get_5m_info, run_id=scheduled__2024-07-25T07:05:00+00:00, execution_date=20240725T070500, start_date=20240725T175002, end_date=20240725T175003
[2024-07-25T14:50:03.603-0300] {local_task_job_runner.py:243} INFO - Task exited with return code 0
[2024-07-25T14:50:03.610-0300] {taskinstance.py:3503} INFO - 0 downstream tasks scheduled from follow-on schedule check
[2024-07-25T14:50:03.610-0300] {local_task_job_runner.py:222} INFO - ::endgroup::
[2024-07-25T15:20:06.153-0300] {local_task_job_runner.py:120} INFO - ::group::Pre task execution logs
[2024-07-25T15:20:06.158-0300] {taskinstance.py:2076} INFO - Dependencies all met for dep_context=non-requeueable deps ti=<TaskInstance: Binance_5m.get_5m_info scheduled__2024-07-25T07:05:00+00:00 [queued]>
[2024-07-25T15:20:06.161-0300] {taskinstance.py:2076} INFO - Dependencies all met for dep_context=requeueable deps ti=<TaskInstance: Binance_5m.get_5m_info scheduled__2024-07-25T07:05:00+00:00 [queued]>
[2024-07-25T15:20:06.161-0300] {taskinstance.py:2306} INFO - Starting attempt 1 of 1
[2024-07-25T15:20:06.173-0300] {taskinstance.py:2330} INFO - Executing <Task(PythonOperator): get_5m_info> on 2024-07-25 07:05:00+00:00
[2024-07-25T15:20:06.174-0300] {standard_task_runner.py:64} INFO - Started process 2631815 to run task
[2024-07-25T15:20:06.177-0300] {standard_task_runner.py:90} INFO - Running: ['airflow', 'tasks', 'run', 'Binance_5m', 'get_5m_info', 'scheduled__2024-07-25T07:05:00+00:00', '--job-id', '2620', '--raw', '--subdir', 'DAGS_FOLDER/binance_dag.py', '--cfg-path', '/tmp/tmpon0xr0em']
[2024-07-25T15:20:06.178-0300] {standard_task_runner.py:91} INFO - Job 2620: Subtask get_5m_info
[2024-07-25T15:20:06.203-0300] {task_command.py:426} INFO - Running <TaskInstance: Binance_5m.get_5m_info scheduled__2024-07-25T07:05:00+00:00 [running]> on host Galaxybook.
[2024-07-25T15:20:06.253-0300] {taskinstance.py:2648} INFO - Exporting env vars: AIRFLOW_CTX_DAG_OWNER='airflow' AIRFLOW_CTX_DAG_ID='Binance_5m' AIRFLOW_CTX_TASK_ID='get_5m_info' AIRFLOW_CTX_EXECUTION_DATE='2024-07-25T07:05:00+00:00' AIRFLOW_CTX_TRY_NUMBER='1' AIRFLOW_CTX_DAG_RUN_ID='scheduled__2024-07-25T07:05:00+00:00'
[2024-07-25T15:20:06.254-0300] {taskinstance.py:430} INFO - ::endgroup::
[2024-07-25T15:20:06.261-0300] {binance_dag.py:23} INFO - End Time: 2024-07-25T07:10:00.00Z
[2024-07-25T15:20:06.261-0300] {binance_dag.py:24} INFO - Start Time: 2024-07-25T07:05:00.00Z
[2024-07-25T15:20:06.315-0300] {binance_dag.py:25} INFO - 1721901900000
[2024-07-25T15:20:06.318-0300] {base.py:84} INFO - Using connection ID 'binance_default' for task execution.
[2024-07-25T15:20:06.318-0300] {logging_mixin.py:188} INFO - https://api.binance.com
[2024-07-25T15:20:06.318-0300] {binance_hook.py:35} INFO - URL: https://api.binance.com/api/v3/klines?symbol=BTCBRL&interval=5m&startTime=1721901900000&endTime=1721902199999
[2024-07-25T15:20:06.709-0300] {python.py:237} INFO - Done. Returned value was: None
[2024-07-25T15:20:06.710-0300] {taskinstance.py:441} INFO - ::group::Post task execution logs
[2024-07-25T15:20:06.713-0300] {taskinstance.py:1206} INFO - Marking task as SUCCESS. dag_id=Binance_5m, task_id=get_5m_info, run_id=scheduled__2024-07-25T07:05:00+00:00, execution_date=20240725T070500, start_date=20240725T182006, end_date=20240725T182006
[2024-07-25T15:20:06.760-0300] {local_task_job_runner.py:243} INFO - Task exited with return code 0
[2024-07-25T15:20:06.768-0300] {taskinstance.py:3503} INFO - 0 downstream tasks scheduled from follow-on schedule check
[2024-07-25T15:20:06.768-0300] {local_task_job_runner.py:222} INFO - ::endgroup::
[2024-07-25T16:16:40.018-0300] {local_task_job_runner.py:120} INFO - ::group::Pre task execution logs
[2024-07-25T16:16:40.024-0300] {taskinstance.py:2076} INFO - Dependencies all met for dep_context=non-requeueable deps ti=<TaskInstance: Binance_5m.get_5m_info scheduled__2024-07-25T07:05:00+00:00 [queued]>
[2024-07-25T16:16:40.027-0300] {taskinstance.py:2076} INFO - Dependencies all met for dep_context=requeueable deps ti=<TaskInstance: Binance_5m.get_5m_info scheduled__2024-07-25T07:05:00+00:00 [queued]>
[2024-07-25T16:16:40.027-0300] {taskinstance.py:2306} INFO - Starting attempt 1 of 1
[2024-07-25T16:16:40.041-0300] {taskinstance.py:2330} INFO - Executing <Task(PythonOperator): get_5m_info> on 2024-07-25 07:05:00+00:00
[2024-07-25T16:16:40.042-0300] {standard_task_runner.py:64} INFO - Started process 2659609 to run task
[2024-07-25T16:16:40.044-0300] {standard_task_runner.py:90} INFO - Running: ['airflow', 'tasks', 'run', 'Binance_5m', 'get_5m_info', 'scheduled__2024-07-25T07:05:00+00:00', '--job-id', '2180', '--raw', '--subdir', 'DAGS_FOLDER/binance_dag.py', '--cfg-path', '/tmp/tmpimc6jrgu']
[2024-07-25T16:16:40.045-0300] {standard_task_runner.py:91} INFO - Job 2180: Subtask get_5m_info
[2024-07-25T16:16:40.071-0300] {task_command.py:426} INFO - Running <TaskInstance: Binance_5m.get_5m_info scheduled__2024-07-25T07:05:00+00:00 [running]> on host Galaxybook.
[2024-07-25T16:16:40.132-0300] {taskinstance.py:2648} INFO - Exporting env vars: AIRFLOW_CTX_DAG_OWNER='airflow' AIRFLOW_CTX_DAG_ID='Binance_5m' AIRFLOW_CTX_TASK_ID='get_5m_info' AIRFLOW_CTX_EXECUTION_DATE='2024-07-25T07:05:00+00:00' AIRFLOW_CTX_TRY_NUMBER='1' AIRFLOW_CTX_DAG_RUN_ID='scheduled__2024-07-25T07:05:00+00:00'
[2024-07-25T16:16:40.133-0300] {taskinstance.py:430} INFO - ::endgroup::
[2024-07-25T16:16:40.143-0300] {binance_dag.py:22} INFO - End Time: 2024-07-25 07:10:00+00:00
[2024-07-25T16:16:40.143-0300] {binance_dag.py:23} INFO - Start Time: 2024-07-25 07:05:00+00:00
[2024-07-25T16:16:40.143-0300] {binance_dag.py:24} INFO - Start timestamp: 1721891100000
[2024-07-25T16:16:40.144-0300] {binance_dag.py:25} INFO - End timestamp: 1721891400000
[2024-07-25T16:16:40.208-0300] {base.py:84} INFO - Using connection ID 'binance_default' for task execution.
[2024-07-25T16:16:40.208-0300] {logging_mixin.py:188} INFO - https://api.binance.com
[2024-07-25T16:16:40.208-0300] {binance_hook.py:35} INFO - URL: https://api.binance.com/api/v3/klines?symbol=BTCBRL&interval=5m&startTime=1721891100000&endTime=1721891399999&timeZone=-3
[2024-07-25T16:16:40.605-0300] {python.py:237} INFO - Done. Returned value was: None
[2024-07-25T16:16:40.606-0300] {taskinstance.py:441} INFO - ::group::Post task execution logs
[2024-07-25T16:16:40.608-0300] {taskinstance.py:1206} INFO - Marking task as SUCCESS. dag_id=Binance_5m, task_id=get_5m_info, run_id=scheduled__2024-07-25T07:05:00+00:00, execution_date=20240725T070500, start_date=20240725T191640, end_date=20240725T191640
[2024-07-25T16:16:40.626-0300] {local_task_job_runner.py:243} INFO - Task exited with return code 0
[2024-07-25T16:16:40.633-0300] {taskinstance.py:3503} INFO - 0 downstream tasks scheduled from follow-on schedule check
[2024-07-25T16:16:40.633-0300] {local_task_job_runner.py:222} INFO - ::endgroup::
