[2024-07-25T14:27:40.329-0300] {local_task_job_runner.py:120} INFO - ::group::Pre task execution logs
[2024-07-25T14:27:40.337-0300] {taskinstance.py:2076} INFO - Dependencies all met for dep_context=non-requeueable deps ti=<TaskInstance: Mercado_5m.get_5m_info scheduled__2024-07-25T12:25:00+00:00 [queued]>
[2024-07-25T14:27:40.341-0300] {taskinstance.py:2076} INFO - Dependencies all met for dep_context=requeueable deps ti=<TaskInstance: Mercado_5m.get_5m_info scheduled__2024-07-25T12:25:00+00:00 [queued]>
[2024-07-25T14:27:40.341-0300] {taskinstance.py:2306} INFO - Starting attempt 1 of 1
[2024-07-25T14:27:40.358-0300] {taskinstance.py:2330} INFO - Executing <Task(PythonOperator): get_5m_info> on 2024-07-25 12:25:00+00:00
[2024-07-25T14:27:40.360-0300] {standard_task_runner.py:64} INFO - Started process 2590444 to run task
[2024-07-25T14:27:40.362-0300] {standard_task_runner.py:90} INFO - Running: ['airflow', 'tasks', 'run', 'Mercado_5m', 'get_5m_info', 'scheduled__2024-07-25T12:25:00+00:00', '--job-id', '2093', '--raw', '--subdir', 'DAGS_FOLDER/mercado_dag.py', '--cfg-path', '/tmp/tmppbrb3jvy']
[2024-07-25T14:27:40.363-0300] {standard_task_runner.py:91} INFO - Job 2093: Subtask get_5m_info
[2024-07-25T14:27:40.397-0300] {task_command.py:426} INFO - Running <TaskInstance: Mercado_5m.get_5m_info scheduled__2024-07-25T12:25:00+00:00 [running]> on host Galaxybook.
[2024-07-25T14:27:40.445-0300] {taskinstance.py:2648} INFO - Exporting env vars: AIRFLOW_CTX_DAG_OWNER='airflow' AIRFLOW_CTX_DAG_ID='Mercado_5m' AIRFLOW_CTX_TASK_ID='get_5m_info' AIRFLOW_CTX_EXECUTION_DATE='2024-07-25T12:25:00+00:00' AIRFLOW_CTX_TRY_NUMBER='1' AIRFLOW_CTX_DAG_RUN_ID='scheduled__2024-07-25T12:25:00+00:00'
[2024-07-25T14:27:40.446-0300] {taskinstance.py:430} INFO - ::endgroup::
[2024-07-25T14:27:40.455-0300] {taskinstance.py:441} INFO - ::group::Post task execution logs
[2024-07-25T14:27:40.456-0300] {taskinstance.py:2905} ERROR - Task failed with exception
Traceback (most recent call last):
  File "/home/hugoviana/Documentos/data_pipeline_airflow/.venv/lib/python3.12/site-packages/airflow/models/taskinstance.py", line 465, in _execute_task
    result = _execute_callable(context=context, **execute_callable_kwargs)
             ^^^^^^^^^^^^^^^^^^^^^^^^^^^^^^^^^^^^^^^^^^^^^^^^^^^^^^^^^^^^^
  File "/home/hugoviana/Documentos/data_pipeline_airflow/.venv/lib/python3.12/site-packages/airflow/models/taskinstance.py", line 432, in _execute_callable
    return execute_callable(context=context, **execute_callable_kwargs)
           ^^^^^^^^^^^^^^^^^^^^^^^^^^^^^^^^^^^^^^^^^^^^^^^^^^^^^^^^^^^^
  File "/home/hugoviana/Documentos/data_pipeline_airflow/.venv/lib/python3.12/site-packages/airflow/models/baseoperator.py", line 401, in wrapper
    return func(self, *args, **kwargs)
           ^^^^^^^^^^^^^^^^^^^^^^^^^^^
  File "/home/hugoviana/Documentos/data_pipeline_airflow/.venv/lib/python3.12/site-packages/airflow/operators/python.py", line 232, in execute
    context_merge(context, self.op_kwargs, templates_dict=self.templates_dict)
  File "/home/hugoviana/Documentos/data_pipeline_airflow/.venv/lib/python3.12/site-packages/airflow/utils/context.py", line 266, in context_merge
    context.update(*args, **kwargs)
  File "<frozen _collections_abc>", line 987, in update
ValueError: too many values to unpack (expected 2)
[2024-07-25T14:27:40.460-0300] {taskinstance.py:1206} INFO - Marking task as FAILED. dag_id=Mercado_5m, task_id=get_5m_info, run_id=scheduled__2024-07-25T12:25:00+00:00, execution_date=20240725T122500, start_date=20240725T172740, end_date=20240725T172740
[2024-07-25T14:27:40.474-0300] {standard_task_runner.py:110} ERROR - Failed to execute job 2093 for task get_5m_info (too many values to unpack (expected 2); 2590444)
[2024-07-25T14:27:40.496-0300] {local_task_job_runner.py:243} INFO - Task exited with return code 1
[2024-07-25T14:27:40.503-0300] {taskinstance.py:3503} INFO - 0 downstream tasks scheduled from follow-on schedule check
[2024-07-25T14:27:40.504-0300] {local_task_job_runner.py:222} INFO - ::endgroup::
[2024-07-25T14:30:05.645-0300] {local_task_job_runner.py:120} INFO - ::group::Pre task execution logs
[2024-07-25T14:30:05.654-0300] {taskinstance.py:2076} INFO - Dependencies all met for dep_context=non-requeueable deps ti=<TaskInstance: Mercado_5m.get_5m_info scheduled__2024-07-25T12:25:00+00:00 [queued]>
[2024-07-25T14:30:05.660-0300] {taskinstance.py:2076} INFO - Dependencies all met for dep_context=requeueable deps ti=<TaskInstance: Mercado_5m.get_5m_info scheduled__2024-07-25T12:25:00+00:00 [queued]>
[2024-07-25T14:30:05.660-0300] {taskinstance.py:2306} INFO - Starting attempt 1 of 1
[2024-07-25T14:30:05.680-0300] {taskinstance.py:2330} INFO - Executing <Task(PythonOperator): get_5m_info> on 2024-07-25 12:25:00+00:00
[2024-07-25T14:30:05.683-0300] {standard_task_runner.py:64} INFO - Started process 2592936 to run task
[2024-07-25T14:30:05.686-0300] {standard_task_runner.py:90} INFO - Running: ['airflow', 'tasks', 'run', 'Mercado_5m', 'get_5m_info', 'scheduled__2024-07-25T12:25:00+00:00', '--job-id', '2087', '--raw', '--subdir', 'DAGS_FOLDER/mercado_dag.py', '--cfg-path', '/tmp/tmpmgddg04l']
[2024-07-25T14:30:05.688-0300] {standard_task_runner.py:91} INFO - Job 2087: Subtask get_5m_info
[2024-07-25T14:30:05.730-0300] {task_command.py:426} INFO - Running <TaskInstance: Mercado_5m.get_5m_info scheduled__2024-07-25T12:25:00+00:00 [running]> on host Galaxybook.
[2024-07-25T14:30:05.794-0300] {taskinstance.py:2648} INFO - Exporting env vars: AIRFLOW_CTX_DAG_OWNER='airflow' AIRFLOW_CTX_DAG_ID='Mercado_5m' AIRFLOW_CTX_TASK_ID='get_5m_info' AIRFLOW_CTX_EXECUTION_DATE='2024-07-25T12:25:00+00:00' AIRFLOW_CTX_TRY_NUMBER='1' AIRFLOW_CTX_DAG_RUN_ID='scheduled__2024-07-25T12:25:00+00:00'
[2024-07-25T14:30:05.795-0300] {taskinstance.py:430} INFO - ::endgroup::
[2024-07-25T14:30:05.802-0300] {taskinstance.py:441} INFO - ::group::Post task execution logs
[2024-07-25T14:30:05.802-0300] {taskinstance.py:2905} ERROR - Task failed with exception
Traceback (most recent call last):
  File "/home/hugoviana/Documentos/data_pipeline_airflow/.venv/lib/python3.12/site-packages/airflow/models/taskinstance.py", line 465, in _execute_task
    result = _execute_callable(context=context, **execute_callable_kwargs)
             ^^^^^^^^^^^^^^^^^^^^^^^^^^^^^^^^^^^^^^^^^^^^^^^^^^^^^^^^^^^^^
  File "/home/hugoviana/Documentos/data_pipeline_airflow/.venv/lib/python3.12/site-packages/airflow/models/taskinstance.py", line 432, in _execute_callable
    return execute_callable(context=context, **execute_callable_kwargs)
           ^^^^^^^^^^^^^^^^^^^^^^^^^^^^^^^^^^^^^^^^^^^^^^^^^^^^^^^^^^^^
  File "/home/hugoviana/Documentos/data_pipeline_airflow/.venv/lib/python3.12/site-packages/airflow/models/baseoperator.py", line 401, in wrapper
    return func(self, *args, **kwargs)
           ^^^^^^^^^^^^^^^^^^^^^^^^^^^
  File "/home/hugoviana/Documentos/data_pipeline_airflow/.venv/lib/python3.12/site-packages/airflow/operators/python.py", line 232, in execute
    context_merge(context, self.op_kwargs, templates_dict=self.templates_dict)
  File "/home/hugoviana/Documentos/data_pipeline_airflow/.venv/lib/python3.12/site-packages/airflow/utils/context.py", line 266, in context_merge
    context.update(*args, **kwargs)
  File "<frozen _collections_abc>", line 987, in update
ValueError: too many values to unpack (expected 2)
[2024-07-25T14:30:05.806-0300] {taskinstance.py:1206} INFO - Marking task as FAILED. dag_id=Mercado_5m, task_id=get_5m_info, run_id=scheduled__2024-07-25T12:25:00+00:00, execution_date=20240725T122500, start_date=20240725T173005, end_date=20240725T173005
[2024-07-25T14:30:05.818-0300] {standard_task_runner.py:110} ERROR - Failed to execute job 2087 for task get_5m_info (too many values to unpack (expected 2); 2592936)
[2024-07-25T14:30:05.860-0300] {local_task_job_runner.py:243} INFO - Task exited with return code 1
[2024-07-25T14:30:05.867-0300] {taskinstance.py:3503} INFO - 0 downstream tasks scheduled from follow-on schedule check
[2024-07-25T14:30:05.868-0300] {local_task_job_runner.py:222} INFO - ::endgroup::
[2024-07-25T14:49:32.587-0300] {local_task_job_runner.py:120} INFO - ::group::Pre task execution logs
[2024-07-25T14:49:32.594-0300] {taskinstance.py:2076} INFO - Dependencies all met for dep_context=non-requeueable deps ti=<TaskInstance: Mercado_5m.get_5m_info scheduled__2024-07-25T12:25:00+00:00 [queued]>
[2024-07-25T14:49:32.598-0300] {taskinstance.py:2076} INFO - Dependencies all met for dep_context=requeueable deps ti=<TaskInstance: Mercado_5m.get_5m_info scheduled__2024-07-25T12:25:00+00:00 [queued]>
[2024-07-25T14:49:32.599-0300] {taskinstance.py:2306} INFO - Starting attempt 1 of 1
[2024-07-25T14:49:32.614-0300] {taskinstance.py:2330} INFO - Executing <Task(PythonOperator): get_5m_info> on 2024-07-25 12:25:00+00:00
[2024-07-25T14:49:32.616-0300] {standard_task_runner.py:64} INFO - Started process 2608963 to run task
[2024-07-25T14:49:32.618-0300] {standard_task_runner.py:90} INFO - Running: ['airflow', 'tasks', 'run', 'Mercado_5m', 'get_5m_info', 'scheduled__2024-07-25T12:25:00+00:00', '--job-id', '2163', '--raw', '--subdir', 'DAGS_FOLDER/mercado_dag.py', '--cfg-path', '/tmp/tmpjwjj3s8m']
[2024-07-25T14:49:32.619-0300] {standard_task_runner.py:91} INFO - Job 2163: Subtask get_5m_info
[2024-07-25T14:49:32.646-0300] {task_command.py:426} INFO - Running <TaskInstance: Mercado_5m.get_5m_info scheduled__2024-07-25T12:25:00+00:00 [running]> on host Galaxybook.
[2024-07-25T14:49:32.700-0300] {taskinstance.py:2648} INFO - Exporting env vars: AIRFLOW_CTX_DAG_OWNER='airflow' AIRFLOW_CTX_DAG_ID='Mercado_5m' AIRFLOW_CTX_TASK_ID='get_5m_info' AIRFLOW_CTX_EXECUTION_DATE='2024-07-25T12:25:00+00:00' AIRFLOW_CTX_TRY_NUMBER='1' AIRFLOW_CTX_DAG_RUN_ID='scheduled__2024-07-25T12:25:00+00:00'
[2024-07-25T14:49:32.701-0300] {taskinstance.py:430} INFO - ::endgroup::
[2024-07-25T14:49:32.770-0300] {base.py:84} INFO - Using connection ID 'mercado_default' for task execution.
[2024-07-25T14:49:32.771-0300] {mercado_hook.py:31} INFO - URL: https://api.mercadobitcoin.net/api/v4/candles?symbol=BTC-BRL&resolution=5m&to=1721921400&from=1721921100
[2024-07-25T14:49:33.039-0300] {python.py:237} INFO - Done. Returned value was: None
[2024-07-25T14:49:33.040-0300] {taskinstance.py:441} INFO - ::group::Post task execution logs
[2024-07-25T14:49:33.042-0300] {taskinstance.py:1206} INFO - Marking task as SUCCESS. dag_id=Mercado_5m, task_id=get_5m_info, run_id=scheduled__2024-07-25T12:25:00+00:00, execution_date=20240725T122500, start_date=20240725T174932, end_date=20240725T174933
[2024-07-25T14:49:33.077-0300] {local_task_job_runner.py:243} INFO - Task exited with return code 0
[2024-07-25T14:49:33.085-0300] {taskinstance.py:3503} INFO - 0 downstream tasks scheduled from follow-on schedule check
[2024-07-25T14:49:33.085-0300] {local_task_job_runner.py:222} INFO - ::endgroup::
[2024-07-25T15:00:06.630-0300] {local_task_job_runner.py:120} INFO - ::group::Pre task execution logs
[2024-07-25T15:00:06.636-0300] {taskinstance.py:2076} INFO - Dependencies all met for dep_context=non-requeueable deps ti=<TaskInstance: Mercado_5m.get_5m_info scheduled__2024-07-25T12:25:00+00:00 [queued]>
[2024-07-25T15:00:06.639-0300] {taskinstance.py:2076} INFO - Dependencies all met for dep_context=requeueable deps ti=<TaskInstance: Mercado_5m.get_5m_info scheduled__2024-07-25T12:25:00+00:00 [queued]>
[2024-07-25T15:00:06.640-0300] {taskinstance.py:2306} INFO - Starting attempt 1 of 1
[2024-07-25T15:00:06.653-0300] {taskinstance.py:2330} INFO - Executing <Task(PythonOperator): get_5m_info> on 2024-07-25 12:25:00+00:00
[2024-07-25T15:00:06.655-0300] {standard_task_runner.py:64} INFO - Started process 2619558 to run task
[2024-07-25T15:00:06.658-0300] {standard_task_runner.py:90} INFO - Running: ['airflow', 'tasks', 'run', 'Mercado_5m', 'get_5m_info', 'scheduled__2024-07-25T12:25:00+00:00', '--job-id', '2461', '--raw', '--subdir', 'DAGS_FOLDER/mercado_dag.py', '--cfg-path', '/tmp/tmpgcon_62j']
[2024-07-25T15:00:06.659-0300] {standard_task_runner.py:91} INFO - Job 2461: Subtask get_5m_info
[2024-07-25T15:00:06.699-0300] {task_command.py:426} INFO - Running <TaskInstance: Mercado_5m.get_5m_info scheduled__2024-07-25T12:25:00+00:00 [running]> on host Galaxybook.
[2024-07-25T15:00:06.782-0300] {taskinstance.py:2648} INFO - Exporting env vars: AIRFLOW_CTX_DAG_OWNER='airflow' AIRFLOW_CTX_DAG_ID='Mercado_5m' AIRFLOW_CTX_TASK_ID='get_5m_info' AIRFLOW_CTX_EXECUTION_DATE='2024-07-25T12:25:00+00:00' AIRFLOW_CTX_TRY_NUMBER='1' AIRFLOW_CTX_DAG_RUN_ID='scheduled__2024-07-25T12:25:00+00:00'
[2024-07-25T15:00:06.783-0300] {taskinstance.py:430} INFO - ::endgroup::
[2024-07-25T15:00:06.870-0300] {base.py:84} INFO - Using connection ID 'mercado_default' for task execution.
[2024-07-25T15:00:06.870-0300] {mercado_hook.py:31} INFO - URL: https://api.mercadobitcoin.net/api/v4/candles?symbol=BTC-BRL&resolution=5m&to=1721921400&from=1721921100
[2024-07-25T15:00:07.176-0300] {python.py:237} INFO - Done. Returned value was: None
[2024-07-25T15:00:07.176-0300] {taskinstance.py:441} INFO - ::group::Post task execution logs
[2024-07-25T15:00:07.179-0300] {taskinstance.py:1206} INFO - Marking task as SUCCESS. dag_id=Mercado_5m, task_id=get_5m_info, run_id=scheduled__2024-07-25T12:25:00+00:00, execution_date=20240725T122500, start_date=20240725T180006, end_date=20240725T180007
[2024-07-25T15:00:07.199-0300] {local_task_job_runner.py:243} INFO - Task exited with return code 0
[2024-07-25T15:00:07.207-0300] {taskinstance.py:3503} INFO - 0 downstream tasks scheduled from follow-on schedule check
[2024-07-25T15:00:07.208-0300] {local_task_job_runner.py:222} INFO - ::endgroup::
