[2024-07-25T09:59:50.343-0300] {local_task_job_runner.py:120} INFO - ::group::Pre task execution logs
[2024-07-25T09:59:50.348-0300] {taskinstance.py:2076} INFO - Dependencies all met for dep_context=non-requeueable deps ti=<TaskInstance: Mercado_1m.get_1m_info scheduled__2024-07-25T11:41:00+00:00 [queued]>
[2024-07-25T09:59:50.351-0300] {taskinstance.py:2076} INFO - Dependencies all met for dep_context=requeueable deps ti=<TaskInstance: Mercado_1m.get_1m_info scheduled__2024-07-25T11:41:00+00:00 [queued]>
[2024-07-25T09:59:50.351-0300] {taskinstance.py:2306} INFO - Starting attempt 1 of 1
[2024-07-25T09:59:50.362-0300] {taskinstance.py:2330} INFO - Executing <Task(PythonOperator): get_1m_info> on 2024-07-25 11:41:00+00:00
[2024-07-25T09:59:50.364-0300] {standard_task_runner.py:64} INFO - Started process 2444917 to run task
[2024-07-25T09:59:50.366-0300] {standard_task_runner.py:90} INFO - Running: ['airflow', 'tasks', 'run', 'Mercado_1m', 'get_1m_info', 'scheduled__2024-07-25T11:41:00+00:00', '--job-id', '1938', '--raw', '--subdir', 'DAGS_FOLDER/mercado_dag.py', '--cfg-path', '/tmp/tmpzpsw_ogj']
[2024-07-25T09:59:50.367-0300] {standard_task_runner.py:91} INFO - Job 1938: Subtask get_1m_info
[2024-07-25T09:59:50.399-0300] {task_command.py:426} INFO - Running <TaskInstance: Mercado_1m.get_1m_info scheduled__2024-07-25T11:41:00+00:00 [running]> on host Galaxybook.
[2024-07-25T09:59:50.457-0300] {taskinstance.py:2648} INFO - Exporting env vars: AIRFLOW_CTX_DAG_OWNER='airflow' AIRFLOW_CTX_DAG_ID='Mercado_1m' AIRFLOW_CTX_TASK_ID='get_1m_info' AIRFLOW_CTX_EXECUTION_DATE='2024-07-25T11:41:00+00:00' AIRFLOW_CTX_TRY_NUMBER='1' AIRFLOW_CTX_DAG_RUN_ID='scheduled__2024-07-25T11:41:00+00:00'
[2024-07-25T09:59:50.457-0300] {taskinstance.py:430} INFO - ::endgroup::
[2024-07-25T09:59:50.534-0300] {base.py:84} INFO - Using connection ID 'mercado_default' for task execution.
[2024-07-25T09:59:50.534-0300] {mercado_hook.py:26} INFO - BASE URL: https://api.mercadobitcoin.net/api/v4
[2024-07-25T09:59:50.535-0300] {mercado_hook.py:32} INFO - URL: https://api.mercadobitcoin.net/api/v4/candles?symbol=BTC-BRL&resolution=1m&to=1721912330466&from=1721912390466
[2024-07-25T09:59:50.792-0300] {python.py:237} INFO - Done. Returned value was: None
[2024-07-25T09:59:50.793-0300] {taskinstance.py:441} INFO - ::group::Post task execution logs
[2024-07-25T09:59:50.795-0300] {taskinstance.py:1206} INFO - Marking task as SUCCESS. dag_id=Mercado_1m, task_id=get_1m_info, run_id=scheduled__2024-07-25T11:41:00+00:00, execution_date=20240725T114100, start_date=20240725T125950, end_date=20240725T125950
[2024-07-25T09:59:50.826-0300] {local_task_job_runner.py:243} INFO - Task exited with return code 0
[2024-07-25T09:59:50.833-0300] {taskinstance.py:3503} INFO - 0 downstream tasks scheduled from follow-on schedule check
[2024-07-25T09:59:50.833-0300] {local_task_job_runner.py:222} INFO - ::endgroup::
[2024-07-25T10:59:28.345-0300] {local_task_job_runner.py:120} INFO - ::group::Pre task execution logs
[2024-07-25T10:59:28.350-0300] {taskinstance.py:2076} INFO - Dependencies all met for dep_context=non-requeueable deps ti=<TaskInstance: Mercado_1m.get_1m_info scheduled__2024-07-25T11:41:00+00:00 [queued]>
[2024-07-25T10:59:28.353-0300] {taskinstance.py:2076} INFO - Dependencies all met for dep_context=requeueable deps ti=<TaskInstance: Mercado_1m.get_1m_info scheduled__2024-07-25T11:41:00+00:00 [queued]>
[2024-07-25T10:59:28.353-0300] {taskinstance.py:2306} INFO - Starting attempt 1 of 1
[2024-07-25T10:59:28.366-0300] {taskinstance.py:2330} INFO - Executing <Task(PythonOperator): get_1m_info> on 2024-07-25 11:41:00+00:00
[2024-07-25T10:59:28.368-0300] {standard_task_runner.py:64} INFO - Started process 2481184 to run task
[2024-07-25T10:59:28.370-0300] {standard_task_runner.py:90} INFO - Running: ['airflow', 'tasks', 'run', 'Mercado_1m', 'get_1m_info', 'scheduled__2024-07-25T11:41:00+00:00', '--job-id', '1876', '--raw', '--subdir', 'DAGS_FOLDER/mercado_dag.py', '--cfg-path', '/tmp/tmps24cedir']
[2024-07-25T10:59:28.372-0300] {standard_task_runner.py:91} INFO - Job 1876: Subtask get_1m_info
[2024-07-25T10:59:28.399-0300] {task_command.py:426} INFO - Running <TaskInstance: Mercado_1m.get_1m_info scheduled__2024-07-25T11:41:00+00:00 [running]> on host Galaxybook.
[2024-07-25T10:59:28.459-0300] {taskinstance.py:2648} INFO - Exporting env vars: AIRFLOW_CTX_DAG_OWNER='airflow' AIRFLOW_CTX_DAG_ID='Mercado_1m' AIRFLOW_CTX_TASK_ID='get_1m_info' AIRFLOW_CTX_EXECUTION_DATE='2024-07-25T11:41:00+00:00' AIRFLOW_CTX_TRY_NUMBER='1' AIRFLOW_CTX_DAG_RUN_ID='scheduled__2024-07-25T11:41:00+00:00'
[2024-07-25T10:59:28.460-0300] {taskinstance.py:430} INFO - ::endgroup::
[2024-07-25T10:59:28.540-0300] {base.py:84} INFO - Using connection ID 'mercado_default' for task execution.
[2024-07-25T10:59:28.541-0300] {mercado_hook.py:31} INFO - URL: https://api.mercadobitcoin.net/api/v4/candles?symbol=BTC-BRL&resolution=1m&to=1721915968469&countback=1
[2024-07-25T10:59:28.827-0300] {python.py:237} INFO - Done. Returned value was: None
[2024-07-25T10:59:28.827-0300] {taskinstance.py:441} INFO - ::group::Post task execution logs
[2024-07-25T10:59:28.830-0300] {taskinstance.py:1206} INFO - Marking task as SUCCESS. dag_id=Mercado_1m, task_id=get_1m_info, run_id=scheduled__2024-07-25T11:41:00+00:00, execution_date=20240725T114100, start_date=20240725T135928, end_date=20240725T135928
[2024-07-25T10:59:28.867-0300] {local_task_job_runner.py:243} INFO - Task exited with return code 0
[2024-07-25T10:59:28.874-0300] {taskinstance.py:3503} INFO - 0 downstream tasks scheduled from follow-on schedule check
[2024-07-25T10:59:28.874-0300] {local_task_job_runner.py:222} INFO - ::endgroup::
