[2024-07-25T14:50:41.402-0300] {local_task_job_runner.py:120} INFO - ::group::Pre task execution logs
[2024-07-25T14:50:41.407-0300] {taskinstance.py:2076} INFO - Dependencies all met for dep_context=non-requeueable deps ti=<TaskInstance: Binance_5m.get_5m_info scheduled__2024-07-25T08:35:00+00:00 [queued]>
[2024-07-25T14:50:41.410-0300] {taskinstance.py:2076} INFO - Dependencies all met for dep_context=requeueable deps ti=<TaskInstance: Binance_5m.get_5m_info scheduled__2024-07-25T08:35:00+00:00 [queued]>
[2024-07-25T14:50:41.410-0300] {taskinstance.py:2306} INFO - Starting attempt 1 of 1
[2024-07-25T14:50:41.427-0300] {taskinstance.py:2330} INFO - Executing <Task(PythonOperator): get_5m_info> on 2024-07-25 08:35:00+00:00
[2024-07-25T14:50:41.429-0300] {standard_task_runner.py:64} INFO - Started process 2610094 to run task
[2024-07-25T14:50:41.431-0300] {standard_task_runner.py:90} INFO - Running: ['airflow', 'tasks', 'run', 'Binance_5m', 'get_5m_info', 'scheduled__2024-07-25T08:35:00+00:00', '--job-id', '2195', '--raw', '--subdir', 'DAGS_FOLDER/binance_dag.py', '--cfg-path', '/tmp/tmpkc0nkws_']
[2024-07-25T14:50:41.432-0300] {standard_task_runner.py:91} INFO - Job 2195: Subtask get_5m_info
[2024-07-25T14:50:41.460-0300] {task_command.py:426} INFO - Running <TaskInstance: Binance_5m.get_5m_info scheduled__2024-07-25T08:35:00+00:00 [running]> on host Galaxybook.
[2024-07-25T14:50:41.517-0300] {taskinstance.py:2648} INFO - Exporting env vars: AIRFLOW_CTX_DAG_OWNER='airflow' AIRFLOW_CTX_DAG_ID='Binance_5m' AIRFLOW_CTX_TASK_ID='get_5m_info' AIRFLOW_CTX_EXECUTION_DATE='2024-07-25T08:35:00+00:00' AIRFLOW_CTX_TRY_NUMBER='1' AIRFLOW_CTX_DAG_RUN_ID='scheduled__2024-07-25T08:35:00+00:00'
[2024-07-25T14:50:41.517-0300] {taskinstance.py:430} INFO - ::endgroup::
[2024-07-25T14:50:41.525-0300] {binance_dag.py:23} INFO - End Time: 2024-07-25T08:40:00.00Z
[2024-07-25T14:50:41.525-0300] {binance_dag.py:24} INFO - Start Time: 2024-07-25T08:35:00.00Z
[2024-07-25T14:50:41.579-0300] {base.py:84} INFO - Using connection ID 'binance_default' for task execution.
[2024-07-25T14:50:41.579-0300] {logging_mixin.py:188} INFO - https://api.binance.com
[2024-07-25T14:50:41.580-0300] {binance_hook.py:35} INFO - URL: https://api.binance.com/api/v3/klines?symbol=BTCBRL&interval=5m&startTime=1721907300000&endTime=1721907599999
[2024-07-25T14:50:42.000-0300] {binance_dag.py:43} INFO - r: [[1721907300000, '366179.00000000', '366198.00000000', '365711.00000000', '365840.00000000', '0.14770000', 1721907599999, '54043.47923000', 81, '0.02639000', '9660.10497000', '0']]
[2024-07-25T14:50:42.002-0300] {python.py:237} INFO - Done. Returned value was: None
[2024-07-25T14:50:42.003-0300] {taskinstance.py:441} INFO - ::group::Post task execution logs
[2024-07-25T14:50:42.006-0300] {taskinstance.py:1206} INFO - Marking task as SUCCESS. dag_id=Binance_5m, task_id=get_5m_info, run_id=scheduled__2024-07-25T08:35:00+00:00, execution_date=20240725T083500, start_date=20240725T175041, end_date=20240725T175042
[2024-07-25T14:50:42.055-0300] {local_task_job_runner.py:243} INFO - Task exited with return code 0
[2024-07-25T14:50:42.061-0300] {taskinstance.py:3503} INFO - 0 downstream tasks scheduled from follow-on schedule check
[2024-07-25T14:50:42.061-0300] {local_task_job_runner.py:222} INFO - ::endgroup::
[2024-07-25T15:20:44.603-0300] {local_task_job_runner.py:120} INFO - ::group::Pre task execution logs
[2024-07-25T15:20:44.608-0300] {taskinstance.py:2076} INFO - Dependencies all met for dep_context=non-requeueable deps ti=<TaskInstance: Binance_5m.get_5m_info scheduled__2024-07-25T08:35:00+00:00 [queued]>
[2024-07-25T15:20:44.611-0300] {taskinstance.py:2076} INFO - Dependencies all met for dep_context=requeueable deps ti=<TaskInstance: Binance_5m.get_5m_info scheduled__2024-07-25T08:35:00+00:00 [queued]>
[2024-07-25T15:20:44.611-0300] {taskinstance.py:2306} INFO - Starting attempt 1 of 1
[2024-07-25T15:20:44.624-0300] {taskinstance.py:2330} INFO - Executing <Task(PythonOperator): get_5m_info> on 2024-07-25 08:35:00+00:00
[2024-07-25T15:20:44.626-0300] {standard_task_runner.py:64} INFO - Started process 2632465 to run task
[2024-07-25T15:20:44.628-0300] {standard_task_runner.py:90} INFO - Running: ['airflow', 'tasks', 'run', 'Binance_5m', 'get_5m_info', 'scheduled__2024-07-25T08:35:00+00:00', '--job-id', '2638', '--raw', '--subdir', 'DAGS_FOLDER/binance_dag.py', '--cfg-path', '/tmp/tmp1orcz2b0']
[2024-07-25T15:20:44.628-0300] {standard_task_runner.py:91} INFO - Job 2638: Subtask get_5m_info
[2024-07-25T15:20:44.654-0300] {task_command.py:426} INFO - Running <TaskInstance: Binance_5m.get_5m_info scheduled__2024-07-25T08:35:00+00:00 [running]> on host Galaxybook.
[2024-07-25T15:20:44.706-0300] {taskinstance.py:2648} INFO - Exporting env vars: AIRFLOW_CTX_DAG_OWNER='airflow' AIRFLOW_CTX_DAG_ID='Binance_5m' AIRFLOW_CTX_TASK_ID='get_5m_info' AIRFLOW_CTX_EXECUTION_DATE='2024-07-25T08:35:00+00:00' AIRFLOW_CTX_TRY_NUMBER='1' AIRFLOW_CTX_DAG_RUN_ID='scheduled__2024-07-25T08:35:00+00:00'
[2024-07-25T15:20:44.706-0300] {taskinstance.py:430} INFO - ::endgroup::
[2024-07-25T15:20:44.713-0300] {binance_dag.py:23} INFO - End Time: 2024-07-25T08:40:00.00Z
[2024-07-25T15:20:44.713-0300] {binance_dag.py:24} INFO - Start Time: 2024-07-25T08:35:00.00Z
[2024-07-25T15:20:44.765-0300] {binance_dag.py:25} INFO - 1721907300000
[2024-07-25T15:20:44.768-0300] {base.py:84} INFO - Using connection ID 'binance_default' for task execution.
[2024-07-25T15:20:44.768-0300] {logging_mixin.py:188} INFO - https://api.binance.com
[2024-07-25T15:20:44.768-0300] {binance_hook.py:35} INFO - URL: https://api.binance.com/api/v3/klines?symbol=BTCBRL&interval=5m&startTime=1721907300000&endTime=1721907599999
[2024-07-25T15:20:45.156-0300] {python.py:237} INFO - Done. Returned value was: None
[2024-07-25T15:20:45.157-0300] {taskinstance.py:441} INFO - ::group::Post task execution logs
[2024-07-25T15:20:45.159-0300] {taskinstance.py:1206} INFO - Marking task as SUCCESS. dag_id=Binance_5m, task_id=get_5m_info, run_id=scheduled__2024-07-25T08:35:00+00:00, execution_date=20240725T083500, start_date=20240725T182044, end_date=20240725T182045
[2024-07-25T15:20:45.215-0300] {local_task_job_runner.py:243} INFO - Task exited with return code 0
[2024-07-25T15:20:45.222-0300] {taskinstance.py:3503} INFO - 0 downstream tasks scheduled from follow-on schedule check
[2024-07-25T15:20:45.222-0300] {local_task_job_runner.py:222} INFO - ::endgroup::
[2024-07-25T16:17:31.150-0300] {local_task_job_runner.py:120} INFO - ::group::Pre task execution logs
[2024-07-25T16:17:31.157-0300] {taskinstance.py:2076} INFO - Dependencies all met for dep_context=non-requeueable deps ti=<TaskInstance: Binance_5m.get_5m_info scheduled__2024-07-25T08:35:00+00:00 [queued]>
[2024-07-25T16:17:31.161-0300] {taskinstance.py:2076} INFO - Dependencies all met for dep_context=requeueable deps ti=<TaskInstance: Binance_5m.get_5m_info scheduled__2024-07-25T08:35:00+00:00 [queued]>
[2024-07-25T16:17:31.161-0300] {taskinstance.py:2306} INFO - Starting attempt 1 of 1
[2024-07-25T16:17:31.175-0300] {taskinstance.py:2330} INFO - Executing <Task(PythonOperator): get_5m_info> on 2024-07-25 08:35:00+00:00
[2024-07-25T16:17:31.177-0300] {standard_task_runner.py:64} INFO - Started process 2660504 to run task
[2024-07-25T16:17:31.179-0300] {standard_task_runner.py:90} INFO - Running: ['airflow', 'tasks', 'run', 'Binance_5m', 'get_5m_info', 'scheduled__2024-07-25T08:35:00+00:00', '--job-id', '2201', '--raw', '--subdir', 'DAGS_FOLDER/binance_dag.py', '--cfg-path', '/tmp/tmpjvlitxda']
[2024-07-25T16:17:31.180-0300] {standard_task_runner.py:91} INFO - Job 2201: Subtask get_5m_info
[2024-07-25T16:17:31.209-0300] {task_command.py:426} INFO - Running <TaskInstance: Binance_5m.get_5m_info scheduled__2024-07-25T08:35:00+00:00 [running]> on host Galaxybook.
[2024-07-25T16:17:31.261-0300] {taskinstance.py:2648} INFO - Exporting env vars: AIRFLOW_CTX_DAG_OWNER='airflow' AIRFLOW_CTX_DAG_ID='Binance_5m' AIRFLOW_CTX_TASK_ID='get_5m_info' AIRFLOW_CTX_EXECUTION_DATE='2024-07-25T08:35:00+00:00' AIRFLOW_CTX_TRY_NUMBER='1' AIRFLOW_CTX_DAG_RUN_ID='scheduled__2024-07-25T08:35:00+00:00'
[2024-07-25T16:17:31.261-0300] {taskinstance.py:430} INFO - ::endgroup::
[2024-07-25T16:17:31.269-0300] {binance_dag.py:22} INFO - End Time: 2024-07-25 08:40:00+00:00
[2024-07-25T16:17:31.269-0300] {binance_dag.py:23} INFO - Start Time: 2024-07-25 08:35:00+00:00
[2024-07-25T16:17:31.269-0300] {binance_dag.py:24} INFO - Start timestamp: 1721896500000
[2024-07-25T16:17:31.269-0300] {binance_dag.py:25} INFO - End timestamp: 1721896800000
[2024-07-25T16:17:31.328-0300] {base.py:84} INFO - Using connection ID 'binance_default' for task execution.
[2024-07-25T16:17:31.328-0300] {logging_mixin.py:188} INFO - https://api.binance.com
[2024-07-25T16:17:31.329-0300] {binance_hook.py:35} INFO - URL: https://api.binance.com/api/v3/klines?symbol=BTCBRL&interval=5m&startTime=1721896500000&endTime=1721896799999&timeZone=-3
[2024-07-25T16:17:31.722-0300] {python.py:237} INFO - Done. Returned value was: None
[2024-07-25T16:17:31.722-0300] {taskinstance.py:441} INFO - ::group::Post task execution logs
[2024-07-25T16:17:31.725-0300] {taskinstance.py:1206} INFO - Marking task as SUCCESS. dag_id=Binance_5m, task_id=get_5m_info, run_id=scheduled__2024-07-25T08:35:00+00:00, execution_date=20240725T083500, start_date=20240725T191731, end_date=20240725T191731
[2024-07-25T16:17:31.765-0300] {local_task_job_runner.py:243} INFO - Task exited with return code 0
[2024-07-25T16:17:31.771-0300] {taskinstance.py:3503} INFO - 0 downstream tasks scheduled from follow-on schedule check
[2024-07-25T16:17:31.771-0300] {local_task_job_runner.py:222} INFO - ::endgroup::
