[2024-07-25T09:59:37.266-0300] {local_task_job_runner.py:120} INFO - ::group::Pre task execution logs
[2024-07-25T09:59:37.272-0300] {taskinstance.py:2076} INFO - Dependencies all met for dep_context=non-requeueable deps ti=<TaskInstance: Mercado_1m.get_1m_info scheduled__2024-07-25T11:35:00+00:00 [queued]>
[2024-07-25T09:59:37.277-0300] {taskinstance.py:2076} INFO - Dependencies all met for dep_context=requeueable deps ti=<TaskInstance: Mercado_1m.get_1m_info scheduled__2024-07-25T11:35:00+00:00 [queued]>
[2024-07-25T09:59:37.277-0300] {taskinstance.py:2306} INFO - Starting attempt 1 of 1
[2024-07-25T09:59:37.292-0300] {taskinstance.py:2330} INFO - Executing <Task(PythonOperator): get_1m_info> on 2024-07-25 11:35:00+00:00
[2024-07-25T09:59:37.294-0300] {standard_task_runner.py:64} INFO - Started process 2444736 to run task
[2024-07-25T09:59:37.296-0300] {standard_task_runner.py:90} INFO - Running: ['airflow', 'tasks', 'run', 'Mercado_1m', 'get_1m_info', 'scheduled__2024-07-25T11:35:00+00:00', '--job-id', '1932', '--raw', '--subdir', 'DAGS_FOLDER/mercado_dag.py', '--cfg-path', '/tmp/tmpvfpc66am']
[2024-07-25T09:59:37.297-0300] {standard_task_runner.py:91} INFO - Job 1932: Subtask get_1m_info
[2024-07-25T09:59:37.328-0300] {task_command.py:426} INFO - Running <TaskInstance: Mercado_1m.get_1m_info scheduled__2024-07-25T11:35:00+00:00 [running]> on host Galaxybook.
[2024-07-25T09:59:37.388-0300] {taskinstance.py:2648} INFO - Exporting env vars: AIRFLOW_CTX_DAG_OWNER='airflow' AIRFLOW_CTX_DAG_ID='Mercado_1m' AIRFLOW_CTX_TASK_ID='get_1m_info' AIRFLOW_CTX_EXECUTION_DATE='2024-07-25T11:35:00+00:00' AIRFLOW_CTX_TRY_NUMBER='1' AIRFLOW_CTX_DAG_RUN_ID='scheduled__2024-07-25T11:35:00+00:00'
[2024-07-25T09:59:37.389-0300] {taskinstance.py:430} INFO - ::endgroup::
[2024-07-25T09:59:37.471-0300] {base.py:84} INFO - Using connection ID 'mercado_default' for task execution.
[2024-07-25T09:59:37.471-0300] {mercado_hook.py:26} INFO - BASE URL: https://api.mercadobitcoin.net/api/v4
[2024-07-25T09:59:37.472-0300] {mercado_hook.py:32} INFO - URL: https://api.mercadobitcoin.net/api/v4/candles?symbol=BTC-BRL&resolution=1m&to=1721912317400&from=1721912377400
[2024-07-25T09:59:37.734-0300] {python.py:237} INFO - Done. Returned value was: None
[2024-07-25T09:59:37.735-0300] {taskinstance.py:441} INFO - ::group::Post task execution logs
[2024-07-25T09:59:37.738-0300] {taskinstance.py:1206} INFO - Marking task as SUCCESS. dag_id=Mercado_1m, task_id=get_1m_info, run_id=scheduled__2024-07-25T11:35:00+00:00, execution_date=20240725T113500, start_date=20240725T125937, end_date=20240725T125937
[2024-07-25T09:59:37.796-0300] {local_task_job_runner.py:243} INFO - Task exited with return code 0
[2024-07-25T09:59:37.802-0300] {taskinstance.py:3503} INFO - 0 downstream tasks scheduled from follow-on schedule check
[2024-07-25T09:59:37.802-0300] {local_task_job_runner.py:222} INFO - ::endgroup::
[2024-07-25T10:59:15.587-0300] {local_task_job_runner.py:120} INFO - ::group::Pre task execution logs
[2024-07-25T10:59:15.593-0300] {taskinstance.py:2076} INFO - Dependencies all met for dep_context=non-requeueable deps ti=<TaskInstance: Mercado_1m.get_1m_info scheduled__2024-07-25T11:35:00+00:00 [queued]>
[2024-07-25T10:59:15.597-0300] {taskinstance.py:2076} INFO - Dependencies all met for dep_context=requeueable deps ti=<TaskInstance: Mercado_1m.get_1m_info scheduled__2024-07-25T11:35:00+00:00 [queued]>
[2024-07-25T10:59:15.597-0300] {taskinstance.py:2306} INFO - Starting attempt 1 of 1
[2024-07-25T10:59:15.612-0300] {taskinstance.py:2330} INFO - Executing <Task(PythonOperator): get_1m_info> on 2024-07-25 11:35:00+00:00
[2024-07-25T10:59:15.614-0300] {standard_task_runner.py:64} INFO - Started process 2480977 to run task
[2024-07-25T10:59:15.615-0300] {standard_task_runner.py:90} INFO - Running: ['airflow', 'tasks', 'run', 'Mercado_1m', 'get_1m_info', 'scheduled__2024-07-25T11:35:00+00:00', '--job-id', '1870', '--raw', '--subdir', 'DAGS_FOLDER/mercado_dag.py', '--cfg-path', '/tmp/tmp3tbcx0xv']
[2024-07-25T10:59:15.616-0300] {standard_task_runner.py:91} INFO - Job 1870: Subtask get_1m_info
[2024-07-25T10:59:15.642-0300] {task_command.py:426} INFO - Running <TaskInstance: Mercado_1m.get_1m_info scheduled__2024-07-25T11:35:00+00:00 [running]> on host Galaxybook.
[2024-07-25T10:59:15.697-0300] {taskinstance.py:2648} INFO - Exporting env vars: AIRFLOW_CTX_DAG_OWNER='airflow' AIRFLOW_CTX_DAG_ID='Mercado_1m' AIRFLOW_CTX_TASK_ID='get_1m_info' AIRFLOW_CTX_EXECUTION_DATE='2024-07-25T11:35:00+00:00' AIRFLOW_CTX_TRY_NUMBER='1' AIRFLOW_CTX_DAG_RUN_ID='scheduled__2024-07-25T11:35:00+00:00'
[2024-07-25T10:59:15.697-0300] {taskinstance.py:430} INFO - ::endgroup::
[2024-07-25T10:59:15.764-0300] {base.py:84} INFO - Using connection ID 'mercado_default' for task execution.
[2024-07-25T10:59:15.765-0300] {mercado_hook.py:31} INFO - URL: https://api.mercadobitcoin.net/api/v4/candles?symbol=BTC-BRL&resolution=1m&to=1721915955705&countback=1
[2024-07-25T10:59:16.059-0300] {python.py:237} INFO - Done. Returned value was: None
[2024-07-25T10:59:16.060-0300] {taskinstance.py:441} INFO - ::group::Post task execution logs
[2024-07-25T10:59:16.063-0300] {taskinstance.py:1206} INFO - Marking task as SUCCESS. dag_id=Mercado_1m, task_id=get_1m_info, run_id=scheduled__2024-07-25T11:35:00+00:00, execution_date=20240725T113500, start_date=20240725T135915, end_date=20240725T135916
[2024-07-25T10:59:16.119-0300] {local_task_job_runner.py:243} INFO - Task exited with return code 0
[2024-07-25T10:59:16.129-0300] {taskinstance.py:3503} INFO - 0 downstream tasks scheduled from follow-on schedule check
[2024-07-25T10:59:16.130-0300] {local_task_job_runner.py:222} INFO - ::endgroup::
