[2024-07-25T00:08:02.212-0300] {local_task_job_runner.py:120} INFO - ::group::Pre task execution logs
[2024-07-25T00:08:02.218-0300] {taskinstance.py:2076} INFO - Dependencies all met for dep_context=non-requeueable deps ti=<TaskInstance: BinanceDAG_1m.get_1m_info scheduled__2024-07-25T03:07:00+00:00 [queued]>
[2024-07-25T00:08:02.221-0300] {taskinstance.py:2076} INFO - Dependencies all met for dep_context=requeueable deps ti=<TaskInstance: BinanceDAG_1m.get_1m_info scheduled__2024-07-25T03:07:00+00:00 [queued]>
[2024-07-25T00:08:02.221-0300] {taskinstance.py:2306} INFO - Starting attempt 1 of 1
[2024-07-25T00:08:02.235-0300] {taskinstance.py:2330} INFO - Executing <Task(BinanceOperator): get_1m_info> on 2024-07-25 03:07:00+00:00
[2024-07-25T00:08:02.237-0300] {standard_task_runner.py:64} INFO - Started process 2294634 to run task
[2024-07-25T00:08:02.239-0300] {standard_task_runner.py:90} INFO - Running: ['airflow', 'tasks', 'run', 'BinanceDAG_1m', 'get_1m_info', 'scheduled__2024-07-25T03:07:00+00:00', '--job-id', '1812', '--raw', '--subdir', 'DAGS_FOLDER/binance_dag.py', '--cfg-path', '/tmp/tmpz3f1nx6_']
[2024-07-25T00:08:02.240-0300] {standard_task_runner.py:91} INFO - Job 1812: Subtask get_1m_info
[2024-07-25T00:08:02.270-0300] {task_command.py:426} INFO - Running <TaskInstance: BinanceDAG_1m.get_1m_info scheduled__2024-07-25T03:07:00+00:00 [running]> on host Galaxybook.
[2024-07-25T00:08:02.326-0300] {taskinstance.py:2648} INFO - Exporting env vars: AIRFLOW_CTX_DAG_OWNER='airflow' AIRFLOW_CTX_DAG_ID='BinanceDAG_1m' AIRFLOW_CTX_TASK_ID='get_1m_info' AIRFLOW_CTX_EXECUTION_DATE='2024-07-25T03:07:00+00:00' AIRFLOW_CTX_TRY_NUMBER='1' AIRFLOW_CTX_DAG_RUN_ID='scheduled__2024-07-25T03:07:00+00:00'
[2024-07-25T00:08:02.326-0300] {taskinstance.py:430} INFO - ::endgroup::
[2024-07-25T00:08:02.410-0300] {taskinstance.py:441} INFO - ::group::Post task execution logs
[2024-07-25T00:08:02.410-0300] {taskinstance.py:2905} ERROR - Task failed with exception
Traceback (most recent call last):
  File "/home/hugoviana/Documentos/data_pipeline_airflow/.venv/lib/python3.12/site-packages/airflow/models/taskinstance.py", line 465, in _execute_task
    result = _execute_callable(context=context, **execute_callable_kwargs)
             ^^^^^^^^^^^^^^^^^^^^^^^^^^^^^^^^^^^^^^^^^^^^^^^^^^^^^^^^^^^^^
  File "/home/hugoviana/Documentos/data_pipeline_airflow/.venv/lib/python3.12/site-packages/airflow/models/taskinstance.py", line 432, in _execute_callable
    return execute_callable(context=context, **execute_callable_kwargs)
           ^^^^^^^^^^^^^^^^^^^^^^^^^^^^^^^^^^^^^^^^^^^^^^^^^^^^^^^^^^^^
  File "/home/hugoviana/Documentos/data_pipeline_airflow/.venv/lib/python3.12/site-packages/airflow/models/baseoperator.py", line 401, in wrapper
    return func(self, *args, **kwargs)
           ^^^^^^^^^^^^^^^^^^^^^^^^^^^
  File "/home/hugoviana/Projetos/crypto-etl/airflow_pipeline/operators/binance_operator.py", line 26, in execute
    r = BinanceHook(self.start_time, self.end_time, self.symbol, self.interval).run()
        ^^^^^^^^^^^^^^^^^^^^^^^^^^^^^^^^^^^^^^^^^^^^^^^^^^^^^^^^^^^^^^^^^^^^^^^^^^^^^
  File "/home/hugoviana/Projetos/crypto-etl/airflow_pipeline/hook/binance_hook.py", line 41, in run
    return self.connect_to_endpoint(url_raw)
           ^^^^^^^^^^^^^^^^^^^^^^^^^^^^^^^^^
TypeError: BinanceHook.connect_to_endpoint() missing 1 required positional argument: 'session'
[2024-07-25T00:08:02.412-0300] {taskinstance.py:1206} INFO - Marking task as FAILED. dag_id=BinanceDAG_1m, task_id=get_1m_info, run_id=scheduled__2024-07-25T03:07:00+00:00, execution_date=20240725T030700, start_date=20240725T030802, end_date=20240725T030802
[2024-07-25T00:08:02.423-0300] {standard_task_runner.py:110} ERROR - Failed to execute job 1812 for task get_1m_info (BinanceHook.connect_to_endpoint() missing 1 required positional argument: 'session'; 2294634)
[2024-07-25T00:08:02.453-0300] {local_task_job_runner.py:243} INFO - Task exited with return code 1
[2024-07-25T00:08:02.459-0300] {taskinstance.py:3503} INFO - 0 downstream tasks scheduled from follow-on schedule check
[2024-07-25T00:08:02.459-0300] {local_task_job_runner.py:222} INFO - ::endgroup::
