[2024-07-25T12:55:02.778-0300] {local_task_job_runner.py:120} INFO - ::group::Pre task execution logs
[2024-07-25T12:55:02.782-0300] {taskinstance.py:2076} INFO - Dependencies all met for dep_context=non-requeueable deps ti=<TaskInstance: Binance_5m.get_5m_info scheduled__2024-07-25T15:50:00+00:00 [queued]>
[2024-07-25T12:55:02.785-0300] {taskinstance.py:2076} INFO - Dependencies all met for dep_context=requeueable deps ti=<TaskInstance: Binance_5m.get_5m_info scheduled__2024-07-25T15:50:00+00:00 [queued]>
[2024-07-25T12:55:02.785-0300] {taskinstance.py:2306} INFO - Starting attempt 1 of 1
[2024-07-25T12:55:02.798-0300] {taskinstance.py:2330} INFO - Executing <Task(PythonOperator): get_5m_info> on 2024-07-25 15:50:00+00:00
[2024-07-25T12:55:02.799-0300] {standard_task_runner.py:64} INFO - Started process 2545260 to run task
[2024-07-25T12:55:02.801-0300] {standard_task_runner.py:90} INFO - Running: ['airflow', 'tasks', 'run', 'Binance_5m', 'get_5m_info', 'scheduled__2024-07-25T15:50:00+00:00', '--job-id', '2072', '--raw', '--subdir', 'DAGS_FOLDER/binance_dag.py', '--cfg-path', '/tmp/tmpbg39j82p']
[2024-07-25T12:55:02.802-0300] {standard_task_runner.py:91} INFO - Job 2072: Subtask get_5m_info
[2024-07-25T12:55:02.830-0300] {task_command.py:426} INFO - Running <TaskInstance: Binance_5m.get_5m_info scheduled__2024-07-25T15:50:00+00:00 [running]> on host Galaxybook.
[2024-07-25T12:55:02.887-0300] {taskinstance.py:2648} INFO - Exporting env vars: AIRFLOW_CTX_DAG_OWNER='airflow' AIRFLOW_CTX_DAG_ID='Binance_5m' AIRFLOW_CTX_TASK_ID='get_5m_info' AIRFLOW_CTX_EXECUTION_DATE='2024-07-25T15:50:00+00:00' AIRFLOW_CTX_TRY_NUMBER='1' AIRFLOW_CTX_DAG_RUN_ID='scheduled__2024-07-25T15:50:00+00:00'
[2024-07-25T12:55:02.887-0300] {taskinstance.py:430} INFO - ::endgroup::
[2024-07-25T12:55:02.895-0300] {taskinstance.py:441} INFO - ::group::Post task execution logs
[2024-07-25T12:55:02.896-0300] {taskinstance.py:2905} ERROR - Task failed with exception
Traceback (most recent call last):
  File "/home/hugoviana/Documentos/data_pipeline_airflow/.venv/lib/python3.12/site-packages/airflow/models/taskinstance.py", line 465, in _execute_task
    result = _execute_callable(context=context, **execute_callable_kwargs)
             ^^^^^^^^^^^^^^^^^^^^^^^^^^^^^^^^^^^^^^^^^^^^^^^^^^^^^^^^^^^^^
  File "/home/hugoviana/Documentos/data_pipeline_airflow/.venv/lib/python3.12/site-packages/airflow/models/taskinstance.py", line 432, in _execute_callable
    return execute_callable(context=context, **execute_callable_kwargs)
           ^^^^^^^^^^^^^^^^^^^^^^^^^^^^^^^^^^^^^^^^^^^^^^^^^^^^^^^^^^^^
  File "/home/hugoviana/Documentos/data_pipeline_airflow/.venv/lib/python3.12/site-packages/airflow/models/baseoperator.py", line 401, in wrapper
    return func(self, *args, **kwargs)
           ^^^^^^^^^^^^^^^^^^^^^^^^^^^
  File "/home/hugoviana/Documentos/data_pipeline_airflow/.venv/lib/python3.12/site-packages/airflow/operators/python.py", line 235, in execute
    return_value = self.execute_callable()
                   ^^^^^^^^^^^^^^^^^^^^^^^
  File "/home/hugoviana/Documentos/data_pipeline_airflow/.venv/lib/python3.12/site-packages/airflow/operators/python.py", line 252, in execute_callable
    return self.python_callable(*self.op_args, **self.op_kwargs)
           ^^^^^^^^^^^^^^^^^^^^^^^^^^^^^^^^^^^^^^^^^^^^^^^^^^^^^
TypeError: execute() takes 0 positional arguments but 3 were given
[2024-07-25T12:55:02.964-0300] {taskinstance.py:1206} INFO - Marking task as FAILED. dag_id=Binance_5m, task_id=get_5m_info, run_id=scheduled__2024-07-25T15:50:00+00:00, execution_date=20240725T155000, start_date=20240725T155502, end_date=20240725T155502
[2024-07-25T12:55:02.973-0300] {standard_task_runner.py:110} ERROR - Failed to execute job 2072 for task get_5m_info (execute() takes 0 positional arguments but 3 were given; 2545260)
[2024-07-25T12:55:03.016-0300] {local_task_job_runner.py:243} INFO - Task exited with return code 1
[2024-07-25T12:55:03.022-0300] {taskinstance.py:3503} INFO - 0 downstream tasks scheduled from follow-on schedule check
[2024-07-25T12:55:03.022-0300] {local_task_job_runner.py:222} INFO - ::endgroup::
[2024-07-25T14:29:40.388-0300] {local_task_job_runner.py:120} INFO - ::group::Pre task execution logs
[2024-07-25T14:29:40.394-0300] {taskinstance.py:2076} INFO - Dependencies all met for dep_context=non-requeueable deps ti=<TaskInstance: Binance_5m.get_5m_info scheduled__2024-07-25T15:50:00+00:00 [queued]>
[2024-07-25T14:29:40.397-0300] {taskinstance.py:2076} INFO - Dependencies all met for dep_context=requeueable deps ti=<TaskInstance: Binance_5m.get_5m_info scheduled__2024-07-25T15:50:00+00:00 [queued]>
[2024-07-25T14:29:40.397-0300] {taskinstance.py:2306} INFO - Starting attempt 1 of 1
[2024-07-25T14:29:40.414-0300] {taskinstance.py:2330} INFO - Executing <Task(PythonOperator): get_5m_info> on 2024-07-25 15:50:00+00:00
[2024-07-25T14:29:40.416-0300] {standard_task_runner.py:64} INFO - Started process 2592493 to run task
[2024-07-25T14:29:40.418-0300] {standard_task_runner.py:90} INFO - Running: ['airflow', 'tasks', 'run', 'Binance_5m', 'get_5m_info', 'scheduled__2024-07-25T15:50:00+00:00', '--job-id', '2163', '--raw', '--subdir', 'DAGS_FOLDER/binance_dag.py', '--cfg-path', '/tmp/tmpda5uz4ku']
[2024-07-25T14:29:40.419-0300] {standard_task_runner.py:91} INFO - Job 2163: Subtask get_5m_info
[2024-07-25T14:29:40.444-0300] {task_command.py:426} INFO - Running <TaskInstance: Binance_5m.get_5m_info scheduled__2024-07-25T15:50:00+00:00 [running]> on host Galaxybook.
[2024-07-25T14:29:40.498-0300] {taskinstance.py:2648} INFO - Exporting env vars: AIRFLOW_CTX_DAG_OWNER='airflow' AIRFLOW_CTX_DAG_ID='Binance_5m' AIRFLOW_CTX_TASK_ID='get_5m_info' AIRFLOW_CTX_EXECUTION_DATE='2024-07-25T15:50:00+00:00' AIRFLOW_CTX_TRY_NUMBER='1' AIRFLOW_CTX_DAG_RUN_ID='scheduled__2024-07-25T15:50:00+00:00'
[2024-07-25T14:29:40.498-0300] {taskinstance.py:430} INFO - ::endgroup::
[2024-07-25T14:29:40.506-0300] {binance_dag.py:23} INFO - End Time: 2024-07-25T15:55:00.00Z
[2024-07-25T14:29:40.572-0300] {base.py:84} INFO - Using connection ID 'binance_default' for task execution.
[2024-07-25T14:29:40.572-0300] {logging_mixin.py:188} INFO - https://api.binance.com
[2024-07-25T14:29:40.573-0300] {binance_hook.py:35} INFO - URL: https://api.binance.com/api/v3/klines?symbol=BTCBRL&interval=5m&startTime=1721933400000&endTime=1721933700000
[2024-07-25T14:29:40.972-0300] {python.py:237} INFO - Done. Returned value was: None
[2024-07-25T14:29:40.974-0300] {taskinstance.py:441} INFO - ::group::Post task execution logs
[2024-07-25T14:29:40.976-0300] {taskinstance.py:1206} INFO - Marking task as SUCCESS. dag_id=Binance_5m, task_id=get_5m_info, run_id=scheduled__2024-07-25T15:50:00+00:00, execution_date=20240725T155000, start_date=20240725T172940, end_date=20240725T172940
[2024-07-25T14:29:41.002-0300] {local_task_job_runner.py:243} INFO - Task exited with return code 0
[2024-07-25T14:29:41.009-0300] {taskinstance.py:3503} INFO - 0 downstream tasks scheduled from follow-on schedule check
[2024-07-25T14:29:41.010-0300] {local_task_job_runner.py:222} INFO - ::endgroup::
[2024-07-25T14:32:50.441-0300] {local_task_job_runner.py:120} INFO - ::group::Pre task execution logs
[2024-07-25T14:32:50.472-0300] {taskinstance.py:2076} INFO - Dependencies all met for dep_context=non-requeueable deps ti=<TaskInstance: Binance_5m.get_5m_info scheduled__2024-07-25T15:50:00+00:00 [queued]>
[2024-07-25T14:32:50.477-0300] {taskinstance.py:2076} INFO - Dependencies all met for dep_context=requeueable deps ti=<TaskInstance: Binance_5m.get_5m_info scheduled__2024-07-25T15:50:00+00:00 [queued]>
[2024-07-25T14:32:50.478-0300] {taskinstance.py:2306} INFO - Starting attempt 1 of 1
[2024-07-25T14:32:50.513-0300] {taskinstance.py:2330} INFO - Executing <Task(PythonOperator): get_5m_info> on 2024-07-25 15:50:00+00:00
[2024-07-25T14:32:50.516-0300] {standard_task_runner.py:64} INFO - Started process 2595689 to run task
[2024-07-25T14:32:50.518-0300] {standard_task_runner.py:90} INFO - Running: ['airflow', 'tasks', 'run', 'Binance_5m', 'get_5m_info', 'scheduled__2024-07-25T15:50:00+00:00', '--job-id', '2164', '--raw', '--subdir', 'DAGS_FOLDER/binance_dag.py', '--cfg-path', '/tmp/tmpfov7nmre']
[2024-07-25T14:32:50.520-0300] {standard_task_runner.py:91} INFO - Job 2164: Subtask get_5m_info
[2024-07-25T14:32:50.552-0300] {task_command.py:426} INFO - Running <TaskInstance: Binance_5m.get_5m_info scheduled__2024-07-25T15:50:00+00:00 [running]> on host Galaxybook.
[2024-07-25T14:32:50.624-0300] {taskinstance.py:2648} INFO - Exporting env vars: AIRFLOW_CTX_DAG_OWNER='airflow' AIRFLOW_CTX_DAG_ID='Binance_5m' AIRFLOW_CTX_TASK_ID='get_5m_info' AIRFLOW_CTX_EXECUTION_DATE='2024-07-25T15:50:00+00:00' AIRFLOW_CTX_TRY_NUMBER='1' AIRFLOW_CTX_DAG_RUN_ID='scheduled__2024-07-25T15:50:00+00:00'
[2024-07-25T14:32:50.625-0300] {taskinstance.py:430} INFO - ::endgroup::
[2024-07-25T14:32:50.633-0300] {binance_dag.py:23} INFO - End Time: 2024-07-25T15:55:00.00Z
[2024-07-25T14:32:50.719-0300] {base.py:84} INFO - Using connection ID 'binance_default' for task execution.
[2024-07-25T14:32:50.719-0300] {logging_mixin.py:188} INFO - https://api.binance.com
[2024-07-25T14:32:50.720-0300] {binance_hook.py:35} INFO - URL: https://api.binance.com/api/v3/klines?symbol=BTCBRL&interval=5m&startTime=1721933400000&endTime=1721933700000
[2024-07-25T14:32:51.118-0300] {binance_dag.py:42} INFO - r: []
[2024-07-25T14:32:51.119-0300] {python.py:237} INFO - Done. Returned value was: None
[2024-07-25T14:32:51.120-0300] {taskinstance.py:441} INFO - ::group::Post task execution logs
[2024-07-25T14:32:51.123-0300] {taskinstance.py:1206} INFO - Marking task as SUCCESS. dag_id=Binance_5m, task_id=get_5m_info, run_id=scheduled__2024-07-25T15:50:00+00:00, execution_date=20240725T155000, start_date=20240725T173250, end_date=20240725T173251
[2024-07-25T14:32:51.180-0300] {local_task_job_runner.py:243} INFO - Task exited with return code 0
[2024-07-25T14:32:51.187-0300] {taskinstance.py:3503} INFO - 0 downstream tasks scheduled from follow-on schedule check
[2024-07-25T14:32:51.188-0300] {local_task_job_runner.py:222} INFO - ::endgroup::
[2024-07-25T14:54:04.805-0300] {local_task_job_runner.py:120} INFO - ::group::Pre task execution logs
[2024-07-25T14:54:04.810-0300] {taskinstance.py:2076} INFO - Dependencies all met for dep_context=non-requeueable deps ti=<TaskInstance: Binance_5m.get_5m_info scheduled__2024-07-25T15:50:00+00:00 [queued]>
[2024-07-25T14:54:04.813-0300] {taskinstance.py:2076} INFO - Dependencies all met for dep_context=requeueable deps ti=<TaskInstance: Binance_5m.get_5m_info scheduled__2024-07-25T15:50:00+00:00 [queued]>
[2024-07-25T14:54:04.814-0300] {taskinstance.py:2306} INFO - Starting attempt 1 of 1
[2024-07-25T14:54:04.828-0300] {taskinstance.py:2330} INFO - Executing <Task(PythonOperator): get_5m_info> on 2024-07-25 15:50:00+00:00
[2024-07-25T14:54:04.830-0300] {standard_task_runner.py:64} INFO - Started process 2613457 to run task
[2024-07-25T14:54:04.833-0300] {standard_task_runner.py:90} INFO - Running: ['airflow', 'tasks', 'run', 'Binance_5m', 'get_5m_info', 'scheduled__2024-07-25T15:50:00+00:00', '--job-id', '2282', '--raw', '--subdir', 'DAGS_FOLDER/binance_dag.py', '--cfg-path', '/tmp/tmp611cytri']
[2024-07-25T14:54:04.834-0300] {standard_task_runner.py:91} INFO - Job 2282: Subtask get_5m_info
[2024-07-25T14:54:04.866-0300] {task_command.py:426} INFO - Running <TaskInstance: Binance_5m.get_5m_info scheduled__2024-07-25T15:50:00+00:00 [running]> on host Galaxybook.
[2024-07-25T14:54:04.924-0300] {taskinstance.py:2648} INFO - Exporting env vars: AIRFLOW_CTX_DAG_OWNER='airflow' AIRFLOW_CTX_DAG_ID='Binance_5m' AIRFLOW_CTX_TASK_ID='get_5m_info' AIRFLOW_CTX_EXECUTION_DATE='2024-07-25T15:50:00+00:00' AIRFLOW_CTX_TRY_NUMBER='1' AIRFLOW_CTX_DAG_RUN_ID='scheduled__2024-07-25T15:50:00+00:00'
[2024-07-25T14:54:04.925-0300] {taskinstance.py:430} INFO - ::endgroup::
[2024-07-25T14:54:04.933-0300] {binance_dag.py:23} INFO - End Time: 2024-07-25T15:55:00.00Z
[2024-07-25T14:54:04.933-0300] {binance_dag.py:24} INFO - Start Time: 2024-07-25T15:50:00.00Z
[2024-07-25T14:54:05.001-0300] {base.py:84} INFO - Using connection ID 'binance_default' for task execution.
[2024-07-25T14:54:05.002-0300] {logging_mixin.py:188} INFO - https://api.binance.com
[2024-07-25T14:54:05.002-0300] {binance_hook.py:35} INFO - URL: https://api.binance.com/api/v3/klines?symbol=BTCBRL&interval=5m&startTime=1721933400000&endTime=1721933699999
[2024-07-25T14:54:05.400-0300] {binance_dag.py:43} INFO - r: []
[2024-07-25T14:54:05.401-0300] {python.py:237} INFO - Done. Returned value was: None
[2024-07-25T14:54:05.401-0300] {taskinstance.py:441} INFO - ::group::Post task execution logs
[2024-07-25T14:54:05.404-0300] {taskinstance.py:1206} INFO - Marking task as SUCCESS. dag_id=Binance_5m, task_id=get_5m_info, run_id=scheduled__2024-07-25T15:50:00+00:00, execution_date=20240725T155000, start_date=20240725T175404, end_date=20240725T175405
[2024-07-25T14:54:05.454-0300] {local_task_job_runner.py:243} INFO - Task exited with return code 0
[2024-07-25T14:54:05.460-0300] {taskinstance.py:3503} INFO - 0 downstream tasks scheduled from follow-on schedule check
[2024-07-25T14:54:05.460-0300] {local_task_job_runner.py:222} INFO - ::endgroup::
[2024-07-25T15:23:52.530-0300] {local_task_job_runner.py:120} INFO - ::group::Pre task execution logs
[2024-07-25T15:23:52.535-0300] {taskinstance.py:2076} INFO - Dependencies all met for dep_context=non-requeueable deps ti=<TaskInstance: Binance_5m.get_5m_info scheduled__2024-07-25T15:50:00+00:00 [queued]>
[2024-07-25T15:23:52.538-0300] {taskinstance.py:2076} INFO - Dependencies all met for dep_context=requeueable deps ti=<TaskInstance: Binance_5m.get_5m_info scheduled__2024-07-25T15:50:00+00:00 [queued]>
[2024-07-25T15:23:52.539-0300] {taskinstance.py:2306} INFO - Starting attempt 1 of 1
[2024-07-25T15:23:52.552-0300] {taskinstance.py:2330} INFO - Executing <Task(PythonOperator): get_5m_info> on 2024-07-25 15:50:00+00:00
[2024-07-25T15:23:52.554-0300] {standard_task_runner.py:64} INFO - Started process 2635555 to run task
[2024-07-25T15:23:52.556-0300] {standard_task_runner.py:90} INFO - Running: ['airflow', 'tasks', 'run', 'Binance_5m', 'get_5m_info', 'scheduled__2024-07-25T15:50:00+00:00', '--job-id', '2725', '--raw', '--subdir', 'DAGS_FOLDER/binance_dag.py', '--cfg-path', '/tmp/tmprmb3bxps']
[2024-07-25T15:23:52.557-0300] {standard_task_runner.py:91} INFO - Job 2725: Subtask get_5m_info
[2024-07-25T15:23:52.583-0300] {task_command.py:426} INFO - Running <TaskInstance: Binance_5m.get_5m_info scheduled__2024-07-25T15:50:00+00:00 [running]> on host Galaxybook.
[2024-07-25T15:23:52.637-0300] {taskinstance.py:2648} INFO - Exporting env vars: AIRFLOW_CTX_DAG_OWNER='airflow' AIRFLOW_CTX_DAG_ID='Binance_5m' AIRFLOW_CTX_TASK_ID='get_5m_info' AIRFLOW_CTX_EXECUTION_DATE='2024-07-25T15:50:00+00:00' AIRFLOW_CTX_TRY_NUMBER='1' AIRFLOW_CTX_DAG_RUN_ID='scheduled__2024-07-25T15:50:00+00:00'
[2024-07-25T15:23:52.637-0300] {taskinstance.py:430} INFO - ::endgroup::
[2024-07-25T15:23:52.646-0300] {binance_dag.py:23} INFO - End Time: 2024-07-25T15:55:00.00Z
[2024-07-25T15:23:52.646-0300] {binance_dag.py:24} INFO - Start Time: 2024-07-25T15:50:00.00Z
[2024-07-25T15:23:52.704-0300] {binance_dag.py:25} INFO - 1721933400000
[2024-07-25T15:23:52.707-0300] {base.py:84} INFO - Using connection ID 'binance_default' for task execution.
[2024-07-25T15:23:52.707-0300] {logging_mixin.py:188} INFO - https://api.binance.com
[2024-07-25T15:23:52.708-0300] {binance_hook.py:35} INFO - URL: https://api.binance.com/api/v3/klines?symbol=BTCBRL&interval=5m&startTime=1721933400000&endTime=1721933699999
[2024-07-25T15:23:53.234-0300] {python.py:237} INFO - Done. Returned value was: None
[2024-07-25T15:23:53.235-0300] {taskinstance.py:441} INFO - ::group::Post task execution logs
[2024-07-25T15:23:53.237-0300] {taskinstance.py:1206} INFO - Marking task as SUCCESS. dag_id=Binance_5m, task_id=get_5m_info, run_id=scheduled__2024-07-25T15:50:00+00:00, execution_date=20240725T155000, start_date=20240725T182352, end_date=20240725T182353
[2024-07-25T15:23:53.264-0300] {local_task_job_runner.py:243} INFO - Task exited with return code 0
[2024-07-25T15:23:53.270-0300] {taskinstance.py:3503} INFO - 0 downstream tasks scheduled from follow-on schedule check
[2024-07-25T15:23:53.270-0300] {local_task_job_runner.py:222} INFO - ::endgroup::
[2024-07-25T16:22:31.728-0300] {local_task_job_runner.py:120} INFO - ::group::Pre task execution logs
[2024-07-25T16:22:31.734-0300] {taskinstance.py:2076} INFO - Dependencies all met for dep_context=non-requeueable deps ti=<TaskInstance: Binance_5m.get_5m_info scheduled__2024-07-25T15:50:00+00:00 [queued]>
[2024-07-25T16:22:31.739-0300] {taskinstance.py:2076} INFO - Dependencies all met for dep_context=requeueable deps ti=<TaskInstance: Binance_5m.get_5m_info scheduled__2024-07-25T15:50:00+00:00 [queued]>
[2024-07-25T16:22:31.739-0300] {taskinstance.py:2306} INFO - Starting attempt 1 of 1
[2024-07-25T16:22:31.755-0300] {taskinstance.py:2330} INFO - Executing <Task(PythonOperator): get_5m_info> on 2024-07-25 15:50:00+00:00
[2024-07-25T16:22:31.757-0300] {standard_task_runner.py:64} INFO - Started process 2665583 to run task
[2024-07-25T16:22:31.759-0300] {standard_task_runner.py:90} INFO - Running: ['airflow', 'tasks', 'run', 'Binance_5m', 'get_5m_info', 'scheduled__2024-07-25T15:50:00+00:00', '--job-id', '2351', '--raw', '--subdir', 'DAGS_FOLDER/binance_dag.py', '--cfg-path', '/tmp/tmppff3shx4']
[2024-07-25T16:22:31.760-0300] {standard_task_runner.py:91} INFO - Job 2351: Subtask get_5m_info
[2024-07-25T16:22:31.793-0300] {task_command.py:426} INFO - Running <TaskInstance: Binance_5m.get_5m_info scheduled__2024-07-25T15:50:00+00:00 [running]> on host Galaxybook.
[2024-07-25T16:22:31.846-0300] {taskinstance.py:2648} INFO - Exporting env vars: AIRFLOW_CTX_DAG_OWNER='airflow' AIRFLOW_CTX_DAG_ID='Binance_5m' AIRFLOW_CTX_TASK_ID='get_5m_info' AIRFLOW_CTX_EXECUTION_DATE='2024-07-25T15:50:00+00:00' AIRFLOW_CTX_TRY_NUMBER='1' AIRFLOW_CTX_DAG_RUN_ID='scheduled__2024-07-25T15:50:00+00:00'
[2024-07-25T16:22:31.846-0300] {taskinstance.py:430} INFO - ::endgroup::
[2024-07-25T16:22:31.854-0300] {binance_dag.py:22} INFO - End Time: 2024-07-25 15:55:00+00:00
[2024-07-25T16:22:31.854-0300] {binance_dag.py:23} INFO - Start Time: 2024-07-25 15:50:00+00:00
[2024-07-25T16:22:31.854-0300] {binance_dag.py:24} INFO - Start timestamp: 1721922600000
[2024-07-25T16:22:31.854-0300] {binance_dag.py:25} INFO - End timestamp: 1721922900000
[2024-07-25T16:22:31.917-0300] {base.py:84} INFO - Using connection ID 'binance_default' for task execution.
[2024-07-25T16:22:31.918-0300] {logging_mixin.py:188} INFO - https://api.binance.com
[2024-07-25T16:22:31.918-0300] {binance_hook.py:35} INFO - URL: https://api.binance.com/api/v3/klines?symbol=BTCBRL&interval=5m&startTime=1721922600000&endTime=1721922899999&timeZone=-3
[2024-07-25T16:22:32.332-0300] {python.py:237} INFO - Done. Returned value was: None
[2024-07-25T16:22:32.333-0300] {taskinstance.py:441} INFO - ::group::Post task execution logs
[2024-07-25T16:22:32.336-0300] {taskinstance.py:1206} INFO - Marking task as SUCCESS. dag_id=Binance_5m, task_id=get_5m_info, run_id=scheduled__2024-07-25T15:50:00+00:00, execution_date=20240725T155000, start_date=20240725T192231, end_date=20240725T192232
[2024-07-25T16:22:32.382-0300] {local_task_job_runner.py:243} INFO - Task exited with return code 0
[2024-07-25T16:22:32.389-0300] {taskinstance.py:3503} INFO - 0 downstream tasks scheduled from follow-on schedule check
[2024-07-25T16:22:32.389-0300] {local_task_job_runner.py:222} INFO - ::endgroup::
