[2024-07-25T14:29:14.033-0300] {local_task_job_runner.py:120} INFO - ::group::Pre task execution logs
[2024-07-25T14:29:14.038-0300] {taskinstance.py:2076} INFO - Dependencies all met for dep_context=non-requeueable deps ti=<TaskInstance: Mercado_5m.get_5m_info scheduled__2024-07-25T14:55:00+00:00 [queued]>
[2024-07-25T14:29:14.042-0300] {taskinstance.py:2076} INFO - Dependencies all met for dep_context=requeueable deps ti=<TaskInstance: Mercado_5m.get_5m_info scheduled__2024-07-25T14:55:00+00:00 [queued]>
[2024-07-25T14:29:14.043-0300] {taskinstance.py:2306} INFO - Starting attempt 1 of 1
[2024-07-25T14:29:14.058-0300] {taskinstance.py:2330} INFO - Executing <Task(PythonOperator): get_5m_info> on 2024-07-25 14:55:00+00:00
[2024-07-25T14:29:14.060-0300] {standard_task_runner.py:64} INFO - Started process 2592050 to run task
[2024-07-25T14:29:14.063-0300] {standard_task_runner.py:90} INFO - Running: ['airflow', 'tasks', 'run', 'Mercado_5m', 'get_5m_info', 'scheduled__2024-07-25T14:55:00+00:00', '--job-id', '2152', '--raw', '--subdir', 'DAGS_FOLDER/mercado_dag.py', '--cfg-path', '/tmp/tmpj64by72q']
[2024-07-25T14:29:14.065-0300] {standard_task_runner.py:91} INFO - Job 2152: Subtask get_5m_info
[2024-07-25T14:29:14.098-0300] {task_command.py:426} INFO - Running <TaskInstance: Mercado_5m.get_5m_info scheduled__2024-07-25T14:55:00+00:00 [running]> on host Galaxybook.
[2024-07-25T14:29:14.168-0300] {taskinstance.py:2648} INFO - Exporting env vars: AIRFLOW_CTX_DAG_OWNER='airflow' AIRFLOW_CTX_DAG_ID='Mercado_5m' AIRFLOW_CTX_TASK_ID='get_5m_info' AIRFLOW_CTX_EXECUTION_DATE='2024-07-25T14:55:00+00:00' AIRFLOW_CTX_TRY_NUMBER='1' AIRFLOW_CTX_DAG_RUN_ID='scheduled__2024-07-25T14:55:00+00:00'
[2024-07-25T14:29:14.169-0300] {taskinstance.py:430} INFO - ::endgroup::
[2024-07-25T14:29:14.177-0300] {taskinstance.py:441} INFO - ::group::Post task execution logs
[2024-07-25T14:29:14.177-0300] {taskinstance.py:2905} ERROR - Task failed with exception
Traceback (most recent call last):
  File "/home/hugoviana/Documentos/data_pipeline_airflow/.venv/lib/python3.12/site-packages/airflow/models/taskinstance.py", line 465, in _execute_task
    result = _execute_callable(context=context, **execute_callable_kwargs)
             ^^^^^^^^^^^^^^^^^^^^^^^^^^^^^^^^^^^^^^^^^^^^^^^^^^^^^^^^^^^^^
  File "/home/hugoviana/Documentos/data_pipeline_airflow/.venv/lib/python3.12/site-packages/airflow/models/taskinstance.py", line 432, in _execute_callable
    return execute_callable(context=context, **execute_callable_kwargs)
           ^^^^^^^^^^^^^^^^^^^^^^^^^^^^^^^^^^^^^^^^^^^^^^^^^^^^^^^^^^^^
  File "/home/hugoviana/Documentos/data_pipeline_airflow/.venv/lib/python3.12/site-packages/airflow/models/baseoperator.py", line 401, in wrapper
    return func(self, *args, **kwargs)
           ^^^^^^^^^^^^^^^^^^^^^^^^^^^
  File "/home/hugoviana/Documentos/data_pipeline_airflow/.venv/lib/python3.12/site-packages/airflow/operators/python.py", line 232, in execute
    context_merge(context, self.op_kwargs, templates_dict=self.templates_dict)
  File "/home/hugoviana/Documentos/data_pipeline_airflow/.venv/lib/python3.12/site-packages/airflow/utils/context.py", line 266, in context_merge
    context.update(*args, **kwargs)
  File "<frozen _collections_abc>", line 987, in update
ValueError: too many values to unpack (expected 2)
[2024-07-25T14:29:14.184-0300] {taskinstance.py:1206} INFO - Marking task as FAILED. dag_id=Mercado_5m, task_id=get_5m_info, run_id=scheduled__2024-07-25T14:55:00+00:00, execution_date=20240725T145500, start_date=20240725T172914, end_date=20240725T172914
[2024-07-25T14:29:14.195-0300] {standard_task_runner.py:110} ERROR - Failed to execute job 2152 for task get_5m_info (too many values to unpack (expected 2); 2592050)
[2024-07-25T14:29:14.237-0300] {local_task_job_runner.py:243} INFO - Task exited with return code 1
[2024-07-25T14:29:14.249-0300] {taskinstance.py:3503} INFO - 0 downstream tasks scheduled from follow-on schedule check
[2024-07-25T14:29:14.249-0300] {local_task_job_runner.py:222} INFO - ::endgroup::
[2024-07-25T14:30:57.576-0300] {local_task_job_runner.py:120} INFO - ::group::Pre task execution logs
[2024-07-25T14:30:57.583-0300] {taskinstance.py:2076} INFO - Dependencies all met for dep_context=non-requeueable deps ti=<TaskInstance: Mercado_5m.get_5m_info scheduled__2024-07-25T14:55:00+00:00 [queued]>
[2024-07-25T14:30:57.587-0300] {taskinstance.py:2076} INFO - Dependencies all met for dep_context=requeueable deps ti=<TaskInstance: Mercado_5m.get_5m_info scheduled__2024-07-25T14:55:00+00:00 [queued]>
[2024-07-25T14:30:57.587-0300] {taskinstance.py:2306} INFO - Starting attempt 1 of 1
[2024-07-25T14:30:57.604-0300] {taskinstance.py:2330} INFO - Executing <Task(PythonOperator): get_5m_info> on 2024-07-25 14:55:00+00:00
[2024-07-25T14:30:57.606-0300] {standard_task_runner.py:64} INFO - Started process 2593796 to run task
[2024-07-25T14:30:57.609-0300] {standard_task_runner.py:90} INFO - Running: ['airflow', 'tasks', 'run', 'Mercado_5m', 'get_5m_info', 'scheduled__2024-07-25T14:55:00+00:00', '--job-id', '2117', '--raw', '--subdir', 'DAGS_FOLDER/mercado_dag.py', '--cfg-path', '/tmp/tmpjbhharxn']
[2024-07-25T14:30:57.610-0300] {standard_task_runner.py:91} INFO - Job 2117: Subtask get_5m_info
[2024-07-25T14:30:57.651-0300] {task_command.py:426} INFO - Running <TaskInstance: Mercado_5m.get_5m_info scheduled__2024-07-25T14:55:00+00:00 [running]> on host Galaxybook.
[2024-07-25T14:30:57.715-0300] {taskinstance.py:2648} INFO - Exporting env vars: AIRFLOW_CTX_DAG_OWNER='airflow' AIRFLOW_CTX_DAG_ID='Mercado_5m' AIRFLOW_CTX_TASK_ID='get_5m_info' AIRFLOW_CTX_EXECUTION_DATE='2024-07-25T14:55:00+00:00' AIRFLOW_CTX_TRY_NUMBER='1' AIRFLOW_CTX_DAG_RUN_ID='scheduled__2024-07-25T14:55:00+00:00'
[2024-07-25T14:30:57.715-0300] {taskinstance.py:430} INFO - ::endgroup::
[2024-07-25T14:30:57.723-0300] {taskinstance.py:441} INFO - ::group::Post task execution logs
[2024-07-25T14:30:57.724-0300] {taskinstance.py:2905} ERROR - Task failed with exception
Traceback (most recent call last):
  File "/home/hugoviana/Documentos/data_pipeline_airflow/.venv/lib/python3.12/site-packages/airflow/models/taskinstance.py", line 465, in _execute_task
    result = _execute_callable(context=context, **execute_callable_kwargs)
             ^^^^^^^^^^^^^^^^^^^^^^^^^^^^^^^^^^^^^^^^^^^^^^^^^^^^^^^^^^^^^
  File "/home/hugoviana/Documentos/data_pipeline_airflow/.venv/lib/python3.12/site-packages/airflow/models/taskinstance.py", line 432, in _execute_callable
    return execute_callable(context=context, **execute_callable_kwargs)
           ^^^^^^^^^^^^^^^^^^^^^^^^^^^^^^^^^^^^^^^^^^^^^^^^^^^^^^^^^^^^
  File "/home/hugoviana/Documentos/data_pipeline_airflow/.venv/lib/python3.12/site-packages/airflow/models/baseoperator.py", line 401, in wrapper
    return func(self, *args, **kwargs)
           ^^^^^^^^^^^^^^^^^^^^^^^^^^^
  File "/home/hugoviana/Documentos/data_pipeline_airflow/.venv/lib/python3.12/site-packages/airflow/operators/python.py", line 235, in execute
    return_value = self.execute_callable()
                   ^^^^^^^^^^^^^^^^^^^^^^^
  File "/home/hugoviana/Documentos/data_pipeline_airflow/.venv/lib/python3.12/site-packages/airflow/operators/python.py", line 252, in execute_callable
    return self.python_callable(*self.op_args, **self.op_kwargs)
           ^^^^^^^^^^^^^^^^^^^^^^^^^^^^^^^^^^^^^^^^^^^^^^^^^^^^^
  File "/home/hugoviana/Projetos/crypto-etl/airflow_pipeline/dags/mercado_dag.py", line 24, in execute
    to_time=to_timestamp(to_time),
            ^^^^^^^^^^^^^^^^^^^^^
  File "/home/hugoviana/Projetos/crypto-etl/airflow_pipeline/dags/mercado_dag.py", line 15, in to_timestamp
    timestamp = int(datetime.timestamp(dt))
                    ^^^^^^^^^^^^^^^^^^^^^^
TypeError: descriptor 'timestamp' for 'datetime.datetime' objects doesn't apply to a 'str' object
[2024-07-25T14:30:57.728-0300] {taskinstance.py:1206} INFO - Marking task as FAILED. dag_id=Mercado_5m, task_id=get_5m_info, run_id=scheduled__2024-07-25T14:55:00+00:00, execution_date=20240725T145500, start_date=20240725T173057, end_date=20240725T173057
[2024-07-25T14:30:57.814-0300] {standard_task_runner.py:110} ERROR - Failed to execute job 2117 for task get_5m_info (descriptor 'timestamp' for 'datetime.datetime' objects doesn't apply to a 'str' object; 2593796)
[2024-07-25T14:30:57.823-0300] {local_task_job_runner.py:243} INFO - Task exited with return code 1
[2024-07-25T14:30:57.830-0300] {taskinstance.py:3503} INFO - 0 downstream tasks scheduled from follow-on schedule check
[2024-07-25T14:30:57.831-0300] {local_task_job_runner.py:222} INFO - ::endgroup::
[2024-07-25T15:01:15.914-0300] {local_task_job_runner.py:120} INFO - ::group::Pre task execution logs
[2024-07-25T15:01:15.920-0300] {taskinstance.py:2076} INFO - Dependencies all met for dep_context=non-requeueable deps ti=<TaskInstance: Mercado_5m.get_5m_info scheduled__2024-07-25T14:55:00+00:00 [queued]>
[2024-07-25T15:01:15.924-0300] {taskinstance.py:2076} INFO - Dependencies all met for dep_context=requeueable deps ti=<TaskInstance: Mercado_5m.get_5m_info scheduled__2024-07-25T14:55:00+00:00 [queued]>
[2024-07-25T15:01:15.924-0300] {taskinstance.py:2306} INFO - Starting attempt 1 of 1
[2024-07-25T15:01:15.938-0300] {taskinstance.py:2330} INFO - Executing <Task(PythonOperator): get_5m_info> on 2024-07-25 14:55:00+00:00
[2024-07-25T15:01:15.940-0300] {standard_task_runner.py:64} INFO - Started process 2620703 to run task
[2024-07-25T15:01:15.943-0300] {standard_task_runner.py:90} INFO - Running: ['airflow', 'tasks', 'run', 'Mercado_5m', 'get_5m_info', 'scheduled__2024-07-25T14:55:00+00:00', '--job-id', '2491', '--raw', '--subdir', 'DAGS_FOLDER/mercado_dag.py', '--cfg-path', '/tmp/tmpk3f1gj8w']
[2024-07-25T15:01:15.944-0300] {standard_task_runner.py:91} INFO - Job 2491: Subtask get_5m_info
[2024-07-25T15:01:15.979-0300] {task_command.py:426} INFO - Running <TaskInstance: Mercado_5m.get_5m_info scheduled__2024-07-25T14:55:00+00:00 [running]> on host Galaxybook.
[2024-07-25T15:01:16.038-0300] {taskinstance.py:2648} INFO - Exporting env vars: AIRFLOW_CTX_DAG_OWNER='airflow' AIRFLOW_CTX_DAG_ID='Mercado_5m' AIRFLOW_CTX_TASK_ID='get_5m_info' AIRFLOW_CTX_EXECUTION_DATE='2024-07-25T14:55:00+00:00' AIRFLOW_CTX_TRY_NUMBER='1' AIRFLOW_CTX_DAG_RUN_ID='scheduled__2024-07-25T14:55:00+00:00'
[2024-07-25T15:01:16.039-0300] {taskinstance.py:430} INFO - ::endgroup::
[2024-07-25T15:01:16.114-0300] {base.py:84} INFO - Using connection ID 'mercado_default' for task execution.
[2024-07-25T15:01:16.115-0300] {mercado_hook.py:31} INFO - URL: https://api.mercadobitcoin.net/api/v4/candles?symbol=BTC-BRL&resolution=5m&to=1721930400&from=1721930100
[2024-07-25T15:01:16.389-0300] {python.py:237} INFO - Done. Returned value was: None
[2024-07-25T15:01:16.389-0300] {taskinstance.py:441} INFO - ::group::Post task execution logs
[2024-07-25T15:01:16.392-0300] {taskinstance.py:1206} INFO - Marking task as SUCCESS. dag_id=Mercado_5m, task_id=get_5m_info, run_id=scheduled__2024-07-25T14:55:00+00:00, execution_date=20240725T145500, start_date=20240725T180115, end_date=20240725T180116
[2024-07-25T15:01:16.446-0300] {local_task_job_runner.py:243} INFO - Task exited with return code 0
[2024-07-25T15:01:16.454-0300] {taskinstance.py:3503} INFO - 0 downstream tasks scheduled from follow-on schedule check
[2024-07-25T15:01:16.454-0300] {local_task_job_runner.py:222} INFO - ::endgroup::
