[2024-07-25T09:58:56.758-0300] {local_task_job_runner.py:120} INFO - ::group::Pre task execution logs
[2024-07-25T09:58:56.764-0300] {taskinstance.py:2076} INFO - Dependencies all met for dep_context=non-requeueable deps ti=<TaskInstance: Mercado_1m.get_1m_info scheduled__2024-07-25T11:20:00+00:00 [queued]>
[2024-07-25T09:58:56.767-0300] {taskinstance.py:2076} INFO - Dependencies all met for dep_context=requeueable deps ti=<TaskInstance: Mercado_1m.get_1m_info scheduled__2024-07-25T11:20:00+00:00 [queued]>
[2024-07-25T09:58:56.768-0300] {taskinstance.py:2306} INFO - Starting attempt 1 of 1
[2024-07-25T09:58:56.784-0300] {taskinstance.py:2330} INFO - Executing <Task(PythonOperator): get_1m_info> on 2024-07-25 11:20:00+00:00
[2024-07-25T09:58:56.786-0300] {standard_task_runner.py:64} INFO - Started process 2443986 to run task
[2024-07-25T09:58:56.788-0300] {standard_task_runner.py:90} INFO - Running: ['airflow', 'tasks', 'run', 'Mercado_1m', 'get_1m_info', 'scheduled__2024-07-25T11:20:00+00:00', '--job-id', '1916', '--raw', '--subdir', 'DAGS_FOLDER/mercado_dag.py', '--cfg-path', '/tmp/tmpi0aw447s']
[2024-07-25T09:58:56.789-0300] {standard_task_runner.py:91} INFO - Job 1916: Subtask get_1m_info
[2024-07-25T09:58:56.819-0300] {task_command.py:426} INFO - Running <TaskInstance: Mercado_1m.get_1m_info scheduled__2024-07-25T11:20:00+00:00 [running]> on host Galaxybook.
[2024-07-25T09:58:56.883-0300] {taskinstance.py:2648} INFO - Exporting env vars: AIRFLOW_CTX_DAG_OWNER='airflow' AIRFLOW_CTX_DAG_ID='Mercado_1m' AIRFLOW_CTX_TASK_ID='get_1m_info' AIRFLOW_CTX_EXECUTION_DATE='2024-07-25T11:20:00+00:00' AIRFLOW_CTX_TRY_NUMBER='1' AIRFLOW_CTX_DAG_RUN_ID='scheduled__2024-07-25T11:20:00+00:00'
[2024-07-25T09:58:56.883-0300] {taskinstance.py:430} INFO - ::endgroup::
[2024-07-25T09:58:56.967-0300] {base.py:84} INFO - Using connection ID 'mercado_default' for task execution.
[2024-07-25T09:58:56.967-0300] {mercado_hook.py:26} INFO - BASE URL: https://api.mercadobitcoin.net/api/v4
[2024-07-25T09:58:56.967-0300] {mercado_hook.py:32} INFO - URL: https://api.mercadobitcoin.net/api/v4/candles?symbol=BTC-BRL&resolution=1m&to=1721912276&from=1721912336
[2024-07-25T09:58:57.225-0300] {python.py:237} INFO - Done. Returned value was: None
[2024-07-25T09:58:57.225-0300] {taskinstance.py:441} INFO - ::group::Post task execution logs
[2024-07-25T09:58:57.228-0300] {taskinstance.py:1206} INFO - Marking task as SUCCESS. dag_id=Mercado_1m, task_id=get_1m_info, run_id=scheduled__2024-07-25T11:20:00+00:00, execution_date=20240725T112000, start_date=20240725T125856, end_date=20240725T125857
[2024-07-25T09:58:57.244-0300] {local_task_job_runner.py:243} INFO - Task exited with return code 0
[2024-07-25T09:58:57.252-0300] {taskinstance.py:3503} INFO - 0 downstream tasks scheduled from follow-on schedule check
[2024-07-25T09:58:57.253-0300] {local_task_job_runner.py:222} INFO - ::endgroup::
[2024-07-25T10:58:36.831-0300] {local_task_job_runner.py:120} INFO - ::group::Pre task execution logs
[2024-07-25T10:58:36.840-0300] {taskinstance.py:2076} INFO - Dependencies all met for dep_context=non-requeueable deps ti=<TaskInstance: Mercado_1m.get_1m_info scheduled__2024-07-25T11:20:00+00:00 [queued]>
[2024-07-25T10:58:36.843-0300] {taskinstance.py:2076} INFO - Dependencies all met for dep_context=requeueable deps ti=<TaskInstance: Mercado_1m.get_1m_info scheduled__2024-07-25T11:20:00+00:00 [queued]>
[2024-07-25T10:58:36.843-0300] {taskinstance.py:2306} INFO - Starting attempt 1 of 1
[2024-07-25T10:58:36.858-0300] {taskinstance.py:2330} INFO - Executing <Task(PythonOperator): get_1m_info> on 2024-07-25 11:20:00+00:00
[2024-07-25T10:58:36.860-0300] {standard_task_runner.py:64} INFO - Started process 2480289 to run task
[2024-07-25T10:58:36.862-0300] {standard_task_runner.py:90} INFO - Running: ['airflow', 'tasks', 'run', 'Mercado_1m', 'get_1m_info', 'scheduled__2024-07-25T11:20:00+00:00', '--job-id', '1854', '--raw', '--subdir', 'DAGS_FOLDER/mercado_dag.py', '--cfg-path', '/tmp/tmpi06gdwg0']
[2024-07-25T10:58:36.863-0300] {standard_task_runner.py:91} INFO - Job 1854: Subtask get_1m_info
[2024-07-25T10:58:36.891-0300] {task_command.py:426} INFO - Running <TaskInstance: Mercado_1m.get_1m_info scheduled__2024-07-25T11:20:00+00:00 [running]> on host Galaxybook.
[2024-07-25T10:58:36.937-0300] {taskinstance.py:2648} INFO - Exporting env vars: AIRFLOW_CTX_DAG_OWNER='airflow' AIRFLOW_CTX_DAG_ID='Mercado_1m' AIRFLOW_CTX_TASK_ID='get_1m_info' AIRFLOW_CTX_EXECUTION_DATE='2024-07-25T11:20:00+00:00' AIRFLOW_CTX_TRY_NUMBER='1' AIRFLOW_CTX_DAG_RUN_ID='scheduled__2024-07-25T11:20:00+00:00'
[2024-07-25T10:58:36.937-0300] {taskinstance.py:430} INFO - ::endgroup::
[2024-07-25T10:58:37.000-0300] {base.py:84} INFO - Using connection ID 'mercado_default' for task execution.
[2024-07-25T10:58:37.001-0300] {mercado_hook.py:31} INFO - URL: https://api.mercadobitcoin.net/api/v4/candles?symbol=BTC-BRL&resolution=1m&to=1721915916945&countback=1
[2024-07-25T10:58:37.273-0300] {python.py:237} INFO - Done. Returned value was: None
[2024-07-25T10:58:37.273-0300] {taskinstance.py:441} INFO - ::group::Post task execution logs
[2024-07-25T10:58:37.276-0300] {taskinstance.py:1206} INFO - Marking task as SUCCESS. dag_id=Mercado_1m, task_id=get_1m_info, run_id=scheduled__2024-07-25T11:20:00+00:00, execution_date=20240725T112000, start_date=20240725T135836, end_date=20240725T135837
[2024-07-25T10:58:37.321-0300] {local_task_job_runner.py:243} INFO - Task exited with return code 0
[2024-07-25T10:58:37.328-0300] {taskinstance.py:3503} INFO - 0 downstream tasks scheduled from follow-on schedule check
[2024-07-25T10:58:37.329-0300] {local_task_job_runner.py:222} INFO - ::endgroup::
