[2024-07-25T14:56:17.315-0300] {local_task_job_runner.py:120} INFO - ::group::Pre task execution logs
[2024-07-25T14:56:17.322-0300] {taskinstance.py:2076} INFO - Dependencies all met for dep_context=non-requeueable deps ti=<TaskInstance: Mercado_5m.get_5m_info scheduled__2024-07-25T03:15:00+00:00 [queued]>
[2024-07-25T14:56:17.327-0300] {taskinstance.py:2076} INFO - Dependencies all met for dep_context=requeueable deps ti=<TaskInstance: Mercado_5m.get_5m_info scheduled__2024-07-25T03:15:00+00:00 [queued]>
[2024-07-25T14:56:17.327-0300] {taskinstance.py:2306} INFO - Starting attempt 1 of 1
[2024-07-25T14:56:17.341-0300] {taskinstance.py:2330} INFO - Executing <Task(PythonOperator): get_5m_info> on 2024-07-25 03:15:00+00:00
[2024-07-25T14:56:17.343-0300] {standard_task_runner.py:64} INFO - Started process 2615744 to run task
[2024-07-25T14:56:17.345-0300] {standard_task_runner.py:90} INFO - Running: ['airflow', 'tasks', 'run', 'Mercado_5m', 'get_5m_info', 'scheduled__2024-07-25T03:15:00+00:00', '--job-id', '2350', '--raw', '--subdir', 'DAGS_FOLDER/mercado_dag.py', '--cfg-path', '/tmp/tmpz4hqrfr5']
[2024-07-25T14:56:17.346-0300] {standard_task_runner.py:91} INFO - Job 2350: Subtask get_5m_info
[2024-07-25T14:56:17.375-0300] {task_command.py:426} INFO - Running <TaskInstance: Mercado_5m.get_5m_info scheduled__2024-07-25T03:15:00+00:00 [running]> on host Galaxybook.
[2024-07-25T14:56:17.438-0300] {taskinstance.py:2648} INFO - Exporting env vars: AIRFLOW_CTX_DAG_OWNER='airflow' AIRFLOW_CTX_DAG_ID='Mercado_5m' AIRFLOW_CTX_TASK_ID='get_5m_info' AIRFLOW_CTX_EXECUTION_DATE='2024-07-25T03:15:00+00:00' AIRFLOW_CTX_TRY_NUMBER='1' AIRFLOW_CTX_DAG_RUN_ID='scheduled__2024-07-25T03:15:00+00:00'
[2024-07-25T14:56:17.438-0300] {taskinstance.py:430} INFO - ::endgroup::
[2024-07-25T14:56:17.513-0300] {base.py:84} INFO - Using connection ID 'mercado_default' for task execution.
[2024-07-25T14:56:17.514-0300] {mercado_hook.py:31} INFO - URL: https://api.mercadobitcoin.net/api/v4/candles?symbol=BTC-BRL&resolution=5m&to=1721888400&from=1721888100
[2024-07-25T14:56:17.787-0300] {python.py:237} INFO - Done. Returned value was: None
[2024-07-25T14:56:17.788-0300] {taskinstance.py:441} INFO - ::group::Post task execution logs
[2024-07-25T14:56:17.790-0300] {taskinstance.py:1206} INFO - Marking task as SUCCESS. dag_id=Mercado_5m, task_id=get_5m_info, run_id=scheduled__2024-07-25T03:15:00+00:00, execution_date=20240725T031500, start_date=20240725T175617, end_date=20240725T175617
[2024-07-25T14:56:17.846-0300] {local_task_job_runner.py:243} INFO - Task exited with return code 0
[2024-07-25T14:56:17.853-0300] {taskinstance.py:3503} INFO - 0 downstream tasks scheduled from follow-on schedule check
[2024-07-25T14:56:17.853-0300] {local_task_job_runner.py:222} INFO - ::endgroup::
[2024-07-25T16:20:29.087-0300] {local_task_job_runner.py:120} INFO - ::group::Pre task execution logs
[2024-07-25T16:20:29.093-0300] {taskinstance.py:2076} INFO - Dependencies all met for dep_context=non-requeueable deps ti=<TaskInstance: Mercado_5m.get_5m_info scheduled__2024-07-25T03:15:00+00:00 [queued]>
[2024-07-25T16:20:29.096-0300] {taskinstance.py:2076} INFO - Dependencies all met for dep_context=requeueable deps ti=<TaskInstance: Mercado_5m.get_5m_info scheduled__2024-07-25T03:15:00+00:00 [queued]>
[2024-07-25T16:20:29.097-0300] {taskinstance.py:2306} INFO - Starting attempt 1 of 1
[2024-07-25T16:20:29.111-0300] {taskinstance.py:2330} INFO - Executing <Task(PythonOperator): get_5m_info> on 2024-07-25 03:15:00+00:00
[2024-07-25T16:20:29.114-0300] {standard_task_runner.py:64} INFO - Started process 2663518 to run task
[2024-07-25T16:20:29.115-0300] {standard_task_runner.py:90} INFO - Running: ['airflow', 'tasks', 'run', 'Mercado_5m', 'get_5m_info', 'scheduled__2024-07-25T03:15:00+00:00', '--job-id', '2289', '--raw', '--subdir', 'DAGS_FOLDER/mercado_dag.py', '--cfg-path', '/tmp/tmprt600og5']
[2024-07-25T16:20:29.116-0300] {standard_task_runner.py:91} INFO - Job 2289: Subtask get_5m_info
[2024-07-25T16:20:29.143-0300] {task_command.py:426} INFO - Running <TaskInstance: Mercado_5m.get_5m_info scheduled__2024-07-25T03:15:00+00:00 [running]> on host Galaxybook.
[2024-07-25T16:20:29.199-0300] {taskinstance.py:2648} INFO - Exporting env vars: AIRFLOW_CTX_DAG_OWNER='airflow' AIRFLOW_CTX_DAG_ID='Mercado_5m' AIRFLOW_CTX_TASK_ID='get_5m_info' AIRFLOW_CTX_EXECUTION_DATE='2024-07-25T03:15:00+00:00' AIRFLOW_CTX_TRY_NUMBER='1' AIRFLOW_CTX_DAG_RUN_ID='scheduled__2024-07-25T03:15:00+00:00'
[2024-07-25T16:20:29.200-0300] {taskinstance.py:430} INFO - ::endgroup::
[2024-07-25T16:20:29.211-0300] {mercado_dag.py:22} INFO - To: 2024-07-25 03:20:00+00:00
[2024-07-25T16:20:29.211-0300] {mercado_dag.py:23} INFO - From: 2024-07-25 03:15:00+00:00
[2024-07-25T16:20:29.212-0300] {mercado_dag.py:24} INFO - To timestamp: 1721877600 
[2024-07-25T16:20:29.212-0300] {mercado_dag.py:25} INFO - From timestamp: 1721877300 
[2024-07-25T16:20:29.276-0300] {base.py:84} INFO - Using connection ID 'mercado_default' for task execution.
[2024-07-25T16:20:29.277-0300] {mercado_hook.py:31} INFO - URL: https://api.mercadobitcoin.net/api/v4/candles?symbol=BTC-BRL&resolution=5m&to=1721877600&from=1721877300
[2024-07-25T16:20:29.548-0300] {python.py:237} INFO - Done. Returned value was: None
[2024-07-25T16:20:29.549-0300] {taskinstance.py:441} INFO - ::group::Post task execution logs
[2024-07-25T16:20:29.551-0300] {taskinstance.py:1206} INFO - Marking task as SUCCESS. dag_id=Mercado_5m, task_id=get_5m_info, run_id=scheduled__2024-07-25T03:15:00+00:00, execution_date=20240725T031500, start_date=20240725T192029, end_date=20240725T192029
[2024-07-25T16:20:29.577-0300] {local_task_job_runner.py:243} INFO - Task exited with return code 0
[2024-07-25T16:20:29.583-0300] {taskinstance.py:3503} INFO - 0 downstream tasks scheduled from follow-on schedule check
[2024-07-25T16:20:29.583-0300] {local_task_job_runner.py:222} INFO - ::endgroup::
[2024-07-25T16:26:28.096-0300] {local_task_job_runner.py:120} INFO - ::group::Pre task execution logs
[2024-07-25T16:26:28.102-0300] {taskinstance.py:2076} INFO - Dependencies all met for dep_context=non-requeueable deps ti=<TaskInstance: Mercado_5m.get_5m_info scheduled__2024-07-25T03:15:00+00:00 [queued]>
[2024-07-25T16:26:28.105-0300] {taskinstance.py:2076} INFO - Dependencies all met for dep_context=requeueable deps ti=<TaskInstance: Mercado_5m.get_5m_info scheduled__2024-07-25T03:15:00+00:00 [queued]>
[2024-07-25T16:26:28.105-0300] {taskinstance.py:2306} INFO - Starting attempt 1 of 1
[2024-07-25T16:26:28.117-0300] {taskinstance.py:2330} INFO - Executing <Task(PythonOperator): get_5m_info> on 2024-07-25 03:15:00+00:00
[2024-07-25T16:26:28.119-0300] {standard_task_runner.py:64} INFO - Started process 2669545 to run task
[2024-07-25T16:26:28.121-0300] {standard_task_runner.py:90} INFO - Running: ['airflow', 'tasks', 'run', 'Mercado_5m', 'get_5m_info', 'scheduled__2024-07-25T03:15:00+00:00', '--job-id', '2459', '--raw', '--subdir', 'DAGS_FOLDER/mercado_dag.py', '--cfg-path', '/tmp/tmpc3nko6xa']
[2024-07-25T16:26:28.122-0300] {standard_task_runner.py:91} INFO - Job 2459: Subtask get_5m_info
[2024-07-25T16:26:28.149-0300] {task_command.py:426} INFO - Running <TaskInstance: Mercado_5m.get_5m_info scheduled__2024-07-25T03:15:00+00:00 [running]> on host Galaxybook.
[2024-07-25T16:26:28.210-0300] {taskinstance.py:2648} INFO - Exporting env vars: AIRFLOW_CTX_DAG_OWNER='airflow' AIRFLOW_CTX_DAG_ID='Mercado_5m' AIRFLOW_CTX_TASK_ID='get_5m_info' AIRFLOW_CTX_EXECUTION_DATE='2024-07-25T03:15:00+00:00' AIRFLOW_CTX_TRY_NUMBER='1' AIRFLOW_CTX_DAG_RUN_ID='scheduled__2024-07-25T03:15:00+00:00'
[2024-07-25T16:26:28.210-0300] {taskinstance.py:430} INFO - ::endgroup::
[2024-07-25T16:26:28.218-0300] {mercado_dag.py:22} INFO - To: 2024-07-25 03:20:00+00:00
[2024-07-25T16:26:28.218-0300] {mercado_dag.py:23} INFO - From: 2024-07-25 03:15:00+00:00
[2024-07-25T16:26:28.218-0300] {mercado_dag.py:24} INFO - To timestamp: 1721877600000 
[2024-07-25T16:26:28.218-0300] {mercado_dag.py:25} INFO - From timestamp: 1721877300000 
[2024-07-25T16:26:28.274-0300] {base.py:84} INFO - Using connection ID 'mercado_default' for task execution.
[2024-07-25T16:26:28.275-0300] {mercado_hook.py:31} INFO - URL: https://api.mercadobitcoin.net/api/v4/candles?symbol=BTC-BRL&resolution=5m&to=1721877600000&from=1721877300000
[2024-07-25T16:26:32.270-0300] {python.py:237} INFO - Done. Returned value was: None
[2024-07-25T16:26:32.271-0300] {taskinstance.py:441} INFO - ::group::Post task execution logs
[2024-07-25T16:26:32.274-0300] {taskinstance.py:1206} INFO - Marking task as SUCCESS. dag_id=Mercado_5m, task_id=get_5m_info, run_id=scheduled__2024-07-25T03:15:00+00:00, execution_date=20240725T031500, start_date=20240725T192628, end_date=20240725T192632
[2024-07-25T16:26:32.298-0300] {local_task_job_runner.py:243} INFO - Task exited with return code 0
[2024-07-25T16:26:32.304-0300] {taskinstance.py:3503} INFO - 0 downstream tasks scheduled from follow-on schedule check
[2024-07-25T16:26:32.304-0300] {local_task_job_runner.py:222} INFO - ::endgroup::
