[2024-07-25T14:48:25.074-0300] {local_task_job_runner.py:120} INFO - ::group::Pre task execution logs
[2024-07-25T14:48:25.079-0300] {taskinstance.py:2076} INFO - Dependencies all met for dep_context=non-requeueable deps ti=<TaskInstance: Binance_5m.get_5m_info scheduled__2024-07-25T03:55:00+00:00 [queued]>
[2024-07-25T14:48:25.083-0300] {taskinstance.py:2076} INFO - Dependencies all met for dep_context=requeueable deps ti=<TaskInstance: Binance_5m.get_5m_info scheduled__2024-07-25T03:55:00+00:00 [queued]>
[2024-07-25T14:48:25.083-0300] {taskinstance.py:2306} INFO - Starting attempt 1 of 1
[2024-07-25T14:48:25.097-0300] {taskinstance.py:2330} INFO - Executing <Task(PythonOperator): get_5m_info> on 2024-07-25 03:55:00+00:00
[2024-07-25T14:48:25.100-0300] {standard_task_runner.py:64} INFO - Started process 2607820 to run task
[2024-07-25T14:48:25.102-0300] {standard_task_runner.py:90} INFO - Running: ['airflow', 'tasks', 'run', 'Binance_5m', 'get_5m_info', 'scheduled__2024-07-25T03:55:00+00:00', '--job-id', '2133', '--raw', '--subdir', 'DAGS_FOLDER/binance_dag.py', '--cfg-path', '/tmp/tmp_angzd5y']
[2024-07-25T14:48:25.103-0300] {standard_task_runner.py:91} INFO - Job 2133: Subtask get_5m_info
[2024-07-25T14:48:25.143-0300] {task_command.py:426} INFO - Running <TaskInstance: Binance_5m.get_5m_info scheduled__2024-07-25T03:55:00+00:00 [running]> on host Galaxybook.
[2024-07-25T14:48:25.199-0300] {taskinstance.py:2648} INFO - Exporting env vars: AIRFLOW_CTX_DAG_OWNER='airflow' AIRFLOW_CTX_DAG_ID='Binance_5m' AIRFLOW_CTX_TASK_ID='get_5m_info' AIRFLOW_CTX_EXECUTION_DATE='2024-07-25T03:55:00+00:00' AIRFLOW_CTX_TRY_NUMBER='1' AIRFLOW_CTX_DAG_RUN_ID='scheduled__2024-07-25T03:55:00+00:00'
[2024-07-25T14:48:25.200-0300] {taskinstance.py:430} INFO - ::endgroup::
[2024-07-25T14:48:25.208-0300] {binance_dag.py:23} INFO - End Time: 2024-07-25T04:00:00.00Z
[2024-07-25T14:48:25.208-0300] {binance_dag.py:24} INFO - Start Time: 2024-07-25T03:55:00.00Z
[2024-07-25T14:48:25.280-0300] {base.py:84} INFO - Using connection ID 'binance_default' for task execution.
[2024-07-25T14:48:25.280-0300] {logging_mixin.py:188} INFO - https://api.binance.com
[2024-07-25T14:48:25.281-0300] {binance_hook.py:35} INFO - URL: https://api.binance.com/api/v3/klines?symbol=BTCBRL&interval=5m&startTime=1721890500000&endTime=1721890799999
[2024-07-25T14:48:25.679-0300] {binance_dag.py:43} INFO - r: [[1721890500000, '366210.00000000', '366353.00000000', '366210.00000000', '366250.00000000', '0.02792000', 1721890799999, '10225.73800000', 9, '0.00430000', '1574.91300000', '0']]
[2024-07-25T14:48:25.680-0300] {python.py:237} INFO - Done. Returned value was: None
[2024-07-25T14:48:25.680-0300] {taskinstance.py:441} INFO - ::group::Post task execution logs
[2024-07-25T14:48:25.683-0300] {taskinstance.py:1206} INFO - Marking task as SUCCESS. dag_id=Binance_5m, task_id=get_5m_info, run_id=scheduled__2024-07-25T03:55:00+00:00, execution_date=20240725T035500, start_date=20240725T174825, end_date=20240725T174825
[2024-07-25T14:48:25.725-0300] {local_task_job_runner.py:243} INFO - Task exited with return code 0
[2024-07-25T14:48:25.733-0300] {taskinstance.py:3503} INFO - 0 downstream tasks scheduled from follow-on schedule check
[2024-07-25T14:48:25.734-0300] {local_task_job_runner.py:222} INFO - ::endgroup::
[2024-07-25T15:18:35.261-0300] {local_task_job_runner.py:120} INFO - ::group::Pre task execution logs
[2024-07-25T15:18:35.266-0300] {taskinstance.py:2076} INFO - Dependencies all met for dep_context=non-requeueable deps ti=<TaskInstance: Binance_5m.get_5m_info scheduled__2024-07-25T03:55:00+00:00 [queued]>
[2024-07-25T15:18:35.269-0300] {taskinstance.py:2076} INFO - Dependencies all met for dep_context=requeueable deps ti=<TaskInstance: Binance_5m.get_5m_info scheduled__2024-07-25T03:55:00+00:00 [queued]>
[2024-07-25T15:18:35.269-0300] {taskinstance.py:2306} INFO - Starting attempt 1 of 1
[2024-07-25T15:18:35.282-0300] {taskinstance.py:2330} INFO - Executing <Task(PythonOperator): get_5m_info> on 2024-07-25 03:55:00+00:00
[2024-07-25T15:18:35.284-0300] {standard_task_runner.py:64} INFO - Started process 2630338 to run task
[2024-07-25T15:18:35.286-0300] {standard_task_runner.py:90} INFO - Running: ['airflow', 'tasks', 'run', 'Binance_5m', 'get_5m_info', 'scheduled__2024-07-25T03:55:00+00:00', '--job-id', '2582', '--raw', '--subdir', 'DAGS_FOLDER/binance_dag.py', '--cfg-path', '/tmp/tmp71c71tgj']
[2024-07-25T15:18:35.286-0300] {standard_task_runner.py:91} INFO - Job 2582: Subtask get_5m_info
[2024-07-25T15:18:35.314-0300] {task_command.py:426} INFO - Running <TaskInstance: Binance_5m.get_5m_info scheduled__2024-07-25T03:55:00+00:00 [running]> on host Galaxybook.
[2024-07-25T15:18:35.371-0300] {taskinstance.py:2648} INFO - Exporting env vars: AIRFLOW_CTX_DAG_OWNER='airflow' AIRFLOW_CTX_DAG_ID='Binance_5m' AIRFLOW_CTX_TASK_ID='get_5m_info' AIRFLOW_CTX_EXECUTION_DATE='2024-07-25T03:55:00+00:00' AIRFLOW_CTX_TRY_NUMBER='1' AIRFLOW_CTX_DAG_RUN_ID='scheduled__2024-07-25T03:55:00+00:00'
[2024-07-25T15:18:35.371-0300] {taskinstance.py:430} INFO - ::endgroup::
[2024-07-25T15:18:35.379-0300] {binance_dag.py:23} INFO - End Time: 2024-07-25T04:00:00.00Z
[2024-07-25T15:18:35.379-0300] {binance_dag.py:24} INFO - Start Time: 2024-07-25T03:55:00.00Z
[2024-07-25T15:18:35.434-0300] {binance_dag.py:25} INFO - 1721890500000
[2024-07-25T15:18:35.446-0300] {base.py:84} INFO - Using connection ID 'binance_default' for task execution.
[2024-07-25T15:18:35.446-0300] {logging_mixin.py:188} INFO - https://api.binance.com
[2024-07-25T15:18:35.447-0300] {binance_hook.py:35} INFO - URL: https://api.binance.com/api/v3/klines?symbol=BTCBRL&interval=5m&startTime=1721890500000&endTime=1721890799999
[2024-07-25T15:18:35.850-0300] {python.py:237} INFO - Done. Returned value was: None
[2024-07-25T15:18:35.851-0300] {taskinstance.py:441} INFO - ::group::Post task execution logs
[2024-07-25T15:18:35.854-0300] {taskinstance.py:1206} INFO - Marking task as SUCCESS. dag_id=Binance_5m, task_id=get_5m_info, run_id=scheduled__2024-07-25T03:55:00+00:00, execution_date=20240725T035500, start_date=20240725T181835, end_date=20240725T181835
[2024-07-25T15:18:35.874-0300] {local_task_job_runner.py:243} INFO - Task exited with return code 0
[2024-07-25T15:18:35.880-0300] {taskinstance.py:3503} INFO - 0 downstream tasks scheduled from follow-on schedule check
[2024-07-25T15:18:35.880-0300] {local_task_job_runner.py:222} INFO - ::endgroup::
[2024-07-25T16:15:10.172-0300] {local_task_job_runner.py:120} INFO - ::group::Pre task execution logs
[2024-07-25T16:15:10.178-0300] {taskinstance.py:2076} INFO - Dependencies all met for dep_context=non-requeueable deps ti=<TaskInstance: Binance_5m.get_5m_info scheduled__2024-07-25T03:55:00+00:00 [queued]>
[2024-07-25T16:15:10.181-0300] {taskinstance.py:2076} INFO - Dependencies all met for dep_context=requeueable deps ti=<TaskInstance: Binance_5m.get_5m_info scheduled__2024-07-25T03:55:00+00:00 [queued]>
[2024-07-25T16:15:10.181-0300] {taskinstance.py:2306} INFO - Starting attempt 1 of 1
[2024-07-25T16:15:10.194-0300] {taskinstance.py:2330} INFO - Executing <Task(PythonOperator): get_5m_info> on 2024-07-25 03:55:00+00:00
[2024-07-25T16:15:10.196-0300] {standard_task_runner.py:64} INFO - Started process 2658133 to run task
[2024-07-25T16:15:10.198-0300] {standard_task_runner.py:90} INFO - Running: ['airflow', 'tasks', 'run', 'Binance_5m', 'get_5m_info', 'scheduled__2024-07-25T03:55:00+00:00', '--job-id', '2142', '--raw', '--subdir', 'DAGS_FOLDER/binance_dag.py', '--cfg-path', '/tmp/tmpyt0hokm3']
[2024-07-25T16:15:10.199-0300] {standard_task_runner.py:91} INFO - Job 2142: Subtask get_5m_info
[2024-07-25T16:15:10.226-0300] {task_command.py:426} INFO - Running <TaskInstance: Binance_5m.get_5m_info scheduled__2024-07-25T03:55:00+00:00 [running]> on host Galaxybook.
[2024-07-25T16:15:10.284-0300] {taskinstance.py:2648} INFO - Exporting env vars: AIRFLOW_CTX_DAG_OWNER='airflow' AIRFLOW_CTX_DAG_ID='Binance_5m' AIRFLOW_CTX_TASK_ID='get_5m_info' AIRFLOW_CTX_EXECUTION_DATE='2024-07-25T03:55:00+00:00' AIRFLOW_CTX_TRY_NUMBER='1' AIRFLOW_CTX_DAG_RUN_ID='scheduled__2024-07-25T03:55:00+00:00'
[2024-07-25T16:15:10.285-0300] {taskinstance.py:430} INFO - ::endgroup::
[2024-07-25T16:15:10.293-0300] {binance_dag.py:22} INFO - End Time: 2024-07-25 04:00:00+00:00
[2024-07-25T16:15:10.294-0300] {binance_dag.py:23} INFO - Start Time: 2024-07-25 03:55:00+00:00
[2024-07-25T16:15:10.294-0300] {binance_dag.py:24} INFO - Start timestamp: 1721879700000
[2024-07-25T16:15:10.294-0300] {binance_dag.py:25} INFO - End timestamp: 1721880000000
[2024-07-25T16:15:10.377-0300] {base.py:84} INFO - Using connection ID 'binance_default' for task execution.
[2024-07-25T16:15:10.377-0300] {logging_mixin.py:188} INFO - https://api.binance.com
[2024-07-25T16:15:10.378-0300] {binance_hook.py:35} INFO - URL: https://api.binance.com/api/v3/klines?symbol=BTCBRL&interval=5m&startTime=1721879700000&endTime=1721879999999&timeZone=-3
[2024-07-25T16:15:10.791-0300] {python.py:237} INFO - Done. Returned value was: None
[2024-07-25T16:15:10.792-0300] {taskinstance.py:441} INFO - ::group::Post task execution logs
[2024-07-25T16:15:10.794-0300] {taskinstance.py:1206} INFO - Marking task as SUCCESS. dag_id=Binance_5m, task_id=get_5m_info, run_id=scheduled__2024-07-25T03:55:00+00:00, execution_date=20240725T035500, start_date=20240725T191510, end_date=20240725T191510
[2024-07-25T16:15:10.820-0300] {local_task_job_runner.py:243} INFO - Task exited with return code 0
[2024-07-25T16:15:10.827-0300] {taskinstance.py:3503} INFO - 0 downstream tasks scheduled from follow-on schedule check
[2024-07-25T16:15:10.828-0300] {local_task_job_runner.py:222} INFO - ::endgroup::
