[2024-07-25T14:55:20.880-0300] {local_task_job_runner.py:120} INFO - ::group::Pre task execution logs
[2024-07-25T14:55:20.886-0300] {taskinstance.py:2076} INFO - Dependencies all met for dep_context=non-requeueable deps ti=<TaskInstance: Binance_5m.get_5m_info scheduled__2024-07-25T17:30:00+00:00 [queued]>
[2024-07-25T14:55:20.889-0300] {taskinstance.py:2076} INFO - Dependencies all met for dep_context=requeueable deps ti=<TaskInstance: Binance_5m.get_5m_info scheduled__2024-07-25T17:30:00+00:00 [queued]>
[2024-07-25T14:55:20.889-0300] {taskinstance.py:2306} INFO - Starting attempt 1 of 1
[2024-07-25T14:55:20.902-0300] {taskinstance.py:2330} INFO - Executing <Task(PythonOperator): get_5m_info> on 2024-07-25 17:30:00+00:00
[2024-07-25T14:55:20.905-0300] {standard_task_runner.py:64} INFO - Started process 2614786 to run task
[2024-07-25T14:55:20.907-0300] {standard_task_runner.py:90} INFO - Running: ['airflow', 'tasks', 'run', 'Binance_5m', 'get_5m_info', 'scheduled__2024-07-25T17:30:00+00:00', '--job-id', '2322', '--raw', '--subdir', 'DAGS_FOLDER/binance_dag.py', '--cfg-path', '/tmp/tmpa0hjmn00']
[2024-07-25T14:55:20.908-0300] {standard_task_runner.py:91} INFO - Job 2322: Subtask get_5m_info
[2024-07-25T14:55:20.937-0300] {task_command.py:426} INFO - Running <TaskInstance: Binance_5m.get_5m_info scheduled__2024-07-25T17:30:00+00:00 [running]> on host Galaxybook.
[2024-07-25T14:55:20.993-0300] {taskinstance.py:2648} INFO - Exporting env vars: AIRFLOW_CTX_DAG_OWNER='airflow' AIRFLOW_CTX_DAG_ID='Binance_5m' AIRFLOW_CTX_TASK_ID='get_5m_info' AIRFLOW_CTX_EXECUTION_DATE='2024-07-25T17:30:00+00:00' AIRFLOW_CTX_TRY_NUMBER='1' AIRFLOW_CTX_DAG_RUN_ID='scheduled__2024-07-25T17:30:00+00:00'
[2024-07-25T14:55:20.994-0300] {taskinstance.py:430} INFO - ::endgroup::
[2024-07-25T14:55:21.003-0300] {binance_dag.py:23} INFO - End Time: 2024-07-25T17:35:00.00Z
[2024-07-25T14:55:21.003-0300] {binance_dag.py:24} INFO - Start Time: 2024-07-25T17:30:00.00Z
[2024-07-25T14:55:21.082-0300] {base.py:84} INFO - Using connection ID 'binance_default' for task execution.
[2024-07-25T14:55:21.083-0300] {logging_mixin.py:188} INFO - https://api.binance.com
[2024-07-25T14:55:21.083-0300] {binance_hook.py:35} INFO - URL: https://api.binance.com/api/v3/klines?symbol=BTCBRL&interval=5m&startTime=1721939400000&endTime=1721939699999
[2024-07-25T14:55:21.506-0300] {binance_dag.py:43} INFO - r: []
[2024-07-25T14:55:21.507-0300] {python.py:237} INFO - Done. Returned value was: None
[2024-07-25T14:55:21.508-0300] {taskinstance.py:441} INFO - ::group::Post task execution logs
[2024-07-25T14:55:21.511-0300] {taskinstance.py:1206} INFO - Marking task as SUCCESS. dag_id=Binance_5m, task_id=get_5m_info, run_id=scheduled__2024-07-25T17:30:00+00:00, execution_date=20240725T173000, start_date=20240725T175520, end_date=20240725T175521
[2024-07-25T14:55:21.571-0300] {local_task_job_runner.py:243} INFO - Task exited with return code 0
[2024-07-25T14:55:21.580-0300] {taskinstance.py:3503} INFO - 0 downstream tasks scheduled from follow-on schedule check
[2024-07-25T14:55:21.581-0300] {local_task_job_runner.py:222} INFO - ::endgroup::
[2024-07-25T15:24:40.511-0300] {local_task_job_runner.py:120} INFO - ::group::Pre task execution logs
[2024-07-25T15:24:40.517-0300] {taskinstance.py:2076} INFO - Dependencies all met for dep_context=non-requeueable deps ti=<TaskInstance: Binance_5m.get_5m_info scheduled__2024-07-25T17:30:00+00:00 [queued]>
[2024-07-25T15:24:40.520-0300] {taskinstance.py:2076} INFO - Dependencies all met for dep_context=requeueable deps ti=<TaskInstance: Binance_5m.get_5m_info scheduled__2024-07-25T17:30:00+00:00 [queued]>
[2024-07-25T15:24:40.520-0300] {taskinstance.py:2306} INFO - Starting attempt 1 of 1
[2024-07-25T15:24:40.536-0300] {taskinstance.py:2330} INFO - Executing <Task(PythonOperator): get_5m_info> on 2024-07-25 17:30:00+00:00
[2024-07-25T15:24:40.537-0300] {standard_task_runner.py:64} INFO - Started process 2636360 to run task
[2024-07-25T15:24:40.539-0300] {standard_task_runner.py:90} INFO - Running: ['airflow', 'tasks', 'run', 'Binance_5m', 'get_5m_info', 'scheduled__2024-07-25T17:30:00+00:00', '--job-id', '2745', '--raw', '--subdir', 'DAGS_FOLDER/binance_dag.py', '--cfg-path', '/tmp/tmp1i1fai8o']
[2024-07-25T15:24:40.540-0300] {standard_task_runner.py:91} INFO - Job 2745: Subtask get_5m_info
[2024-07-25T15:24:40.567-0300] {task_command.py:426} INFO - Running <TaskInstance: Binance_5m.get_5m_info scheduled__2024-07-25T17:30:00+00:00 [running]> on host Galaxybook.
[2024-07-25T15:24:40.625-0300] {taskinstance.py:2648} INFO - Exporting env vars: AIRFLOW_CTX_DAG_OWNER='airflow' AIRFLOW_CTX_DAG_ID='Binance_5m' AIRFLOW_CTX_TASK_ID='get_5m_info' AIRFLOW_CTX_EXECUTION_DATE='2024-07-25T17:30:00+00:00' AIRFLOW_CTX_TRY_NUMBER='1' AIRFLOW_CTX_DAG_RUN_ID='scheduled__2024-07-25T17:30:00+00:00'
[2024-07-25T15:24:40.626-0300] {taskinstance.py:430} INFO - ::endgroup::
[2024-07-25T15:24:40.635-0300] {binance_dag.py:23} INFO - End Time: 2024-07-25T17:35:00.00Z
[2024-07-25T15:24:40.635-0300] {binance_dag.py:24} INFO - Start Time: 2024-07-25T17:30:00.00Z
[2024-07-25T15:24:40.690-0300] {binance_dag.py:25} INFO - 1721939400000
[2024-07-25T15:24:40.692-0300] {base.py:84} INFO - Using connection ID 'binance_default' for task execution.
[2024-07-25T15:24:40.693-0300] {logging_mixin.py:188} INFO - https://api.binance.com
[2024-07-25T15:24:40.693-0300] {binance_hook.py:35} INFO - URL: https://api.binance.com/api/v3/klines?symbol=BTCBRL&interval=5m&startTime=1721939400000&endTime=1721939699999
[2024-07-25T15:24:41.099-0300] {python.py:237} INFO - Done. Returned value was: None
[2024-07-25T15:24:41.100-0300] {taskinstance.py:441} INFO - ::group::Post task execution logs
[2024-07-25T15:24:41.102-0300] {taskinstance.py:1206} INFO - Marking task as SUCCESS. dag_id=Binance_5m, task_id=get_5m_info, run_id=scheduled__2024-07-25T17:30:00+00:00, execution_date=20240725T173000, start_date=20240725T182440, end_date=20240725T182441
[2024-07-25T15:24:41.120-0300] {local_task_job_runner.py:243} INFO - Task exited with return code 0
[2024-07-25T15:24:41.125-0300] {taskinstance.py:3503} INFO - 0 downstream tasks scheduled from follow-on schedule check
[2024-07-25T15:24:41.126-0300] {local_task_job_runner.py:222} INFO - ::endgroup::
[2024-07-25T16:23:53.552-0300] {local_task_job_runner.py:120} INFO - ::group::Pre task execution logs
[2024-07-25T16:23:53.558-0300] {taskinstance.py:2076} INFO - Dependencies all met for dep_context=non-requeueable deps ti=<TaskInstance: Binance_5m.get_5m_info scheduled__2024-07-25T17:30:00+00:00 [queued]>
[2024-07-25T16:23:53.561-0300] {taskinstance.py:2076} INFO - Dependencies all met for dep_context=requeueable deps ti=<TaskInstance: Binance_5m.get_5m_info scheduled__2024-07-25T17:30:00+00:00 [queued]>
[2024-07-25T16:23:53.561-0300] {taskinstance.py:2306} INFO - Starting attempt 1 of 1
[2024-07-25T16:23:53.575-0300] {taskinstance.py:2330} INFO - Executing <Task(PythonOperator): get_5m_info> on 2024-07-25 17:30:00+00:00
[2024-07-25T16:23:53.578-0300] {standard_task_runner.py:64} INFO - Started process 2666917 to run task
[2024-07-25T16:23:53.581-0300] {standard_task_runner.py:90} INFO - Running: ['airflow', 'tasks', 'run', 'Binance_5m', 'get_5m_info', 'scheduled__2024-07-25T17:30:00+00:00', '--job-id', '2392', '--raw', '--subdir', 'DAGS_FOLDER/binance_dag.py', '--cfg-path', '/tmp/tmpfm2mxw17']
[2024-07-25T16:23:53.582-0300] {standard_task_runner.py:91} INFO - Job 2392: Subtask get_5m_info
[2024-07-25T16:23:53.611-0300] {task_command.py:426} INFO - Running <TaskInstance: Binance_5m.get_5m_info scheduled__2024-07-25T17:30:00+00:00 [running]> on host Galaxybook.
[2024-07-25T16:23:53.668-0300] {taskinstance.py:2648} INFO - Exporting env vars: AIRFLOW_CTX_DAG_OWNER='airflow' AIRFLOW_CTX_DAG_ID='Binance_5m' AIRFLOW_CTX_TASK_ID='get_5m_info' AIRFLOW_CTX_EXECUTION_DATE='2024-07-25T17:30:00+00:00' AIRFLOW_CTX_TRY_NUMBER='1' AIRFLOW_CTX_DAG_RUN_ID='scheduled__2024-07-25T17:30:00+00:00'
[2024-07-25T16:23:53.669-0300] {taskinstance.py:430} INFO - ::endgroup::
[2024-07-25T16:23:53.679-0300] {binance_dag.py:22} INFO - End Time: 2024-07-25 17:35:00+00:00
[2024-07-25T16:23:53.679-0300] {binance_dag.py:23} INFO - Start Time: 2024-07-25 17:30:00+00:00
[2024-07-25T16:23:53.680-0300] {binance_dag.py:24} INFO - Start timestamp: 1721928600000
[2024-07-25T16:23:53.680-0300] {binance_dag.py:25} INFO - End timestamp: 1721928900000
[2024-07-25T16:23:53.768-0300] {base.py:84} INFO - Using connection ID 'binance_default' for task execution.
[2024-07-25T16:23:53.768-0300] {logging_mixin.py:188} INFO - https://api.binance.com
[2024-07-25T16:23:53.769-0300] {binance_hook.py:35} INFO - URL: https://api.binance.com/api/v3/klines?symbol=BTCBRL&interval=5m&startTime=1721928600000&endTime=1721928899999&timeZone=-3
[2024-07-25T16:23:54.180-0300] {python.py:237} INFO - Done. Returned value was: None
[2024-07-25T16:23:54.181-0300] {taskinstance.py:441} INFO - ::group::Post task execution logs
[2024-07-25T16:23:54.184-0300] {taskinstance.py:1206} INFO - Marking task as SUCCESS. dag_id=Binance_5m, task_id=get_5m_info, run_id=scheduled__2024-07-25T17:30:00+00:00, execution_date=20240725T173000, start_date=20240725T192353, end_date=20240725T192354
[2024-07-25T16:23:54.238-0300] {local_task_job_runner.py:243} INFO - Task exited with return code 0
[2024-07-25T16:23:54.246-0300] {taskinstance.py:3503} INFO - 0 downstream tasks scheduled from follow-on schedule check
[2024-07-25T16:23:54.247-0300] {local_task_job_runner.py:222} INFO - ::endgroup::
