[2024-07-25T14:49:34.380-0300] {local_task_job_runner.py:120} INFO - ::group::Pre task execution logs
[2024-07-25T14:49:34.387-0300] {taskinstance.py:2076} INFO - Dependencies all met for dep_context=non-requeueable deps ti=<TaskInstance: Binance_5m.get_5m_info scheduled__2024-07-25T06:00:00+00:00 [queued]>
[2024-07-25T14:49:34.392-0300] {taskinstance.py:2076} INFO - Dependencies all met for dep_context=requeueable deps ti=<TaskInstance: Binance_5m.get_5m_info scheduled__2024-07-25T06:00:00+00:00 [queued]>
[2024-07-25T14:49:34.392-0300] {taskinstance.py:2306} INFO - Starting attempt 1 of 1
[2024-07-25T14:49:34.412-0300] {taskinstance.py:2330} INFO - Executing <Task(PythonOperator): get_5m_info> on 2024-07-25 06:00:00+00:00
[2024-07-25T14:49:34.414-0300] {standard_task_runner.py:64} INFO - Started process 2608974 to run task
[2024-07-25T14:49:34.417-0300] {standard_task_runner.py:90} INFO - Running: ['airflow', 'tasks', 'run', 'Binance_5m', 'get_5m_info', 'scheduled__2024-07-25T06:00:00+00:00', '--job-id', '2164', '--raw', '--subdir', 'DAGS_FOLDER/binance_dag.py', '--cfg-path', '/tmp/tmpngkcq8tr']
[2024-07-25T14:49:34.418-0300] {standard_task_runner.py:91} INFO - Job 2164: Subtask get_5m_info
[2024-07-25T14:49:34.453-0300] {task_command.py:426} INFO - Running <TaskInstance: Binance_5m.get_5m_info scheduled__2024-07-25T06:00:00+00:00 [running]> on host Galaxybook.
[2024-07-25T14:49:34.518-0300] {taskinstance.py:2648} INFO - Exporting env vars: AIRFLOW_CTX_DAG_OWNER='airflow' AIRFLOW_CTX_DAG_ID='Binance_5m' AIRFLOW_CTX_TASK_ID='get_5m_info' AIRFLOW_CTX_EXECUTION_DATE='2024-07-25T06:00:00+00:00' AIRFLOW_CTX_TRY_NUMBER='1' AIRFLOW_CTX_DAG_RUN_ID='scheduled__2024-07-25T06:00:00+00:00'
[2024-07-25T14:49:34.518-0300] {taskinstance.py:430} INFO - ::endgroup::
[2024-07-25T14:49:34.526-0300] {binance_dag.py:23} INFO - End Time: 2024-07-25T06:05:00.00Z
[2024-07-25T14:49:34.527-0300] {binance_dag.py:24} INFO - Start Time: 2024-07-25T06:00:00.00Z
[2024-07-25T14:49:34.594-0300] {base.py:84} INFO - Using connection ID 'binance_default' for task execution.
[2024-07-25T14:49:34.594-0300] {logging_mixin.py:188} INFO - https://api.binance.com
[2024-07-25T14:49:34.595-0300] {binance_hook.py:35} INFO - URL: https://api.binance.com/api/v3/klines?symbol=BTCBRL&interval=5m&startTime=1721898000000&endTime=1721898299999
[2024-07-25T14:49:34.986-0300] {binance_dag.py:43} INFO - r: [[1721898000000, '366379.00000000', '366614.00000000', '366172.00000000', '366351.00000000', '0.52678000', 1721898299999, '193009.87125000', 39, '0.39622000', '145163.51197000', '0']]
[2024-07-25T14:49:34.988-0300] {python.py:237} INFO - Done. Returned value was: None
[2024-07-25T14:49:34.989-0300] {taskinstance.py:441} INFO - ::group::Post task execution logs
[2024-07-25T14:49:34.992-0300] {taskinstance.py:1206} INFO - Marking task as SUCCESS. dag_id=Binance_5m, task_id=get_5m_info, run_id=scheduled__2024-07-25T06:00:00+00:00, execution_date=20240725T060000, start_date=20240725T174934, end_date=20240725T174934
[2024-07-25T14:49:35.038-0300] {local_task_job_runner.py:243} INFO - Task exited with return code 0
[2024-07-25T14:49:35.045-0300] {taskinstance.py:3503} INFO - 0 downstream tasks scheduled from follow-on schedule check
[2024-07-25T14:49:35.045-0300] {local_task_job_runner.py:222} INFO - ::endgroup::
[2024-07-25T15:19:33.457-0300] {local_task_job_runner.py:120} INFO - ::group::Pre task execution logs
[2024-07-25T15:19:33.463-0300] {taskinstance.py:2076} INFO - Dependencies all met for dep_context=non-requeueable deps ti=<TaskInstance: Binance_5m.get_5m_info scheduled__2024-07-25T06:00:00+00:00 [queued]>
[2024-07-25T15:19:33.466-0300] {taskinstance.py:2076} INFO - Dependencies all met for dep_context=requeueable deps ti=<TaskInstance: Binance_5m.get_5m_info scheduled__2024-07-25T06:00:00+00:00 [queued]>
[2024-07-25T15:19:33.466-0300] {taskinstance.py:2306} INFO - Starting attempt 1 of 1
[2024-07-25T15:19:33.477-0300] {taskinstance.py:2330} INFO - Executing <Task(PythonOperator): get_5m_info> on 2024-07-25 06:00:00+00:00
[2024-07-25T15:19:33.479-0300] {standard_task_runner.py:64} INFO - Started process 2631306 to run task
[2024-07-25T15:19:33.481-0300] {standard_task_runner.py:90} INFO - Running: ['airflow', 'tasks', 'run', 'Binance_5m', 'get_5m_info', 'scheduled__2024-07-25T06:00:00+00:00', '--job-id', '2607', '--raw', '--subdir', 'DAGS_FOLDER/binance_dag.py', '--cfg-path', '/tmp/tmpec3p5ezd']
[2024-07-25T15:19:33.483-0300] {standard_task_runner.py:91} INFO - Job 2607: Subtask get_5m_info
[2024-07-25T15:19:33.509-0300] {task_command.py:426} INFO - Running <TaskInstance: Binance_5m.get_5m_info scheduled__2024-07-25T06:00:00+00:00 [running]> on host Galaxybook.
[2024-07-25T15:19:33.558-0300] {taskinstance.py:2648} INFO - Exporting env vars: AIRFLOW_CTX_DAG_OWNER='airflow' AIRFLOW_CTX_DAG_ID='Binance_5m' AIRFLOW_CTX_TASK_ID='get_5m_info' AIRFLOW_CTX_EXECUTION_DATE='2024-07-25T06:00:00+00:00' AIRFLOW_CTX_TRY_NUMBER='1' AIRFLOW_CTX_DAG_RUN_ID='scheduled__2024-07-25T06:00:00+00:00'
[2024-07-25T15:19:33.559-0300] {taskinstance.py:430} INFO - ::endgroup::
[2024-07-25T15:19:33.566-0300] {binance_dag.py:23} INFO - End Time: 2024-07-25T06:05:00.00Z
[2024-07-25T15:19:33.566-0300] {binance_dag.py:24} INFO - Start Time: 2024-07-25T06:00:00.00Z
[2024-07-25T15:19:33.615-0300] {binance_dag.py:25} INFO - 1721898000000
[2024-07-25T15:19:33.618-0300] {base.py:84} INFO - Using connection ID 'binance_default' for task execution.
[2024-07-25T15:19:33.618-0300] {logging_mixin.py:188} INFO - https://api.binance.com
[2024-07-25T15:19:33.619-0300] {binance_hook.py:35} INFO - URL: https://api.binance.com/api/v3/klines?symbol=BTCBRL&interval=5m&startTime=1721898000000&endTime=1721898299999
[2024-07-25T15:19:34.014-0300] {python.py:237} INFO - Done. Returned value was: None
[2024-07-25T15:19:34.015-0300] {taskinstance.py:441} INFO - ::group::Post task execution logs
[2024-07-25T15:19:34.018-0300] {taskinstance.py:1206} INFO - Marking task as SUCCESS. dag_id=Binance_5m, task_id=get_5m_info, run_id=scheduled__2024-07-25T06:00:00+00:00, execution_date=20240725T060000, start_date=20240725T181933, end_date=20240725T181934
[2024-07-25T15:19:34.060-0300] {local_task_job_runner.py:243} INFO - Task exited with return code 0
[2024-07-25T15:19:34.070-0300] {taskinstance.py:3503} INFO - 0 downstream tasks scheduled from follow-on schedule check
[2024-07-25T15:19:34.070-0300] {local_task_job_runner.py:222} INFO - ::endgroup::
[2024-07-25T16:16:05.526-0300] {local_task_job_runner.py:120} INFO - ::group::Pre task execution logs
[2024-07-25T16:16:05.534-0300] {taskinstance.py:2076} INFO - Dependencies all met for dep_context=non-requeueable deps ti=<TaskInstance: Binance_5m.get_5m_info scheduled__2024-07-25T06:00:00+00:00 [queued]>
[2024-07-25T16:16:05.539-0300] {taskinstance.py:2076} INFO - Dependencies all met for dep_context=requeueable deps ti=<TaskInstance: Binance_5m.get_5m_info scheduled__2024-07-25T06:00:00+00:00 [queued]>
[2024-07-25T16:16:05.539-0300] {taskinstance.py:2306} INFO - Starting attempt 1 of 1
[2024-07-25T16:16:05.553-0300] {taskinstance.py:2330} INFO - Executing <Task(PythonOperator): get_5m_info> on 2024-07-25 06:00:00+00:00
[2024-07-25T16:16:05.555-0300] {standard_task_runner.py:64} INFO - Started process 2659033 to run task
[2024-07-25T16:16:05.557-0300] {standard_task_runner.py:90} INFO - Running: ['airflow', 'tasks', 'run', 'Binance_5m', 'get_5m_info', 'scheduled__2024-07-25T06:00:00+00:00', '--job-id', '2167', '--raw', '--subdir', 'DAGS_FOLDER/binance_dag.py', '--cfg-path', '/tmp/tmpa5uzs2u3']
[2024-07-25T16:16:05.558-0300] {standard_task_runner.py:91} INFO - Job 2167: Subtask get_5m_info
[2024-07-25T16:16:05.592-0300] {task_command.py:426} INFO - Running <TaskInstance: Binance_5m.get_5m_info scheduled__2024-07-25T06:00:00+00:00 [running]> on host Galaxybook.
[2024-07-25T16:16:05.647-0300] {taskinstance.py:2648} INFO - Exporting env vars: AIRFLOW_CTX_DAG_OWNER='airflow' AIRFLOW_CTX_DAG_ID='Binance_5m' AIRFLOW_CTX_TASK_ID='get_5m_info' AIRFLOW_CTX_EXECUTION_DATE='2024-07-25T06:00:00+00:00' AIRFLOW_CTX_TRY_NUMBER='1' AIRFLOW_CTX_DAG_RUN_ID='scheduled__2024-07-25T06:00:00+00:00'
[2024-07-25T16:16:05.647-0300] {taskinstance.py:430} INFO - ::endgroup::
[2024-07-25T16:16:05.654-0300] {binance_dag.py:22} INFO - End Time: 2024-07-25 06:05:00+00:00
[2024-07-25T16:16:05.655-0300] {binance_dag.py:23} INFO - Start Time: 2024-07-25 06:00:00+00:00
[2024-07-25T16:16:05.655-0300] {binance_dag.py:24} INFO - Start timestamp: 1721887200000
[2024-07-25T16:16:05.655-0300] {binance_dag.py:25} INFO - End timestamp: 1721887500000
[2024-07-25T16:16:05.714-0300] {base.py:84} INFO - Using connection ID 'binance_default' for task execution.
[2024-07-25T16:16:05.714-0300] {logging_mixin.py:188} INFO - https://api.binance.com
[2024-07-25T16:16:05.714-0300] {binance_hook.py:35} INFO - URL: https://api.binance.com/api/v3/klines?symbol=BTCBRL&interval=5m&startTime=1721887200000&endTime=1721887499999&timeZone=-3
[2024-07-25T16:16:11.126-0300] {python.py:237} INFO - Done. Returned value was: None
[2024-07-25T16:16:11.126-0300] {taskinstance.py:441} INFO - ::group::Post task execution logs
[2024-07-25T16:16:11.129-0300] {taskinstance.py:1206} INFO - Marking task as SUCCESS. dag_id=Binance_5m, task_id=get_5m_info, run_id=scheduled__2024-07-25T06:00:00+00:00, execution_date=20240725T060000, start_date=20240725T191605, end_date=20240725T191611
[2024-07-25T16:16:11.168-0300] {local_task_job_runner.py:243} INFO - Task exited with return code 0
[2024-07-25T16:16:11.173-0300] {taskinstance.py:3503} INFO - 0 downstream tasks scheduled from follow-on schedule check
[2024-07-25T16:16:11.173-0300] {local_task_job_runner.py:222} INFO - ::endgroup::
