[2024-07-25T15:40:02.075-0300] {local_task_job_runner.py:120} INFO - ::group::Pre task execution logs
[2024-07-25T15:40:02.079-0300] {taskinstance.py:2076} INFO - Dependencies all met for dep_context=non-requeueable deps ti=<TaskInstance: Binance_5m.get_5m_info scheduled__2024-07-25T18:35:00+00:00 [queued]>
[2024-07-25T15:40:02.082-0300] {taskinstance.py:2076} INFO - Dependencies all met for dep_context=requeueable deps ti=<TaskInstance: Binance_5m.get_5m_info scheduled__2024-07-25T18:35:00+00:00 [queued]>
[2024-07-25T15:40:02.082-0300] {taskinstance.py:2306} INFO - Starting attempt 1 of 1
[2024-07-25T15:40:02.095-0300] {taskinstance.py:2330} INFO - Executing <Task(PythonOperator): get_5m_info> on 2024-07-25 18:35:00+00:00
[2024-07-25T15:40:02.097-0300] {standard_task_runner.py:64} INFO - Started process 2641959 to run task
[2024-07-25T15:40:02.099-0300] {standard_task_runner.py:90} INFO - Running: ['airflow', 'tasks', 'run', 'Binance_5m', 'get_5m_info', 'scheduled__2024-07-25T18:35:00+00:00', '--job-id', '2758', '--raw', '--subdir', 'DAGS_FOLDER/binance_dag.py', '--cfg-path', '/tmp/tmp5bfx_vv9']
[2024-07-25T15:40:02.099-0300] {standard_task_runner.py:91} INFO - Job 2758: Subtask get_5m_info
[2024-07-25T15:40:02.125-0300] {task_command.py:426} INFO - Running <TaskInstance: Binance_5m.get_5m_info scheduled__2024-07-25T18:35:00+00:00 [running]> on host Galaxybook.
[2024-07-25T15:40:02.178-0300] {taskinstance.py:2648} INFO - Exporting env vars: AIRFLOW_CTX_DAG_OWNER='airflow' AIRFLOW_CTX_DAG_ID='Binance_5m' AIRFLOW_CTX_TASK_ID='get_5m_info' AIRFLOW_CTX_EXECUTION_DATE='2024-07-25T18:35:00+00:00' AIRFLOW_CTX_TRY_NUMBER='1' AIRFLOW_CTX_DAG_RUN_ID='scheduled__2024-07-25T18:35:00+00:00'
[2024-07-25T15:40:02.178-0300] {taskinstance.py:430} INFO - ::endgroup::
[2024-07-25T15:40:02.186-0300] {binance_dag.py:23} INFO - End Time: 2024-07-25T18:40:00.00Z
[2024-07-25T15:40:02.186-0300] {binance_dag.py:24} INFO - Start Time: 2024-07-25T18:35:00.00Z
[2024-07-25T15:40:02.236-0300] {binance_dag.py:25} INFO - 1721943300000
[2024-07-25T15:40:02.238-0300] {base.py:84} INFO - Using connection ID 'binance_default' for task execution.
[2024-07-25T15:40:02.238-0300] {logging_mixin.py:188} INFO - https://api.binance.com
[2024-07-25T15:40:02.239-0300] {binance_hook.py:35} INFO - URL: https://api.binance.com/api/v3/klines?symbol=BTCBRL&interval=5m&startTime=1721943300000&endTime=1721943599999
[2024-07-25T15:40:08.194-0300] {python.py:237} INFO - Done. Returned value was: None
[2024-07-25T15:40:08.195-0300] {taskinstance.py:441} INFO - ::group::Post task execution logs
[2024-07-25T15:40:08.197-0300] {taskinstance.py:1206} INFO - Marking task as SUCCESS. dag_id=Binance_5m, task_id=get_5m_info, run_id=scheduled__2024-07-25T18:35:00+00:00, execution_date=20240725T183500, start_date=20240725T184002, end_date=20240725T184008
[2024-07-25T15:40:08.214-0300] {local_task_job_runner.py:243} INFO - Task exited with return code 0
[2024-07-25T15:40:08.219-0300] {taskinstance.py:3503} INFO - 0 downstream tasks scheduled from follow-on schedule check
[2024-07-25T15:40:08.219-0300] {local_task_job_runner.py:222} INFO - ::endgroup::
[2024-07-25T16:24:33.721-0300] {local_task_job_runner.py:120} INFO - ::group::Pre task execution logs
[2024-07-25T16:24:33.729-0300] {taskinstance.py:2076} INFO - Dependencies all met for dep_context=non-requeueable deps ti=<TaskInstance: Binance_5m.get_5m_info scheduled__2024-07-25T18:35:00+00:00 [queued]>
[2024-07-25T16:24:33.732-0300] {taskinstance.py:2076} INFO - Dependencies all met for dep_context=requeueable deps ti=<TaskInstance: Binance_5m.get_5m_info scheduled__2024-07-25T18:35:00+00:00 [queued]>
[2024-07-25T16:24:33.733-0300] {taskinstance.py:2306} INFO - Starting attempt 1 of 1
[2024-07-25T16:24:33.751-0300] {taskinstance.py:2330} INFO - Executing <Task(PythonOperator): get_5m_info> on 2024-07-25 18:35:00+00:00
[2024-07-25T16:24:33.754-0300] {standard_task_runner.py:64} INFO - Started process 2667589 to run task
[2024-07-25T16:24:33.756-0300] {standard_task_runner.py:90} INFO - Running: ['airflow', 'tasks', 'run', 'Binance_5m', 'get_5m_info', 'scheduled__2024-07-25T18:35:00+00:00', '--job-id', '2407', '--raw', '--subdir', 'DAGS_FOLDER/binance_dag.py', '--cfg-path', '/tmp/tmp8v252g3h']
[2024-07-25T16:24:33.757-0300] {standard_task_runner.py:91} INFO - Job 2407: Subtask get_5m_info
[2024-07-25T16:24:33.791-0300] {task_command.py:426} INFO - Running <TaskInstance: Binance_5m.get_5m_info scheduled__2024-07-25T18:35:00+00:00 [running]> on host Galaxybook.
[2024-07-25T16:24:33.853-0300] {taskinstance.py:2648} INFO - Exporting env vars: AIRFLOW_CTX_DAG_OWNER='airflow' AIRFLOW_CTX_DAG_ID='Binance_5m' AIRFLOW_CTX_TASK_ID='get_5m_info' AIRFLOW_CTX_EXECUTION_DATE='2024-07-25T18:35:00+00:00' AIRFLOW_CTX_TRY_NUMBER='1' AIRFLOW_CTX_DAG_RUN_ID='scheduled__2024-07-25T18:35:00+00:00'
[2024-07-25T16:24:33.854-0300] {taskinstance.py:430} INFO - ::endgroup::
[2024-07-25T16:24:33.864-0300] {binance_dag.py:22} INFO - End Time: 2024-07-25 18:40:00+00:00
[2024-07-25T16:24:33.864-0300] {binance_dag.py:23} INFO - Start Time: 2024-07-25 18:35:00+00:00
[2024-07-25T16:24:33.865-0300] {binance_dag.py:24} INFO - Start timestamp: 1721932500000
[2024-07-25T16:24:33.865-0300] {binance_dag.py:25} INFO - End timestamp: 1721932800000
[2024-07-25T16:24:33.948-0300] {base.py:84} INFO - Using connection ID 'binance_default' for task execution.
[2024-07-25T16:24:33.949-0300] {logging_mixin.py:188} INFO - https://api.binance.com
[2024-07-25T16:24:33.949-0300] {binance_hook.py:35} INFO - URL: https://api.binance.com/api/v3/klines?symbol=BTCBRL&interval=5m&startTime=1721932500000&endTime=1721932799999&timeZone=-3
[2024-07-25T16:24:34.345-0300] {python.py:237} INFO - Done. Returned value was: None
[2024-07-25T16:24:34.345-0300] {taskinstance.py:441} INFO - ::group::Post task execution logs
[2024-07-25T16:24:34.348-0300] {taskinstance.py:1206} INFO - Marking task as SUCCESS. dag_id=Binance_5m, task_id=get_5m_info, run_id=scheduled__2024-07-25T18:35:00+00:00, execution_date=20240725T183500, start_date=20240725T192433, end_date=20240725T192434
[2024-07-25T16:24:34.377-0300] {local_task_job_runner.py:243} INFO - Task exited with return code 0
[2024-07-25T16:24:34.384-0300] {taskinstance.py:3503} INFO - 0 downstream tasks scheduled from follow-on schedule check
[2024-07-25T16:24:34.384-0300] {local_task_job_runner.py:222} INFO - ::endgroup::
