[2024-07-25T14:50:16.467-0300] {local_task_job_runner.py:120} INFO - ::group::Pre task execution logs
[2024-07-25T14:50:16.472-0300] {taskinstance.py:2076} INFO - Dependencies all met for dep_context=non-requeueable deps ti=<TaskInstance: Binance_5m.get_5m_info scheduled__2024-07-25T07:35:00+00:00 [queued]>
[2024-07-25T14:50:16.476-0300] {taskinstance.py:2076} INFO - Dependencies all met for dep_context=requeueable deps ti=<TaskInstance: Binance_5m.get_5m_info scheduled__2024-07-25T07:35:00+00:00 [queued]>
[2024-07-25T14:50:16.476-0300] {taskinstance.py:2306} INFO - Starting attempt 1 of 1
[2024-07-25T14:50:16.489-0300] {taskinstance.py:2330} INFO - Executing <Task(PythonOperator): get_5m_info> on 2024-07-25 07:35:00+00:00
[2024-07-25T14:50:16.491-0300] {standard_task_runner.py:64} INFO - Started process 2609658 to run task
[2024-07-25T14:50:16.493-0300] {standard_task_runner.py:90} INFO - Running: ['airflow', 'tasks', 'run', 'Binance_5m', 'get_5m_info', 'scheduled__2024-07-25T07:35:00+00:00', '--job-id', '2183', '--raw', '--subdir', 'DAGS_FOLDER/binance_dag.py', '--cfg-path', '/tmp/tmpcj6gel70']
[2024-07-25T14:50:16.494-0300] {standard_task_runner.py:91} INFO - Job 2183: Subtask get_5m_info
[2024-07-25T14:50:16.519-0300] {task_command.py:426} INFO - Running <TaskInstance: Binance_5m.get_5m_info scheduled__2024-07-25T07:35:00+00:00 [running]> on host Galaxybook.
[2024-07-25T14:50:16.577-0300] {taskinstance.py:2648} INFO - Exporting env vars: AIRFLOW_CTX_DAG_OWNER='airflow' AIRFLOW_CTX_DAG_ID='Binance_5m' AIRFLOW_CTX_TASK_ID='get_5m_info' AIRFLOW_CTX_EXECUTION_DATE='2024-07-25T07:35:00+00:00' AIRFLOW_CTX_TRY_NUMBER='1' AIRFLOW_CTX_DAG_RUN_ID='scheduled__2024-07-25T07:35:00+00:00'
[2024-07-25T14:50:16.577-0300] {taskinstance.py:430} INFO - ::endgroup::
[2024-07-25T14:50:16.586-0300] {binance_dag.py:23} INFO - End Time: 2024-07-25T07:40:00.00Z
[2024-07-25T14:50:16.587-0300] {binance_dag.py:24} INFO - Start Time: 2024-07-25T07:35:00.00Z
[2024-07-25T14:50:16.646-0300] {base.py:84} INFO - Using connection ID 'binance_default' for task execution.
[2024-07-25T14:50:16.646-0300] {logging_mixin.py:188} INFO - https://api.binance.com
[2024-07-25T14:50:16.647-0300] {binance_hook.py:35} INFO - URL: https://api.binance.com/api/v3/klines?symbol=BTCBRL&interval=5m&startTime=1721903700000&endTime=1721903999999
[2024-07-25T14:50:17.032-0300] {binance_dag.py:43} INFO - r: [[1721903700000, '365182.00000000', '365446.00000000', '365101.00000000', '365342.00000000', '0.19015000', 1721903999999, '69461.12893000', 60, '0.08951000', '32704.19887000', '0']]
[2024-07-25T14:50:17.033-0300] {python.py:237} INFO - Done. Returned value was: None
[2024-07-25T14:50:17.034-0300] {taskinstance.py:441} INFO - ::group::Post task execution logs
[2024-07-25T14:50:17.037-0300] {taskinstance.py:1206} INFO - Marking task as SUCCESS. dag_id=Binance_5m, task_id=get_5m_info, run_id=scheduled__2024-07-25T07:35:00+00:00, execution_date=20240725T073500, start_date=20240725T175016, end_date=20240725T175017
[2024-07-25T14:50:17.078-0300] {local_task_job_runner.py:243} INFO - Task exited with return code 0
[2024-07-25T14:50:17.087-0300] {taskinstance.py:3503} INFO - 0 downstream tasks scheduled from follow-on schedule check
[2024-07-25T14:50:17.087-0300] {local_task_job_runner.py:222} INFO - ::endgroup::
[2024-07-25T15:20:19.256-0300] {local_task_job_runner.py:120} INFO - ::group::Pre task execution logs
[2024-07-25T15:20:19.261-0300] {taskinstance.py:2076} INFO - Dependencies all met for dep_context=non-requeueable deps ti=<TaskInstance: Binance_5m.get_5m_info scheduled__2024-07-25T07:35:00+00:00 [queued]>
[2024-07-25T15:20:19.265-0300] {taskinstance.py:2076} INFO - Dependencies all met for dep_context=requeueable deps ti=<TaskInstance: Binance_5m.get_5m_info scheduled__2024-07-25T07:35:00+00:00 [queued]>
[2024-07-25T15:20:19.265-0300] {taskinstance.py:2306} INFO - Starting attempt 1 of 1
[2024-07-25T15:20:19.278-0300] {taskinstance.py:2330} INFO - Executing <Task(PythonOperator): get_5m_info> on 2024-07-25 07:35:00+00:00
[2024-07-25T15:20:19.279-0300] {standard_task_runner.py:64} INFO - Started process 2632047 to run task
[2024-07-25T15:20:19.281-0300] {standard_task_runner.py:90} INFO - Running: ['airflow', 'tasks', 'run', 'Binance_5m', 'get_5m_info', 'scheduled__2024-07-25T07:35:00+00:00', '--job-id', '2626', '--raw', '--subdir', 'DAGS_FOLDER/binance_dag.py', '--cfg-path', '/tmp/tmpikcwnshw']
[2024-07-25T15:20:19.282-0300] {standard_task_runner.py:91} INFO - Job 2626: Subtask get_5m_info
[2024-07-25T15:20:19.309-0300] {task_command.py:426} INFO - Running <TaskInstance: Binance_5m.get_5m_info scheduled__2024-07-25T07:35:00+00:00 [running]> on host Galaxybook.
[2024-07-25T15:20:19.365-0300] {taskinstance.py:2648} INFO - Exporting env vars: AIRFLOW_CTX_DAG_OWNER='airflow' AIRFLOW_CTX_DAG_ID='Binance_5m' AIRFLOW_CTX_TASK_ID='get_5m_info' AIRFLOW_CTX_EXECUTION_DATE='2024-07-25T07:35:00+00:00' AIRFLOW_CTX_TRY_NUMBER='1' AIRFLOW_CTX_DAG_RUN_ID='scheduled__2024-07-25T07:35:00+00:00'
[2024-07-25T15:20:19.365-0300] {taskinstance.py:430} INFO - ::endgroup::
[2024-07-25T15:20:19.373-0300] {binance_dag.py:23} INFO - End Time: 2024-07-25T07:40:00.00Z
[2024-07-25T15:20:19.373-0300] {binance_dag.py:24} INFO - Start Time: 2024-07-25T07:35:00.00Z
[2024-07-25T15:20:19.433-0300] {binance_dag.py:25} INFO - 1721903700000
[2024-07-25T15:20:19.436-0300] {base.py:84} INFO - Using connection ID 'binance_default' for task execution.
[2024-07-25T15:20:19.436-0300] {logging_mixin.py:188} INFO - https://api.binance.com
[2024-07-25T15:20:19.437-0300] {binance_hook.py:35} INFO - URL: https://api.binance.com/api/v3/klines?symbol=BTCBRL&interval=5m&startTime=1721903700000&endTime=1721903999999
[2024-07-25T15:20:19.842-0300] {python.py:237} INFO - Done. Returned value was: None
[2024-07-25T15:20:19.842-0300] {taskinstance.py:441} INFO - ::group::Post task execution logs
[2024-07-25T15:20:19.845-0300] {taskinstance.py:1206} INFO - Marking task as SUCCESS. dag_id=Binance_5m, task_id=get_5m_info, run_id=scheduled__2024-07-25T07:35:00+00:00, execution_date=20240725T073500, start_date=20240725T182019, end_date=20240725T182019
[2024-07-25T15:20:19.864-0300] {local_task_job_runner.py:243} INFO - Task exited with return code 0
[2024-07-25T15:20:19.870-0300] {taskinstance.py:3503} INFO - 0 downstream tasks scheduled from follow-on schedule check
[2024-07-25T15:20:19.871-0300] {local_task_job_runner.py:222} INFO - ::endgroup::
[2024-07-25T16:16:53.548-0300] {local_task_job_runner.py:120} INFO - ::group::Pre task execution logs
[2024-07-25T16:16:53.553-0300] {taskinstance.py:2076} INFO - Dependencies all met for dep_context=non-requeueable deps ti=<TaskInstance: Binance_5m.get_5m_info scheduled__2024-07-25T07:35:00+00:00 [queued]>
[2024-07-25T16:16:53.557-0300] {taskinstance.py:2076} INFO - Dependencies all met for dep_context=requeueable deps ti=<TaskInstance: Binance_5m.get_5m_info scheduled__2024-07-25T07:35:00+00:00 [queued]>
[2024-07-25T16:16:53.557-0300] {taskinstance.py:2306} INFO - Starting attempt 1 of 1
[2024-07-25T16:16:53.570-0300] {taskinstance.py:2330} INFO - Executing <Task(PythonOperator): get_5m_info> on 2024-07-25 07:35:00+00:00
[2024-07-25T16:16:53.572-0300] {standard_task_runner.py:64} INFO - Started process 2659849 to run task
[2024-07-25T16:16:53.573-0300] {standard_task_runner.py:90} INFO - Running: ['airflow', 'tasks', 'run', 'Binance_5m', 'get_5m_info', 'scheduled__2024-07-25T07:35:00+00:00', '--job-id', '2186', '--raw', '--subdir', 'DAGS_FOLDER/binance_dag.py', '--cfg-path', '/tmp/tmp_brxuow0']
[2024-07-25T16:16:53.574-0300] {standard_task_runner.py:91} INFO - Job 2186: Subtask get_5m_info
[2024-07-25T16:16:53.602-0300] {task_command.py:426} INFO - Running <TaskInstance: Binance_5m.get_5m_info scheduled__2024-07-25T07:35:00+00:00 [running]> on host Galaxybook.
[2024-07-25T16:16:53.657-0300] {taskinstance.py:2648} INFO - Exporting env vars: AIRFLOW_CTX_DAG_OWNER='airflow' AIRFLOW_CTX_DAG_ID='Binance_5m' AIRFLOW_CTX_TASK_ID='get_5m_info' AIRFLOW_CTX_EXECUTION_DATE='2024-07-25T07:35:00+00:00' AIRFLOW_CTX_TRY_NUMBER='1' AIRFLOW_CTX_DAG_RUN_ID='scheduled__2024-07-25T07:35:00+00:00'
[2024-07-25T16:16:53.657-0300] {taskinstance.py:430} INFO - ::endgroup::
[2024-07-25T16:16:53.666-0300] {binance_dag.py:22} INFO - End Time: 2024-07-25 07:40:00+00:00
[2024-07-25T16:16:53.666-0300] {binance_dag.py:23} INFO - Start Time: 2024-07-25 07:35:00+00:00
[2024-07-25T16:16:53.666-0300] {binance_dag.py:24} INFO - Start timestamp: 1721892900000
[2024-07-25T16:16:53.666-0300] {binance_dag.py:25} INFO - End timestamp: 1721893200000
[2024-07-25T16:16:53.729-0300] {base.py:84} INFO - Using connection ID 'binance_default' for task execution.
[2024-07-25T16:16:53.729-0300] {logging_mixin.py:188} INFO - https://api.binance.com
[2024-07-25T16:16:53.730-0300] {binance_hook.py:35} INFO - URL: https://api.binance.com/api/v3/klines?symbol=BTCBRL&interval=5m&startTime=1721892900000&endTime=1721893199999&timeZone=-3
[2024-07-25T16:16:54.129-0300] {python.py:237} INFO - Done. Returned value was: None
[2024-07-25T16:16:54.130-0300] {taskinstance.py:441} INFO - ::group::Post task execution logs
[2024-07-25T16:16:54.133-0300] {taskinstance.py:1206} INFO - Marking task as SUCCESS. dag_id=Binance_5m, task_id=get_5m_info, run_id=scheduled__2024-07-25T07:35:00+00:00, execution_date=20240725T073500, start_date=20240725T191653, end_date=20240725T191654
[2024-07-25T16:16:54.158-0300] {local_task_job_runner.py:243} INFO - Task exited with return code 0
[2024-07-25T16:16:54.165-0300] {taskinstance.py:3503} INFO - 0 downstream tasks scheduled from follow-on schedule check
[2024-07-25T16:16:54.165-0300] {local_task_job_runner.py:222} INFO - ::endgroup::
