[2024-07-25T14:55:24.532-0300] {local_task_job_runner.py:120} INFO - ::group::Pre task execution logs
[2024-07-25T14:55:24.537-0300] {taskinstance.py:2076} INFO - Dependencies all met for dep_context=non-requeueable deps ti=<TaskInstance: Binance_5m.get_5m_info scheduled__2024-07-25T17:35:00+00:00 [queued]>
[2024-07-25T14:55:24.540-0300] {taskinstance.py:2076} INFO - Dependencies all met for dep_context=requeueable deps ti=<TaskInstance: Binance_5m.get_5m_info scheduled__2024-07-25T17:35:00+00:00 [queued]>
[2024-07-25T14:55:24.540-0300] {taskinstance.py:2306} INFO - Starting attempt 1 of 1
[2024-07-25T14:55:24.553-0300] {taskinstance.py:2330} INFO - Executing <Task(PythonOperator): get_5m_info> on 2024-07-25 17:35:00+00:00
[2024-07-25T14:55:24.556-0300] {standard_task_runner.py:64} INFO - Started process 2614836 to run task
[2024-07-25T14:55:24.558-0300] {standard_task_runner.py:90} INFO - Running: ['airflow', 'tasks', 'run', 'Binance_5m', 'get_5m_info', 'scheduled__2024-07-25T17:35:00+00:00', '--job-id', '2324', '--raw', '--subdir', 'DAGS_FOLDER/binance_dag.py', '--cfg-path', '/tmp/tmpijvmbude']
[2024-07-25T14:55:24.559-0300] {standard_task_runner.py:91} INFO - Job 2324: Subtask get_5m_info
[2024-07-25T14:55:24.586-0300] {task_command.py:426} INFO - Running <TaskInstance: Binance_5m.get_5m_info scheduled__2024-07-25T17:35:00+00:00 [running]> on host Galaxybook.
[2024-07-25T14:55:24.650-0300] {taskinstance.py:2648} INFO - Exporting env vars: AIRFLOW_CTX_DAG_OWNER='airflow' AIRFLOW_CTX_DAG_ID='Binance_5m' AIRFLOW_CTX_TASK_ID='get_5m_info' AIRFLOW_CTX_EXECUTION_DATE='2024-07-25T17:35:00+00:00' AIRFLOW_CTX_TRY_NUMBER='1' AIRFLOW_CTX_DAG_RUN_ID='scheduled__2024-07-25T17:35:00+00:00'
[2024-07-25T14:55:24.650-0300] {taskinstance.py:430} INFO - ::endgroup::
[2024-07-25T14:55:24.661-0300] {binance_dag.py:23} INFO - End Time: 2024-07-25T17:40:00.00Z
[2024-07-25T14:55:24.661-0300] {binance_dag.py:24} INFO - Start Time: 2024-07-25T17:35:00.00Z
[2024-07-25T14:55:24.744-0300] {base.py:84} INFO - Using connection ID 'binance_default' for task execution.
[2024-07-25T14:55:24.744-0300] {logging_mixin.py:188} INFO - https://api.binance.com
[2024-07-25T14:55:24.745-0300] {binance_hook.py:35} INFO - URL: https://api.binance.com/api/v3/klines?symbol=BTCBRL&interval=5m&startTime=1721939700000&endTime=1721939999999
[2024-07-25T14:55:25.135-0300] {binance_dag.py:43} INFO - r: []
[2024-07-25T14:55:25.137-0300] {python.py:237} INFO - Done. Returned value was: None
[2024-07-25T14:55:25.138-0300] {taskinstance.py:441} INFO - ::group::Post task execution logs
[2024-07-25T14:55:25.140-0300] {taskinstance.py:1206} INFO - Marking task as SUCCESS. dag_id=Binance_5m, task_id=get_5m_info, run_id=scheduled__2024-07-25T17:35:00+00:00, execution_date=20240725T173500, start_date=20240725T175524, end_date=20240725T175525
[2024-07-25T14:55:25.188-0300] {local_task_job_runner.py:243} INFO - Task exited with return code 0
[2024-07-25T14:55:25.197-0300] {taskinstance.py:3503} INFO - 0 downstream tasks scheduled from follow-on schedule check
[2024-07-25T14:55:25.197-0300] {local_task_job_runner.py:222} INFO - ::endgroup::
[2024-07-25T15:24:43.206-0300] {local_task_job_runner.py:120} INFO - ::group::Pre task execution logs
[2024-07-25T15:24:43.213-0300] {taskinstance.py:2076} INFO - Dependencies all met for dep_context=non-requeueable deps ti=<TaskInstance: Binance_5m.get_5m_info scheduled__2024-07-25T17:35:00+00:00 [queued]>
[2024-07-25T15:24:43.216-0300] {taskinstance.py:2076} INFO - Dependencies all met for dep_context=requeueable deps ti=<TaskInstance: Binance_5m.get_5m_info scheduled__2024-07-25T17:35:00+00:00 [queued]>
[2024-07-25T15:24:43.216-0300] {taskinstance.py:2306} INFO - Starting attempt 1 of 1
[2024-07-25T15:24:43.231-0300] {taskinstance.py:2330} INFO - Executing <Task(PythonOperator): get_5m_info> on 2024-07-25 17:35:00+00:00
[2024-07-25T15:24:43.233-0300] {standard_task_runner.py:64} INFO - Started process 2636424 to run task
[2024-07-25T15:24:43.235-0300] {standard_task_runner.py:90} INFO - Running: ['airflow', 'tasks', 'run', 'Binance_5m', 'get_5m_info', 'scheduled__2024-07-25T17:35:00+00:00', '--job-id', '2746', '--raw', '--subdir', 'DAGS_FOLDER/binance_dag.py', '--cfg-path', '/tmp/tmpjk6js2h1']
[2024-07-25T15:24:43.236-0300] {standard_task_runner.py:91} INFO - Job 2746: Subtask get_5m_info
[2024-07-25T15:24:43.261-0300] {task_command.py:426} INFO - Running <TaskInstance: Binance_5m.get_5m_info scheduled__2024-07-25T17:35:00+00:00 [running]> on host Galaxybook.
[2024-07-25T15:24:43.314-0300] {taskinstance.py:2648} INFO - Exporting env vars: AIRFLOW_CTX_DAG_OWNER='airflow' AIRFLOW_CTX_DAG_ID='Binance_5m' AIRFLOW_CTX_TASK_ID='get_5m_info' AIRFLOW_CTX_EXECUTION_DATE='2024-07-25T17:35:00+00:00' AIRFLOW_CTX_TRY_NUMBER='1' AIRFLOW_CTX_DAG_RUN_ID='scheduled__2024-07-25T17:35:00+00:00'
[2024-07-25T15:24:43.315-0300] {taskinstance.py:430} INFO - ::endgroup::
[2024-07-25T15:24:43.323-0300] {binance_dag.py:23} INFO - End Time: 2024-07-25T17:40:00.00Z
[2024-07-25T15:24:43.323-0300] {binance_dag.py:24} INFO - Start Time: 2024-07-25T17:35:00.00Z
[2024-07-25T15:24:43.376-0300] {binance_dag.py:25} INFO - 1721939700000
[2024-07-25T15:24:43.379-0300] {base.py:84} INFO - Using connection ID 'binance_default' for task execution.
[2024-07-25T15:24:43.379-0300] {logging_mixin.py:188} INFO - https://api.binance.com
[2024-07-25T15:24:43.379-0300] {binance_hook.py:35} INFO - URL: https://api.binance.com/api/v3/klines?symbol=BTCBRL&interval=5m&startTime=1721939700000&endTime=1721939999999
[2024-07-25T15:24:43.796-0300] {python.py:237} INFO - Done. Returned value was: None
[2024-07-25T15:24:43.796-0300] {taskinstance.py:441} INFO - ::group::Post task execution logs
[2024-07-25T15:24:43.799-0300] {taskinstance.py:1206} INFO - Marking task as SUCCESS. dag_id=Binance_5m, task_id=get_5m_info, run_id=scheduled__2024-07-25T17:35:00+00:00, execution_date=20240725T173500, start_date=20240725T182443, end_date=20240725T182443
[2024-07-25T15:24:43.815-0300] {local_task_job_runner.py:243} INFO - Task exited with return code 0
[2024-07-25T15:24:43.821-0300] {taskinstance.py:3503} INFO - 0 downstream tasks scheduled from follow-on schedule check
[2024-07-25T15:24:43.821-0300] {local_task_job_runner.py:222} INFO - ::endgroup::
[2024-07-25T16:23:57.689-0300] {local_task_job_runner.py:120} INFO - ::group::Pre task execution logs
[2024-07-25T16:23:57.698-0300] {taskinstance.py:2076} INFO - Dependencies all met for dep_context=non-requeueable deps ti=<TaskInstance: Binance_5m.get_5m_info scheduled__2024-07-25T17:35:00+00:00 [queued]>
[2024-07-25T16:23:57.705-0300] {taskinstance.py:2076} INFO - Dependencies all met for dep_context=requeueable deps ti=<TaskInstance: Binance_5m.get_5m_info scheduled__2024-07-25T17:35:00+00:00 [queued]>
[2024-07-25T16:23:57.705-0300] {taskinstance.py:2306} INFO - Starting attempt 1 of 1
[2024-07-25T16:23:57.724-0300] {taskinstance.py:2330} INFO - Executing <Task(PythonOperator): get_5m_info> on 2024-07-25 17:35:00+00:00
[2024-07-25T16:23:57.727-0300] {standard_task_runner.py:64} INFO - Started process 2666996 to run task
[2024-07-25T16:23:57.730-0300] {standard_task_runner.py:90} INFO - Running: ['airflow', 'tasks', 'run', 'Binance_5m', 'get_5m_info', 'scheduled__2024-07-25T17:35:00+00:00', '--job-id', '2394', '--raw', '--subdir', 'DAGS_FOLDER/binance_dag.py', '--cfg-path', '/tmp/tmpxxrqkuci']
[2024-07-25T16:23:57.732-0300] {standard_task_runner.py:91} INFO - Job 2394: Subtask get_5m_info
[2024-07-25T16:23:57.766-0300] {task_command.py:426} INFO - Running <TaskInstance: Binance_5m.get_5m_info scheduled__2024-07-25T17:35:00+00:00 [running]> on host Galaxybook.
[2024-07-25T16:23:57.828-0300] {taskinstance.py:2648} INFO - Exporting env vars: AIRFLOW_CTX_DAG_OWNER='airflow' AIRFLOW_CTX_DAG_ID='Binance_5m' AIRFLOW_CTX_TASK_ID='get_5m_info' AIRFLOW_CTX_EXECUTION_DATE='2024-07-25T17:35:00+00:00' AIRFLOW_CTX_TRY_NUMBER='1' AIRFLOW_CTX_DAG_RUN_ID='scheduled__2024-07-25T17:35:00+00:00'
[2024-07-25T16:23:57.829-0300] {taskinstance.py:430} INFO - ::endgroup::
[2024-07-25T16:23:57.838-0300] {binance_dag.py:22} INFO - End Time: 2024-07-25 17:40:00+00:00
[2024-07-25T16:23:57.838-0300] {binance_dag.py:23} INFO - Start Time: 2024-07-25 17:35:00+00:00
[2024-07-25T16:23:57.838-0300] {binance_dag.py:24} INFO - Start timestamp: 1721928900000
[2024-07-25T16:23:57.839-0300] {binance_dag.py:25} INFO - End timestamp: 1721929200000
[2024-07-25T16:23:57.916-0300] {base.py:84} INFO - Using connection ID 'binance_default' for task execution.
[2024-07-25T16:23:57.917-0300] {logging_mixin.py:188} INFO - https://api.binance.com
[2024-07-25T16:23:57.917-0300] {binance_hook.py:35} INFO - URL: https://api.binance.com/api/v3/klines?symbol=BTCBRL&interval=5m&startTime=1721928900000&endTime=1721929199999&timeZone=-3
[2024-07-25T16:23:58.314-0300] {python.py:237} INFO - Done. Returned value was: None
[2024-07-25T16:23:58.314-0300] {taskinstance.py:441} INFO - ::group::Post task execution logs
[2024-07-25T16:23:58.317-0300] {taskinstance.py:1206} INFO - Marking task as SUCCESS. dag_id=Binance_5m, task_id=get_5m_info, run_id=scheduled__2024-07-25T17:35:00+00:00, execution_date=20240725T173500, start_date=20240725T192357, end_date=20240725T192358
[2024-07-25T16:23:58.349-0300] {local_task_job_runner.py:243} INFO - Task exited with return code 0
[2024-07-25T16:23:58.356-0300] {taskinstance.py:3503} INFO - 0 downstream tasks scheduled from follow-on schedule check
[2024-07-25T16:23:58.357-0300] {local_task_job_runner.py:222} INFO - ::endgroup::
