[2024-07-25T14:55:40.144-0300] {local_task_job_runner.py:120} INFO - ::group::Pre task execution logs
[2024-07-25T14:55:40.150-0300] {taskinstance.py:2076} INFO - Dependencies all met for dep_context=non-requeueable deps ti=<TaskInstance: Mercado_5m.get_5m_info scheduled__2024-07-25T01:45:00+00:00 [queued]>
[2024-07-25T14:55:40.153-0300] {taskinstance.py:2076} INFO - Dependencies all met for dep_context=requeueable deps ti=<TaskInstance: Mercado_5m.get_5m_info scheduled__2024-07-25T01:45:00+00:00 [queued]>
[2024-07-25T14:55:40.154-0300] {taskinstance.py:2306} INFO - Starting attempt 1 of 1
[2024-07-25T14:55:40.168-0300] {taskinstance.py:2330} INFO - Executing <Task(PythonOperator): get_5m_info> on 2024-07-25 01:45:00+00:00
[2024-07-25T14:55:40.170-0300] {standard_task_runner.py:64} INFO - Started process 2615111 to run task
[2024-07-25T14:55:40.173-0300] {standard_task_runner.py:90} INFO - Running: ['airflow', 'tasks', 'run', 'Mercado_5m', 'get_5m_info', 'scheduled__2024-07-25T01:45:00+00:00', '--job-id', '2332', '--raw', '--subdir', 'DAGS_FOLDER/mercado_dag.py', '--cfg-path', '/tmp/tmpfl6t9rpm']
[2024-07-25T14:55:40.174-0300] {standard_task_runner.py:91} INFO - Job 2332: Subtask get_5m_info
[2024-07-25T14:55:40.204-0300] {task_command.py:426} INFO - Running <TaskInstance: Mercado_5m.get_5m_info scheduled__2024-07-25T01:45:00+00:00 [running]> on host Galaxybook.
[2024-07-25T14:55:40.255-0300] {taskinstance.py:2648} INFO - Exporting env vars: AIRFLOW_CTX_DAG_OWNER='airflow' AIRFLOW_CTX_DAG_ID='Mercado_5m' AIRFLOW_CTX_TASK_ID='get_5m_info' AIRFLOW_CTX_EXECUTION_DATE='2024-07-25T01:45:00+00:00' AIRFLOW_CTX_TRY_NUMBER='1' AIRFLOW_CTX_DAG_RUN_ID='scheduled__2024-07-25T01:45:00+00:00'
[2024-07-25T14:55:40.255-0300] {taskinstance.py:430} INFO - ::endgroup::
[2024-07-25T14:55:40.339-0300] {base.py:84} INFO - Using connection ID 'mercado_default' for task execution.
[2024-07-25T14:55:40.340-0300] {mercado_hook.py:31} INFO - URL: https://api.mercadobitcoin.net/api/v4/candles?symbol=BTC-BRL&resolution=5m&to=1721883000&from=1721882700
[2024-07-25T14:55:40.624-0300] {python.py:237} INFO - Done. Returned value was: None
[2024-07-25T14:55:40.624-0300] {taskinstance.py:441} INFO - ::group::Post task execution logs
[2024-07-25T14:55:40.627-0300] {taskinstance.py:1206} INFO - Marking task as SUCCESS. dag_id=Mercado_5m, task_id=get_5m_info, run_id=scheduled__2024-07-25T01:45:00+00:00, execution_date=20240725T014500, start_date=20240725T175540, end_date=20240725T175540
[2024-07-25T14:55:40.669-0300] {local_task_job_runner.py:243} INFO - Task exited with return code 0
[2024-07-25T14:55:40.675-0300] {taskinstance.py:3503} INFO - 0 downstream tasks scheduled from follow-on schedule check
[2024-07-25T14:55:40.676-0300] {local_task_job_runner.py:222} INFO - ::endgroup::
[2024-07-25T16:19:12.670-0300] {local_task_job_runner.py:120} INFO - ::group::Pre task execution logs
[2024-07-25T16:19:12.678-0300] {taskinstance.py:2076} INFO - Dependencies all met for dep_context=non-requeueable deps ti=<TaskInstance: Mercado_5m.get_5m_info scheduled__2024-07-25T01:45:00+00:00 [queued]>
[2024-07-25T16:19:12.682-0300] {taskinstance.py:2076} INFO - Dependencies all met for dep_context=requeueable deps ti=<TaskInstance: Mercado_5m.get_5m_info scheduled__2024-07-25T01:45:00+00:00 [queued]>
[2024-07-25T16:19:12.682-0300] {taskinstance.py:2306} INFO - Starting attempt 1 of 1
[2024-07-25T16:19:12.701-0300] {taskinstance.py:2330} INFO - Executing <Task(PythonOperator): get_5m_info> on 2024-07-25 01:45:00+00:00
[2024-07-25T16:19:12.704-0300] {standard_task_runner.py:64} INFO - Started process 2662173 to run task
[2024-07-25T16:19:12.707-0300] {standard_task_runner.py:90} INFO - Running: ['airflow', 'tasks', 'run', 'Mercado_5m', 'get_5m_info', 'scheduled__2024-07-25T01:45:00+00:00', '--job-id', '2251', '--raw', '--subdir', 'DAGS_FOLDER/mercado_dag.py', '--cfg-path', '/tmp/tmp18v9s4wu']
[2024-07-25T16:19:12.708-0300] {standard_task_runner.py:91} INFO - Job 2251: Subtask get_5m_info
[2024-07-25T16:19:12.739-0300] {task_command.py:426} INFO - Running <TaskInstance: Mercado_5m.get_5m_info scheduled__2024-07-25T01:45:00+00:00 [running]> on host Galaxybook.
[2024-07-25T16:19:12.799-0300] {taskinstance.py:2648} INFO - Exporting env vars: AIRFLOW_CTX_DAG_OWNER='airflow' AIRFLOW_CTX_DAG_ID='Mercado_5m' AIRFLOW_CTX_TASK_ID='get_5m_info' AIRFLOW_CTX_EXECUTION_DATE='2024-07-25T01:45:00+00:00' AIRFLOW_CTX_TRY_NUMBER='1' AIRFLOW_CTX_DAG_RUN_ID='scheduled__2024-07-25T01:45:00+00:00'
[2024-07-25T16:19:12.800-0300] {taskinstance.py:430} INFO - ::endgroup::
[2024-07-25T16:19:12.808-0300] {mercado_dag.py:22} INFO - To: 2024-07-25 01:50:00+00:00
[2024-07-25T16:19:12.809-0300] {mercado_dag.py:23} INFO - From: 2024-07-25 01:45:00+00:00
[2024-07-25T16:19:12.809-0300] {mercado_dag.py:24} INFO - To timestamp: 1721872200 
[2024-07-25T16:19:12.809-0300] {mercado_dag.py:25} INFO - From timestamp: 1721871900 
[2024-07-25T16:19:12.899-0300] {base.py:84} INFO - Using connection ID 'mercado_default' for task execution.
[2024-07-25T16:19:12.900-0300] {mercado_hook.py:31} INFO - URL: https://api.mercadobitcoin.net/api/v4/candles?symbol=BTC-BRL&resolution=5m&to=1721872200&from=1721871900
[2024-07-25T16:19:13.174-0300] {python.py:237} INFO - Done. Returned value was: None
[2024-07-25T16:19:13.175-0300] {taskinstance.py:441} INFO - ::group::Post task execution logs
[2024-07-25T16:19:13.179-0300] {taskinstance.py:1206} INFO - Marking task as SUCCESS. dag_id=Mercado_5m, task_id=get_5m_info, run_id=scheduled__2024-07-25T01:45:00+00:00, execution_date=20240725T014500, start_date=20240725T191912, end_date=20240725T191913
[2024-07-25T16:19:13.205-0300] {local_task_job_runner.py:243} INFO - Task exited with return code 0
[2024-07-25T16:19:13.214-0300] {taskinstance.py:3503} INFO - 0 downstream tasks scheduled from follow-on schedule check
[2024-07-25T16:19:13.215-0300] {local_task_job_runner.py:222} INFO - ::endgroup::
[2024-07-25T16:23:22.416-0300] {local_task_job_runner.py:120} INFO - ::group::Pre task execution logs
[2024-07-25T16:23:22.425-0300] {taskinstance.py:2076} INFO - Dependencies all met for dep_context=non-requeueable deps ti=<TaskInstance: Mercado_5m.get_5m_info scheduled__2024-07-25T01:45:00+00:00 [queued]>
[2024-07-25T16:23:22.431-0300] {taskinstance.py:2076} INFO - Dependencies all met for dep_context=requeueable deps ti=<TaskInstance: Mercado_5m.get_5m_info scheduled__2024-07-25T01:45:00+00:00 [queued]>
[2024-07-25T16:23:22.431-0300] {taskinstance.py:2306} INFO - Starting attempt 1 of 1
[2024-07-25T16:23:22.449-0300] {taskinstance.py:2330} INFO - Executing <Task(PythonOperator): get_5m_info> on 2024-07-25 01:45:00+00:00
[2024-07-25T16:23:22.452-0300] {standard_task_runner.py:64} INFO - Started process 2666414 to run task
[2024-07-25T16:23:22.455-0300] {standard_task_runner.py:90} INFO - Running: ['airflow', 'tasks', 'run', 'Mercado_5m', 'get_5m_info', 'scheduled__2024-07-25T01:45:00+00:00', '--job-id', '2376', '--raw', '--subdir', 'DAGS_FOLDER/mercado_dag.py', '--cfg-path', '/tmp/tmpdu8mu4ct']
[2024-07-25T16:23:22.456-0300] {standard_task_runner.py:91} INFO - Job 2376: Subtask get_5m_info
[2024-07-25T16:23:22.493-0300] {task_command.py:426} INFO - Running <TaskInstance: Mercado_5m.get_5m_info scheduled__2024-07-25T01:45:00+00:00 [running]> on host Galaxybook.
[2024-07-25T16:23:22.556-0300] {taskinstance.py:2648} INFO - Exporting env vars: AIRFLOW_CTX_DAG_OWNER='airflow' AIRFLOW_CTX_DAG_ID='Mercado_5m' AIRFLOW_CTX_TASK_ID='get_5m_info' AIRFLOW_CTX_EXECUTION_DATE='2024-07-25T01:45:00+00:00' AIRFLOW_CTX_TRY_NUMBER='1' AIRFLOW_CTX_DAG_RUN_ID='scheduled__2024-07-25T01:45:00+00:00'
[2024-07-25T16:23:22.557-0300] {taskinstance.py:430} INFO - ::endgroup::
[2024-07-25T16:23:22.568-0300] {mercado_dag.py:22} INFO - To: 2024-07-25 01:50:00+00:00
[2024-07-25T16:23:22.568-0300] {mercado_dag.py:23} INFO - From: 2024-07-25 01:45:00+00:00
[2024-07-25T16:23:22.569-0300] {mercado_dag.py:24} INFO - To timestamp: 1721872200 
[2024-07-25T16:23:22.569-0300] {mercado_dag.py:25} INFO - From timestamp: 1721871900 
[2024-07-25T16:23:22.644-0300] {base.py:84} INFO - Using connection ID 'mercado_default' for task execution.
[2024-07-25T16:23:22.644-0300] {mercado_hook.py:31} INFO - URL: https://api.mercadobitcoin.net/api/v4/candles?symbol=BTC-BRL&resolution=5m&to=1721872200&from=1721871900
[2024-07-25T16:23:22.928-0300] {python.py:237} INFO - Done. Returned value was: None
[2024-07-25T16:23:22.929-0300] {taskinstance.py:441} INFO - ::group::Post task execution logs
[2024-07-25T16:23:22.932-0300] {taskinstance.py:1206} INFO - Marking task as SUCCESS. dag_id=Mercado_5m, task_id=get_5m_info, run_id=scheduled__2024-07-25T01:45:00+00:00, execution_date=20240725T014500, start_date=20240725T192322, end_date=20240725T192322
[2024-07-25T16:23:22.953-0300] {local_task_job_runner.py:243} INFO - Task exited with return code 0
[2024-07-25T16:23:22.960-0300] {taskinstance.py:3503} INFO - 0 downstream tasks scheduled from follow-on schedule check
[2024-07-25T16:23:22.960-0300] {local_task_job_runner.py:222} INFO - ::endgroup::
[2024-07-25T16:25:49.828-0300] {local_task_job_runner.py:120} INFO - ::group::Pre task execution logs
[2024-07-25T16:25:49.835-0300] {taskinstance.py:2076} INFO - Dependencies all met for dep_context=non-requeueable deps ti=<TaskInstance: Mercado_5m.get_5m_info scheduled__2024-07-25T01:45:00+00:00 [queued]>
[2024-07-25T16:25:49.839-0300] {taskinstance.py:2076} INFO - Dependencies all met for dep_context=requeueable deps ti=<TaskInstance: Mercado_5m.get_5m_info scheduled__2024-07-25T01:45:00+00:00 [queued]>
[2024-07-25T16:25:49.839-0300] {taskinstance.py:2306} INFO - Starting attempt 1 of 1
[2024-07-25T16:25:49.852-0300] {taskinstance.py:2330} INFO - Executing <Task(PythonOperator): get_5m_info> on 2024-07-25 01:45:00+00:00
[2024-07-25T16:25:49.854-0300] {standard_task_runner.py:64} INFO - Started process 2668871 to run task
[2024-07-25T16:25:49.856-0300] {standard_task_runner.py:90} INFO - Running: ['airflow', 'tasks', 'run', 'Mercado_5m', 'get_5m_info', 'scheduled__2024-07-25T01:45:00+00:00', '--job-id', '2441', '--raw', '--subdir', 'DAGS_FOLDER/mercado_dag.py', '--cfg-path', '/tmp/tmp9ual06od']
[2024-07-25T16:25:49.857-0300] {standard_task_runner.py:91} INFO - Job 2441: Subtask get_5m_info
[2024-07-25T16:25:49.894-0300] {task_command.py:426} INFO - Running <TaskInstance: Mercado_5m.get_5m_info scheduled__2024-07-25T01:45:00+00:00 [running]> on host Galaxybook.
[2024-07-25T16:25:49.955-0300] {taskinstance.py:2648} INFO - Exporting env vars: AIRFLOW_CTX_DAG_OWNER='airflow' AIRFLOW_CTX_DAG_ID='Mercado_5m' AIRFLOW_CTX_TASK_ID='get_5m_info' AIRFLOW_CTX_EXECUTION_DATE='2024-07-25T01:45:00+00:00' AIRFLOW_CTX_TRY_NUMBER='1' AIRFLOW_CTX_DAG_RUN_ID='scheduled__2024-07-25T01:45:00+00:00'
[2024-07-25T16:25:49.955-0300] {taskinstance.py:430} INFO - ::endgroup::
[2024-07-25T16:25:49.964-0300] {mercado_dag.py:22} INFO - To: 2024-07-25 01:50:00+00:00
[2024-07-25T16:25:49.965-0300] {mercado_dag.py:23} INFO - From: 2024-07-25 01:45:00+00:00
[2024-07-25T16:25:49.965-0300] {mercado_dag.py:24} INFO - To timestamp: 1721872200000 
[2024-07-25T16:25:49.965-0300] {mercado_dag.py:25} INFO - From timestamp: 1721871900000 
[2024-07-25T16:25:50.046-0300] {base.py:84} INFO - Using connection ID 'mercado_default' for task execution.
[2024-07-25T16:25:50.046-0300] {mercado_hook.py:31} INFO - URL: https://api.mercadobitcoin.net/api/v4/candles?symbol=BTC-BRL&resolution=5m&to=1721872200000&from=1721871900000
[2024-07-25T16:25:50.337-0300] {python.py:237} INFO - Done. Returned value was: None
[2024-07-25T16:25:50.337-0300] {taskinstance.py:441} INFO - ::group::Post task execution logs
[2024-07-25T16:25:50.340-0300] {taskinstance.py:1206} INFO - Marking task as SUCCESS. dag_id=Mercado_5m, task_id=get_5m_info, run_id=scheduled__2024-07-25T01:45:00+00:00, execution_date=20240725T014500, start_date=20240725T192549, end_date=20240725T192550
[2024-07-25T16:25:50.393-0300] {local_task_job_runner.py:243} INFO - Task exited with return code 0
[2024-07-25T16:25:50.401-0300] {taskinstance.py:3503} INFO - 0 downstream tasks scheduled from follow-on schedule check
[2024-07-25T16:25:50.401-0300] {local_task_job_runner.py:222} INFO - ::endgroup::
