[2024-07-25T13:55:02.542-0300] {local_task_job_runner.py:120} INFO - ::group::Pre task execution logs
[2024-07-25T13:55:02.547-0300] {taskinstance.py:2076} INFO - Dependencies all met for dep_context=non-requeueable deps ti=<TaskInstance: Binance_5m.get_5m_info scheduled__2024-07-25T16:50:00+00:00 [queued]>
[2024-07-25T13:55:02.551-0300] {taskinstance.py:2076} INFO - Dependencies all met for dep_context=requeueable deps ti=<TaskInstance: Binance_5m.get_5m_info scheduled__2024-07-25T16:50:00+00:00 [queued]>
[2024-07-25T13:55:02.551-0300] {taskinstance.py:2306} INFO - Starting attempt 1 of 1
[2024-07-25T13:55:02.568-0300] {taskinstance.py:2330} INFO - Executing <Task(PythonOperator): get_5m_info> on 2024-07-25 16:50:00+00:00
[2024-07-25T13:55:02.570-0300] {standard_task_runner.py:64} INFO - Started process 2573600 to run task
[2024-07-25T13:55:02.572-0300] {standard_task_runner.py:90} INFO - Running: ['airflow', 'tasks', 'run', 'Binance_5m', 'get_5m_info', 'scheduled__2024-07-25T16:50:00+00:00', '--job-id', '2106', '--raw', '--subdir', 'DAGS_FOLDER/binance_dag.py', '--cfg-path', '/tmp/tmph2qwead3']
[2024-07-25T13:55:02.573-0300] {standard_task_runner.py:91} INFO - Job 2106: Subtask get_5m_info
[2024-07-25T13:55:02.598-0300] {task_command.py:426} INFO - Running <TaskInstance: Binance_5m.get_5m_info scheduled__2024-07-25T16:50:00+00:00 [running]> on host Galaxybook.
[2024-07-25T13:55:02.662-0300] {taskinstance.py:2648} INFO - Exporting env vars: AIRFLOW_CTX_DAG_OWNER='airflow' AIRFLOW_CTX_DAG_ID='Binance_5m' AIRFLOW_CTX_TASK_ID='get_5m_info' AIRFLOW_CTX_EXECUTION_DATE='2024-07-25T16:50:00+00:00' AIRFLOW_CTX_TRY_NUMBER='1' AIRFLOW_CTX_DAG_RUN_ID='scheduled__2024-07-25T16:50:00+00:00'
[2024-07-25T13:55:02.663-0300] {taskinstance.py:430} INFO - ::endgroup::
[2024-07-25T13:55:02.672-0300] {binance_dag.py:22} INFO - End Time: 2024-07-25T16:55:00.00Z
[2024-07-25T13:55:02.761-0300] {base.py:84} INFO - Using connection ID 'binance_default' for task execution.
[2024-07-25T13:55:02.761-0300] {logging_mixin.py:188} INFO - https://api.binance.com
[2024-07-25T13:55:02.762-0300] {binance_hook.py:35} INFO - URL: https://api.binance.com/api/v3/klines?symbol=BTCBRL&interval=5m&startTime=1721937000000&endTime=1721937300000&timeZone=-3
[2024-07-25T13:55:03.774-0300] {python.py:237} INFO - Done. Returned value was: None
[2024-07-25T13:55:03.774-0300] {taskinstance.py:441} INFO - ::group::Post task execution logs
[2024-07-25T13:55:03.777-0300] {taskinstance.py:1206} INFO - Marking task as SUCCESS. dag_id=Binance_5m, task_id=get_5m_info, run_id=scheduled__2024-07-25T16:50:00+00:00, execution_date=20240725T165000, start_date=20240725T165502, end_date=20240725T165503
[2024-07-25T13:55:03.805-0300] {local_task_job_runner.py:243} INFO - Task exited with return code 0
[2024-07-25T13:55:03.810-0300] {taskinstance.py:3503} INFO - 0 downstream tasks scheduled from follow-on schedule check
[2024-07-25T13:55:03.810-0300] {local_task_job_runner.py:222} INFO - ::endgroup::
[2024-07-25T14:33:17.013-0300] {local_task_job_runner.py:120} INFO - ::group::Pre task execution logs
[2024-07-25T14:33:17.020-0300] {taskinstance.py:2076} INFO - Dependencies all met for dep_context=non-requeueable deps ti=<TaskInstance: Binance_5m.get_5m_info scheduled__2024-07-25T16:50:00+00:00 [queued]>
[2024-07-25T14:33:17.026-0300] {taskinstance.py:2076} INFO - Dependencies all met for dep_context=requeueable deps ti=<TaskInstance: Binance_5m.get_5m_info scheduled__2024-07-25T16:50:00+00:00 [queued]>
[2024-07-25T14:33:17.026-0300] {taskinstance.py:2306} INFO - Starting attempt 1 of 1
[2024-07-25T14:33:17.042-0300] {taskinstance.py:2330} INFO - Executing <Task(PythonOperator): get_5m_info> on 2024-07-25 16:50:00+00:00
[2024-07-25T14:33:17.044-0300] {standard_task_runner.py:64} INFO - Started process 2596130 to run task
[2024-07-25T14:33:17.047-0300] {standard_task_runner.py:90} INFO - Running: ['airflow', 'tasks', 'run', 'Binance_5m', 'get_5m_info', 'scheduled__2024-07-25T16:50:00+00:00', '--job-id', '2176', '--raw', '--subdir', 'DAGS_FOLDER/binance_dag.py', '--cfg-path', '/tmp/tmpupzrokqc']
[2024-07-25T14:33:17.049-0300] {standard_task_runner.py:91} INFO - Job 2176: Subtask get_5m_info
[2024-07-25T14:33:17.084-0300] {task_command.py:426} INFO - Running <TaskInstance: Binance_5m.get_5m_info scheduled__2024-07-25T16:50:00+00:00 [running]> on host Galaxybook.
[2024-07-25T14:33:17.171-0300] {taskinstance.py:2648} INFO - Exporting env vars: AIRFLOW_CTX_DAG_OWNER='airflow' AIRFLOW_CTX_DAG_ID='Binance_5m' AIRFLOW_CTX_TASK_ID='get_5m_info' AIRFLOW_CTX_EXECUTION_DATE='2024-07-25T16:50:00+00:00' AIRFLOW_CTX_TRY_NUMBER='1' AIRFLOW_CTX_DAG_RUN_ID='scheduled__2024-07-25T16:50:00+00:00'
[2024-07-25T14:33:17.171-0300] {taskinstance.py:430} INFO - ::endgroup::
[2024-07-25T14:33:17.180-0300] {binance_dag.py:23} INFO - End Time: 2024-07-25T16:55:00.00Z
[2024-07-25T14:33:17.264-0300] {base.py:84} INFO - Using connection ID 'binance_default' for task execution.
[2024-07-25T14:33:17.265-0300] {logging_mixin.py:188} INFO - https://api.binance.com
[2024-07-25T14:33:17.265-0300] {binance_hook.py:35} INFO - URL: https://api.binance.com/api/v3/klines?symbol=BTCBRL&interval=5m&startTime=1721937000000&endTime=1721937300000
[2024-07-25T14:33:17.677-0300] {binance_dag.py:42} INFO - r: []
[2024-07-25T14:33:17.678-0300] {python.py:237} INFO - Done. Returned value was: None
[2024-07-25T14:33:17.679-0300] {taskinstance.py:441} INFO - ::group::Post task execution logs
[2024-07-25T14:33:17.682-0300] {taskinstance.py:1206} INFO - Marking task as SUCCESS. dag_id=Binance_5m, task_id=get_5m_info, run_id=scheduled__2024-07-25T16:50:00+00:00, execution_date=20240725T165000, start_date=20240725T173317, end_date=20240725T173317
[2024-07-25T14:33:17.713-0300] {local_task_job_runner.py:243} INFO - Task exited with return code 0
[2024-07-25T14:33:17.721-0300] {taskinstance.py:3503} INFO - 0 downstream tasks scheduled from follow-on schedule check
[2024-07-25T14:33:17.722-0300] {local_task_job_runner.py:222} INFO - ::endgroup::
[2024-07-25T14:54:52.553-0300] {local_task_job_runner.py:120} INFO - ::group::Pre task execution logs
[2024-07-25T14:54:52.558-0300] {taskinstance.py:2076} INFO - Dependencies all met for dep_context=non-requeueable deps ti=<TaskInstance: Binance_5m.get_5m_info scheduled__2024-07-25T16:50:00+00:00 [queued]>
[2024-07-25T14:54:52.561-0300] {taskinstance.py:2076} INFO - Dependencies all met for dep_context=requeueable deps ti=<TaskInstance: Binance_5m.get_5m_info scheduled__2024-07-25T16:50:00+00:00 [queued]>
[2024-07-25T14:54:52.562-0300] {taskinstance.py:2306} INFO - Starting attempt 1 of 1
[2024-07-25T14:54:52.575-0300] {taskinstance.py:2330} INFO - Executing <Task(PythonOperator): get_5m_info> on 2024-07-25 16:50:00+00:00
[2024-07-25T14:54:52.577-0300] {standard_task_runner.py:64} INFO - Started process 2614325 to run task
[2024-07-25T14:54:52.578-0300] {standard_task_runner.py:90} INFO - Running: ['airflow', 'tasks', 'run', 'Binance_5m', 'get_5m_info', 'scheduled__2024-07-25T16:50:00+00:00', '--job-id', '2306', '--raw', '--subdir', 'DAGS_FOLDER/binance_dag.py', '--cfg-path', '/tmp/tmp9u44kduy']
[2024-07-25T14:54:52.579-0300] {standard_task_runner.py:91} INFO - Job 2306: Subtask get_5m_info
[2024-07-25T14:54:52.603-0300] {task_command.py:426} INFO - Running <TaskInstance: Binance_5m.get_5m_info scheduled__2024-07-25T16:50:00+00:00 [running]> on host Galaxybook.
[2024-07-25T14:54:52.661-0300] {taskinstance.py:2648} INFO - Exporting env vars: AIRFLOW_CTX_DAG_OWNER='airflow' AIRFLOW_CTX_DAG_ID='Binance_5m' AIRFLOW_CTX_TASK_ID='get_5m_info' AIRFLOW_CTX_EXECUTION_DATE='2024-07-25T16:50:00+00:00' AIRFLOW_CTX_TRY_NUMBER='1' AIRFLOW_CTX_DAG_RUN_ID='scheduled__2024-07-25T16:50:00+00:00'
[2024-07-25T14:54:52.661-0300] {taskinstance.py:430} INFO - ::endgroup::
[2024-07-25T14:54:52.669-0300] {binance_dag.py:23} INFO - End Time: 2024-07-25T16:55:00.00Z
[2024-07-25T14:54:52.669-0300] {binance_dag.py:24} INFO - Start Time: 2024-07-25T16:50:00.00Z
[2024-07-25T14:54:52.721-0300] {base.py:84} INFO - Using connection ID 'binance_default' for task execution.
[2024-07-25T14:54:52.722-0300] {logging_mixin.py:188} INFO - https://api.binance.com
[2024-07-25T14:54:52.722-0300] {binance_hook.py:35} INFO - URL: https://api.binance.com/api/v3/klines?symbol=BTCBRL&interval=5m&startTime=1721937000000&endTime=1721937299999
[2024-07-25T14:54:53.113-0300] {binance_dag.py:43} INFO - r: []
[2024-07-25T14:54:53.115-0300] {python.py:237} INFO - Done. Returned value was: None
[2024-07-25T14:54:53.116-0300] {taskinstance.py:441} INFO - ::group::Post task execution logs
[2024-07-25T14:54:53.119-0300] {taskinstance.py:1206} INFO - Marking task as SUCCESS. dag_id=Binance_5m, task_id=get_5m_info, run_id=scheduled__2024-07-25T16:50:00+00:00, execution_date=20240725T165000, start_date=20240725T175452, end_date=20240725T175453
[2024-07-25T14:54:53.164-0300] {local_task_job_runner.py:243} INFO - Task exited with return code 0
[2024-07-25T14:54:53.173-0300] {taskinstance.py:3503} INFO - 0 downstream tasks scheduled from follow-on schedule check
[2024-07-25T14:54:53.173-0300] {local_task_job_runner.py:222} INFO - ::endgroup::
[2024-07-25T15:24:24.162-0300] {local_task_job_runner.py:120} INFO - ::group::Pre task execution logs
[2024-07-25T15:24:24.168-0300] {taskinstance.py:2076} INFO - Dependencies all met for dep_context=non-requeueable deps ti=<TaskInstance: Binance_5m.get_5m_info scheduled__2024-07-25T16:50:00+00:00 [queued]>
[2024-07-25T15:24:24.171-0300] {taskinstance.py:2076} INFO - Dependencies all met for dep_context=requeueable deps ti=<TaskInstance: Binance_5m.get_5m_info scheduled__2024-07-25T16:50:00+00:00 [queued]>
[2024-07-25T15:24:24.171-0300] {taskinstance.py:2306} INFO - Starting attempt 1 of 1
[2024-07-25T15:24:24.186-0300] {taskinstance.py:2330} INFO - Executing <Task(PythonOperator): get_5m_info> on 2024-07-25 16:50:00+00:00
[2024-07-25T15:24:24.187-0300] {standard_task_runner.py:64} INFO - Started process 2636108 to run task
[2024-07-25T15:24:24.190-0300] {standard_task_runner.py:90} INFO - Running: ['airflow', 'tasks', 'run', 'Binance_5m', 'get_5m_info', 'scheduled__2024-07-25T16:50:00+00:00', '--job-id', '2737', '--raw', '--subdir', 'DAGS_FOLDER/binance_dag.py', '--cfg-path', '/tmp/tmpi4brwbu9']
[2024-07-25T15:24:24.191-0300] {standard_task_runner.py:91} INFO - Job 2737: Subtask get_5m_info
[2024-07-25T15:24:24.215-0300] {task_command.py:426} INFO - Running <TaskInstance: Binance_5m.get_5m_info scheduled__2024-07-25T16:50:00+00:00 [running]> on host Galaxybook.
[2024-07-25T15:24:24.269-0300] {taskinstance.py:2648} INFO - Exporting env vars: AIRFLOW_CTX_DAG_OWNER='airflow' AIRFLOW_CTX_DAG_ID='Binance_5m' AIRFLOW_CTX_TASK_ID='get_5m_info' AIRFLOW_CTX_EXECUTION_DATE='2024-07-25T16:50:00+00:00' AIRFLOW_CTX_TRY_NUMBER='1' AIRFLOW_CTX_DAG_RUN_ID='scheduled__2024-07-25T16:50:00+00:00'
[2024-07-25T15:24:24.269-0300] {taskinstance.py:430} INFO - ::endgroup::
[2024-07-25T15:24:24.277-0300] {binance_dag.py:23} INFO - End Time: 2024-07-25T16:55:00.00Z
[2024-07-25T15:24:24.277-0300] {binance_dag.py:24} INFO - Start Time: 2024-07-25T16:50:00.00Z
[2024-07-25T15:24:24.333-0300] {binance_dag.py:25} INFO - 1721937000000
[2024-07-25T15:24:24.336-0300] {base.py:84} INFO - Using connection ID 'binance_default' for task execution.
[2024-07-25T15:24:24.336-0300] {logging_mixin.py:188} INFO - https://api.binance.com
[2024-07-25T15:24:24.337-0300] {binance_hook.py:35} INFO - URL: https://api.binance.com/api/v3/klines?symbol=BTCBRL&interval=5m&startTime=1721937000000&endTime=1721937299999
[2024-07-25T15:24:24.728-0300] {python.py:237} INFO - Done. Returned value was: None
[2024-07-25T15:24:24.729-0300] {taskinstance.py:441} INFO - ::group::Post task execution logs
[2024-07-25T15:24:24.732-0300] {taskinstance.py:1206} INFO - Marking task as SUCCESS. dag_id=Binance_5m, task_id=get_5m_info, run_id=scheduled__2024-07-25T16:50:00+00:00, execution_date=20240725T165000, start_date=20240725T182424, end_date=20240725T182424
[2024-07-25T15:24:24.774-0300] {local_task_job_runner.py:243} INFO - Task exited with return code 0
[2024-07-25T15:24:24.783-0300] {taskinstance.py:3503} INFO - 0 downstream tasks scheduled from follow-on schedule check
[2024-07-25T15:24:24.784-0300] {local_task_job_runner.py:222} INFO - ::endgroup::
[2024-07-25T16:23:20.304-0300] {local_task_job_runner.py:120} INFO - ::group::Pre task execution logs
[2024-07-25T16:23:20.310-0300] {taskinstance.py:2076} INFO - Dependencies all met for dep_context=non-requeueable deps ti=<TaskInstance: Binance_5m.get_5m_info scheduled__2024-07-25T16:50:00+00:00 [queued]>
[2024-07-25T16:23:20.314-0300] {taskinstance.py:2076} INFO - Dependencies all met for dep_context=requeueable deps ti=<TaskInstance: Binance_5m.get_5m_info scheduled__2024-07-25T16:50:00+00:00 [queued]>
[2024-07-25T16:23:20.315-0300] {taskinstance.py:2306} INFO - Starting attempt 1 of 1
[2024-07-25T16:23:20.331-0300] {taskinstance.py:2330} INFO - Executing <Task(PythonOperator): get_5m_info> on 2024-07-25 16:50:00+00:00
[2024-07-25T16:23:20.333-0300] {standard_task_runner.py:64} INFO - Started process 2666373 to run task
[2024-07-25T16:23:20.335-0300] {standard_task_runner.py:90} INFO - Running: ['airflow', 'tasks', 'run', 'Binance_5m', 'get_5m_info', 'scheduled__2024-07-25T16:50:00+00:00', '--job-id', '2375', '--raw', '--subdir', 'DAGS_FOLDER/binance_dag.py', '--cfg-path', '/tmp/tmpspqhqzcv']
[2024-07-25T16:23:20.336-0300] {standard_task_runner.py:91} INFO - Job 2375: Subtask get_5m_info
[2024-07-25T16:23:20.372-0300] {task_command.py:426} INFO - Running <TaskInstance: Binance_5m.get_5m_info scheduled__2024-07-25T16:50:00+00:00 [running]> on host Galaxybook.
[2024-07-25T16:23:20.435-0300] {taskinstance.py:2648} INFO - Exporting env vars: AIRFLOW_CTX_DAG_OWNER='airflow' AIRFLOW_CTX_DAG_ID='Binance_5m' AIRFLOW_CTX_TASK_ID='get_5m_info' AIRFLOW_CTX_EXECUTION_DATE='2024-07-25T16:50:00+00:00' AIRFLOW_CTX_TRY_NUMBER='1' AIRFLOW_CTX_DAG_RUN_ID='scheduled__2024-07-25T16:50:00+00:00'
[2024-07-25T16:23:20.436-0300] {taskinstance.py:430} INFO - ::endgroup::
[2024-07-25T16:23:20.445-0300] {binance_dag.py:22} INFO - End Time: 2024-07-25 16:55:00+00:00
[2024-07-25T16:23:20.445-0300] {binance_dag.py:23} INFO - Start Time: 2024-07-25 16:50:00+00:00
[2024-07-25T16:23:20.445-0300] {binance_dag.py:24} INFO - Start timestamp: 1721926200000
[2024-07-25T16:23:20.445-0300] {binance_dag.py:25} INFO - End timestamp: 1721926500000
[2024-07-25T16:23:20.521-0300] {base.py:84} INFO - Using connection ID 'binance_default' for task execution.
[2024-07-25T16:23:20.521-0300] {logging_mixin.py:188} INFO - https://api.binance.com
[2024-07-25T16:23:20.521-0300] {binance_hook.py:35} INFO - URL: https://api.binance.com/api/v3/klines?symbol=BTCBRL&interval=5m&startTime=1721926200000&endTime=1721926499999&timeZone=-3
[2024-07-25T16:23:20.979-0300] {python.py:237} INFO - Done. Returned value was: None
[2024-07-25T16:23:20.980-0300] {taskinstance.py:441} INFO - ::group::Post task execution logs
[2024-07-25T16:23:20.983-0300] {taskinstance.py:1206} INFO - Marking task as SUCCESS. dag_id=Binance_5m, task_id=get_5m_info, run_id=scheduled__2024-07-25T16:50:00+00:00, execution_date=20240725T165000, start_date=20240725T192320, end_date=20240725T192320
[2024-07-25T16:23:21.001-0300] {local_task_job_runner.py:243} INFO - Task exited with return code 0
[2024-07-25T16:23:21.008-0300] {taskinstance.py:3503} INFO - 0 downstream tasks scheduled from follow-on schedule check
[2024-07-25T16:23:21.008-0300] {local_task_job_runner.py:222} INFO - ::endgroup::
