[2024-07-25T14:55:56.681-0300] {local_task_job_runner.py:120} INFO - ::group::Pre task execution logs
[2024-07-25T14:55:56.686-0300] {taskinstance.py:2076} INFO - Dependencies all met for dep_context=non-requeueable deps ti=<TaskInstance: Mercado_5m.get_5m_info scheduled__2024-07-25T02:25:00+00:00 [queued]>
[2024-07-25T14:55:56.689-0300] {taskinstance.py:2076} INFO - Dependencies all met for dep_context=requeueable deps ti=<TaskInstance: Mercado_5m.get_5m_info scheduled__2024-07-25T02:25:00+00:00 [queued]>
[2024-07-25T14:55:56.689-0300] {taskinstance.py:2306} INFO - Starting attempt 1 of 1
[2024-07-25T14:55:56.705-0300] {taskinstance.py:2330} INFO - Executing <Task(PythonOperator): get_5m_info> on 2024-07-25 02:25:00+00:00
[2024-07-25T14:55:56.707-0300] {standard_task_runner.py:64} INFO - Started process 2615396 to run task
[2024-07-25T14:55:56.709-0300] {standard_task_runner.py:90} INFO - Running: ['airflow', 'tasks', 'run', 'Mercado_5m', 'get_5m_info', 'scheduled__2024-07-25T02:25:00+00:00', '--job-id', '2340', '--raw', '--subdir', 'DAGS_FOLDER/mercado_dag.py', '--cfg-path', '/tmp/tmprnd875uk']
[2024-07-25T14:55:56.710-0300] {standard_task_runner.py:91} INFO - Job 2340: Subtask get_5m_info
[2024-07-25T14:55:56.735-0300] {task_command.py:426} INFO - Running <TaskInstance: Mercado_5m.get_5m_info scheduled__2024-07-25T02:25:00+00:00 [running]> on host Galaxybook.
[2024-07-25T14:55:56.788-0300] {taskinstance.py:2648} INFO - Exporting env vars: AIRFLOW_CTX_DAG_OWNER='airflow' AIRFLOW_CTX_DAG_ID='Mercado_5m' AIRFLOW_CTX_TASK_ID='get_5m_info' AIRFLOW_CTX_EXECUTION_DATE='2024-07-25T02:25:00+00:00' AIRFLOW_CTX_TRY_NUMBER='1' AIRFLOW_CTX_DAG_RUN_ID='scheduled__2024-07-25T02:25:00+00:00'
[2024-07-25T14:55:56.788-0300] {taskinstance.py:430} INFO - ::endgroup::
[2024-07-25T14:55:56.854-0300] {base.py:84} INFO - Using connection ID 'mercado_default' for task execution.
[2024-07-25T14:55:56.855-0300] {mercado_hook.py:31} INFO - URL: https://api.mercadobitcoin.net/api/v4/candles?symbol=BTC-BRL&resolution=5m&to=1721885400&from=1721885100
[2024-07-25T14:55:57.133-0300] {python.py:237} INFO - Done. Returned value was: None
[2024-07-25T14:55:57.134-0300] {taskinstance.py:441} INFO - ::group::Post task execution logs
[2024-07-25T14:55:57.137-0300] {taskinstance.py:1206} INFO - Marking task as SUCCESS. dag_id=Mercado_5m, task_id=get_5m_info, run_id=scheduled__2024-07-25T02:25:00+00:00, execution_date=20240725T022500, start_date=20240725T175556, end_date=20240725T175557
[2024-07-25T14:55:57.167-0300] {local_task_job_runner.py:243} INFO - Task exited with return code 0
[2024-07-25T14:55:57.174-0300] {taskinstance.py:3503} INFO - 0 downstream tasks scheduled from follow-on schedule check
[2024-07-25T14:55:57.174-0300] {local_task_job_runner.py:222} INFO - ::endgroup::
[2024-07-25T16:19:50.723-0300] {local_task_job_runner.py:120} INFO - ::group::Pre task execution logs
[2024-07-25T16:19:50.732-0300] {taskinstance.py:2076} INFO - Dependencies all met for dep_context=non-requeueable deps ti=<TaskInstance: Mercado_5m.get_5m_info scheduled__2024-07-25T02:25:00+00:00 [queued]>
[2024-07-25T16:19:50.737-0300] {taskinstance.py:2076} INFO - Dependencies all met for dep_context=requeueable deps ti=<TaskInstance: Mercado_5m.get_5m_info scheduled__2024-07-25T02:25:00+00:00 [queued]>
[2024-07-25T16:19:50.737-0300] {taskinstance.py:2306} INFO - Starting attempt 1 of 1
[2024-07-25T16:19:50.752-0300] {taskinstance.py:2330} INFO - Executing <Task(PythonOperator): get_5m_info> on 2024-07-25 02:25:00+00:00
[2024-07-25T16:19:50.754-0300] {standard_task_runner.py:64} INFO - Started process 2662834 to run task
[2024-07-25T16:19:50.756-0300] {standard_task_runner.py:90} INFO - Running: ['airflow', 'tasks', 'run', 'Mercado_5m', 'get_5m_info', 'scheduled__2024-07-25T02:25:00+00:00', '--job-id', '2269', '--raw', '--subdir', 'DAGS_FOLDER/mercado_dag.py', '--cfg-path', '/tmp/tmpw5p9i0b4']
[2024-07-25T16:19:50.758-0300] {standard_task_runner.py:91} INFO - Job 2269: Subtask get_5m_info
[2024-07-25T16:19:50.793-0300] {task_command.py:426} INFO - Running <TaskInstance: Mercado_5m.get_5m_info scheduled__2024-07-25T02:25:00+00:00 [running]> on host Galaxybook.
[2024-07-25T16:19:50.850-0300] {taskinstance.py:2648} INFO - Exporting env vars: AIRFLOW_CTX_DAG_OWNER='airflow' AIRFLOW_CTX_DAG_ID='Mercado_5m' AIRFLOW_CTX_TASK_ID='get_5m_info' AIRFLOW_CTX_EXECUTION_DATE='2024-07-25T02:25:00+00:00' AIRFLOW_CTX_TRY_NUMBER='1' AIRFLOW_CTX_DAG_RUN_ID='scheduled__2024-07-25T02:25:00+00:00'
[2024-07-25T16:19:50.851-0300] {taskinstance.py:430} INFO - ::endgroup::
[2024-07-25T16:19:50.859-0300] {mercado_dag.py:22} INFO - To: 2024-07-25 02:30:00+00:00
[2024-07-25T16:19:50.859-0300] {mercado_dag.py:23} INFO - From: 2024-07-25 02:25:00+00:00
[2024-07-25T16:19:50.860-0300] {mercado_dag.py:24} INFO - To timestamp: 1721874600 
[2024-07-25T16:19:50.860-0300] {mercado_dag.py:25} INFO - From timestamp: 1721874300 
[2024-07-25T16:19:50.935-0300] {base.py:84} INFO - Using connection ID 'mercado_default' for task execution.
[2024-07-25T16:19:50.935-0300] {mercado_hook.py:31} INFO - URL: https://api.mercadobitcoin.net/api/v4/candles?symbol=BTC-BRL&resolution=5m&to=1721874600&from=1721874300
[2024-07-25T16:19:51.238-0300] {python.py:237} INFO - Done. Returned value was: None
[2024-07-25T16:19:51.238-0300] {taskinstance.py:441} INFO - ::group::Post task execution logs
[2024-07-25T16:19:51.241-0300] {taskinstance.py:1206} INFO - Marking task as SUCCESS. dag_id=Mercado_5m, task_id=get_5m_info, run_id=scheduled__2024-07-25T02:25:00+00:00, execution_date=20240725T022500, start_date=20240725T191950, end_date=20240725T191951
[2024-07-25T16:19:51.261-0300] {local_task_job_runner.py:243} INFO - Task exited with return code 0
[2024-07-25T16:19:51.270-0300] {taskinstance.py:3503} INFO - 0 downstream tasks scheduled from follow-on schedule check
[2024-07-25T16:19:51.271-0300] {local_task_job_runner.py:222} INFO - ::endgroup::
[2024-07-25T16:23:51.656-0300] {local_task_job_runner.py:120} INFO - ::group::Pre task execution logs
[2024-07-25T16:23:51.669-0300] {taskinstance.py:2076} INFO - Dependencies all met for dep_context=non-requeueable deps ti=<TaskInstance: Mercado_5m.get_5m_info scheduled__2024-07-25T02:25:00+00:00 [queued]>
[2024-07-25T16:23:51.678-0300] {taskinstance.py:2076} INFO - Dependencies all met for dep_context=requeueable deps ti=<TaskInstance: Mercado_5m.get_5m_info scheduled__2024-07-25T02:25:00+00:00 [queued]>
[2024-07-25T16:23:51.679-0300] {taskinstance.py:2306} INFO - Starting attempt 1 of 1
[2024-07-25T16:23:51.699-0300] {taskinstance.py:2330} INFO - Executing <Task(PythonOperator): get_5m_info> on 2024-07-25 02:25:00+00:00
[2024-07-25T16:23:51.702-0300] {standard_task_runner.py:64} INFO - Started process 2666908 to run task
[2024-07-25T16:23:51.705-0300] {standard_task_runner.py:90} INFO - Running: ['airflow', 'tasks', 'run', 'Mercado_5m', 'get_5m_info', 'scheduled__2024-07-25T02:25:00+00:00', '--job-id', '2391', '--raw', '--subdir', 'DAGS_FOLDER/mercado_dag.py', '--cfg-path', '/tmp/tmpus5x6qr9']
[2024-07-25T16:23:51.707-0300] {standard_task_runner.py:91} INFO - Job 2391: Subtask get_5m_info
[2024-07-25T16:23:51.749-0300] {task_command.py:426} INFO - Running <TaskInstance: Mercado_5m.get_5m_info scheduled__2024-07-25T02:25:00+00:00 [running]> on host Galaxybook.
[2024-07-25T16:23:51.864-0300] {taskinstance.py:2648} INFO - Exporting env vars: AIRFLOW_CTX_DAG_OWNER='airflow' AIRFLOW_CTX_DAG_ID='Mercado_5m' AIRFLOW_CTX_TASK_ID='get_5m_info' AIRFLOW_CTX_EXECUTION_DATE='2024-07-25T02:25:00+00:00' AIRFLOW_CTX_TRY_NUMBER='1' AIRFLOW_CTX_DAG_RUN_ID='scheduled__2024-07-25T02:25:00+00:00'
[2024-07-25T16:23:51.865-0300] {taskinstance.py:430} INFO - ::endgroup::
[2024-07-25T16:23:51.880-0300] {mercado_dag.py:22} INFO - To: 2024-07-25 02:30:00+00:00
[2024-07-25T16:23:51.880-0300] {mercado_dag.py:23} INFO - From: 2024-07-25 02:25:00+00:00
[2024-07-25T16:23:51.880-0300] {mercado_dag.py:24} INFO - To timestamp: 1721874600 
[2024-07-25T16:23:51.881-0300] {mercado_dag.py:25} INFO - From timestamp: 1721874300 
[2024-07-25T16:23:51.967-0300] {base.py:84} INFO - Using connection ID 'mercado_default' for task execution.
[2024-07-25T16:23:51.968-0300] {mercado_hook.py:31} INFO - URL: https://api.mercadobitcoin.net/api/v4/candles?symbol=BTC-BRL&resolution=5m&to=1721874600&from=1721874300
[2024-07-25T16:23:52.254-0300] {python.py:237} INFO - Done. Returned value was: None
[2024-07-25T16:23:52.255-0300] {taskinstance.py:441} INFO - ::group::Post task execution logs
[2024-07-25T16:23:52.260-0300] {taskinstance.py:1206} INFO - Marking task as SUCCESS. dag_id=Mercado_5m, task_id=get_5m_info, run_id=scheduled__2024-07-25T02:25:00+00:00, execution_date=20240725T022500, start_date=20240725T192351, end_date=20240725T192352
[2024-07-25T16:23:52.284-0300] {local_task_job_runner.py:243} INFO - Task exited with return code 0
[2024-07-25T16:23:52.301-0300] {taskinstance.py:3503} INFO - 0 downstream tasks scheduled from follow-on schedule check
[2024-07-25T16:23:52.302-0300] {local_task_job_runner.py:222} INFO - ::endgroup::
[2024-07-25T16:26:07.575-0300] {local_task_job_runner.py:120} INFO - ::group::Pre task execution logs
[2024-07-25T16:26:07.580-0300] {taskinstance.py:2076} INFO - Dependencies all met for dep_context=non-requeueable deps ti=<TaskInstance: Mercado_5m.get_5m_info scheduled__2024-07-25T02:25:00+00:00 [queued]>
[2024-07-25T16:26:07.583-0300] {taskinstance.py:2076} INFO - Dependencies all met for dep_context=requeueable deps ti=<TaskInstance: Mercado_5m.get_5m_info scheduled__2024-07-25T02:25:00+00:00 [queued]>
[2024-07-25T16:26:07.583-0300] {taskinstance.py:2306} INFO - Starting attempt 1 of 1
[2024-07-25T16:26:07.597-0300] {taskinstance.py:2330} INFO - Executing <Task(PythonOperator): get_5m_info> on 2024-07-25 02:25:00+00:00
[2024-07-25T16:26:07.599-0300] {standard_task_runner.py:64} INFO - Started process 2669151 to run task
[2024-07-25T16:26:07.601-0300] {standard_task_runner.py:90} INFO - Running: ['airflow', 'tasks', 'run', 'Mercado_5m', 'get_5m_info', 'scheduled__2024-07-25T02:25:00+00:00', '--job-id', '2449', '--raw', '--subdir', 'DAGS_FOLDER/mercado_dag.py', '--cfg-path', '/tmp/tmpaa7n1__3']
[2024-07-25T16:26:07.602-0300] {standard_task_runner.py:91} INFO - Job 2449: Subtask get_5m_info
[2024-07-25T16:26:07.631-0300] {task_command.py:426} INFO - Running <TaskInstance: Mercado_5m.get_5m_info scheduled__2024-07-25T02:25:00+00:00 [running]> on host Galaxybook.
[2024-07-25T16:26:07.685-0300] {taskinstance.py:2648} INFO - Exporting env vars: AIRFLOW_CTX_DAG_OWNER='airflow' AIRFLOW_CTX_DAG_ID='Mercado_5m' AIRFLOW_CTX_TASK_ID='get_5m_info' AIRFLOW_CTX_EXECUTION_DATE='2024-07-25T02:25:00+00:00' AIRFLOW_CTX_TRY_NUMBER='1' AIRFLOW_CTX_DAG_RUN_ID='scheduled__2024-07-25T02:25:00+00:00'
[2024-07-25T16:26:07.686-0300] {taskinstance.py:430} INFO - ::endgroup::
[2024-07-25T16:26:07.693-0300] {mercado_dag.py:22} INFO - To: 2024-07-25 02:30:00+00:00
[2024-07-25T16:26:07.694-0300] {mercado_dag.py:23} INFO - From: 2024-07-25 02:25:00+00:00
[2024-07-25T16:26:07.694-0300] {mercado_dag.py:24} INFO - To timestamp: 1721874600000 
[2024-07-25T16:26:07.694-0300] {mercado_dag.py:25} INFO - From timestamp: 1721874300000 
[2024-07-25T16:26:07.754-0300] {base.py:84} INFO - Using connection ID 'mercado_default' for task execution.
[2024-07-25T16:26:07.755-0300] {mercado_hook.py:31} INFO - URL: https://api.mercadobitcoin.net/api/v4/candles?symbol=BTC-BRL&resolution=5m&to=1721874600000&from=1721874300000
[2024-07-25T16:26:08.027-0300] {python.py:237} INFO - Done. Returned value was: None
[2024-07-25T16:26:08.028-0300] {taskinstance.py:441} INFO - ::group::Post task execution logs
[2024-07-25T16:26:08.031-0300] {taskinstance.py:1206} INFO - Marking task as SUCCESS. dag_id=Mercado_5m, task_id=get_5m_info, run_id=scheduled__2024-07-25T02:25:00+00:00, execution_date=20240725T022500, start_date=20240725T192607, end_date=20240725T192608
[2024-07-25T16:26:08.061-0300] {local_task_job_runner.py:243} INFO - Task exited with return code 0
[2024-07-25T16:26:08.068-0300] {taskinstance.py:3503} INFO - 0 downstream tasks scheduled from follow-on schedule check
[2024-07-25T16:26:08.068-0300] {local_task_job_runner.py:222} INFO - ::endgroup::
