[2024-07-25T14:28:56.176-0300] {local_task_job_runner.py:120} INFO - ::group::Pre task execution logs
[2024-07-25T14:28:56.183-0300] {taskinstance.py:2076} INFO - Dependencies all met for dep_context=non-requeueable deps ti=<TaskInstance: Binance_5m.get_5m_info scheduled__2024-07-25T14:30:00+00:00 [queued]>
[2024-07-25T14:28:56.187-0300] {taskinstance.py:2076} INFO - Dependencies all met for dep_context=requeueable deps ti=<TaskInstance: Binance_5m.get_5m_info scheduled__2024-07-25T14:30:00+00:00 [queued]>
[2024-07-25T14:28:56.187-0300] {taskinstance.py:2306} INFO - Starting attempt 1 of 1
[2024-07-25T14:28:56.199-0300] {taskinstance.py:2330} INFO - Executing <Task(PythonOperator): get_5m_info> on 2024-07-25 14:30:00+00:00
[2024-07-25T14:28:56.201-0300] {standard_task_runner.py:64} INFO - Started process 2591712 to run task
[2024-07-25T14:28:56.203-0300] {standard_task_runner.py:90} INFO - Running: ['airflow', 'tasks', 'run', 'Binance_5m', 'get_5m_info', 'scheduled__2024-07-25T14:30:00+00:00', '--job-id', '2141', '--raw', '--subdir', 'DAGS_FOLDER/binance_dag.py', '--cfg-path', '/tmp/tmp7epkq7xt']
[2024-07-25T14:28:56.204-0300] {standard_task_runner.py:91} INFO - Job 2141: Subtask get_5m_info
[2024-07-25T14:28:56.230-0300] {task_command.py:426} INFO - Running <TaskInstance: Binance_5m.get_5m_info scheduled__2024-07-25T14:30:00+00:00 [running]> on host Galaxybook.
[2024-07-25T14:28:56.279-0300] {taskinstance.py:2648} INFO - Exporting env vars: AIRFLOW_CTX_DAG_OWNER='airflow' AIRFLOW_CTX_DAG_ID='Binance_5m' AIRFLOW_CTX_TASK_ID='get_5m_info' AIRFLOW_CTX_EXECUTION_DATE='2024-07-25T14:30:00+00:00' AIRFLOW_CTX_TRY_NUMBER='1' AIRFLOW_CTX_DAG_RUN_ID='scheduled__2024-07-25T14:30:00+00:00'
[2024-07-25T14:28:56.279-0300] {taskinstance.py:430} INFO - ::endgroup::
[2024-07-25T14:28:56.287-0300] {binance_dag.py:23} INFO - End Time: 2024-07-25T14:35:00.00Z
[2024-07-25T14:28:56.344-0300] {base.py:84} INFO - Using connection ID 'binance_default' for task execution.
[2024-07-25T14:28:56.344-0300] {logging_mixin.py:188} INFO - https://api.binance.com
[2024-07-25T14:28:56.345-0300] {binance_hook.py:35} INFO - URL: https://api.binance.com/api/v3/klines?symbol=BTCBRL&interval=5m&startTime=1721928600000&endTime=1721928900000
[2024-07-25T14:28:56.755-0300] {python.py:237} INFO - Done. Returned value was: None
[2024-07-25T14:28:56.756-0300] {taskinstance.py:441} INFO - ::group::Post task execution logs
[2024-07-25T14:28:56.758-0300] {taskinstance.py:1206} INFO - Marking task as SUCCESS. dag_id=Binance_5m, task_id=get_5m_info, run_id=scheduled__2024-07-25T14:30:00+00:00, execution_date=20240725T143000, start_date=20240725T172856, end_date=20240725T172856
[2024-07-25T14:28:56.782-0300] {local_task_job_runner.py:243} INFO - Task exited with return code 0
[2024-07-25T14:28:56.788-0300] {taskinstance.py:3503} INFO - 0 downstream tasks scheduled from follow-on schedule check
[2024-07-25T14:28:56.788-0300] {local_task_job_runner.py:222} INFO - ::endgroup::
[2024-07-25T14:32:12.462-0300] {local_task_job_runner.py:120} INFO - ::group::Pre task execution logs
[2024-07-25T14:32:12.472-0300] {taskinstance.py:2076} INFO - Dependencies all met for dep_context=non-requeueable deps ti=<TaskInstance: Binance_5m.get_5m_info scheduled__2024-07-25T14:30:00+00:00 [queued]>
[2024-07-25T14:32:12.478-0300] {taskinstance.py:2076} INFO - Dependencies all met for dep_context=requeueable deps ti=<TaskInstance: Binance_5m.get_5m_info scheduled__2024-07-25T14:30:00+00:00 [queued]>
[2024-07-25T14:32:12.479-0300] {taskinstance.py:2306} INFO - Starting attempt 1 of 1
[2024-07-25T14:32:12.496-0300] {taskinstance.py:2330} INFO - Executing <Task(PythonOperator): get_5m_info> on 2024-07-25 14:30:00+00:00
[2024-07-25T14:32:12.498-0300] {standard_task_runner.py:64} INFO - Started process 2595049 to run task
[2024-07-25T14:32:12.501-0300] {standard_task_runner.py:90} INFO - Running: ['airflow', 'tasks', 'run', 'Binance_5m', 'get_5m_info', 'scheduled__2024-07-25T14:30:00+00:00', '--job-id', '2150', '--raw', '--subdir', 'DAGS_FOLDER/binance_dag.py', '--cfg-path', '/tmp/tmp2tyyi1fa']
[2024-07-25T14:32:12.502-0300] {standard_task_runner.py:91} INFO - Job 2150: Subtask get_5m_info
[2024-07-25T14:32:12.540-0300] {task_command.py:426} INFO - Running <TaskInstance: Binance_5m.get_5m_info scheduled__2024-07-25T14:30:00+00:00 [running]> on host Galaxybook.
[2024-07-25T14:32:12.617-0300] {taskinstance.py:2648} INFO - Exporting env vars: AIRFLOW_CTX_DAG_OWNER='airflow' AIRFLOW_CTX_DAG_ID='Binance_5m' AIRFLOW_CTX_TASK_ID='get_5m_info' AIRFLOW_CTX_EXECUTION_DATE='2024-07-25T14:30:00+00:00' AIRFLOW_CTX_TRY_NUMBER='1' AIRFLOW_CTX_DAG_RUN_ID='scheduled__2024-07-25T14:30:00+00:00'
[2024-07-25T14:32:12.618-0300] {taskinstance.py:430} INFO - ::endgroup::
[2024-07-25T14:32:12.632-0300] {binance_dag.py:23} INFO - End Time: 2024-07-25T14:35:00.00Z
[2024-07-25T14:32:12.709-0300] {base.py:84} INFO - Using connection ID 'binance_default' for task execution.
[2024-07-25T14:32:12.709-0300] {logging_mixin.py:188} INFO - https://api.binance.com
[2024-07-25T14:32:12.710-0300] {binance_hook.py:35} INFO - URL: https://api.binance.com/api/v3/klines?symbol=BTCBRL&interval=5m&startTime=1721928600000&endTime=1721928900000
[2024-07-25T14:32:13.103-0300] {binance_dag.py:42} INFO - [[1721928600000, '367796.00000000', '368198.00000000', '367796.00000000', '368186.00000000', '0.42427000', 1721928899999, '156092.00327000', 48, '0.39194000', '144197.05765000', '0']]
[2024-07-25T14:32:13.104-0300] {python.py:237} INFO - Done. Returned value was: None
[2024-07-25T14:32:13.105-0300] {taskinstance.py:441} INFO - ::group::Post task execution logs
[2024-07-25T14:32:13.107-0300] {taskinstance.py:1206} INFO - Marking task as SUCCESS. dag_id=Binance_5m, task_id=get_5m_info, run_id=scheduled__2024-07-25T14:30:00+00:00, execution_date=20240725T143000, start_date=20240725T173212, end_date=20240725T173213
[2024-07-25T14:32:13.126-0300] {local_task_job_runner.py:243} INFO - Task exited with return code 0
[2024-07-25T14:32:13.133-0300] {taskinstance.py:3503} INFO - 0 downstream tasks scheduled from follow-on schedule check
[2024-07-25T14:32:13.133-0300] {local_task_job_runner.py:222} INFO - ::endgroup::
[2024-07-25T14:53:32.335-0300] {local_task_job_runner.py:120} INFO - ::group::Pre task execution logs
[2024-07-25T14:53:32.341-0300] {taskinstance.py:2076} INFO - Dependencies all met for dep_context=non-requeueable deps ti=<TaskInstance: Binance_5m.get_5m_info scheduled__2024-07-25T14:30:00+00:00 [queued]>
[2024-07-25T14:53:32.344-0300] {taskinstance.py:2076} INFO - Dependencies all met for dep_context=requeueable deps ti=<TaskInstance: Binance_5m.get_5m_info scheduled__2024-07-25T14:30:00+00:00 [queued]>
[2024-07-25T14:53:32.344-0300] {taskinstance.py:2306} INFO - Starting attempt 1 of 1
[2024-07-25T14:53:32.357-0300] {taskinstance.py:2330} INFO - Executing <Task(PythonOperator): get_5m_info> on 2024-07-25 14:30:00+00:00
[2024-07-25T14:53:32.359-0300] {standard_task_runner.py:64} INFO - Started process 2612923 to run task
[2024-07-25T14:53:32.361-0300] {standard_task_runner.py:90} INFO - Running: ['airflow', 'tasks', 'run', 'Binance_5m', 'get_5m_info', 'scheduled__2024-07-25T14:30:00+00:00', '--job-id', '2266', '--raw', '--subdir', 'DAGS_FOLDER/binance_dag.py', '--cfg-path', '/tmp/tmp7d13fvy7']
[2024-07-25T14:53:32.362-0300] {standard_task_runner.py:91} INFO - Job 2266: Subtask get_5m_info
[2024-07-25T14:53:32.388-0300] {task_command.py:426} INFO - Running <TaskInstance: Binance_5m.get_5m_info scheduled__2024-07-25T14:30:00+00:00 [running]> on host Galaxybook.
[2024-07-25T14:53:32.439-0300] {taskinstance.py:2648} INFO - Exporting env vars: AIRFLOW_CTX_DAG_OWNER='airflow' AIRFLOW_CTX_DAG_ID='Binance_5m' AIRFLOW_CTX_TASK_ID='get_5m_info' AIRFLOW_CTX_EXECUTION_DATE='2024-07-25T14:30:00+00:00' AIRFLOW_CTX_TRY_NUMBER='1' AIRFLOW_CTX_DAG_RUN_ID='scheduled__2024-07-25T14:30:00+00:00'
[2024-07-25T14:53:32.440-0300] {taskinstance.py:430} INFO - ::endgroup::
[2024-07-25T14:53:32.447-0300] {binance_dag.py:23} INFO - End Time: 2024-07-25T14:35:00.00Z
[2024-07-25T14:53:32.447-0300] {binance_dag.py:24} INFO - Start Time: 2024-07-25T14:30:00.00Z
[2024-07-25T14:53:32.557-0300] {base.py:84} INFO - Using connection ID 'binance_default' for task execution.
[2024-07-25T14:53:32.557-0300] {logging_mixin.py:188} INFO - https://api.binance.com
[2024-07-25T14:53:32.558-0300] {binance_hook.py:35} INFO - URL: https://api.binance.com/api/v3/klines?symbol=BTCBRL&interval=5m&startTime=1721928600000&endTime=1721928899999
[2024-07-25T14:53:32.959-0300] {binance_dag.py:43} INFO - r: [[1721928600000, '367796.00000000', '368198.00000000', '367369.00000000', '367616.00000000', '0.63887000', 1721928899999, '235052.46149000', 136, '0.55365000', '203700.73066000', '0']]
[2024-07-25T14:53:32.960-0300] {python.py:237} INFO - Done. Returned value was: None
[2024-07-25T14:53:32.961-0300] {taskinstance.py:441} INFO - ::group::Post task execution logs
[2024-07-25T14:53:32.964-0300] {taskinstance.py:1206} INFO - Marking task as SUCCESS. dag_id=Binance_5m, task_id=get_5m_info, run_id=scheduled__2024-07-25T14:30:00+00:00, execution_date=20240725T143000, start_date=20240725T175332, end_date=20240725T175332
[2024-07-25T14:53:32.983-0300] {local_task_job_runner.py:243} INFO - Task exited with return code 0
[2024-07-25T14:53:32.989-0300] {taskinstance.py:3503} INFO - 0 downstream tasks scheduled from follow-on schedule check
[2024-07-25T14:53:32.989-0300] {local_task_job_runner.py:222} INFO - ::endgroup::
[2024-07-25T15:23:19.096-0300] {local_task_job_runner.py:120} INFO - ::group::Pre task execution logs
[2024-07-25T15:23:19.102-0300] {taskinstance.py:2076} INFO - Dependencies all met for dep_context=non-requeueable deps ti=<TaskInstance: Binance_5m.get_5m_info scheduled__2024-07-25T14:30:00+00:00 [queued]>
[2024-07-25T15:23:19.105-0300] {taskinstance.py:2076} INFO - Dependencies all met for dep_context=requeueable deps ti=<TaskInstance: Binance_5m.get_5m_info scheduled__2024-07-25T14:30:00+00:00 [queued]>
[2024-07-25T15:23:19.105-0300] {taskinstance.py:2306} INFO - Starting attempt 1 of 1
[2024-07-25T15:23:19.117-0300] {taskinstance.py:2330} INFO - Executing <Task(PythonOperator): get_5m_info> on 2024-07-25 14:30:00+00:00
[2024-07-25T15:23:19.119-0300] {standard_task_runner.py:64} INFO - Started process 2635008 to run task
[2024-07-25T15:23:19.121-0300] {standard_task_runner.py:90} INFO - Running: ['airflow', 'tasks', 'run', 'Binance_5m', 'get_5m_info', 'scheduled__2024-07-25T14:30:00+00:00', '--job-id', '2709', '--raw', '--subdir', 'DAGS_FOLDER/binance_dag.py', '--cfg-path', '/tmp/tmpqakv7quj']
[2024-07-25T15:23:19.121-0300] {standard_task_runner.py:91} INFO - Job 2709: Subtask get_5m_info
[2024-07-25T15:23:19.146-0300] {task_command.py:426} INFO - Running <TaskInstance: Binance_5m.get_5m_info scheduled__2024-07-25T14:30:00+00:00 [running]> on host Galaxybook.
[2024-07-25T15:23:19.198-0300] {taskinstance.py:2648} INFO - Exporting env vars: AIRFLOW_CTX_DAG_OWNER='airflow' AIRFLOW_CTX_DAG_ID='Binance_5m' AIRFLOW_CTX_TASK_ID='get_5m_info' AIRFLOW_CTX_EXECUTION_DATE='2024-07-25T14:30:00+00:00' AIRFLOW_CTX_TRY_NUMBER='1' AIRFLOW_CTX_DAG_RUN_ID='scheduled__2024-07-25T14:30:00+00:00'
[2024-07-25T15:23:19.199-0300] {taskinstance.py:430} INFO - ::endgroup::
[2024-07-25T15:23:19.208-0300] {binance_dag.py:23} INFO - End Time: 2024-07-25T14:35:00.00Z
[2024-07-25T15:23:19.208-0300] {binance_dag.py:24} INFO - Start Time: 2024-07-25T14:30:00.00Z
[2024-07-25T15:23:19.260-0300] {binance_dag.py:25} INFO - 1721928600000
[2024-07-25T15:23:19.262-0300] {base.py:84} INFO - Using connection ID 'binance_default' for task execution.
[2024-07-25T15:23:19.262-0300] {logging_mixin.py:188} INFO - https://api.binance.com
[2024-07-25T15:23:19.263-0300] {binance_hook.py:35} INFO - URL: https://api.binance.com/api/v3/klines?symbol=BTCBRL&interval=5m&startTime=1721928600000&endTime=1721928899999
[2024-07-25T15:23:19.654-0300] {python.py:237} INFO - Done. Returned value was: None
[2024-07-25T15:23:19.655-0300] {taskinstance.py:441} INFO - ::group::Post task execution logs
[2024-07-25T15:23:19.657-0300] {taskinstance.py:1206} INFO - Marking task as SUCCESS. dag_id=Binance_5m, task_id=get_5m_info, run_id=scheduled__2024-07-25T14:30:00+00:00, execution_date=20240725T143000, start_date=20240725T182319, end_date=20240725T182319
[2024-07-25T15:23:19.700-0300] {local_task_job_runner.py:243} INFO - Task exited with return code 0
[2024-07-25T15:23:19.707-0300] {taskinstance.py:3503} INFO - 0 downstream tasks scheduled from follow-on schedule check
[2024-07-25T15:23:19.707-0300] {local_task_job_runner.py:222} INFO - ::endgroup::
[2024-07-25T16:21:38.423-0300] {local_task_job_runner.py:120} INFO - ::group::Pre task execution logs
[2024-07-25T16:21:38.430-0300] {taskinstance.py:2076} INFO - Dependencies all met for dep_context=non-requeueable deps ti=<TaskInstance: Binance_5m.get_5m_info scheduled__2024-07-25T14:30:00+00:00 [queued]>
[2024-07-25T16:21:38.433-0300] {taskinstance.py:2076} INFO - Dependencies all met for dep_context=requeueable deps ti=<TaskInstance: Binance_5m.get_5m_info scheduled__2024-07-25T14:30:00+00:00 [queued]>
[2024-07-25T16:21:38.434-0300] {taskinstance.py:2306} INFO - Starting attempt 1 of 1
[2024-07-25T16:21:38.450-0300] {taskinstance.py:2330} INFO - Executing <Task(PythonOperator): get_5m_info> on 2024-07-25 14:30:00+00:00
[2024-07-25T16:21:38.451-0300] {standard_task_runner.py:64} INFO - Started process 2664675 to run task
[2024-07-25T16:21:38.454-0300] {standard_task_runner.py:90} INFO - Running: ['airflow', 'tasks', 'run', 'Binance_5m', 'get_5m_info', 'scheduled__2024-07-25T14:30:00+00:00', '--job-id', '2324', '--raw', '--subdir', 'DAGS_FOLDER/binance_dag.py', '--cfg-path', '/tmp/tmppmqtsfs1']
[2024-07-25T16:21:38.455-0300] {standard_task_runner.py:91} INFO - Job 2324: Subtask get_5m_info
[2024-07-25T16:21:38.488-0300] {task_command.py:426} INFO - Running <TaskInstance: Binance_5m.get_5m_info scheduled__2024-07-25T14:30:00+00:00 [running]> on host Galaxybook.
[2024-07-25T16:21:38.552-0300] {taskinstance.py:2648} INFO - Exporting env vars: AIRFLOW_CTX_DAG_OWNER='airflow' AIRFLOW_CTX_DAG_ID='Binance_5m' AIRFLOW_CTX_TASK_ID='get_5m_info' AIRFLOW_CTX_EXECUTION_DATE='2024-07-25T14:30:00+00:00' AIRFLOW_CTX_TRY_NUMBER='1' AIRFLOW_CTX_DAG_RUN_ID='scheduled__2024-07-25T14:30:00+00:00'
[2024-07-25T16:21:38.553-0300] {taskinstance.py:430} INFO - ::endgroup::
[2024-07-25T16:21:38.561-0300] {binance_dag.py:22} INFO - End Time: 2024-07-25 14:35:00+00:00
[2024-07-25T16:21:38.562-0300] {binance_dag.py:23} INFO - Start Time: 2024-07-25 14:30:00+00:00
[2024-07-25T16:21:38.562-0300] {binance_dag.py:24} INFO - Start timestamp: 1721917800000
[2024-07-25T16:21:38.562-0300] {binance_dag.py:25} INFO - End timestamp: 1721918100000
[2024-07-25T16:21:38.627-0300] {base.py:84} INFO - Using connection ID 'binance_default' for task execution.
[2024-07-25T16:21:38.627-0300] {logging_mixin.py:188} INFO - https://api.binance.com
[2024-07-25T16:21:38.628-0300] {binance_hook.py:35} INFO - URL: https://api.binance.com/api/v3/klines?symbol=BTCBRL&interval=5m&startTime=1721917800000&endTime=1721918099999&timeZone=-3
[2024-07-25T16:21:39.025-0300] {python.py:237} INFO - Done. Returned value was: None
[2024-07-25T16:21:39.025-0300] {taskinstance.py:441} INFO - ::group::Post task execution logs
[2024-07-25T16:21:39.027-0300] {taskinstance.py:1206} INFO - Marking task as SUCCESS. dag_id=Binance_5m, task_id=get_5m_info, run_id=scheduled__2024-07-25T14:30:00+00:00, execution_date=20240725T143000, start_date=20240725T192138, end_date=20240725T192139
[2024-07-25T16:21:39.074-0300] {local_task_job_runner.py:243} INFO - Task exited with return code 0
[2024-07-25T16:21:39.080-0300] {taskinstance.py:3503} INFO - 0 downstream tasks scheduled from follow-on schedule check
[2024-07-25T16:21:39.080-0300] {local_task_job_runner.py:222} INFO - ::endgroup::
