[2024-07-25T14:28:45.011-0300] {local_task_job_runner.py:120} INFO - ::group::Pre task execution logs
[2024-07-25T14:28:45.016-0300] {taskinstance.py:2076} INFO - Dependencies all met for dep_context=non-requeueable deps ti=<TaskInstance: Binance_5m.get_5m_info scheduled__2024-07-25T14:10:00+00:00 [queued]>
[2024-07-25T14:28:45.019-0300] {taskinstance.py:2076} INFO - Dependencies all met for dep_context=requeueable deps ti=<TaskInstance: Binance_5m.get_5m_info scheduled__2024-07-25T14:10:00+00:00 [queued]>
[2024-07-25T14:28:45.019-0300] {taskinstance.py:2306} INFO - Starting attempt 1 of 1
[2024-07-25T14:28:45.033-0300] {taskinstance.py:2330} INFO - Executing <Task(PythonOperator): get_5m_info> on 2024-07-25 14:10:00+00:00
[2024-07-25T14:28:45.034-0300] {standard_task_runner.py:64} INFO - Started process 2591543 to run task
[2024-07-25T14:28:45.037-0300] {standard_task_runner.py:90} INFO - Running: ['airflow', 'tasks', 'run', 'Binance_5m', 'get_5m_info', 'scheduled__2024-07-25T14:10:00+00:00', '--job-id', '2135', '--raw', '--subdir', 'DAGS_FOLDER/binance_dag.py', '--cfg-path', '/tmp/tmpphxxqgb5']
[2024-07-25T14:28:45.038-0300] {standard_task_runner.py:91} INFO - Job 2135: Subtask get_5m_info
[2024-07-25T14:28:45.062-0300] {task_command.py:426} INFO - Running <TaskInstance: Binance_5m.get_5m_info scheduled__2024-07-25T14:10:00+00:00 [running]> on host Galaxybook.
[2024-07-25T14:28:45.108-0300] {taskinstance.py:2648} INFO - Exporting env vars: AIRFLOW_CTX_DAG_OWNER='airflow' AIRFLOW_CTX_DAG_ID='Binance_5m' AIRFLOW_CTX_TASK_ID='get_5m_info' AIRFLOW_CTX_EXECUTION_DATE='2024-07-25T14:10:00+00:00' AIRFLOW_CTX_TRY_NUMBER='1' AIRFLOW_CTX_DAG_RUN_ID='scheduled__2024-07-25T14:10:00+00:00'
[2024-07-25T14:28:45.109-0300] {taskinstance.py:430} INFO - ::endgroup::
[2024-07-25T14:28:45.116-0300] {binance_dag.py:23} INFO - End Time: 2024-07-25T14:15:00.00Z
[2024-07-25T14:28:45.169-0300] {base.py:84} INFO - Using connection ID 'binance_default' for task execution.
[2024-07-25T14:28:45.170-0300] {logging_mixin.py:188} INFO - https://api.binance.com
[2024-07-25T14:28:45.170-0300] {binance_hook.py:35} INFO - URL: https://api.binance.com/api/v3/klines?symbol=BTCBRL&interval=5m&startTime=1721927400000&endTime=1721927700000
[2024-07-25T14:28:45.565-0300] {python.py:237} INFO - Done. Returned value was: None
[2024-07-25T14:28:45.566-0300] {taskinstance.py:441} INFO - ::group::Post task execution logs
[2024-07-25T14:28:45.569-0300] {taskinstance.py:1206} INFO - Marking task as SUCCESS. dag_id=Binance_5m, task_id=get_5m_info, run_id=scheduled__2024-07-25T14:10:00+00:00, execution_date=20240725T141000, start_date=20240725T172845, end_date=20240725T172845
[2024-07-25T14:28:45.618-0300] {local_task_job_runner.py:243} INFO - Task exited with return code 0
[2024-07-25T14:28:45.625-0300] {taskinstance.py:3503} INFO - 0 downstream tasks scheduled from follow-on schedule check
[2024-07-25T14:28:45.625-0300] {local_task_job_runner.py:222} INFO - ::endgroup::
[2024-07-25T14:32:02.436-0300] {local_task_job_runner.py:120} INFO - ::group::Pre task execution logs
[2024-07-25T14:32:02.443-0300] {taskinstance.py:2076} INFO - Dependencies all met for dep_context=non-requeueable deps ti=<TaskInstance: Binance_5m.get_5m_info scheduled__2024-07-25T14:10:00+00:00 [queued]>
[2024-07-25T14:32:02.447-0300] {taskinstance.py:2076} INFO - Dependencies all met for dep_context=requeueable deps ti=<TaskInstance: Binance_5m.get_5m_info scheduled__2024-07-25T14:10:00+00:00 [queued]>
[2024-07-25T14:32:02.448-0300] {taskinstance.py:2306} INFO - Starting attempt 1 of 1
[2024-07-25T14:32:02.461-0300] {taskinstance.py:2330} INFO - Executing <Task(PythonOperator): get_5m_info> on 2024-07-25 14:10:00+00:00
[2024-07-25T14:32:02.463-0300] {standard_task_runner.py:64} INFO - Started process 2594879 to run task
[2024-07-25T14:32:02.465-0300] {standard_task_runner.py:90} INFO - Running: ['airflow', 'tasks', 'run', 'Binance_5m', 'get_5m_info', 'scheduled__2024-07-25T14:10:00+00:00', '--job-id', '2146', '--raw', '--subdir', 'DAGS_FOLDER/binance_dag.py', '--cfg-path', '/tmp/tmp9vonluvu']
[2024-07-25T14:32:02.466-0300] {standard_task_runner.py:91} INFO - Job 2146: Subtask get_5m_info
[2024-07-25T14:32:02.494-0300] {task_command.py:426} INFO - Running <TaskInstance: Binance_5m.get_5m_info scheduled__2024-07-25T14:10:00+00:00 [running]> on host Galaxybook.
[2024-07-25T14:32:02.545-0300] {taskinstance.py:2648} INFO - Exporting env vars: AIRFLOW_CTX_DAG_OWNER='airflow' AIRFLOW_CTX_DAG_ID='Binance_5m' AIRFLOW_CTX_TASK_ID='get_5m_info' AIRFLOW_CTX_EXECUTION_DATE='2024-07-25T14:10:00+00:00' AIRFLOW_CTX_TRY_NUMBER='1' AIRFLOW_CTX_DAG_RUN_ID='scheduled__2024-07-25T14:10:00+00:00'
[2024-07-25T14:32:02.545-0300] {taskinstance.py:430} INFO - ::endgroup::
[2024-07-25T14:32:02.553-0300] {binance_dag.py:23} INFO - End Time: 2024-07-25T14:15:00.00Z
[2024-07-25T14:32:02.610-0300] {base.py:84} INFO - Using connection ID 'binance_default' for task execution.
[2024-07-25T14:32:02.610-0300] {logging_mixin.py:188} INFO - https://api.binance.com
[2024-07-25T14:32:02.611-0300] {binance_hook.py:35} INFO - URL: https://api.binance.com/api/v3/klines?symbol=BTCBRL&interval=5m&startTime=1721927400000&endTime=1721927700000
[2024-07-25T14:32:03.021-0300] {taskinstance.py:441} INFO - ::group::Post task execution logs
[2024-07-25T14:32:03.022-0300] {taskinstance.py:2905} ERROR - Task failed with exception
Traceback (most recent call last):
  File "/home/hugoviana/Documentos/data_pipeline_airflow/.venv/lib/python3.12/site-packages/airflow/models/taskinstance.py", line 465, in _execute_task
    result = _execute_callable(context=context, **execute_callable_kwargs)
             ^^^^^^^^^^^^^^^^^^^^^^^^^^^^^^^^^^^^^^^^^^^^^^^^^^^^^^^^^^^^^
  File "/home/hugoviana/Documentos/data_pipeline_airflow/.venv/lib/python3.12/site-packages/airflow/models/taskinstance.py", line 432, in _execute_callable
    return execute_callable(context=context, **execute_callable_kwargs)
           ^^^^^^^^^^^^^^^^^^^^^^^^^^^^^^^^^^^^^^^^^^^^^^^^^^^^^^^^^^^^
  File "/home/hugoviana/Documentos/data_pipeline_airflow/.venv/lib/python3.12/site-packages/airflow/models/baseoperator.py", line 401, in wrapper
    return func(self, *args, **kwargs)
           ^^^^^^^^^^^^^^^^^^^^^^^^^^^
  File "/home/hugoviana/Documentos/data_pipeline_airflow/.venv/lib/python3.12/site-packages/airflow/operators/python.py", line 235, in execute
    return_value = self.execute_callable()
                   ^^^^^^^^^^^^^^^^^^^^^^^
  File "/home/hugoviana/Documentos/data_pipeline_airflow/.venv/lib/python3.12/site-packages/airflow/operators/python.py", line 252, in execute_callable
    return self.python_callable(*self.op_args, **self.op_kwargs)
           ^^^^^^^^^^^^^^^^^^^^^^^^^^^^^^^^^^^^^^^^^^^^^^^^^^^^^
  File "/home/hugoviana/Projetos/crypto-etl/airflow_pipeline/dags/binance_dag.py", line 42, in execute
    logg
NameError: name 'logg' is not defined
[2024-07-25T14:32:03.026-0300] {taskinstance.py:1206} INFO - Marking task as FAILED. dag_id=Binance_5m, task_id=get_5m_info, run_id=scheduled__2024-07-25T14:10:00+00:00, execution_date=20240725T141000, start_date=20240725T173202, end_date=20240725T173203
[2024-07-25T14:32:03.041-0300] {standard_task_runner.py:110} ERROR - Failed to execute job 2146 for task get_5m_info (name 'logg' is not defined; 2594879)
[2024-07-25T14:32:03.050-0300] {local_task_job_runner.py:243} INFO - Task exited with return code 1
[2024-07-25T14:32:03.056-0300] {taskinstance.py:3503} INFO - 0 downstream tasks scheduled from follow-on schedule check
[2024-07-25T14:32:03.056-0300] {local_task_job_runner.py:222} INFO - ::endgroup::
[2024-07-25T14:53:23.913-0300] {local_task_job_runner.py:120} INFO - ::group::Pre task execution logs
[2024-07-25T14:53:23.922-0300] {taskinstance.py:2076} INFO - Dependencies all met for dep_context=non-requeueable deps ti=<TaskInstance: Binance_5m.get_5m_info scheduled__2024-07-25T14:10:00+00:00 [queued]>
[2024-07-25T14:53:23.926-0300] {taskinstance.py:2076} INFO - Dependencies all met for dep_context=requeueable deps ti=<TaskInstance: Binance_5m.get_5m_info scheduled__2024-07-25T14:10:00+00:00 [queued]>
[2024-07-25T14:53:23.926-0300] {taskinstance.py:2306} INFO - Starting attempt 1 of 1
[2024-07-25T14:53:23.939-0300] {taskinstance.py:2330} INFO - Executing <Task(PythonOperator): get_5m_info> on 2024-07-25 14:10:00+00:00
[2024-07-25T14:53:23.941-0300] {standard_task_runner.py:64} INFO - Started process 2612795 to run task
[2024-07-25T14:53:23.943-0300] {standard_task_runner.py:90} INFO - Running: ['airflow', 'tasks', 'run', 'Binance_5m', 'get_5m_info', 'scheduled__2024-07-25T14:10:00+00:00', '--job-id', '2262', '--raw', '--subdir', 'DAGS_FOLDER/binance_dag.py', '--cfg-path', '/tmp/tmpo5wvmgh1']
[2024-07-25T14:53:23.943-0300] {standard_task_runner.py:91} INFO - Job 2262: Subtask get_5m_info
[2024-07-25T14:53:23.974-0300] {task_command.py:426} INFO - Running <TaskInstance: Binance_5m.get_5m_info scheduled__2024-07-25T14:10:00+00:00 [running]> on host Galaxybook.
[2024-07-25T14:53:24.033-0300] {taskinstance.py:2648} INFO - Exporting env vars: AIRFLOW_CTX_DAG_OWNER='airflow' AIRFLOW_CTX_DAG_ID='Binance_5m' AIRFLOW_CTX_TASK_ID='get_5m_info' AIRFLOW_CTX_EXECUTION_DATE='2024-07-25T14:10:00+00:00' AIRFLOW_CTX_TRY_NUMBER='1' AIRFLOW_CTX_DAG_RUN_ID='scheduled__2024-07-25T14:10:00+00:00'
[2024-07-25T14:53:24.033-0300] {taskinstance.py:430} INFO - ::endgroup::
[2024-07-25T14:53:24.041-0300] {binance_dag.py:23} INFO - End Time: 2024-07-25T14:15:00.00Z
[2024-07-25T14:53:24.041-0300] {binance_dag.py:24} INFO - Start Time: 2024-07-25T14:10:00.00Z
[2024-07-25T14:53:24.106-0300] {base.py:84} INFO - Using connection ID 'binance_default' for task execution.
[2024-07-25T14:53:24.106-0300] {logging_mixin.py:188} INFO - https://api.binance.com
[2024-07-25T14:53:24.107-0300] {binance_hook.py:35} INFO - URL: https://api.binance.com/api/v3/klines?symbol=BTCBRL&interval=5m&startTime=1721927400000&endTime=1721927699999
[2024-07-25T14:53:24.491-0300] {binance_dag.py:43} INFO - r: [[1721927400000, '368033.00000000', '368046.00000000', '367648.00000000', '367726.00000000', '0.15103000', 1721927699999, '55573.01944000', 68, '0.02865000', '10542.57398000', '0']]
[2024-07-25T14:53:24.492-0300] {python.py:237} INFO - Done. Returned value was: None
[2024-07-25T14:53:24.493-0300] {taskinstance.py:441} INFO - ::group::Post task execution logs
[2024-07-25T14:53:24.495-0300] {taskinstance.py:1206} INFO - Marking task as SUCCESS. dag_id=Binance_5m, task_id=get_5m_info, run_id=scheduled__2024-07-25T14:10:00+00:00, execution_date=20240725T141000, start_date=20240725T175323, end_date=20240725T175324
[2024-07-25T14:53:24.526-0300] {local_task_job_runner.py:243} INFO - Task exited with return code 0
[2024-07-25T14:53:24.532-0300] {taskinstance.py:3503} INFO - 0 downstream tasks scheduled from follow-on schedule check
[2024-07-25T14:53:24.533-0300] {local_task_job_runner.py:222} INFO - ::endgroup::
[2024-07-25T15:23:10.116-0300] {local_task_job_runner.py:120} INFO - ::group::Pre task execution logs
[2024-07-25T15:23:10.121-0300] {taskinstance.py:2076} INFO - Dependencies all met for dep_context=non-requeueable deps ti=<TaskInstance: Binance_5m.get_5m_info scheduled__2024-07-25T14:10:00+00:00 [queued]>
[2024-07-25T15:23:10.125-0300] {taskinstance.py:2076} INFO - Dependencies all met for dep_context=requeueable deps ti=<TaskInstance: Binance_5m.get_5m_info scheduled__2024-07-25T14:10:00+00:00 [queued]>
[2024-07-25T15:23:10.126-0300] {taskinstance.py:2306} INFO - Starting attempt 1 of 1
[2024-07-25T15:23:10.139-0300] {taskinstance.py:2330} INFO - Executing <Task(PythonOperator): get_5m_info> on 2024-07-25 14:10:00+00:00
[2024-07-25T15:23:10.141-0300] {standard_task_runner.py:64} INFO - Started process 2634890 to run task
[2024-07-25T15:23:10.143-0300] {standard_task_runner.py:90} INFO - Running: ['airflow', 'tasks', 'run', 'Binance_5m', 'get_5m_info', 'scheduled__2024-07-25T14:10:00+00:00', '--job-id', '2705', '--raw', '--subdir', 'DAGS_FOLDER/binance_dag.py', '--cfg-path', '/tmp/tmpptj57qs2']
[2024-07-25T15:23:10.144-0300] {standard_task_runner.py:91} INFO - Job 2705: Subtask get_5m_info
[2024-07-25T15:23:10.170-0300] {task_command.py:426} INFO - Running <TaskInstance: Binance_5m.get_5m_info scheduled__2024-07-25T14:10:00+00:00 [running]> on host Galaxybook.
[2024-07-25T15:23:10.226-0300] {taskinstance.py:2648} INFO - Exporting env vars: AIRFLOW_CTX_DAG_OWNER='airflow' AIRFLOW_CTX_DAG_ID='Binance_5m' AIRFLOW_CTX_TASK_ID='get_5m_info' AIRFLOW_CTX_EXECUTION_DATE='2024-07-25T14:10:00+00:00' AIRFLOW_CTX_TRY_NUMBER='1' AIRFLOW_CTX_DAG_RUN_ID='scheduled__2024-07-25T14:10:00+00:00'
[2024-07-25T15:23:10.226-0300] {taskinstance.py:430} INFO - ::endgroup::
[2024-07-25T15:23:10.234-0300] {binance_dag.py:23} INFO - End Time: 2024-07-25T14:15:00.00Z
[2024-07-25T15:23:10.234-0300] {binance_dag.py:24} INFO - Start Time: 2024-07-25T14:10:00.00Z
[2024-07-25T15:23:10.284-0300] {binance_dag.py:25} INFO - 1721927400000
[2024-07-25T15:23:10.287-0300] {base.py:84} INFO - Using connection ID 'binance_default' for task execution.
[2024-07-25T15:23:10.287-0300] {logging_mixin.py:188} INFO - https://api.binance.com
[2024-07-25T15:23:10.287-0300] {binance_hook.py:35} INFO - URL: https://api.binance.com/api/v3/klines?symbol=BTCBRL&interval=5m&startTime=1721927400000&endTime=1721927699999
[2024-07-25T15:23:10.676-0300] {python.py:237} INFO - Done. Returned value was: None
[2024-07-25T15:23:10.677-0300] {taskinstance.py:441} INFO - ::group::Post task execution logs
[2024-07-25T15:23:10.680-0300] {taskinstance.py:1206} INFO - Marking task as SUCCESS. dag_id=Binance_5m, task_id=get_5m_info, run_id=scheduled__2024-07-25T14:10:00+00:00, execution_date=20240725T141000, start_date=20240725T182310, end_date=20240725T182310
[2024-07-25T15:23:10.724-0300] {local_task_job_runner.py:243} INFO - Task exited with return code 0
[2024-07-25T15:23:10.731-0300] {taskinstance.py:3503} INFO - 0 downstream tasks scheduled from follow-on schedule check
[2024-07-25T15:23:10.732-0300] {local_task_job_runner.py:222} INFO - ::endgroup::
[2024-07-25T16:21:26.808-0300] {local_task_job_runner.py:120} INFO - ::group::Pre task execution logs
[2024-07-25T16:21:26.816-0300] {taskinstance.py:2076} INFO - Dependencies all met for dep_context=non-requeueable deps ti=<TaskInstance: Binance_5m.get_5m_info scheduled__2024-07-25T14:10:00+00:00 [queued]>
[2024-07-25T16:21:26.819-0300] {taskinstance.py:2076} INFO - Dependencies all met for dep_context=requeueable deps ti=<TaskInstance: Binance_5m.get_5m_info scheduled__2024-07-25T14:10:00+00:00 [queued]>
[2024-07-25T16:21:26.820-0300] {taskinstance.py:2306} INFO - Starting attempt 1 of 1
[2024-07-25T16:21:26.834-0300] {taskinstance.py:2330} INFO - Executing <Task(PythonOperator): get_5m_info> on 2024-07-25 14:10:00+00:00
[2024-07-25T16:21:26.837-0300] {standard_task_runner.py:64} INFO - Started process 2664498 to run task
[2024-07-25T16:21:26.840-0300] {standard_task_runner.py:90} INFO - Running: ['airflow', 'tasks', 'run', 'Binance_5m', 'get_5m_info', 'scheduled__2024-07-25T14:10:00+00:00', '--job-id', '2318', '--raw', '--subdir', 'DAGS_FOLDER/binance_dag.py', '--cfg-path', '/tmp/tmp86ti97bu']
[2024-07-25T16:21:26.841-0300] {standard_task_runner.py:91} INFO - Job 2318: Subtask get_5m_info
[2024-07-25T16:21:26.873-0300] {task_command.py:426} INFO - Running <TaskInstance: Binance_5m.get_5m_info scheduled__2024-07-25T14:10:00+00:00 [running]> on host Galaxybook.
[2024-07-25T16:21:26.937-0300] {taskinstance.py:2648} INFO - Exporting env vars: AIRFLOW_CTX_DAG_OWNER='airflow' AIRFLOW_CTX_DAG_ID='Binance_5m' AIRFLOW_CTX_TASK_ID='get_5m_info' AIRFLOW_CTX_EXECUTION_DATE='2024-07-25T14:10:00+00:00' AIRFLOW_CTX_TRY_NUMBER='1' AIRFLOW_CTX_DAG_RUN_ID='scheduled__2024-07-25T14:10:00+00:00'
[2024-07-25T16:21:26.938-0300] {taskinstance.py:430} INFO - ::endgroup::
[2024-07-25T16:21:26.946-0300] {binance_dag.py:22} INFO - End Time: 2024-07-25 14:15:00+00:00
[2024-07-25T16:21:26.946-0300] {binance_dag.py:23} INFO - Start Time: 2024-07-25 14:10:00+00:00
[2024-07-25T16:21:26.947-0300] {binance_dag.py:24} INFO - Start timestamp: 1721916600000
[2024-07-25T16:21:26.947-0300] {binance_dag.py:25} INFO - End timestamp: 1721916900000
[2024-07-25T16:21:27.016-0300] {base.py:84} INFO - Using connection ID 'binance_default' for task execution.
[2024-07-25T16:21:27.016-0300] {logging_mixin.py:188} INFO - https://api.binance.com
[2024-07-25T16:21:27.017-0300] {binance_hook.py:35} INFO - URL: https://api.binance.com/api/v3/klines?symbol=BTCBRL&interval=5m&startTime=1721916600000&endTime=1721916899999&timeZone=-3
[2024-07-25T16:21:27.446-0300] {python.py:237} INFO - Done. Returned value was: None
[2024-07-25T16:21:27.447-0300] {taskinstance.py:441} INFO - ::group::Post task execution logs
[2024-07-25T16:21:27.449-0300] {taskinstance.py:1206} INFO - Marking task as SUCCESS. dag_id=Binance_5m, task_id=get_5m_info, run_id=scheduled__2024-07-25T14:10:00+00:00, execution_date=20240725T141000, start_date=20240725T192126, end_date=20240725T192127
[2024-07-25T16:21:27.469-0300] {local_task_job_runner.py:243} INFO - Task exited with return code 0
[2024-07-25T16:21:27.475-0300] {taskinstance.py:3503} INFO - 0 downstream tasks scheduled from follow-on schedule check
[2024-07-25T16:21:27.476-0300] {local_task_job_runner.py:222} INFO - ::endgroup::
