[2024-07-25T15:30:01.920-0300] {local_task_job_runner.py:120} INFO - ::group::Pre task execution logs
[2024-07-25T15:30:01.925-0300] {taskinstance.py:2076} INFO - Dependencies all met for dep_context=non-requeueable deps ti=<TaskInstance: Binance_5m.get_5m_info scheduled__2024-07-25T18:25:00+00:00 [queued]>
[2024-07-25T15:30:01.928-0300] {taskinstance.py:2076} INFO - Dependencies all met for dep_context=requeueable deps ti=<TaskInstance: Binance_5m.get_5m_info scheduled__2024-07-25T18:25:00+00:00 [queued]>
[2024-07-25T15:30:01.928-0300] {taskinstance.py:2306} INFO - Starting attempt 1 of 1
[2024-07-25T15:30:01.940-0300] {taskinstance.py:2330} INFO - Executing <Task(PythonOperator): get_5m_info> on 2024-07-25 18:25:00+00:00
[2024-07-25T15:30:01.942-0300] {standard_task_runner.py:64} INFO - Started process 2638362 to run task
[2024-07-25T15:30:01.944-0300] {standard_task_runner.py:90} INFO - Running: ['airflow', 'tasks', 'run', 'Binance_5m', 'get_5m_info', 'scheduled__2024-07-25T18:25:00+00:00', '--job-id', '2756', '--raw', '--subdir', 'DAGS_FOLDER/binance_dag.py', '--cfg-path', '/tmp/tmpcm6y5i32']
[2024-07-25T15:30:01.944-0300] {standard_task_runner.py:91} INFO - Job 2756: Subtask get_5m_info
[2024-07-25T15:30:01.969-0300] {task_command.py:426} INFO - Running <TaskInstance: Binance_5m.get_5m_info scheduled__2024-07-25T18:25:00+00:00 [running]> on host Galaxybook.
[2024-07-25T15:30:02.021-0300] {taskinstance.py:2648} INFO - Exporting env vars: AIRFLOW_CTX_DAG_OWNER='airflow' AIRFLOW_CTX_DAG_ID='Binance_5m' AIRFLOW_CTX_TASK_ID='get_5m_info' AIRFLOW_CTX_EXECUTION_DATE='2024-07-25T18:25:00+00:00' AIRFLOW_CTX_TRY_NUMBER='1' AIRFLOW_CTX_DAG_RUN_ID='scheduled__2024-07-25T18:25:00+00:00'
[2024-07-25T15:30:02.021-0300] {taskinstance.py:430} INFO - ::endgroup::
[2024-07-25T15:30:02.029-0300] {binance_dag.py:23} INFO - End Time: 2024-07-25T18:30:00.00Z
[2024-07-25T15:30:02.030-0300] {binance_dag.py:24} INFO - Start Time: 2024-07-25T18:25:00.00Z
[2024-07-25T15:30:02.079-0300] {binance_dag.py:25} INFO - 1721942700000
[2024-07-25T15:30:02.082-0300] {base.py:84} INFO - Using connection ID 'binance_default' for task execution.
[2024-07-25T15:30:02.082-0300] {logging_mixin.py:188} INFO - https://api.binance.com
[2024-07-25T15:30:02.082-0300] {binance_hook.py:35} INFO - URL: https://api.binance.com/api/v3/klines?symbol=BTCBRL&interval=5m&startTime=1721942700000&endTime=1721942999999
[2024-07-25T15:30:07.473-0300] {python.py:237} INFO - Done. Returned value was: None
[2024-07-25T15:30:07.474-0300] {taskinstance.py:441} INFO - ::group::Post task execution logs
[2024-07-25T15:30:07.477-0300] {taskinstance.py:1206} INFO - Marking task as SUCCESS. dag_id=Binance_5m, task_id=get_5m_info, run_id=scheduled__2024-07-25T18:25:00+00:00, execution_date=20240725T182500, start_date=20240725T183001, end_date=20240725T183007
[2024-07-25T15:30:07.530-0300] {local_task_job_runner.py:243} INFO - Task exited with return code 0
[2024-07-25T15:30:07.538-0300] {taskinstance.py:3503} INFO - 0 downstream tasks scheduled from follow-on schedule check
[2024-07-25T15:30:07.539-0300] {local_task_job_runner.py:222} INFO - ::endgroup::
[2024-07-25T16:24:26.740-0300] {local_task_job_runner.py:120} INFO - ::group::Pre task execution logs
[2024-07-25T16:24:26.748-0300] {taskinstance.py:2076} INFO - Dependencies all met for dep_context=non-requeueable deps ti=<TaskInstance: Binance_5m.get_5m_info scheduled__2024-07-25T18:25:00+00:00 [queued]>
[2024-07-25T16:24:26.752-0300] {taskinstance.py:2076} INFO - Dependencies all met for dep_context=requeueable deps ti=<TaskInstance: Binance_5m.get_5m_info scheduled__2024-07-25T18:25:00+00:00 [queued]>
[2024-07-25T16:24:26.752-0300] {taskinstance.py:2306} INFO - Starting attempt 1 of 1
[2024-07-25T16:24:26.766-0300] {taskinstance.py:2330} INFO - Executing <Task(PythonOperator): get_5m_info> on 2024-07-25 18:25:00+00:00
[2024-07-25T16:24:26.768-0300] {standard_task_runner.py:64} INFO - Started process 2667479 to run task
[2024-07-25T16:24:26.771-0300] {standard_task_runner.py:90} INFO - Running: ['airflow', 'tasks', 'run', 'Binance_5m', 'get_5m_info', 'scheduled__2024-07-25T18:25:00+00:00', '--job-id', '2404', '--raw', '--subdir', 'DAGS_FOLDER/binance_dag.py', '--cfg-path', '/tmp/tmp9n9pp0ui']
[2024-07-25T16:24:26.773-0300] {standard_task_runner.py:91} INFO - Job 2404: Subtask get_5m_info
[2024-07-25T16:24:26.808-0300] {task_command.py:426} INFO - Running <TaskInstance: Binance_5m.get_5m_info scheduled__2024-07-25T18:25:00+00:00 [running]> on host Galaxybook.
[2024-07-25T16:24:26.872-0300] {taskinstance.py:2648} INFO - Exporting env vars: AIRFLOW_CTX_DAG_OWNER='airflow' AIRFLOW_CTX_DAG_ID='Binance_5m' AIRFLOW_CTX_TASK_ID='get_5m_info' AIRFLOW_CTX_EXECUTION_DATE='2024-07-25T18:25:00+00:00' AIRFLOW_CTX_TRY_NUMBER='1' AIRFLOW_CTX_DAG_RUN_ID='scheduled__2024-07-25T18:25:00+00:00'
[2024-07-25T16:24:26.872-0300] {taskinstance.py:430} INFO - ::endgroup::
[2024-07-25T16:24:26.882-0300] {binance_dag.py:22} INFO - End Time: 2024-07-25 18:30:00+00:00
[2024-07-25T16:24:26.882-0300] {binance_dag.py:23} INFO - Start Time: 2024-07-25 18:25:00+00:00
[2024-07-25T16:24:26.882-0300] {binance_dag.py:24} INFO - Start timestamp: 1721931900000
[2024-07-25T16:24:26.883-0300] {binance_dag.py:25} INFO - End timestamp: 1721932200000
[2024-07-25T16:24:26.959-0300] {base.py:84} INFO - Using connection ID 'binance_default' for task execution.
[2024-07-25T16:24:26.959-0300] {logging_mixin.py:188} INFO - https://api.binance.com
[2024-07-25T16:24:26.959-0300] {binance_hook.py:35} INFO - URL: https://api.binance.com/api/v3/klines?symbol=BTCBRL&interval=5m&startTime=1721931900000&endTime=1721932199999&timeZone=-3
[2024-07-25T16:24:27.380-0300] {python.py:237} INFO - Done. Returned value was: None
[2024-07-25T16:24:27.381-0300] {taskinstance.py:441} INFO - ::group::Post task execution logs
[2024-07-25T16:24:27.386-0300] {taskinstance.py:1206} INFO - Marking task as SUCCESS. dag_id=Binance_5m, task_id=get_5m_info, run_id=scheduled__2024-07-25T18:25:00+00:00, execution_date=20240725T182500, start_date=20240725T192426, end_date=20240725T192427
[2024-07-25T16:24:27.433-0300] {local_task_job_runner.py:243} INFO - Task exited with return code 0
[2024-07-25T16:24:27.443-0300] {taskinstance.py:3503} INFO - 0 downstream tasks scheduled from follow-on schedule check
[2024-07-25T16:24:27.443-0300] {local_task_job_runner.py:222} INFO - ::endgroup::
