[2024-07-25T09:59:03.228-0300] {local_task_job_runner.py:120} INFO - ::group::Pre task execution logs
[2024-07-25T09:59:03.239-0300] {taskinstance.py:2076} INFO - Dependencies all met for dep_context=non-requeueable deps ti=<TaskInstance: Mercado_1m.get_1m_info scheduled__2024-07-25T11:23:00+00:00 [queued]>
[2024-07-25T09:59:03.243-0300] {taskinstance.py:2076} INFO - Dependencies all met for dep_context=requeueable deps ti=<TaskInstance: Mercado_1m.get_1m_info scheduled__2024-07-25T11:23:00+00:00 [queued]>
[2024-07-25T09:59:03.243-0300] {taskinstance.py:2306} INFO - Starting attempt 1 of 1
[2024-07-25T09:59:03.257-0300] {taskinstance.py:2330} INFO - Executing <Task(PythonOperator): get_1m_info> on 2024-07-25 11:23:00+00:00
[2024-07-25T09:59:03.259-0300] {standard_task_runner.py:64} INFO - Started process 2444140 to run task
[2024-07-25T09:59:03.261-0300] {standard_task_runner.py:90} INFO - Running: ['airflow', 'tasks', 'run', 'Mercado_1m', 'get_1m_info', 'scheduled__2024-07-25T11:23:00+00:00', '--job-id', '1919', '--raw', '--subdir', 'DAGS_FOLDER/mercado_dag.py', '--cfg-path', '/tmp/tmpxbonj_ul']
[2024-07-25T09:59:03.262-0300] {standard_task_runner.py:91} INFO - Job 1919: Subtask get_1m_info
[2024-07-25T09:59:03.289-0300] {task_command.py:426} INFO - Running <TaskInstance: Mercado_1m.get_1m_info scheduled__2024-07-25T11:23:00+00:00 [running]> on host Galaxybook.
[2024-07-25T09:59:03.337-0300] {taskinstance.py:2648} INFO - Exporting env vars: AIRFLOW_CTX_DAG_OWNER='airflow' AIRFLOW_CTX_DAG_ID='Mercado_1m' AIRFLOW_CTX_TASK_ID='get_1m_info' AIRFLOW_CTX_EXECUTION_DATE='2024-07-25T11:23:00+00:00' AIRFLOW_CTX_TRY_NUMBER='1' AIRFLOW_CTX_DAG_RUN_ID='scheduled__2024-07-25T11:23:00+00:00'
[2024-07-25T09:59:03.337-0300] {taskinstance.py:430} INFO - ::endgroup::
[2024-07-25T09:59:03.400-0300] {base.py:84} INFO - Using connection ID 'mercado_default' for task execution.
[2024-07-25T09:59:03.401-0300] {mercado_hook.py:26} INFO - BASE URL: https://api.mercadobitcoin.net/api/v4
[2024-07-25T09:59:03.401-0300] {mercado_hook.py:32} INFO - URL: https://api.mercadobitcoin.net/api/v4/candles?symbol=BTC-BRL&resolution=1m&to=1721912283&from=1721912343
[2024-07-25T09:59:03.678-0300] {python.py:237} INFO - Done. Returned value was: None
[2024-07-25T09:59:03.678-0300] {taskinstance.py:441} INFO - ::group::Post task execution logs
[2024-07-25T09:59:03.681-0300] {taskinstance.py:1206} INFO - Marking task as SUCCESS. dag_id=Mercado_1m, task_id=get_1m_info, run_id=scheduled__2024-07-25T11:23:00+00:00, execution_date=20240725T112300, start_date=20240725T125903, end_date=20240725T125903
[2024-07-25T09:59:03.722-0300] {local_task_job_runner.py:243} INFO - Task exited with return code 0
[2024-07-25T09:59:03.729-0300] {taskinstance.py:3503} INFO - 0 downstream tasks scheduled from follow-on schedule check
[2024-07-25T09:59:03.730-0300] {local_task_job_runner.py:222} INFO - ::endgroup::
[2024-07-25T10:58:43.564-0300] {local_task_job_runner.py:120} INFO - ::group::Pre task execution logs
[2024-07-25T10:58:43.572-0300] {taskinstance.py:2076} INFO - Dependencies all met for dep_context=non-requeueable deps ti=<TaskInstance: Mercado_1m.get_1m_info scheduled__2024-07-25T11:23:00+00:00 [queued]>
[2024-07-25T10:58:43.576-0300] {taskinstance.py:2076} INFO - Dependencies all met for dep_context=requeueable deps ti=<TaskInstance: Mercado_1m.get_1m_info scheduled__2024-07-25T11:23:00+00:00 [queued]>
[2024-07-25T10:58:43.576-0300] {taskinstance.py:2306} INFO - Starting attempt 1 of 1
[2024-07-25T10:58:43.591-0300] {taskinstance.py:2330} INFO - Executing <Task(PythonOperator): get_1m_info> on 2024-07-25 11:23:00+00:00
[2024-07-25T10:58:43.593-0300] {standard_task_runner.py:64} INFO - Started process 2480380 to run task
[2024-07-25T10:58:43.596-0300] {standard_task_runner.py:90} INFO - Running: ['airflow', 'tasks', 'run', 'Mercado_1m', 'get_1m_info', 'scheduled__2024-07-25T11:23:00+00:00', '--job-id', '1857', '--raw', '--subdir', 'DAGS_FOLDER/mercado_dag.py', '--cfg-path', '/tmp/tmpbp7gta7k']
[2024-07-25T10:58:43.597-0300] {standard_task_runner.py:91} INFO - Job 1857: Subtask get_1m_info
[2024-07-25T10:58:43.650-0300] {task_command.py:426} INFO - Running <TaskInstance: Mercado_1m.get_1m_info scheduled__2024-07-25T11:23:00+00:00 [running]> on host Galaxybook.
[2024-07-25T10:58:43.744-0300] {taskinstance.py:2648} INFO - Exporting env vars: AIRFLOW_CTX_DAG_OWNER='airflow' AIRFLOW_CTX_DAG_ID='Mercado_1m' AIRFLOW_CTX_TASK_ID='get_1m_info' AIRFLOW_CTX_EXECUTION_DATE='2024-07-25T11:23:00+00:00' AIRFLOW_CTX_TRY_NUMBER='1' AIRFLOW_CTX_DAG_RUN_ID='scheduled__2024-07-25T11:23:00+00:00'
[2024-07-25T10:58:43.744-0300] {taskinstance.py:430} INFO - ::endgroup::
[2024-07-25T10:58:43.820-0300] {base.py:84} INFO - Using connection ID 'mercado_default' for task execution.
[2024-07-25T10:58:43.821-0300] {mercado_hook.py:31} INFO - URL: https://api.mercadobitcoin.net/api/v4/candles?symbol=BTC-BRL&resolution=1m&to=1721915923753&countback=1
[2024-07-25T10:58:44.154-0300] {python.py:237} INFO - Done. Returned value was: None
[2024-07-25T10:58:44.155-0300] {taskinstance.py:441} INFO - ::group::Post task execution logs
[2024-07-25T10:58:44.157-0300] {taskinstance.py:1206} INFO - Marking task as SUCCESS. dag_id=Mercado_1m, task_id=get_1m_info, run_id=scheduled__2024-07-25T11:23:00+00:00, execution_date=20240725T112300, start_date=20240725T135843, end_date=20240725T135844
[2024-07-25T10:58:44.181-0300] {local_task_job_runner.py:243} INFO - Task exited with return code 0
[2024-07-25T10:58:44.187-0300] {taskinstance.py:3503} INFO - 0 downstream tasks scheduled from follow-on schedule check
[2024-07-25T10:58:44.187-0300] {local_task_job_runner.py:222} INFO - ::endgroup::
