[2024-07-25T14:27:23.797-0300] {local_task_job_runner.py:120} INFO - ::group::Pre task execution logs
[2024-07-25T14:27:23.802-0300] {taskinstance.py:2076} INFO - Dependencies all met for dep_context=non-requeueable deps ti=<TaskInstance: Mercado_5m.get_5m_info scheduled__2024-07-25T12:05:00+00:00 [queued]>
[2024-07-25T14:27:23.806-0300] {taskinstance.py:2076} INFO - Dependencies all met for dep_context=requeueable deps ti=<TaskInstance: Mercado_5m.get_5m_info scheduled__2024-07-25T12:05:00+00:00 [queued]>
[2024-07-25T14:27:23.806-0300] {taskinstance.py:2306} INFO - Starting attempt 1 of 1
[2024-07-25T14:27:23.818-0300] {taskinstance.py:2330} INFO - Executing <Task(PythonOperator): get_5m_info> on 2024-07-25 12:05:00+00:00
[2024-07-25T14:27:23.820-0300] {standard_task_runner.py:64} INFO - Started process 2590144 to run task
[2024-07-25T14:27:23.822-0300] {standard_task_runner.py:90} INFO - Running: ['airflow', 'tasks', 'run', 'Mercado_5m', 'get_5m_info', 'scheduled__2024-07-25T12:05:00+00:00', '--job-id', '2084', '--raw', '--subdir', 'DAGS_FOLDER/mercado_dag.py', '--cfg-path', '/tmp/tmpqceafrpo']
[2024-07-25T14:27:23.823-0300] {standard_task_runner.py:91} INFO - Job 2084: Subtask get_5m_info
[2024-07-25T14:27:23.847-0300] {task_command.py:426} INFO - Running <TaskInstance: Mercado_5m.get_5m_info scheduled__2024-07-25T12:05:00+00:00 [running]> on host Galaxybook.
[2024-07-25T14:27:23.892-0300] {taskinstance.py:2648} INFO - Exporting env vars: AIRFLOW_CTX_DAG_OWNER='airflow' AIRFLOW_CTX_DAG_ID='Mercado_5m' AIRFLOW_CTX_TASK_ID='get_5m_info' AIRFLOW_CTX_EXECUTION_DATE='2024-07-25T12:05:00+00:00' AIRFLOW_CTX_TRY_NUMBER='1' AIRFLOW_CTX_DAG_RUN_ID='scheduled__2024-07-25T12:05:00+00:00'
[2024-07-25T14:27:23.892-0300] {taskinstance.py:430} INFO - ::endgroup::
[2024-07-25T14:27:23.899-0300] {taskinstance.py:441} INFO - ::group::Post task execution logs
[2024-07-25T14:27:23.899-0300] {taskinstance.py:2905} ERROR - Task failed with exception
Traceback (most recent call last):
  File "/home/hugoviana/Documentos/data_pipeline_airflow/.venv/lib/python3.12/site-packages/airflow/models/taskinstance.py", line 465, in _execute_task
    result = _execute_callable(context=context, **execute_callable_kwargs)
             ^^^^^^^^^^^^^^^^^^^^^^^^^^^^^^^^^^^^^^^^^^^^^^^^^^^^^^^^^^^^^
  File "/home/hugoviana/Documentos/data_pipeline_airflow/.venv/lib/python3.12/site-packages/airflow/models/taskinstance.py", line 432, in _execute_callable
    return execute_callable(context=context, **execute_callable_kwargs)
           ^^^^^^^^^^^^^^^^^^^^^^^^^^^^^^^^^^^^^^^^^^^^^^^^^^^^^^^^^^^^
  File "/home/hugoviana/Documentos/data_pipeline_airflow/.venv/lib/python3.12/site-packages/airflow/models/baseoperator.py", line 401, in wrapper
    return func(self, *args, **kwargs)
           ^^^^^^^^^^^^^^^^^^^^^^^^^^^
  File "/home/hugoviana/Documentos/data_pipeline_airflow/.venv/lib/python3.12/site-packages/airflow/operators/python.py", line 232, in execute
    context_merge(context, self.op_kwargs, templates_dict=self.templates_dict)
  File "/home/hugoviana/Documentos/data_pipeline_airflow/.venv/lib/python3.12/site-packages/airflow/utils/context.py", line 266, in context_merge
    context.update(*args, **kwargs)
  File "<frozen _collections_abc>", line 987, in update
ValueError: too many values to unpack (expected 2)
[2024-07-25T14:27:23.903-0300] {taskinstance.py:1206} INFO - Marking task as FAILED. dag_id=Mercado_5m, task_id=get_5m_info, run_id=scheduled__2024-07-25T12:05:00+00:00, execution_date=20240725T120500, start_date=20240725T172723, end_date=20240725T172723
[2024-07-25T14:27:23.912-0300] {standard_task_runner.py:110} ERROR - Failed to execute job 2084 for task get_5m_info (too many values to unpack (expected 2); 2590144)
[2024-07-25T14:27:23.956-0300] {local_task_job_runner.py:243} INFO - Task exited with return code 1
[2024-07-25T14:27:23.962-0300] {taskinstance.py:3503} INFO - 0 downstream tasks scheduled from follow-on schedule check
[2024-07-25T14:27:23.962-0300] {local_task_job_runner.py:222} INFO - ::endgroup::
[2024-07-25T14:29:57.984-0300] {local_task_job_runner.py:120} INFO - ::group::Pre task execution logs
[2024-07-25T14:29:57.991-0300] {taskinstance.py:2076} INFO - Dependencies all met for dep_context=non-requeueable deps ti=<TaskInstance: Mercado_5m.get_5m_info scheduled__2024-07-25T12:05:00+00:00 [queued]>
[2024-07-25T14:29:57.994-0300] {taskinstance.py:2076} INFO - Dependencies all met for dep_context=requeueable deps ti=<TaskInstance: Mercado_5m.get_5m_info scheduled__2024-07-25T12:05:00+00:00 [queued]>
[2024-07-25T14:29:57.994-0300] {taskinstance.py:2306} INFO - Starting attempt 1 of 1
[2024-07-25T14:29:58.008-0300] {taskinstance.py:2330} INFO - Executing <Task(PythonOperator): get_5m_info> on 2024-07-25 12:05:00+00:00
[2024-07-25T14:29:58.010-0300] {standard_task_runner.py:64} INFO - Started process 2592809 to run task
[2024-07-25T14:29:58.012-0300] {standard_task_runner.py:90} INFO - Running: ['airflow', 'tasks', 'run', 'Mercado_5m', 'get_5m_info', 'scheduled__2024-07-25T12:05:00+00:00', '--job-id', '2083', '--raw', '--subdir', 'DAGS_FOLDER/mercado_dag.py', '--cfg-path', '/tmp/tmp0sb5e9m3']
[2024-07-25T14:29:58.013-0300] {standard_task_runner.py:91} INFO - Job 2083: Subtask get_5m_info
[2024-07-25T14:29:58.040-0300] {task_command.py:426} INFO - Running <TaskInstance: Mercado_5m.get_5m_info scheduled__2024-07-25T12:05:00+00:00 [running]> on host Galaxybook.
[2024-07-25T14:29:58.087-0300] {taskinstance.py:2648} INFO - Exporting env vars: AIRFLOW_CTX_DAG_OWNER='airflow' AIRFLOW_CTX_DAG_ID='Mercado_5m' AIRFLOW_CTX_TASK_ID='get_5m_info' AIRFLOW_CTX_EXECUTION_DATE='2024-07-25T12:05:00+00:00' AIRFLOW_CTX_TRY_NUMBER='1' AIRFLOW_CTX_DAG_RUN_ID='scheduled__2024-07-25T12:05:00+00:00'
[2024-07-25T14:29:58.087-0300] {taskinstance.py:430} INFO - ::endgroup::
[2024-07-25T14:29:58.094-0300] {taskinstance.py:441} INFO - ::group::Post task execution logs
[2024-07-25T14:29:58.094-0300] {taskinstance.py:2905} ERROR - Task failed with exception
Traceback (most recent call last):
  File "/home/hugoviana/Documentos/data_pipeline_airflow/.venv/lib/python3.12/site-packages/airflow/models/taskinstance.py", line 465, in _execute_task
    result = _execute_callable(context=context, **execute_callable_kwargs)
             ^^^^^^^^^^^^^^^^^^^^^^^^^^^^^^^^^^^^^^^^^^^^^^^^^^^^^^^^^^^^^
  File "/home/hugoviana/Documentos/data_pipeline_airflow/.venv/lib/python3.12/site-packages/airflow/models/taskinstance.py", line 432, in _execute_callable
    return execute_callable(context=context, **execute_callable_kwargs)
           ^^^^^^^^^^^^^^^^^^^^^^^^^^^^^^^^^^^^^^^^^^^^^^^^^^^^^^^^^^^^
  File "/home/hugoviana/Documentos/data_pipeline_airflow/.venv/lib/python3.12/site-packages/airflow/models/baseoperator.py", line 401, in wrapper
    return func(self, *args, **kwargs)
           ^^^^^^^^^^^^^^^^^^^^^^^^^^^
  File "/home/hugoviana/Documentos/data_pipeline_airflow/.venv/lib/python3.12/site-packages/airflow/operators/python.py", line 232, in execute
    context_merge(context, self.op_kwargs, templates_dict=self.templates_dict)
  File "/home/hugoviana/Documentos/data_pipeline_airflow/.venv/lib/python3.12/site-packages/airflow/utils/context.py", line 266, in context_merge
    context.update(*args, **kwargs)
  File "<frozen _collections_abc>", line 987, in update
ValueError: too many values to unpack (expected 2)
[2024-07-25T14:29:58.097-0300] {taskinstance.py:1206} INFO - Marking task as FAILED. dag_id=Mercado_5m, task_id=get_5m_info, run_id=scheduled__2024-07-25T12:05:00+00:00, execution_date=20240725T120500, start_date=20240725T172957, end_date=20240725T172958
[2024-07-25T14:29:58.109-0300] {standard_task_runner.py:110} ERROR - Failed to execute job 2083 for task get_5m_info (too many values to unpack (expected 2); 2592809)
[2024-07-25T14:29:58.147-0300] {local_task_job_runner.py:243} INFO - Task exited with return code 1
[2024-07-25T14:29:58.155-0300] {taskinstance.py:3503} INFO - 0 downstream tasks scheduled from follow-on schedule check
[2024-07-25T14:29:58.155-0300] {local_task_job_runner.py:222} INFO - ::endgroup::
[2024-07-25T14:49:17.868-0300] {local_task_job_runner.py:120} INFO - ::group::Pre task execution logs
[2024-07-25T14:49:17.875-0300] {taskinstance.py:2076} INFO - Dependencies all met for dep_context=non-requeueable deps ti=<TaskInstance: Mercado_5m.get_5m_info scheduled__2024-07-25T12:05:00+00:00 [queued]>
[2024-07-25T14:49:17.879-0300] {taskinstance.py:2076} INFO - Dependencies all met for dep_context=requeueable deps ti=<TaskInstance: Mercado_5m.get_5m_info scheduled__2024-07-25T12:05:00+00:00 [queued]>
[2024-07-25T14:49:17.879-0300] {taskinstance.py:2306} INFO - Starting attempt 1 of 1
[2024-07-25T14:49:17.894-0300] {taskinstance.py:2330} INFO - Executing <Task(PythonOperator): get_5m_info> on 2024-07-25 12:05:00+00:00
[2024-07-25T14:49:17.896-0300] {standard_task_runner.py:64} INFO - Started process 2608713 to run task
[2024-07-25T14:49:17.898-0300] {standard_task_runner.py:90} INFO - Running: ['airflow', 'tasks', 'run', 'Mercado_5m', 'get_5m_info', 'scheduled__2024-07-25T12:05:00+00:00', '--job-id', '2155', '--raw', '--subdir', 'DAGS_FOLDER/mercado_dag.py', '--cfg-path', '/tmp/tmpzhosdh33']
[2024-07-25T14:49:17.899-0300] {standard_task_runner.py:91} INFO - Job 2155: Subtask get_5m_info
[2024-07-25T14:49:17.925-0300] {task_command.py:426} INFO - Running <TaskInstance: Mercado_5m.get_5m_info scheduled__2024-07-25T12:05:00+00:00 [running]> on host Galaxybook.
[2024-07-25T14:49:17.977-0300] {taskinstance.py:2648} INFO - Exporting env vars: AIRFLOW_CTX_DAG_OWNER='airflow' AIRFLOW_CTX_DAG_ID='Mercado_5m' AIRFLOW_CTX_TASK_ID='get_5m_info' AIRFLOW_CTX_EXECUTION_DATE='2024-07-25T12:05:00+00:00' AIRFLOW_CTX_TRY_NUMBER='1' AIRFLOW_CTX_DAG_RUN_ID='scheduled__2024-07-25T12:05:00+00:00'
[2024-07-25T14:49:17.977-0300] {taskinstance.py:430} INFO - ::endgroup::
[2024-07-25T14:49:18.049-0300] {base.py:84} INFO - Using connection ID 'mercado_default' for task execution.
[2024-07-25T14:49:18.050-0300] {mercado_hook.py:31} INFO - URL: https://api.mercadobitcoin.net/api/v4/candles?symbol=BTC-BRL&resolution=5m&to=1721920200&from=1721919900
[2024-07-25T14:49:18.353-0300] {python.py:237} INFO - Done. Returned value was: None
[2024-07-25T14:49:18.354-0300] {taskinstance.py:441} INFO - ::group::Post task execution logs
[2024-07-25T14:49:18.357-0300] {taskinstance.py:1206} INFO - Marking task as SUCCESS. dag_id=Mercado_5m, task_id=get_5m_info, run_id=scheduled__2024-07-25T12:05:00+00:00, execution_date=20240725T120500, start_date=20240725T174917, end_date=20240725T174918
[2024-07-25T14:49:18.396-0300] {local_task_job_runner.py:243} INFO - Task exited with return code 0
[2024-07-25T14:49:18.404-0300] {taskinstance.py:3503} INFO - 0 downstream tasks scheduled from follow-on schedule check
[2024-07-25T14:49:18.405-0300] {local_task_job_runner.py:222} INFO - ::endgroup::
[2024-07-25T14:59:54.266-0300] {local_task_job_runner.py:120} INFO - ::group::Pre task execution logs
[2024-07-25T14:59:54.271-0300] {taskinstance.py:2076} INFO - Dependencies all met for dep_context=non-requeueable deps ti=<TaskInstance: Mercado_5m.get_5m_info scheduled__2024-07-25T12:05:00+00:00 [queued]>
[2024-07-25T14:59:54.275-0300] {taskinstance.py:2076} INFO - Dependencies all met for dep_context=requeueable deps ti=<TaskInstance: Mercado_5m.get_5m_info scheduled__2024-07-25T12:05:00+00:00 [queued]>
[2024-07-25T14:59:54.275-0300] {taskinstance.py:2306} INFO - Starting attempt 1 of 1
[2024-07-25T14:59:54.289-0300] {taskinstance.py:2330} INFO - Executing <Task(PythonOperator): get_5m_info> on 2024-07-25 12:05:00+00:00
[2024-07-25T14:59:54.291-0300] {standard_task_runner.py:64} INFO - Started process 2619323 to run task
[2024-07-25T14:59:54.293-0300] {standard_task_runner.py:90} INFO - Running: ['airflow', 'tasks', 'run', 'Mercado_5m', 'get_5m_info', 'scheduled__2024-07-25T12:05:00+00:00', '--job-id', '2456', '--raw', '--subdir', 'DAGS_FOLDER/mercado_dag.py', '--cfg-path', '/tmp/tmp8sg25010']
[2024-07-25T14:59:54.294-0300] {standard_task_runner.py:91} INFO - Job 2456: Subtask get_5m_info
[2024-07-25T14:59:54.321-0300] {task_command.py:426} INFO - Running <TaskInstance: Mercado_5m.get_5m_info scheduled__2024-07-25T12:05:00+00:00 [running]> on host Galaxybook.
[2024-07-25T14:59:54.376-0300] {taskinstance.py:2648} INFO - Exporting env vars: AIRFLOW_CTX_DAG_OWNER='airflow' AIRFLOW_CTX_DAG_ID='Mercado_5m' AIRFLOW_CTX_TASK_ID='get_5m_info' AIRFLOW_CTX_EXECUTION_DATE='2024-07-25T12:05:00+00:00' AIRFLOW_CTX_TRY_NUMBER='1' AIRFLOW_CTX_DAG_RUN_ID='scheduled__2024-07-25T12:05:00+00:00'
[2024-07-25T14:59:54.376-0300] {taskinstance.py:430} INFO - ::endgroup::
[2024-07-25T14:59:54.466-0300] {base.py:84} INFO - Using connection ID 'mercado_default' for task execution.
[2024-07-25T14:59:54.467-0300] {mercado_hook.py:31} INFO - URL: https://api.mercadobitcoin.net/api/v4/candles?symbol=BTC-BRL&resolution=5m&to=1721920200&from=1721919900
[2024-07-25T14:59:54.750-0300] {python.py:237} INFO - Done. Returned value was: None
[2024-07-25T14:59:54.750-0300] {taskinstance.py:441} INFO - ::group::Post task execution logs
[2024-07-25T14:59:54.752-0300] {taskinstance.py:1206} INFO - Marking task as SUCCESS. dag_id=Mercado_5m, task_id=get_5m_info, run_id=scheduled__2024-07-25T12:05:00+00:00, execution_date=20240725T120500, start_date=20240725T175954, end_date=20240725T175954
[2024-07-25T14:59:54.792-0300] {local_task_job_runner.py:243} INFO - Task exited with return code 0
[2024-07-25T14:59:54.799-0300] {taskinstance.py:3503} INFO - 0 downstream tasks scheduled from follow-on schedule check
[2024-07-25T14:59:54.799-0300] {local_task_job_runner.py:222} INFO - ::endgroup::
