[2024-07-25T14:55:31.861-0300] {local_task_job_runner.py:120} INFO - ::group::Pre task execution logs
[2024-07-25T14:55:31.866-0300] {taskinstance.py:2076} INFO - Dependencies all met for dep_context=non-requeueable deps ti=<TaskInstance: Binance_5m.get_5m_info scheduled__2024-07-25T17:45:00+00:00 [queued]>
[2024-07-25T14:55:31.870-0300] {taskinstance.py:2076} INFO - Dependencies all met for dep_context=requeueable deps ti=<TaskInstance: Binance_5m.get_5m_info scheduled__2024-07-25T17:45:00+00:00 [queued]>
[2024-07-25T14:55:31.870-0300] {taskinstance.py:2306} INFO - Starting attempt 1 of 1
[2024-07-25T14:55:31.882-0300] {taskinstance.py:2330} INFO - Executing <Task(PythonOperator): get_5m_info> on 2024-07-25 17:45:00+00:00
[2024-07-25T14:55:31.884-0300] {standard_task_runner.py:64} INFO - Started process 2614989 to run task
[2024-07-25T14:55:31.886-0300] {standard_task_runner.py:90} INFO - Running: ['airflow', 'tasks', 'run', 'Binance_5m', 'get_5m_info', 'scheduled__2024-07-25T17:45:00+00:00', '--job-id', '2328', '--raw', '--subdir', 'DAGS_FOLDER/binance_dag.py', '--cfg-path', '/tmp/tmp2t89l1j6']
[2024-07-25T14:55:31.887-0300] {standard_task_runner.py:91} INFO - Job 2328: Subtask get_5m_info
[2024-07-25T14:55:31.916-0300] {task_command.py:426} INFO - Running <TaskInstance: Binance_5m.get_5m_info scheduled__2024-07-25T17:45:00+00:00 [running]> on host Galaxybook.
[2024-07-25T14:55:31.970-0300] {taskinstance.py:2648} INFO - Exporting env vars: AIRFLOW_CTX_DAG_OWNER='airflow' AIRFLOW_CTX_DAG_ID='Binance_5m' AIRFLOW_CTX_TASK_ID='get_5m_info' AIRFLOW_CTX_EXECUTION_DATE='2024-07-25T17:45:00+00:00' AIRFLOW_CTX_TRY_NUMBER='1' AIRFLOW_CTX_DAG_RUN_ID='scheduled__2024-07-25T17:45:00+00:00'
[2024-07-25T14:55:31.971-0300] {taskinstance.py:430} INFO - ::endgroup::
[2024-07-25T14:55:31.979-0300] {binance_dag.py:23} INFO - End Time: 2024-07-25T17:50:00.00Z
[2024-07-25T14:55:31.979-0300] {binance_dag.py:24} INFO - Start Time: 2024-07-25T17:45:00.00Z
[2024-07-25T14:55:32.034-0300] {base.py:84} INFO - Using connection ID 'binance_default' for task execution.
[2024-07-25T14:55:32.035-0300] {logging_mixin.py:188} INFO - https://api.binance.com
[2024-07-25T14:55:32.035-0300] {binance_hook.py:35} INFO - URL: https://api.binance.com/api/v3/klines?symbol=BTCBRL&interval=5m&startTime=1721940300000&endTime=1721940599999
[2024-07-25T14:55:32.441-0300] {binance_dag.py:43} INFO - r: []
[2024-07-25T14:55:32.442-0300] {python.py:237} INFO - Done. Returned value was: None
[2024-07-25T14:55:32.443-0300] {taskinstance.py:441} INFO - ::group::Post task execution logs
[2024-07-25T14:55:32.445-0300] {taskinstance.py:1206} INFO - Marking task as SUCCESS. dag_id=Binance_5m, task_id=get_5m_info, run_id=scheduled__2024-07-25T17:45:00+00:00, execution_date=20240725T174500, start_date=20240725T175531, end_date=20240725T175532
[2024-07-25T14:55:32.470-0300] {local_task_job_runner.py:243} INFO - Task exited with return code 0
[2024-07-25T14:55:32.476-0300] {taskinstance.py:3503} INFO - 0 downstream tasks scheduled from follow-on schedule check
[2024-07-25T14:55:32.476-0300] {local_task_job_runner.py:222} INFO - ::endgroup::
[2024-07-25T15:24:47.533-0300] {local_task_job_runner.py:120} INFO - ::group::Pre task execution logs
[2024-07-25T15:24:47.539-0300] {taskinstance.py:2076} INFO - Dependencies all met for dep_context=non-requeueable deps ti=<TaskInstance: Binance_5m.get_5m_info scheduled__2024-07-25T17:45:00+00:00 [queued]>
[2024-07-25T15:24:47.543-0300] {taskinstance.py:2076} INFO - Dependencies all met for dep_context=requeueable deps ti=<TaskInstance: Binance_5m.get_5m_info scheduled__2024-07-25T17:45:00+00:00 [queued]>
[2024-07-25T15:24:47.543-0300] {taskinstance.py:2306} INFO - Starting attempt 1 of 1
[2024-07-25T15:24:47.561-0300] {taskinstance.py:2330} INFO - Executing <Task(PythonOperator): get_5m_info> on 2024-07-25 17:45:00+00:00
[2024-07-25T15:24:47.562-0300] {standard_task_runner.py:64} INFO - Started process 2636468 to run task
[2024-07-25T15:24:47.565-0300] {standard_task_runner.py:90} INFO - Running: ['airflow', 'tasks', 'run', 'Binance_5m', 'get_5m_info', 'scheduled__2024-07-25T17:45:00+00:00', '--job-id', '2748', '--raw', '--subdir', 'DAGS_FOLDER/binance_dag.py', '--cfg-path', '/tmp/tmpf308g2c8']
[2024-07-25T15:24:47.566-0300] {standard_task_runner.py:91} INFO - Job 2748: Subtask get_5m_info
[2024-07-25T15:24:47.595-0300] {task_command.py:426} INFO - Running <TaskInstance: Binance_5m.get_5m_info scheduled__2024-07-25T17:45:00+00:00 [running]> on host Galaxybook.
[2024-07-25T15:24:47.648-0300] {taskinstance.py:2648} INFO - Exporting env vars: AIRFLOW_CTX_DAG_OWNER='airflow' AIRFLOW_CTX_DAG_ID='Binance_5m' AIRFLOW_CTX_TASK_ID='get_5m_info' AIRFLOW_CTX_EXECUTION_DATE='2024-07-25T17:45:00+00:00' AIRFLOW_CTX_TRY_NUMBER='1' AIRFLOW_CTX_DAG_RUN_ID='scheduled__2024-07-25T17:45:00+00:00'
[2024-07-25T15:24:47.649-0300] {taskinstance.py:430} INFO - ::endgroup::
[2024-07-25T15:24:47.656-0300] {binance_dag.py:23} INFO - End Time: 2024-07-25T17:50:00.00Z
[2024-07-25T15:24:47.656-0300] {binance_dag.py:24} INFO - Start Time: 2024-07-25T17:45:00.00Z
[2024-07-25T15:24:47.714-0300] {binance_dag.py:25} INFO - 1721940300000
[2024-07-25T15:24:47.716-0300] {base.py:84} INFO - Using connection ID 'binance_default' for task execution.
[2024-07-25T15:24:47.716-0300] {logging_mixin.py:188} INFO - https://api.binance.com
[2024-07-25T15:24:47.717-0300] {binance_hook.py:35} INFO - URL: https://api.binance.com/api/v3/klines?symbol=BTCBRL&interval=5m&startTime=1721940300000&endTime=1721940599999
[2024-07-25T15:24:48.223-0300] {python.py:237} INFO - Done. Returned value was: None
[2024-07-25T15:24:48.224-0300] {taskinstance.py:441} INFO - ::group::Post task execution logs
[2024-07-25T15:24:48.227-0300] {taskinstance.py:1206} INFO - Marking task as SUCCESS. dag_id=Binance_5m, task_id=get_5m_info, run_id=scheduled__2024-07-25T17:45:00+00:00, execution_date=20240725T174500, start_date=20240725T182447, end_date=20240725T182448
[2024-07-25T15:24:48.273-0300] {local_task_job_runner.py:243} INFO - Task exited with return code 0
[2024-07-25T15:24:48.279-0300] {taskinstance.py:3503} INFO - 0 downstream tasks scheduled from follow-on schedule check
[2024-07-25T15:24:48.279-0300] {local_task_job_runner.py:222} INFO - ::endgroup::
[2024-07-25T16:24:04.969-0300] {local_task_job_runner.py:120} INFO - ::group::Pre task execution logs
[2024-07-25T16:24:04.976-0300] {taskinstance.py:2076} INFO - Dependencies all met for dep_context=non-requeueable deps ti=<TaskInstance: Binance_5m.get_5m_info scheduled__2024-07-25T17:45:00+00:00 [queued]>
[2024-07-25T16:24:04.980-0300] {taskinstance.py:2076} INFO - Dependencies all met for dep_context=requeueable deps ti=<TaskInstance: Binance_5m.get_5m_info scheduled__2024-07-25T17:45:00+00:00 [queued]>
[2024-07-25T16:24:04.980-0300] {taskinstance.py:2306} INFO - Starting attempt 1 of 1
[2024-07-25T16:24:05.001-0300] {taskinstance.py:2330} INFO - Executing <Task(PythonOperator): get_5m_info> on 2024-07-25 17:45:00+00:00
[2024-07-25T16:24:05.004-0300] {standard_task_runner.py:64} INFO - Started process 2667143 to run task
[2024-07-25T16:24:05.006-0300] {standard_task_runner.py:90} INFO - Running: ['airflow', 'tasks', 'run', 'Binance_5m', 'get_5m_info', 'scheduled__2024-07-25T17:45:00+00:00', '--job-id', '2396', '--raw', '--subdir', 'DAGS_FOLDER/binance_dag.py', '--cfg-path', '/tmp/tmp81nz62qz']
[2024-07-25T16:24:05.007-0300] {standard_task_runner.py:91} INFO - Job 2396: Subtask get_5m_info
[2024-07-25T16:24:05.064-0300] {task_command.py:426} INFO - Running <TaskInstance: Binance_5m.get_5m_info scheduled__2024-07-25T17:45:00+00:00 [running]> on host Galaxybook.
[2024-07-25T16:24:05.127-0300] {taskinstance.py:2648} INFO - Exporting env vars: AIRFLOW_CTX_DAG_OWNER='airflow' AIRFLOW_CTX_DAG_ID='Binance_5m' AIRFLOW_CTX_TASK_ID='get_5m_info' AIRFLOW_CTX_EXECUTION_DATE='2024-07-25T17:45:00+00:00' AIRFLOW_CTX_TRY_NUMBER='1' AIRFLOW_CTX_DAG_RUN_ID='scheduled__2024-07-25T17:45:00+00:00'
[2024-07-25T16:24:05.128-0300] {taskinstance.py:430} INFO - ::endgroup::
[2024-07-25T16:24:05.138-0300] {binance_dag.py:22} INFO - End Time: 2024-07-25 17:50:00+00:00
[2024-07-25T16:24:05.138-0300] {binance_dag.py:23} INFO - Start Time: 2024-07-25 17:45:00+00:00
[2024-07-25T16:24:05.138-0300] {binance_dag.py:24} INFO - Start timestamp: 1721929500000
[2024-07-25T16:24:05.138-0300] {binance_dag.py:25} INFO - End timestamp: 1721929800000
[2024-07-25T16:24:05.211-0300] {base.py:84} INFO - Using connection ID 'binance_default' for task execution.
[2024-07-25T16:24:05.211-0300] {logging_mixin.py:188} INFO - https://api.binance.com
[2024-07-25T16:24:05.212-0300] {binance_hook.py:35} INFO - URL: https://api.binance.com/api/v3/klines?symbol=BTCBRL&interval=5m&startTime=1721929500000&endTime=1721929799999&timeZone=-3
[2024-07-25T16:24:05.603-0300] {python.py:237} INFO - Done. Returned value was: None
[2024-07-25T16:24:05.604-0300] {taskinstance.py:441} INFO - ::group::Post task execution logs
[2024-07-25T16:24:05.606-0300] {taskinstance.py:1206} INFO - Marking task as SUCCESS. dag_id=Binance_5m, task_id=get_5m_info, run_id=scheduled__2024-07-25T17:45:00+00:00, execution_date=20240725T174500, start_date=20240725T192404, end_date=20240725T192405
[2024-07-25T16:24:05.624-0300] {local_task_job_runner.py:243} INFO - Task exited with return code 0
[2024-07-25T16:24:05.632-0300] {taskinstance.py:3503} INFO - 0 downstream tasks scheduled from follow-on schedule check
[2024-07-25T16:24:05.633-0300] {local_task_job_runner.py:222} INFO - ::endgroup::
