[2024-07-25T16:40:02.188-0300] {local_task_job_runner.py:120} INFO - ::group::Pre task execution logs
[2024-07-25T16:40:02.199-0300] {taskinstance.py:2076} INFO - Dependencies all met for dep_context=non-requeueable deps ti=<TaskInstance: Binance_5m.get_5m_info scheduled__2024-07-25T19:35:00+00:00 [queued]>
[2024-07-25T16:40:02.205-0300] {taskinstance.py:2076} INFO - Dependencies all met for dep_context=requeueable deps ti=<TaskInstance: Binance_5m.get_5m_info scheduled__2024-07-25T19:35:00+00:00 [queued]>
[2024-07-25T16:40:02.205-0300] {taskinstance.py:2306} INFO - Starting attempt 1 of 1
[2024-07-25T16:40:02.226-0300] {taskinstance.py:2330} INFO - Executing <Task(PythonOperator): get_5m_info> on 2024-07-25 19:35:00+00:00
[2024-07-25T16:40:02.229-0300] {standard_task_runner.py:64} INFO - Started process 2676781 to run task
[2024-07-25T16:40:02.231-0300] {standard_task_runner.py:90} INFO - Running: ['airflow', 'tasks', 'run', 'Binance_5m', 'get_5m_info', 'scheduled__2024-07-25T19:35:00+00:00', '--job-id', '2466', '--raw', '--subdir', 'DAGS_FOLDER/binance_dag.py', '--cfg-path', '/tmp/tmpst2rzr0e']
[2024-07-25T16:40:02.233-0300] {standard_task_runner.py:91} INFO - Job 2466: Subtask get_5m_info
[2024-07-25T16:40:02.276-0300] {task_command.py:426} INFO - Running <TaskInstance: Binance_5m.get_5m_info scheduled__2024-07-25T19:35:00+00:00 [running]> on host Galaxybook.
[2024-07-25T16:40:02.355-0300] {taskinstance.py:2648} INFO - Exporting env vars: AIRFLOW_CTX_DAG_OWNER='airflow' AIRFLOW_CTX_DAG_ID='Binance_5m' AIRFLOW_CTX_TASK_ID='get_5m_info' AIRFLOW_CTX_EXECUTION_DATE='2024-07-25T19:35:00+00:00' AIRFLOW_CTX_TRY_NUMBER='1' AIRFLOW_CTX_DAG_RUN_ID='scheduled__2024-07-25T19:35:00+00:00'
[2024-07-25T16:40:02.356-0300] {taskinstance.py:430} INFO - ::endgroup::
[2024-07-25T16:40:02.493-0300] {base.py:84} INFO - Using connection ID 'binance_default' for task execution.
[2024-07-25T16:40:02.493-0300] {logging_mixin.py:188} INFO - https://api.binance.com
[2024-07-25T16:40:02.494-0300] {binance_hook.py:35} INFO - URL: https://api.binance.com/api/v3/klines?symbol=BTCBRL&interval=5m&startTime=1721936100000&endTime=1721936399999&timeZone=-3
[2024-07-25T16:40:07.909-0300] {python.py:237} INFO - Done. Returned value was: None
[2024-07-25T16:40:07.909-0300] {taskinstance.py:441} INFO - ::group::Post task execution logs
[2024-07-25T16:40:07.912-0300] {taskinstance.py:1206} INFO - Marking task as SUCCESS. dag_id=Binance_5m, task_id=get_5m_info, run_id=scheduled__2024-07-25T19:35:00+00:00, execution_date=20240725T193500, start_date=20240725T194002, end_date=20240725T194007
[2024-07-25T16:40:07.959-0300] {local_task_job_runner.py:243} INFO - Task exited with return code 0
[2024-07-25T16:40:07.964-0300] {taskinstance.py:3503} INFO - 0 downstream tasks scheduled from follow-on schedule check
[2024-07-25T16:40:07.965-0300] {local_task_job_runner.py:222} INFO - ::endgroup::
