[2024-07-25T16:18:13.139-0300] {local_task_job_runner.py:120} INFO - ::group::Pre task execution logs
[2024-07-25T16:18:13.156-0300] {taskinstance.py:2076} INFO - Dependencies all met for dep_context=non-requeueable deps ti=<TaskInstance: Mercado_5m.get_5m_info manual__2024-07-25T19:18:06.741773+00:00 [queued]>
[2024-07-25T16:18:13.159-0300] {taskinstance.py:2076} INFO - Dependencies all met for dep_context=requeueable deps ti=<TaskInstance: Mercado_5m.get_5m_info manual__2024-07-25T19:18:06.741773+00:00 [queued]>
[2024-07-25T16:18:13.160-0300] {taskinstance.py:2306} INFO - Starting attempt 1 of 1
[2024-07-25T16:18:13.208-0300] {taskinstance.py:2330} INFO - Executing <Task(PythonOperator): get_5m_info> on 2024-07-25 19:18:06.741773+00:00
[2024-07-25T16:18:13.210-0300] {standard_task_runner.py:64} INFO - Started process 2661176 to run task
[2024-07-25T16:18:13.212-0300] {standard_task_runner.py:90} INFO - Running: ['airflow', 'tasks', 'run', 'Mercado_5m', 'get_5m_info', 'manual__2024-07-25T19:18:06.741773+00:00', '--job-id', '2220', '--raw', '--subdir', 'DAGS_FOLDER/mercado_dag.py', '--cfg-path', '/tmp/tmpy05yx6fg']
[2024-07-25T16:18:13.213-0300] {standard_task_runner.py:91} INFO - Job 2220: Subtask get_5m_info
[2024-07-25T16:18:13.241-0300] {task_command.py:426} INFO - Running <TaskInstance: Mercado_5m.get_5m_info manual__2024-07-25T19:18:06.741773+00:00 [running]> on host Galaxybook.
[2024-07-25T16:18:13.309-0300] {taskinstance.py:2648} INFO - Exporting env vars: AIRFLOW_CTX_DAG_OWNER='airflow' AIRFLOW_CTX_DAG_ID='Mercado_5m' AIRFLOW_CTX_TASK_ID='get_5m_info' AIRFLOW_CTX_EXECUTION_DATE='2024-07-25T19:18:06.741773+00:00' AIRFLOW_CTX_TRY_NUMBER='1' AIRFLOW_CTX_DAG_RUN_ID='manual__2024-07-25T19:18:06.741773+00:00'
[2024-07-25T16:18:13.309-0300] {taskinstance.py:430} INFO - ::endgroup::
[2024-07-25T16:18:13.322-0300] {mercado_dag.py:22} INFO - To: 2024-07-25 19:15:00+00:00
[2024-07-25T16:18:13.322-0300] {mercado_dag.py:23} INFO - From: 2024-07-25 19:10:00+00:00
[2024-07-25T16:18:13.419-0300] {base.py:84} INFO - Using connection ID 'mercado_default' for task execution.
[2024-07-25T16:18:13.419-0300] {mercado_hook.py:31} INFO - URL: https://api.mercadobitcoin.net/api/v4/candles?symbol=BTC-BRL&resolution=5m&to=1721934900&from=1721934600
[2024-07-25T16:18:13.703-0300] {python.py:237} INFO - Done. Returned value was: None
[2024-07-25T16:18:13.704-0300] {taskinstance.py:441} INFO - ::group::Post task execution logs
[2024-07-25T16:18:13.707-0300] {taskinstance.py:1206} INFO - Marking task as SUCCESS. dag_id=Mercado_5m, task_id=get_5m_info, run_id=manual__2024-07-25T19:18:06.741773+00:00, execution_date=20240725T191806, start_date=20240725T191813, end_date=20240725T191813
[2024-07-25T16:18:13.750-0300] {local_task_job_runner.py:243} INFO - Task exited with return code 0
[2024-07-25T16:18:13.772-0300] {taskinstance.py:3503} INFO - 0 downstream tasks scheduled from follow-on schedule check
[2024-07-25T16:18:13.773-0300] {local_task_job_runner.py:222} INFO - ::endgroup::
