[2024-07-25T14:50:53.762-0300] {local_task_job_runner.py:120} INFO - ::group::Pre task execution logs
[2024-07-25T14:50:53.767-0300] {taskinstance.py:2076} INFO - Dependencies all met for dep_context=non-requeueable deps ti=<TaskInstance: Binance_5m.get_5m_info scheduled__2024-07-25T09:05:00+00:00 [queued]>
[2024-07-25T14:50:53.771-0300] {taskinstance.py:2076} INFO - Dependencies all met for dep_context=requeueable deps ti=<TaskInstance: Binance_5m.get_5m_info scheduled__2024-07-25T09:05:00+00:00 [queued]>
[2024-07-25T14:50:53.771-0300] {taskinstance.py:2306} INFO - Starting attempt 1 of 1
[2024-07-25T14:50:53.787-0300] {taskinstance.py:2330} INFO - Executing <Task(PythonOperator): get_5m_info> on 2024-07-25 09:05:00+00:00
[2024-07-25T14:50:53.789-0300] {standard_task_runner.py:64} INFO - Started process 2610275 to run task
[2024-07-25T14:50:53.791-0300] {standard_task_runner.py:90} INFO - Running: ['airflow', 'tasks', 'run', 'Binance_5m', 'get_5m_info', 'scheduled__2024-07-25T09:05:00+00:00', '--job-id', '2201', '--raw', '--subdir', 'DAGS_FOLDER/binance_dag.py', '--cfg-path', '/tmp/tmpe45zokts']
[2024-07-25T14:50:53.792-0300] {standard_task_runner.py:91} INFO - Job 2201: Subtask get_5m_info
[2024-07-25T14:50:53.823-0300] {task_command.py:426} INFO - Running <TaskInstance: Binance_5m.get_5m_info scheduled__2024-07-25T09:05:00+00:00 [running]> on host Galaxybook.
[2024-07-25T14:50:53.882-0300] {taskinstance.py:2648} INFO - Exporting env vars: AIRFLOW_CTX_DAG_OWNER='airflow' AIRFLOW_CTX_DAG_ID='Binance_5m' AIRFLOW_CTX_TASK_ID='get_5m_info' AIRFLOW_CTX_EXECUTION_DATE='2024-07-25T09:05:00+00:00' AIRFLOW_CTX_TRY_NUMBER='1' AIRFLOW_CTX_DAG_RUN_ID='scheduled__2024-07-25T09:05:00+00:00'
[2024-07-25T14:50:53.883-0300] {taskinstance.py:430} INFO - ::endgroup::
[2024-07-25T14:50:53.891-0300] {binance_dag.py:23} INFO - End Time: 2024-07-25T09:10:00.00Z
[2024-07-25T14:50:53.891-0300] {binance_dag.py:24} INFO - Start Time: 2024-07-25T09:05:00.00Z
[2024-07-25T14:50:53.964-0300] {base.py:84} INFO - Using connection ID 'binance_default' for task execution.
[2024-07-25T14:50:53.964-0300] {logging_mixin.py:188} INFO - https://api.binance.com
[2024-07-25T14:50:53.964-0300] {binance_hook.py:35} INFO - URL: https://api.binance.com/api/v3/klines?symbol=BTCBRL&interval=5m&startTime=1721909100000&endTime=1721909399999
[2024-07-25T14:50:54.362-0300] {binance_dag.py:43} INFO - r: [[1721909100000, '366096.00000000', '366822.00000000', '366005.00000000', '366822.00000000', '0.49035000', 1721909399999, '179614.26535000', 72, '0.28909000', '105904.37639000', '0']]
[2024-07-25T14:50:54.363-0300] {python.py:237} INFO - Done. Returned value was: None
[2024-07-25T14:50:54.363-0300] {taskinstance.py:441} INFO - ::group::Post task execution logs
[2024-07-25T14:50:54.365-0300] {taskinstance.py:1206} INFO - Marking task as SUCCESS. dag_id=Binance_5m, task_id=get_5m_info, run_id=scheduled__2024-07-25T09:05:00+00:00, execution_date=20240725T090500, start_date=20240725T175053, end_date=20240725T175054
[2024-07-25T14:50:54.413-0300] {local_task_job_runner.py:243} INFO - Task exited with return code 0
[2024-07-25T14:50:54.420-0300] {taskinstance.py:3503} INFO - 0 downstream tasks scheduled from follow-on schedule check
[2024-07-25T14:50:54.421-0300] {local_task_job_runner.py:222} INFO - ::endgroup::
[2024-07-25T15:20:57.393-0300] {local_task_job_runner.py:120} INFO - ::group::Pre task execution logs
[2024-07-25T15:20:57.399-0300] {taskinstance.py:2076} INFO - Dependencies all met for dep_context=non-requeueable deps ti=<TaskInstance: Binance_5m.get_5m_info scheduled__2024-07-25T09:05:00+00:00 [queued]>
[2024-07-25T15:20:57.401-0300] {taskinstance.py:2076} INFO - Dependencies all met for dep_context=requeueable deps ti=<TaskInstance: Binance_5m.get_5m_info scheduled__2024-07-25T09:05:00+00:00 [queued]>
[2024-07-25T15:20:57.402-0300] {taskinstance.py:2306} INFO - Starting attempt 1 of 1
[2024-07-25T15:20:57.414-0300] {taskinstance.py:2330} INFO - Executing <Task(PythonOperator): get_5m_info> on 2024-07-25 09:05:00+00:00
[2024-07-25T15:20:57.416-0300] {standard_task_runner.py:64} INFO - Started process 2632696 to run task
[2024-07-25T15:20:57.418-0300] {standard_task_runner.py:90} INFO - Running: ['airflow', 'tasks', 'run', 'Binance_5m', 'get_5m_info', 'scheduled__2024-07-25T09:05:00+00:00', '--job-id', '2644', '--raw', '--subdir', 'DAGS_FOLDER/binance_dag.py', '--cfg-path', '/tmp/tmpgvvqx1fr']
[2024-07-25T15:20:57.418-0300] {standard_task_runner.py:91} INFO - Job 2644: Subtask get_5m_info
[2024-07-25T15:20:57.445-0300] {task_command.py:426} INFO - Running <TaskInstance: Binance_5m.get_5m_info scheduled__2024-07-25T09:05:00+00:00 [running]> on host Galaxybook.
[2024-07-25T15:20:57.499-0300] {taskinstance.py:2648} INFO - Exporting env vars: AIRFLOW_CTX_DAG_OWNER='airflow' AIRFLOW_CTX_DAG_ID='Binance_5m' AIRFLOW_CTX_TASK_ID='get_5m_info' AIRFLOW_CTX_EXECUTION_DATE='2024-07-25T09:05:00+00:00' AIRFLOW_CTX_TRY_NUMBER='1' AIRFLOW_CTX_DAG_RUN_ID='scheduled__2024-07-25T09:05:00+00:00'
[2024-07-25T15:20:57.499-0300] {taskinstance.py:430} INFO - ::endgroup::
[2024-07-25T15:20:57.507-0300] {binance_dag.py:23} INFO - End Time: 2024-07-25T09:10:00.00Z
[2024-07-25T15:20:57.507-0300] {binance_dag.py:24} INFO - Start Time: 2024-07-25T09:05:00.00Z
[2024-07-25T15:20:57.559-0300] {binance_dag.py:25} INFO - 1721909100000
[2024-07-25T15:20:57.561-0300] {base.py:84} INFO - Using connection ID 'binance_default' for task execution.
[2024-07-25T15:20:57.562-0300] {logging_mixin.py:188} INFO - https://api.binance.com
[2024-07-25T15:20:57.562-0300] {binance_hook.py:35} INFO - URL: https://api.binance.com/api/v3/klines?symbol=BTCBRL&interval=5m&startTime=1721909100000&endTime=1721909399999
[2024-07-25T15:20:57.950-0300] {python.py:237} INFO - Done. Returned value was: None
[2024-07-25T15:20:57.950-0300] {taskinstance.py:441} INFO - ::group::Post task execution logs
[2024-07-25T15:20:57.952-0300] {taskinstance.py:1206} INFO - Marking task as SUCCESS. dag_id=Binance_5m, task_id=get_5m_info, run_id=scheduled__2024-07-25T09:05:00+00:00, execution_date=20240725T090500, start_date=20240725T182057, end_date=20240725T182057
[2024-07-25T15:20:58.001-0300] {local_task_job_runner.py:243} INFO - Task exited with return code 0
[2024-07-25T15:20:58.007-0300] {taskinstance.py:3503} INFO - 0 downstream tasks scheduled from follow-on schedule check
[2024-07-25T15:20:58.007-0300] {local_task_job_runner.py:222} INFO - ::endgroup::
[2024-07-25T16:17:44.235-0300] {local_task_job_runner.py:120} INFO - ::group::Pre task execution logs
[2024-07-25T16:17:44.241-0300] {taskinstance.py:2076} INFO - Dependencies all met for dep_context=non-requeueable deps ti=<TaskInstance: Binance_5m.get_5m_info scheduled__2024-07-25T09:05:00+00:00 [queued]>
[2024-07-25T16:17:44.244-0300] {taskinstance.py:2076} INFO - Dependencies all met for dep_context=requeueable deps ti=<TaskInstance: Binance_5m.get_5m_info scheduled__2024-07-25T09:05:00+00:00 [queued]>
[2024-07-25T16:17:44.244-0300] {taskinstance.py:2306} INFO - Starting attempt 1 of 1
[2024-07-25T16:17:44.260-0300] {taskinstance.py:2330} INFO - Executing <Task(PythonOperator): get_5m_info> on 2024-07-25 09:05:00+00:00
[2024-07-25T16:17:44.262-0300] {standard_task_runner.py:64} INFO - Started process 2660687 to run task
[2024-07-25T16:17:44.264-0300] {standard_task_runner.py:90} INFO - Running: ['airflow', 'tasks', 'run', 'Binance_5m', 'get_5m_info', 'scheduled__2024-07-25T09:05:00+00:00', '--job-id', '2207', '--raw', '--subdir', 'DAGS_FOLDER/binance_dag.py', '--cfg-path', '/tmp/tmp1yjpyxxb']
[2024-07-25T16:17:44.265-0300] {standard_task_runner.py:91} INFO - Job 2207: Subtask get_5m_info
[2024-07-25T16:17:44.299-0300] {task_command.py:426} INFO - Running <TaskInstance: Binance_5m.get_5m_info scheduled__2024-07-25T09:05:00+00:00 [running]> on host Galaxybook.
[2024-07-25T16:17:44.362-0300] {taskinstance.py:2648} INFO - Exporting env vars: AIRFLOW_CTX_DAG_OWNER='airflow' AIRFLOW_CTX_DAG_ID='Binance_5m' AIRFLOW_CTX_TASK_ID='get_5m_info' AIRFLOW_CTX_EXECUTION_DATE='2024-07-25T09:05:00+00:00' AIRFLOW_CTX_TRY_NUMBER='1' AIRFLOW_CTX_DAG_RUN_ID='scheduled__2024-07-25T09:05:00+00:00'
[2024-07-25T16:17:44.363-0300] {taskinstance.py:430} INFO - ::endgroup::
[2024-07-25T16:17:44.370-0300] {binance_dag.py:22} INFO - End Time: 2024-07-25 09:10:00+00:00
[2024-07-25T16:17:44.370-0300] {binance_dag.py:23} INFO - Start Time: 2024-07-25 09:05:00+00:00
[2024-07-25T16:17:44.370-0300] {binance_dag.py:24} INFO - Start timestamp: 1721898300000
[2024-07-25T16:17:44.371-0300] {binance_dag.py:25} INFO - End timestamp: 1721898600000
[2024-07-25T16:17:44.435-0300] {base.py:84} INFO - Using connection ID 'binance_default' for task execution.
[2024-07-25T16:17:44.436-0300] {logging_mixin.py:188} INFO - https://api.binance.com
[2024-07-25T16:17:44.436-0300] {binance_hook.py:35} INFO - URL: https://api.binance.com/api/v3/klines?symbol=BTCBRL&interval=5m&startTime=1721898300000&endTime=1721898599999&timeZone=-3
[2024-07-25T16:17:44.889-0300] {python.py:237} INFO - Done. Returned value was: None
[2024-07-25T16:17:44.890-0300] {taskinstance.py:441} INFO - ::group::Post task execution logs
[2024-07-25T16:17:44.892-0300] {taskinstance.py:1206} INFO - Marking task as SUCCESS. dag_id=Binance_5m, task_id=get_5m_info, run_id=scheduled__2024-07-25T09:05:00+00:00, execution_date=20240725T090500, start_date=20240725T191744, end_date=20240725T191744
[2024-07-25T16:17:44.928-0300] {local_task_job_runner.py:243} INFO - Task exited with return code 0
[2024-07-25T16:17:44.934-0300] {taskinstance.py:3503} INFO - 0 downstream tasks scheduled from follow-on schedule check
[2024-07-25T16:17:44.934-0300] {local_task_job_runner.py:222} INFO - ::endgroup::
