[2024-07-25T14:28:19.305-0300] {local_task_job_runner.py:120} INFO - ::group::Pre task execution logs
[2024-07-25T14:28:19.310-0300] {taskinstance.py:2076} INFO - Dependencies all met for dep_context=non-requeueable deps ti=<TaskInstance: Binance_5m.get_5m_info scheduled__2024-07-25T13:25:00+00:00 [queued]>
[2024-07-25T14:28:19.314-0300] {taskinstance.py:2076} INFO - Dependencies all met for dep_context=requeueable deps ti=<TaskInstance: Binance_5m.get_5m_info scheduled__2024-07-25T13:25:00+00:00 [queued]>
[2024-07-25T14:28:19.314-0300] {taskinstance.py:2306} INFO - Starting attempt 1 of 1
[2024-07-25T14:28:19.326-0300] {taskinstance.py:2330} INFO - Executing <Task(PythonOperator): get_5m_info> on 2024-07-25 13:25:00+00:00
[2024-07-25T14:28:19.328-0300] {standard_task_runner.py:64} INFO - Started process 2591115 to run task
[2024-07-25T14:28:19.329-0300] {standard_task_runner.py:90} INFO - Running: ['airflow', 'tasks', 'run', 'Binance_5m', 'get_5m_info', 'scheduled__2024-07-25T13:25:00+00:00', '--job-id', '2117', '--raw', '--subdir', 'DAGS_FOLDER/binance_dag.py', '--cfg-path', '/tmp/tmpqc6wegzs']
[2024-07-25T14:28:19.330-0300] {standard_task_runner.py:91} INFO - Job 2117: Subtask get_5m_info
[2024-07-25T14:28:19.357-0300] {task_command.py:426} INFO - Running <TaskInstance: Binance_5m.get_5m_info scheduled__2024-07-25T13:25:00+00:00 [running]> on host Galaxybook.
[2024-07-25T14:28:19.401-0300] {taskinstance.py:2648} INFO - Exporting env vars: AIRFLOW_CTX_DAG_OWNER='airflow' AIRFLOW_CTX_DAG_ID='Binance_5m' AIRFLOW_CTX_TASK_ID='get_5m_info' AIRFLOW_CTX_EXECUTION_DATE='2024-07-25T13:25:00+00:00' AIRFLOW_CTX_TRY_NUMBER='1' AIRFLOW_CTX_DAG_RUN_ID='scheduled__2024-07-25T13:25:00+00:00'
[2024-07-25T14:28:19.401-0300] {taskinstance.py:430} INFO - ::endgroup::
[2024-07-25T14:28:19.408-0300] {binance_dag.py:23} INFO - End Time: 2024-07-25T13:30:00.00Z
[2024-07-25T14:28:19.460-0300] {base.py:84} INFO - Using connection ID 'binance_default' for task execution.
[2024-07-25T14:28:19.460-0300] {logging_mixin.py:188} INFO - https://api.binance.com
[2024-07-25T14:28:19.461-0300] {binance_hook.py:35} INFO - URL: https://api.binance.com/api/v3/klines?symbol=BTCBRL&interval=5m&startTime=1721924700000&endTime=1721925000000
[2024-07-25T14:28:19.925-0300] {python.py:237} INFO - Done. Returned value was: None
[2024-07-25T14:28:19.925-0300] {taskinstance.py:441} INFO - ::group::Post task execution logs
[2024-07-25T14:28:19.928-0300] {taskinstance.py:1206} INFO - Marking task as SUCCESS. dag_id=Binance_5m, task_id=get_5m_info, run_id=scheduled__2024-07-25T13:25:00+00:00, execution_date=20240725T132500, start_date=20240725T172819, end_date=20240725T172819
[2024-07-25T14:28:19.953-0300] {local_task_job_runner.py:243} INFO - Task exited with return code 0
[2024-07-25T14:28:19.961-0300] {taskinstance.py:3503} INFO - 0 downstream tasks scheduled from follow-on schedule check
[2024-07-25T14:28:19.961-0300] {local_task_job_runner.py:222} INFO - ::endgroup::
[2024-07-25T14:31:43.031-0300] {local_task_job_runner.py:120} INFO - ::group::Pre task execution logs
[2024-07-25T14:31:43.039-0300] {taskinstance.py:2076} INFO - Dependencies all met for dep_context=non-requeueable deps ti=<TaskInstance: Binance_5m.get_5m_info scheduled__2024-07-25T13:25:00+00:00 [queued]>
[2024-07-25T14:31:43.043-0300] {taskinstance.py:2076} INFO - Dependencies all met for dep_context=requeueable deps ti=<TaskInstance: Binance_5m.get_5m_info scheduled__2024-07-25T13:25:00+00:00 [queued]>
[2024-07-25T14:31:43.043-0300] {taskinstance.py:2306} INFO - Starting attempt 1 of 1
[2024-07-25T14:31:43.067-0300] {taskinstance.py:2330} INFO - Executing <Task(PythonOperator): get_5m_info> on 2024-07-25 13:25:00+00:00
[2024-07-25T14:31:43.069-0300] {standard_task_runner.py:64} INFO - Started process 2594548 to run task
[2024-07-25T14:31:43.072-0300] {standard_task_runner.py:90} INFO - Running: ['airflow', 'tasks', 'run', 'Binance_5m', 'get_5m_info', 'scheduled__2024-07-25T13:25:00+00:00', '--job-id', '2137', '--raw', '--subdir', 'DAGS_FOLDER/binance_dag.py', '--cfg-path', '/tmp/tmpne5w90cw']
[2024-07-25T14:31:43.073-0300] {standard_task_runner.py:91} INFO - Job 2137: Subtask get_5m_info
[2024-07-25T14:31:43.107-0300] {task_command.py:426} INFO - Running <TaskInstance: Binance_5m.get_5m_info scheduled__2024-07-25T13:25:00+00:00 [running]> on host Galaxybook.
[2024-07-25T14:31:43.158-0300] {taskinstance.py:2648} INFO - Exporting env vars: AIRFLOW_CTX_DAG_OWNER='airflow' AIRFLOW_CTX_DAG_ID='Binance_5m' AIRFLOW_CTX_TASK_ID='get_5m_info' AIRFLOW_CTX_EXECUTION_DATE='2024-07-25T13:25:00+00:00' AIRFLOW_CTX_TRY_NUMBER='1' AIRFLOW_CTX_DAG_RUN_ID='scheduled__2024-07-25T13:25:00+00:00'
[2024-07-25T14:31:43.158-0300] {taskinstance.py:430} INFO - ::endgroup::
[2024-07-25T14:31:43.166-0300] {binance_dag.py:23} INFO - End Time: 2024-07-25T13:30:00.00Z
[2024-07-25T14:31:43.229-0300] {base.py:84} INFO - Using connection ID 'binance_default' for task execution.
[2024-07-25T14:31:43.230-0300] {logging_mixin.py:188} INFO - https://api.binance.com
[2024-07-25T14:31:43.230-0300] {binance_hook.py:35} INFO - URL: https://api.binance.com/api/v3/klines?symbol=BTCBRL&interval=5m&startTime=1721924700000&endTime=1721925000000
[2024-07-25T14:31:43.627-0300] {python.py:237} INFO - Done. Returned value was: None
[2024-07-25T14:31:43.628-0300] {taskinstance.py:441} INFO - ::group::Post task execution logs
[2024-07-25T14:31:43.630-0300] {taskinstance.py:1206} INFO - Marking task as SUCCESS. dag_id=Binance_5m, task_id=get_5m_info, run_id=scheduled__2024-07-25T13:25:00+00:00, execution_date=20240725T132500, start_date=20240725T173143, end_date=20240725T173143
[2024-07-25T14:31:43.657-0300] {local_task_job_runner.py:243} INFO - Task exited with return code 0
[2024-07-25T14:31:43.663-0300] {taskinstance.py:3503} INFO - 0 downstream tasks scheduled from follow-on schedule check
[2024-07-25T14:31:43.663-0300] {local_task_job_runner.py:222} INFO - ::endgroup::
[2024-07-25T14:37:06.274-0300] {local_task_job_runner.py:120} INFO - ::group::Pre task execution logs
[2024-07-25T14:37:06.280-0300] {taskinstance.py:2076} INFO - Dependencies all met for dep_context=non-requeueable deps ti=<TaskInstance: Binance_5m.get_5m_info scheduled__2024-07-25T13:25:00+00:00 [queued]>
[2024-07-25T14:37:06.284-0300] {taskinstance.py:2076} INFO - Dependencies all met for dep_context=requeueable deps ti=<TaskInstance: Binance_5m.get_5m_info scheduled__2024-07-25T13:25:00+00:00 [queued]>
[2024-07-25T14:37:06.284-0300] {taskinstance.py:2306} INFO - Starting attempt 1 of 1
[2024-07-25T14:37:06.301-0300] {taskinstance.py:2330} INFO - Executing <Task(PythonOperator): get_5m_info> on 2024-07-25 13:25:00+00:00
[2024-07-25T14:37:06.303-0300] {standard_task_runner.py:64} INFO - Started process 2599538 to run task
[2024-07-25T14:37:06.305-0300] {standard_task_runner.py:90} INFO - Running: ['airflow', 'tasks', 'run', 'Binance_5m', 'get_5m_info', 'scheduled__2024-07-25T13:25:00+00:00', '--job-id', '2099', '--raw', '--subdir', 'DAGS_FOLDER/binance_dag.py', '--cfg-path', '/tmp/tmpa996wx6k']
[2024-07-25T14:37:06.306-0300] {standard_task_runner.py:91} INFO - Job 2099: Subtask get_5m_info
[2024-07-25T14:37:06.347-0300] {task_command.py:426} INFO - Running <TaskInstance: Binance_5m.get_5m_info scheduled__2024-07-25T13:25:00+00:00 [running]> on host Galaxybook.
[2024-07-25T14:37:06.414-0300] {taskinstance.py:2648} INFO - Exporting env vars: AIRFLOW_CTX_DAG_OWNER='airflow' AIRFLOW_CTX_DAG_ID='Binance_5m' AIRFLOW_CTX_TASK_ID='get_5m_info' AIRFLOW_CTX_EXECUTION_DATE='2024-07-25T13:25:00+00:00' AIRFLOW_CTX_TRY_NUMBER='1' AIRFLOW_CTX_DAG_RUN_ID='scheduled__2024-07-25T13:25:00+00:00'
[2024-07-25T14:37:06.415-0300] {taskinstance.py:430} INFO - ::endgroup::
[2024-07-25T14:37:06.427-0300] {binance_dag.py:23} INFO - End Time: 2024-07-25T13:30:00.00Z
[2024-07-25T14:37:06.526-0300] {base.py:84} INFO - Using connection ID 'binance_default' for task execution.
[2024-07-25T14:37:06.526-0300] {logging_mixin.py:188} INFO - https://api.binance.com
[2024-07-25T14:37:06.527-0300] {binance_hook.py:35} INFO - URL: https://api.binance.com/api/v3/klines?symbol=BTCBRL&interval=5m&startTime=1721924700000&endTime=1721925000000
[2024-07-25T14:37:06.916-0300] {binance_dag.py:42} INFO - r: [[1721924700000, '367536.00000000', '367604.00000000', '367158.00000000', '367500.00000000', '0.37663000', 1721924999999, '138366.33678000', 80, '0.23170000', '85128.59923000', '0'], [1721925000000, '367339.00000000', '368343.00000000', '367186.00000000', '368184.00000000', '2.53884000', 1721925299999, '933461.25606000', 288, '0.98504000', '362244.16264000', '0']]
[2024-07-25T14:37:06.917-0300] {python.py:237} INFO - Done. Returned value was: None
[2024-07-25T14:37:06.918-0300] {taskinstance.py:441} INFO - ::group::Post task execution logs
[2024-07-25T14:37:06.920-0300] {taskinstance.py:1206} INFO - Marking task as SUCCESS. dag_id=Binance_5m, task_id=get_5m_info, run_id=scheduled__2024-07-25T13:25:00+00:00, execution_date=20240725T132500, start_date=20240725T173706, end_date=20240725T173706
[2024-07-25T14:37:06.968-0300] {local_task_job_runner.py:243} INFO - Task exited with return code 0
[2024-07-25T14:37:06.975-0300] {taskinstance.py:3503} INFO - 0 downstream tasks scheduled from follow-on schedule check
[2024-07-25T14:37:06.976-0300] {local_task_job_runner.py:222} INFO - ::endgroup::
[2024-07-25T14:53:00.100-0300] {local_task_job_runner.py:120} INFO - ::group::Pre task execution logs
[2024-07-25T14:53:00.105-0300] {taskinstance.py:2076} INFO - Dependencies all met for dep_context=non-requeueable deps ti=<TaskInstance: Binance_5m.get_5m_info scheduled__2024-07-25T13:25:00+00:00 [queued]>
[2024-07-25T14:53:00.108-0300] {taskinstance.py:2076} INFO - Dependencies all met for dep_context=requeueable deps ti=<TaskInstance: Binance_5m.get_5m_info scheduled__2024-07-25T13:25:00+00:00 [queued]>
[2024-07-25T14:53:00.108-0300] {taskinstance.py:2306} INFO - Starting attempt 1 of 1
[2024-07-25T14:53:00.120-0300] {taskinstance.py:2330} INFO - Executing <Task(PythonOperator): get_5m_info> on 2024-07-25 13:25:00+00:00
[2024-07-25T14:53:00.122-0300] {standard_task_runner.py:64} INFO - Started process 2612392 to run task
[2024-07-25T14:53:00.124-0300] {standard_task_runner.py:90} INFO - Running: ['airflow', 'tasks', 'run', 'Binance_5m', 'get_5m_info', 'scheduled__2024-07-25T13:25:00+00:00', '--job-id', '2253', '--raw', '--subdir', 'DAGS_FOLDER/binance_dag.py', '--cfg-path', '/tmp/tmpcyinuv5l']
[2024-07-25T14:53:00.124-0300] {standard_task_runner.py:91} INFO - Job 2253: Subtask get_5m_info
[2024-07-25T14:53:00.149-0300] {task_command.py:426} INFO - Running <TaskInstance: Binance_5m.get_5m_info scheduled__2024-07-25T13:25:00+00:00 [running]> on host Galaxybook.
[2024-07-25T14:53:00.199-0300] {taskinstance.py:2648} INFO - Exporting env vars: AIRFLOW_CTX_DAG_OWNER='airflow' AIRFLOW_CTX_DAG_ID='Binance_5m' AIRFLOW_CTX_TASK_ID='get_5m_info' AIRFLOW_CTX_EXECUTION_DATE='2024-07-25T13:25:00+00:00' AIRFLOW_CTX_TRY_NUMBER='1' AIRFLOW_CTX_DAG_RUN_ID='scheduled__2024-07-25T13:25:00+00:00'
[2024-07-25T14:53:00.200-0300] {taskinstance.py:430} INFO - ::endgroup::
[2024-07-25T14:53:00.207-0300] {binance_dag.py:23} INFO - End Time: 2024-07-25T13:30:00.00Z
[2024-07-25T14:53:00.207-0300] {binance_dag.py:24} INFO - Start Time: 2024-07-25T13:25:00.00Z
[2024-07-25T14:53:00.260-0300] {base.py:84} INFO - Using connection ID 'binance_default' for task execution.
[2024-07-25T14:53:00.260-0300] {logging_mixin.py:188} INFO - https://api.binance.com
[2024-07-25T14:53:00.261-0300] {binance_hook.py:35} INFO - URL: https://api.binance.com/api/v3/klines?symbol=BTCBRL&interval=5m&startTime=1721924700000&endTime=1721924999999
[2024-07-25T14:53:00.679-0300] {binance_dag.py:43} INFO - r: [[1721924700000, '367536.00000000', '367604.00000000', '367158.00000000', '367500.00000000', '0.37663000', 1721924999999, '138366.33678000', 80, '0.23170000', '85128.59923000', '0']]
[2024-07-25T14:53:00.681-0300] {python.py:237} INFO - Done. Returned value was: None
[2024-07-25T14:53:00.682-0300] {taskinstance.py:441} INFO - ::group::Post task execution logs
[2024-07-25T14:53:00.685-0300] {taskinstance.py:1206} INFO - Marking task as SUCCESS. dag_id=Binance_5m, task_id=get_5m_info, run_id=scheduled__2024-07-25T13:25:00+00:00, execution_date=20240725T132500, start_date=20240725T175300, end_date=20240725T175300
[2024-07-25T14:53:00.710-0300] {local_task_job_runner.py:243} INFO - Task exited with return code 0
[2024-07-25T14:53:00.715-0300] {taskinstance.py:3503} INFO - 0 downstream tasks scheduled from follow-on schedule check
[2024-07-25T14:53:00.716-0300] {local_task_job_runner.py:222} INFO - ::endgroup::
[2024-07-25T15:22:51.804-0300] {local_task_job_runner.py:120} INFO - ::group::Pre task execution logs
[2024-07-25T15:22:51.810-0300] {taskinstance.py:2076} INFO - Dependencies all met for dep_context=non-requeueable deps ti=<TaskInstance: Binance_5m.get_5m_info scheduled__2024-07-25T13:25:00+00:00 [queued]>
[2024-07-25T15:22:51.813-0300] {taskinstance.py:2076} INFO - Dependencies all met for dep_context=requeueable deps ti=<TaskInstance: Binance_5m.get_5m_info scheduled__2024-07-25T13:25:00+00:00 [queued]>
[2024-07-25T15:22:51.813-0300] {taskinstance.py:2306} INFO - Starting attempt 1 of 1
[2024-07-25T15:22:51.826-0300] {taskinstance.py:2330} INFO - Executing <Task(PythonOperator): get_5m_info> on 2024-07-25 13:25:00+00:00
[2024-07-25T15:22:51.828-0300] {standard_task_runner.py:64} INFO - Started process 2634571 to run task
[2024-07-25T15:22:51.830-0300] {standard_task_runner.py:90} INFO - Running: ['airflow', 'tasks', 'run', 'Binance_5m', 'get_5m_info', 'scheduled__2024-07-25T13:25:00+00:00', '--job-id', '2696', '--raw', '--subdir', 'DAGS_FOLDER/binance_dag.py', '--cfg-path', '/tmp/tmpp1xyszv9']
[2024-07-25T15:22:51.831-0300] {standard_task_runner.py:91} INFO - Job 2696: Subtask get_5m_info
[2024-07-25T15:22:51.856-0300] {task_command.py:426} INFO - Running <TaskInstance: Binance_5m.get_5m_info scheduled__2024-07-25T13:25:00+00:00 [running]> on host Galaxybook.
[2024-07-25T15:22:51.908-0300] {taskinstance.py:2648} INFO - Exporting env vars: AIRFLOW_CTX_DAG_OWNER='airflow' AIRFLOW_CTX_DAG_ID='Binance_5m' AIRFLOW_CTX_TASK_ID='get_5m_info' AIRFLOW_CTX_EXECUTION_DATE='2024-07-25T13:25:00+00:00' AIRFLOW_CTX_TRY_NUMBER='1' AIRFLOW_CTX_DAG_RUN_ID='scheduled__2024-07-25T13:25:00+00:00'
[2024-07-25T15:22:51.908-0300] {taskinstance.py:430} INFO - ::endgroup::
[2024-07-25T15:22:51.915-0300] {binance_dag.py:23} INFO - End Time: 2024-07-25T13:30:00.00Z
[2024-07-25T15:22:51.916-0300] {binance_dag.py:24} INFO - Start Time: 2024-07-25T13:25:00.00Z
[2024-07-25T15:22:51.966-0300] {binance_dag.py:25} INFO - 1721924700000
[2024-07-25T15:22:51.969-0300] {base.py:84} INFO - Using connection ID 'binance_default' for task execution.
[2024-07-25T15:22:51.969-0300] {logging_mixin.py:188} INFO - https://api.binance.com
[2024-07-25T15:22:51.969-0300] {binance_hook.py:35} INFO - URL: https://api.binance.com/api/v3/klines?symbol=BTCBRL&interval=5m&startTime=1721924700000&endTime=1721924999999
[2024-07-25T15:22:52.379-0300] {python.py:237} INFO - Done. Returned value was: None
[2024-07-25T15:22:52.380-0300] {taskinstance.py:441} INFO - ::group::Post task execution logs
[2024-07-25T15:22:52.382-0300] {taskinstance.py:1206} INFO - Marking task as SUCCESS. dag_id=Binance_5m, task_id=get_5m_info, run_id=scheduled__2024-07-25T13:25:00+00:00, execution_date=20240725T132500, start_date=20240725T182251, end_date=20240725T182252
[2024-07-25T15:22:52.416-0300] {local_task_job_runner.py:243} INFO - Task exited with return code 0
[2024-07-25T15:22:52.423-0300] {taskinstance.py:3503} INFO - 0 downstream tasks scheduled from follow-on schedule check
[2024-07-25T15:22:52.424-0300] {local_task_job_runner.py:222} INFO - ::endgroup::
[2024-07-25T16:20:58.126-0300] {local_task_job_runner.py:120} INFO - ::group::Pre task execution logs
[2024-07-25T16:20:58.131-0300] {taskinstance.py:2076} INFO - Dependencies all met for dep_context=non-requeueable deps ti=<TaskInstance: Binance_5m.get_5m_info scheduled__2024-07-25T13:25:00+00:00 [queued]>
[2024-07-25T16:20:58.136-0300] {taskinstance.py:2076} INFO - Dependencies all met for dep_context=requeueable deps ti=<TaskInstance: Binance_5m.get_5m_info scheduled__2024-07-25T13:25:00+00:00 [queued]>
[2024-07-25T16:20:58.137-0300] {taskinstance.py:2306} INFO - Starting attempt 1 of 1
[2024-07-25T16:20:58.150-0300] {taskinstance.py:2330} INFO - Executing <Task(PythonOperator): get_5m_info> on 2024-07-25 13:25:00+00:00
[2024-07-25T16:20:58.152-0300] {standard_task_runner.py:64} INFO - Started process 2664009 to run task
[2024-07-25T16:20:58.154-0300] {standard_task_runner.py:90} INFO - Running: ['airflow', 'tasks', 'run', 'Binance_5m', 'get_5m_info', 'scheduled__2024-07-25T13:25:00+00:00', '--job-id', '2305', '--raw', '--subdir', 'DAGS_FOLDER/binance_dag.py', '--cfg-path', '/tmp/tmpb2tii615']
[2024-07-25T16:20:58.155-0300] {standard_task_runner.py:91} INFO - Job 2305: Subtask get_5m_info
[2024-07-25T16:20:58.185-0300] {task_command.py:426} INFO - Running <TaskInstance: Binance_5m.get_5m_info scheduled__2024-07-25T13:25:00+00:00 [running]> on host Galaxybook.
[2024-07-25T16:20:58.242-0300] {taskinstance.py:2648} INFO - Exporting env vars: AIRFLOW_CTX_DAG_OWNER='airflow' AIRFLOW_CTX_DAG_ID='Binance_5m' AIRFLOW_CTX_TASK_ID='get_5m_info' AIRFLOW_CTX_EXECUTION_DATE='2024-07-25T13:25:00+00:00' AIRFLOW_CTX_TRY_NUMBER='1' AIRFLOW_CTX_DAG_RUN_ID='scheduled__2024-07-25T13:25:00+00:00'
[2024-07-25T16:20:58.242-0300] {taskinstance.py:430} INFO - ::endgroup::
[2024-07-25T16:20:58.252-0300] {binance_dag.py:22} INFO - End Time: 2024-07-25 13:30:00+00:00
[2024-07-25T16:20:58.252-0300] {binance_dag.py:23} INFO - Start Time: 2024-07-25 13:25:00+00:00
[2024-07-25T16:20:58.252-0300] {binance_dag.py:24} INFO - Start timestamp: 1721913900000
[2024-07-25T16:20:58.253-0300] {binance_dag.py:25} INFO - End timestamp: 1721914200000
[2024-07-25T16:20:58.320-0300] {base.py:84} INFO - Using connection ID 'binance_default' for task execution.
[2024-07-25T16:20:58.321-0300] {logging_mixin.py:188} INFO - https://api.binance.com
[2024-07-25T16:20:58.321-0300] {binance_hook.py:35} INFO - URL: https://api.binance.com/api/v3/klines?symbol=BTCBRL&interval=5m&startTime=1721913900000&endTime=1721914199999&timeZone=-3
[2024-07-25T16:20:58.740-0300] {python.py:237} INFO - Done. Returned value was: None
[2024-07-25T16:20:58.741-0300] {taskinstance.py:441} INFO - ::group::Post task execution logs
[2024-07-25T16:20:58.745-0300] {taskinstance.py:1206} INFO - Marking task as SUCCESS. dag_id=Binance_5m, task_id=get_5m_info, run_id=scheduled__2024-07-25T13:25:00+00:00, execution_date=20240725T132500, start_date=20240725T192058, end_date=20240725T192058
[2024-07-25T16:20:58.779-0300] {local_task_job_runner.py:243} INFO - Task exited with return code 0
[2024-07-25T16:20:58.788-0300] {taskinstance.py:3503} INFO - 0 downstream tasks scheduled from follow-on schedule check
[2024-07-25T16:20:58.789-0300] {local_task_job_runner.py:222} INFO - ::endgroup::
