[2024-07-25T09:58:12.671-0300] {local_task_job_runner.py:120} INFO - ::group::Pre task execution logs
[2024-07-25T09:58:12.676-0300] {taskinstance.py:2076} INFO - Dependencies all met for dep_context=non-requeueable deps ti=<TaskInstance: Mercado_1m.get_1m_info scheduled__2024-07-25T10:58:00+00:00 [queued]>
[2024-07-25T09:58:12.679-0300] {taskinstance.py:2076} INFO - Dependencies all met for dep_context=requeueable deps ti=<TaskInstance: Mercado_1m.get_1m_info scheduled__2024-07-25T10:58:00+00:00 [queued]>
[2024-07-25T09:58:12.679-0300] {taskinstance.py:2306} INFO - Starting attempt 1 of 1
[2024-07-25T09:58:12.691-0300] {taskinstance.py:2330} INFO - Executing <Task(PythonOperator): get_1m_info> on 2024-07-25 10:58:00+00:00
[2024-07-25T09:58:12.692-0300] {standard_task_runner.py:64} INFO - Started process 2443247 to run task
[2024-07-25T09:58:12.695-0300] {standard_task_runner.py:90} INFO - Running: ['airflow', 'tasks', 'run', 'Mercado_1m', 'get_1m_info', 'scheduled__2024-07-25T10:58:00+00:00', '--job-id', '1894', '--raw', '--subdir', 'DAGS_FOLDER/mercado_dag.py', '--cfg-path', '/tmp/tmplaig2kw4']
[2024-07-25T09:58:12.696-0300] {standard_task_runner.py:91} INFO - Job 1894: Subtask get_1m_info
[2024-07-25T09:58:12.723-0300] {task_command.py:426} INFO - Running <TaskInstance: Mercado_1m.get_1m_info scheduled__2024-07-25T10:58:00+00:00 [running]> on host Galaxybook.
[2024-07-25T09:58:12.777-0300] {taskinstance.py:2648} INFO - Exporting env vars: AIRFLOW_CTX_DAG_OWNER='airflow' AIRFLOW_CTX_DAG_ID='Mercado_1m' AIRFLOW_CTX_TASK_ID='get_1m_info' AIRFLOW_CTX_EXECUTION_DATE='2024-07-25T10:58:00+00:00' AIRFLOW_CTX_TRY_NUMBER='1' AIRFLOW_CTX_DAG_RUN_ID='scheduled__2024-07-25T10:58:00+00:00'
[2024-07-25T09:58:12.777-0300] {taskinstance.py:430} INFO - ::endgroup::
[2024-07-25T09:58:12.850-0300] {base.py:84} INFO - Using connection ID 'mercado_default' for task execution.
[2024-07-25T09:58:12.850-0300] {mercado_hook.py:26} INFO - BASE URL: https://api.mercadobitcoin.net/api/v4
[2024-07-25T09:58:12.851-0300] {mercado_hook.py:32} INFO - URL: https://api.mercadobitcoin.net/api/v4/candles?symbol=BTC-BRL&resolution=1m&to=1721912232&from=1721912292
[2024-07-25T09:58:13.123-0300] {python.py:237} INFO - Done. Returned value was: None
[2024-07-25T09:58:13.124-0300] {taskinstance.py:441} INFO - ::group::Post task execution logs
[2024-07-25T09:58:13.126-0300] {taskinstance.py:1206} INFO - Marking task as SUCCESS. dag_id=Mercado_1m, task_id=get_1m_info, run_id=scheduled__2024-07-25T10:58:00+00:00, execution_date=20240725T105800, start_date=20240725T125812, end_date=20240725T125813
[2024-07-25T09:58:13.152-0300] {local_task_job_runner.py:243} INFO - Task exited with return code 0
[2024-07-25T09:58:13.159-0300] {taskinstance.py:3503} INFO - 0 downstream tasks scheduled from follow-on schedule check
[2024-07-25T09:58:13.159-0300] {local_task_job_runner.py:222} INFO - ::endgroup::
[2024-07-25T10:57:37.799-0300] {local_task_job_runner.py:120} INFO - ::group::Pre task execution logs
[2024-07-25T10:57:37.806-0300] {taskinstance.py:2076} INFO - Dependencies all met for dep_context=non-requeueable deps ti=<TaskInstance: Mercado_1m.get_1m_info scheduled__2024-07-25T10:58:00+00:00 [queued]>
[2024-07-25T10:57:37.810-0300] {taskinstance.py:2076} INFO - Dependencies all met for dep_context=requeueable deps ti=<TaskInstance: Mercado_1m.get_1m_info scheduled__2024-07-25T10:58:00+00:00 [queued]>
[2024-07-25T10:57:37.810-0300] {taskinstance.py:2306} INFO - Starting attempt 1 of 1
[2024-07-25T10:57:37.824-0300] {taskinstance.py:2330} INFO - Executing <Task(PythonOperator): get_1m_info> on 2024-07-25 10:58:00+00:00
[2024-07-25T10:57:37.826-0300] {standard_task_runner.py:64} INFO - Started process 2479278 to run task
[2024-07-25T10:57:37.828-0300] {standard_task_runner.py:90} INFO - Running: ['airflow', 'tasks', 'run', 'Mercado_1m', 'get_1m_info', 'scheduled__2024-07-25T10:58:00+00:00', '--job-id', '1829', '--raw', '--subdir', 'DAGS_FOLDER/mercado_dag.py', '--cfg-path', '/tmp/tmps3jij86_']
[2024-07-25T10:57:37.829-0300] {standard_task_runner.py:91} INFO - Job 1829: Subtask get_1m_info
[2024-07-25T10:57:37.855-0300] {task_command.py:426} INFO - Running <TaskInstance: Mercado_1m.get_1m_info scheduled__2024-07-25T10:58:00+00:00 [running]> on host Galaxybook.
[2024-07-25T10:57:37.905-0300] {taskinstance.py:2648} INFO - Exporting env vars: AIRFLOW_CTX_DAG_OWNER='airflow' AIRFLOW_CTX_DAG_ID='Mercado_1m' AIRFLOW_CTX_TASK_ID='get_1m_info' AIRFLOW_CTX_EXECUTION_DATE='2024-07-25T10:58:00+00:00' AIRFLOW_CTX_TRY_NUMBER='1' AIRFLOW_CTX_DAG_RUN_ID='scheduled__2024-07-25T10:58:00+00:00'
[2024-07-25T10:57:37.905-0300] {taskinstance.py:430} INFO - ::endgroup::
[2024-07-25T10:57:37.919-0300] {base.py:84} INFO - Using connection ID 'mercado_default' for task execution.
[2024-07-25T10:57:37.920-0300] {mercado_hook.py:31} INFO - URL: https://api.mercadobitcoin.net/api/v4/candles?symbol=BTC-BRL&resolution=1m&to=1721915857914&countback=1
[2024-07-25T10:57:43.273-0300] {python.py:237} INFO - Done. Returned value was: None
[2024-07-25T10:57:43.322-0300] {taskinstance.py:441} INFO - ::group::Post task execution logs
[2024-07-25T10:57:43.324-0300] {taskinstance.py:1206} INFO - Marking task as SUCCESS. dag_id=Mercado_1m, task_id=get_1m_info, run_id=scheduled__2024-07-25T10:58:00+00:00, execution_date=20240725T105800, start_date=20240725T135737, end_date=20240725T135743
[2024-07-25T10:57:43.345-0300] {local_task_job_runner.py:243} INFO - Task exited with return code 0
[2024-07-25T10:57:43.350-0300] {taskinstance.py:3503} INFO - 0 downstream tasks scheduled from follow-on schedule check
[2024-07-25T10:57:43.350-0300] {local_task_job_runner.py:222} INFO - ::endgroup::
