[2024-07-25T14:21:50.046-0300] {local_task_job_runner.py:120} INFO - ::group::Pre task execution logs
[2024-07-25T14:21:50.052-0300] {taskinstance.py:2076} INFO - Dependencies all met for dep_context=non-requeueable deps ti=<TaskInstance: Binance_5m.get_5m_info scheduled__2024-07-25T00:45:00+00:00 [queued]>
[2024-07-25T14:21:50.056-0300] {taskinstance.py:2076} INFO - Dependencies all met for dep_context=requeueable deps ti=<TaskInstance: Binance_5m.get_5m_info scheduled__2024-07-25T00:45:00+00:00 [queued]>
[2024-07-25T14:21:50.056-0300] {taskinstance.py:2306} INFO - Starting attempt 1 of 1
[2024-07-25T14:21:50.074-0300] {taskinstance.py:2330} INFO - Executing <Task(PythonOperator): get_5m_info> on 2024-07-25 00:45:00+00:00
[2024-07-25T14:21:50.076-0300] {standard_task_runner.py:64} INFO - Started process 2586862 to run task
[2024-07-25T14:21:50.078-0300] {standard_task_runner.py:90} INFO - Running: ['airflow', 'tasks', 'run', 'Binance_5m', 'get_5m_info', 'scheduled__2024-07-25T00:45:00+00:00', '--job-id', '2091', '--raw', '--subdir', 'DAGS_FOLDER/binance_dag.py', '--cfg-path', '/tmp/tmpblj_s3jt']
[2024-07-25T14:21:50.079-0300] {standard_task_runner.py:91} INFO - Job 2091: Subtask get_5m_info
[2024-07-25T14:21:50.115-0300] {task_command.py:426} INFO - Running <TaskInstance: Binance_5m.get_5m_info scheduled__2024-07-25T00:45:00+00:00 [running]> on host Galaxybook.
[2024-07-25T14:21:50.171-0300] {taskinstance.py:2648} INFO - Exporting env vars: AIRFLOW_CTX_DAG_OWNER='airflow' AIRFLOW_CTX_DAG_ID='Binance_5m' AIRFLOW_CTX_TASK_ID='get_5m_info' AIRFLOW_CTX_EXECUTION_DATE='2024-07-25T00:45:00+00:00' AIRFLOW_CTX_TRY_NUMBER='1' AIRFLOW_CTX_DAG_RUN_ID='scheduled__2024-07-25T00:45:00+00:00'
[2024-07-25T14:21:50.171-0300] {taskinstance.py:430} INFO - ::endgroup::
[2024-07-25T14:21:50.180-0300] {binance_dag.py:23} INFO - End Time: 2024-07-25T00:50:00.00Z
[2024-07-25T14:21:50.249-0300] {base.py:84} INFO - Using connection ID 'binance_default' for task execution.
[2024-07-25T14:21:50.249-0300] {logging_mixin.py:188} INFO - https://api.binance.com
[2024-07-25T14:21:50.250-0300] {binance_hook.py:35} INFO - URL: https://api.binance.com/api/v3/klines?symbol=BTCBRL&interval=5m&startTime=1721879100000&endTime=1721879400000
[2024-07-25T14:21:50.644-0300] {python.py:237} INFO - Done. Returned value was: None
[2024-07-25T14:21:50.645-0300] {taskinstance.py:441} INFO - ::group::Post task execution logs
[2024-07-25T14:21:50.647-0300] {taskinstance.py:1206} INFO - Marking task as SUCCESS. dag_id=Binance_5m, task_id=get_5m_info, run_id=scheduled__2024-07-25T00:45:00+00:00, execution_date=20240725T004500, start_date=20240725T172150, end_date=20240725T172150
[2024-07-25T14:21:50.661-0300] {local_task_job_runner.py:243} INFO - Task exited with return code 0
[2024-07-25T14:21:50.668-0300] {taskinstance.py:3503} INFO - 0 downstream tasks scheduled from follow-on schedule check
[2024-07-25T14:21:50.668-0300] {local_task_job_runner.py:222} INFO - ::endgroup::
[2024-07-25T14:42:43.972-0300] {local_task_job_runner.py:120} INFO - ::group::Pre task execution logs
[2024-07-25T14:42:43.977-0300] {taskinstance.py:2076} INFO - Dependencies all met for dep_context=non-requeueable deps ti=<TaskInstance: Binance_5m.get_5m_info scheduled__2024-07-25T00:45:00+00:00 [queued]>
[2024-07-25T14:42:43.981-0300] {taskinstance.py:2076} INFO - Dependencies all met for dep_context=requeueable deps ti=<TaskInstance: Binance_5m.get_5m_info scheduled__2024-07-25T00:45:00+00:00 [queued]>
[2024-07-25T14:42:43.981-0300] {taskinstance.py:2306} INFO - Starting attempt 1 of 1
[2024-07-25T14:42:43.996-0300] {taskinstance.py:2330} INFO - Executing <Task(PythonOperator): get_5m_info> on 2024-07-25 00:45:00+00:00
[2024-07-25T14:42:43.998-0300] {standard_task_runner.py:64} INFO - Started process 2603435 to run task
[2024-07-25T14:42:44.001-0300] {standard_task_runner.py:90} INFO - Running: ['airflow', 'tasks', 'run', 'Binance_5m', 'get_5m_info', 'scheduled__2024-07-25T00:45:00+00:00', '--job-id', '2095', '--raw', '--subdir', 'DAGS_FOLDER/binance_dag.py', '--cfg-path', '/tmp/tmpugahd1hs']
[2024-07-25T14:42:44.002-0300] {standard_task_runner.py:91} INFO - Job 2095: Subtask get_5m_info
[2024-07-25T14:42:44.030-0300] {task_command.py:426} INFO - Running <TaskInstance: Binance_5m.get_5m_info scheduled__2024-07-25T00:45:00+00:00 [running]> on host Galaxybook.
[2024-07-25T14:42:44.082-0300] {taskinstance.py:2648} INFO - Exporting env vars: AIRFLOW_CTX_DAG_OWNER='airflow' AIRFLOW_CTX_DAG_ID='Binance_5m' AIRFLOW_CTX_TASK_ID='get_5m_info' AIRFLOW_CTX_EXECUTION_DATE='2024-07-25T00:45:00+00:00' AIRFLOW_CTX_TRY_NUMBER='1' AIRFLOW_CTX_DAG_RUN_ID='scheduled__2024-07-25T00:45:00+00:00'
[2024-07-25T14:42:44.083-0300] {taskinstance.py:430} INFO - ::endgroup::
[2024-07-25T14:42:44.091-0300] {binance_dag.py:23} INFO - End Time: 2024-07-25T00:50:00.00Z
[2024-07-25T14:42:44.091-0300] {binance_dag.py:24} INFO - End Time: 2024-07-25T00:45:00.00Z
[2024-07-25T14:42:44.153-0300] {base.py:84} INFO - Using connection ID 'binance_default' for task execution.
[2024-07-25T14:42:44.153-0300] {logging_mixin.py:188} INFO - https://api.binance.com
[2024-07-25T14:42:44.154-0300] {binance_hook.py:35} INFO - URL: https://api.binance.com/api/v3/klines?symbol=BTCBRL&interval=5m&startTime=1721879100000&endTime=1721879400000
[2024-07-25T14:42:44.551-0300] {binance_dag.py:43} INFO - r: [[1721879100000, '363771.00000000', '364052.00000000', '363242.00000000', '364012.00000000', '0.20692000', 1721879399999, '75284.66219000', 42, '0.09519000', '34630.03844000', '0'], [1721879400000, '363899.00000000', '364497.00000000', '363899.00000000', '364347.00000000', '0.12491000', 1721879699999, '45506.50709000', 56, '0.11158000', '40653.23322000', '0']]
[2024-07-25T14:42:44.552-0300] {python.py:237} INFO - Done. Returned value was: None
[2024-07-25T14:42:44.553-0300] {taskinstance.py:441} INFO - ::group::Post task execution logs
[2024-07-25T14:42:44.556-0300] {taskinstance.py:1206} INFO - Marking task as SUCCESS. dag_id=Binance_5m, task_id=get_5m_info, run_id=scheduled__2024-07-25T00:45:00+00:00, execution_date=20240725T004500, start_date=20240725T174243, end_date=20240725T174244
[2024-07-25T14:42:44.583-0300] {local_task_job_runner.py:243} INFO - Task exited with return code 0
[2024-07-25T14:42:44.590-0300] {taskinstance.py:3503} INFO - 0 downstream tasks scheduled from follow-on schedule check
[2024-07-25T14:42:44.591-0300] {local_task_job_runner.py:222} INFO - ::endgroup::
[2024-07-25T14:45:59.261-0300] {local_task_job_runner.py:120} INFO - ::group::Pre task execution logs
[2024-07-25T14:45:59.266-0300] {taskinstance.py:2076} INFO - Dependencies all met for dep_context=non-requeueable deps ti=<TaskInstance: Binance_5m.get_5m_info scheduled__2024-07-25T00:45:00+00:00 [queued]>
[2024-07-25T14:45:59.271-0300] {taskinstance.py:2076} INFO - Dependencies all met for dep_context=requeueable deps ti=<TaskInstance: Binance_5m.get_5m_info scheduled__2024-07-25T00:45:00+00:00 [queued]>
[2024-07-25T14:45:59.271-0300] {taskinstance.py:2306} INFO - Starting attempt 1 of 1
[2024-07-25T14:45:59.286-0300] {taskinstance.py:2330} INFO - Executing <Task(PythonOperator): get_5m_info> on 2024-07-25 00:45:00+00:00
[2024-07-25T14:45:59.289-0300] {standard_task_runner.py:64} INFO - Started process 2605394 to run task
[2024-07-25T14:45:59.291-0300] {standard_task_runner.py:90} INFO - Running: ['airflow', 'tasks', 'run', 'Binance_5m', 'get_5m_info', 'scheduled__2024-07-25T00:45:00+00:00', '--job-id', '2095', '--raw', '--subdir', 'DAGS_FOLDER/binance_dag.py', '--cfg-path', '/tmp/tmpt6yvitkq']
[2024-07-25T14:45:59.292-0300] {standard_task_runner.py:91} INFO - Job 2095: Subtask get_5m_info
[2024-07-25T14:45:59.325-0300] {task_command.py:426} INFO - Running <TaskInstance: Binance_5m.get_5m_info scheduled__2024-07-25T00:45:00+00:00 [running]> on host Galaxybook.
[2024-07-25T14:45:59.379-0300] {taskinstance.py:2648} INFO - Exporting env vars: AIRFLOW_CTX_DAG_OWNER='airflow' AIRFLOW_CTX_DAG_ID='Binance_5m' AIRFLOW_CTX_TASK_ID='get_5m_info' AIRFLOW_CTX_EXECUTION_DATE='2024-07-25T00:45:00+00:00' AIRFLOW_CTX_TRY_NUMBER='1' AIRFLOW_CTX_DAG_RUN_ID='scheduled__2024-07-25T00:45:00+00:00'
[2024-07-25T14:45:59.379-0300] {taskinstance.py:430} INFO - ::endgroup::
[2024-07-25T14:45:59.391-0300] {binance_dag.py:23} INFO - End Time: 2024-07-25T00:50:00.00Z
[2024-07-25T14:45:59.391-0300] {binance_dag.py:24} INFO - Start Time: 2024-07-25T00:45:00.00Z
[2024-07-25T14:45:59.462-0300] {base.py:84} INFO - Using connection ID 'binance_default' for task execution.
[2024-07-25T14:45:59.463-0300] {logging_mixin.py:188} INFO - https://api.binance.com
[2024-07-25T14:45:59.463-0300] {binance_hook.py:35} INFO - URL: https://api.binance.com/api/v3/klines?symbol=BTCBRL&interval=5m&startTime=1721879100000&endTime=1721879399999
[2024-07-25T14:45:59.856-0300] {binance_dag.py:43} INFO - r: [[1721879100000, '363771.00000000', '364052.00000000', '363242.00000000', '364012.00000000', '0.20692000', 1721879399999, '75284.66219000', 42, '0.09519000', '34630.03844000', '0']]
[2024-07-25T14:45:59.857-0300] {python.py:237} INFO - Done. Returned value was: None
[2024-07-25T14:45:59.858-0300] {taskinstance.py:441} INFO - ::group::Post task execution logs
[2024-07-25T14:45:59.860-0300] {taskinstance.py:1206} INFO - Marking task as SUCCESS. dag_id=Binance_5m, task_id=get_5m_info, run_id=scheduled__2024-07-25T00:45:00+00:00, execution_date=20240725T004500, start_date=20240725T174559, end_date=20240725T174559
[2024-07-25T14:45:59.873-0300] {local_task_job_runner.py:243} INFO - Task exited with return code 0
[2024-07-25T14:45:59.879-0300] {taskinstance.py:3503} INFO - 0 downstream tasks scheduled from follow-on schedule check
[2024-07-25T14:45:59.880-0300] {local_task_job_runner.py:222} INFO - ::endgroup::
[2024-07-25T14:46:58.156-0300] {local_task_job_runner.py:120} INFO - ::group::Pre task execution logs
[2024-07-25T14:46:58.161-0300] {taskinstance.py:2076} INFO - Dependencies all met for dep_context=non-requeueable deps ti=<TaskInstance: Binance_5m.get_5m_info scheduled__2024-07-25T00:45:00+00:00 [queued]>
[2024-07-25T14:46:58.164-0300] {taskinstance.py:2076} INFO - Dependencies all met for dep_context=requeueable deps ti=<TaskInstance: Binance_5m.get_5m_info scheduled__2024-07-25T00:45:00+00:00 [queued]>
[2024-07-25T14:46:58.164-0300] {taskinstance.py:2306} INFO - Starting attempt 1 of 1
[2024-07-25T14:46:58.177-0300] {taskinstance.py:2330} INFO - Executing <Task(PythonOperator): get_5m_info> on 2024-07-25 00:45:00+00:00
[2024-07-25T14:46:58.179-0300] {standard_task_runner.py:64} INFO - Started process 2606320 to run task
[2024-07-25T14:46:58.181-0300] {standard_task_runner.py:90} INFO - Running: ['airflow', 'tasks', 'run', 'Binance_5m', 'get_5m_info', 'scheduled__2024-07-25T00:45:00+00:00', '--job-id', '2095', '--raw', '--subdir', 'DAGS_FOLDER/binance_dag.py', '--cfg-path', '/tmp/tmpfkt3jh79']
[2024-07-25T14:46:58.183-0300] {standard_task_runner.py:91} INFO - Job 2095: Subtask get_5m_info
[2024-07-25T14:46:58.214-0300] {task_command.py:426} INFO - Running <TaskInstance: Binance_5m.get_5m_info scheduled__2024-07-25T00:45:00+00:00 [running]> on host Galaxybook.
[2024-07-25T14:46:58.265-0300] {taskinstance.py:2648} INFO - Exporting env vars: AIRFLOW_CTX_DAG_OWNER='airflow' AIRFLOW_CTX_DAG_ID='Binance_5m' AIRFLOW_CTX_TASK_ID='get_5m_info' AIRFLOW_CTX_EXECUTION_DATE='2024-07-25T00:45:00+00:00' AIRFLOW_CTX_TRY_NUMBER='1' AIRFLOW_CTX_DAG_RUN_ID='scheduled__2024-07-25T00:45:00+00:00'
[2024-07-25T14:46:58.265-0300] {taskinstance.py:430} INFO - ::endgroup::
[2024-07-25T14:46:58.273-0300] {binance_dag.py:23} INFO - End Time: 2024-07-25T00:50:00.00Z
[2024-07-25T14:46:58.273-0300] {binance_dag.py:24} INFO - Start Time: 2024-07-25T00:45:00.00Z
[2024-07-25T14:46:58.330-0300] {base.py:84} INFO - Using connection ID 'binance_default' for task execution.
[2024-07-25T14:46:58.330-0300] {logging_mixin.py:188} INFO - https://api.binance.com
[2024-07-25T14:46:58.330-0300] {binance_hook.py:35} INFO - URL: https://api.binance.com/api/v3/klines?symbol=BTCBRL&interval=5m&startTime=1721879100000&endTime=1721879399999
[2024-07-25T14:46:58.729-0300] {binance_dag.py:43} INFO - r: [[1721879100000, '363771.00000000', '364052.00000000', '363242.00000000', '364012.00000000', '0.20692000', 1721879399999, '75284.66219000', 42, '0.09519000', '34630.03844000', '0']]
[2024-07-25T14:46:58.730-0300] {python.py:237} INFO - Done. Returned value was: None
[2024-07-25T14:46:58.731-0300] {taskinstance.py:441} INFO - ::group::Post task execution logs
[2024-07-25T14:46:58.734-0300] {taskinstance.py:1206} INFO - Marking task as SUCCESS. dag_id=Binance_5m, task_id=get_5m_info, run_id=scheduled__2024-07-25T00:45:00+00:00, execution_date=20240725T004500, start_date=20240725T174658, end_date=20240725T174658
[2024-07-25T14:46:58.766-0300] {local_task_job_runner.py:243} INFO - Task exited with return code 0
[2024-07-25T14:46:58.772-0300] {taskinstance.py:3503} INFO - 0 downstream tasks scheduled from follow-on schedule check
[2024-07-25T14:46:58.772-0300] {local_task_job_runner.py:222} INFO - ::endgroup::
[2024-07-25T15:17:11.637-0300] {local_task_job_runner.py:120} INFO - ::group::Pre task execution logs
[2024-07-25T15:17:11.643-0300] {taskinstance.py:2076} INFO - Dependencies all met for dep_context=non-requeueable deps ti=<TaskInstance: Binance_5m.get_5m_info scheduled__2024-07-25T00:45:00+00:00 [queued]>
[2024-07-25T15:17:11.646-0300] {taskinstance.py:2076} INFO - Dependencies all met for dep_context=requeueable deps ti=<TaskInstance: Binance_5m.get_5m_info scheduled__2024-07-25T00:45:00+00:00 [queued]>
[2024-07-25T15:17:11.646-0300] {taskinstance.py:2306} INFO - Starting attempt 1 of 1
[2024-07-25T15:17:11.662-0300] {taskinstance.py:2330} INFO - Executing <Task(PythonOperator): get_5m_info> on 2024-07-25 00:45:00+00:00
[2024-07-25T15:17:11.663-0300] {standard_task_runner.py:64} INFO - Started process 2628967 to run task
[2024-07-25T15:17:11.665-0300] {standard_task_runner.py:90} INFO - Running: ['airflow', 'tasks', 'run', 'Binance_5m', 'get_5m_info', 'scheduled__2024-07-25T00:45:00+00:00', '--job-id', '2544', '--raw', '--subdir', 'DAGS_FOLDER/binance_dag.py', '--cfg-path', '/tmp/tmpb8r1dwjx']
[2024-07-25T15:17:11.666-0300] {standard_task_runner.py:91} INFO - Job 2544: Subtask get_5m_info
[2024-07-25T15:17:11.692-0300] {task_command.py:426} INFO - Running <TaskInstance: Binance_5m.get_5m_info scheduled__2024-07-25T00:45:00+00:00 [running]> on host Galaxybook.
[2024-07-25T15:17:11.747-0300] {taskinstance.py:2648} INFO - Exporting env vars: AIRFLOW_CTX_DAG_OWNER='airflow' AIRFLOW_CTX_DAG_ID='Binance_5m' AIRFLOW_CTX_TASK_ID='get_5m_info' AIRFLOW_CTX_EXECUTION_DATE='2024-07-25T00:45:00+00:00' AIRFLOW_CTX_TRY_NUMBER='1' AIRFLOW_CTX_DAG_RUN_ID='scheduled__2024-07-25T00:45:00+00:00'
[2024-07-25T15:17:11.748-0300] {taskinstance.py:430} INFO - ::endgroup::
[2024-07-25T15:17:11.757-0300] {binance_dag.py:23} INFO - End Time: 2024-07-25T00:50:00.00Z
[2024-07-25T15:17:11.757-0300] {binance_dag.py:24} INFO - Start Time: 2024-07-25T00:45:00.00Z
[2024-07-25T15:17:11.832-0300] {base.py:84} INFO - Using connection ID 'binance_default' for task execution.
[2024-07-25T15:17:11.833-0300] {logging_mixin.py:188} INFO - https://api.binance.com
[2024-07-25T15:17:11.833-0300] {binance_hook.py:35} INFO - URL: https://api.binance.com/api/v3/klines?symbol=BTCBRL&interval=5m&startTime=1721879100000&endTime=1721879399999
[2024-07-25T15:17:12.230-0300] {python.py:237} INFO - Done. Returned value was: None
[2024-07-25T15:17:12.231-0300] {taskinstance.py:441} INFO - ::group::Post task execution logs
[2024-07-25T15:17:12.234-0300] {taskinstance.py:1206} INFO - Marking task as SUCCESS. dag_id=Binance_5m, task_id=get_5m_info, run_id=scheduled__2024-07-25T00:45:00+00:00, execution_date=20240725T004500, start_date=20240725T181711, end_date=20240725T181712
[2024-07-25T15:17:12.290-0300] {local_task_job_runner.py:243} INFO - Task exited with return code 0
[2024-07-25T15:17:12.301-0300] {taskinstance.py:3503} INFO - 0 downstream tasks scheduled from follow-on schedule check
[2024-07-25T15:17:12.302-0300] {local_task_job_runner.py:222} INFO - ::endgroup::
[2024-07-25T16:13:32.784-0300] {local_task_job_runner.py:120} INFO - ::group::Pre task execution logs
[2024-07-25T16:13:32.790-0300] {taskinstance.py:2076} INFO - Dependencies all met for dep_context=non-requeueable deps ti=<TaskInstance: Binance_5m.get_5m_info scheduled__2024-07-25T00:45:00+00:00 [queued]>
[2024-07-25T16:13:32.793-0300] {taskinstance.py:2076} INFO - Dependencies all met for dep_context=requeueable deps ti=<TaskInstance: Binance_5m.get_5m_info scheduled__2024-07-25T00:45:00+00:00 [queued]>
[2024-07-25T16:13:32.793-0300] {taskinstance.py:2306} INFO - Starting attempt 1 of 1
[2024-07-25T16:13:32.807-0300] {taskinstance.py:2330} INFO - Executing <Task(PythonOperator): get_5m_info> on 2024-07-25 00:45:00+00:00
[2024-07-25T16:13:32.809-0300] {standard_task_runner.py:64} INFO - Started process 2656517 to run task
[2024-07-25T16:13:32.811-0300] {standard_task_runner.py:90} INFO - Running: ['airflow', 'tasks', 'run', 'Binance_5m', 'get_5m_info', 'scheduled__2024-07-25T00:45:00+00:00', '--job-id', '2104', '--raw', '--subdir', 'DAGS_FOLDER/binance_dag.py', '--cfg-path', '/tmp/tmp3hi93dnw']
[2024-07-25T16:13:32.812-0300] {standard_task_runner.py:91} INFO - Job 2104: Subtask get_5m_info
[2024-07-25T16:13:32.849-0300] {task_command.py:426} INFO - Running <TaskInstance: Binance_5m.get_5m_info scheduled__2024-07-25T00:45:00+00:00 [running]> on host Galaxybook.
[2024-07-25T16:13:32.896-0300] {taskinstance.py:2648} INFO - Exporting env vars: AIRFLOW_CTX_DAG_OWNER='airflow' AIRFLOW_CTX_DAG_ID='Binance_5m' AIRFLOW_CTX_TASK_ID='get_5m_info' AIRFLOW_CTX_EXECUTION_DATE='2024-07-25T00:45:00+00:00' AIRFLOW_CTX_TRY_NUMBER='1' AIRFLOW_CTX_DAG_RUN_ID='scheduled__2024-07-25T00:45:00+00:00'
[2024-07-25T16:13:32.896-0300] {taskinstance.py:430} INFO - ::endgroup::
[2024-07-25T16:13:32.903-0300] {binance_dag.py:22} INFO - End Time: 2024-07-25 00:50:00+00:00
[2024-07-25T16:13:32.903-0300] {binance_dag.py:23} INFO - Start Time: 2024-07-25 00:45:00+00:00
[2024-07-25T16:13:32.903-0300] {binance_dag.py:24} INFO - Start timestamp: 1721868300000
[2024-07-25T16:13:32.904-0300] {binance_dag.py:25} INFO - End timestamp: 1721868600000
[2024-07-25T16:13:32.962-0300] {base.py:84} INFO - Using connection ID 'binance_default' for task execution.
[2024-07-25T16:13:32.962-0300] {logging_mixin.py:188} INFO - https://api.binance.com
[2024-07-25T16:13:32.963-0300] {binance_hook.py:35} INFO - URL: https://api.binance.com/api/v3/klines?symbol=BTCBRL&interval=5m&startTime=1721868300000&endTime=1721868599999&timeZone=-3
[2024-07-25T16:13:33.500-0300] {python.py:237} INFO - Done. Returned value was: None
[2024-07-25T16:13:33.501-0300] {taskinstance.py:441} INFO - ::group::Post task execution logs
[2024-07-25T16:13:33.503-0300] {taskinstance.py:1206} INFO - Marking task as SUCCESS. dag_id=Binance_5m, task_id=get_5m_info, run_id=scheduled__2024-07-25T00:45:00+00:00, execution_date=20240725T004500, start_date=20240725T191332, end_date=20240725T191333
[2024-07-25T16:13:33.517-0300] {local_task_job_runner.py:243} INFO - Task exited with return code 0
[2024-07-25T16:13:33.527-0300] {taskinstance.py:3503} INFO - 0 downstream tasks scheduled from follow-on schedule check
[2024-07-25T16:13:33.527-0300] {local_task_job_runner.py:222} INFO - ::endgroup::
