[2024-07-25T09:58:35.677-0300] {local_task_job_runner.py:120} INFO - ::group::Pre task execution logs
[2024-07-25T09:58:35.682-0300] {taskinstance.py:2076} INFO - Dependencies all met for dep_context=non-requeueable deps ti=<TaskInstance: Mercado_1m.get_1m_info scheduled__2024-07-25T11:10:00+00:00 [queued]>
[2024-07-25T09:58:35.685-0300] {taskinstance.py:2076} INFO - Dependencies all met for dep_context=requeueable deps ti=<TaskInstance: Mercado_1m.get_1m_info scheduled__2024-07-25T11:10:00+00:00 [queued]>
[2024-07-25T09:58:35.685-0300] {taskinstance.py:2306} INFO - Starting attempt 1 of 1
[2024-07-25T09:58:35.696-0300] {taskinstance.py:2330} INFO - Executing <Task(PythonOperator): get_1m_info> on 2024-07-25 11:10:00+00:00
[2024-07-25T09:58:35.698-0300] {standard_task_runner.py:64} INFO - Started process 2443652 to run task
[2024-07-25T09:58:35.700-0300] {standard_task_runner.py:90} INFO - Running: ['airflow', 'tasks', 'run', 'Mercado_1m', 'get_1m_info', 'scheduled__2024-07-25T11:10:00+00:00', '--job-id', '1906', '--raw', '--subdir', 'DAGS_FOLDER/mercado_dag.py', '--cfg-path', '/tmp/tmp4ud4rp8a']
[2024-07-25T09:58:35.701-0300] {standard_task_runner.py:91} INFO - Job 1906: Subtask get_1m_info
[2024-07-25T09:58:35.726-0300] {task_command.py:426} INFO - Running <TaskInstance: Mercado_1m.get_1m_info scheduled__2024-07-25T11:10:00+00:00 [running]> on host Galaxybook.
[2024-07-25T09:58:35.777-0300] {taskinstance.py:2648} INFO - Exporting env vars: AIRFLOW_CTX_DAG_OWNER='airflow' AIRFLOW_CTX_DAG_ID='Mercado_1m' AIRFLOW_CTX_TASK_ID='get_1m_info' AIRFLOW_CTX_EXECUTION_DATE='2024-07-25T11:10:00+00:00' AIRFLOW_CTX_TRY_NUMBER='1' AIRFLOW_CTX_DAG_RUN_ID='scheduled__2024-07-25T11:10:00+00:00'
[2024-07-25T09:58:35.778-0300] {taskinstance.py:430} INFO - ::endgroup::
[2024-07-25T09:58:35.841-0300] {base.py:84} INFO - Using connection ID 'mercado_default' for task execution.
[2024-07-25T09:58:35.841-0300] {mercado_hook.py:26} INFO - BASE URL: https://api.mercadobitcoin.net/api/v4
[2024-07-25T09:58:35.842-0300] {mercado_hook.py:32} INFO - URL: https://api.mercadobitcoin.net/api/v4/candles?symbol=BTC-BRL&resolution=1m&to=1721912255&from=1721912315
[2024-07-25T09:58:36.126-0300] {python.py:237} INFO - Done. Returned value was: None
[2024-07-25T09:58:36.127-0300] {taskinstance.py:441} INFO - ::group::Post task execution logs
[2024-07-25T09:58:36.130-0300] {taskinstance.py:1206} INFO - Marking task as SUCCESS. dag_id=Mercado_1m, task_id=get_1m_info, run_id=scheduled__2024-07-25T11:10:00+00:00, execution_date=20240725T111000, start_date=20240725T125835, end_date=20240725T125836
[2024-07-25T09:58:36.161-0300] {local_task_job_runner.py:243} INFO - Task exited with return code 0
[2024-07-25T09:58:36.167-0300] {taskinstance.py:3503} INFO - 0 downstream tasks scheduled from follow-on schedule check
[2024-07-25T09:58:36.168-0300] {local_task_job_runner.py:222} INFO - ::endgroup::
[2024-07-25T10:58:15.984-0300] {local_task_job_runner.py:120} INFO - ::group::Pre task execution logs
[2024-07-25T10:58:15.990-0300] {taskinstance.py:2076} INFO - Dependencies all met for dep_context=non-requeueable deps ti=<TaskInstance: Mercado_1m.get_1m_info scheduled__2024-07-25T11:10:00+00:00 [queued]>
[2024-07-25T10:58:15.993-0300] {taskinstance.py:2076} INFO - Dependencies all met for dep_context=requeueable deps ti=<TaskInstance: Mercado_1m.get_1m_info scheduled__2024-07-25T11:10:00+00:00 [queued]>
[2024-07-25T10:58:15.993-0300] {taskinstance.py:2306} INFO - Starting attempt 1 of 1
[2024-07-25T10:58:16.007-0300] {taskinstance.py:2330} INFO - Executing <Task(PythonOperator): get_1m_info> on 2024-07-25 11:10:00+00:00
[2024-07-25T10:58:16.009-0300] {standard_task_runner.py:64} INFO - Started process 2479954 to run task
[2024-07-25T10:58:16.011-0300] {standard_task_runner.py:90} INFO - Running: ['airflow', 'tasks', 'run', 'Mercado_1m', 'get_1m_info', 'scheduled__2024-07-25T11:10:00+00:00', '--job-id', '1844', '--raw', '--subdir', 'DAGS_FOLDER/mercado_dag.py', '--cfg-path', '/tmp/tmpaorkqu8l']
[2024-07-25T10:58:16.012-0300] {standard_task_runner.py:91} INFO - Job 1844: Subtask get_1m_info
[2024-07-25T10:58:16.042-0300] {task_command.py:426} INFO - Running <TaskInstance: Mercado_1m.get_1m_info scheduled__2024-07-25T11:10:00+00:00 [running]> on host Galaxybook.
[2024-07-25T10:58:16.089-0300] {taskinstance.py:2648} INFO - Exporting env vars: AIRFLOW_CTX_DAG_OWNER='airflow' AIRFLOW_CTX_DAG_ID='Mercado_1m' AIRFLOW_CTX_TASK_ID='get_1m_info' AIRFLOW_CTX_EXECUTION_DATE='2024-07-25T11:10:00+00:00' AIRFLOW_CTX_TRY_NUMBER='1' AIRFLOW_CTX_DAG_RUN_ID='scheduled__2024-07-25T11:10:00+00:00'
[2024-07-25T10:58:16.090-0300] {taskinstance.py:430} INFO - ::endgroup::
[2024-07-25T10:58:16.151-0300] {base.py:84} INFO - Using connection ID 'mercado_default' for task execution.
[2024-07-25T10:58:16.151-0300] {mercado_hook.py:31} INFO - URL: https://api.mercadobitcoin.net/api/v4/candles?symbol=BTC-BRL&resolution=1m&to=1721915896097&countback=1
[2024-07-25T10:58:16.423-0300] {python.py:237} INFO - Done. Returned value was: None
[2024-07-25T10:58:16.424-0300] {taskinstance.py:441} INFO - ::group::Post task execution logs
[2024-07-25T10:58:16.427-0300] {taskinstance.py:1206} INFO - Marking task as SUCCESS. dag_id=Mercado_1m, task_id=get_1m_info, run_id=scheduled__2024-07-25T11:10:00+00:00, execution_date=20240725T111000, start_date=20240725T135815, end_date=20240725T135816
[2024-07-25T10:58:16.471-0300] {local_task_job_runner.py:243} INFO - Task exited with return code 0
[2024-07-25T10:58:16.479-0300] {taskinstance.py:3503} INFO - 0 downstream tasks scheduled from follow-on schedule check
[2024-07-25T10:58:16.479-0300] {local_task_job_runner.py:222} INFO - ::endgroup::
