[2024-07-25T10:00:02.806-0300] {local_task_job_runner.py:120} INFO - ::group::Pre task execution logs
[2024-07-25T10:00:02.813-0300] {taskinstance.py:2076} INFO - Dependencies all met for dep_context=non-requeueable deps ti=<TaskInstance: Mercado_1m.get_1m_info scheduled__2024-07-25T11:47:00+00:00 [queued]>
[2024-07-25T10:00:02.817-0300] {taskinstance.py:2076} INFO - Dependencies all met for dep_context=requeueable deps ti=<TaskInstance: Mercado_1m.get_1m_info scheduled__2024-07-25T11:47:00+00:00 [queued]>
[2024-07-25T10:00:02.818-0300] {taskinstance.py:2306} INFO - Starting attempt 1 of 1
[2024-07-25T10:00:02.832-0300] {taskinstance.py:2330} INFO - Executing <Task(PythonOperator): get_1m_info> on 2024-07-25 11:47:00+00:00
[2024-07-25T10:00:02.835-0300] {standard_task_runner.py:64} INFO - Started process 2445150 to run task
[2024-07-25T10:00:02.837-0300] {standard_task_runner.py:90} INFO - Running: ['airflow', 'tasks', 'run', 'Mercado_1m', 'get_1m_info', 'scheduled__2024-07-25T11:47:00+00:00', '--job-id', '1944', '--raw', '--subdir', 'DAGS_FOLDER/mercado_dag.py', '--cfg-path', '/tmp/tmpf8kmv6ne']
[2024-07-25T10:00:02.838-0300] {standard_task_runner.py:91} INFO - Job 1944: Subtask get_1m_info
[2024-07-25T10:00:02.867-0300] {task_command.py:426} INFO - Running <TaskInstance: Mercado_1m.get_1m_info scheduled__2024-07-25T11:47:00+00:00 [running]> on host Galaxybook.
[2024-07-25T10:00:02.929-0300] {taskinstance.py:2648} INFO - Exporting env vars: AIRFLOW_CTX_DAG_OWNER='airflow' AIRFLOW_CTX_DAG_ID='Mercado_1m' AIRFLOW_CTX_TASK_ID='get_1m_info' AIRFLOW_CTX_EXECUTION_DATE='2024-07-25T11:47:00+00:00' AIRFLOW_CTX_TRY_NUMBER='1' AIRFLOW_CTX_DAG_RUN_ID='scheduled__2024-07-25T11:47:00+00:00'
[2024-07-25T10:00:02.929-0300] {taskinstance.py:430} INFO - ::endgroup::
[2024-07-25T10:00:03.010-0300] {base.py:84} INFO - Using connection ID 'mercado_default' for task execution.
[2024-07-25T10:00:03.011-0300] {mercado_hook.py:26} INFO - BASE URL: https://api.mercadobitcoin.net/api/v4
[2024-07-25T10:00:03.011-0300] {mercado_hook.py:32} INFO - URL: https://api.mercadobitcoin.net/api/v4/candles?symbol=BTC-BRL&resolution=1m&to=1721912342938&from=1721912402938
[2024-07-25T10:00:03.281-0300] {python.py:237} INFO - Done. Returned value was: None
[2024-07-25T10:00:03.281-0300] {taskinstance.py:441} INFO - ::group::Post task execution logs
[2024-07-25T10:00:03.284-0300] {taskinstance.py:1206} INFO - Marking task as SUCCESS. dag_id=Mercado_1m, task_id=get_1m_info, run_id=scheduled__2024-07-25T11:47:00+00:00, execution_date=20240725T114700, start_date=20240725T130002, end_date=20240725T130003
[2024-07-25T10:00:03.339-0300] {local_task_job_runner.py:243} INFO - Task exited with return code 0
[2024-07-25T10:00:03.346-0300] {taskinstance.py:3503} INFO - 0 downstream tasks scheduled from follow-on schedule check
[2024-07-25T10:00:03.346-0300] {local_task_job_runner.py:222} INFO - ::endgroup::
[2024-07-25T10:59:40.290-0300] {local_task_job_runner.py:120} INFO - ::group::Pre task execution logs
[2024-07-25T10:59:40.301-0300] {taskinstance.py:2076} INFO - Dependencies all met for dep_context=non-requeueable deps ti=<TaskInstance: Mercado_1m.get_1m_info scheduled__2024-07-25T11:47:00+00:00 [queued]>
[2024-07-25T10:59:40.306-0300] {taskinstance.py:2076} INFO - Dependencies all met for dep_context=requeueable deps ti=<TaskInstance: Mercado_1m.get_1m_info scheduled__2024-07-25T11:47:00+00:00 [queued]>
[2024-07-25T10:59:40.306-0300] {taskinstance.py:2306} INFO - Starting attempt 1 of 1
[2024-07-25T10:59:40.323-0300] {taskinstance.py:2330} INFO - Executing <Task(PythonOperator): get_1m_info> on 2024-07-25 11:47:00+00:00
[2024-07-25T10:59:40.326-0300] {standard_task_runner.py:64} INFO - Started process 2481403 to run task
[2024-07-25T10:59:40.328-0300] {standard_task_runner.py:90} INFO - Running: ['airflow', 'tasks', 'run', 'Mercado_1m', 'get_1m_info', 'scheduled__2024-07-25T11:47:00+00:00', '--job-id', '1882', '--raw', '--subdir', 'DAGS_FOLDER/mercado_dag.py', '--cfg-path', '/tmp/tmpp_wjhc2w']
[2024-07-25T10:59:40.329-0300] {standard_task_runner.py:91} INFO - Job 1882: Subtask get_1m_info
[2024-07-25T10:59:40.366-0300] {task_command.py:426} INFO - Running <TaskInstance: Mercado_1m.get_1m_info scheduled__2024-07-25T11:47:00+00:00 [running]> on host Galaxybook.
[2024-07-25T10:59:40.425-0300] {taskinstance.py:2648} INFO - Exporting env vars: AIRFLOW_CTX_DAG_OWNER='airflow' AIRFLOW_CTX_DAG_ID='Mercado_1m' AIRFLOW_CTX_TASK_ID='get_1m_info' AIRFLOW_CTX_EXECUTION_DATE='2024-07-25T11:47:00+00:00' AIRFLOW_CTX_TRY_NUMBER='1' AIRFLOW_CTX_DAG_RUN_ID='scheduled__2024-07-25T11:47:00+00:00'
[2024-07-25T10:59:40.425-0300] {taskinstance.py:430} INFO - ::endgroup::
[2024-07-25T10:59:40.500-0300] {base.py:84} INFO - Using connection ID 'mercado_default' for task execution.
[2024-07-25T10:59:40.501-0300] {mercado_hook.py:31} INFO - URL: https://api.mercadobitcoin.net/api/v4/candles?symbol=BTC-BRL&resolution=1m&to=1721915980434&countback=1
[2024-07-25T10:59:40.786-0300] {python.py:237} INFO - Done. Returned value was: None
[2024-07-25T10:59:40.786-0300] {taskinstance.py:441} INFO - ::group::Post task execution logs
[2024-07-25T10:59:40.789-0300] {taskinstance.py:1206} INFO - Marking task as SUCCESS. dag_id=Mercado_1m, task_id=get_1m_info, run_id=scheduled__2024-07-25T11:47:00+00:00, execution_date=20240725T114700, start_date=20240725T135940, end_date=20240725T135940
[2024-07-25T10:59:40.827-0300] {local_task_job_runner.py:243} INFO - Task exited with return code 0
[2024-07-25T10:59:40.833-0300] {taskinstance.py:3503} INFO - 0 downstream tasks scheduled from follow-on schedule check
[2024-07-25T10:59:40.834-0300] {local_task_job_runner.py:222} INFO - ::endgroup::
