[2024-07-25T09:58:27.958-0300] {local_task_job_runner.py:120} INFO - ::group::Pre task execution logs
[2024-07-25T09:58:27.962-0300] {taskinstance.py:2076} INFO - Dependencies all met for dep_context=non-requeueable deps ti=<TaskInstance: Mercado_1m.get_1m_info scheduled__2024-07-25T11:06:00+00:00 [queued]>
[2024-07-25T09:58:27.965-0300] {taskinstance.py:2076} INFO - Dependencies all met for dep_context=requeueable deps ti=<TaskInstance: Mercado_1m.get_1m_info scheduled__2024-07-25T11:06:00+00:00 [queued]>
[2024-07-25T09:58:27.966-0300] {taskinstance.py:2306} INFO - Starting attempt 1 of 1
[2024-07-25T09:58:27.986-0300] {taskinstance.py:2330} INFO - Executing <Task(PythonOperator): get_1m_info> on 2024-07-25 11:06:00+00:00
[2024-07-25T09:58:27.988-0300] {standard_task_runner.py:64} INFO - Started process 2443521 to run task
[2024-07-25T09:58:27.990-0300] {standard_task_runner.py:90} INFO - Running: ['airflow', 'tasks', 'run', 'Mercado_1m', 'get_1m_info', 'scheduled__2024-07-25T11:06:00+00:00', '--job-id', '1902', '--raw', '--subdir', 'DAGS_FOLDER/mercado_dag.py', '--cfg-path', '/tmp/tmpiny0p3ox']
[2024-07-25T09:58:27.992-0300] {standard_task_runner.py:91} INFO - Job 1902: Subtask get_1m_info
[2024-07-25T09:58:28.015-0300] {task_command.py:426} INFO - Running <TaskInstance: Mercado_1m.get_1m_info scheduled__2024-07-25T11:06:00+00:00 [running]> on host Galaxybook.
[2024-07-25T09:58:28.080-0300] {taskinstance.py:2648} INFO - Exporting env vars: AIRFLOW_CTX_DAG_OWNER='airflow' AIRFLOW_CTX_DAG_ID='Mercado_1m' AIRFLOW_CTX_TASK_ID='get_1m_info' AIRFLOW_CTX_EXECUTION_DATE='2024-07-25T11:06:00+00:00' AIRFLOW_CTX_TRY_NUMBER='1' AIRFLOW_CTX_DAG_RUN_ID='scheduled__2024-07-25T11:06:00+00:00'
[2024-07-25T09:58:28.081-0300] {taskinstance.py:430} INFO - ::endgroup::
[2024-07-25T09:58:28.155-0300] {base.py:84} INFO - Using connection ID 'mercado_default' for task execution.
[2024-07-25T09:58:28.155-0300] {mercado_hook.py:26} INFO - BASE URL: https://api.mercadobitcoin.net/api/v4
[2024-07-25T09:58:28.155-0300] {mercado_hook.py:32} INFO - URL: https://api.mercadobitcoin.net/api/v4/candles?symbol=BTC-BRL&resolution=1m&to=1721912248&from=1721912308
[2024-07-25T09:58:28.424-0300] {python.py:237} INFO - Done. Returned value was: None
[2024-07-25T09:58:28.424-0300] {taskinstance.py:441} INFO - ::group::Post task execution logs
[2024-07-25T09:58:28.426-0300] {taskinstance.py:1206} INFO - Marking task as SUCCESS. dag_id=Mercado_1m, task_id=get_1m_info, run_id=scheduled__2024-07-25T11:06:00+00:00, execution_date=20240725T110600, start_date=20240725T125827, end_date=20240725T125828
[2024-07-25T09:58:28.451-0300] {local_task_job_runner.py:243} INFO - Task exited with return code 0
[2024-07-25T09:58:28.458-0300] {taskinstance.py:3503} INFO - 0 downstream tasks scheduled from follow-on schedule check
[2024-07-25T09:58:28.458-0300] {local_task_job_runner.py:222} INFO - ::endgroup::
[2024-07-25T10:58:06.528-0300] {local_task_job_runner.py:120} INFO - ::group::Pre task execution logs
[2024-07-25T10:58:06.536-0300] {taskinstance.py:2076} INFO - Dependencies all met for dep_context=non-requeueable deps ti=<TaskInstance: Mercado_1m.get_1m_info scheduled__2024-07-25T11:06:00+00:00 [queued]>
[2024-07-25T10:58:06.541-0300] {taskinstance.py:2076} INFO - Dependencies all met for dep_context=requeueable deps ti=<TaskInstance: Mercado_1m.get_1m_info scheduled__2024-07-25T11:06:00+00:00 [queued]>
[2024-07-25T10:58:06.541-0300] {taskinstance.py:2306} INFO - Starting attempt 1 of 1
[2024-07-25T10:58:06.557-0300] {taskinstance.py:2330} INFO - Executing <Task(PythonOperator): get_1m_info> on 2024-07-25 11:06:00+00:00
[2024-07-25T10:58:06.558-0300] {standard_task_runner.py:64} INFO - Started process 2479796 to run task
[2024-07-25T10:58:06.560-0300] {standard_task_runner.py:90} INFO - Running: ['airflow', 'tasks', 'run', 'Mercado_1m', 'get_1m_info', 'scheduled__2024-07-25T11:06:00+00:00', '--job-id', '1840', '--raw', '--subdir', 'DAGS_FOLDER/mercado_dag.py', '--cfg-path', '/tmp/tmpf0g8m5tr']
[2024-07-25T10:58:06.561-0300] {standard_task_runner.py:91} INFO - Job 1840: Subtask get_1m_info
[2024-07-25T10:58:06.588-0300] {task_command.py:426} INFO - Running <TaskInstance: Mercado_1m.get_1m_info scheduled__2024-07-25T11:06:00+00:00 [running]> on host Galaxybook.
[2024-07-25T10:58:06.642-0300] {taskinstance.py:2648} INFO - Exporting env vars: AIRFLOW_CTX_DAG_OWNER='airflow' AIRFLOW_CTX_DAG_ID='Mercado_1m' AIRFLOW_CTX_TASK_ID='get_1m_info' AIRFLOW_CTX_EXECUTION_DATE='2024-07-25T11:06:00+00:00' AIRFLOW_CTX_TRY_NUMBER='1' AIRFLOW_CTX_DAG_RUN_ID='scheduled__2024-07-25T11:06:00+00:00'
[2024-07-25T10:58:06.642-0300] {taskinstance.py:430} INFO - ::endgroup::
[2024-07-25T10:58:06.728-0300] {base.py:84} INFO - Using connection ID 'mercado_default' for task execution.
[2024-07-25T10:58:06.728-0300] {mercado_hook.py:31} INFO - URL: https://api.mercadobitcoin.net/api/v4/candles?symbol=BTC-BRL&resolution=1m&to=1721915886654&countback=1
[2024-07-25T10:58:06.999-0300] {python.py:237} INFO - Done. Returned value was: None
[2024-07-25T10:58:07.000-0300] {taskinstance.py:441} INFO - ::group::Post task execution logs
[2024-07-25T10:58:07.002-0300] {taskinstance.py:1206} INFO - Marking task as SUCCESS. dag_id=Mercado_1m, task_id=get_1m_info, run_id=scheduled__2024-07-25T11:06:00+00:00, execution_date=20240725T110600, start_date=20240725T135806, end_date=20240725T135807
[2024-07-25T10:58:07.062-0300] {local_task_job_runner.py:243} INFO - Task exited with return code 0
[2024-07-25T10:58:07.068-0300] {taskinstance.py:3503} INFO - 0 downstream tasks scheduled from follow-on schedule check
[2024-07-25T10:58:07.068-0300] {local_task_job_runner.py:222} INFO - ::endgroup::
