[2024-07-25T14:49:13.141-0300] {local_task_job_runner.py:120} INFO - ::group::Pre task execution logs
[2024-07-25T14:49:13.149-0300] {taskinstance.py:2076} INFO - Dependencies all met for dep_context=non-requeueable deps ti=<TaskInstance: Binance_5m.get_5m_info scheduled__2024-07-25T05:30:00+00:00 [queued]>
[2024-07-25T14:49:13.153-0300] {taskinstance.py:2076} INFO - Dependencies all met for dep_context=requeueable deps ti=<TaskInstance: Binance_5m.get_5m_info scheduled__2024-07-25T05:30:00+00:00 [queued]>
[2024-07-25T14:49:13.153-0300] {taskinstance.py:2306} INFO - Starting attempt 1 of 1
[2024-07-25T14:49:13.170-0300] {taskinstance.py:2330} INFO - Executing <Task(PythonOperator): get_5m_info> on 2024-07-25 05:30:00+00:00
[2024-07-25T14:49:13.172-0300] {standard_task_runner.py:64} INFO - Started process 2608625 to run task
[2024-07-25T14:49:13.174-0300] {standard_task_runner.py:90} INFO - Running: ['airflow', 'tasks', 'run', 'Binance_5m', 'get_5m_info', 'scheduled__2024-07-25T05:30:00+00:00', '--job-id', '2152', '--raw', '--subdir', 'DAGS_FOLDER/binance_dag.py', '--cfg-path', '/tmp/tmpi5m6p_nr']
[2024-07-25T14:49:13.175-0300] {standard_task_runner.py:91} INFO - Job 2152: Subtask get_5m_info
[2024-07-25T14:49:13.207-0300] {task_command.py:426} INFO - Running <TaskInstance: Binance_5m.get_5m_info scheduled__2024-07-25T05:30:00+00:00 [running]> on host Galaxybook.
[2024-07-25T14:49:13.268-0300] {taskinstance.py:2648} INFO - Exporting env vars: AIRFLOW_CTX_DAG_OWNER='airflow' AIRFLOW_CTX_DAG_ID='Binance_5m' AIRFLOW_CTX_TASK_ID='get_5m_info' AIRFLOW_CTX_EXECUTION_DATE='2024-07-25T05:30:00+00:00' AIRFLOW_CTX_TRY_NUMBER='1' AIRFLOW_CTX_DAG_RUN_ID='scheduled__2024-07-25T05:30:00+00:00'
[2024-07-25T14:49:13.269-0300] {taskinstance.py:430} INFO - ::endgroup::
[2024-07-25T14:49:13.279-0300] {binance_dag.py:23} INFO - End Time: 2024-07-25T05:35:00.00Z
[2024-07-25T14:49:13.279-0300] {binance_dag.py:24} INFO - Start Time: 2024-07-25T05:30:00.00Z
[2024-07-25T14:49:13.353-0300] {base.py:84} INFO - Using connection ID 'binance_default' for task execution.
[2024-07-25T14:49:13.354-0300] {logging_mixin.py:188} INFO - https://api.binance.com
[2024-07-25T14:49:13.354-0300] {binance_hook.py:35} INFO - URL: https://api.binance.com/api/v3/klines?symbol=BTCBRL&interval=5m&startTime=1721896200000&endTime=1721896499999
[2024-07-25T14:49:13.741-0300] {binance_dag.py:43} INFO - r: [[1721896200000, '364681.00000000', '365137.00000000', '364526.00000000', '365042.00000000', '0.35150000', 1721896499999, '128193.63578000', 48, '0.24591000', '89685.34923000', '0']]
[2024-07-25T14:49:13.742-0300] {python.py:237} INFO - Done. Returned value was: None
[2024-07-25T14:49:13.743-0300] {taskinstance.py:441} INFO - ::group::Post task execution logs
[2024-07-25T14:49:13.746-0300] {taskinstance.py:1206} INFO - Marking task as SUCCESS. dag_id=Binance_5m, task_id=get_5m_info, run_id=scheduled__2024-07-25T05:30:00+00:00, execution_date=20240725T053000, start_date=20240725T174913, end_date=20240725T174913
[2024-07-25T14:49:13.791-0300] {local_task_job_runner.py:243} INFO - Task exited with return code 0
[2024-07-25T14:49:13.799-0300] {taskinstance.py:3503} INFO - 0 downstream tasks scheduled from follow-on schedule check
[2024-07-25T14:49:13.800-0300] {local_task_job_runner.py:222} INFO - ::endgroup::
[2024-07-25T15:19:20.754-0300] {local_task_job_runner.py:120} INFO - ::group::Pre task execution logs
[2024-07-25T15:19:20.759-0300] {taskinstance.py:2076} INFO - Dependencies all met for dep_context=non-requeueable deps ti=<TaskInstance: Binance_5m.get_5m_info scheduled__2024-07-25T05:30:00+00:00 [queued]>
[2024-07-25T15:19:20.762-0300] {taskinstance.py:2076} INFO - Dependencies all met for dep_context=requeueable deps ti=<TaskInstance: Binance_5m.get_5m_info scheduled__2024-07-25T05:30:00+00:00 [queued]>
[2024-07-25T15:19:20.762-0300] {taskinstance.py:2306} INFO - Starting attempt 1 of 1
[2024-07-25T15:19:20.775-0300] {taskinstance.py:2330} INFO - Executing <Task(PythonOperator): get_5m_info> on 2024-07-25 05:30:00+00:00
[2024-07-25T15:19:20.776-0300] {standard_task_runner.py:64} INFO - Started process 2631075 to run task
[2024-07-25T15:19:20.778-0300] {standard_task_runner.py:90} INFO - Running: ['airflow', 'tasks', 'run', 'Binance_5m', 'get_5m_info', 'scheduled__2024-07-25T05:30:00+00:00', '--job-id', '2601', '--raw', '--subdir', 'DAGS_FOLDER/binance_dag.py', '--cfg-path', '/tmp/tmp027fhl5u']
[2024-07-25T15:19:20.779-0300] {standard_task_runner.py:91} INFO - Job 2601: Subtask get_5m_info
[2024-07-25T15:19:20.803-0300] {task_command.py:426} INFO - Running <TaskInstance: Binance_5m.get_5m_info scheduled__2024-07-25T05:30:00+00:00 [running]> on host Galaxybook.
[2024-07-25T15:19:20.268-0300] {taskinstance.py:2648} INFO - Exporting env vars: AIRFLOW_CTX_DAG_OWNER='airflow' AIRFLOW_CTX_DAG_ID='Binance_5m' AIRFLOW_CTX_TASK_ID='get_5m_info' AIRFLOW_CTX_EXECUTION_DATE='2024-07-25T05:30:00+00:00' AIRFLOW_CTX_TRY_NUMBER='1' AIRFLOW_CTX_DAG_RUN_ID='scheduled__2024-07-25T05:30:00+00:00'
[2024-07-25T15:19:20.269-0300] {taskinstance.py:430} INFO - ::endgroup::
[2024-07-25T15:19:20.276-0300] {binance_dag.py:23} INFO - End Time: 2024-07-25T05:35:00.00Z
[2024-07-25T15:19:20.277-0300] {binance_dag.py:24} INFO - Start Time: 2024-07-25T05:30:00.00Z
[2024-07-25T15:19:20.334-0300] {binance_dag.py:25} INFO - 1721896200000
[2024-07-25T15:19:20.336-0300] {base.py:84} INFO - Using connection ID 'binance_default' for task execution.
[2024-07-25T15:19:20.336-0300] {logging_mixin.py:188} INFO - https://api.binance.com
[2024-07-25T15:19:20.337-0300] {binance_hook.py:35} INFO - URL: https://api.binance.com/api/v3/klines?symbol=BTCBRL&interval=5m&startTime=1721896200000&endTime=1721896499999
[2024-07-25T15:19:20.727-0300] {python.py:237} INFO - Done. Returned value was: None
[2024-07-25T15:19:20.728-0300] {taskinstance.py:441} INFO - ::group::Post task execution logs
[2024-07-25T15:19:20.731-0300] {taskinstance.py:1206} INFO - Marking task as SUCCESS. dag_id=Binance_5m, task_id=get_5m_info, run_id=scheduled__2024-07-25T05:30:00+00:00, execution_date=20240725T053000, start_date=20240725T181920, end_date=20240725T181920
[2024-07-25T15:19:20.762-0300] {local_task_job_runner.py:243} INFO - Task exited with return code 0
[2024-07-25T15:19:20.768-0300] {taskinstance.py:3503} INFO - 0 downstream tasks scheduled from follow-on schedule check
[2024-07-25T15:19:20.768-0300] {local_task_job_runner.py:222} INFO - ::endgroup::
[2024-07-25T16:15:52.740-0300] {local_task_job_runner.py:120} INFO - ::group::Pre task execution logs
[2024-07-25T16:15:52.748-0300] {taskinstance.py:2076} INFO - Dependencies all met for dep_context=non-requeueable deps ti=<TaskInstance: Binance_5m.get_5m_info scheduled__2024-07-25T05:30:00+00:00 [queued]>
[2024-07-25T16:15:52.752-0300] {taskinstance.py:2076} INFO - Dependencies all met for dep_context=requeueable deps ti=<TaskInstance: Binance_5m.get_5m_info scheduled__2024-07-25T05:30:00+00:00 [queued]>
[2024-07-25T16:15:52.752-0300] {taskinstance.py:2306} INFO - Starting attempt 1 of 1
[2024-07-25T16:15:52.766-0300] {taskinstance.py:2330} INFO - Executing <Task(PythonOperator): get_5m_info> on 2024-07-25 05:30:00+00:00
[2024-07-25T16:15:52.768-0300] {standard_task_runner.py:64} INFO - Started process 2658848 to run task
[2024-07-25T16:15:52.770-0300] {standard_task_runner.py:90} INFO - Running: ['airflow', 'tasks', 'run', 'Binance_5m', 'get_5m_info', 'scheduled__2024-07-25T05:30:00+00:00', '--job-id', '2161', '--raw', '--subdir', 'DAGS_FOLDER/binance_dag.py', '--cfg-path', '/tmp/tmpf2i0426d']
[2024-07-25T16:15:52.771-0300] {standard_task_runner.py:91} INFO - Job 2161: Subtask get_5m_info
[2024-07-25T16:15:52.800-0300] {task_command.py:426} INFO - Running <TaskInstance: Binance_5m.get_5m_info scheduled__2024-07-25T05:30:00+00:00 [running]> on host Galaxybook.
[2024-07-25T16:15:52.858-0300] {taskinstance.py:2648} INFO - Exporting env vars: AIRFLOW_CTX_DAG_OWNER='airflow' AIRFLOW_CTX_DAG_ID='Binance_5m' AIRFLOW_CTX_TASK_ID='get_5m_info' AIRFLOW_CTX_EXECUTION_DATE='2024-07-25T05:30:00+00:00' AIRFLOW_CTX_TRY_NUMBER='1' AIRFLOW_CTX_DAG_RUN_ID='scheduled__2024-07-25T05:30:00+00:00'
[2024-07-25T16:15:52.858-0300] {taskinstance.py:430} INFO - ::endgroup::
[2024-07-25T16:15:52.868-0300] {binance_dag.py:22} INFO - End Time: 2024-07-25 05:35:00+00:00
[2024-07-25T16:15:52.868-0300] {binance_dag.py:23} INFO - Start Time: 2024-07-25 05:30:00+00:00
[2024-07-25T16:15:52.868-0300] {binance_dag.py:24} INFO - Start timestamp: 1721885400000
[2024-07-25T16:15:52.868-0300] {binance_dag.py:25} INFO - End timestamp: 1721885700000
[2024-07-25T16:15:52.928-0300] {base.py:84} INFO - Using connection ID 'binance_default' for task execution.
[2024-07-25T16:15:52.928-0300] {logging_mixin.py:188} INFO - https://api.binance.com
[2024-07-25T16:15:52.929-0300] {binance_hook.py:35} INFO - URL: https://api.binance.com/api/v3/klines?symbol=BTCBRL&interval=5m&startTime=1721885400000&endTime=1721885699999&timeZone=-3
[2024-07-25T16:15:53.331-0300] {python.py:237} INFO - Done. Returned value was: None
[2024-07-25T16:15:53.332-0300] {taskinstance.py:441} INFO - ::group::Post task execution logs
[2024-07-25T16:15:53.334-0300] {taskinstance.py:1206} INFO - Marking task as SUCCESS. dag_id=Binance_5m, task_id=get_5m_info, run_id=scheduled__2024-07-25T05:30:00+00:00, execution_date=20240725T053000, start_date=20240725T191552, end_date=20240725T191553
[2024-07-25T16:15:53.389-0300] {local_task_job_runner.py:243} INFO - Task exited with return code 0
[2024-07-25T16:15:53.396-0300] {taskinstance.py:3503} INFO - 0 downstream tasks scheduled from follow-on schedule check
[2024-07-25T16:15:53.397-0300] {local_task_job_runner.py:222} INFO - ::endgroup::
