[2024-07-25T14:48:03.148-0300] {local_task_job_runner.py:120} INFO - ::group::Pre task execution logs
[2024-07-25T14:48:03.156-0300] {taskinstance.py:2076} INFO - Dependencies all met for dep_context=non-requeueable deps ti=<TaskInstance: Binance_5m.get_5m_info scheduled__2024-07-25T03:05:00+00:00 [queued]>
[2024-07-25T14:48:03.160-0300] {taskinstance.py:2076} INFO - Dependencies all met for dep_context=requeueable deps ti=<TaskInstance: Binance_5m.get_5m_info scheduled__2024-07-25T03:05:00+00:00 [queued]>
[2024-07-25T14:48:03.160-0300] {taskinstance.py:2306} INFO - Starting attempt 1 of 1
[2024-07-25T14:48:03.180-0300] {taskinstance.py:2330} INFO - Executing <Task(PythonOperator): get_5m_info> on 2024-07-25 03:05:00+00:00
[2024-07-25T14:48:03.183-0300] {standard_task_runner.py:64} INFO - Started process 2607436 to run task
[2024-07-25T14:48:03.185-0300] {standard_task_runner.py:90} INFO - Running: ['airflow', 'tasks', 'run', 'Binance_5m', 'get_5m_info', 'scheduled__2024-07-25T03:05:00+00:00', '--job-id', '2123', '--raw', '--subdir', 'DAGS_FOLDER/binance_dag.py', '--cfg-path', '/tmp/tmpqykb6g22']
[2024-07-25T14:48:03.186-0300] {standard_task_runner.py:91} INFO - Job 2123: Subtask get_5m_info
[2024-07-25T14:48:03.219-0300] {task_command.py:426} INFO - Running <TaskInstance: Binance_5m.get_5m_info scheduled__2024-07-25T03:05:00+00:00 [running]> on host Galaxybook.
[2024-07-25T14:48:03.279-0300] {taskinstance.py:2648} INFO - Exporting env vars: AIRFLOW_CTX_DAG_OWNER='airflow' AIRFLOW_CTX_DAG_ID='Binance_5m' AIRFLOW_CTX_TASK_ID='get_5m_info' AIRFLOW_CTX_EXECUTION_DATE='2024-07-25T03:05:00+00:00' AIRFLOW_CTX_TRY_NUMBER='1' AIRFLOW_CTX_DAG_RUN_ID='scheduled__2024-07-25T03:05:00+00:00'
[2024-07-25T14:48:03.280-0300] {taskinstance.py:430} INFO - ::endgroup::
[2024-07-25T14:48:03.287-0300] {binance_dag.py:23} INFO - End Time: 2024-07-25T03:10:00.00Z
[2024-07-25T14:48:03.287-0300] {binance_dag.py:24} INFO - Start Time: 2024-07-25T03:05:00.00Z
[2024-07-25T14:48:03.354-0300] {base.py:84} INFO - Using connection ID 'binance_default' for task execution.
[2024-07-25T14:48:03.354-0300] {logging_mixin.py:188} INFO - https://api.binance.com
[2024-07-25T14:48:03.355-0300] {binance_hook.py:35} INFO - URL: https://api.binance.com/api/v3/klines?symbol=BTCBRL&interval=5m&startTime=1721887500000&endTime=1721887799999
[2024-07-25T14:48:03.761-0300] {binance_dag.py:43} INFO - r: [[1721887500000, '365830.00000000', '366085.00000000', '365764.00000000', '365847.00000000', '0.17084000', 1721887799999, '62503.18016000', 17, '0.14822000', '54228.89346000', '0']]
[2024-07-25T14:48:03.762-0300] {python.py:237} INFO - Done. Returned value was: None
[2024-07-25T14:48:03.763-0300] {taskinstance.py:441} INFO - ::group::Post task execution logs
[2024-07-25T14:48:03.765-0300] {taskinstance.py:1206} INFO - Marking task as SUCCESS. dag_id=Binance_5m, task_id=get_5m_info, run_id=scheduled__2024-07-25T03:05:00+00:00, execution_date=20240725T030500, start_date=20240725T174803, end_date=20240725T174803
[2024-07-25T14:48:03.807-0300] {local_task_job_runner.py:243} INFO - Task exited with return code 0
[2024-07-25T14:48:03.814-0300] {taskinstance.py:3503} INFO - 0 downstream tasks scheduled from follow-on schedule check
[2024-07-25T14:48:03.814-0300] {local_task_job_runner.py:222} INFO - ::endgroup::
[2024-07-25T15:18:12.366-0300] {local_task_job_runner.py:120} INFO - ::group::Pre task execution logs
[2024-07-25T15:18:12.372-0300] {taskinstance.py:2076} INFO - Dependencies all met for dep_context=non-requeueable deps ti=<TaskInstance: Binance_5m.get_5m_info scheduled__2024-07-25T03:05:00+00:00 [queued]>
[2024-07-25T15:18:12.375-0300] {taskinstance.py:2076} INFO - Dependencies all met for dep_context=requeueable deps ti=<TaskInstance: Binance_5m.get_5m_info scheduled__2024-07-25T03:05:00+00:00 [queued]>
[2024-07-25T15:18:12.375-0300] {taskinstance.py:2306} INFO - Starting attempt 1 of 1
[2024-07-25T15:18:12.389-0300] {taskinstance.py:2330} INFO - Executing <Task(PythonOperator): get_5m_info> on 2024-07-25 03:05:00+00:00
[2024-07-25T15:18:12.391-0300] {standard_task_runner.py:64} INFO - Started process 2629940 to run task
[2024-07-25T15:18:12.393-0300] {standard_task_runner.py:90} INFO - Running: ['airflow', 'tasks', 'run', 'Binance_5m', 'get_5m_info', 'scheduled__2024-07-25T03:05:00+00:00', '--job-id', '2572', '--raw', '--subdir', 'DAGS_FOLDER/binance_dag.py', '--cfg-path', '/tmp/tmpw8mfm0uz']
[2024-07-25T15:18:12.394-0300] {standard_task_runner.py:91} INFO - Job 2572: Subtask get_5m_info
[2024-07-25T15:18:12.418-0300] {task_command.py:426} INFO - Running <TaskInstance: Binance_5m.get_5m_info scheduled__2024-07-25T03:05:00+00:00 [running]> on host Galaxybook.
[2024-07-25T15:18:12.471-0300] {taskinstance.py:2648} INFO - Exporting env vars: AIRFLOW_CTX_DAG_OWNER='airflow' AIRFLOW_CTX_DAG_ID='Binance_5m' AIRFLOW_CTX_TASK_ID='get_5m_info' AIRFLOW_CTX_EXECUTION_DATE='2024-07-25T03:05:00+00:00' AIRFLOW_CTX_TRY_NUMBER='1' AIRFLOW_CTX_DAG_RUN_ID='scheduled__2024-07-25T03:05:00+00:00'
[2024-07-25T15:18:12.471-0300] {taskinstance.py:430} INFO - ::endgroup::
[2024-07-25T15:18:12.479-0300] {binance_dag.py:23} INFO - End Time: 2024-07-25T03:10:00.00Z
[2024-07-25T15:18:12.479-0300] {binance_dag.py:24} INFO - Start Time: 2024-07-25T03:05:00.00Z
[2024-07-25T15:18:12.531-0300] {binance_dag.py:25} INFO - 1721887500000
[2024-07-25T15:18:12.533-0300] {base.py:84} INFO - Using connection ID 'binance_default' for task execution.
[2024-07-25T15:18:12.534-0300] {logging_mixin.py:188} INFO - https://api.binance.com
[2024-07-25T15:18:12.534-0300] {binance_hook.py:35} INFO - URL: https://api.binance.com/api/v3/klines?symbol=BTCBRL&interval=5m&startTime=1721887500000&endTime=1721887799999
[2024-07-25T15:18:12.929-0300] {python.py:237} INFO - Done. Returned value was: None
[2024-07-25T15:18:12.930-0300] {taskinstance.py:441} INFO - ::group::Post task execution logs
[2024-07-25T15:18:12.932-0300] {taskinstance.py:1206} INFO - Marking task as SUCCESS. dag_id=Binance_5m, task_id=get_5m_info, run_id=scheduled__2024-07-25T03:05:00+00:00, execution_date=20240725T030500, start_date=20240725T181812, end_date=20240725T181812
[2024-07-25T15:18:12.977-0300] {local_task_job_runner.py:243} INFO - Task exited with return code 0
[2024-07-25T15:18:12.987-0300] {taskinstance.py:3503} INFO - 0 downstream tasks scheduled from follow-on schedule check
[2024-07-25T15:18:12.987-0300] {local_task_job_runner.py:222} INFO - ::endgroup::
[2024-07-25T16:14:40.991-0300] {local_task_job_runner.py:120} INFO - ::group::Pre task execution logs
[2024-07-25T16:14:40.998-0300] {taskinstance.py:2076} INFO - Dependencies all met for dep_context=non-requeueable deps ti=<TaskInstance: Binance_5m.get_5m_info scheduled__2024-07-25T03:05:00+00:00 [queued]>
[2024-07-25T16:14:41.002-0300] {taskinstance.py:2076} INFO - Dependencies all met for dep_context=requeueable deps ti=<TaskInstance: Binance_5m.get_5m_info scheduled__2024-07-25T03:05:00+00:00 [queued]>
[2024-07-25T16:14:41.002-0300] {taskinstance.py:2306} INFO - Starting attempt 1 of 1
[2024-07-25T16:14:41.015-0300] {taskinstance.py:2330} INFO - Executing <Task(PythonOperator): get_5m_info> on 2024-07-25 03:05:00+00:00
[2024-07-25T16:14:41.017-0300] {standard_task_runner.py:64} INFO - Started process 2657647 to run task
[2024-07-25T16:14:41.019-0300] {standard_task_runner.py:90} INFO - Running: ['airflow', 'tasks', 'run', 'Binance_5m', 'get_5m_info', 'scheduled__2024-07-25T03:05:00+00:00', '--job-id', '2132', '--raw', '--subdir', 'DAGS_FOLDER/binance_dag.py', '--cfg-path', '/tmp/tmp03cfd6fu']
[2024-07-25T16:14:41.019-0300] {standard_task_runner.py:91} INFO - Job 2132: Subtask get_5m_info
[2024-07-25T16:14:41.044-0300] {task_command.py:426} INFO - Running <TaskInstance: Binance_5m.get_5m_info scheduled__2024-07-25T03:05:00+00:00 [running]> on host Galaxybook.
[2024-07-25T16:14:41.098-0300] {taskinstance.py:2648} INFO - Exporting env vars: AIRFLOW_CTX_DAG_OWNER='airflow' AIRFLOW_CTX_DAG_ID='Binance_5m' AIRFLOW_CTX_TASK_ID='get_5m_info' AIRFLOW_CTX_EXECUTION_DATE='2024-07-25T03:05:00+00:00' AIRFLOW_CTX_TRY_NUMBER='1' AIRFLOW_CTX_DAG_RUN_ID='scheduled__2024-07-25T03:05:00+00:00'
[2024-07-25T16:14:41.099-0300] {taskinstance.py:430} INFO - ::endgroup::
[2024-07-25T16:14:41.106-0300] {binance_dag.py:22} INFO - End Time: 2024-07-25 03:10:00+00:00
[2024-07-25T16:14:41.106-0300] {binance_dag.py:23} INFO - Start Time: 2024-07-25 03:05:00+00:00
[2024-07-25T16:14:41.106-0300] {binance_dag.py:24} INFO - Start timestamp: 1721876700000
[2024-07-25T16:14:41.107-0300] {binance_dag.py:25} INFO - End timestamp: 1721877000000
[2024-07-25T16:14:41.171-0300] {base.py:84} INFO - Using connection ID 'binance_default' for task execution.
[2024-07-25T16:14:41.171-0300] {logging_mixin.py:188} INFO - https://api.binance.com
[2024-07-25T16:14:41.172-0300] {binance_hook.py:35} INFO - URL: https://api.binance.com/api/v3/klines?symbol=BTCBRL&interval=5m&startTime=1721876700000&endTime=1721876999999&timeZone=-3
[2024-07-25T16:14:41.555-0300] {python.py:237} INFO - Done. Returned value was: None
[2024-07-25T16:14:41.555-0300] {taskinstance.py:441} INFO - ::group::Post task execution logs
[2024-07-25T16:14:41.557-0300] {taskinstance.py:1206} INFO - Marking task as SUCCESS. dag_id=Binance_5m, task_id=get_5m_info, run_id=scheduled__2024-07-25T03:05:00+00:00, execution_date=20240725T030500, start_date=20240725T191440, end_date=20240725T191441
[2024-07-25T16:14:41.603-0300] {local_task_job_runner.py:243} INFO - Task exited with return code 0
[2024-07-25T16:14:41.609-0300] {taskinstance.py:3503} INFO - 0 downstream tasks scheduled from follow-on schedule check
[2024-07-25T16:14:41.609-0300] {local_task_job_runner.py:222} INFO - ::endgroup::
