[2024-07-25T14:56:25.769-0300] {local_task_job_runner.py:120} INFO - ::group::Pre task execution logs
[2024-07-25T14:56:25.773-0300] {taskinstance.py:2076} INFO - Dependencies all met for dep_context=non-requeueable deps ti=<TaskInstance: Mercado_5m.get_5m_info scheduled__2024-07-25T03:35:00+00:00 [queued]>
[2024-07-25T14:56:25.776-0300] {taskinstance.py:2076} INFO - Dependencies all met for dep_context=requeueable deps ti=<TaskInstance: Mercado_5m.get_5m_info scheduled__2024-07-25T03:35:00+00:00 [queued]>
[2024-07-25T14:56:25.776-0300] {taskinstance.py:2306} INFO - Starting attempt 1 of 1
[2024-07-25T14:56:25.791-0300] {taskinstance.py:2330} INFO - Executing <Task(PythonOperator): get_5m_info> on 2024-07-25 03:35:00+00:00
[2024-07-25T14:56:25.793-0300] {standard_task_runner.py:64} INFO - Started process 2615898 to run task
[2024-07-25T14:56:25.795-0300] {standard_task_runner.py:90} INFO - Running: ['airflow', 'tasks', 'run', 'Mercado_5m', 'get_5m_info', 'scheduled__2024-07-25T03:35:00+00:00', '--job-id', '2354', '--raw', '--subdir', 'DAGS_FOLDER/mercado_dag.py', '--cfg-path', '/tmp/tmpolnzdsqu']
[2024-07-25T14:56:25.796-0300] {standard_task_runner.py:91} INFO - Job 2354: Subtask get_5m_info
[2024-07-25T14:56:25.822-0300] {task_command.py:426} INFO - Running <TaskInstance: Mercado_5m.get_5m_info scheduled__2024-07-25T03:35:00+00:00 [running]> on host Galaxybook.
[2024-07-25T14:56:25.882-0300] {taskinstance.py:2648} INFO - Exporting env vars: AIRFLOW_CTX_DAG_OWNER='airflow' AIRFLOW_CTX_DAG_ID='Mercado_5m' AIRFLOW_CTX_TASK_ID='get_5m_info' AIRFLOW_CTX_EXECUTION_DATE='2024-07-25T03:35:00+00:00' AIRFLOW_CTX_TRY_NUMBER='1' AIRFLOW_CTX_DAG_RUN_ID='scheduled__2024-07-25T03:35:00+00:00'
[2024-07-25T14:56:25.883-0300] {taskinstance.py:430} INFO - ::endgroup::
[2024-07-25T14:56:25.948-0300] {base.py:84} INFO - Using connection ID 'mercado_default' for task execution.
[2024-07-25T14:56:25.949-0300] {mercado_hook.py:31} INFO - URL: https://api.mercadobitcoin.net/api/v4/candles?symbol=BTC-BRL&resolution=5m&to=1721889600&from=1721889300
[2024-07-25T14:56:26.245-0300] {python.py:237} INFO - Done. Returned value was: None
[2024-07-25T14:56:26.245-0300] {taskinstance.py:441} INFO - ::group::Post task execution logs
[2024-07-25T14:56:26.247-0300] {taskinstance.py:1206} INFO - Marking task as SUCCESS. dag_id=Mercado_5m, task_id=get_5m_info, run_id=scheduled__2024-07-25T03:35:00+00:00, execution_date=20240725T033500, start_date=20240725T175625, end_date=20240725T175626
[2024-07-25T14:56:26.297-0300] {local_task_job_runner.py:243} INFO - Task exited with return code 0
[2024-07-25T14:56:26.302-0300] {taskinstance.py:3503} INFO - 0 downstream tasks scheduled from follow-on schedule check
[2024-07-25T14:56:26.303-0300] {local_task_job_runner.py:222} INFO - ::endgroup::
[2024-07-25T16:20:42.550-0300] {local_task_job_runner.py:120} INFO - ::group::Pre task execution logs
[2024-07-25T16:20:42.559-0300] {taskinstance.py:2076} INFO - Dependencies all met for dep_context=non-requeueable deps ti=<TaskInstance: Mercado_5m.get_5m_info scheduled__2024-07-25T03:35:00+00:00 [queued]>
[2024-07-25T16:20:42.567-0300] {taskinstance.py:2076} INFO - Dependencies all met for dep_context=requeueable deps ti=<TaskInstance: Mercado_5m.get_5m_info scheduled__2024-07-25T03:35:00+00:00 [queued]>
[2024-07-25T16:20:42.567-0300] {taskinstance.py:2306} INFO - Starting attempt 1 of 1
[2024-07-25T16:20:42.587-0300] {taskinstance.py:2330} INFO - Executing <Task(PythonOperator): get_5m_info> on 2024-07-25 03:35:00+00:00
[2024-07-25T16:20:42.590-0300] {standard_task_runner.py:64} INFO - Started process 2663762 to run task
[2024-07-25T16:20:42.592-0300] {standard_task_runner.py:90} INFO - Running: ['airflow', 'tasks', 'run', 'Mercado_5m', 'get_5m_info', 'scheduled__2024-07-25T03:35:00+00:00', '--job-id', '2297', '--raw', '--subdir', 'DAGS_FOLDER/mercado_dag.py', '--cfg-path', '/tmp/tmpk7on0s_p']
[2024-07-25T16:20:42.594-0300] {standard_task_runner.py:91} INFO - Job 2297: Subtask get_5m_info
[2024-07-25T16:20:42.630-0300] {task_command.py:426} INFO - Running <TaskInstance: Mercado_5m.get_5m_info scheduled__2024-07-25T03:35:00+00:00 [running]> on host Galaxybook.
[2024-07-25T16:20:42.695-0300] {taskinstance.py:2648} INFO - Exporting env vars: AIRFLOW_CTX_DAG_OWNER='airflow' AIRFLOW_CTX_DAG_ID='Mercado_5m' AIRFLOW_CTX_TASK_ID='get_5m_info' AIRFLOW_CTX_EXECUTION_DATE='2024-07-25T03:35:00+00:00' AIRFLOW_CTX_TRY_NUMBER='1' AIRFLOW_CTX_DAG_RUN_ID='scheduled__2024-07-25T03:35:00+00:00'
[2024-07-25T16:20:42.695-0300] {taskinstance.py:430} INFO - ::endgroup::
[2024-07-25T16:20:42.706-0300] {mercado_dag.py:22} INFO - To: 2024-07-25 03:40:00+00:00
[2024-07-25T16:20:42.706-0300] {mercado_dag.py:23} INFO - From: 2024-07-25 03:35:00+00:00
[2024-07-25T16:20:42.706-0300] {mercado_dag.py:24} INFO - To timestamp: 1721878800 
[2024-07-25T16:20:42.706-0300] {mercado_dag.py:25} INFO - From timestamp: 1721878500 
[2024-07-25T16:20:42.777-0300] {base.py:84} INFO - Using connection ID 'mercado_default' for task execution.
[2024-07-25T16:20:42.778-0300] {mercado_hook.py:31} INFO - URL: https://api.mercadobitcoin.net/api/v4/candles?symbol=BTC-BRL&resolution=5m&to=1721878800&from=1721878500
[2024-07-25T16:20:43.045-0300] {python.py:237} INFO - Done. Returned value was: None
[2024-07-25T16:20:43.045-0300] {taskinstance.py:441} INFO - ::group::Post task execution logs
[2024-07-25T16:20:43.049-0300] {taskinstance.py:1206} INFO - Marking task as SUCCESS. dag_id=Mercado_5m, task_id=get_5m_info, run_id=scheduled__2024-07-25T03:35:00+00:00, execution_date=20240725T033500, start_date=20240725T192042, end_date=20240725T192043
[2024-07-25T16:20:43.095-0300] {local_task_job_runner.py:243} INFO - Task exited with return code 0
[2024-07-25T16:20:43.104-0300] {taskinstance.py:3503} INFO - 0 downstream tasks scheduled from follow-on schedule check
[2024-07-25T16:20:43.105-0300] {local_task_job_runner.py:222} INFO - ::endgroup::
[2024-07-25T16:26:41.342-0300] {local_task_job_runner.py:120} INFO - ::group::Pre task execution logs
[2024-07-25T16:26:41.349-0300] {taskinstance.py:2076} INFO - Dependencies all met for dep_context=non-requeueable deps ti=<TaskInstance: Mercado_5m.get_5m_info scheduled__2024-07-25T03:35:00+00:00 [queued]>
[2024-07-25T16:26:41.353-0300] {taskinstance.py:2076} INFO - Dependencies all met for dep_context=requeueable deps ti=<TaskInstance: Mercado_5m.get_5m_info scheduled__2024-07-25T03:35:00+00:00 [queued]>
[2024-07-25T16:26:41.353-0300] {taskinstance.py:2306} INFO - Starting attempt 1 of 1
[2024-07-25T16:26:41.367-0300] {taskinstance.py:2330} INFO - Executing <Task(PythonOperator): get_5m_info> on 2024-07-25 03:35:00+00:00
[2024-07-25T16:26:41.369-0300] {standard_task_runner.py:64} INFO - Started process 2669776 to run task
[2024-07-25T16:26:41.371-0300] {standard_task_runner.py:90} INFO - Running: ['airflow', 'tasks', 'run', 'Mercado_5m', 'get_5m_info', 'scheduled__2024-07-25T03:35:00+00:00', '--job-id', '2463', '--raw', '--subdir', 'DAGS_FOLDER/mercado_dag.py', '--cfg-path', '/tmp/tmpsntrtk5l']
[2024-07-25T16:26:41.372-0300] {standard_task_runner.py:91} INFO - Job 2463: Subtask get_5m_info
[2024-07-25T16:26:41.404-0300] {task_command.py:426} INFO - Running <TaskInstance: Mercado_5m.get_5m_info scheduled__2024-07-25T03:35:00+00:00 [running]> on host Galaxybook.
[2024-07-25T16:26:41.502-0300] {taskinstance.py:2648} INFO - Exporting env vars: AIRFLOW_CTX_DAG_OWNER='airflow' AIRFLOW_CTX_DAG_ID='Mercado_5m' AIRFLOW_CTX_TASK_ID='get_5m_info' AIRFLOW_CTX_EXECUTION_DATE='2024-07-25T03:35:00+00:00' AIRFLOW_CTX_TRY_NUMBER='1' AIRFLOW_CTX_DAG_RUN_ID='scheduled__2024-07-25T03:35:00+00:00'
[2024-07-25T16:26:41.502-0300] {taskinstance.py:430} INFO - ::endgroup::
[2024-07-25T16:26:41.512-0300] {mercado_dag.py:22} INFO - To: 2024-07-25 03:40:00+00:00
[2024-07-25T16:26:41.512-0300] {mercado_dag.py:23} INFO - From: 2024-07-25 03:35:00+00:00
[2024-07-25T16:26:41.512-0300] {mercado_dag.py:24} INFO - To timestamp: 1721878800000 
[2024-07-25T16:26:41.512-0300] {mercado_dag.py:25} INFO - From timestamp: 1721878500000 
[2024-07-25T16:26:41.588-0300] {base.py:84} INFO - Using connection ID 'mercado_default' for task execution.
[2024-07-25T16:26:41.589-0300] {mercado_hook.py:31} INFO - URL: https://api.mercadobitcoin.net/api/v4/candles?symbol=BTC-BRL&resolution=5m&to=1721878800000&from=1721878500000
[2024-07-25T16:26:41.880-0300] {python.py:237} INFO - Done. Returned value was: None
[2024-07-25T16:26:41.881-0300] {taskinstance.py:441} INFO - ::group::Post task execution logs
[2024-07-25T16:26:41.883-0300] {taskinstance.py:1206} INFO - Marking task as SUCCESS. dag_id=Mercado_5m, task_id=get_5m_info, run_id=scheduled__2024-07-25T03:35:00+00:00, execution_date=20240725T033500, start_date=20240725T192641, end_date=20240725T192641
[2024-07-25T16:26:41.912-0300] {local_task_job_runner.py:243} INFO - Task exited with return code 0
[2024-07-25T16:26:41.920-0300] {taskinstance.py:3503} INFO - 0 downstream tasks scheduled from follow-on schedule check
[2024-07-25T16:26:41.920-0300] {local_task_job_runner.py:222} INFO - ::endgroup::
