[2024-07-25T13:45:02.401-0300] {local_task_job_runner.py:120} INFO - ::group::Pre task execution logs
[2024-07-25T13:45:02.407-0300] {taskinstance.py:2076} INFO - Dependencies all met for dep_context=non-requeueable deps ti=<TaskInstance: Binance_5m.get_5m_info scheduled__2024-07-25T16:40:00+00:00 [queued]>
[2024-07-25T13:45:02.410-0300] {taskinstance.py:2076} INFO - Dependencies all met for dep_context=requeueable deps ti=<TaskInstance: Binance_5m.get_5m_info scheduled__2024-07-25T16:40:00+00:00 [queued]>
[2024-07-25T13:45:02.410-0300] {taskinstance.py:2306} INFO - Starting attempt 1 of 1
[2024-07-25T13:45:02.425-0300] {taskinstance.py:2330} INFO - Executing <Task(PythonOperator): get_5m_info> on 2024-07-25 16:40:00+00:00
[2024-07-25T13:45:02.427-0300] {standard_task_runner.py:64} INFO - Started process 2569786 to run task
[2024-07-25T13:45:02.430-0300] {standard_task_runner.py:90} INFO - Running: ['airflow', 'tasks', 'run', 'Binance_5m', 'get_5m_info', 'scheduled__2024-07-25T16:40:00+00:00', '--job-id', '2104', '--raw', '--subdir', 'DAGS_FOLDER/binance_dag.py', '--cfg-path', '/tmp/tmpi7xx1zfc']
[2024-07-25T13:45:02.431-0300] {standard_task_runner.py:91} INFO - Job 2104: Subtask get_5m_info
[2024-07-25T13:45:02.461-0300] {task_command.py:426} INFO - Running <TaskInstance: Binance_5m.get_5m_info scheduled__2024-07-25T16:40:00+00:00 [running]> on host Galaxybook.
[2024-07-25T13:45:02.519-0300] {taskinstance.py:2648} INFO - Exporting env vars: AIRFLOW_CTX_DAG_OWNER='airflow' AIRFLOW_CTX_DAG_ID='Binance_5m' AIRFLOW_CTX_TASK_ID='get_5m_info' AIRFLOW_CTX_EXECUTION_DATE='2024-07-25T16:40:00+00:00' AIRFLOW_CTX_TRY_NUMBER='1' AIRFLOW_CTX_DAG_RUN_ID='scheduled__2024-07-25T16:40:00+00:00'
[2024-07-25T13:45:02.520-0300] {taskinstance.py:430} INFO - ::endgroup::
[2024-07-25T13:45:02.530-0300] {binance_dag.py:23} INFO - End Time: 2024-07-25T16:45:00.00Z
[2024-07-25T13:45:02.602-0300] {base.py:84} INFO - Using connection ID 'binance_default' for task execution.
[2024-07-25T13:45:02.603-0300] {logging_mixin.py:188} INFO - https://api.binance.com
[2024-07-25T13:45:02.603-0300] {binance_hook.py:35} INFO - URL: https://api.binance.com/api/v3/klines?symbol=BTCBRL&interval=5m&startTime=1721936400000&endTime=1721936700000&timeZone=-3
[2024-07-25T13:45:04.954-0300] {python.py:237} INFO - Done. Returned value was: None
[2024-07-25T13:45:04.955-0300] {taskinstance.py:441} INFO - ::group::Post task execution logs
[2024-07-25T13:45:04.957-0300] {taskinstance.py:1206} INFO - Marking task as SUCCESS. dag_id=Binance_5m, task_id=get_5m_info, run_id=scheduled__2024-07-25T16:40:00+00:00, execution_date=20240725T164000, start_date=20240725T164502, end_date=20240725T164504
[2024-07-25T13:45:05.013-0300] {local_task_job_runner.py:243} INFO - Task exited with return code 0
[2024-07-25T13:45:05.020-0300] {taskinstance.py:3503} INFO - 0 downstream tasks scheduled from follow-on schedule check
[2024-07-25T13:45:05.020-0300] {local_task_job_runner.py:222} INFO - ::endgroup::
[2024-07-25T14:33:12.894-0300] {local_task_job_runner.py:120} INFO - ::group::Pre task execution logs
[2024-07-25T14:33:12.901-0300] {taskinstance.py:2076} INFO - Dependencies all met for dep_context=non-requeueable deps ti=<TaskInstance: Binance_5m.get_5m_info scheduled__2024-07-25T16:40:00+00:00 [queued]>
[2024-07-25T14:33:12.906-0300] {taskinstance.py:2076} INFO - Dependencies all met for dep_context=requeueable deps ti=<TaskInstance: Binance_5m.get_5m_info scheduled__2024-07-25T16:40:00+00:00 [queued]>
[2024-07-25T14:33:12.906-0300] {taskinstance.py:2306} INFO - Starting attempt 1 of 1
[2024-07-25T14:33:12.921-0300] {taskinstance.py:2330} INFO - Executing <Task(PythonOperator): get_5m_info> on 2024-07-25 16:40:00+00:00
[2024-07-25T14:33:12.923-0300] {standard_task_runner.py:64} INFO - Started process 2596083 to run task
[2024-07-25T14:33:12.925-0300] {standard_task_runner.py:90} INFO - Running: ['airflow', 'tasks', 'run', 'Binance_5m', 'get_5m_info', 'scheduled__2024-07-25T16:40:00+00:00', '--job-id', '2174', '--raw', '--subdir', 'DAGS_FOLDER/binance_dag.py', '--cfg-path', '/tmp/tmpb_52wgou']
[2024-07-25T14:33:12.926-0300] {standard_task_runner.py:91} INFO - Job 2174: Subtask get_5m_info
[2024-07-25T14:33:12.957-0300] {task_command.py:426} INFO - Running <TaskInstance: Binance_5m.get_5m_info scheduled__2024-07-25T16:40:00+00:00 [running]> on host Galaxybook.
[2024-07-25T14:33:13.013-0300] {taskinstance.py:2648} INFO - Exporting env vars: AIRFLOW_CTX_DAG_OWNER='airflow' AIRFLOW_CTX_DAG_ID='Binance_5m' AIRFLOW_CTX_TASK_ID='get_5m_info' AIRFLOW_CTX_EXECUTION_DATE='2024-07-25T16:40:00+00:00' AIRFLOW_CTX_TRY_NUMBER='1' AIRFLOW_CTX_DAG_RUN_ID='scheduled__2024-07-25T16:40:00+00:00'
[2024-07-25T14:33:13.014-0300] {taskinstance.py:430} INFO - ::endgroup::
[2024-07-25T14:33:13.023-0300] {binance_dag.py:23} INFO - End Time: 2024-07-25T16:45:00.00Z
[2024-07-25T14:33:13.093-0300] {base.py:84} INFO - Using connection ID 'binance_default' for task execution.
[2024-07-25T14:33:13.094-0300] {logging_mixin.py:188} INFO - https://api.binance.com
[2024-07-25T14:33:13.094-0300] {binance_hook.py:35} INFO - URL: https://api.binance.com/api/v3/klines?symbol=BTCBRL&interval=5m&startTime=1721936400000&endTime=1721936700000
[2024-07-25T14:33:13.491-0300] {binance_dag.py:42} INFO - r: []
[2024-07-25T14:33:13.492-0300] {python.py:237} INFO - Done. Returned value was: None
[2024-07-25T14:33:13.493-0300] {taskinstance.py:441} INFO - ::group::Post task execution logs
[2024-07-25T14:33:13.496-0300] {taskinstance.py:1206} INFO - Marking task as SUCCESS. dag_id=Binance_5m, task_id=get_5m_info, run_id=scheduled__2024-07-25T16:40:00+00:00, execution_date=20240725T164000, start_date=20240725T173312, end_date=20240725T173313
[2024-07-25T14:33:13.550-0300] {local_task_job_runner.py:243} INFO - Task exited with return code 0
[2024-07-25T14:33:13.560-0300] {taskinstance.py:3503} INFO - 0 downstream tasks scheduled from follow-on schedule check
[2024-07-25T14:33:13.561-0300] {local_task_job_runner.py:222} INFO - ::endgroup::
[2024-07-25T14:54:45.523-0300] {local_task_job_runner.py:120} INFO - ::group::Pre task execution logs
[2024-07-25T14:54:45.528-0300] {taskinstance.py:2076} INFO - Dependencies all met for dep_context=non-requeueable deps ti=<TaskInstance: Binance_5m.get_5m_info scheduled__2024-07-25T16:40:00+00:00 [queued]>
[2024-07-25T14:54:45.530-0300] {taskinstance.py:2076} INFO - Dependencies all met for dep_context=requeueable deps ti=<TaskInstance: Binance_5m.get_5m_info scheduled__2024-07-25T16:40:00+00:00 [queued]>
[2024-07-25T14:54:45.531-0300] {taskinstance.py:2306} INFO - Starting attempt 1 of 1
[2024-07-25T14:54:45.543-0300] {taskinstance.py:2330} INFO - Executing <Task(PythonOperator): get_5m_info> on 2024-07-25 16:40:00+00:00
[2024-07-25T14:54:45.545-0300] {standard_task_runner.py:64} INFO - Started process 2614169 to run task
[2024-07-25T14:54:45.547-0300] {standard_task_runner.py:90} INFO - Running: ['airflow', 'tasks', 'run', 'Binance_5m', 'get_5m_info', 'scheduled__2024-07-25T16:40:00+00:00', '--job-id', '2302', '--raw', '--subdir', 'DAGS_FOLDER/binance_dag.py', '--cfg-path', '/tmp/tmpf_o13zbr']
[2024-07-25T14:54:45.548-0300] {standard_task_runner.py:91} INFO - Job 2302: Subtask get_5m_info
[2024-07-25T14:54:45.571-0300] {task_command.py:426} INFO - Running <TaskInstance: Binance_5m.get_5m_info scheduled__2024-07-25T16:40:00+00:00 [running]> on host Galaxybook.
[2024-07-25T14:54:45.623-0300] {taskinstance.py:2648} INFO - Exporting env vars: AIRFLOW_CTX_DAG_OWNER='airflow' AIRFLOW_CTX_DAG_ID='Binance_5m' AIRFLOW_CTX_TASK_ID='get_5m_info' AIRFLOW_CTX_EXECUTION_DATE='2024-07-25T16:40:00+00:00' AIRFLOW_CTX_TRY_NUMBER='1' AIRFLOW_CTX_DAG_RUN_ID='scheduled__2024-07-25T16:40:00+00:00'
[2024-07-25T14:54:45.624-0300] {taskinstance.py:430} INFO - ::endgroup::
[2024-07-25T14:54:45.631-0300] {binance_dag.py:23} INFO - End Time: 2024-07-25T16:45:00.00Z
[2024-07-25T14:54:45.631-0300] {binance_dag.py:24} INFO - Start Time: 2024-07-25T16:40:00.00Z
[2024-07-25T14:54:45.684-0300] {base.py:84} INFO - Using connection ID 'binance_default' for task execution.
[2024-07-25T14:54:45.684-0300] {logging_mixin.py:188} INFO - https://api.binance.com
[2024-07-25T14:54:45.685-0300] {binance_hook.py:35} INFO - URL: https://api.binance.com/api/v3/klines?symbol=BTCBRL&interval=5m&startTime=1721936400000&endTime=1721936699999
[2024-07-25T14:54:46.108-0300] {binance_dag.py:43} INFO - r: []
[2024-07-25T14:54:46.110-0300] {python.py:237} INFO - Done. Returned value was: None
[2024-07-25T14:54:46.110-0300] {taskinstance.py:441} INFO - ::group::Post task execution logs
[2024-07-25T14:54:46.114-0300] {taskinstance.py:1206} INFO - Marking task as SUCCESS. dag_id=Binance_5m, task_id=get_5m_info, run_id=scheduled__2024-07-25T16:40:00+00:00, execution_date=20240725T164000, start_date=20240725T175445, end_date=20240725T175446
[2024-07-25T14:54:46.167-0300] {local_task_job_runner.py:243} INFO - Task exited with return code 0
[2024-07-25T14:54:46.172-0300] {taskinstance.py:3503} INFO - 0 downstream tasks scheduled from follow-on schedule check
[2024-07-25T14:54:46.173-0300] {local_task_job_runner.py:222} INFO - ::endgroup::
[2024-07-25T15:24:19.829-0300] {local_task_job_runner.py:120} INFO - ::group::Pre task execution logs
[2024-07-25T15:24:19.835-0300] {taskinstance.py:2076} INFO - Dependencies all met for dep_context=non-requeueable deps ti=<TaskInstance: Binance_5m.get_5m_info scheduled__2024-07-25T16:40:00+00:00 [queued]>
[2024-07-25T15:24:19.838-0300] {taskinstance.py:2076} INFO - Dependencies all met for dep_context=requeueable deps ti=<TaskInstance: Binance_5m.get_5m_info scheduled__2024-07-25T16:40:00+00:00 [queued]>
[2024-07-25T15:24:19.838-0300] {taskinstance.py:2306} INFO - Starting attempt 1 of 1
[2024-07-25T15:24:19.851-0300] {taskinstance.py:2330} INFO - Executing <Task(PythonOperator): get_5m_info> on 2024-07-25 16:40:00+00:00
[2024-07-25T15:24:19.853-0300] {standard_task_runner.py:64} INFO - Started process 2636031 to run task
[2024-07-25T15:24:19.854-0300] {standard_task_runner.py:90} INFO - Running: ['airflow', 'tasks', 'run', 'Binance_5m', 'get_5m_info', 'scheduled__2024-07-25T16:40:00+00:00', '--job-id', '2735', '--raw', '--subdir', 'DAGS_FOLDER/binance_dag.py', '--cfg-path', '/tmp/tmphoz2f58p']
[2024-07-25T15:24:19.855-0300] {standard_task_runner.py:91} INFO - Job 2735: Subtask get_5m_info
[2024-07-25T15:24:19.883-0300] {task_command.py:426} INFO - Running <TaskInstance: Binance_5m.get_5m_info scheduled__2024-07-25T16:40:00+00:00 [running]> on host Galaxybook.
[2024-07-25T15:24:19.939-0300] {taskinstance.py:2648} INFO - Exporting env vars: AIRFLOW_CTX_DAG_OWNER='airflow' AIRFLOW_CTX_DAG_ID='Binance_5m' AIRFLOW_CTX_TASK_ID='get_5m_info' AIRFLOW_CTX_EXECUTION_DATE='2024-07-25T16:40:00+00:00' AIRFLOW_CTX_TRY_NUMBER='1' AIRFLOW_CTX_DAG_RUN_ID='scheduled__2024-07-25T16:40:00+00:00'
[2024-07-25T15:24:19.939-0300] {taskinstance.py:430} INFO - ::endgroup::
[2024-07-25T15:24:19.947-0300] {binance_dag.py:23} INFO - End Time: 2024-07-25T16:45:00.00Z
[2024-07-25T15:24:19.947-0300] {binance_dag.py:24} INFO - Start Time: 2024-07-25T16:40:00.00Z
[2024-07-25T15:24:20.004-0300] {binance_dag.py:25} INFO - 1721936400000
[2024-07-25T15:24:20.007-0300] {base.py:84} INFO - Using connection ID 'binance_default' for task execution.
[2024-07-25T15:24:20.007-0300] {logging_mixin.py:188} INFO - https://api.binance.com
[2024-07-25T15:24:20.008-0300] {binance_hook.py:35} INFO - URL: https://api.binance.com/api/v3/klines?symbol=BTCBRL&interval=5m&startTime=1721936400000&endTime=1721936699999
[2024-07-25T15:24:20.394-0300] {python.py:237} INFO - Done. Returned value was: None
[2024-07-25T15:24:20.395-0300] {taskinstance.py:441} INFO - ::group::Post task execution logs
[2024-07-25T15:24:20.397-0300] {taskinstance.py:1206} INFO - Marking task as SUCCESS. dag_id=Binance_5m, task_id=get_5m_info, run_id=scheduled__2024-07-25T16:40:00+00:00, execution_date=20240725T164000, start_date=20240725T182419, end_date=20240725T182420
[2024-07-25T15:24:20.437-0300] {local_task_job_runner.py:243} INFO - Task exited with return code 0
[2024-07-25T15:24:20.443-0300] {taskinstance.py:3503} INFO - 0 downstream tasks scheduled from follow-on schedule check
[2024-07-25T15:24:20.443-0300] {local_task_job_runner.py:222} INFO - ::endgroup::
[2024-07-25T16:23:12.534-0300] {local_task_job_runner.py:120} INFO - ::group::Pre task execution logs
[2024-07-25T16:23:12.541-0300] {taskinstance.py:2076} INFO - Dependencies all met for dep_context=non-requeueable deps ti=<TaskInstance: Binance_5m.get_5m_info scheduled__2024-07-25T16:40:00+00:00 [queued]>
[2024-07-25T16:23:12.547-0300] {taskinstance.py:2076} INFO - Dependencies all met for dep_context=requeueable deps ti=<TaskInstance: Binance_5m.get_5m_info scheduled__2024-07-25T16:40:00+00:00 [queued]>
[2024-07-25T16:23:12.547-0300] {taskinstance.py:2306} INFO - Starting attempt 1 of 1
[2024-07-25T16:23:12.559-0300] {taskinstance.py:2330} INFO - Executing <Task(PythonOperator): get_5m_info> on 2024-07-25 16:40:00+00:00
[2024-07-25T16:23:12.561-0300] {standard_task_runner.py:64} INFO - Started process 2666260 to run task
[2024-07-25T16:23:12.564-0300] {standard_task_runner.py:90} INFO - Running: ['airflow', 'tasks', 'run', 'Binance_5m', 'get_5m_info', 'scheduled__2024-07-25T16:40:00+00:00', '--job-id', '2371', '--raw', '--subdir', 'DAGS_FOLDER/binance_dag.py', '--cfg-path', '/tmp/tmpzhqnkttb']
[2024-07-25T16:23:12.565-0300] {standard_task_runner.py:91} INFO - Job 2371: Subtask get_5m_info
[2024-07-25T16:23:12.599-0300] {task_command.py:426} INFO - Running <TaskInstance: Binance_5m.get_5m_info scheduled__2024-07-25T16:40:00+00:00 [running]> on host Galaxybook.
[2024-07-25T16:23:12.656-0300] {taskinstance.py:2648} INFO - Exporting env vars: AIRFLOW_CTX_DAG_OWNER='airflow' AIRFLOW_CTX_DAG_ID='Binance_5m' AIRFLOW_CTX_TASK_ID='get_5m_info' AIRFLOW_CTX_EXECUTION_DATE='2024-07-25T16:40:00+00:00' AIRFLOW_CTX_TRY_NUMBER='1' AIRFLOW_CTX_DAG_RUN_ID='scheduled__2024-07-25T16:40:00+00:00'
[2024-07-25T16:23:12.656-0300] {taskinstance.py:430} INFO - ::endgroup::
[2024-07-25T16:23:12.664-0300] {binance_dag.py:22} INFO - End Time: 2024-07-25 16:45:00+00:00
[2024-07-25T16:23:12.664-0300] {binance_dag.py:23} INFO - Start Time: 2024-07-25 16:40:00+00:00
[2024-07-25T16:23:12.664-0300] {binance_dag.py:24} INFO - Start timestamp: 1721925600000
[2024-07-25T16:23:12.665-0300] {binance_dag.py:25} INFO - End timestamp: 1721925900000
[2024-07-25T16:23:12.725-0300] {base.py:84} INFO - Using connection ID 'binance_default' for task execution.
[2024-07-25T16:23:12.726-0300] {logging_mixin.py:188} INFO - https://api.binance.com
[2024-07-25T16:23:12.726-0300] {binance_hook.py:35} INFO - URL: https://api.binance.com/api/v3/klines?symbol=BTCBRL&interval=5m&startTime=1721925600000&endTime=1721925899999&timeZone=-3
[2024-07-25T16:23:13.148-0300] {python.py:237} INFO - Done. Returned value was: None
[2024-07-25T16:23:13.148-0300] {taskinstance.py:441} INFO - ::group::Post task execution logs
[2024-07-25T16:23:13.150-0300] {taskinstance.py:1206} INFO - Marking task as SUCCESS. dag_id=Binance_5m, task_id=get_5m_info, run_id=scheduled__2024-07-25T16:40:00+00:00, execution_date=20240725T164000, start_date=20240725T192312, end_date=20240725T192313
[2024-07-25T16:23:13.188-0300] {local_task_job_runner.py:243} INFO - Task exited with return code 0
[2024-07-25T16:23:13.194-0300] {taskinstance.py:3503} INFO - 0 downstream tasks scheduled from follow-on schedule check
[2024-07-25T16:23:13.194-0300] {local_task_job_runner.py:222} INFO - ::endgroup::
