[2024-07-25T10:00:24.529-0300] {local_task_job_runner.py:120} INFO - ::group::Pre task execution logs
[2024-07-25T10:00:24.536-0300] {taskinstance.py:2076} INFO - Dependencies all met for dep_context=non-requeueable deps ti=<TaskInstance: Mercado_1m.get_1m_info scheduled__2024-07-25T11:53:00+00:00 [queued]>
[2024-07-25T10:00:24.539-0300] {taskinstance.py:2076} INFO - Dependencies all met for dep_context=requeueable deps ti=<TaskInstance: Mercado_1m.get_1m_info scheduled__2024-07-25T11:53:00+00:00 [queued]>
[2024-07-25T10:00:24.539-0300] {taskinstance.py:2306} INFO - Starting attempt 1 of 1
[2024-07-25T10:00:24.553-0300] {taskinstance.py:2330} INFO - Executing <Task(PythonOperator): get_1m_info> on 2024-07-25 11:53:00+00:00
[2024-07-25T10:00:24.555-0300] {standard_task_runner.py:64} INFO - Started process 2445489 to run task
[2024-07-25T10:00:24.557-0300] {standard_task_runner.py:90} INFO - Running: ['airflow', 'tasks', 'run', 'Mercado_1m', 'get_1m_info', 'scheduled__2024-07-25T11:53:00+00:00', '--job-id', '1952', '--raw', '--subdir', 'DAGS_FOLDER/mercado_dag.py', '--cfg-path', '/tmp/tmp1rtk_8hu']
[2024-07-25T10:00:24.558-0300] {standard_task_runner.py:91} INFO - Job 1952: Subtask get_1m_info
[2024-07-25T10:00:24.589-0300] {task_command.py:426} INFO - Running <TaskInstance: Mercado_1m.get_1m_info scheduled__2024-07-25T11:53:00+00:00 [running]> on host Galaxybook.
[2024-07-25T10:00:24.643-0300] {taskinstance.py:2648} INFO - Exporting env vars: AIRFLOW_CTX_DAG_OWNER='airflow' AIRFLOW_CTX_DAG_ID='Mercado_1m' AIRFLOW_CTX_TASK_ID='get_1m_info' AIRFLOW_CTX_EXECUTION_DATE='2024-07-25T11:53:00+00:00' AIRFLOW_CTX_TRY_NUMBER='1' AIRFLOW_CTX_DAG_RUN_ID='scheduled__2024-07-25T11:53:00+00:00'
[2024-07-25T10:00:24.644-0300] {taskinstance.py:430} INFO - ::endgroup::
[2024-07-25T10:00:24.730-0300] {base.py:84} INFO - Using connection ID 'mercado_default' for task execution.
[2024-07-25T10:00:24.730-0300] {mercado_hook.py:26} INFO - BASE URL: https://api.mercadobitcoin.net/api/v4
[2024-07-25T10:00:24.731-0300] {mercado_hook.py:32} INFO - URL: https://api.mercadobitcoin.net/api/v4/candles?symbol=BTC-BRL&resolution=1m&to=1721912364654&from=1721912424654
[2024-07-25T10:00:24.994-0300] {python.py:237} INFO - Done. Returned value was: None
[2024-07-25T10:00:24.994-0300] {taskinstance.py:441} INFO - ::group::Post task execution logs
[2024-07-25T10:00:24.996-0300] {taskinstance.py:1206} INFO - Marking task as SUCCESS. dag_id=Mercado_1m, task_id=get_1m_info, run_id=scheduled__2024-07-25T11:53:00+00:00, execution_date=20240725T115300, start_date=20240725T130024, end_date=20240725T130024
[2024-07-25T10:00:25.020-0300] {local_task_job_runner.py:243} INFO - Task exited with return code 0
[2024-07-25T10:00:25.027-0300] {taskinstance.py:3503} INFO - 0 downstream tasks scheduled from follow-on schedule check
[2024-07-25T10:00:25.028-0300] {local_task_job_runner.py:222} INFO - ::endgroup::
[2024-07-25T10:59:52.158-0300] {local_task_job_runner.py:120} INFO - ::group::Pre task execution logs
[2024-07-25T10:59:52.164-0300] {taskinstance.py:2076} INFO - Dependencies all met for dep_context=non-requeueable deps ti=<TaskInstance: Mercado_1m.get_1m_info scheduled__2024-07-25T11:53:00+00:00 [queued]>
[2024-07-25T10:59:52.169-0300] {taskinstance.py:2076} INFO - Dependencies all met for dep_context=requeueable deps ti=<TaskInstance: Mercado_1m.get_1m_info scheduled__2024-07-25T11:53:00+00:00 [queued]>
[2024-07-25T10:59:52.169-0300] {taskinstance.py:2306} INFO - Starting attempt 1 of 1
[2024-07-25T10:59:52.183-0300] {taskinstance.py:2330} INFO - Executing <Task(PythonOperator): get_1m_info> on 2024-07-25 11:53:00+00:00
[2024-07-25T10:59:52.185-0300] {standard_task_runner.py:64} INFO - Started process 2481572 to run task
[2024-07-25T10:59:52.187-0300] {standard_task_runner.py:90} INFO - Running: ['airflow', 'tasks', 'run', 'Mercado_1m', 'get_1m_info', 'scheduled__2024-07-25T11:53:00+00:00', '--job-id', '1888', '--raw', '--subdir', 'DAGS_FOLDER/mercado_dag.py', '--cfg-path', '/tmp/tmp0uia39ej']
[2024-07-25T10:59:52.188-0300] {standard_task_runner.py:91} INFO - Job 1888: Subtask get_1m_info
[2024-07-25T10:59:52.214-0300] {task_command.py:426} INFO - Running <TaskInstance: Mercado_1m.get_1m_info scheduled__2024-07-25T11:53:00+00:00 [running]> on host Galaxybook.
[2024-07-25T10:59:52.281-0300] {taskinstance.py:2648} INFO - Exporting env vars: AIRFLOW_CTX_DAG_OWNER='airflow' AIRFLOW_CTX_DAG_ID='Mercado_1m' AIRFLOW_CTX_TASK_ID='get_1m_info' AIRFLOW_CTX_EXECUTION_DATE='2024-07-25T11:53:00+00:00' AIRFLOW_CTX_TRY_NUMBER='1' AIRFLOW_CTX_DAG_RUN_ID='scheduled__2024-07-25T11:53:00+00:00'
[2024-07-25T10:59:52.281-0300] {taskinstance.py:430} INFO - ::endgroup::
[2024-07-25T10:59:52.352-0300] {base.py:84} INFO - Using connection ID 'mercado_default' for task execution.
[2024-07-25T10:59:52.352-0300] {mercado_hook.py:31} INFO - URL: https://api.mercadobitcoin.net/api/v4/candles?symbol=BTC-BRL&resolution=1m&to=1721915992293&countback=1
[2024-07-25T10:59:52.622-0300] {python.py:237} INFO - Done. Returned value was: None
[2024-07-25T10:59:52.623-0300] {taskinstance.py:441} INFO - ::group::Post task execution logs
[2024-07-25T10:59:52.625-0300] {taskinstance.py:1206} INFO - Marking task as SUCCESS. dag_id=Mercado_1m, task_id=get_1m_info, run_id=scheduled__2024-07-25T11:53:00+00:00, execution_date=20240725T115300, start_date=20240725T135952, end_date=20240725T135952
[2024-07-25T10:59:52.644-0300] {local_task_job_runner.py:243} INFO - Task exited with return code 0
[2024-07-25T10:59:52.650-0300] {taskinstance.py:3503} INFO - 0 downstream tasks scheduled from follow-on schedule check
[2024-07-25T10:59:52.650-0300] {local_task_job_runner.py:222} INFO - ::endgroup::
