[2024-07-25T14:54:29.391-0300] {local_task_job_runner.py:120} INFO - ::group::Pre task execution logs
[2024-07-25T14:54:29.396-0300] {taskinstance.py:2076} INFO - Dependencies all met for dep_context=non-requeueable deps ti=<TaskInstance: Mercado_5m.get_5m_info scheduled__2024-07-25T00:05:00+00:00 [queued]>
[2024-07-25T14:54:29.399-0300] {taskinstance.py:2076} INFO - Dependencies all met for dep_context=requeueable deps ti=<TaskInstance: Mercado_5m.get_5m_info scheduled__2024-07-25T00:05:00+00:00 [queued]>
[2024-07-25T14:54:29.399-0300] {taskinstance.py:2306} INFO - Starting attempt 1 of 1
[2024-07-25T14:54:29.412-0300] {taskinstance.py:2330} INFO - Executing <Task(PythonOperator): get_5m_info> on 2024-07-25 00:05:00+00:00
[2024-07-25T14:54:29.414-0300] {standard_task_runner.py:64} INFO - Started process 2613874 to run task
[2024-07-25T14:54:29.416-0300] {standard_task_runner.py:90} INFO - Running: ['airflow', 'tasks', 'run', 'Mercado_5m', 'get_5m_info', 'scheduled__2024-07-25T00:05:00+00:00', '--job-id', '2293', '--raw', '--subdir', 'DAGS_FOLDER/mercado_dag.py', '--cfg-path', '/tmp/tmptkeudz1i']
[2024-07-25T14:54:29.417-0300] {standard_task_runner.py:91} INFO - Job 2293: Subtask get_5m_info
[2024-07-25T14:54:29.446-0300] {task_command.py:426} INFO - Running <TaskInstance: Mercado_5m.get_5m_info scheduled__2024-07-25T00:05:00+00:00 [running]> on host Galaxybook.
[2024-07-25T14:54:29.504-0300] {taskinstance.py:2648} INFO - Exporting env vars: AIRFLOW_CTX_DAG_OWNER='airflow' AIRFLOW_CTX_DAG_ID='Mercado_5m' AIRFLOW_CTX_TASK_ID='get_5m_info' AIRFLOW_CTX_EXECUTION_DATE='2024-07-25T00:05:00+00:00' AIRFLOW_CTX_TRY_NUMBER='1' AIRFLOW_CTX_DAG_RUN_ID='scheduled__2024-07-25T00:05:00+00:00'
[2024-07-25T14:54:29.505-0300] {taskinstance.py:430} INFO - ::endgroup::
[2024-07-25T14:54:29.591-0300] {base.py:84} INFO - Using connection ID 'mercado_default' for task execution.
[2024-07-25T14:54:29.592-0300] {mercado_hook.py:31} INFO - URL: https://api.mercadobitcoin.net/api/v4/candles?symbol=BTC-BRL&resolution=5m&to=1721877000&from=1721876700
[2024-07-25T14:54:29.855-0300] {python.py:237} INFO - Done. Returned value was: None
[2024-07-25T14:54:29.856-0300] {taskinstance.py:441} INFO - ::group::Post task execution logs
[2024-07-25T14:54:29.859-0300] {taskinstance.py:1206} INFO - Marking task as SUCCESS. dag_id=Mercado_5m, task_id=get_5m_info, run_id=scheduled__2024-07-25T00:05:00+00:00, execution_date=20240725T000500, start_date=20240725T175429, end_date=20240725T175429
[2024-07-25T14:54:29.917-0300] {local_task_job_runner.py:243} INFO - Task exited with return code 0
[2024-07-25T14:54:29.924-0300] {taskinstance.py:3503} INFO - 0 downstream tasks scheduled from follow-on schedule check
[2024-07-25T14:54:29.924-0300] {local_task_job_runner.py:222} INFO - ::endgroup::
[2024-07-25T15:05:38.488-0300] {local_task_job_runner.py:120} INFO - ::group::Pre task execution logs
[2024-07-25T15:05:38.495-0300] {taskinstance.py:2076} INFO - Dependencies all met for dep_context=non-requeueable deps ti=<TaskInstance: Mercado_5m.get_5m_info scheduled__2024-07-25T00:05:00+00:00 [queued]>
[2024-07-25T15:05:38.499-0300] {taskinstance.py:2076} INFO - Dependencies all met for dep_context=requeueable deps ti=<TaskInstance: Mercado_5m.get_5m_info scheduled__2024-07-25T00:05:00+00:00 [queued]>
[2024-07-25T15:05:38.499-0300] {taskinstance.py:2306} INFO - Starting attempt 1 of 1
[2024-07-25T15:05:38.515-0300] {taskinstance.py:2330} INFO - Executing <Task(PythonOperator): get_5m_info> on 2024-07-25 00:05:00+00:00
[2024-07-25T15:05:38.517-0300] {standard_task_runner.py:64} INFO - Started process 2623290 to run task
[2024-07-25T15:05:38.520-0300] {standard_task_runner.py:90} INFO - Running: ['airflow', 'tasks', 'run', 'Mercado_5m', 'get_5m_info', 'scheduled__2024-07-25T00:05:00+00:00', '--job-id', '2522', '--raw', '--subdir', 'DAGS_FOLDER/mercado_dag.py', '--cfg-path', '/tmp/tmpee6n08nq']
[2024-07-25T15:05:38.521-0300] {standard_task_runner.py:91} INFO - Job 2522: Subtask get_5m_info
[2024-07-25T15:05:38.555-0300] {task_command.py:426} INFO - Running <TaskInstance: Mercado_5m.get_5m_info scheduled__2024-07-25T00:05:00+00:00 [running]> on host Galaxybook.
[2024-07-25T15:05:38.619-0300] {taskinstance.py:2648} INFO - Exporting env vars: AIRFLOW_CTX_DAG_OWNER='airflow' AIRFLOW_CTX_DAG_ID='Mercado_5m' AIRFLOW_CTX_TASK_ID='get_5m_info' AIRFLOW_CTX_EXECUTION_DATE='2024-07-25T00:05:00+00:00' AIRFLOW_CTX_TRY_NUMBER='1' AIRFLOW_CTX_DAG_RUN_ID='scheduled__2024-07-25T00:05:00+00:00'
[2024-07-25T15:05:38.620-0300] {taskinstance.py:430} INFO - ::endgroup::
[2024-07-25T15:05:38.703-0300] {base.py:84} INFO - Using connection ID 'mercado_default' for task execution.
[2024-07-25T15:05:38.704-0300] {mercado_hook.py:31} INFO - URL: https://api.mercadobitcoin.net/api/v4/candles?symbol=BTC-BRL&resolution=5m&to=1721877000000&from=1721876700000
[2024-07-25T15:05:39.033-0300] {python.py:237} INFO - Done. Returned value was: None
[2024-07-25T15:05:39.034-0300] {taskinstance.py:441} INFO - ::group::Post task execution logs
[2024-07-25T15:05:39.037-0300] {taskinstance.py:1206} INFO - Marking task as SUCCESS. dag_id=Mercado_5m, task_id=get_5m_info, run_id=scheduled__2024-07-25T00:05:00+00:00, execution_date=20240725T000500, start_date=20240725T180538, end_date=20240725T180539
[2024-07-25T15:05:39.060-0300] {local_task_job_runner.py:243} INFO - Task exited with return code 0
[2024-07-25T15:05:39.068-0300] {taskinstance.py:3503} INFO - 0 downstream tasks scheduled from follow-on schedule check
[2024-07-25T15:05:39.068-0300] {local_task_job_runner.py:222} INFO - ::endgroup::
[2024-07-25T16:13:12.948-0300] {local_task_job_runner.py:120} INFO - ::group::Pre task execution logs
[2024-07-25T16:13:12.959-0300] {taskinstance.py:2076} INFO - Dependencies all met for dep_context=non-requeueable deps ti=<TaskInstance: Mercado_5m.get_5m_info scheduled__2024-07-25T00:05:00+00:00 [queued]>
[2024-07-25T16:13:12.964-0300] {taskinstance.py:2076} INFO - Dependencies all met for dep_context=requeueable deps ti=<TaskInstance: Mercado_5m.get_5m_info scheduled__2024-07-25T00:05:00+00:00 [queued]>
[2024-07-25T16:13:12.964-0300] {taskinstance.py:2306} INFO - Starting attempt 1 of 1
[2024-07-25T16:13:12.984-0300] {taskinstance.py:2330} INFO - Executing <Task(PythonOperator): get_5m_info> on 2024-07-25 00:05:00+00:00
[2024-07-25T16:13:12.987-0300] {standard_task_runner.py:64} INFO - Started process 2656176 to run task
[2024-07-25T16:13:12.989-0300] {standard_task_runner.py:90} INFO - Running: ['airflow', 'tasks', 'run', 'Mercado_5m', 'get_5m_info', 'scheduled__2024-07-25T00:05:00+00:00', '--job-id', '2095', '--raw', '--subdir', 'DAGS_FOLDER/mercado_dag.py', '--cfg-path', '/tmp/tmp0z84wfcw']
[2024-07-25T16:13:12.991-0300] {standard_task_runner.py:91} INFO - Job 2095: Subtask get_5m_info
[2024-07-25T16:13:13.023-0300] {task_command.py:426} INFO - Running <TaskInstance: Mercado_5m.get_5m_info scheduled__2024-07-25T00:05:00+00:00 [running]> on host Galaxybook.
[2024-07-25T16:13:13.079-0300] {taskinstance.py:2648} INFO - Exporting env vars: AIRFLOW_CTX_DAG_OWNER='airflow' AIRFLOW_CTX_DAG_ID='Mercado_5m' AIRFLOW_CTX_TASK_ID='get_5m_info' AIRFLOW_CTX_EXECUTION_DATE='2024-07-25T00:05:00+00:00' AIRFLOW_CTX_TRY_NUMBER='1' AIRFLOW_CTX_DAG_RUN_ID='scheduled__2024-07-25T00:05:00+00:00'
[2024-07-25T16:13:13.079-0300] {taskinstance.py:430} INFO - ::endgroup::
[2024-07-25T16:13:13.162-0300] {base.py:84} INFO - Using connection ID 'mercado_default' for task execution.
[2024-07-25T16:13:13.163-0300] {mercado_hook.py:31} INFO - URL: https://api.mercadobitcoin.net/api/v4/candles?symbol=BTC-BRL&resolution=5m&to=1721866200&from=1721865900
[2024-07-25T16:13:13.439-0300] {python.py:237} INFO - Done. Returned value was: None
[2024-07-25T16:13:13.440-0300] {taskinstance.py:441} INFO - ::group::Post task execution logs
[2024-07-25T16:13:13.442-0300] {taskinstance.py:1206} INFO - Marking task as SUCCESS. dag_id=Mercado_5m, task_id=get_5m_info, run_id=scheduled__2024-07-25T00:05:00+00:00, execution_date=20240725T000500, start_date=20240725T191312, end_date=20240725T191313
[2024-07-25T16:13:13.492-0300] {local_task_job_runner.py:243} INFO - Task exited with return code 0
[2024-07-25T16:13:13.499-0300] {taskinstance.py:3503} INFO - 0 downstream tasks scheduled from follow-on schedule check
[2024-07-25T16:13:13.499-0300] {local_task_job_runner.py:222} INFO - ::endgroup::
[2024-07-25T16:22:02.687-0300] {local_task_job_runner.py:120} INFO - ::group::Pre task execution logs
[2024-07-25T16:22:02.695-0300] {taskinstance.py:2076} INFO - Dependencies all met for dep_context=non-requeueable deps ti=<TaskInstance: Mercado_5m.get_5m_info scheduled__2024-07-25T00:05:00+00:00 [queued]>
[2024-07-25T16:22:02.700-0300] {taskinstance.py:2076} INFO - Dependencies all met for dep_context=requeueable deps ti=<TaskInstance: Mercado_5m.get_5m_info scheduled__2024-07-25T00:05:00+00:00 [queued]>
[2024-07-25T16:22:02.701-0300] {taskinstance.py:2306} INFO - Starting attempt 1 of 1
[2024-07-25T16:22:02.718-0300] {taskinstance.py:2330} INFO - Executing <Task(PythonOperator): get_5m_info> on 2024-07-25 00:05:00+00:00
[2024-07-25T16:22:02.720-0300] {standard_task_runner.py:64} INFO - Started process 2665091 to run task
[2024-07-25T16:22:02.723-0300] {standard_task_runner.py:90} INFO - Running: ['airflow', 'tasks', 'run', 'Mercado_5m', 'get_5m_info', 'scheduled__2024-07-25T00:05:00+00:00', '--job-id', '2335', '--raw', '--subdir', 'DAGS_FOLDER/mercado_dag.py', '--cfg-path', '/tmp/tmpnd61nc1z']
[2024-07-25T16:22:02.724-0300] {standard_task_runner.py:91} INFO - Job 2335: Subtask get_5m_info
[2024-07-25T16:22:02.758-0300] {task_command.py:426} INFO - Running <TaskInstance: Mercado_5m.get_5m_info scheduled__2024-07-25T00:05:00+00:00 [running]> on host Galaxybook.
[2024-07-25T16:22:02.817-0300] {taskinstance.py:2648} INFO - Exporting env vars: AIRFLOW_CTX_DAG_OWNER='airflow' AIRFLOW_CTX_DAG_ID='Mercado_5m' AIRFLOW_CTX_TASK_ID='get_5m_info' AIRFLOW_CTX_EXECUTION_DATE='2024-07-25T00:05:00+00:00' AIRFLOW_CTX_TRY_NUMBER='1' AIRFLOW_CTX_DAG_RUN_ID='scheduled__2024-07-25T00:05:00+00:00'
[2024-07-25T16:22:02.818-0300] {taskinstance.py:430} INFO - ::endgroup::
[2024-07-25T16:22:02.828-0300] {mercado_dag.py:22} INFO - To: 2024-07-25 00:10:00+00:00
[2024-07-25T16:22:02.828-0300] {mercado_dag.py:23} INFO - From: 2024-07-25 00:05:00+00:00
[2024-07-25T16:22:02.828-0300] {mercado_dag.py:24} INFO - To timestamp: 1721866200 
[2024-07-25T16:22:02.828-0300] {mercado_dag.py:25} INFO - From timestamp: 1721865900 
[2024-07-25T16:22:02.908-0300] {base.py:84} INFO - Using connection ID 'mercado_default' for task execution.
[2024-07-25T16:22:02.909-0300] {mercado_hook.py:31} INFO - URL: https://api.mercadobitcoin.net/api/v4/candles?symbol=BTC-BRL&resolution=5m&to=1721866200&from=1721865900
[2024-07-25T16:22:03.257-0300] {python.py:237} INFO - Done. Returned value was: None
[2024-07-25T16:22:03.257-0300] {taskinstance.py:441} INFO - ::group::Post task execution logs
[2024-07-25T16:22:03.260-0300] {taskinstance.py:1206} INFO - Marking task as SUCCESS. dag_id=Mercado_5m, task_id=get_5m_info, run_id=scheduled__2024-07-25T00:05:00+00:00, execution_date=20240725T000500, start_date=20240725T192202, end_date=20240725T192203
[2024-07-25T16:22:03.308-0300] {local_task_job_runner.py:243} INFO - Task exited with return code 0
[2024-07-25T16:22:03.316-0300] {taskinstance.py:3503} INFO - 0 downstream tasks scheduled from follow-on schedule check
[2024-07-25T16:22:03.317-0300] {local_task_job_runner.py:222} INFO - ::endgroup::
[2024-07-25T16:25:02.815-0300] {local_task_job_runner.py:120} INFO - ::group::Pre task execution logs
[2024-07-25T16:25:02.821-0300] {taskinstance.py:2076} INFO - Dependencies all met for dep_context=non-requeueable deps ti=<TaskInstance: Mercado_5m.get_5m_info scheduled__2024-07-25T00:05:00+00:00 [queued]>
[2024-07-25T16:25:02.825-0300] {taskinstance.py:2076} INFO - Dependencies all met for dep_context=requeueable deps ti=<TaskInstance: Mercado_5m.get_5m_info scheduled__2024-07-25T00:05:00+00:00 [queued]>
[2024-07-25T16:25:02.825-0300] {taskinstance.py:2306} INFO - Starting attempt 1 of 1
[2024-07-25T16:25:02.839-0300] {taskinstance.py:2330} INFO - Executing <Task(PythonOperator): get_5m_info> on 2024-07-25 00:05:00+00:00
[2024-07-25T16:25:02.841-0300] {standard_task_runner.py:64} INFO - Started process 2668066 to run task
[2024-07-25T16:25:02.843-0300] {standard_task_runner.py:90} INFO - Running: ['airflow', 'tasks', 'run', 'Mercado_5m', 'get_5m_info', 'scheduled__2024-07-25T00:05:00+00:00', '--job-id', '2418', '--raw', '--subdir', 'DAGS_FOLDER/mercado_dag.py', '--cfg-path', '/tmp/tmplfera2yr']
[2024-07-25T16:25:02.845-0300] {standard_task_runner.py:91} INFO - Job 2418: Subtask get_5m_info
[2024-07-25T16:25:02.874-0300] {task_command.py:426} INFO - Running <TaskInstance: Mercado_5m.get_5m_info scheduled__2024-07-25T00:05:00+00:00 [running]> on host Galaxybook.
[2024-07-25T16:25:02.930-0300] {taskinstance.py:2648} INFO - Exporting env vars: AIRFLOW_CTX_DAG_OWNER='airflow' AIRFLOW_CTX_DAG_ID='Mercado_5m' AIRFLOW_CTX_TASK_ID='get_5m_info' AIRFLOW_CTX_EXECUTION_DATE='2024-07-25T00:05:00+00:00' AIRFLOW_CTX_TRY_NUMBER='1' AIRFLOW_CTX_DAG_RUN_ID='scheduled__2024-07-25T00:05:00+00:00'
[2024-07-25T16:25:02.931-0300] {taskinstance.py:430} INFO - ::endgroup::
[2024-07-25T16:25:02.940-0300] {mercado_dag.py:22} INFO - To: 2024-07-25 00:10:00+00:00
[2024-07-25T16:25:02.940-0300] {mercado_dag.py:23} INFO - From: 2024-07-25 00:05:00+00:00
[2024-07-25T16:25:02.940-0300] {mercado_dag.py:24} INFO - To timestamp: 1721866200000 
[2024-07-25T16:25:02.940-0300] {mercado_dag.py:25} INFO - From timestamp: 1721865900000 
[2024-07-25T16:25:03.006-0300] {base.py:84} INFO - Using connection ID 'mercado_default' for task execution.
[2024-07-25T16:25:03.007-0300] {mercado_hook.py:31} INFO - URL: https://api.mercadobitcoin.net/api/v4/candles?symbol=BTC-BRL&resolution=5m&to=1721866200000&from=1721865900000
[2024-07-25T16:25:03.278-0300] {python.py:237} INFO - Done. Returned value was: None
[2024-07-25T16:25:03.279-0300] {taskinstance.py:441} INFO - ::group::Post task execution logs
[2024-07-25T16:25:03.282-0300] {taskinstance.py:1206} INFO - Marking task as SUCCESS. dag_id=Mercado_5m, task_id=get_5m_info, run_id=scheduled__2024-07-25T00:05:00+00:00, execution_date=20240725T000500, start_date=20240725T192502, end_date=20240725T192503
[2024-07-25T16:25:03.384-0300] {local_task_job_runner.py:243} INFO - Task exited with return code 0
[2024-07-25T16:25:03.392-0300] {taskinstance.py:3503} INFO - 0 downstream tasks scheduled from follow-on schedule check
[2024-07-25T16:25:03.392-0300] {local_task_job_runner.py:222} INFO - ::endgroup::
