[2024-07-25T14:22:00.720-0300] {local_task_job_runner.py:120} INFO - ::group::Pre task execution logs
[2024-07-25T14:22:00.725-0300] {taskinstance.py:2076} INFO - Dependencies all met for dep_context=non-requeueable deps ti=<TaskInstance: Binance_5m.get_5m_info scheduled__2024-07-25T01:10:00+00:00 [queued]>
[2024-07-25T14:22:00.728-0300] {taskinstance.py:2076} INFO - Dependencies all met for dep_context=requeueable deps ti=<TaskInstance: Binance_5m.get_5m_info scheduled__2024-07-25T01:10:00+00:00 [queued]>
[2024-07-25T14:22:00.728-0300] {taskinstance.py:2306} INFO - Starting attempt 1 of 1
[2024-07-25T14:22:00.741-0300] {taskinstance.py:2330} INFO - Executing <Task(PythonOperator): get_5m_info> on 2024-07-25 01:10:00+00:00
[2024-07-25T14:22:00.743-0300] {standard_task_runner.py:64} INFO - Started process 2587065 to run task
[2024-07-25T14:22:00.745-0300] {standard_task_runner.py:90} INFO - Running: ['airflow', 'tasks', 'run', 'Binance_5m', 'get_5m_info', 'scheduled__2024-07-25T01:10:00+00:00', '--job-id', '2096', '--raw', '--subdir', 'DAGS_FOLDER/binance_dag.py', '--cfg-path', '/tmp/tmp_sttk0gt']
[2024-07-25T14:22:00.746-0300] {standard_task_runner.py:91} INFO - Job 2096: Subtask get_5m_info
[2024-07-25T14:22:00.770-0300] {task_command.py:426} INFO - Running <TaskInstance: Binance_5m.get_5m_info scheduled__2024-07-25T01:10:00+00:00 [running]> on host Galaxybook.
[2024-07-25T14:22:00.821-0300] {taskinstance.py:2648} INFO - Exporting env vars: AIRFLOW_CTX_DAG_OWNER='airflow' AIRFLOW_CTX_DAG_ID='Binance_5m' AIRFLOW_CTX_TASK_ID='get_5m_info' AIRFLOW_CTX_EXECUTION_DATE='2024-07-25T01:10:00+00:00' AIRFLOW_CTX_TRY_NUMBER='1' AIRFLOW_CTX_DAG_RUN_ID='scheduled__2024-07-25T01:10:00+00:00'
[2024-07-25T14:22:00.821-0300] {taskinstance.py:430} INFO - ::endgroup::
[2024-07-25T14:22:00.828-0300] {binance_dag.py:23} INFO - End Time: 2024-07-25T01:15:00.00Z
[2024-07-25T14:22:00.900-0300] {base.py:84} INFO - Using connection ID 'binance_default' for task execution.
[2024-07-25T14:22:00.901-0300] {logging_mixin.py:188} INFO - https://api.binance.com
[2024-07-25T14:22:00.901-0300] {binance_hook.py:35} INFO - URL: https://api.binance.com/api/v3/klines?symbol=BTCBRL&interval=5m&startTime=1721880600000&endTime=1721880900000
[2024-07-25T14:22:01.298-0300] {python.py:237} INFO - Done. Returned value was: None
[2024-07-25T14:22:01.299-0300] {taskinstance.py:441} INFO - ::group::Post task execution logs
[2024-07-25T14:22:01.302-0300] {taskinstance.py:1206} INFO - Marking task as SUCCESS. dag_id=Binance_5m, task_id=get_5m_info, run_id=scheduled__2024-07-25T01:10:00+00:00, execution_date=20240725T011000, start_date=20240725T172200, end_date=20240725T172201
[2024-07-25T14:22:01.326-0300] {local_task_job_runner.py:243} INFO - Task exited with return code 0
[2024-07-25T14:22:01.332-0300] {taskinstance.py:3503} INFO - 0 downstream tasks scheduled from follow-on schedule check
[2024-07-25T14:22:01.332-0300] {local_task_job_runner.py:222} INFO - ::endgroup::
[2024-07-25T14:47:08.823-0300] {local_task_job_runner.py:120} INFO - ::group::Pre task execution logs
[2024-07-25T14:47:08.830-0300] {taskinstance.py:2076} INFO - Dependencies all met for dep_context=non-requeueable deps ti=<TaskInstance: Binance_5m.get_5m_info scheduled__2024-07-25T01:10:00+00:00 [queued]>
[2024-07-25T14:47:08.835-0300] {taskinstance.py:2076} INFO - Dependencies all met for dep_context=requeueable deps ti=<TaskInstance: Binance_5m.get_5m_info scheduled__2024-07-25T01:10:00+00:00 [queued]>
[2024-07-25T14:47:08.835-0300] {taskinstance.py:2306} INFO - Starting attempt 1 of 1
[2024-07-25T14:47:08.851-0300] {taskinstance.py:2330} INFO - Executing <Task(PythonOperator): get_5m_info> on 2024-07-25 01:10:00+00:00
[2024-07-25T14:47:08.853-0300] {standard_task_runner.py:64} INFO - Started process 2606495 to run task
[2024-07-25T14:47:08.856-0300] {standard_task_runner.py:90} INFO - Running: ['airflow', 'tasks', 'run', 'Binance_5m', 'get_5m_info', 'scheduled__2024-07-25T01:10:00+00:00', '--job-id', '2100', '--raw', '--subdir', 'DAGS_FOLDER/binance_dag.py', '--cfg-path', '/tmp/tmpy61h7dkl']
[2024-07-25T14:47:08.857-0300] {standard_task_runner.py:91} INFO - Job 2100: Subtask get_5m_info
[2024-07-25T14:47:08.887-0300] {task_command.py:426} INFO - Running <TaskInstance: Binance_5m.get_5m_info scheduled__2024-07-25T01:10:00+00:00 [running]> on host Galaxybook.
[2024-07-25T14:47:08.939-0300] {taskinstance.py:2648} INFO - Exporting env vars: AIRFLOW_CTX_DAG_OWNER='airflow' AIRFLOW_CTX_DAG_ID='Binance_5m' AIRFLOW_CTX_TASK_ID='get_5m_info' AIRFLOW_CTX_EXECUTION_DATE='2024-07-25T01:10:00+00:00' AIRFLOW_CTX_TRY_NUMBER='1' AIRFLOW_CTX_DAG_RUN_ID='scheduled__2024-07-25T01:10:00+00:00'
[2024-07-25T14:47:08.939-0300] {taskinstance.py:430} INFO - ::endgroup::
[2024-07-25T14:47:08.948-0300] {binance_dag.py:23} INFO - End Time: 2024-07-25T01:15:00.00Z
[2024-07-25T14:47:08.948-0300] {binance_dag.py:24} INFO - Start Time: 2024-07-25T01:10:00.00Z
[2024-07-25T14:47:09.013-0300] {base.py:84} INFO - Using connection ID 'binance_default' for task execution.
[2024-07-25T14:47:09.013-0300] {logging_mixin.py:188} INFO - https://api.binance.com
[2024-07-25T14:47:09.014-0300] {binance_hook.py:35} INFO - URL: https://api.binance.com/api/v3/klines?symbol=BTCBRL&interval=5m&startTime=1721880600000&endTime=1721880899999
[2024-07-25T14:47:09.405-0300] {binance_dag.py:43} INFO - r: [[1721880600000, '364165.00000000', '364735.00000000', '364165.00000000', '364663.00000000', '0.25709000', 1721880899999, '93678.59937000', 32, '0.22044000', '80318.69377000', '0']]
[2024-07-25T14:47:09.407-0300] {python.py:237} INFO - Done. Returned value was: None
[2024-07-25T14:47:09.408-0300] {taskinstance.py:441} INFO - ::group::Post task execution logs
[2024-07-25T14:47:09.411-0300] {taskinstance.py:1206} INFO - Marking task as SUCCESS. dag_id=Binance_5m, task_id=get_5m_info, run_id=scheduled__2024-07-25T01:10:00+00:00, execution_date=20240725T011000, start_date=20240725T174708, end_date=20240725T174709
[2024-07-25T14:47:09.438-0300] {local_task_job_runner.py:243} INFO - Task exited with return code 0
[2024-07-25T14:47:09.445-0300] {taskinstance.py:3503} INFO - 0 downstream tasks scheduled from follow-on schedule check
[2024-07-25T14:47:09.445-0300] {local_task_job_runner.py:222} INFO - ::endgroup::
[2024-07-25T15:17:21.163-0300] {local_task_job_runner.py:120} INFO - ::group::Pre task execution logs
[2024-07-25T15:17:21.168-0300] {taskinstance.py:2076} INFO - Dependencies all met for dep_context=non-requeueable deps ti=<TaskInstance: Binance_5m.get_5m_info scheduled__2024-07-25T01:10:00+00:00 [queued]>
[2024-07-25T15:17:21.171-0300] {taskinstance.py:2076} INFO - Dependencies all met for dep_context=requeueable deps ti=<TaskInstance: Binance_5m.get_5m_info scheduled__2024-07-25T01:10:00+00:00 [queued]>
[2024-07-25T15:17:21.172-0300] {taskinstance.py:2306} INFO - Starting attempt 1 of 1
[2024-07-25T15:17:21.185-0300] {taskinstance.py:2330} INFO - Executing <Task(PythonOperator): get_5m_info> on 2024-07-25 01:10:00+00:00
[2024-07-25T15:17:21.187-0300] {standard_task_runner.py:64} INFO - Started process 2629129 to run task
[2024-07-25T15:17:21.190-0300] {standard_task_runner.py:90} INFO - Running: ['airflow', 'tasks', 'run', 'Binance_5m', 'get_5m_info', 'scheduled__2024-07-25T01:10:00+00:00', '--job-id', '2549', '--raw', '--subdir', 'DAGS_FOLDER/binance_dag.py', '--cfg-path', '/tmp/tmp91i7t2iy']
[2024-07-25T15:17:21.191-0300] {standard_task_runner.py:91} INFO - Job 2549: Subtask get_5m_info
[2024-07-25T15:17:21.221-0300] {task_command.py:426} INFO - Running <TaskInstance: Binance_5m.get_5m_info scheduled__2024-07-25T01:10:00+00:00 [running]> on host Galaxybook.
[2024-07-25T15:17:21.282-0300] {taskinstance.py:2648} INFO - Exporting env vars: AIRFLOW_CTX_DAG_OWNER='airflow' AIRFLOW_CTX_DAG_ID='Binance_5m' AIRFLOW_CTX_TASK_ID='get_5m_info' AIRFLOW_CTX_EXECUTION_DATE='2024-07-25T01:10:00+00:00' AIRFLOW_CTX_TRY_NUMBER='1' AIRFLOW_CTX_DAG_RUN_ID='scheduled__2024-07-25T01:10:00+00:00'
[2024-07-25T15:17:21.282-0300] {taskinstance.py:430} INFO - ::endgroup::
[2024-07-25T15:17:21.290-0300] {binance_dag.py:23} INFO - End Time: 2024-07-25T01:15:00.00Z
[2024-07-25T15:17:21.291-0300] {binance_dag.py:24} INFO - Start Time: 2024-07-25T01:10:00.00Z
[2024-07-25T15:17:21.360-0300] {binance_dag.py:25} INFO - 1721880600000
[2024-07-25T15:17:21.362-0300] {base.py:84} INFO - Using connection ID 'binance_default' for task execution.
[2024-07-25T15:17:21.363-0300] {logging_mixin.py:188} INFO - https://api.binance.com
[2024-07-25T15:17:21.363-0300] {binance_hook.py:35} INFO - URL: https://api.binance.com/api/v3/klines?symbol=BTCBRL&interval=5m&startTime=1721880600000&endTime=1721880899999
[2024-07-25T15:17:21.767-0300] {python.py:237} INFO - Done. Returned value was: None
[2024-07-25T15:17:21.768-0300] {taskinstance.py:441} INFO - ::group::Post task execution logs
[2024-07-25T15:17:21.771-0300] {taskinstance.py:1206} INFO - Marking task as SUCCESS. dag_id=Binance_5m, task_id=get_5m_info, run_id=scheduled__2024-07-25T01:10:00+00:00, execution_date=20240725T011000, start_date=20240725T181721, end_date=20240725T181721
[2024-07-25T15:17:21.814-0300] {local_task_job_runner.py:243} INFO - Task exited with return code 0
[2024-07-25T15:17:21.822-0300] {taskinstance.py:3503} INFO - 0 downstream tasks scheduled from follow-on schedule check
[2024-07-25T15:17:21.822-0300] {local_task_job_runner.py:222} INFO - ::endgroup::
[2024-07-25T16:13:44.142-0300] {local_task_job_runner.py:120} INFO - ::group::Pre task execution logs
[2024-07-25T16:13:44.150-0300] {taskinstance.py:2076} INFO - Dependencies all met for dep_context=non-requeueable deps ti=<TaskInstance: Binance_5m.get_5m_info scheduled__2024-07-25T01:10:00+00:00 [queued]>
[2024-07-25T16:13:44.153-0300] {taskinstance.py:2076} INFO - Dependencies all met for dep_context=requeueable deps ti=<TaskInstance: Binance_5m.get_5m_info scheduled__2024-07-25T01:10:00+00:00 [queued]>
[2024-07-25T16:13:44.153-0300] {taskinstance.py:2306} INFO - Starting attempt 1 of 1
[2024-07-25T16:13:44.169-0300] {taskinstance.py:2330} INFO - Executing <Task(PythonOperator): get_5m_info> on 2024-07-25 01:10:00+00:00
[2024-07-25T16:13:44.171-0300] {standard_task_runner.py:64} INFO - Started process 2656716 to run task
[2024-07-25T16:13:44.173-0300] {standard_task_runner.py:90} INFO - Running: ['airflow', 'tasks', 'run', 'Binance_5m', 'get_5m_info', 'scheduled__2024-07-25T01:10:00+00:00', '--job-id', '2109', '--raw', '--subdir', 'DAGS_FOLDER/binance_dag.py', '--cfg-path', '/tmp/tmpq7i5uij9']
[2024-07-25T16:13:44.174-0300] {standard_task_runner.py:91} INFO - Job 2109: Subtask get_5m_info
[2024-07-25T16:13:44.209-0300] {task_command.py:426} INFO - Running <TaskInstance: Binance_5m.get_5m_info scheduled__2024-07-25T01:10:00+00:00 [running]> on host Galaxybook.
[2024-07-25T16:13:44.259-0300] {taskinstance.py:2648} INFO - Exporting env vars: AIRFLOW_CTX_DAG_OWNER='airflow' AIRFLOW_CTX_DAG_ID='Binance_5m' AIRFLOW_CTX_TASK_ID='get_5m_info' AIRFLOW_CTX_EXECUTION_DATE='2024-07-25T01:10:00+00:00' AIRFLOW_CTX_TRY_NUMBER='1' AIRFLOW_CTX_DAG_RUN_ID='scheduled__2024-07-25T01:10:00+00:00'
[2024-07-25T16:13:44.259-0300] {taskinstance.py:430} INFO - ::endgroup::
[2024-07-25T16:13:44.267-0300] {binance_dag.py:22} INFO - End Time: 2024-07-25 01:15:00+00:00
[2024-07-25T16:13:44.267-0300] {binance_dag.py:23} INFO - Start Time: 2024-07-25 01:10:00+00:00
[2024-07-25T16:13:44.267-0300] {binance_dag.py:24} INFO - Start timestamp: 1721869800000
[2024-07-25T16:13:44.267-0300] {binance_dag.py:25} INFO - End timestamp: 1721870100000
[2024-07-25T16:13:44.329-0300] {base.py:84} INFO - Using connection ID 'binance_default' for task execution.
[2024-07-25T16:13:44.329-0300] {logging_mixin.py:188} INFO - https://api.binance.com
[2024-07-25T16:13:44.329-0300] {binance_hook.py:35} INFO - URL: https://api.binance.com/api/v3/klines?symbol=BTCBRL&interval=5m&startTime=1721869800000&endTime=1721870099999&timeZone=-3
[2024-07-25T16:13:44.762-0300] {python.py:237} INFO - Done. Returned value was: None
[2024-07-25T16:13:44.762-0300] {taskinstance.py:441} INFO - ::group::Post task execution logs
[2024-07-25T16:13:44.765-0300] {taskinstance.py:1206} INFO - Marking task as SUCCESS. dag_id=Binance_5m, task_id=get_5m_info, run_id=scheduled__2024-07-25T01:10:00+00:00, execution_date=20240725T011000, start_date=20240725T191344, end_date=20240725T191344
[2024-07-25T16:13:44.790-0300] {local_task_job_runner.py:243} INFO - Task exited with return code 0
[2024-07-25T16:13:44.796-0300] {taskinstance.py:3503} INFO - 0 downstream tasks scheduled from follow-on schedule check
[2024-07-25T16:13:44.797-0300] {local_task_job_runner.py:222} INFO - ::endgroup::
