[2024-07-25T13:05:02.353-0300] {local_task_job_runner.py:120} INFO - ::group::Pre task execution logs
[2024-07-25T13:05:02.357-0300] {taskinstance.py:2076} INFO - Dependencies all met for dep_context=non-requeueable deps ti=<TaskInstance: Binance_5m.get_5m_info scheduled__2024-07-25T16:00:00+00:00 [queued]>
[2024-07-25T13:05:02.360-0300] {taskinstance.py:2076} INFO - Dependencies all met for dep_context=requeueable deps ti=<TaskInstance: Binance_5m.get_5m_info scheduled__2024-07-25T16:00:00+00:00 [queued]>
[2024-07-25T13:05:02.360-0300] {taskinstance.py:2306} INFO - Starting attempt 1 of 1
[2024-07-25T13:05:02.373-0300] {taskinstance.py:2330} INFO - Executing <Task(PythonOperator): get_5m_info> on 2024-07-25 16:00:00+00:00
[2024-07-25T13:05:02.374-0300] {standard_task_runner.py:64} INFO - Started process 2550437 to run task
[2024-07-25T13:05:02.376-0300] {standard_task_runner.py:90} INFO - Running: ['airflow', 'tasks', 'run', 'Binance_5m', 'get_5m_info', 'scheduled__2024-07-25T16:00:00+00:00', '--job-id', '2079', '--raw', '--subdir', 'DAGS_FOLDER/binance_dag.py', '--cfg-path', '/tmp/tmppxus32ad']
[2024-07-25T13:05:02.377-0300] {standard_task_runner.py:91} INFO - Job 2079: Subtask get_5m_info
[2024-07-25T13:05:02.407-0300] {task_command.py:426} INFO - Running <TaskInstance: Binance_5m.get_5m_info scheduled__2024-07-25T16:00:00+00:00 [running]> on host Galaxybook.
[2024-07-25T13:05:02.459-0300] {taskinstance.py:2648} INFO - Exporting env vars: AIRFLOW_CTX_DAG_OWNER='airflow' AIRFLOW_CTX_DAG_ID='Binance_5m' AIRFLOW_CTX_TASK_ID='get_5m_info' AIRFLOW_CTX_EXECUTION_DATE='2024-07-25T16:00:00+00:00' AIRFLOW_CTX_TRY_NUMBER='1' AIRFLOW_CTX_DAG_RUN_ID='scheduled__2024-07-25T16:00:00+00:00'
[2024-07-25T13:05:02.459-0300] {taskinstance.py:430} INFO - ::endgroup::
[2024-07-25T13:05:02.468-0300] {taskinstance.py:441} INFO - ::group::Post task execution logs
[2024-07-25T13:05:02.468-0300] {taskinstance.py:2905} ERROR - Task failed with exception
Traceback (most recent call last):
  File "/home/hugoviana/Documentos/data_pipeline_airflow/.venv/lib/python3.12/site-packages/airflow/models/taskinstance.py", line 465, in _execute_task
    result = _execute_callable(context=context, **execute_callable_kwargs)
             ^^^^^^^^^^^^^^^^^^^^^^^^^^^^^^^^^^^^^^^^^^^^^^^^^^^^^^^^^^^^^
  File "/home/hugoviana/Documentos/data_pipeline_airflow/.venv/lib/python3.12/site-packages/airflow/models/taskinstance.py", line 432, in _execute_callable
    return execute_callable(context=context, **execute_callable_kwargs)
           ^^^^^^^^^^^^^^^^^^^^^^^^^^^^^^^^^^^^^^^^^^^^^^^^^^^^^^^^^^^^
  File "/home/hugoviana/Documentos/data_pipeline_airflow/.venv/lib/python3.12/site-packages/airflow/models/baseoperator.py", line 401, in wrapper
    return func(self, *args, **kwargs)
           ^^^^^^^^^^^^^^^^^^^^^^^^^^^
  File "/home/hugoviana/Documentos/data_pipeline_airflow/.venv/lib/python3.12/site-packages/airflow/operators/python.py", line 235, in execute
    return_value = self.execute_callable()
                   ^^^^^^^^^^^^^^^^^^^^^^^
  File "/home/hugoviana/Documentos/data_pipeline_airflow/.venv/lib/python3.12/site-packages/airflow/operators/python.py", line 252, in execute_callable
    return self.python_callable(*self.op_args, **self.op_kwargs)
           ^^^^^^^^^^^^^^^^^^^^^^^^^^^^^^^^^^^^^^^^^^^^^^^^^^^^^
  File "/home/hugoviana/Projetos/crypto-etl/airflow_pipeline/dags/binance_dag.py", line 25, in execute
    start_time=to_timestamp(start_time),
               ^^^^^^^^^^^^^^^^^^^^^^^^
  File "/home/hugoviana/Projetos/crypto-etl/airflow_pipeline/dags/binance_dag.py", line 15, in to_timestamp
    return int(datetime.timestamp(dt))*1000
               ^^^^^^^^^^^^^^^^^^^^^^
TypeError: descriptor 'timestamp' for 'datetime.datetime' objects doesn't apply to a 'str' object
[2024-07-25T13:05:02.533-0300] {taskinstance.py:1206} INFO - Marking task as FAILED. dag_id=Binance_5m, task_id=get_5m_info, run_id=scheduled__2024-07-25T16:00:00+00:00, execution_date=20240725T160000, start_date=20240725T160502, end_date=20240725T160502
[2024-07-25T13:05:02.545-0300] {standard_task_runner.py:110} ERROR - Failed to execute job 2079 for task get_5m_info (descriptor 'timestamp' for 'datetime.datetime' objects doesn't apply to a 'str' object; 2550437)
[2024-07-25T13:05:02.550-0300] {local_task_job_runner.py:243} INFO - Task exited with return code 1
[2024-07-25T13:05:02.556-0300] {taskinstance.py:3503} INFO - 0 downstream tasks scheduled from follow-on schedule check
[2024-07-25T13:05:02.556-0300] {local_task_job_runner.py:222} INFO - ::endgroup::
[2024-07-25T14:29:44.495-0300] {local_task_job_runner.py:120} INFO - ::group::Pre task execution logs
[2024-07-25T14:29:44.501-0300] {taskinstance.py:2076} INFO - Dependencies all met for dep_context=non-requeueable deps ti=<TaskInstance: Binance_5m.get_5m_info scheduled__2024-07-25T16:00:00+00:00 [queued]>
[2024-07-25T14:29:44.505-0300] {taskinstance.py:2076} INFO - Dependencies all met for dep_context=requeueable deps ti=<TaskInstance: Binance_5m.get_5m_info scheduled__2024-07-25T16:00:00+00:00 [queued]>
[2024-07-25T14:29:44.505-0300] {taskinstance.py:2306} INFO - Starting attempt 1 of 1
[2024-07-25T14:29:44.522-0300] {taskinstance.py:2330} INFO - Executing <Task(PythonOperator): get_5m_info> on 2024-07-25 16:00:00+00:00
[2024-07-25T14:29:44.524-0300] {standard_task_runner.py:64} INFO - Started process 2592570 to run task
[2024-07-25T14:29:44.525-0300] {standard_task_runner.py:90} INFO - Running: ['airflow', 'tasks', 'run', 'Binance_5m', 'get_5m_info', 'scheduled__2024-07-25T16:00:00+00:00', '--job-id', '2165', '--raw', '--subdir', 'DAGS_FOLDER/binance_dag.py', '--cfg-path', '/tmp/tmpvwqhdnmj']
[2024-07-25T14:29:44.526-0300] {standard_task_runner.py:91} INFO - Job 2165: Subtask get_5m_info
[2024-07-25T14:29:44.564-0300] {task_command.py:426} INFO - Running <TaskInstance: Binance_5m.get_5m_info scheduled__2024-07-25T16:00:00+00:00 [running]> on host Galaxybook.
[2024-07-25T14:29:44.649-0300] {taskinstance.py:2648} INFO - Exporting env vars: AIRFLOW_CTX_DAG_OWNER='airflow' AIRFLOW_CTX_DAG_ID='Binance_5m' AIRFLOW_CTX_TASK_ID='get_5m_info' AIRFLOW_CTX_EXECUTION_DATE='2024-07-25T16:00:00+00:00' AIRFLOW_CTX_TRY_NUMBER='1' AIRFLOW_CTX_DAG_RUN_ID='scheduled__2024-07-25T16:00:00+00:00'
[2024-07-25T14:29:44.649-0300] {taskinstance.py:430} INFO - ::endgroup::
[2024-07-25T14:29:44.660-0300] {binance_dag.py:23} INFO - End Time: 2024-07-25T16:05:00.00Z
[2024-07-25T14:29:44.738-0300] {base.py:84} INFO - Using connection ID 'binance_default' for task execution.
[2024-07-25T14:29:44.739-0300] {logging_mixin.py:188} INFO - https://api.binance.com
[2024-07-25T14:29:44.739-0300] {binance_hook.py:35} INFO - URL: https://api.binance.com/api/v3/klines?symbol=BTCBRL&interval=5m&startTime=1721934000000&endTime=1721934300000
[2024-07-25T14:29:45.138-0300] {python.py:237} INFO - Done. Returned value was: None
[2024-07-25T14:29:45.139-0300] {taskinstance.py:441} INFO - ::group::Post task execution logs
[2024-07-25T14:29:45.143-0300] {taskinstance.py:1206} INFO - Marking task as SUCCESS. dag_id=Binance_5m, task_id=get_5m_info, run_id=scheduled__2024-07-25T16:00:00+00:00, execution_date=20240725T160000, start_date=20240725T172944, end_date=20240725T172945
[2024-07-25T14:29:45.186-0300] {local_task_job_runner.py:243} INFO - Task exited with return code 0
[2024-07-25T14:29:45.197-0300] {taskinstance.py:3503} INFO - 0 downstream tasks scheduled from follow-on schedule check
[2024-07-25T14:29:45.198-0300] {local_task_job_runner.py:222} INFO - ::endgroup::
[2024-07-25T14:32:55.718-0300] {local_task_job_runner.py:120} INFO - ::group::Pre task execution logs
[2024-07-25T14:32:55.725-0300] {taskinstance.py:2076} INFO - Dependencies all met for dep_context=non-requeueable deps ti=<TaskInstance: Binance_5m.get_5m_info scheduled__2024-07-25T16:00:00+00:00 [queued]>
[2024-07-25T14:32:55.728-0300] {taskinstance.py:2076} INFO - Dependencies all met for dep_context=requeueable deps ti=<TaskInstance: Binance_5m.get_5m_info scheduled__2024-07-25T16:00:00+00:00 [queued]>
[2024-07-25T14:32:55.728-0300] {taskinstance.py:2306} INFO - Starting attempt 1 of 1
[2024-07-25T14:32:55.742-0300] {taskinstance.py:2330} INFO - Executing <Task(PythonOperator): get_5m_info> on 2024-07-25 16:00:00+00:00
[2024-07-25T14:32:55.743-0300] {standard_task_runner.py:64} INFO - Started process 2595774 to run task
[2024-07-25T14:32:55.746-0300] {standard_task_runner.py:90} INFO - Running: ['airflow', 'tasks', 'run', 'Binance_5m', 'get_5m_info', 'scheduled__2024-07-25T16:00:00+00:00', '--job-id', '2166', '--raw', '--subdir', 'DAGS_FOLDER/binance_dag.py', '--cfg-path', '/tmp/tmpn3paijzs']
[2024-07-25T14:32:55.747-0300] {standard_task_runner.py:91} INFO - Job 2166: Subtask get_5m_info
[2024-07-25T14:32:55.778-0300] {task_command.py:426} INFO - Running <TaskInstance: Binance_5m.get_5m_info scheduled__2024-07-25T16:00:00+00:00 [running]> on host Galaxybook.
[2024-07-25T14:32:55.836-0300] {taskinstance.py:2648} INFO - Exporting env vars: AIRFLOW_CTX_DAG_OWNER='airflow' AIRFLOW_CTX_DAG_ID='Binance_5m' AIRFLOW_CTX_TASK_ID='get_5m_info' AIRFLOW_CTX_EXECUTION_DATE='2024-07-25T16:00:00+00:00' AIRFLOW_CTX_TRY_NUMBER='1' AIRFLOW_CTX_DAG_RUN_ID='scheduled__2024-07-25T16:00:00+00:00'
[2024-07-25T14:32:55.837-0300] {taskinstance.py:430} INFO - ::endgroup::
[2024-07-25T14:32:55.847-0300] {binance_dag.py:23} INFO - End Time: 2024-07-25T16:05:00.00Z
[2024-07-25T14:32:55.919-0300] {base.py:84} INFO - Using connection ID 'binance_default' for task execution.
[2024-07-25T14:32:55.919-0300] {logging_mixin.py:188} INFO - https://api.binance.com
[2024-07-25T14:32:55.919-0300] {binance_hook.py:35} INFO - URL: https://api.binance.com/api/v3/klines?symbol=BTCBRL&interval=5m&startTime=1721934000000&endTime=1721934300000
[2024-07-25T14:32:56.308-0300] {binance_dag.py:42} INFO - r: []
[2024-07-25T14:32:56.310-0300] {python.py:237} INFO - Done. Returned value was: None
[2024-07-25T14:32:56.310-0300] {taskinstance.py:441} INFO - ::group::Post task execution logs
[2024-07-25T14:32:56.313-0300] {taskinstance.py:1206} INFO - Marking task as SUCCESS. dag_id=Binance_5m, task_id=get_5m_info, run_id=scheduled__2024-07-25T16:00:00+00:00, execution_date=20240725T160000, start_date=20240725T173255, end_date=20240725T173256
[2024-07-25T14:32:56.370-0300] {local_task_job_runner.py:243} INFO - Task exited with return code 0
[2024-07-25T14:32:56.376-0300] {taskinstance.py:3503} INFO - 0 downstream tasks scheduled from follow-on schedule check
[2024-07-25T14:32:56.376-0300] {local_task_job_runner.py:222} INFO - ::endgroup::
[2024-07-25T14:54:12.227-0300] {local_task_job_runner.py:120} INFO - ::group::Pre task execution logs
[2024-07-25T14:54:12.231-0300] {taskinstance.py:2076} INFO - Dependencies all met for dep_context=non-requeueable deps ti=<TaskInstance: Binance_5m.get_5m_info scheduled__2024-07-25T16:00:00+00:00 [queued]>
[2024-07-25T14:54:12.234-0300] {taskinstance.py:2076} INFO - Dependencies all met for dep_context=requeueable deps ti=<TaskInstance: Binance_5m.get_5m_info scheduled__2024-07-25T16:00:00+00:00 [queued]>
[2024-07-25T14:54:12.234-0300] {taskinstance.py:2306} INFO - Starting attempt 1 of 1
[2024-07-25T14:54:12.247-0300] {taskinstance.py:2330} INFO - Executing <Task(PythonOperator): get_5m_info> on 2024-07-25 16:00:00+00:00
[2024-07-25T14:54:12.249-0300] {standard_task_runner.py:64} INFO - Started process 2613580 to run task
[2024-07-25T14:54:12.251-0300] {standard_task_runner.py:90} INFO - Running: ['airflow', 'tasks', 'run', 'Binance_5m', 'get_5m_info', 'scheduled__2024-07-25T16:00:00+00:00', '--job-id', '2286', '--raw', '--subdir', 'DAGS_FOLDER/binance_dag.py', '--cfg-path', '/tmp/tmpm_ei8ian']
[2024-07-25T14:54:12.251-0300] {standard_task_runner.py:91} INFO - Job 2286: Subtask get_5m_info
[2024-07-25T14:54:12.275-0300] {task_command.py:426} INFO - Running <TaskInstance: Binance_5m.get_5m_info scheduled__2024-07-25T16:00:00+00:00 [running]> on host Galaxybook.
[2024-07-25T14:54:12.328-0300] {taskinstance.py:2648} INFO - Exporting env vars: AIRFLOW_CTX_DAG_OWNER='airflow' AIRFLOW_CTX_DAG_ID='Binance_5m' AIRFLOW_CTX_TASK_ID='get_5m_info' AIRFLOW_CTX_EXECUTION_DATE='2024-07-25T16:00:00+00:00' AIRFLOW_CTX_TRY_NUMBER='1' AIRFLOW_CTX_DAG_RUN_ID='scheduled__2024-07-25T16:00:00+00:00'
[2024-07-25T14:54:12.329-0300] {taskinstance.py:430} INFO - ::endgroup::
[2024-07-25T14:54:12.336-0300] {binance_dag.py:23} INFO - End Time: 2024-07-25T16:05:00.00Z
[2024-07-25T14:54:12.337-0300] {binance_dag.py:24} INFO - Start Time: 2024-07-25T16:00:00.00Z
[2024-07-25T14:54:12.396-0300] {base.py:84} INFO - Using connection ID 'binance_default' for task execution.
[2024-07-25T14:54:12.396-0300] {logging_mixin.py:188} INFO - https://api.binance.com
[2024-07-25T14:54:12.397-0300] {binance_hook.py:35} INFO - URL: https://api.binance.com/api/v3/klines?symbol=BTCBRL&interval=5m&startTime=1721934000000&endTime=1721934299999
[2024-07-25T14:54:12.794-0300] {binance_dag.py:43} INFO - r: []
[2024-07-25T14:54:12.796-0300] {python.py:237} INFO - Done. Returned value was: None
[2024-07-25T14:54:12.796-0300] {taskinstance.py:441} INFO - ::group::Post task execution logs
[2024-07-25T14:54:12.799-0300] {taskinstance.py:1206} INFO - Marking task as SUCCESS. dag_id=Binance_5m, task_id=get_5m_info, run_id=scheduled__2024-07-25T16:00:00+00:00, execution_date=20240725T160000, start_date=20240725T175412, end_date=20240725T175412
[2024-07-25T14:54:12.835-0300] {local_task_job_runner.py:243} INFO - Task exited with return code 0
[2024-07-25T14:54:12.842-0300] {taskinstance.py:3503} INFO - 0 downstream tasks scheduled from follow-on schedule check
[2024-07-25T14:54:12.842-0300] {local_task_job_runner.py:222} INFO - ::endgroup::
[2024-07-25T15:24:02.177-0300] {local_task_job_runner.py:120} INFO - ::group::Pre task execution logs
[2024-07-25T15:24:02.183-0300] {taskinstance.py:2076} INFO - Dependencies all met for dep_context=non-requeueable deps ti=<TaskInstance: Binance_5m.get_5m_info scheduled__2024-07-25T16:00:00+00:00 [queued]>
[2024-07-25T15:24:02.186-0300] {taskinstance.py:2076} INFO - Dependencies all met for dep_context=requeueable deps ti=<TaskInstance: Binance_5m.get_5m_info scheduled__2024-07-25T16:00:00+00:00 [queued]>
[2024-07-25T15:24:02.186-0300] {taskinstance.py:2306} INFO - Starting attempt 1 of 1
[2024-07-25T15:24:02.199-0300] {taskinstance.py:2330} INFO - Executing <Task(PythonOperator): get_5m_info> on 2024-07-25 16:00:00+00:00
[2024-07-25T15:24:02.201-0300] {standard_task_runner.py:64} INFO - Started process 2635719 to run task
[2024-07-25T15:24:02.203-0300] {standard_task_runner.py:90} INFO - Running: ['airflow', 'tasks', 'run', 'Binance_5m', 'get_5m_info', 'scheduled__2024-07-25T16:00:00+00:00', '--job-id', '2727', '--raw', '--subdir', 'DAGS_FOLDER/binance_dag.py', '--cfg-path', '/tmp/tmpm8uzz45j']
[2024-07-25T15:24:02.203-0300] {standard_task_runner.py:91} INFO - Job 2727: Subtask get_5m_info
[2024-07-25T15:24:02.227-0300] {task_command.py:426} INFO - Running <TaskInstance: Binance_5m.get_5m_info scheduled__2024-07-25T16:00:00+00:00 [running]> on host Galaxybook.
[2024-07-25T15:24:02.276-0300] {taskinstance.py:2648} INFO - Exporting env vars: AIRFLOW_CTX_DAG_OWNER='airflow' AIRFLOW_CTX_DAG_ID='Binance_5m' AIRFLOW_CTX_TASK_ID='get_5m_info' AIRFLOW_CTX_EXECUTION_DATE='2024-07-25T16:00:00+00:00' AIRFLOW_CTX_TRY_NUMBER='1' AIRFLOW_CTX_DAG_RUN_ID='scheduled__2024-07-25T16:00:00+00:00'
[2024-07-25T15:24:02.276-0300] {taskinstance.py:430} INFO - ::endgroup::
[2024-07-25T15:24:02.283-0300] {binance_dag.py:23} INFO - End Time: 2024-07-25T16:05:00.00Z
[2024-07-25T15:24:02.283-0300] {binance_dag.py:24} INFO - Start Time: 2024-07-25T16:00:00.00Z
[2024-07-25T15:24:02.335-0300] {binance_dag.py:25} INFO - 1721934000000
[2024-07-25T15:24:02.337-0300] {base.py:84} INFO - Using connection ID 'binance_default' for task execution.
[2024-07-25T15:24:02.337-0300] {logging_mixin.py:188} INFO - https://api.binance.com
[2024-07-25T15:24:02.338-0300] {binance_hook.py:35} INFO - URL: https://api.binance.com/api/v3/klines?symbol=BTCBRL&interval=5m&startTime=1721934000000&endTime=1721934299999
[2024-07-25T15:24:02.728-0300] {python.py:237} INFO - Done. Returned value was: None
[2024-07-25T15:24:02.729-0300] {taskinstance.py:441} INFO - ::group::Post task execution logs
[2024-07-25T15:24:02.733-0300] {taskinstance.py:1206} INFO - Marking task as SUCCESS. dag_id=Binance_5m, task_id=get_5m_info, run_id=scheduled__2024-07-25T16:00:00+00:00, execution_date=20240725T160000, start_date=20240725T182402, end_date=20240725T182402
[2024-07-25T15:24:02.785-0300] {local_task_job_runner.py:243} INFO - Task exited with return code 0
[2024-07-25T15:24:02.790-0300] {taskinstance.py:3503} INFO - 0 downstream tasks scheduled from follow-on schedule check
[2024-07-25T15:24:02.791-0300] {local_task_job_runner.py:222} INFO - ::endgroup::
[2024-07-25T16:22:43.641-0300] {local_task_job_runner.py:120} INFO - ::group::Pre task execution logs
[2024-07-25T16:22:43.647-0300] {taskinstance.py:2076} INFO - Dependencies all met for dep_context=non-requeueable deps ti=<TaskInstance: Binance_5m.get_5m_info scheduled__2024-07-25T16:00:00+00:00 [queued]>
[2024-07-25T16:22:43.653-0300] {taskinstance.py:2076} INFO - Dependencies all met for dep_context=requeueable deps ti=<TaskInstance: Binance_5m.get_5m_info scheduled__2024-07-25T16:00:00+00:00 [queued]>
[2024-07-25T16:22:43.653-0300] {taskinstance.py:2306} INFO - Starting attempt 1 of 1
[2024-07-25T16:22:43.671-0300] {taskinstance.py:2330} INFO - Executing <Task(PythonOperator): get_5m_info> on 2024-07-25 16:00:00+00:00
[2024-07-25T16:22:43.673-0300] {standard_task_runner.py:64} INFO - Started process 2665758 to run task
[2024-07-25T16:22:43.677-0300] {standard_task_runner.py:90} INFO - Running: ['airflow', 'tasks', 'run', 'Binance_5m', 'get_5m_info', 'scheduled__2024-07-25T16:00:00+00:00', '--job-id', '2355', '--raw', '--subdir', 'DAGS_FOLDER/binance_dag.py', '--cfg-path', '/tmp/tmpi_p1wa_h']
[2024-07-25T16:22:43.679-0300] {standard_task_runner.py:91} INFO - Job 2355: Subtask get_5m_info
[2024-07-25T16:22:43.713-0300] {task_command.py:426} INFO - Running <TaskInstance: Binance_5m.get_5m_info scheduled__2024-07-25T16:00:00+00:00 [running]> on host Galaxybook.
[2024-07-25T16:22:43.775-0300] {taskinstance.py:2648} INFO - Exporting env vars: AIRFLOW_CTX_DAG_OWNER='airflow' AIRFLOW_CTX_DAG_ID='Binance_5m' AIRFLOW_CTX_TASK_ID='get_5m_info' AIRFLOW_CTX_EXECUTION_DATE='2024-07-25T16:00:00+00:00' AIRFLOW_CTX_TRY_NUMBER='1' AIRFLOW_CTX_DAG_RUN_ID='scheduled__2024-07-25T16:00:00+00:00'
[2024-07-25T16:22:43.775-0300] {taskinstance.py:430} INFO - ::endgroup::
[2024-07-25T16:22:43.783-0300] {binance_dag.py:22} INFO - End Time: 2024-07-25 16:05:00+00:00
[2024-07-25T16:22:43.783-0300] {binance_dag.py:23} INFO - Start Time: 2024-07-25 16:00:00+00:00
[2024-07-25T16:22:43.783-0300] {binance_dag.py:24} INFO - Start timestamp: 1721923200000
[2024-07-25T16:22:43.784-0300] {binance_dag.py:25} INFO - End timestamp: 1721923500000
[2024-07-25T16:22:43.844-0300] {base.py:84} INFO - Using connection ID 'binance_default' for task execution.
[2024-07-25T16:22:43.844-0300] {logging_mixin.py:188} INFO - https://api.binance.com
[2024-07-25T16:22:43.845-0300] {binance_hook.py:35} INFO - URL: https://api.binance.com/api/v3/klines?symbol=BTCBRL&interval=5m&startTime=1721923200000&endTime=1721923499999&timeZone=-3
[2024-07-25T16:22:44.254-0300] {python.py:237} INFO - Done. Returned value was: None
[2024-07-25T16:22:44.255-0300] {taskinstance.py:441} INFO - ::group::Post task execution logs
[2024-07-25T16:22:44.257-0300] {taskinstance.py:1206} INFO - Marking task as SUCCESS. dag_id=Binance_5m, task_id=get_5m_info, run_id=scheduled__2024-07-25T16:00:00+00:00, execution_date=20240725T160000, start_date=20240725T192243, end_date=20240725T192244
[2024-07-25T16:22:44.299-0300] {local_task_job_runner.py:243} INFO - Task exited with return code 0
[2024-07-25T16:22:44.306-0300] {taskinstance.py:3503} INFO - 0 downstream tasks scheduled from follow-on schedule check
[2024-07-25T16:22:44.307-0300] {local_task_job_runner.py:222} INFO - ::endgroup::
