[2024-07-25T14:27:25.016-0300] {local_task_job_runner.py:120} INFO - ::group::Pre task execution logs
[2024-07-25T14:27:25.022-0300] {taskinstance.py:2076} INFO - Dependencies all met for dep_context=non-requeueable deps ti=<TaskInstance: Binance_5m.get_5m_info scheduled__2024-07-25T12:05:00+00:00 [queued]>
[2024-07-25T14:27:25.025-0300] {taskinstance.py:2076} INFO - Dependencies all met for dep_context=requeueable deps ti=<TaskInstance: Binance_5m.get_5m_info scheduled__2024-07-25T12:05:00+00:00 [queued]>
[2024-07-25T14:27:25.025-0300] {taskinstance.py:2306} INFO - Starting attempt 1 of 1
[2024-07-25T14:27:25.043-0300] {taskinstance.py:2330} INFO - Executing <Task(PythonOperator): get_5m_info> on 2024-07-25 12:05:00+00:00
[2024-07-25T14:27:25.044-0300] {standard_task_runner.py:64} INFO - Started process 2590181 to run task
[2024-07-25T14:27:25.047-0300] {standard_task_runner.py:90} INFO - Running: ['airflow', 'tasks', 'run', 'Binance_5m', 'get_5m_info', 'scheduled__2024-07-25T12:05:00+00:00', '--job-id', '2085', '--raw', '--subdir', 'DAGS_FOLDER/binance_dag.py', '--cfg-path', '/tmp/tmp1lt2dw80']
[2024-07-25T14:27:25.048-0300] {standard_task_runner.py:91} INFO - Job 2085: Subtask get_5m_info
[2024-07-25T14:27:25.076-0300] {task_command.py:426} INFO - Running <TaskInstance: Binance_5m.get_5m_info scheduled__2024-07-25T12:05:00+00:00 [running]> on host Galaxybook.
[2024-07-25T14:27:25.135-0300] {taskinstance.py:2648} INFO - Exporting env vars: AIRFLOW_CTX_DAG_OWNER='airflow' AIRFLOW_CTX_DAG_ID='Binance_5m' AIRFLOW_CTX_TASK_ID='get_5m_info' AIRFLOW_CTX_EXECUTION_DATE='2024-07-25T12:05:00+00:00' AIRFLOW_CTX_TRY_NUMBER='1' AIRFLOW_CTX_DAG_RUN_ID='scheduled__2024-07-25T12:05:00+00:00'
[2024-07-25T14:27:25.135-0300] {taskinstance.py:430} INFO - ::endgroup::
[2024-07-25T14:27:25.144-0300] {binance_dag.py:23} INFO - End Time: 2024-07-25T12:10:00.00Z
[2024-07-25T14:27:25.211-0300] {base.py:84} INFO - Using connection ID 'binance_default' for task execution.
[2024-07-25T14:27:25.211-0300] {logging_mixin.py:188} INFO - https://api.binance.com
[2024-07-25T14:27:25.211-0300] {binance_hook.py:35} INFO - URL: https://api.binance.com/api/v3/klines?symbol=BTCBRL&interval=5m&startTime=1721919900000&endTime=1721920200000
[2024-07-25T14:27:25.605-0300] {python.py:237} INFO - Done. Returned value was: None
[2024-07-25T14:27:25.605-0300] {taskinstance.py:441} INFO - ::group::Post task execution logs
[2024-07-25T14:27:25.607-0300] {taskinstance.py:1206} INFO - Marking task as SUCCESS. dag_id=Binance_5m, task_id=get_5m_info, run_id=scheduled__2024-07-25T12:05:00+00:00, execution_date=20240725T120500, start_date=20240725T172725, end_date=20240725T172725
[2024-07-25T14:27:25.666-0300] {local_task_job_runner.py:243} INFO - Task exited with return code 0
[2024-07-25T14:27:25.672-0300] {taskinstance.py:3503} INFO - 0 downstream tasks scheduled from follow-on schedule check
[2024-07-25T14:27:25.673-0300] {local_task_job_runner.py:222} INFO - ::endgroup::
[2024-07-25T14:31:07.578-0300] {local_task_job_runner.py:120} INFO - ::group::Pre task execution logs
[2024-07-25T14:31:07.584-0300] {taskinstance.py:2076} INFO - Dependencies all met for dep_context=non-requeueable deps ti=<TaskInstance: Binance_5m.get_5m_info scheduled__2024-07-25T12:05:00+00:00 [queued]>
[2024-07-25T14:31:07.588-0300] {taskinstance.py:2076} INFO - Dependencies all met for dep_context=requeueable deps ti=<TaskInstance: Binance_5m.get_5m_info scheduled__2024-07-25T12:05:00+00:00 [queued]>
[2024-07-25T14:31:07.588-0300] {taskinstance.py:2306} INFO - Starting attempt 1 of 1
[2024-07-25T14:31:07.601-0300] {taskinstance.py:2330} INFO - Executing <Task(PythonOperator): get_5m_info> on 2024-07-25 12:05:00+00:00
[2024-07-25T14:31:07.603-0300] {standard_task_runner.py:64} INFO - Started process 2593958 to run task
[2024-07-25T14:31:07.605-0300] {standard_task_runner.py:90} INFO - Running: ['airflow', 'tasks', 'run', 'Binance_5m', 'get_5m_info', 'scheduled__2024-07-25T12:05:00+00:00', '--job-id', '2121', '--raw', '--subdir', 'DAGS_FOLDER/binance_dag.py', '--cfg-path', '/tmp/tmpd0gdfh9n']
[2024-07-25T14:31:07.606-0300] {standard_task_runner.py:91} INFO - Job 2121: Subtask get_5m_info
[2024-07-25T14:31:07.631-0300] {task_command.py:426} INFO - Running <TaskInstance: Binance_5m.get_5m_info scheduled__2024-07-25T12:05:00+00:00 [running]> on host Galaxybook.
[2024-07-25T14:31:07.677-0300] {taskinstance.py:2648} INFO - Exporting env vars: AIRFLOW_CTX_DAG_OWNER='airflow' AIRFLOW_CTX_DAG_ID='Binance_5m' AIRFLOW_CTX_TASK_ID='get_5m_info' AIRFLOW_CTX_EXECUTION_DATE='2024-07-25T12:05:00+00:00' AIRFLOW_CTX_TRY_NUMBER='1' AIRFLOW_CTX_DAG_RUN_ID='scheduled__2024-07-25T12:05:00+00:00'
[2024-07-25T14:31:07.677-0300] {taskinstance.py:430} INFO - ::endgroup::
[2024-07-25T14:31:07.685-0300] {binance_dag.py:23} INFO - End Time: 2024-07-25T12:10:00.00Z
[2024-07-25T14:31:07.739-0300] {base.py:84} INFO - Using connection ID 'binance_default' for task execution.
[2024-07-25T14:31:07.739-0300] {logging_mixin.py:188} INFO - https://api.binance.com
[2024-07-25T14:31:07.740-0300] {binance_hook.py:35} INFO - URL: https://api.binance.com/api/v3/klines?symbol=BTCBRL&interval=5m&startTime=1721919900000&endTime=1721920200000
[2024-07-25T14:31:08.127-0300] {python.py:237} INFO - Done. Returned value was: None
[2024-07-25T14:31:08.127-0300] {taskinstance.py:441} INFO - ::group::Post task execution logs
[2024-07-25T14:31:08.129-0300] {taskinstance.py:1206} INFO - Marking task as SUCCESS. dag_id=Binance_5m, task_id=get_5m_info, run_id=scheduled__2024-07-25T12:05:00+00:00, execution_date=20240725T120500, start_date=20240725T173107, end_date=20240725T173108
[2024-07-25T14:31:08.148-0300] {local_task_job_runner.py:243} INFO - Task exited with return code 0
[2024-07-25T14:31:08.154-0300] {taskinstance.py:3503} INFO - 0 downstream tasks scheduled from follow-on schedule check
[2024-07-25T14:31:08.154-0300] {local_task_job_runner.py:222} INFO - ::endgroup::
[2024-07-25T14:35:35.662-0300] {local_task_job_runner.py:120} INFO - ::group::Pre task execution logs
[2024-07-25T14:35:35.669-0300] {taskinstance.py:2076} INFO - Dependencies all met for dep_context=non-requeueable deps ti=<TaskInstance: Binance_5m.get_5m_info scheduled__2024-07-25T12:05:00+00:00 [queued]>
[2024-07-25T14:35:35.674-0300] {taskinstance.py:2076} INFO - Dependencies all met for dep_context=requeueable deps ti=<TaskInstance: Binance_5m.get_5m_info scheduled__2024-07-25T12:05:00+00:00 [queued]>
[2024-07-25T14:35:35.674-0300] {taskinstance.py:2306} INFO - Starting attempt 1 of 1
[2024-07-25T14:35:35.689-0300] {taskinstance.py:2330} INFO - Executing <Task(PythonOperator): get_5m_info> on 2024-07-25 12:05:00+00:00
[2024-07-25T14:35:35.691-0300] {standard_task_runner.py:64} INFO - Started process 2597981 to run task
[2024-07-25T14:35:35.694-0300] {standard_task_runner.py:90} INFO - Running: ['airflow', 'tasks', 'run', 'Binance_5m', 'get_5m_info', 'scheduled__2024-07-25T12:05:00+00:00', '--job-id', '2083', '--raw', '--subdir', 'DAGS_FOLDER/binance_dag.py', '--cfg-path', '/tmp/tmpyg0dgckx']
[2024-07-25T14:35:35.695-0300] {standard_task_runner.py:91} INFO - Job 2083: Subtask get_5m_info
[2024-07-25T14:35:35.739-0300] {task_command.py:426} INFO - Running <TaskInstance: Binance_5m.get_5m_info scheduled__2024-07-25T12:05:00+00:00 [running]> on host Galaxybook.
[2024-07-25T14:35:35.795-0300] {taskinstance.py:2648} INFO - Exporting env vars: AIRFLOW_CTX_DAG_OWNER='airflow' AIRFLOW_CTX_DAG_ID='Binance_5m' AIRFLOW_CTX_TASK_ID='get_5m_info' AIRFLOW_CTX_EXECUTION_DATE='2024-07-25T12:05:00+00:00' AIRFLOW_CTX_TRY_NUMBER='1' AIRFLOW_CTX_DAG_RUN_ID='scheduled__2024-07-25T12:05:00+00:00'
[2024-07-25T14:35:35.796-0300] {taskinstance.py:430} INFO - ::endgroup::
[2024-07-25T14:35:35.804-0300] {binance_dag.py:23} INFO - End Time: 2024-07-25T12:10:00.00Z
[2024-07-25T14:35:35.869-0300] {base.py:84} INFO - Using connection ID 'binance_default' for task execution.
[2024-07-25T14:35:35.869-0300] {logging_mixin.py:188} INFO - https://api.binance.com
[2024-07-25T14:35:35.870-0300] {binance_hook.py:35} INFO - URL: https://api.binance.com/api/v3/klines?symbol=BTCBRL&interval=5m&startTime=1721919900000&endTime=1721920200000
[2024-07-25T14:35:36.260-0300] {binance_dag.py:42} INFO - r: [[1721919900000, '367365.00000000', '367365.00000000', '366580.00000000', '367029.00000000', '0.44577000', 1721920199999, '163567.68195000', 100, '0.23060000', '84631.32051000', '0'], [1721920200000, '367086.00000000', '368661.00000000', '366962.00000000', '368185.00000000', '1.29432000', 1721920499999, '476122.95931000', 180, '0.65796000', '242148.41222000', '0']]
[2024-07-25T14:35:36.261-0300] {python.py:237} INFO - Done. Returned value was: None
[2024-07-25T14:35:36.262-0300] {taskinstance.py:441} INFO - ::group::Post task execution logs
[2024-07-25T14:35:36.265-0300] {taskinstance.py:1206} INFO - Marking task as SUCCESS. dag_id=Binance_5m, task_id=get_5m_info, run_id=scheduled__2024-07-25T12:05:00+00:00, execution_date=20240725T120500, start_date=20240725T173535, end_date=20240725T173536
[2024-07-25T14:35:36.318-0300] {local_task_job_runner.py:243} INFO - Task exited with return code 0
[2024-07-25T14:35:36.325-0300] {taskinstance.py:3503} INFO - 0 downstream tasks scheduled from follow-on schedule check
[2024-07-25T14:35:36.326-0300] {local_task_job_runner.py:222} INFO - ::endgroup::
[2024-07-25T14:36:25.828-0300] {local_task_job_runner.py:120} INFO - ::group::Pre task execution logs
[2024-07-25T14:36:25.834-0300] {taskinstance.py:2076} INFO - Dependencies all met for dep_context=non-requeueable deps ti=<TaskInstance: Binance_5m.get_5m_info scheduled__2024-07-25T12:05:00+00:00 [queued]>
[2024-07-25T14:36:25.838-0300] {taskinstance.py:2076} INFO - Dependencies all met for dep_context=requeueable deps ti=<TaskInstance: Binance_5m.get_5m_info scheduled__2024-07-25T12:05:00+00:00 [queued]>
[2024-07-25T14:36:25.838-0300] {taskinstance.py:2306} INFO - Starting attempt 1 of 1
[2024-07-25T14:36:25.852-0300] {taskinstance.py:2330} INFO - Executing <Task(PythonOperator): get_5m_info> on 2024-07-25 12:05:00+00:00
[2024-07-25T14:36:25.854-0300] {standard_task_runner.py:64} INFO - Started process 2598825 to run task
[2024-07-25T14:36:25.856-0300] {standard_task_runner.py:90} INFO - Running: ['airflow', 'tasks', 'run', 'Binance_5m', 'get_5m_info', 'scheduled__2024-07-25T12:05:00+00:00', '--job-id', '2083', '--raw', '--subdir', 'DAGS_FOLDER/binance_dag.py', '--cfg-path', '/tmp/tmpbniyr0i8']
[2024-07-25T14:36:25.857-0300] {standard_task_runner.py:91} INFO - Job 2083: Subtask get_5m_info
[2024-07-25T14:36:25.886-0300] {task_command.py:426} INFO - Running <TaskInstance: Binance_5m.get_5m_info scheduled__2024-07-25T12:05:00+00:00 [running]> on host Galaxybook.
[2024-07-25T14:36:25.945-0300] {taskinstance.py:2648} INFO - Exporting env vars: AIRFLOW_CTX_DAG_OWNER='airflow' AIRFLOW_CTX_DAG_ID='Binance_5m' AIRFLOW_CTX_TASK_ID='get_5m_info' AIRFLOW_CTX_EXECUTION_DATE='2024-07-25T12:05:00+00:00' AIRFLOW_CTX_TRY_NUMBER='1' AIRFLOW_CTX_DAG_RUN_ID='scheduled__2024-07-25T12:05:00+00:00'
[2024-07-25T14:36:25.946-0300] {taskinstance.py:430} INFO - ::endgroup::
[2024-07-25T14:36:25.954-0300] {binance_dag.py:23} INFO - End Time: 2024-07-25T12:10:00.00Z
[2024-07-25T14:36:26.026-0300] {base.py:84} INFO - Using connection ID 'binance_default' for task execution.
[2024-07-25T14:36:26.026-0300] {logging_mixin.py:188} INFO - https://api.binance.com
[2024-07-25T14:36:26.027-0300] {binance_hook.py:35} INFO - URL: https://api.binance.com/api/v3/klines?symbol=BTCBRL&interval=5m&startTime=1721919900000&endTime=1721920200000
[2024-07-25T14:36:26.429-0300] {binance_dag.py:42} INFO - r: [[1721919900000, '367365.00000000', '367365.00000000', '366580.00000000', '367029.00000000', '0.44577000', 1721920199999, '163567.68195000', 100, '0.23060000', '84631.32051000', '0'], [1721920200000, '367086.00000000', '368661.00000000', '366962.00000000', '368185.00000000', '1.29432000', 1721920499999, '476122.95931000', 180, '0.65796000', '242148.41222000', '0']]
[2024-07-25T14:36:26.431-0300] {python.py:237} INFO - Done. Returned value was: None
[2024-07-25T14:36:26.432-0300] {taskinstance.py:441} INFO - ::group::Post task execution logs
[2024-07-25T14:36:26.435-0300] {taskinstance.py:1206} INFO - Marking task as SUCCESS. dag_id=Binance_5m, task_id=get_5m_info, run_id=scheduled__2024-07-25T12:05:00+00:00, execution_date=20240725T120500, start_date=20240725T173625, end_date=20240725T173626
[2024-07-25T14:36:26.478-0300] {local_task_job_runner.py:243} INFO - Task exited with return code 0
[2024-07-25T14:36:26.486-0300] {taskinstance.py:3503} INFO - 0 downstream tasks scheduled from follow-on schedule check
[2024-07-25T14:36:26.486-0300] {local_task_job_runner.py:222} INFO - ::endgroup::
[2024-07-25T14:52:23.349-0300] {local_task_job_runner.py:120} INFO - ::group::Pre task execution logs
[2024-07-25T14:52:23.354-0300] {taskinstance.py:2076} INFO - Dependencies all met for dep_context=non-requeueable deps ti=<TaskInstance: Binance_5m.get_5m_info scheduled__2024-07-25T12:05:00+00:00 [queued]>
[2024-07-25T14:52:23.357-0300] {taskinstance.py:2076} INFO - Dependencies all met for dep_context=requeueable deps ti=<TaskInstance: Binance_5m.get_5m_info scheduled__2024-07-25T12:05:00+00:00 [queued]>
[2024-07-25T14:52:23.358-0300] {taskinstance.py:2306} INFO - Starting attempt 1 of 1
[2024-07-25T14:52:23.376-0300] {taskinstance.py:2330} INFO - Executing <Task(PythonOperator): get_5m_info> on 2024-07-25 12:05:00+00:00
[2024-07-25T14:52:23.379-0300] {standard_task_runner.py:64} INFO - Started process 2611767 to run task
[2024-07-25T14:52:23.381-0300] {standard_task_runner.py:90} INFO - Running: ['airflow', 'tasks', 'run', 'Binance_5m', 'get_5m_info', 'scheduled__2024-07-25T12:05:00+00:00', '--job-id', '2237', '--raw', '--subdir', 'DAGS_FOLDER/binance_dag.py', '--cfg-path', '/tmp/tmpy4yw5ssi']
[2024-07-25T14:52:23.383-0300] {standard_task_runner.py:91} INFO - Job 2237: Subtask get_5m_info
[2024-07-25T14:52:23.410-0300] {task_command.py:426} INFO - Running <TaskInstance: Binance_5m.get_5m_info scheduled__2024-07-25T12:05:00+00:00 [running]> on host Galaxybook.
[2024-07-25T14:52:23.464-0300] {taskinstance.py:2648} INFO - Exporting env vars: AIRFLOW_CTX_DAG_OWNER='airflow' AIRFLOW_CTX_DAG_ID='Binance_5m' AIRFLOW_CTX_TASK_ID='get_5m_info' AIRFLOW_CTX_EXECUTION_DATE='2024-07-25T12:05:00+00:00' AIRFLOW_CTX_TRY_NUMBER='1' AIRFLOW_CTX_DAG_RUN_ID='scheduled__2024-07-25T12:05:00+00:00'
[2024-07-25T14:52:23.465-0300] {taskinstance.py:430} INFO - ::endgroup::
[2024-07-25T14:52:23.475-0300] {binance_dag.py:23} INFO - End Time: 2024-07-25T12:10:00.00Z
[2024-07-25T14:52:23.475-0300] {binance_dag.py:24} INFO - Start Time: 2024-07-25T12:05:00.00Z
[2024-07-25T14:52:23.534-0300] {base.py:84} INFO - Using connection ID 'binance_default' for task execution.
[2024-07-25T14:52:23.534-0300] {logging_mixin.py:188} INFO - https://api.binance.com
[2024-07-25T14:52:23.535-0300] {binance_hook.py:35} INFO - URL: https://api.binance.com/api/v3/klines?symbol=BTCBRL&interval=5m&startTime=1721919900000&endTime=1721920199999
[2024-07-25T14:52:23.924-0300] {binance_dag.py:43} INFO - r: [[1721919900000, '367365.00000000', '367365.00000000', '366580.00000000', '367029.00000000', '0.44577000', 1721920199999, '163567.68195000', 100, '0.23060000', '84631.32051000', '0']]
[2024-07-25T14:52:23.926-0300] {python.py:237} INFO - Done. Returned value was: None
[2024-07-25T14:52:23.927-0300] {taskinstance.py:441} INFO - ::group::Post task execution logs
[2024-07-25T14:52:23.930-0300] {taskinstance.py:1206} INFO - Marking task as SUCCESS. dag_id=Binance_5m, task_id=get_5m_info, run_id=scheduled__2024-07-25T12:05:00+00:00, execution_date=20240725T120500, start_date=20240725T175223, end_date=20240725T175223
[2024-07-25T14:52:23.962-0300] {local_task_job_runner.py:243} INFO - Task exited with return code 0
[2024-07-25T14:52:23.969-0300] {taskinstance.py:3503} INFO - 0 downstream tasks scheduled from follow-on schedule check
[2024-07-25T14:52:23.969-0300] {local_task_job_runner.py:222} INFO - ::endgroup::
[2024-07-25T15:22:18.085-0300] {local_task_job_runner.py:120} INFO - ::group::Pre task execution logs
[2024-07-25T15:22:18.093-0300] {taskinstance.py:2076} INFO - Dependencies all met for dep_context=non-requeueable deps ti=<TaskInstance: Binance_5m.get_5m_info scheduled__2024-07-25T12:05:00+00:00 [queued]>
[2024-07-25T15:22:18.097-0300] {taskinstance.py:2076} INFO - Dependencies all met for dep_context=requeueable deps ti=<TaskInstance: Binance_5m.get_5m_info scheduled__2024-07-25T12:05:00+00:00 [queued]>
[2024-07-25T15:22:18.097-0300] {taskinstance.py:2306} INFO - Starting attempt 1 of 1
[2024-07-25T15:22:18.117-0300] {taskinstance.py:2330} INFO - Executing <Task(PythonOperator): get_5m_info> on 2024-07-25 12:05:00+00:00
[2024-07-25T15:22:18.120-0300] {standard_task_runner.py:64} INFO - Started process 2634008 to run task
[2024-07-25T15:22:18.123-0300] {standard_task_runner.py:90} INFO - Running: ['airflow', 'tasks', 'run', 'Binance_5m', 'get_5m_info', 'scheduled__2024-07-25T12:05:00+00:00', '--job-id', '2680', '--raw', '--subdir', 'DAGS_FOLDER/binance_dag.py', '--cfg-path', '/tmp/tmpsspdbx06']
[2024-07-25T15:22:18.125-0300] {standard_task_runner.py:91} INFO - Job 2680: Subtask get_5m_info
[2024-07-25T15:22:18.154-0300] {task_command.py:426} INFO - Running <TaskInstance: Binance_5m.get_5m_info scheduled__2024-07-25T12:05:00+00:00 [running]> on host Galaxybook.
[2024-07-25T15:22:18.211-0300] {taskinstance.py:2648} INFO - Exporting env vars: AIRFLOW_CTX_DAG_OWNER='airflow' AIRFLOW_CTX_DAG_ID='Binance_5m' AIRFLOW_CTX_TASK_ID='get_5m_info' AIRFLOW_CTX_EXECUTION_DATE='2024-07-25T12:05:00+00:00' AIRFLOW_CTX_TRY_NUMBER='1' AIRFLOW_CTX_DAG_RUN_ID='scheduled__2024-07-25T12:05:00+00:00'
[2024-07-25T15:22:18.211-0300] {taskinstance.py:430} INFO - ::endgroup::
[2024-07-25T15:22:18.220-0300] {binance_dag.py:23} INFO - End Time: 2024-07-25T12:10:00.00Z
[2024-07-25T15:22:18.220-0300] {binance_dag.py:24} INFO - Start Time: 2024-07-25T12:05:00.00Z
[2024-07-25T15:22:18.272-0300] {binance_dag.py:25} INFO - 1721919900000
[2024-07-25T15:22:18.274-0300] {base.py:84} INFO - Using connection ID 'binance_default' for task execution.
[2024-07-25T15:22:18.274-0300] {logging_mixin.py:188} INFO - https://api.binance.com
[2024-07-25T15:22:18.275-0300] {binance_hook.py:35} INFO - URL: https://api.binance.com/api/v3/klines?symbol=BTCBRL&interval=5m&startTime=1721919900000&endTime=1721920199999
[2024-07-25T15:22:18.676-0300] {python.py:237} INFO - Done. Returned value was: None
[2024-07-25T15:22:18.677-0300] {taskinstance.py:441} INFO - ::group::Post task execution logs
[2024-07-25T15:22:18.680-0300] {taskinstance.py:1206} INFO - Marking task as SUCCESS. dag_id=Binance_5m, task_id=get_5m_info, run_id=scheduled__2024-07-25T12:05:00+00:00, execution_date=20240725T120500, start_date=20240725T182218, end_date=20240725T182218
[2024-07-25T15:22:18.707-0300] {local_task_job_runner.py:243} INFO - Task exited with return code 0
[2024-07-25T15:22:18.713-0300] {taskinstance.py:3503} INFO - 0 downstream tasks scheduled from follow-on schedule check
[2024-07-25T15:22:18.714-0300] {local_task_job_runner.py:222} INFO - ::endgroup::
[2024-07-25T16:19:56.882-0300] {local_task_job_runner.py:120} INFO - ::group::Pre task execution logs
[2024-07-25T16:19:56.891-0300] {taskinstance.py:2076} INFO - Dependencies all met for dep_context=non-requeueable deps ti=<TaskInstance: Binance_5m.get_5m_info scheduled__2024-07-25T12:05:00+00:00 [queued]>
[2024-07-25T16:19:56.896-0300] {taskinstance.py:2076} INFO - Dependencies all met for dep_context=requeueable deps ti=<TaskInstance: Binance_5m.get_5m_info scheduled__2024-07-25T12:05:00+00:00 [queued]>
[2024-07-25T16:19:56.896-0300] {taskinstance.py:2306} INFO - Starting attempt 1 of 1
[2024-07-25T16:19:56.916-0300] {taskinstance.py:2330} INFO - Executing <Task(PythonOperator): get_5m_info> on 2024-07-25 12:05:00+00:00
[2024-07-25T16:19:56.918-0300] {standard_task_runner.py:64} INFO - Started process 2662942 to run task
[2024-07-25T16:19:56.921-0300] {standard_task_runner.py:90} INFO - Running: ['airflow', 'tasks', 'run', 'Binance_5m', 'get_5m_info', 'scheduled__2024-07-25T12:05:00+00:00', '--job-id', '2272', '--raw', '--subdir', 'DAGS_FOLDER/binance_dag.py', '--cfg-path', '/tmp/tmpnc4igz88']
[2024-07-25T16:19:56.922-0300] {standard_task_runner.py:91} INFO - Job 2272: Subtask get_5m_info
[2024-07-25T16:19:56.970-0300] {task_command.py:426} INFO - Running <TaskInstance: Binance_5m.get_5m_info scheduled__2024-07-25T12:05:00+00:00 [running]> on host Galaxybook.
[2024-07-25T16:19:57.060-0300] {taskinstance.py:2648} INFO - Exporting env vars: AIRFLOW_CTX_DAG_OWNER='airflow' AIRFLOW_CTX_DAG_ID='Binance_5m' AIRFLOW_CTX_TASK_ID='get_5m_info' AIRFLOW_CTX_EXECUTION_DATE='2024-07-25T12:05:00+00:00' AIRFLOW_CTX_TRY_NUMBER='1' AIRFLOW_CTX_DAG_RUN_ID='scheduled__2024-07-25T12:05:00+00:00'
[2024-07-25T16:19:57.061-0300] {taskinstance.py:430} INFO - ::endgroup::
[2024-07-25T16:19:57.071-0300] {binance_dag.py:22} INFO - End Time: 2024-07-25 12:10:00+00:00
[2024-07-25T16:19:57.071-0300] {binance_dag.py:23} INFO - Start Time: 2024-07-25 12:05:00+00:00
[2024-07-25T16:19:57.072-0300] {binance_dag.py:24} INFO - Start timestamp: 1721909100000
[2024-07-25T16:19:57.072-0300] {binance_dag.py:25} INFO - End timestamp: 1721909400000
[2024-07-25T16:19:57.175-0300] {base.py:84} INFO - Using connection ID 'binance_default' for task execution.
[2024-07-25T16:19:57.175-0300] {logging_mixin.py:188} INFO - https://api.binance.com
[2024-07-25T16:19:57.176-0300] {binance_hook.py:35} INFO - URL: https://api.binance.com/api/v3/klines?symbol=BTCBRL&interval=5m&startTime=1721909100000&endTime=1721909399999&timeZone=-3
[2024-07-25T16:19:57.613-0300] {python.py:237} INFO - Done. Returned value was: None
[2024-07-25T16:19:57.614-0300] {taskinstance.py:441} INFO - ::group::Post task execution logs
[2024-07-25T16:19:57.617-0300] {taskinstance.py:1206} INFO - Marking task as SUCCESS. dag_id=Binance_5m, task_id=get_5m_info, run_id=scheduled__2024-07-25T12:05:00+00:00, execution_date=20240725T120500, start_date=20240725T191956, end_date=20240725T191957
[2024-07-25T16:19:57.659-0300] {local_task_job_runner.py:243} INFO - Task exited with return code 0
[2024-07-25T16:19:57.668-0300] {taskinstance.py:3503} INFO - 0 downstream tasks scheduled from follow-on schedule check
[2024-07-25T16:19:57.669-0300] {local_task_job_runner.py:222} INFO - ::endgroup::
