[2024-07-25T14:50:14.812-0300] {local_task_job_runner.py:120} INFO - ::group::Pre task execution logs
[2024-07-25T14:50:14.817-0300] {taskinstance.py:2076} INFO - Dependencies all met for dep_context=non-requeueable deps ti=<TaskInstance: Binance_5m.get_5m_info scheduled__2024-07-25T07:30:00+00:00 [queued]>
[2024-07-25T14:50:14.820-0300] {taskinstance.py:2076} INFO - Dependencies all met for dep_context=requeueable deps ti=<TaskInstance: Binance_5m.get_5m_info scheduled__2024-07-25T07:30:00+00:00 [queued]>
[2024-07-25T14:50:14.820-0300] {taskinstance.py:2306} INFO - Starting attempt 1 of 1
[2024-07-25T14:50:14.833-0300] {taskinstance.py:2330} INFO - Executing <Task(PythonOperator): get_5m_info> on 2024-07-25 07:30:00+00:00
[2024-07-25T14:50:14.835-0300] {standard_task_runner.py:64} INFO - Started process 2609625 to run task
[2024-07-25T14:50:14.836-0300] {standard_task_runner.py:90} INFO - Running: ['airflow', 'tasks', 'run', 'Binance_5m', 'get_5m_info', 'scheduled__2024-07-25T07:30:00+00:00', '--job-id', '2182', '--raw', '--subdir', 'DAGS_FOLDER/binance_dag.py', '--cfg-path', '/tmp/tmpnh8mpgrt']
[2024-07-25T14:50:14.837-0300] {standard_task_runner.py:91} INFO - Job 2182: Subtask get_5m_info
[2024-07-25T14:50:14.867-0300] {task_command.py:426} INFO - Running <TaskInstance: Binance_5m.get_5m_info scheduled__2024-07-25T07:30:00+00:00 [running]> on host Galaxybook.
[2024-07-25T14:50:14.920-0300] {taskinstance.py:2648} INFO - Exporting env vars: AIRFLOW_CTX_DAG_OWNER='airflow' AIRFLOW_CTX_DAG_ID='Binance_5m' AIRFLOW_CTX_TASK_ID='get_5m_info' AIRFLOW_CTX_EXECUTION_DATE='2024-07-25T07:30:00+00:00' AIRFLOW_CTX_TRY_NUMBER='1' AIRFLOW_CTX_DAG_RUN_ID='scheduled__2024-07-25T07:30:00+00:00'
[2024-07-25T14:50:14.921-0300] {taskinstance.py:430} INFO - ::endgroup::
[2024-07-25T14:50:14.932-0300] {binance_dag.py:23} INFO - End Time: 2024-07-25T07:35:00.00Z
[2024-07-25T14:50:14.932-0300] {binance_dag.py:24} INFO - Start Time: 2024-07-25T07:30:00.00Z
[2024-07-25T14:50:14.992-0300] {base.py:84} INFO - Using connection ID 'binance_default' for task execution.
[2024-07-25T14:50:14.992-0300] {logging_mixin.py:188} INFO - https://api.binance.com
[2024-07-25T14:50:14.993-0300] {binance_hook.py:35} INFO - URL: https://api.binance.com/api/v3/klines?symbol=BTCBRL&interval=5m&startTime=1721903400000&endTime=1721903699999
[2024-07-25T14:50:15.394-0300] {binance_dag.py:43} INFO - r: [[1721903400000, '364991.00000000', '365223.00000000', '364961.00000000', '365202.00000000', '0.11376000', 1721903699999, '41538.12804000', 43, '0.07884000', '28790.17701000', '0']]
[2024-07-25T14:50:15.395-0300] {python.py:237} INFO - Done. Returned value was: None
[2024-07-25T14:50:15.395-0300] {taskinstance.py:441} INFO - ::group::Post task execution logs
[2024-07-25T14:50:15.398-0300] {taskinstance.py:1206} INFO - Marking task as SUCCESS. dag_id=Binance_5m, task_id=get_5m_info, run_id=scheduled__2024-07-25T07:30:00+00:00, execution_date=20240725T073000, start_date=20240725T175014, end_date=20240725T175015
[2024-07-25T14:50:15.425-0300] {local_task_job_runner.py:243} INFO - Task exited with return code 0
[2024-07-25T14:50:15.431-0300] {taskinstance.py:3503} INFO - 0 downstream tasks scheduled from follow-on schedule check
[2024-07-25T14:50:15.431-0300] {local_task_job_runner.py:222} INFO - ::endgroup::
[2024-07-25T15:20:17.506-0300] {local_task_job_runner.py:120} INFO - ::group::Pre task execution logs
[2024-07-25T15:20:17.512-0300] {taskinstance.py:2076} INFO - Dependencies all met for dep_context=non-requeueable deps ti=<TaskInstance: Binance_5m.get_5m_info scheduled__2024-07-25T07:30:00+00:00 [queued]>
[2024-07-25T15:20:17.515-0300] {taskinstance.py:2076} INFO - Dependencies all met for dep_context=requeueable deps ti=<TaskInstance: Binance_5m.get_5m_info scheduled__2024-07-25T07:30:00+00:00 [queued]>
[2024-07-25T15:20:17.515-0300] {taskinstance.py:2306} INFO - Starting attempt 1 of 1
[2024-07-25T15:20:17.528-0300] {taskinstance.py:2330} INFO - Executing <Task(PythonOperator): get_5m_info> on 2024-07-25 07:30:00+00:00
[2024-07-25T15:20:17.530-0300] {standard_task_runner.py:64} INFO - Started process 2632037 to run task
[2024-07-25T15:20:17.532-0300] {standard_task_runner.py:90} INFO - Running: ['airflow', 'tasks', 'run', 'Binance_5m', 'get_5m_info', 'scheduled__2024-07-25T07:30:00+00:00', '--job-id', '2625', '--raw', '--subdir', 'DAGS_FOLDER/binance_dag.py', '--cfg-path', '/tmp/tmpgmakhs8w']
[2024-07-25T15:20:17.533-0300] {standard_task_runner.py:91} INFO - Job 2625: Subtask get_5m_info
[2024-07-25T15:20:17.564-0300] {task_command.py:426} INFO - Running <TaskInstance: Binance_5m.get_5m_info scheduled__2024-07-25T07:30:00+00:00 [running]> on host Galaxybook.
[2024-07-25T15:20:17.623-0300] {taskinstance.py:2648} INFO - Exporting env vars: AIRFLOW_CTX_DAG_OWNER='airflow' AIRFLOW_CTX_DAG_ID='Binance_5m' AIRFLOW_CTX_TASK_ID='get_5m_info' AIRFLOW_CTX_EXECUTION_DATE='2024-07-25T07:30:00+00:00' AIRFLOW_CTX_TRY_NUMBER='1' AIRFLOW_CTX_DAG_RUN_ID='scheduled__2024-07-25T07:30:00+00:00'
[2024-07-25T15:20:17.623-0300] {taskinstance.py:430} INFO - ::endgroup::
[2024-07-25T15:20:17.631-0300] {binance_dag.py:23} INFO - End Time: 2024-07-25T07:35:00.00Z
[2024-07-25T15:20:17.632-0300] {binance_dag.py:24} INFO - Start Time: 2024-07-25T07:30:00.00Z
[2024-07-25T15:20:17.700-0300] {binance_dag.py:25} INFO - 1721903400000
[2024-07-25T15:20:17.703-0300] {base.py:84} INFO - Using connection ID 'binance_default' for task execution.
[2024-07-25T15:20:17.703-0300] {logging_mixin.py:188} INFO - https://api.binance.com
[2024-07-25T15:20:17.703-0300] {binance_hook.py:35} INFO - URL: https://api.binance.com/api/v3/klines?symbol=BTCBRL&interval=5m&startTime=1721903400000&endTime=1721903699999
[2024-07-25T15:20:18.105-0300] {python.py:237} INFO - Done. Returned value was: None
[2024-07-25T15:20:18.106-0300] {taskinstance.py:441} INFO - ::group::Post task execution logs
[2024-07-25T15:20:18.108-0300] {taskinstance.py:1206} INFO - Marking task as SUCCESS. dag_id=Binance_5m, task_id=get_5m_info, run_id=scheduled__2024-07-25T07:30:00+00:00, execution_date=20240725T073000, start_date=20240725T182017, end_date=20240725T182018
[2024-07-25T15:20:18.151-0300] {local_task_job_runner.py:243} INFO - Task exited with return code 0
[2024-07-25T15:20:18.157-0300] {taskinstance.py:3503} INFO - 0 downstream tasks scheduled from follow-on schedule check
[2024-07-25T15:20:18.158-0300] {local_task_job_runner.py:222} INFO - ::endgroup::
[2024-07-25T16:16:50.805-0300] {local_task_job_runner.py:120} INFO - ::group::Pre task execution logs
[2024-07-25T16:16:50.812-0300] {taskinstance.py:2076} INFO - Dependencies all met for dep_context=non-requeueable deps ti=<TaskInstance: Binance_5m.get_5m_info scheduled__2024-07-25T07:30:00+00:00 [queued]>
[2024-07-25T16:16:50.816-0300] {taskinstance.py:2076} INFO - Dependencies all met for dep_context=requeueable deps ti=<TaskInstance: Binance_5m.get_5m_info scheduled__2024-07-25T07:30:00+00:00 [queued]>
[2024-07-25T16:16:50.816-0300] {taskinstance.py:2306} INFO - Starting attempt 1 of 1
[2024-07-25T16:16:50.832-0300] {taskinstance.py:2330} INFO - Executing <Task(PythonOperator): get_5m_info> on 2024-07-25 07:30:00+00:00
[2024-07-25T16:16:50.834-0300] {standard_task_runner.py:64} INFO - Started process 2659798 to run task
[2024-07-25T16:16:50.836-0300] {standard_task_runner.py:90} INFO - Running: ['airflow', 'tasks', 'run', 'Binance_5m', 'get_5m_info', 'scheduled__2024-07-25T07:30:00+00:00', '--job-id', '2185', '--raw', '--subdir', 'DAGS_FOLDER/binance_dag.py', '--cfg-path', '/tmp/tmpt7d7py4j']
[2024-07-25T16:16:50.837-0300] {standard_task_runner.py:91} INFO - Job 2185: Subtask get_5m_info
[2024-07-25T16:16:50.865-0300] {task_command.py:426} INFO - Running <TaskInstance: Binance_5m.get_5m_info scheduled__2024-07-25T07:30:00+00:00 [running]> on host Galaxybook.
[2024-07-25T16:16:50.928-0300] {taskinstance.py:2648} INFO - Exporting env vars: AIRFLOW_CTX_DAG_OWNER='airflow' AIRFLOW_CTX_DAG_ID='Binance_5m' AIRFLOW_CTX_TASK_ID='get_5m_info' AIRFLOW_CTX_EXECUTION_DATE='2024-07-25T07:30:00+00:00' AIRFLOW_CTX_TRY_NUMBER='1' AIRFLOW_CTX_DAG_RUN_ID='scheduled__2024-07-25T07:30:00+00:00'
[2024-07-25T16:16:50.928-0300] {taskinstance.py:430} INFO - ::endgroup::
[2024-07-25T16:16:50.938-0300] {binance_dag.py:22} INFO - End Time: 2024-07-25 07:35:00+00:00
[2024-07-25T16:16:50.938-0300] {binance_dag.py:23} INFO - Start Time: 2024-07-25 07:30:00+00:00
[2024-07-25T16:16:50.938-0300] {binance_dag.py:24} INFO - Start timestamp: 1721892600000
[2024-07-25T16:16:50.938-0300] {binance_dag.py:25} INFO - End timestamp: 1721892900000
[2024-07-25T16:16:51.012-0300] {base.py:84} INFO - Using connection ID 'binance_default' for task execution.
[2024-07-25T16:16:51.013-0300] {logging_mixin.py:188} INFO - https://api.binance.com
[2024-07-25T16:16:51.013-0300] {binance_hook.py:35} INFO - URL: https://api.binance.com/api/v3/klines?symbol=BTCBRL&interval=5m&startTime=1721892600000&endTime=1721892899999&timeZone=-3
[2024-07-25T16:16:51.488-0300] {python.py:237} INFO - Done. Returned value was: None
[2024-07-25T16:16:51.489-0300] {taskinstance.py:441} INFO - ::group::Post task execution logs
[2024-07-25T16:16:51.493-0300] {taskinstance.py:1206} INFO - Marking task as SUCCESS. dag_id=Binance_5m, task_id=get_5m_info, run_id=scheduled__2024-07-25T07:30:00+00:00, execution_date=20240725T073000, start_date=20240725T191650, end_date=20240725T191651
[2024-07-25T16:16:51.541-0300] {local_task_job_runner.py:243} INFO - Task exited with return code 0
[2024-07-25T16:16:51.550-0300] {taskinstance.py:3503} INFO - 0 downstream tasks scheduled from follow-on schedule check
[2024-07-25T16:16:51.551-0300] {local_task_job_runner.py:222} INFO - ::endgroup::
