[2024-07-25T12:35:01.787-0300] {local_task_job_runner.py:120} INFO - ::group::Pre task execution logs
[2024-07-25T12:35:01.792-0300] {taskinstance.py:2076} INFO - Dependencies all met for dep_context=non-requeueable deps ti=<TaskInstance: Mercado_5m.get_5m_info scheduled__2024-07-25T15:30:00+00:00 [queued]>
[2024-07-25T12:35:01.795-0300] {taskinstance.py:2076} INFO - Dependencies all met for dep_context=requeueable deps ti=<TaskInstance: Mercado_5m.get_5m_info scheduled__2024-07-25T15:30:00+00:00 [queued]>
[2024-07-25T12:35:01.795-0300] {taskinstance.py:2306} INFO - Starting attempt 1 of 1
[2024-07-25T12:35:01.808-0300] {taskinstance.py:2330} INFO - Executing <Task(PythonOperator): get_5m_info> on 2024-07-25 15:30:00+00:00
[2024-07-25T12:35:01.809-0300] {standard_task_runner.py:64} INFO - Started process 2535762 to run task
[2024-07-25T12:35:01.811-0300] {standard_task_runner.py:90} INFO - Running: ['airflow', 'tasks', 'run', 'Mercado_5m', 'get_5m_info', 'scheduled__2024-07-25T15:30:00+00:00', '--job-id', '2060', '--raw', '--subdir', 'DAGS_FOLDER/mercado_dag.py', '--cfg-path', '/tmp/tmp0i8344ex']
[2024-07-25T12:35:01.813-0300] {standard_task_runner.py:91} INFO - Job 2060: Subtask get_5m_info
[2024-07-25T12:35:01.839-0300] {task_command.py:426} INFO - Running <TaskInstance: Mercado_5m.get_5m_info scheduled__2024-07-25T15:30:00+00:00 [running]> on host Galaxybook.
[2024-07-25T12:35:01.885-0300] {taskinstance.py:2648} INFO - Exporting env vars: AIRFLOW_CTX_DAG_OWNER='airflow' AIRFLOW_CTX_DAG_ID='Mercado_5m' AIRFLOW_CTX_TASK_ID='get_5m_info' AIRFLOW_CTX_EXECUTION_DATE='2024-07-25T15:30:00+00:00' AIRFLOW_CTX_TRY_NUMBER='1' AIRFLOW_CTX_DAG_RUN_ID='scheduled__2024-07-25T15:30:00+00:00'
[2024-07-25T12:35:01.886-0300] {taskinstance.py:430} INFO - ::endgroup::
[2024-07-25T12:35:01.893-0300] {taskinstance.py:441} INFO - ::group::Post task execution logs
[2024-07-25T12:35:01.893-0300] {taskinstance.py:2905} ERROR - Task failed with exception
Traceback (most recent call last):
  File "/home/hugoviana/Documentos/data_pipeline_airflow/.venv/lib/python3.12/site-packages/airflow/models/taskinstance.py", line 465, in _execute_task
    result = _execute_callable(context=context, **execute_callable_kwargs)
             ^^^^^^^^^^^^^^^^^^^^^^^^^^^^^^^^^^^^^^^^^^^^^^^^^^^^^^^^^^^^^
  File "/home/hugoviana/Documentos/data_pipeline_airflow/.venv/lib/python3.12/site-packages/airflow/models/taskinstance.py", line 432, in _execute_callable
    return execute_callable(context=context, **execute_callable_kwargs)
           ^^^^^^^^^^^^^^^^^^^^^^^^^^^^^^^^^^^^^^^^^^^^^^^^^^^^^^^^^^^^
  File "/home/hugoviana/Documentos/data_pipeline_airflow/.venv/lib/python3.12/site-packages/airflow/models/baseoperator.py", line 401, in wrapper
    return func(self, *args, **kwargs)
           ^^^^^^^^^^^^^^^^^^^^^^^^^^^
  File "/home/hugoviana/Documentos/data_pipeline_airflow/.venv/lib/python3.12/site-packages/airflow/operators/python.py", line 235, in execute
    return_value = self.execute_callable()
                   ^^^^^^^^^^^^^^^^^^^^^^^
  File "/home/hugoviana/Documentos/data_pipeline_airflow/.venv/lib/python3.12/site-packages/airflow/operators/python.py", line 252, in execute_callable
    return self.python_callable(*self.op_args, **self.op_kwargs)
           ^^^^^^^^^^^^^^^^^^^^^^^^^^^^^^^^^^^^^^^^^^^^^^^^^^^^^
  File "/home/hugoviana/Projetos/crypto-etl/airflow_pipeline/dags/mercado_dag.py", line 25, in execute
    to_time=to_timestamp(data_interval_end),
            ^^^^^^^^^^^^^^^^^^^^^^^^^^^^^^^
  File "/home/hugoviana/Projetos/crypto-etl/airflow_pipeline/dags/mercado_dag.py", line 15, in to_timestamp
    timestamp = int(datetime.timestamp(dt))
                    ^^^^^^^^^^^^^^^^^^^^^^
TypeError: descriptor 'timestamp' for 'datetime.datetime' objects doesn't apply to a 'str' object
[2024-07-25T12:35:01.954-0300] {taskinstance.py:1206} INFO - Marking task as FAILED. dag_id=Mercado_5m, task_id=get_5m_info, run_id=scheduled__2024-07-25T15:30:00+00:00, execution_date=20240725T153000, start_date=20240725T153501, end_date=20240725T153501
[2024-07-25T12:35:01.967-0300] {standard_task_runner.py:110} ERROR - Failed to execute job 2060 for task get_5m_info (descriptor 'timestamp' for 'datetime.datetime' objects doesn't apply to a 'str' object; 2535762)
[2024-07-25T12:35:01.985-0300] {local_task_job_runner.py:243} INFO - Task exited with return code 1
[2024-07-25T12:35:01.991-0300] {taskinstance.py:3503} INFO - 0 downstream tasks scheduled from follow-on schedule check
[2024-07-25T12:35:01.992-0300] {local_task_job_runner.py:222} INFO - ::endgroup::
[2024-07-25T15:01:30.894-0300] {local_task_job_runner.py:120} INFO - ::group::Pre task execution logs
[2024-07-25T15:01:30.900-0300] {taskinstance.py:2076} INFO - Dependencies all met for dep_context=non-requeueable deps ti=<TaskInstance: Mercado_5m.get_5m_info scheduled__2024-07-25T15:30:00+00:00 [queued]>
[2024-07-25T15:01:30.903-0300] {taskinstance.py:2076} INFO - Dependencies all met for dep_context=requeueable deps ti=<TaskInstance: Mercado_5m.get_5m_info scheduled__2024-07-25T15:30:00+00:00 [queued]>
[2024-07-25T15:01:30.903-0300] {taskinstance.py:2306} INFO - Starting attempt 1 of 1
[2024-07-25T15:01:30.917-0300] {taskinstance.py:2330} INFO - Executing <Task(PythonOperator): get_5m_info> on 2024-07-25 15:30:00+00:00
[2024-07-25T15:01:30.919-0300] {standard_task_runner.py:64} INFO - Started process 2620951 to run task
[2024-07-25T15:01:30.921-0300] {standard_task_runner.py:90} INFO - Running: ['airflow', 'tasks', 'run', 'Mercado_5m', 'get_5m_info', 'scheduled__2024-07-25T15:30:00+00:00', '--job-id', '2498', '--raw', '--subdir', 'DAGS_FOLDER/mercado_dag.py', '--cfg-path', '/tmp/tmpjaejo8kh']
[2024-07-25T15:01:30.922-0300] {standard_task_runner.py:91} INFO - Job 2498: Subtask get_5m_info
[2024-07-25T15:01:30.949-0300] {task_command.py:426} INFO - Running <TaskInstance: Mercado_5m.get_5m_info scheduled__2024-07-25T15:30:00+00:00 [running]> on host Galaxybook.
[2024-07-25T15:01:31.010-0300] {taskinstance.py:2648} INFO - Exporting env vars: AIRFLOW_CTX_DAG_OWNER='airflow' AIRFLOW_CTX_DAG_ID='Mercado_5m' AIRFLOW_CTX_TASK_ID='get_5m_info' AIRFLOW_CTX_EXECUTION_DATE='2024-07-25T15:30:00+00:00' AIRFLOW_CTX_TRY_NUMBER='1' AIRFLOW_CTX_DAG_RUN_ID='scheduled__2024-07-25T15:30:00+00:00'
[2024-07-25T15:01:31.011-0300] {taskinstance.py:430} INFO - ::endgroup::
[2024-07-25T15:01:31.083-0300] {base.py:84} INFO - Using connection ID 'mercado_default' for task execution.
[2024-07-25T15:01:31.083-0300] {mercado_hook.py:31} INFO - URL: https://api.mercadobitcoin.net/api/v4/candles?symbol=BTC-BRL&resolution=5m&to=1721932500&from=1721932200
[2024-07-25T15:01:31.373-0300] {python.py:237} INFO - Done. Returned value was: None
[2024-07-25T15:01:31.374-0300] {taskinstance.py:441} INFO - ::group::Post task execution logs
[2024-07-25T15:01:31.376-0300] {taskinstance.py:1206} INFO - Marking task as SUCCESS. dag_id=Mercado_5m, task_id=get_5m_info, run_id=scheduled__2024-07-25T15:30:00+00:00, execution_date=20240725T153000, start_date=20240725T180130, end_date=20240725T180131
[2024-07-25T15:01:31.424-0300] {local_task_job_runner.py:243} INFO - Task exited with return code 0
[2024-07-25T15:01:31.430-0300] {taskinstance.py:3503} INFO - 0 downstream tasks scheduled from follow-on schedule check
[2024-07-25T15:01:31.431-0300] {local_task_job_runner.py:222} INFO - ::endgroup::
