[2024-07-25T14:49:47.364-0300] {local_task_job_runner.py:120} INFO - ::group::Pre task execution logs
[2024-07-25T14:49:47.369-0300] {taskinstance.py:2076} INFO - Dependencies all met for dep_context=non-requeueable deps ti=<TaskInstance: Binance_5m.get_5m_info scheduled__2024-07-25T06:30:00+00:00 [queued]>
[2024-07-25T14:49:47.373-0300] {taskinstance.py:2076} INFO - Dependencies all met for dep_context=requeueable deps ti=<TaskInstance: Binance_5m.get_5m_info scheduled__2024-07-25T06:30:00+00:00 [queued]>
[2024-07-25T14:49:47.374-0300] {taskinstance.py:2306} INFO - Starting attempt 1 of 1
[2024-07-25T14:49:47.388-0300] {taskinstance.py:2330} INFO - Executing <Task(PythonOperator): get_5m_info> on 2024-07-25 06:30:00+00:00
[2024-07-25T14:49:47.390-0300] {standard_task_runner.py:64} INFO - Started process 2609171 to run task
[2024-07-25T14:49:47.391-0300] {standard_task_runner.py:90} INFO - Running: ['airflow', 'tasks', 'run', 'Binance_5m', 'get_5m_info', 'scheduled__2024-07-25T06:30:00+00:00', '--job-id', '2170', '--raw', '--subdir', 'DAGS_FOLDER/binance_dag.py', '--cfg-path', '/tmp/tmpdmo4m6cr']
[2024-07-25T14:49:47.392-0300] {standard_task_runner.py:91} INFO - Job 2170: Subtask get_5m_info
[2024-07-25T14:49:47.416-0300] {task_command.py:426} INFO - Running <TaskInstance: Binance_5m.get_5m_info scheduled__2024-07-25T06:30:00+00:00 [running]> on host Galaxybook.
[2024-07-25T14:49:47.468-0300] {taskinstance.py:2648} INFO - Exporting env vars: AIRFLOW_CTX_DAG_OWNER='airflow' AIRFLOW_CTX_DAG_ID='Binance_5m' AIRFLOW_CTX_TASK_ID='get_5m_info' AIRFLOW_CTX_EXECUTION_DATE='2024-07-25T06:30:00+00:00' AIRFLOW_CTX_TRY_NUMBER='1' AIRFLOW_CTX_DAG_RUN_ID='scheduled__2024-07-25T06:30:00+00:00'
[2024-07-25T14:49:47.468-0300] {taskinstance.py:430} INFO - ::endgroup::
[2024-07-25T14:49:47.475-0300] {binance_dag.py:23} INFO - End Time: 2024-07-25T06:35:00.00Z
[2024-07-25T14:49:47.476-0300] {binance_dag.py:24} INFO - Start Time: 2024-07-25T06:30:00.00Z
[2024-07-25T14:49:47.543-0300] {base.py:84} INFO - Using connection ID 'binance_default' for task execution.
[2024-07-25T14:49:47.543-0300] {logging_mixin.py:188} INFO - https://api.binance.com
[2024-07-25T14:49:47.544-0300] {binance_hook.py:35} INFO - URL: https://api.binance.com/api/v3/klines?symbol=BTCBRL&interval=5m&startTime=1721899800000&endTime=1721900099999
[2024-07-25T14:49:47.937-0300] {binance_dag.py:43} INFO - r: [[1721899800000, '366902.00000000', '366999.00000000', '366510.00000000', '366532.00000000', '0.04909000', 1721900099999, '18009.50454000', 20, '0.01185000', '4346.71620000', '0']]
[2024-07-25T14:49:47.938-0300] {python.py:237} INFO - Done. Returned value was: None
[2024-07-25T14:49:47.938-0300] {taskinstance.py:441} INFO - ::group::Post task execution logs
[2024-07-25T14:49:47.941-0300] {taskinstance.py:1206} INFO - Marking task as SUCCESS. dag_id=Binance_5m, task_id=get_5m_info, run_id=scheduled__2024-07-25T06:30:00+00:00, execution_date=20240725T063000, start_date=20240725T174947, end_date=20240725T174947
[2024-07-25T14:49:47.969-0300] {local_task_job_runner.py:243} INFO - Task exited with return code 0
[2024-07-25T14:49:47.978-0300] {taskinstance.py:3503} INFO - 0 downstream tasks scheduled from follow-on schedule check
[2024-07-25T14:49:47.978-0300] {local_task_job_runner.py:222} INFO - ::endgroup::
[2024-07-25T15:19:46.983-0300] {local_task_job_runner.py:120} INFO - ::group::Pre task execution logs
[2024-07-25T15:19:46.988-0300] {taskinstance.py:2076} INFO - Dependencies all met for dep_context=non-requeueable deps ti=<TaskInstance: Binance_5m.get_5m_info scheduled__2024-07-25T06:30:00+00:00 [queued]>
[2024-07-25T15:19:46.991-0300] {taskinstance.py:2076} INFO - Dependencies all met for dep_context=requeueable deps ti=<TaskInstance: Binance_5m.get_5m_info scheduled__2024-07-25T06:30:00+00:00 [queued]>
[2024-07-25T15:19:46.991-0300] {taskinstance.py:2306} INFO - Starting attempt 1 of 1
[2024-07-25T15:19:47.002-0300] {taskinstance.py:2330} INFO - Executing <Task(PythonOperator): get_5m_info> on 2024-07-25 06:30:00+00:00
[2024-07-25T15:19:47.004-0300] {standard_task_runner.py:64} INFO - Started process 2631512 to run task
[2024-07-25T15:19:47.006-0300] {standard_task_runner.py:90} INFO - Running: ['airflow', 'tasks', 'run', 'Binance_5m', 'get_5m_info', 'scheduled__2024-07-25T06:30:00+00:00', '--job-id', '2613', '--raw', '--subdir', 'DAGS_FOLDER/binance_dag.py', '--cfg-path', '/tmp/tmpm5r4trt9']
[2024-07-25T15:19:47.007-0300] {standard_task_runner.py:91} INFO - Job 2613: Subtask get_5m_info
[2024-07-25T15:19:47.043-0300] {task_command.py:426} INFO - Running <TaskInstance: Binance_5m.get_5m_info scheduled__2024-07-25T06:30:00+00:00 [running]> on host Galaxybook.
[2024-07-25T15:19:47.097-0300] {taskinstance.py:2648} INFO - Exporting env vars: AIRFLOW_CTX_DAG_OWNER='airflow' AIRFLOW_CTX_DAG_ID='Binance_5m' AIRFLOW_CTX_TASK_ID='get_5m_info' AIRFLOW_CTX_EXECUTION_DATE='2024-07-25T06:30:00+00:00' AIRFLOW_CTX_TRY_NUMBER='1' AIRFLOW_CTX_DAG_RUN_ID='scheduled__2024-07-25T06:30:00+00:00'
[2024-07-25T15:19:47.098-0300] {taskinstance.py:430} INFO - ::endgroup::
[2024-07-25T15:19:47.105-0300] {binance_dag.py:23} INFO - End Time: 2024-07-25T06:35:00.00Z
[2024-07-25T15:19:47.105-0300] {binance_dag.py:24} INFO - Start Time: 2024-07-25T06:30:00.00Z
[2024-07-25T15:19:47.169-0300] {binance_dag.py:25} INFO - 1721899800000
[2024-07-25T15:19:47.172-0300] {base.py:84} INFO - Using connection ID 'binance_default' for task execution.
[2024-07-25T15:19:47.172-0300] {logging_mixin.py:188} INFO - https://api.binance.com
[2024-07-25T15:19:47.173-0300] {binance_hook.py:35} INFO - URL: https://api.binance.com/api/v3/klines?symbol=BTCBRL&interval=5m&startTime=1721899800000&endTime=1721900099999
[2024-07-25T15:19:51.957-0300] {python.py:237} INFO - Done. Returned value was: None
[2024-07-25T15:19:51.958-0300] {taskinstance.py:441} INFO - ::group::Post task execution logs
[2024-07-25T15:19:51.961-0300] {taskinstance.py:1206} INFO - Marking task as SUCCESS. dag_id=Binance_5m, task_id=get_5m_info, run_id=scheduled__2024-07-25T06:30:00+00:00, execution_date=20240725T063000, start_date=20240725T181946, end_date=20240725T181951
[2024-07-25T15:19:52.013-0300] {local_task_job_runner.py:243} INFO - Task exited with return code 0
[2024-07-25T15:19:52.021-0300] {taskinstance.py:3503} INFO - 0 downstream tasks scheduled from follow-on schedule check
[2024-07-25T15:19:52.021-0300] {local_task_job_runner.py:222} INFO - ::endgroup::
[2024-07-25T16:16:23.360-0300] {local_task_job_runner.py:120} INFO - ::group::Pre task execution logs
[2024-07-25T16:16:23.368-0300] {taskinstance.py:2076} INFO - Dependencies all met for dep_context=non-requeueable deps ti=<TaskInstance: Binance_5m.get_5m_info scheduled__2024-07-25T06:30:00+00:00 [queued]>
[2024-07-25T16:16:23.371-0300] {taskinstance.py:2076} INFO - Dependencies all met for dep_context=requeueable deps ti=<TaskInstance: Binance_5m.get_5m_info scheduled__2024-07-25T06:30:00+00:00 [queued]>
[2024-07-25T16:16:23.371-0300] {taskinstance.py:2306} INFO - Starting attempt 1 of 1
[2024-07-25T16:16:23.387-0300] {taskinstance.py:2330} INFO - Executing <Task(PythonOperator): get_5m_info> on 2024-07-25 06:30:00+00:00
[2024-07-25T16:16:23.389-0300] {standard_task_runner.py:64} INFO - Started process 2659350 to run task
[2024-07-25T16:16:23.391-0300] {standard_task_runner.py:90} INFO - Running: ['airflow', 'tasks', 'run', 'Binance_5m', 'get_5m_info', 'scheduled__2024-07-25T06:30:00+00:00', '--job-id', '2173', '--raw', '--subdir', 'DAGS_FOLDER/binance_dag.py', '--cfg-path', '/tmp/tmpl0xcfoka']
[2024-07-25T16:16:23.393-0300] {standard_task_runner.py:91} INFO - Job 2173: Subtask get_5m_info
[2024-07-25T16:16:23.422-0300] {task_command.py:426} INFO - Running <TaskInstance: Binance_5m.get_5m_info scheduled__2024-07-25T06:30:00+00:00 [running]> on host Galaxybook.
[2024-07-25T16:16:23.483-0300] {taskinstance.py:2648} INFO - Exporting env vars: AIRFLOW_CTX_DAG_OWNER='airflow' AIRFLOW_CTX_DAG_ID='Binance_5m' AIRFLOW_CTX_TASK_ID='get_5m_info' AIRFLOW_CTX_EXECUTION_DATE='2024-07-25T06:30:00+00:00' AIRFLOW_CTX_TRY_NUMBER='1' AIRFLOW_CTX_DAG_RUN_ID='scheduled__2024-07-25T06:30:00+00:00'
[2024-07-25T16:16:23.484-0300] {taskinstance.py:430} INFO - ::endgroup::
[2024-07-25T16:16:23.492-0300] {binance_dag.py:22} INFO - End Time: 2024-07-25 06:35:00+00:00
[2024-07-25T16:16:23.492-0300] {binance_dag.py:23} INFO - Start Time: 2024-07-25 06:30:00+00:00
[2024-07-25T16:16:23.493-0300] {binance_dag.py:24} INFO - Start timestamp: 1721889000000
[2024-07-25T16:16:23.493-0300] {binance_dag.py:25} INFO - End timestamp: 1721889300000
[2024-07-25T16:16:23.568-0300] {base.py:84} INFO - Using connection ID 'binance_default' for task execution.
[2024-07-25T16:16:23.568-0300] {logging_mixin.py:188} INFO - https://api.binance.com
[2024-07-25T16:16:23.569-0300] {binance_hook.py:35} INFO - URL: https://api.binance.com/api/v3/klines?symbol=BTCBRL&interval=5m&startTime=1721889000000&endTime=1721889299999&timeZone=-3
[2024-07-25T16:16:23.963-0300] {python.py:237} INFO - Done. Returned value was: None
[2024-07-25T16:16:23.964-0300] {taskinstance.py:441} INFO - ::group::Post task execution logs
[2024-07-25T16:16:23.966-0300] {taskinstance.py:1206} INFO - Marking task as SUCCESS. dag_id=Binance_5m, task_id=get_5m_info, run_id=scheduled__2024-07-25T06:30:00+00:00, execution_date=20240725T063000, start_date=20240725T191623, end_date=20240725T191623
[2024-07-25T16:16:24.016-0300] {local_task_job_runner.py:243} INFO - Task exited with return code 0
[2024-07-25T16:16:24.024-0300] {taskinstance.py:3503} INFO - 0 downstream tasks scheduled from follow-on schedule check
[2024-07-25T16:16:24.024-0300] {local_task_job_runner.py:222} INFO - ::endgroup::
