[2024-07-25T09:59:41.643-0300] {local_task_job_runner.py:120} INFO - ::group::Pre task execution logs
[2024-07-25T09:59:41.647-0300] {taskinstance.py:2076} INFO - Dependencies all met for dep_context=non-requeueable deps ti=<TaskInstance: Mercado_1m.get_1m_info scheduled__2024-07-25T11:37:00+00:00 [queued]>
[2024-07-25T09:59:41.650-0300] {taskinstance.py:2076} INFO - Dependencies all met for dep_context=requeueable deps ti=<TaskInstance: Mercado_1m.get_1m_info scheduled__2024-07-25T11:37:00+00:00 [queued]>
[2024-07-25T09:59:41.650-0300] {taskinstance.py:2306} INFO - Starting attempt 1 of 1
[2024-07-25T09:59:41.666-0300] {taskinstance.py:2330} INFO - Executing <Task(PythonOperator): get_1m_info> on 2024-07-25 11:37:00+00:00
[2024-07-25T09:59:41.668-0300] {standard_task_runner.py:64} INFO - Started process 2444781 to run task
[2024-07-25T09:59:41.670-0300] {standard_task_runner.py:90} INFO - Running: ['airflow', 'tasks', 'run', 'Mercado_1m', 'get_1m_info', 'scheduled__2024-07-25T11:37:00+00:00', '--job-id', '1934', '--raw', '--subdir', 'DAGS_FOLDER/mercado_dag.py', '--cfg-path', '/tmp/tmpak8xiqrw']
[2024-07-25T09:59:41.672-0300] {standard_task_runner.py:91} INFO - Job 1934: Subtask get_1m_info
[2024-07-25T09:59:41.698-0300] {task_command.py:426} INFO - Running <TaskInstance: Mercado_1m.get_1m_info scheduled__2024-07-25T11:37:00+00:00 [running]> on host Galaxybook.
[2024-07-25T09:59:41.750-0300] {taskinstance.py:2648} INFO - Exporting env vars: AIRFLOW_CTX_DAG_OWNER='airflow' AIRFLOW_CTX_DAG_ID='Mercado_1m' AIRFLOW_CTX_TASK_ID='get_1m_info' AIRFLOW_CTX_EXECUTION_DATE='2024-07-25T11:37:00+00:00' AIRFLOW_CTX_TRY_NUMBER='1' AIRFLOW_CTX_DAG_RUN_ID='scheduled__2024-07-25T11:37:00+00:00'
[2024-07-25T09:59:41.750-0300] {taskinstance.py:430} INFO - ::endgroup::
[2024-07-25T09:59:41.809-0300] {base.py:84} INFO - Using connection ID 'mercado_default' for task execution.
[2024-07-25T09:59:41.809-0300] {mercado_hook.py:26} INFO - BASE URL: https://api.mercadobitcoin.net/api/v4
[2024-07-25T09:59:41.810-0300] {mercado_hook.py:32} INFO - URL: https://api.mercadobitcoin.net/api/v4/candles?symbol=BTC-BRL&resolution=1m&to=1721912321757&from=1721912381757
[2024-07-25T09:59:42.092-0300] {python.py:237} INFO - Done. Returned value was: None
[2024-07-25T09:59:42.092-0300] {taskinstance.py:441} INFO - ::group::Post task execution logs
[2024-07-25T09:59:42.094-0300] {taskinstance.py:1206} INFO - Marking task as SUCCESS. dag_id=Mercado_1m, task_id=get_1m_info, run_id=scheduled__2024-07-25T11:37:00+00:00, execution_date=20240725T113700, start_date=20240725T125941, end_date=20240725T125942
[2024-07-25T09:59:42.130-0300] {local_task_job_runner.py:243} INFO - Task exited with return code 0
[2024-07-25T09:59:42.139-0300] {taskinstance.py:3503} INFO - 0 downstream tasks scheduled from follow-on schedule check
[2024-07-25T09:59:42.139-0300] {local_task_job_runner.py:222} INFO - ::endgroup::
[2024-07-25T10:59:19.791-0300] {local_task_job_runner.py:120} INFO - ::group::Pre task execution logs
[2024-07-25T10:59:19.802-0300] {taskinstance.py:2076} INFO - Dependencies all met for dep_context=non-requeueable deps ti=<TaskInstance: Mercado_1m.get_1m_info scheduled__2024-07-25T11:37:00+00:00 [queued]>
[2024-07-25T10:59:19.807-0300] {taskinstance.py:2076} INFO - Dependencies all met for dep_context=requeueable deps ti=<TaskInstance: Mercado_1m.get_1m_info scheduled__2024-07-25T11:37:00+00:00 [queued]>
[2024-07-25T10:59:19.807-0300] {taskinstance.py:2306} INFO - Starting attempt 1 of 1
[2024-07-25T10:59:19.824-0300] {taskinstance.py:2330} INFO - Executing <Task(PythonOperator): get_1m_info> on 2024-07-25 11:37:00+00:00
[2024-07-25T10:59:19.826-0300] {standard_task_runner.py:64} INFO - Started process 2481051 to run task
[2024-07-25T10:59:19.828-0300] {standard_task_runner.py:90} INFO - Running: ['airflow', 'tasks', 'run', 'Mercado_1m', 'get_1m_info', 'scheduled__2024-07-25T11:37:00+00:00', '--job-id', '1872', '--raw', '--subdir', 'DAGS_FOLDER/mercado_dag.py', '--cfg-path', '/tmp/tmp1lzjrp5d']
[2024-07-25T10:59:19.829-0300] {standard_task_runner.py:91} INFO - Job 1872: Subtask get_1m_info
[2024-07-25T10:59:19.854-0300] {task_command.py:426} INFO - Running <TaskInstance: Mercado_1m.get_1m_info scheduled__2024-07-25T11:37:00+00:00 [running]> on host Galaxybook.
[2024-07-25T10:59:19.917-0300] {taskinstance.py:2648} INFO - Exporting env vars: AIRFLOW_CTX_DAG_OWNER='airflow' AIRFLOW_CTX_DAG_ID='Mercado_1m' AIRFLOW_CTX_TASK_ID='get_1m_info' AIRFLOW_CTX_EXECUTION_DATE='2024-07-25T11:37:00+00:00' AIRFLOW_CTX_TRY_NUMBER='1' AIRFLOW_CTX_DAG_RUN_ID='scheduled__2024-07-25T11:37:00+00:00'
[2024-07-25T10:59:19.917-0300] {taskinstance.py:430} INFO - ::endgroup::
[2024-07-25T10:59:20.010-0300] {base.py:84} INFO - Using connection ID 'mercado_default' for task execution.
[2024-07-25T10:59:20.011-0300] {mercado_hook.py:31} INFO - URL: https://api.mercadobitcoin.net/api/v4/candles?symbol=BTC-BRL&resolution=1m&to=1721915959932&countback=1
[2024-07-25T10:59:20.295-0300] {python.py:237} INFO - Done. Returned value was: None
[2024-07-25T10:59:20.295-0300] {taskinstance.py:441} INFO - ::group::Post task execution logs
[2024-07-25T10:59:20.297-0300] {taskinstance.py:1206} INFO - Marking task as SUCCESS. dag_id=Mercado_1m, task_id=get_1m_info, run_id=scheduled__2024-07-25T11:37:00+00:00, execution_date=20240725T113700, start_date=20240725T135919, end_date=20240725T135920
[2024-07-25T10:59:20.327-0300] {local_task_job_runner.py:243} INFO - Task exited with return code 0
[2024-07-25T10:59:20.335-0300] {taskinstance.py:3503} INFO - 0 downstream tasks scheduled from follow-on schedule check
[2024-07-25T10:59:20.336-0300] {local_task_job_runner.py:222} INFO - ::endgroup::
