[2024-07-25T17:21:51.799-0300] {local_task_job_runner.py:120} INFO - ::group::Pre task execution logs
[2024-07-25T17:21:51.806-0300] {taskinstance.py:2076} INFO - Dependencies all met for dep_context=non-requeueable deps ti=<TaskInstance: Mercado_1m.get_5m_info scheduled__2024-07-25T12:03:00+00:00 [queued]>
[2024-07-25T17:21:51.809-0300] {taskinstance.py:2076} INFO - Dependencies all met for dep_context=requeueable deps ti=<TaskInstance: Mercado_1m.get_5m_info scheduled__2024-07-25T12:03:00+00:00 [queued]>
[2024-07-25T17:21:51.810-0300] {taskinstance.py:2306} INFO - Starting attempt 1 of 1
[2024-07-25T17:21:51.824-0300] {taskinstance.py:2330} INFO - Executing <Task(PythonOperator): get_5m_info> on 2024-07-25 12:03:00+00:00
[2024-07-25T17:21:51.826-0300] {standard_task_runner.py:64} INFO - Started process 2692712 to run task
[2024-07-25T17:21:51.829-0300] {standard_task_runner.py:90} INFO - Running: ['airflow', 'tasks', 'run', 'Mercado_1m', 'get_5m_info', 'scheduled__2024-07-25T12:03:00+00:00', '--job-id', '2478', '--raw', '--subdir', 'DAGS_FOLDER/mercado_dag.py', '--cfg-path', '/tmp/tmphpcueknh']
[2024-07-25T17:21:51.830-0300] {standard_task_runner.py:91} INFO - Job 2478: Subtask get_5m_info
[2024-07-25T17:21:51.855-0300] {task_command.py:426} INFO - Running <TaskInstance: Mercado_1m.get_5m_info scheduled__2024-07-25T12:03:00+00:00 [running]> on host Galaxybook.
[2024-07-25T17:21:51.902-0300] {taskinstance.py:2648} INFO - Exporting env vars: AIRFLOW_CTX_DAG_OWNER='airflow' AIRFLOW_CTX_DAG_ID='Mercado_1m' AIRFLOW_CTX_TASK_ID='get_5m_info' AIRFLOW_CTX_EXECUTION_DATE='2024-07-25T12:03:00+00:00' AIRFLOW_CTX_TRY_NUMBER='1' AIRFLOW_CTX_DAG_RUN_ID='scheduled__2024-07-25T12:03:00+00:00'
[2024-07-25T17:21:51.902-0300] {taskinstance.py:430} INFO - ::endgroup::
[2024-07-25T17:21:51.909-0300] {mercado_dag.py:21} INFO - To: 2024-07-25 12:04:00+00:00
[2024-07-25T17:21:51.910-0300] {mercado_dag.py:22} INFO - From: 2024-07-25 12:03:00+00:00
[2024-07-25T17:21:51.910-0300] {mercado_dag.py:23} INFO - To timestamp: 1721909040 
[2024-07-25T17:21:51.910-0300] {mercado_dag.py:24} INFO - From timestamp: 1721908980 
[2024-07-25T17:21:51.969-0300] {base.py:84} INFO - Using connection ID 'mercado_default' for task execution.
[2024-07-25T17:21:51.969-0300] {mercado_hook.py:31} INFO - URL: https://api.mercadobitcoin.net/api/v4/candles?symbol=BTC-BRL&resolution=1m&to=1721909040&from=1721908980
[2024-07-25T17:21:52.255-0300] {python.py:237} INFO - Done. Returned value was: None
[2024-07-25T17:21:52.256-0300] {taskinstance.py:441} INFO - ::group::Post task execution logs
[2024-07-25T17:21:52.260-0300] {taskinstance.py:1206} INFO - Marking task as SUCCESS. dag_id=Mercado_1m, task_id=get_5m_info, run_id=scheduled__2024-07-25T12:03:00+00:00, execution_date=20240725T120300, start_date=20240725T202151, end_date=20240725T202152
[2024-07-25T17:21:52.289-0300] {local_task_job_runner.py:243} INFO - Task exited with return code 0
[2024-07-25T17:21:52.295-0300] {taskinstance.py:3503} INFO - 0 downstream tasks scheduled from follow-on schedule check
[2024-07-25T17:21:52.295-0300] {local_task_job_runner.py:222} INFO - ::endgroup::
