[2024-07-25T14:27:57.788-0300] {local_task_job_runner.py:120} INFO - ::group::Pre task execution logs
[2024-07-25T14:27:57.794-0300] {taskinstance.py:2076} INFO - Dependencies all met for dep_context=non-requeueable deps ti=<TaskInstance: Mercado_5m.get_5m_info scheduled__2024-07-25T12:50:00+00:00 [queued]>
[2024-07-25T14:27:57.797-0300] {taskinstance.py:2076} INFO - Dependencies all met for dep_context=requeueable deps ti=<TaskInstance: Mercado_5m.get_5m_info scheduled__2024-07-25T12:50:00+00:00 [queued]>
[2024-07-25T14:27:57.798-0300] {taskinstance.py:2306} INFO - Starting attempt 1 of 1
[2024-07-25T14:27:57.812-0300] {taskinstance.py:2330} INFO - Executing <Task(PythonOperator): get_5m_info> on 2024-07-25 12:50:00+00:00
[2024-07-25T14:27:57.814-0300] {standard_task_runner.py:64} INFO - Started process 2590710 to run task
[2024-07-25T14:27:57.816-0300] {standard_task_runner.py:90} INFO - Running: ['airflow', 'tasks', 'run', 'Mercado_5m', 'get_5m_info', 'scheduled__2024-07-25T12:50:00+00:00', '--job-id', '2103', '--raw', '--subdir', 'DAGS_FOLDER/mercado_dag.py', '--cfg-path', '/tmp/tmpxsuh_cy8']
[2024-07-25T14:27:57.817-0300] {standard_task_runner.py:91} INFO - Job 2103: Subtask get_5m_info
[2024-07-25T14:27:57.854-0300] {task_command.py:426} INFO - Running <TaskInstance: Mercado_5m.get_5m_info scheduled__2024-07-25T12:50:00+00:00 [running]> on host Galaxybook.
[2024-07-25T14:27:57.923-0300] {taskinstance.py:2648} INFO - Exporting env vars: AIRFLOW_CTX_DAG_OWNER='airflow' AIRFLOW_CTX_DAG_ID='Mercado_5m' AIRFLOW_CTX_TASK_ID='get_5m_info' AIRFLOW_CTX_EXECUTION_DATE='2024-07-25T12:50:00+00:00' AIRFLOW_CTX_TRY_NUMBER='1' AIRFLOW_CTX_DAG_RUN_ID='scheduled__2024-07-25T12:50:00+00:00'
[2024-07-25T14:27:57.924-0300] {taskinstance.py:430} INFO - ::endgroup::
[2024-07-25T14:27:57.934-0300] {taskinstance.py:441} INFO - ::group::Post task execution logs
[2024-07-25T14:27:57.934-0300] {taskinstance.py:2905} ERROR - Task failed with exception
Traceback (most recent call last):
  File "/home/hugoviana/Documentos/data_pipeline_airflow/.venv/lib/python3.12/site-packages/airflow/models/taskinstance.py", line 465, in _execute_task
    result = _execute_callable(context=context, **execute_callable_kwargs)
             ^^^^^^^^^^^^^^^^^^^^^^^^^^^^^^^^^^^^^^^^^^^^^^^^^^^^^^^^^^^^^
  File "/home/hugoviana/Documentos/data_pipeline_airflow/.venv/lib/python3.12/site-packages/airflow/models/taskinstance.py", line 432, in _execute_callable
    return execute_callable(context=context, **execute_callable_kwargs)
           ^^^^^^^^^^^^^^^^^^^^^^^^^^^^^^^^^^^^^^^^^^^^^^^^^^^^^^^^^^^^
  File "/home/hugoviana/Documentos/data_pipeline_airflow/.venv/lib/python3.12/site-packages/airflow/models/baseoperator.py", line 401, in wrapper
    return func(self, *args, **kwargs)
           ^^^^^^^^^^^^^^^^^^^^^^^^^^^
  File "/home/hugoviana/Documentos/data_pipeline_airflow/.venv/lib/python3.12/site-packages/airflow/operators/python.py", line 232, in execute
    context_merge(context, self.op_kwargs, templates_dict=self.templates_dict)
  File "/home/hugoviana/Documentos/data_pipeline_airflow/.venv/lib/python3.12/site-packages/airflow/utils/context.py", line 266, in context_merge
    context.update(*args, **kwargs)
  File "<frozen _collections_abc>", line 987, in update
ValueError: too many values to unpack (expected 2)
[2024-07-25T14:27:57.939-0300] {taskinstance.py:1206} INFO - Marking task as FAILED. dag_id=Mercado_5m, task_id=get_5m_info, run_id=scheduled__2024-07-25T12:50:00+00:00, execution_date=20240725T125000, start_date=20240725T172757, end_date=20240725T172757
[2024-07-25T14:27:57.950-0300] {standard_task_runner.py:110} ERROR - Failed to execute job 2103 for task get_5m_info (too many values to unpack (expected 2); 2590710)
[2024-07-25T14:27:57.989-0300] {local_task_job_runner.py:243} INFO - Task exited with return code 1
[2024-07-25T14:27:57.995-0300] {taskinstance.py:3503} INFO - 0 downstream tasks scheduled from follow-on schedule check
[2024-07-25T14:27:57.996-0300] {local_task_job_runner.py:222} INFO - ::endgroup::
[2024-07-25T14:30:13.949-0300] {local_task_job_runner.py:120} INFO - ::group::Pre task execution logs
[2024-07-25T14:30:13.955-0300] {taskinstance.py:2076} INFO - Dependencies all met for dep_context=non-requeueable deps ti=<TaskInstance: Mercado_5m.get_5m_info scheduled__2024-07-25T12:50:00+00:00 [queued]>
[2024-07-25T14:30:13.958-0300] {taskinstance.py:2076} INFO - Dependencies all met for dep_context=requeueable deps ti=<TaskInstance: Mercado_5m.get_5m_info scheduled__2024-07-25T12:50:00+00:00 [queued]>
[2024-07-25T14:30:13.958-0300] {taskinstance.py:2306} INFO - Starting attempt 1 of 1
[2024-07-25T14:30:13.971-0300] {taskinstance.py:2330} INFO - Executing <Task(PythonOperator): get_5m_info> on 2024-07-25 12:50:00+00:00
[2024-07-25T14:30:13.972-0300] {standard_task_runner.py:64} INFO - Started process 2593064 to run task
[2024-07-25T14:30:13.975-0300] {standard_task_runner.py:90} INFO - Running: ['airflow', 'tasks', 'run', 'Mercado_5m', 'get_5m_info', 'scheduled__2024-07-25T12:50:00+00:00', '--job-id', '2092', '--raw', '--subdir', 'DAGS_FOLDER/mercado_dag.py', '--cfg-path', '/tmp/tmprs6tvksk']
[2024-07-25T14:30:13.975-0300] {standard_task_runner.py:91} INFO - Job 2092: Subtask get_5m_info
[2024-07-25T14:30:14.002-0300] {task_command.py:426} INFO - Running <TaskInstance: Mercado_5m.get_5m_info scheduled__2024-07-25T12:50:00+00:00 [running]> on host Galaxybook.
[2024-07-25T14:30:14.048-0300] {taskinstance.py:2648} INFO - Exporting env vars: AIRFLOW_CTX_DAG_OWNER='airflow' AIRFLOW_CTX_DAG_ID='Mercado_5m' AIRFLOW_CTX_TASK_ID='get_5m_info' AIRFLOW_CTX_EXECUTION_DATE='2024-07-25T12:50:00+00:00' AIRFLOW_CTX_TRY_NUMBER='1' AIRFLOW_CTX_DAG_RUN_ID='scheduled__2024-07-25T12:50:00+00:00'
[2024-07-25T14:30:14.048-0300] {taskinstance.py:430} INFO - ::endgroup::
[2024-07-25T14:30:14.056-0300] {taskinstance.py:441} INFO - ::group::Post task execution logs
[2024-07-25T14:30:14.057-0300] {taskinstance.py:2905} ERROR - Task failed with exception
Traceback (most recent call last):
  File "/home/hugoviana/Documentos/data_pipeline_airflow/.venv/lib/python3.12/site-packages/airflow/models/taskinstance.py", line 465, in _execute_task
    result = _execute_callable(context=context, **execute_callable_kwargs)
             ^^^^^^^^^^^^^^^^^^^^^^^^^^^^^^^^^^^^^^^^^^^^^^^^^^^^^^^^^^^^^
  File "/home/hugoviana/Documentos/data_pipeline_airflow/.venv/lib/python3.12/site-packages/airflow/models/taskinstance.py", line 432, in _execute_callable
    return execute_callable(context=context, **execute_callable_kwargs)
           ^^^^^^^^^^^^^^^^^^^^^^^^^^^^^^^^^^^^^^^^^^^^^^^^^^^^^^^^^^^^
  File "/home/hugoviana/Documentos/data_pipeline_airflow/.venv/lib/python3.12/site-packages/airflow/models/baseoperator.py", line 401, in wrapper
    return func(self, *args, **kwargs)
           ^^^^^^^^^^^^^^^^^^^^^^^^^^^
  File "/home/hugoviana/Documentos/data_pipeline_airflow/.venv/lib/python3.12/site-packages/airflow/operators/python.py", line 232, in execute
    context_merge(context, self.op_kwargs, templates_dict=self.templates_dict)
  File "/home/hugoviana/Documentos/data_pipeline_airflow/.venv/lib/python3.12/site-packages/airflow/utils/context.py", line 266, in context_merge
    context.update(*args, **kwargs)
  File "<frozen _collections_abc>", line 987, in update
ValueError: too many values to unpack (expected 2)
[2024-07-25T14:30:14.061-0300] {taskinstance.py:1206} INFO - Marking task as FAILED. dag_id=Mercado_5m, task_id=get_5m_info, run_id=scheduled__2024-07-25T12:50:00+00:00, execution_date=20240725T125000, start_date=20240725T173013, end_date=20240725T173014
[2024-07-25T14:30:14.073-0300] {standard_task_runner.py:110} ERROR - Failed to execute job 2092 for task get_5m_info (too many values to unpack (expected 2); 2593064)
[2024-07-25T14:30:14.108-0300] {local_task_job_runner.py:243} INFO - Task exited with return code 1
[2024-07-25T14:30:14.115-0300] {taskinstance.py:3503} INFO - 0 downstream tasks scheduled from follow-on schedule check
[2024-07-25T14:30:14.115-0300] {local_task_job_runner.py:222} INFO - ::endgroup::
[2024-07-25T15:00:16.428-0300] {local_task_job_runner.py:120} INFO - ::group::Pre task execution logs
[2024-07-25T15:00:16.434-0300] {taskinstance.py:2076} INFO - Dependencies all met for dep_context=non-requeueable deps ti=<TaskInstance: Mercado_5m.get_5m_info scheduled__2024-07-25T12:50:00+00:00 [queued]>
[2024-07-25T15:00:16.438-0300] {taskinstance.py:2076} INFO - Dependencies all met for dep_context=requeueable deps ti=<TaskInstance: Mercado_5m.get_5m_info scheduled__2024-07-25T12:50:00+00:00 [queued]>
[2024-07-25T15:00:16.438-0300] {taskinstance.py:2306} INFO - Starting attempt 1 of 1
[2024-07-25T15:00:16.454-0300] {taskinstance.py:2330} INFO - Executing <Task(PythonOperator): get_5m_info> on 2024-07-25 12:50:00+00:00
[2024-07-25T15:00:16.455-0300] {standard_task_runner.py:64} INFO - Started process 2619722 to run task
[2024-07-25T15:00:16.458-0300] {standard_task_runner.py:90} INFO - Running: ['airflow', 'tasks', 'run', 'Mercado_5m', 'get_5m_info', 'scheduled__2024-07-25T12:50:00+00:00', '--job-id', '2466', '--raw', '--subdir', 'DAGS_FOLDER/mercado_dag.py', '--cfg-path', '/tmp/tmp2pc6rms0']
[2024-07-25T15:00:16.458-0300] {standard_task_runner.py:91} INFO - Job 2466: Subtask get_5m_info
[2024-07-25T15:00:16.485-0300] {task_command.py:426} INFO - Running <TaskInstance: Mercado_5m.get_5m_info scheduled__2024-07-25T12:50:00+00:00 [running]> on host Galaxybook.
[2024-07-25T15:00:16.538-0300] {taskinstance.py:2648} INFO - Exporting env vars: AIRFLOW_CTX_DAG_OWNER='airflow' AIRFLOW_CTX_DAG_ID='Mercado_5m' AIRFLOW_CTX_TASK_ID='get_5m_info' AIRFLOW_CTX_EXECUTION_DATE='2024-07-25T12:50:00+00:00' AIRFLOW_CTX_TRY_NUMBER='1' AIRFLOW_CTX_DAG_RUN_ID='scheduled__2024-07-25T12:50:00+00:00'
[2024-07-25T15:00:16.539-0300] {taskinstance.py:430} INFO - ::endgroup::
[2024-07-25T15:00:16.616-0300] {base.py:84} INFO - Using connection ID 'mercado_default' for task execution.
[2024-07-25T15:00:16.617-0300] {mercado_hook.py:31} INFO - URL: https://api.mercadobitcoin.net/api/v4/candles?symbol=BTC-BRL&resolution=5m&to=1721922900&from=1721922600
[2024-07-25T15:00:16.931-0300] {python.py:237} INFO - Done. Returned value was: None
[2024-07-25T15:00:16.931-0300] {taskinstance.py:441} INFO - ::group::Post task execution logs
[2024-07-25T15:00:16.934-0300] {taskinstance.py:1206} INFO - Marking task as SUCCESS. dag_id=Mercado_5m, task_id=get_5m_info, run_id=scheduled__2024-07-25T12:50:00+00:00, execution_date=20240725T125000, start_date=20240725T180016, end_date=20240725T180016
[2024-07-25T15:00:16.960-0300] {local_task_job_runner.py:243} INFO - Task exited with return code 0
[2024-07-25T15:00:16.967-0300] {taskinstance.py:3503} INFO - 0 downstream tasks scheduled from follow-on schedule check
[2024-07-25T15:00:16.967-0300] {local_task_job_runner.py:222} INFO - ::endgroup::
