[2024-07-22T22:36:11.940-0300] {processor.py:161} INFO - Started process (PID=1050195) to work on /home/hugoviana/Projetos/crypto-etl/.venv/lib/python3.12/site-packages/airflow/example_dags/plugins/event_listener.py
[2024-07-22T22:36:11.941-0300] {processor.py:830} INFO - Processing file /home/hugoviana/Projetos/crypto-etl/.venv/lib/python3.12/site-packages/airflow/example_dags/plugins/event_listener.py for tasks to queue
[2024-07-22T22:36:11.943-0300] {logging_mixin.py:188} INFO - [2024-07-22T22:36:11.942-0300] {dagbag.py:545} INFO - Filling up the DagBag from /home/hugoviana/Projetos/crypto-etl/.venv/lib/python3.12/site-packages/airflow/example_dags/plugins/event_listener.py
[2024-07-22T22:36:11.947-0300] {processor.py:842} WARNING - No viable dags retrieved from /home/hugoviana/Projetos/crypto-etl/.venv/lib/python3.12/site-packages/airflow/example_dags/plugins/event_listener.py
[2024-07-22T22:36:11.968-0300] {processor.py:183} INFO - Processing /home/hugoviana/Projetos/crypto-etl/.venv/lib/python3.12/site-packages/airflow/example_dags/plugins/event_listener.py took 0.032 seconds
[2024-07-22T22:37:07.394-0300] {processor.py:161} INFO - Started process (PID=1050853) to work on /home/hugoviana/Projetos/crypto-etl/.venv/lib/python3.12/site-packages/airflow/example_dags/plugins/event_listener.py
[2024-07-22T22:37:07.399-0300] {processor.py:830} INFO - Processing file /home/hugoviana/Projetos/crypto-etl/.venv/lib/python3.12/site-packages/airflow/example_dags/plugins/event_listener.py for tasks to queue
[2024-07-22T22:37:07.400-0300] {logging_mixin.py:188} INFO - [2024-07-22T22:37:07.400-0300] {dagbag.py:545} INFO - Filling up the DagBag from /home/hugoviana/Projetos/crypto-etl/.venv/lib/python3.12/site-packages/airflow/example_dags/plugins/event_listener.py
[2024-07-22T22:37:07.402-0300] {processor.py:842} WARNING - No viable dags retrieved from /home/hugoviana/Projetos/crypto-etl/.venv/lib/python3.12/site-packages/airflow/example_dags/plugins/event_listener.py
[2024-07-22T22:37:07.409-0300] {processor.py:183} INFO - Processing /home/hugoviana/Projetos/crypto-etl/.venv/lib/python3.12/site-packages/airflow/example_dags/plugins/event_listener.py took 0.019 seconds
[2024-07-22T22:37:48.707-0300] {processor.py:161} INFO - Started process (PID=1051428) to work on /home/hugoviana/Projetos/crypto-etl/.venv/lib/python3.12/site-packages/airflow/example_dags/plugins/event_listener.py
[2024-07-22T22:37:48.712-0300] {processor.py:830} INFO - Processing file /home/hugoviana/Projetos/crypto-etl/.venv/lib/python3.12/site-packages/airflow/example_dags/plugins/event_listener.py for tasks to queue
[2024-07-22T22:37:48.713-0300] {logging_mixin.py:188} INFO - [2024-07-22T22:37:48.713-0300] {dagbag.py:545} INFO - Filling up the DagBag from /home/hugoviana/Projetos/crypto-etl/.venv/lib/python3.12/site-packages/airflow/example_dags/plugins/event_listener.py
[2024-07-22T22:37:48.715-0300] {processor.py:842} WARNING - No viable dags retrieved from /home/hugoviana/Projetos/crypto-etl/.venv/lib/python3.12/site-packages/airflow/example_dags/plugins/event_listener.py
[2024-07-22T22:37:48.723-0300] {processor.py:183} INFO - Processing /home/hugoviana/Projetos/crypto-etl/.venv/lib/python3.12/site-packages/airflow/example_dags/plugins/event_listener.py took 0.019 seconds
[2024-07-22T22:38:30.868-0300] {processor.py:161} INFO - Started process (PID=1051938) to work on /home/hugoviana/Projetos/crypto-etl/.venv/lib/python3.12/site-packages/airflow/example_dags/plugins/event_listener.py
[2024-07-22T22:38:30.870-0300] {processor.py:830} INFO - Processing file /home/hugoviana/Projetos/crypto-etl/.venv/lib/python3.12/site-packages/airflow/example_dags/plugins/event_listener.py for tasks to queue
[2024-07-22T22:38:30.871-0300] {logging_mixin.py:188} INFO - [2024-07-22T22:38:30.870-0300] {dagbag.py:545} INFO - Filling up the DagBag from /home/hugoviana/Projetos/crypto-etl/.venv/lib/python3.12/site-packages/airflow/example_dags/plugins/event_listener.py
[2024-07-22T22:38:30.872-0300] {processor.py:842} WARNING - No viable dags retrieved from /home/hugoviana/Projetos/crypto-etl/.venv/lib/python3.12/site-packages/airflow/example_dags/plugins/event_listener.py
[2024-07-22T22:38:30.880-0300] {processor.py:183} INFO - Processing /home/hugoviana/Projetos/crypto-etl/.venv/lib/python3.12/site-packages/airflow/example_dags/plugins/event_listener.py took 0.016 seconds
[2024-07-22T22:39:13.230-0300] {processor.py:161} INFO - Started process (PID=1052565) to work on /home/hugoviana/Projetos/crypto-etl/.venv/lib/python3.12/site-packages/airflow/example_dags/plugins/event_listener.py
[2024-07-22T22:39:13.231-0300] {processor.py:830} INFO - Processing file /home/hugoviana/Projetos/crypto-etl/.venv/lib/python3.12/site-packages/airflow/example_dags/plugins/event_listener.py for tasks to queue
[2024-07-22T22:39:13.232-0300] {logging_mixin.py:188} INFO - [2024-07-22T22:39:13.232-0300] {dagbag.py:545} INFO - Filling up the DagBag from /home/hugoviana/Projetos/crypto-etl/.venv/lib/python3.12/site-packages/airflow/example_dags/plugins/event_listener.py
[2024-07-22T22:39:13.233-0300] {processor.py:842} WARNING - No viable dags retrieved from /home/hugoviana/Projetos/crypto-etl/.venv/lib/python3.12/site-packages/airflow/example_dags/plugins/event_listener.py
[2024-07-22T22:39:13.240-0300] {processor.py:183} INFO - Processing /home/hugoviana/Projetos/crypto-etl/.venv/lib/python3.12/site-packages/airflow/example_dags/plugins/event_listener.py took 0.013 seconds
