[2024-07-22T22:36:13.207-0300] {processor.py:161} INFO - Started process (PID=1050210) to work on /home/hugoviana/Projetos/crypto-etl/.venv/lib/python3.12/site-packages/airflow/example_dags/plugins/workday.py
[2024-07-22T22:36:13.207-0300] {processor.py:830} INFO - Processing file /home/hugoviana/Projetos/crypto-etl/.venv/lib/python3.12/site-packages/airflow/example_dags/plugins/workday.py for tasks to queue
[2024-07-22T22:36:13.208-0300] {logging_mixin.py:188} INFO - [2024-07-22T22:36:13.208-0300] {dagbag.py:545} INFO - Filling up the DagBag from /home/hugoviana/Projetos/crypto-etl/.venv/lib/python3.12/site-packages/airflow/example_dags/plugins/workday.py
[2024-07-22T22:36:13.211-0300] {logging_mixin.py:188} INFO - [2024-07-22T22:36:13.210-0300] {workday.py:41} WARNING - Could not import pandas. Holidays will not be considered.
[2024-07-22T22:36:13.211-0300] {processor.py:842} WARNING - No viable dags retrieved from /home/hugoviana/Projetos/crypto-etl/.venv/lib/python3.12/site-packages/airflow/example_dags/plugins/workday.py
[2024-07-22T22:36:13.222-0300] {processor.py:183} INFO - Processing /home/hugoviana/Projetos/crypto-etl/.venv/lib/python3.12/site-packages/airflow/example_dags/plugins/workday.py took 0.020 seconds
[2024-07-22T22:37:07.708-0300] {processor.py:161} INFO - Started process (PID=1050885) to work on /home/hugoviana/Projetos/crypto-etl/.venv/lib/python3.12/site-packages/airflow/example_dags/plugins/workday.py
[2024-07-22T22:37:07.710-0300] {processor.py:830} INFO - Processing file /home/hugoviana/Projetos/crypto-etl/.venv/lib/python3.12/site-packages/airflow/example_dags/plugins/workday.py for tasks to queue
[2024-07-22T22:37:07.711-0300] {logging_mixin.py:188} INFO - [2024-07-22T22:37:07.711-0300] {dagbag.py:545} INFO - Filling up the DagBag from /home/hugoviana/Projetos/crypto-etl/.venv/lib/python3.12/site-packages/airflow/example_dags/plugins/workday.py
[2024-07-22T22:37:07.713-0300] {logging_mixin.py:188} INFO - [2024-07-22T22:37:07.713-0300] {workday.py:41} WARNING - Could not import pandas. Holidays will not be considered.
[2024-07-22T22:37:07.713-0300] {processor.py:842} WARNING - No viable dags retrieved from /home/hugoviana/Projetos/crypto-etl/.venv/lib/python3.12/site-packages/airflow/example_dags/plugins/workday.py
[2024-07-22T22:37:07.726-0300] {processor.py:183} INFO - Processing /home/hugoviana/Projetos/crypto-etl/.venv/lib/python3.12/site-packages/airflow/example_dags/plugins/workday.py took 0.022 seconds
[2024-07-22T22:37:49.842-0300] {processor.py:161} INFO - Started process (PID=1051462) to work on /home/hugoviana/Projetos/crypto-etl/.venv/lib/python3.12/site-packages/airflow/example_dags/plugins/workday.py
[2024-07-22T22:37:49.843-0300] {processor.py:830} INFO - Processing file /home/hugoviana/Projetos/crypto-etl/.venv/lib/python3.12/site-packages/airflow/example_dags/plugins/workday.py for tasks to queue
[2024-07-22T22:37:49.844-0300] {logging_mixin.py:188} INFO - [2024-07-22T22:37:49.844-0300] {dagbag.py:545} INFO - Filling up the DagBag from /home/hugoviana/Projetos/crypto-etl/.venv/lib/python3.12/site-packages/airflow/example_dags/plugins/workday.py
[2024-07-22T22:37:49.845-0300] {logging_mixin.py:188} INFO - [2024-07-22T22:37:49.845-0300] {workday.py:41} WARNING - Could not import pandas. Holidays will not be considered.
[2024-07-22T22:37:49.846-0300] {processor.py:842} WARNING - No viable dags retrieved from /home/hugoviana/Projetos/crypto-etl/.venv/lib/python3.12/site-packages/airflow/example_dags/plugins/workday.py
[2024-07-22T22:37:49.852-0300] {processor.py:183} INFO - Processing /home/hugoviana/Projetos/crypto-etl/.venv/lib/python3.12/site-packages/airflow/example_dags/plugins/workday.py took 0.014 seconds
[2024-07-22T22:38:31.991-0300] {processor.py:161} INFO - Started process (PID=1051957) to work on /home/hugoviana/Projetos/crypto-etl/.venv/lib/python3.12/site-packages/airflow/example_dags/plugins/workday.py
[2024-07-22T22:38:31.996-0300] {processor.py:830} INFO - Processing file /home/hugoviana/Projetos/crypto-etl/.venv/lib/python3.12/site-packages/airflow/example_dags/plugins/workday.py for tasks to queue
[2024-07-22T22:38:31.998-0300] {logging_mixin.py:188} INFO - [2024-07-22T22:38:31.997-0300] {dagbag.py:545} INFO - Filling up the DagBag from /home/hugoviana/Projetos/crypto-etl/.venv/lib/python3.12/site-packages/airflow/example_dags/plugins/workday.py
[2024-07-22T22:38:31.999-0300] {logging_mixin.py:188} INFO - [2024-07-22T22:38:31.999-0300] {workday.py:41} WARNING - Could not import pandas. Holidays will not be considered.
[2024-07-22T22:38:31.999-0300] {processor.py:842} WARNING - No viable dags retrieved from /home/hugoviana/Projetos/crypto-etl/.venv/lib/python3.12/site-packages/airflow/example_dags/plugins/workday.py
[2024-07-22T22:38:32.006-0300] {processor.py:183} INFO - Processing /home/hugoviana/Projetos/crypto-etl/.venv/lib/python3.12/site-packages/airflow/example_dags/plugins/workday.py took 0.018 seconds
[2024-07-22T22:39:14.364-0300] {processor.py:161} INFO - Started process (PID=1052572) to work on /home/hugoviana/Projetos/crypto-etl/.venv/lib/python3.12/site-packages/airflow/example_dags/plugins/workday.py
[2024-07-22T22:39:14.369-0300] {processor.py:830} INFO - Processing file /home/hugoviana/Projetos/crypto-etl/.venv/lib/python3.12/site-packages/airflow/example_dags/plugins/workday.py for tasks to queue
[2024-07-22T22:39:14.371-0300] {logging_mixin.py:188} INFO - [2024-07-22T22:39:14.371-0300] {dagbag.py:545} INFO - Filling up the DagBag from /home/hugoviana/Projetos/crypto-etl/.venv/lib/python3.12/site-packages/airflow/example_dags/plugins/workday.py
[2024-07-22T22:39:14.372-0300] {logging_mixin.py:188} INFO - [2024-07-22T22:39:14.372-0300] {workday.py:41} WARNING - Could not import pandas. Holidays will not be considered.
[2024-07-22T22:39:14.373-0300] {processor.py:842} WARNING - No viable dags retrieved from /home/hugoviana/Projetos/crypto-etl/.venv/lib/python3.12/site-packages/airflow/example_dags/plugins/workday.py
[2024-07-22T22:39:14.379-0300] {processor.py:183} INFO - Processing /home/hugoviana/Projetos/crypto-etl/.venv/lib/python3.12/site-packages/airflow/example_dags/plugins/workday.py took 0.018 seconds
