[2024-07-25T13:00:02.006-0300] {local_task_job_runner.py:120} INFO - ::group::Pre task execution logs
[2024-07-25T13:00:02.012-0300] {taskinstance.py:2076} INFO - Dependencies all met for dep_context=non-requeueable deps ti=<TaskInstance: Binance_5m.get_5m_info scheduled__2024-07-25T15:55:00+00:00 [queued]>
[2024-07-25T13:00:02.016-0300] {taskinstance.py:2076} INFO - Dependencies all met for dep_context=requeueable deps ti=<TaskInstance: Binance_5m.get_5m_info scheduled__2024-07-25T15:55:00+00:00 [queued]>
[2024-07-25T13:00:02.016-0300] {taskinstance.py:2306} INFO - Starting attempt 1 of 1
[2024-07-25T13:00:02.030-0300] {taskinstance.py:2330} INFO - Executing <Task(PythonOperator): get_5m_info> on 2024-07-25 15:55:00+00:00
[2024-07-25T13:00:02.032-0300] {standard_task_runner.py:64} INFO - Started process 2547762 to run task
[2024-07-25T13:00:02.034-0300] {standard_task_runner.py:90} INFO - Running: ['airflow', 'tasks', 'run', 'Binance_5m', 'get_5m_info', 'scheduled__2024-07-25T15:55:00+00:00', '--job-id', '2076', '--raw', '--subdir', 'DAGS_FOLDER/binance_dag.py', '--cfg-path', '/tmp/tmp490q4vq5']
[2024-07-25T13:00:02.035-0300] {standard_task_runner.py:91} INFO - Job 2076: Subtask get_5m_info
[2024-07-25T13:00:02.063-0300] {task_command.py:426} INFO - Running <TaskInstance: Binance_5m.get_5m_info scheduled__2024-07-25T15:55:00+00:00 [running]> on host Galaxybook.
[2024-07-25T13:00:02.115-0300] {taskinstance.py:2648} INFO - Exporting env vars: AIRFLOW_CTX_DAG_OWNER='airflow' AIRFLOW_CTX_DAG_ID='Binance_5m' AIRFLOW_CTX_TASK_ID='get_5m_info' AIRFLOW_CTX_EXECUTION_DATE='2024-07-25T15:55:00+00:00' AIRFLOW_CTX_TRY_NUMBER='1' AIRFLOW_CTX_DAG_RUN_ID='scheduled__2024-07-25T15:55:00+00:00'
[2024-07-25T13:00:02.116-0300] {taskinstance.py:430} INFO - ::endgroup::
[2024-07-25T13:00:02.124-0300] {taskinstance.py:441} INFO - ::group::Post task execution logs
[2024-07-25T13:00:02.124-0300] {taskinstance.py:2905} ERROR - Task failed with exception
Traceback (most recent call last):
  File "/home/hugoviana/Documentos/data_pipeline_airflow/.venv/lib/python3.12/site-packages/airflow/models/taskinstance.py", line 465, in _execute_task
    result = _execute_callable(context=context, **execute_callable_kwargs)
             ^^^^^^^^^^^^^^^^^^^^^^^^^^^^^^^^^^^^^^^^^^^^^^^^^^^^^^^^^^^^^
  File "/home/hugoviana/Documentos/data_pipeline_airflow/.venv/lib/python3.12/site-packages/airflow/models/taskinstance.py", line 432, in _execute_callable
    return execute_callable(context=context, **execute_callable_kwargs)
           ^^^^^^^^^^^^^^^^^^^^^^^^^^^^^^^^^^^^^^^^^^^^^^^^^^^^^^^^^^^^
  File "/home/hugoviana/Documentos/data_pipeline_airflow/.venv/lib/python3.12/site-packages/airflow/models/baseoperator.py", line 401, in wrapper
    return func(self, *args, **kwargs)
           ^^^^^^^^^^^^^^^^^^^^^^^^^^^
  File "/home/hugoviana/Documentos/data_pipeline_airflow/.venv/lib/python3.12/site-packages/airflow/operators/python.py", line 233, in execute
    self.op_kwargs = self.determine_kwargs(context)
                     ^^^^^^^^^^^^^^^^^^^^^^^^^^^^^^
  File "/home/hugoviana/Documentos/data_pipeline_airflow/.venv/lib/python3.12/site-packages/airflow/operators/python.py", line 244, in determine_kwargs
    return KeywordParameters.determine(self.python_callable, self.op_args, context).unpacking()
           ^^^^^^^^^^^^^^^^^^^^^^^^^^^^^^^^^^^^^^^^^^^^^^^^^^^^^^^^^^^^^^^^^^^^^^^^
  File "/home/hugoviana/Documentos/data_pipeline_airflow/.venv/lib/python3.12/site-packages/airflow/utils/operator_helpers.py", line 163, in determine
    raise ValueError(f"The key {name!r} in args is a part of kwargs and therefore reserved.")
ValueError: The key 'data_interval_end' in args is a part of kwargs and therefore reserved.
[2024-07-25T13:00:02.182-0300] {taskinstance.py:1206} INFO - Marking task as FAILED. dag_id=Binance_5m, task_id=get_5m_info, run_id=scheduled__2024-07-25T15:55:00+00:00, execution_date=20240725T155500, start_date=20240725T160002, end_date=20240725T160002
[2024-07-25T13:00:02.191-0300] {standard_task_runner.py:110} ERROR - Failed to execute job 2076 for task get_5m_info (The key 'data_interval_end' in args is a part of kwargs and therefore reserved.; 2547762)
[2024-07-25T13:00:02.208-0300] {local_task_job_runner.py:243} INFO - Task exited with return code 1
[2024-07-25T13:00:02.214-0300] {taskinstance.py:3503} INFO - 0 downstream tasks scheduled from follow-on schedule check
[2024-07-25T13:00:02.214-0300] {local_task_job_runner.py:222} INFO - ::endgroup::
[2024-07-25T14:29:42.154-0300] {local_task_job_runner.py:120} INFO - ::group::Pre task execution logs
[2024-07-25T14:29:42.164-0300] {taskinstance.py:2076} INFO - Dependencies all met for dep_context=non-requeueable deps ti=<TaskInstance: Binance_5m.get_5m_info scheduled__2024-07-25T15:55:00+00:00 [queued]>
[2024-07-25T14:29:42.169-0300] {taskinstance.py:2076} INFO - Dependencies all met for dep_context=requeueable deps ti=<TaskInstance: Binance_5m.get_5m_info scheduled__2024-07-25T15:55:00+00:00 [queued]>
[2024-07-25T14:29:42.169-0300] {taskinstance.py:2306} INFO - Starting attempt 1 of 1
[2024-07-25T14:29:42.182-0300] {taskinstance.py:2330} INFO - Executing <Task(PythonOperator): get_5m_info> on 2024-07-25 15:55:00+00:00
[2024-07-25T14:29:42.184-0300] {standard_task_runner.py:64} INFO - Started process 2592560 to run task
[2024-07-25T14:29:42.186-0300] {standard_task_runner.py:90} INFO - Running: ['airflow', 'tasks', 'run', 'Binance_5m', 'get_5m_info', 'scheduled__2024-07-25T15:55:00+00:00', '--job-id', '2164', '--raw', '--subdir', 'DAGS_FOLDER/binance_dag.py', '--cfg-path', '/tmp/tmplqo_9ria']
[2024-07-25T14:29:42.188-0300] {standard_task_runner.py:91} INFO - Job 2164: Subtask get_5m_info
[2024-07-25T14:29:42.215-0300] {task_command.py:426} INFO - Running <TaskInstance: Binance_5m.get_5m_info scheduled__2024-07-25T15:55:00+00:00 [running]> on host Galaxybook.
[2024-07-25T14:29:42.270-0300] {taskinstance.py:2648} INFO - Exporting env vars: AIRFLOW_CTX_DAG_OWNER='airflow' AIRFLOW_CTX_DAG_ID='Binance_5m' AIRFLOW_CTX_TASK_ID='get_5m_info' AIRFLOW_CTX_EXECUTION_DATE='2024-07-25T15:55:00+00:00' AIRFLOW_CTX_TRY_NUMBER='1' AIRFLOW_CTX_DAG_RUN_ID='scheduled__2024-07-25T15:55:00+00:00'
[2024-07-25T14:29:42.271-0300] {taskinstance.py:430} INFO - ::endgroup::
[2024-07-25T14:29:42.279-0300] {binance_dag.py:23} INFO - End Time: 2024-07-25T16:00:00.00Z
[2024-07-25T14:29:42.341-0300] {base.py:84} INFO - Using connection ID 'binance_default' for task execution.
[2024-07-25T14:29:42.341-0300] {logging_mixin.py:188} INFO - https://api.binance.com
[2024-07-25T14:29:42.342-0300] {binance_hook.py:35} INFO - URL: https://api.binance.com/api/v3/klines?symbol=BTCBRL&interval=5m&startTime=1721933700000&endTime=1721934000000
[2024-07-25T14:29:42.744-0300] {python.py:237} INFO - Done. Returned value was: None
[2024-07-25T14:29:42.745-0300] {taskinstance.py:441} INFO - ::group::Post task execution logs
[2024-07-25T14:29:42.747-0300] {taskinstance.py:1206} INFO - Marking task as SUCCESS. dag_id=Binance_5m, task_id=get_5m_info, run_id=scheduled__2024-07-25T15:55:00+00:00, execution_date=20240725T155500, start_date=20240725T172942, end_date=20240725T172942
[2024-07-25T14:29:42.806-0300] {local_task_job_runner.py:243} INFO - Task exited with return code 0
[2024-07-25T14:29:42.813-0300] {taskinstance.py:3503} INFO - 0 downstream tasks scheduled from follow-on schedule check
[2024-07-25T14:29:42.813-0300] {local_task_job_runner.py:222} INFO - ::endgroup::
[2024-07-25T14:32:52.606-0300] {local_task_job_runner.py:120} INFO - ::group::Pre task execution logs
[2024-07-25T14:32:52.613-0300] {taskinstance.py:2076} INFO - Dependencies all met for dep_context=non-requeueable deps ti=<TaskInstance: Binance_5m.get_5m_info scheduled__2024-07-25T15:55:00+00:00 [queued]>
[2024-07-25T14:32:52.616-0300] {taskinstance.py:2076} INFO - Dependencies all met for dep_context=requeueable deps ti=<TaskInstance: Binance_5m.get_5m_info scheduled__2024-07-25T15:55:00+00:00 [queued]>
[2024-07-25T14:32:52.616-0300] {taskinstance.py:2306} INFO - Starting attempt 1 of 1
[2024-07-25T14:32:52.631-0300] {taskinstance.py:2330} INFO - Executing <Task(PythonOperator): get_5m_info> on 2024-07-25 15:55:00+00:00
[2024-07-25T14:32:52.634-0300] {standard_task_runner.py:64} INFO - Started process 2595722 to run task
[2024-07-25T14:32:52.637-0300] {standard_task_runner.py:90} INFO - Running: ['airflow', 'tasks', 'run', 'Binance_5m', 'get_5m_info', 'scheduled__2024-07-25T15:55:00+00:00', '--job-id', '2165', '--raw', '--subdir', 'DAGS_FOLDER/binance_dag.py', '--cfg-path', '/tmp/tmppd2or793']
[2024-07-25T14:32:52.638-0300] {standard_task_runner.py:91} INFO - Job 2165: Subtask get_5m_info
[2024-07-25T14:32:52.668-0300] {task_command.py:426} INFO - Running <TaskInstance: Binance_5m.get_5m_info scheduled__2024-07-25T15:55:00+00:00 [running]> on host Galaxybook.
[2024-07-25T14:32:52.745-0300] {taskinstance.py:2648} INFO - Exporting env vars: AIRFLOW_CTX_DAG_OWNER='airflow' AIRFLOW_CTX_DAG_ID='Binance_5m' AIRFLOW_CTX_TASK_ID='get_5m_info' AIRFLOW_CTX_EXECUTION_DATE='2024-07-25T15:55:00+00:00' AIRFLOW_CTX_TRY_NUMBER='1' AIRFLOW_CTX_DAG_RUN_ID='scheduled__2024-07-25T15:55:00+00:00'
[2024-07-25T14:32:52.746-0300] {taskinstance.py:430} INFO - ::endgroup::
[2024-07-25T14:32:52.760-0300] {binance_dag.py:23} INFO - End Time: 2024-07-25T16:00:00.00Z
[2024-07-25T14:32:52.853-0300] {base.py:84} INFO - Using connection ID 'binance_default' for task execution.
[2024-07-25T14:32:52.853-0300] {logging_mixin.py:188} INFO - https://api.binance.com
[2024-07-25T14:32:52.854-0300] {binance_hook.py:35} INFO - URL: https://api.binance.com/api/v3/klines?symbol=BTCBRL&interval=5m&startTime=1721933700000&endTime=1721934000000
[2024-07-25T14:32:53.244-0300] {binance_dag.py:42} INFO - r: []
[2024-07-25T14:32:53.245-0300] {python.py:237} INFO - Done. Returned value was: None
[2024-07-25T14:32:53.246-0300] {taskinstance.py:441} INFO - ::group::Post task execution logs
[2024-07-25T14:32:53.249-0300] {taskinstance.py:1206} INFO - Marking task as SUCCESS. dag_id=Binance_5m, task_id=get_5m_info, run_id=scheduled__2024-07-25T15:55:00+00:00, execution_date=20240725T155500, start_date=20240725T173252, end_date=20240725T173253
[2024-07-25T14:32:53.304-0300] {local_task_job_runner.py:243} INFO - Task exited with return code 0
[2024-07-25T14:32:53.312-0300] {taskinstance.py:3503} INFO - 0 downstream tasks scheduled from follow-on schedule check
[2024-07-25T14:32:53.312-0300] {local_task_job_runner.py:222} INFO - ::endgroup::
[2024-07-25T14:54:10.261-0300] {local_task_job_runner.py:120} INFO - ::group::Pre task execution logs
[2024-07-25T14:54:10.267-0300] {taskinstance.py:2076} INFO - Dependencies all met for dep_context=non-requeueable deps ti=<TaskInstance: Binance_5m.get_5m_info scheduled__2024-07-25T15:55:00+00:00 [queued]>
[2024-07-25T14:54:10.270-0300] {taskinstance.py:2076} INFO - Dependencies all met for dep_context=requeueable deps ti=<TaskInstance: Binance_5m.get_5m_info scheduled__2024-07-25T15:55:00+00:00 [queued]>
[2024-07-25T14:54:10.270-0300] {taskinstance.py:2306} INFO - Starting attempt 1 of 1
[2024-07-25T14:54:10.284-0300] {taskinstance.py:2330} INFO - Executing <Task(PythonOperator): get_5m_info> on 2024-07-25 15:55:00+00:00
[2024-07-25T14:54:10.287-0300] {standard_task_runner.py:64} INFO - Started process 2613546 to run task
[2024-07-25T14:54:10.289-0300] {standard_task_runner.py:90} INFO - Running: ['airflow', 'tasks', 'run', 'Binance_5m', 'get_5m_info', 'scheduled__2024-07-25T15:55:00+00:00', '--job-id', '2285', '--raw', '--subdir', 'DAGS_FOLDER/binance_dag.py', '--cfg-path', '/tmp/tmp6590okvi']
[2024-07-25T14:54:10.290-0300] {standard_task_runner.py:91} INFO - Job 2285: Subtask get_5m_info
[2024-07-25T14:54:10.320-0300] {task_command.py:426} INFO - Running <TaskInstance: Binance_5m.get_5m_info scheduled__2024-07-25T15:55:00+00:00 [running]> on host Galaxybook.
[2024-07-25T14:54:10.394-0300] {taskinstance.py:2648} INFO - Exporting env vars: AIRFLOW_CTX_DAG_OWNER='airflow' AIRFLOW_CTX_DAG_ID='Binance_5m' AIRFLOW_CTX_TASK_ID='get_5m_info' AIRFLOW_CTX_EXECUTION_DATE='2024-07-25T15:55:00+00:00' AIRFLOW_CTX_TRY_NUMBER='1' AIRFLOW_CTX_DAG_RUN_ID='scheduled__2024-07-25T15:55:00+00:00'
[2024-07-25T14:54:10.394-0300] {taskinstance.py:430} INFO - ::endgroup::
[2024-07-25T14:54:10.404-0300] {binance_dag.py:23} INFO - End Time: 2024-07-25T16:00:00.00Z
[2024-07-25T14:54:10.404-0300] {binance_dag.py:24} INFO - Start Time: 2024-07-25T15:55:00.00Z
[2024-07-25T14:54:10.492-0300] {base.py:84} INFO - Using connection ID 'binance_default' for task execution.
[2024-07-25T14:54:10.493-0300] {logging_mixin.py:188} INFO - https://api.binance.com
[2024-07-25T14:54:10.493-0300] {binance_hook.py:35} INFO - URL: https://api.binance.com/api/v3/klines?symbol=BTCBRL&interval=5m&startTime=1721933700000&endTime=1721933999999
[2024-07-25T14:54:10.915-0300] {binance_dag.py:43} INFO - r: []
[2024-07-25T14:54:10.916-0300] {python.py:237} INFO - Done. Returned value was: None
[2024-07-25T14:54:10.917-0300] {taskinstance.py:441} INFO - ::group::Post task execution logs
[2024-07-25T14:54:10.919-0300] {taskinstance.py:1206} INFO - Marking task as SUCCESS. dag_id=Binance_5m, task_id=get_5m_info, run_id=scheduled__2024-07-25T15:55:00+00:00, execution_date=20240725T155500, start_date=20240725T175410, end_date=20240725T175410
[2024-07-25T14:54:10.953-0300] {local_task_job_runner.py:243} INFO - Task exited with return code 0
[2024-07-25T14:54:10.960-0300] {taskinstance.py:3503} INFO - 0 downstream tasks scheduled from follow-on schedule check
[2024-07-25T14:54:10.961-0300] {local_task_job_runner.py:222} INFO - ::endgroup::
[2024-07-25T15:23:55.445-0300] {local_task_job_runner.py:120} INFO - ::group::Pre task execution logs
[2024-07-25T15:23:55.450-0300] {taskinstance.py:2076} INFO - Dependencies all met for dep_context=non-requeueable deps ti=<TaskInstance: Binance_5m.get_5m_info scheduled__2024-07-25T15:55:00+00:00 [queued]>
[2024-07-25T15:23:55.454-0300] {taskinstance.py:2076} INFO - Dependencies all met for dep_context=requeueable deps ti=<TaskInstance: Binance_5m.get_5m_info scheduled__2024-07-25T15:55:00+00:00 [queued]>
[2024-07-25T15:23:55.454-0300] {taskinstance.py:2306} INFO - Starting attempt 1 of 1
[2024-07-25T15:23:55.468-0300] {taskinstance.py:2330} INFO - Executing <Task(PythonOperator): get_5m_info> on 2024-07-25 15:55:00+00:00
[2024-07-25T15:23:55.471-0300] {standard_task_runner.py:64} INFO - Started process 2635626 to run task
[2024-07-25T15:23:55.473-0300] {standard_task_runner.py:90} INFO - Running: ['airflow', 'tasks', 'run', 'Binance_5m', 'get_5m_info', 'scheduled__2024-07-25T15:55:00+00:00', '--job-id', '2726', '--raw', '--subdir', 'DAGS_FOLDER/binance_dag.py', '--cfg-path', '/tmp/tmpx4s6_iqf']
[2024-07-25T15:23:55.474-0300] {standard_task_runner.py:91} INFO - Job 2726: Subtask get_5m_info
[2024-07-25T15:23:55.499-0300] {task_command.py:426} INFO - Running <TaskInstance: Binance_5m.get_5m_info scheduled__2024-07-25T15:55:00+00:00 [running]> on host Galaxybook.
[2024-07-25T15:23:55.548-0300] {taskinstance.py:2648} INFO - Exporting env vars: AIRFLOW_CTX_DAG_OWNER='airflow' AIRFLOW_CTX_DAG_ID='Binance_5m' AIRFLOW_CTX_TASK_ID='get_5m_info' AIRFLOW_CTX_EXECUTION_DATE='2024-07-25T15:55:00+00:00' AIRFLOW_CTX_TRY_NUMBER='1' AIRFLOW_CTX_DAG_RUN_ID='scheduled__2024-07-25T15:55:00+00:00'
[2024-07-25T15:23:55.548-0300] {taskinstance.py:430} INFO - ::endgroup::
[2024-07-25T15:23:55.556-0300] {binance_dag.py:23} INFO - End Time: 2024-07-25T16:00:00.00Z
[2024-07-25T15:23:55.556-0300] {binance_dag.py:24} INFO - Start Time: 2024-07-25T15:55:00.00Z
[2024-07-25T15:23:55.607-0300] {binance_dag.py:25} INFO - 1721933700000
[2024-07-25T15:23:55.610-0300] {base.py:84} INFO - Using connection ID 'binance_default' for task execution.
[2024-07-25T15:23:55.610-0300] {logging_mixin.py:188} INFO - https://api.binance.com
[2024-07-25T15:23:55.610-0300] {binance_hook.py:35} INFO - URL: https://api.binance.com/api/v3/klines?symbol=BTCBRL&interval=5m&startTime=1721933700000&endTime=1721933999999
[2024-07-25T15:24:01.023-0300] {python.py:237} INFO - Done. Returned value was: None
[2024-07-25T15:24:01.024-0300] {taskinstance.py:441} INFO - ::group::Post task execution logs
[2024-07-25T15:24:01.027-0300] {taskinstance.py:1206} INFO - Marking task as SUCCESS. dag_id=Binance_5m, task_id=get_5m_info, run_id=scheduled__2024-07-25T15:55:00+00:00, execution_date=20240725T155500, start_date=20240725T182355, end_date=20240725T182401
[2024-07-25T15:24:01.049-0300] {local_task_job_runner.py:243} INFO - Task exited with return code 0
[2024-07-25T15:24:01.055-0300] {taskinstance.py:3503} INFO - 0 downstream tasks scheduled from follow-on schedule check
[2024-07-25T15:24:01.055-0300] {local_task_job_runner.py:222} INFO - ::endgroup::
[2024-07-25T16:22:35.635-0300] {local_task_job_runner.py:120} INFO - ::group::Pre task execution logs
[2024-07-25T16:22:35.641-0300] {taskinstance.py:2076} INFO - Dependencies all met for dep_context=non-requeueable deps ti=<TaskInstance: Binance_5m.get_5m_info scheduled__2024-07-25T15:55:00+00:00 [queued]>
[2024-07-25T16:22:35.645-0300] {taskinstance.py:2076} INFO - Dependencies all met for dep_context=requeueable deps ti=<TaskInstance: Binance_5m.get_5m_info scheduled__2024-07-25T15:55:00+00:00 [queued]>
[2024-07-25T16:22:35.645-0300] {taskinstance.py:2306} INFO - Starting attempt 1 of 1
[2024-07-25T16:22:35.658-0300] {taskinstance.py:2330} INFO - Executing <Task(PythonOperator): get_5m_info> on 2024-07-25 15:55:00+00:00
[2024-07-25T16:22:35.660-0300] {standard_task_runner.py:64} INFO - Started process 2665627 to run task
[2024-07-25T16:22:35.663-0300] {standard_task_runner.py:90} INFO - Running: ['airflow', 'tasks', 'run', 'Binance_5m', 'get_5m_info', 'scheduled__2024-07-25T15:55:00+00:00', '--job-id', '2353', '--raw', '--subdir', 'DAGS_FOLDER/binance_dag.py', '--cfg-path', '/tmp/tmpmztbp9q2']
[2024-07-25T16:22:35.664-0300] {standard_task_runner.py:91} INFO - Job 2353: Subtask get_5m_info
[2024-07-25T16:22:35.692-0300] {task_command.py:426} INFO - Running <TaskInstance: Binance_5m.get_5m_info scheduled__2024-07-25T15:55:00+00:00 [running]> on host Galaxybook.
[2024-07-25T16:22:35.749-0300] {taskinstance.py:2648} INFO - Exporting env vars: AIRFLOW_CTX_DAG_OWNER='airflow' AIRFLOW_CTX_DAG_ID='Binance_5m' AIRFLOW_CTX_TASK_ID='get_5m_info' AIRFLOW_CTX_EXECUTION_DATE='2024-07-25T15:55:00+00:00' AIRFLOW_CTX_TRY_NUMBER='1' AIRFLOW_CTX_DAG_RUN_ID='scheduled__2024-07-25T15:55:00+00:00'
[2024-07-25T16:22:35.750-0300] {taskinstance.py:430} INFO - ::endgroup::
[2024-07-25T16:22:35.759-0300] {binance_dag.py:22} INFO - End Time: 2024-07-25 16:00:00+00:00
[2024-07-25T16:22:35.759-0300] {binance_dag.py:23} INFO - Start Time: 2024-07-25 15:55:00+00:00
[2024-07-25T16:22:35.760-0300] {binance_dag.py:24} INFO - Start timestamp: 1721922900000
[2024-07-25T16:22:35.760-0300] {binance_dag.py:25} INFO - End timestamp: 1721923200000
[2024-07-25T16:22:35.822-0300] {base.py:84} INFO - Using connection ID 'binance_default' for task execution.
[2024-07-25T16:22:35.822-0300] {logging_mixin.py:188} INFO - https://api.binance.com
[2024-07-25T16:22:35.823-0300] {binance_hook.py:35} INFO - URL: https://api.binance.com/api/v3/klines?symbol=BTCBRL&interval=5m&startTime=1721922900000&endTime=1721923199999&timeZone=-3
[2024-07-25T16:22:40.617-0300] {python.py:237} INFO - Done. Returned value was: None
[2024-07-25T16:22:40.618-0300] {taskinstance.py:441} INFO - ::group::Post task execution logs
[2024-07-25T16:22:40.631-0300] {taskinstance.py:1206} INFO - Marking task as SUCCESS. dag_id=Binance_5m, task_id=get_5m_info, run_id=scheduled__2024-07-25T15:55:00+00:00, execution_date=20240725T155500, start_date=20240725T192235, end_date=20240725T192240
[2024-07-25T16:22:40.655-0300] {local_task_job_runner.py:243} INFO - Task exited with return code 0
[2024-07-25T16:22:40.663-0300] {taskinstance.py:3503} INFO - 0 downstream tasks scheduled from follow-on schedule check
[2024-07-25T16:22:40.664-0300] {local_task_job_runner.py:222} INFO - ::endgroup::
