[2024-07-25T14:55:52.405-0300] {local_task_job_runner.py:120} INFO - ::group::Pre task execution logs
[2024-07-25T14:55:52.409-0300] {taskinstance.py:2076} INFO - Dependencies all met for dep_context=non-requeueable deps ti=<TaskInstance: Mercado_5m.get_5m_info scheduled__2024-07-25T02:15:00+00:00 [queued]>
[2024-07-25T14:55:52.412-0300] {taskinstance.py:2076} INFO - Dependencies all met for dep_context=requeueable deps ti=<TaskInstance: Mercado_5m.get_5m_info scheduled__2024-07-25T02:15:00+00:00 [queued]>
[2024-07-25T14:55:52.412-0300] {taskinstance.py:2306} INFO - Starting attempt 1 of 1
[2024-07-25T14:55:52.426-0300] {taskinstance.py:2330} INFO - Executing <Task(PythonOperator): get_5m_info> on 2024-07-25 02:15:00+00:00
[2024-07-25T14:55:52.427-0300] {standard_task_runner.py:64} INFO - Started process 2615319 to run task
[2024-07-25T14:55:52.429-0300] {standard_task_runner.py:90} INFO - Running: ['airflow', 'tasks', 'run', 'Mercado_5m', 'get_5m_info', 'scheduled__2024-07-25T02:15:00+00:00', '--job-id', '2338', '--raw', '--subdir', 'DAGS_FOLDER/mercado_dag.py', '--cfg-path', '/tmp/tmpsctz602p']
[2024-07-25T14:55:52.430-0300] {standard_task_runner.py:91} INFO - Job 2338: Subtask get_5m_info
[2024-07-25T14:55:52.455-0300] {task_command.py:426} INFO - Running <TaskInstance: Mercado_5m.get_5m_info scheduled__2024-07-25T02:15:00+00:00 [running]> on host Galaxybook.
[2024-07-25T14:55:52.508-0300] {taskinstance.py:2648} INFO - Exporting env vars: AIRFLOW_CTX_DAG_OWNER='airflow' AIRFLOW_CTX_DAG_ID='Mercado_5m' AIRFLOW_CTX_TASK_ID='get_5m_info' AIRFLOW_CTX_EXECUTION_DATE='2024-07-25T02:15:00+00:00' AIRFLOW_CTX_TRY_NUMBER='1' AIRFLOW_CTX_DAG_RUN_ID='scheduled__2024-07-25T02:15:00+00:00'
[2024-07-25T14:55:52.508-0300] {taskinstance.py:430} INFO - ::endgroup::
[2024-07-25T14:55:52.570-0300] {base.py:84} INFO - Using connection ID 'mercado_default' for task execution.
[2024-07-25T14:55:52.571-0300] {mercado_hook.py:31} INFO - URL: https://api.mercadobitcoin.net/api/v4/candles?symbol=BTC-BRL&resolution=5m&to=1721884800&from=1721884500
[2024-07-25T14:55:52.845-0300] {python.py:237} INFO - Done. Returned value was: None
[2024-07-25T14:55:52.846-0300] {taskinstance.py:441} INFO - ::group::Post task execution logs
[2024-07-25T14:55:52.848-0300] {taskinstance.py:1206} INFO - Marking task as SUCCESS. dag_id=Mercado_5m, task_id=get_5m_info, run_id=scheduled__2024-07-25T02:15:00+00:00, execution_date=20240725T021500, start_date=20240725T175552, end_date=20240725T175552
[2024-07-25T14:55:52.890-0300] {local_task_job_runner.py:243} INFO - Task exited with return code 0
[2024-07-25T14:55:52.897-0300] {taskinstance.py:3503} INFO - 0 downstream tasks scheduled from follow-on schedule check
[2024-07-25T14:55:52.898-0300] {local_task_job_runner.py:222} INFO - ::endgroup::
[2024-07-25T16:19:41.915-0300] {local_task_job_runner.py:120} INFO - ::group::Pre task execution logs
[2024-07-25T16:19:41.920-0300] {taskinstance.py:2076} INFO - Dependencies all met for dep_context=non-requeueable deps ti=<TaskInstance: Mercado_5m.get_5m_info scheduled__2024-07-25T02:15:00+00:00 [queued]>
[2024-07-25T16:19:41.924-0300] {taskinstance.py:2076} INFO - Dependencies all met for dep_context=requeueable deps ti=<TaskInstance: Mercado_5m.get_5m_info scheduled__2024-07-25T02:15:00+00:00 [queued]>
[2024-07-25T16:19:41.924-0300] {taskinstance.py:2306} INFO - Starting attempt 1 of 1
[2024-07-25T16:19:41.939-0300] {taskinstance.py:2330} INFO - Executing <Task(PythonOperator): get_5m_info> on 2024-07-25 02:15:00+00:00
[2024-07-25T16:19:41.941-0300] {standard_task_runner.py:64} INFO - Started process 2662674 to run task
[2024-07-25T16:19:41.943-0300] {standard_task_runner.py:90} INFO - Running: ['airflow', 'tasks', 'run', 'Mercado_5m', 'get_5m_info', 'scheduled__2024-07-25T02:15:00+00:00', '--job-id', '2264', '--raw', '--subdir', 'DAGS_FOLDER/mercado_dag.py', '--cfg-path', '/tmp/tmp9m9ipzcv']
[2024-07-25T16:19:41.943-0300] {standard_task_runner.py:91} INFO - Job 2264: Subtask get_5m_info
[2024-07-25T16:19:41.970-0300] {task_command.py:426} INFO - Running <TaskInstance: Mercado_5m.get_5m_info scheduled__2024-07-25T02:15:00+00:00 [running]> on host Galaxybook.
[2024-07-25T16:19:42.025-0300] {taskinstance.py:2648} INFO - Exporting env vars: AIRFLOW_CTX_DAG_OWNER='airflow' AIRFLOW_CTX_DAG_ID='Mercado_5m' AIRFLOW_CTX_TASK_ID='get_5m_info' AIRFLOW_CTX_EXECUTION_DATE='2024-07-25T02:15:00+00:00' AIRFLOW_CTX_TRY_NUMBER='1' AIRFLOW_CTX_DAG_RUN_ID='scheduled__2024-07-25T02:15:00+00:00'
[2024-07-25T16:19:42.026-0300] {taskinstance.py:430} INFO - ::endgroup::
[2024-07-25T16:19:42.035-0300] {mercado_dag.py:22} INFO - To: 2024-07-25 02:20:00+00:00
[2024-07-25T16:19:42.035-0300] {mercado_dag.py:23} INFO - From: 2024-07-25 02:15:00+00:00
[2024-07-25T16:19:42.035-0300] {mercado_dag.py:24} INFO - To timestamp: 1721874000 
[2024-07-25T16:19:42.036-0300] {mercado_dag.py:25} INFO - From timestamp: 1721873700 
[2024-07-25T16:19:42.098-0300] {base.py:84} INFO - Using connection ID 'mercado_default' for task execution.
[2024-07-25T16:19:42.098-0300] {mercado_hook.py:31} INFO - URL: https://api.mercadobitcoin.net/api/v4/candles?symbol=BTC-BRL&resolution=5m&to=1721874000&from=1721873700
[2024-07-25T16:19:42.380-0300] {python.py:237} INFO - Done. Returned value was: None
[2024-07-25T16:19:42.381-0300] {taskinstance.py:441} INFO - ::group::Post task execution logs
[2024-07-25T16:19:42.383-0300] {taskinstance.py:1206} INFO - Marking task as SUCCESS. dag_id=Mercado_5m, task_id=get_5m_info, run_id=scheduled__2024-07-25T02:15:00+00:00, execution_date=20240725T021500, start_date=20240725T191941, end_date=20240725T191942
[2024-07-25T16:19:42.404-0300] {local_task_job_runner.py:243} INFO - Task exited with return code 0
[2024-07-25T16:19:42.413-0300] {taskinstance.py:3503} INFO - 0 downstream tasks scheduled from follow-on schedule check
[2024-07-25T16:19:42.413-0300] {local_task_job_runner.py:222} INFO - ::endgroup::
[2024-07-25T16:23:43.541-0300] {local_task_job_runner.py:120} INFO - ::group::Pre task execution logs
[2024-07-25T16:23:43.548-0300] {taskinstance.py:2076} INFO - Dependencies all met for dep_context=non-requeueable deps ti=<TaskInstance: Mercado_5m.get_5m_info scheduled__2024-07-25T02:15:00+00:00 [queued]>
[2024-07-25T16:23:43.553-0300] {taskinstance.py:2076} INFO - Dependencies all met for dep_context=requeueable deps ti=<TaskInstance: Mercado_5m.get_5m_info scheduled__2024-07-25T02:15:00+00:00 [queued]>
[2024-07-25T16:23:43.554-0300] {taskinstance.py:2306} INFO - Starting attempt 1 of 1
[2024-07-25T16:23:43.570-0300] {taskinstance.py:2330} INFO - Executing <Task(PythonOperator): get_5m_info> on 2024-07-25 02:15:00+00:00
[2024-07-25T16:23:43.573-0300] {standard_task_runner.py:64} INFO - Started process 2666753 to run task
[2024-07-25T16:23:43.576-0300] {standard_task_runner.py:90} INFO - Running: ['airflow', 'tasks', 'run', 'Mercado_5m', 'get_5m_info', 'scheduled__2024-07-25T02:15:00+00:00', '--job-id', '2387', '--raw', '--subdir', 'DAGS_FOLDER/mercado_dag.py', '--cfg-path', '/tmp/tmp1jtji_wv']
[2024-07-25T16:23:43.577-0300] {standard_task_runner.py:91} INFO - Job 2387: Subtask get_5m_info
[2024-07-25T16:23:43.610-0300] {task_command.py:426} INFO - Running <TaskInstance: Mercado_5m.get_5m_info scheduled__2024-07-25T02:15:00+00:00 [running]> on host Galaxybook.
[2024-07-25T16:23:43.673-0300] {taskinstance.py:2648} INFO - Exporting env vars: AIRFLOW_CTX_DAG_OWNER='airflow' AIRFLOW_CTX_DAG_ID='Mercado_5m' AIRFLOW_CTX_TASK_ID='get_5m_info' AIRFLOW_CTX_EXECUTION_DATE='2024-07-25T02:15:00+00:00' AIRFLOW_CTX_TRY_NUMBER='1' AIRFLOW_CTX_DAG_RUN_ID='scheduled__2024-07-25T02:15:00+00:00'
[2024-07-25T16:23:43.674-0300] {taskinstance.py:430} INFO - ::endgroup::
[2024-07-25T16:23:43.683-0300] {mercado_dag.py:22} INFO - To: 2024-07-25 02:20:00+00:00
[2024-07-25T16:23:43.683-0300] {mercado_dag.py:23} INFO - From: 2024-07-25 02:15:00+00:00
[2024-07-25T16:23:43.683-0300] {mercado_dag.py:24} INFO - To timestamp: 1721874000 
[2024-07-25T16:23:43.684-0300] {mercado_dag.py:25} INFO - From timestamp: 1721873700 
[2024-07-25T16:23:43.754-0300] {base.py:84} INFO - Using connection ID 'mercado_default' for task execution.
[2024-07-25T16:23:43.755-0300] {mercado_hook.py:31} INFO - URL: https://api.mercadobitcoin.net/api/v4/candles?symbol=BTC-BRL&resolution=5m&to=1721874000&from=1721873700
[2024-07-25T16:23:43.410-0300] {python.py:237} INFO - Done. Returned value was: None
[2024-07-25T16:23:43.410-0300] {taskinstance.py:441} INFO - ::group::Post task execution logs
[2024-07-25T16:23:43.413-0300] {taskinstance.py:1206} INFO - Marking task as SUCCESS. dag_id=Mercado_5m, task_id=get_5m_info, run_id=scheduled__2024-07-25T02:15:00+00:00, execution_date=20240725T021500, start_date=20240725T192343, end_date=20240725T192343
[2024-07-25T16:23:43.447-0300] {local_task_job_runner.py:243} INFO - Task exited with return code 0
[2024-07-25T16:23:43.454-0300] {taskinstance.py:3503} INFO - 0 downstream tasks scheduled from follow-on schedule check
[2024-07-25T16:23:43.454-0300] {local_task_job_runner.py:222} INFO - ::endgroup::
[2024-07-25T16:26:03.006-0300] {local_task_job_runner.py:120} INFO - ::group::Pre task execution logs
[2024-07-25T16:26:03.014-0300] {taskinstance.py:2076} INFO - Dependencies all met for dep_context=non-requeueable deps ti=<TaskInstance: Mercado_5m.get_5m_info scheduled__2024-07-25T02:15:00+00:00 [queued]>
[2024-07-25T16:26:03.021-0300] {taskinstance.py:2076} INFO - Dependencies all met for dep_context=requeueable deps ti=<TaskInstance: Mercado_5m.get_5m_info scheduled__2024-07-25T02:15:00+00:00 [queued]>
[2024-07-25T16:26:03.021-0300] {taskinstance.py:2306} INFO - Starting attempt 1 of 1
[2024-07-25T16:26:03.035-0300] {taskinstance.py:2330} INFO - Executing <Task(PythonOperator): get_5m_info> on 2024-07-25 02:15:00+00:00
[2024-07-25T16:26:03.037-0300] {standard_task_runner.py:64} INFO - Started process 2669106 to run task
[2024-07-25T16:26:03.040-0300] {standard_task_runner.py:90} INFO - Running: ['airflow', 'tasks', 'run', 'Mercado_5m', 'get_5m_info', 'scheduled__2024-07-25T02:15:00+00:00', '--job-id', '2447', '--raw', '--subdir', 'DAGS_FOLDER/mercado_dag.py', '--cfg-path', '/tmp/tmpl4ho2_e1']
[2024-07-25T16:26:03.042-0300] {standard_task_runner.py:91} INFO - Job 2447: Subtask get_5m_info
[2024-07-25T16:26:03.074-0300] {task_command.py:426} INFO - Running <TaskInstance: Mercado_5m.get_5m_info scheduled__2024-07-25T02:15:00+00:00 [running]> on host Galaxybook.
[2024-07-25T16:26:03.136-0300] {taskinstance.py:2648} INFO - Exporting env vars: AIRFLOW_CTX_DAG_OWNER='airflow' AIRFLOW_CTX_DAG_ID='Mercado_5m' AIRFLOW_CTX_TASK_ID='get_5m_info' AIRFLOW_CTX_EXECUTION_DATE='2024-07-25T02:15:00+00:00' AIRFLOW_CTX_TRY_NUMBER='1' AIRFLOW_CTX_DAG_RUN_ID='scheduled__2024-07-25T02:15:00+00:00'
[2024-07-25T16:26:03.136-0300] {taskinstance.py:430} INFO - ::endgroup::
[2024-07-25T16:26:03.146-0300] {mercado_dag.py:22} INFO - To: 2024-07-25 02:20:00+00:00
[2024-07-25T16:26:03.147-0300] {mercado_dag.py:23} INFO - From: 2024-07-25 02:15:00+00:00
[2024-07-25T16:26:03.147-0300] {mercado_dag.py:24} INFO - To timestamp: 1721874000000 
[2024-07-25T16:26:03.148-0300] {mercado_dag.py:25} INFO - From timestamp: 1721873700000 
[2024-07-25T16:26:03.217-0300] {base.py:84} INFO - Using connection ID 'mercado_default' for task execution.
[2024-07-25T16:26:03.218-0300] {mercado_hook.py:31} INFO - URL: https://api.mercadobitcoin.net/api/v4/candles?symbol=BTC-BRL&resolution=5m&to=1721874000000&from=1721873700000
[2024-07-25T16:26:03.498-0300] {python.py:237} INFO - Done. Returned value was: None
[2024-07-25T16:26:03.499-0300] {taskinstance.py:441} INFO - ::group::Post task execution logs
[2024-07-25T16:26:03.501-0300] {taskinstance.py:1206} INFO - Marking task as SUCCESS. dag_id=Mercado_5m, task_id=get_5m_info, run_id=scheduled__2024-07-25T02:15:00+00:00, execution_date=20240725T021500, start_date=20240725T192603, end_date=20240725T192603
[2024-07-25T16:26:03.542-0300] {local_task_job_runner.py:243} INFO - Task exited with return code 0
[2024-07-25T16:26:03.548-0300] {taskinstance.py:3503} INFO - 0 downstream tasks scheduled from follow-on schedule check
[2024-07-25T16:26:03.549-0300] {local_task_job_runner.py:222} INFO - ::endgroup::
