[2024-07-25T12:40:02.663-0300] {local_task_job_runner.py:120} INFO - ::group::Pre task execution logs
[2024-07-25T12:40:02.667-0300] {taskinstance.py:2076} INFO - Dependencies all met for dep_context=non-requeueable deps ti=<TaskInstance: Binance_5m.get_5m_info scheduled__2024-07-25T15:35:00+00:00 [queued]>
[2024-07-25T12:40:02.670-0300] {taskinstance.py:2076} INFO - Dependencies all met for dep_context=requeueable deps ti=<TaskInstance: Binance_5m.get_5m_info scheduled__2024-07-25T15:35:00+00:00 [queued]>
[2024-07-25T12:40:02.670-0300] {taskinstance.py:2306} INFO - Starting attempt 1 of 1
[2024-07-25T12:40:02.684-0300] {taskinstance.py:2330} INFO - Executing <Task(PythonOperator): get_5m_info> on 2024-07-25 15:35:00+00:00
[2024-07-25T12:40:02.685-0300] {standard_task_runner.py:64} INFO - Started process 2538068 to run task
[2024-07-25T12:40:02.687-0300] {standard_task_runner.py:90} INFO - Running: ['airflow', 'tasks', 'run', 'Binance_5m', 'get_5m_info', 'scheduled__2024-07-25T15:35:00+00:00', '--job-id', '2062', '--raw', '--subdir', 'DAGS_FOLDER/binance_dag.py', '--cfg-path', '/tmp/tmpv0va14u0']
[2024-07-25T12:40:02.689-0300] {standard_task_runner.py:91} INFO - Job 2062: Subtask get_5m_info
[2024-07-25T12:40:02.714-0300] {task_command.py:426} INFO - Running <TaskInstance: Binance_5m.get_5m_info scheduled__2024-07-25T15:35:00+00:00 [running]> on host Galaxybook.
[2024-07-25T12:40:02.761-0300] {taskinstance.py:2648} INFO - Exporting env vars: AIRFLOW_CTX_DAG_OWNER='airflow' AIRFLOW_CTX_DAG_ID='Binance_5m' AIRFLOW_CTX_TASK_ID='get_5m_info' AIRFLOW_CTX_EXECUTION_DATE='2024-07-25T15:35:00+00:00' AIRFLOW_CTX_TRY_NUMBER='1' AIRFLOW_CTX_DAG_RUN_ID='scheduled__2024-07-25T15:35:00+00:00'
[2024-07-25T12:40:02.762-0300] {taskinstance.py:430} INFO - ::endgroup::
[2024-07-25T12:40:02.771-0300] {taskinstance.py:441} INFO - ::group::Post task execution logs
[2024-07-25T12:40:02.771-0300] {taskinstance.py:2905} ERROR - Task failed with exception
Traceback (most recent call last):
  File "/home/hugoviana/Documentos/data_pipeline_airflow/.venv/lib/python3.12/site-packages/airflow/models/taskinstance.py", line 465, in _execute_task
    result = _execute_callable(context=context, **execute_callable_kwargs)
             ^^^^^^^^^^^^^^^^^^^^^^^^^^^^^^^^^^^^^^^^^^^^^^^^^^^^^^^^^^^^^
  File "/home/hugoviana/Documentos/data_pipeline_airflow/.venv/lib/python3.12/site-packages/airflow/models/taskinstance.py", line 432, in _execute_callable
    return execute_callable(context=context, **execute_callable_kwargs)
           ^^^^^^^^^^^^^^^^^^^^^^^^^^^^^^^^^^^^^^^^^^^^^^^^^^^^^^^^^^^^
  File "/home/hugoviana/Documentos/data_pipeline_airflow/.venv/lib/python3.12/site-packages/airflow/models/baseoperator.py", line 401, in wrapper
    return func(self, *args, **kwargs)
           ^^^^^^^^^^^^^^^^^^^^^^^^^^^
  File "/home/hugoviana/Documentos/data_pipeline_airflow/.venv/lib/python3.12/site-packages/airflow/operators/python.py", line 233, in execute
    self.op_kwargs = self.determine_kwargs(context)
                     ^^^^^^^^^^^^^^^^^^^^^^^^^^^^^^
  File "/home/hugoviana/Documentos/data_pipeline_airflow/.venv/lib/python3.12/site-packages/airflow/operators/python.py", line 244, in determine_kwargs
    return KeywordParameters.determine(self.python_callable, self.op_args, context).unpacking()
           ^^^^^^^^^^^^^^^^^^^^^^^^^^^^^^^^^^^^^^^^^^^^^^^^^^^^^^^^^^^^^^^^^^^^^^^^
  File "/home/hugoviana/Documentos/data_pipeline_airflow/.venv/lib/python3.12/site-packages/airflow/utils/operator_helpers.py", line 163, in determine
    raise ValueError(f"The key {name!r} in args is a part of kwargs and therefore reserved.")
ValueError: The key 'data_interval_end' in args is a part of kwargs and therefore reserved.
[2024-07-25T12:40:02.859-0300] {taskinstance.py:1206} INFO - Marking task as FAILED. dag_id=Binance_5m, task_id=get_5m_info, run_id=scheduled__2024-07-25T15:35:00+00:00, execution_date=20240725T153500, start_date=20240725T154002, end_date=20240725T154002
[2024-07-25T12:40:02.871-0300] {standard_task_runner.py:110} ERROR - Failed to execute job 2062 for task get_5m_info (The key 'data_interval_end' in args is a part of kwargs and therefore reserved.; 2538068)
[2024-07-25T12:40:02.901-0300] {local_task_job_runner.py:243} INFO - Task exited with return code 1
[2024-07-25T12:40:02.907-0300] {taskinstance.py:3503} INFO - 0 downstream tasks scheduled from follow-on schedule check
[2024-07-25T12:40:02.908-0300] {local_task_job_runner.py:222} INFO - ::endgroup::
[2024-07-25T14:29:32.698-0300] {local_task_job_runner.py:120} INFO - ::group::Pre task execution logs
[2024-07-25T14:29:32.704-0300] {taskinstance.py:2076} INFO - Dependencies all met for dep_context=non-requeueable deps ti=<TaskInstance: Binance_5m.get_5m_info scheduled__2024-07-25T15:35:00+00:00 [queued]>
[2024-07-25T14:29:32.708-0300] {taskinstance.py:2076} INFO - Dependencies all met for dep_context=requeueable deps ti=<TaskInstance: Binance_5m.get_5m_info scheduled__2024-07-25T15:35:00+00:00 [queued]>
[2024-07-25T14:29:32.708-0300] {taskinstance.py:2306} INFO - Starting attempt 1 of 1
[2024-07-25T14:29:32.721-0300] {taskinstance.py:2330} INFO - Executing <Task(PythonOperator): get_5m_info> on 2024-07-25 15:35:00+00:00
[2024-07-25T14:29:32.723-0300] {standard_task_runner.py:64} INFO - Started process 2592394 to run task
[2024-07-25T14:29:32.725-0300] {standard_task_runner.py:90} INFO - Running: ['airflow', 'tasks', 'run', 'Binance_5m', 'get_5m_info', 'scheduled__2024-07-25T15:35:00+00:00', '--job-id', '2160', '--raw', '--subdir', 'DAGS_FOLDER/binance_dag.py', '--cfg-path', '/tmp/tmpess64q45']
[2024-07-25T14:29:32.726-0300] {standard_task_runner.py:91} INFO - Job 2160: Subtask get_5m_info
[2024-07-25T14:29:32.754-0300] {task_command.py:426} INFO - Running <TaskInstance: Binance_5m.get_5m_info scheduled__2024-07-25T15:35:00+00:00 [running]> on host Galaxybook.
[2024-07-25T14:29:32.816-0300] {taskinstance.py:2648} INFO - Exporting env vars: AIRFLOW_CTX_DAG_OWNER='airflow' AIRFLOW_CTX_DAG_ID='Binance_5m' AIRFLOW_CTX_TASK_ID='get_5m_info' AIRFLOW_CTX_EXECUTION_DATE='2024-07-25T15:35:00+00:00' AIRFLOW_CTX_TRY_NUMBER='1' AIRFLOW_CTX_DAG_RUN_ID='scheduled__2024-07-25T15:35:00+00:00'
[2024-07-25T14:29:32.817-0300] {taskinstance.py:430} INFO - ::endgroup::
[2024-07-25T14:29:32.826-0300] {binance_dag.py:23} INFO - End Time: 2024-07-25T15:40:00.00Z
[2024-07-25T14:29:32.899-0300] {base.py:84} INFO - Using connection ID 'binance_default' for task execution.
[2024-07-25T14:29:32.900-0300] {logging_mixin.py:188} INFO - https://api.binance.com
[2024-07-25T14:29:32.900-0300] {binance_hook.py:35} INFO - URL: https://api.binance.com/api/v3/klines?symbol=BTCBRL&interval=5m&startTime=1721932500000&endTime=1721932800000
[2024-07-25T14:29:33.294-0300] {python.py:237} INFO - Done. Returned value was: None
[2024-07-25T14:29:33.294-0300] {taskinstance.py:441} INFO - ::group::Post task execution logs
[2024-07-25T14:29:33.297-0300] {taskinstance.py:1206} INFO - Marking task as SUCCESS. dag_id=Binance_5m, task_id=get_5m_info, run_id=scheduled__2024-07-25T15:35:00+00:00, execution_date=20240725T153500, start_date=20240725T172932, end_date=20240725T172933
[2024-07-25T14:29:33.346-0300] {local_task_job_runner.py:243} INFO - Task exited with return code 0
[2024-07-25T14:29:33.354-0300] {taskinstance.py:3503} INFO - 0 downstream tasks scheduled from follow-on schedule check
[2024-07-25T14:29:33.354-0300] {local_task_job_runner.py:222} INFO - ::endgroup::
[2024-07-25T14:53:58.427-0300] {local_task_job_runner.py:120} INFO - ::group::Pre task execution logs
[2024-07-25T14:53:58.432-0300] {taskinstance.py:2076} INFO - Dependencies all met for dep_context=non-requeueable deps ti=<TaskInstance: Binance_5m.get_5m_info scheduled__2024-07-25T15:35:00+00:00 [queued]>
[2024-07-25T14:53:58.435-0300] {taskinstance.py:2076} INFO - Dependencies all met for dep_context=requeueable deps ti=<TaskInstance: Binance_5m.get_5m_info scheduled__2024-07-25T15:35:00+00:00 [queued]>
[2024-07-25T14:53:58.436-0300] {taskinstance.py:2306} INFO - Starting attempt 1 of 1
[2024-07-25T14:53:58.449-0300] {taskinstance.py:2330} INFO - Executing <Task(PythonOperator): get_5m_info> on 2024-07-25 15:35:00+00:00
[2024-07-25T14:53:58.451-0300] {standard_task_runner.py:64} INFO - Started process 2613369 to run task
[2024-07-25T14:53:58.453-0300] {standard_task_runner.py:90} INFO - Running: ['airflow', 'tasks', 'run', 'Binance_5m', 'get_5m_info', 'scheduled__2024-07-25T15:35:00+00:00', '--job-id', '2279', '--raw', '--subdir', 'DAGS_FOLDER/binance_dag.py', '--cfg-path', '/tmp/tmp4jmnz2sx']
[2024-07-25T14:53:58.453-0300] {standard_task_runner.py:91} INFO - Job 2279: Subtask get_5m_info
[2024-07-25T14:53:58.480-0300] {task_command.py:426} INFO - Running <TaskInstance: Binance_5m.get_5m_info scheduled__2024-07-25T15:35:00+00:00 [running]> on host Galaxybook.
[2024-07-25T14:53:58.531-0300] {taskinstance.py:2648} INFO - Exporting env vars: AIRFLOW_CTX_DAG_OWNER='airflow' AIRFLOW_CTX_DAG_ID='Binance_5m' AIRFLOW_CTX_TASK_ID='get_5m_info' AIRFLOW_CTX_EXECUTION_DATE='2024-07-25T15:35:00+00:00' AIRFLOW_CTX_TRY_NUMBER='1' AIRFLOW_CTX_DAG_RUN_ID='scheduled__2024-07-25T15:35:00+00:00'
[2024-07-25T14:53:58.532-0300] {taskinstance.py:430} INFO - ::endgroup::
[2024-07-25T14:53:58.539-0300] {binance_dag.py:23} INFO - End Time: 2024-07-25T15:40:00.00Z
[2024-07-25T14:53:58.539-0300] {binance_dag.py:24} INFO - Start Time: 2024-07-25T15:35:00.00Z
[2024-07-25T14:53:58.592-0300] {base.py:84} INFO - Using connection ID 'binance_default' for task execution.
[2024-07-25T14:53:58.592-0300] {logging_mixin.py:188} INFO - https://api.binance.com
[2024-07-25T14:53:58.593-0300] {binance_hook.py:35} INFO - URL: https://api.binance.com/api/v3/klines?symbol=BTCBRL&interval=5m&startTime=1721932500000&endTime=1721932799999
[2024-07-25T14:53:58.984-0300] {binance_dag.py:43} INFO - r: []
[2024-07-25T14:53:58.986-0300] {python.py:237} INFO - Done. Returned value was: None
[2024-07-25T14:53:58.986-0300] {taskinstance.py:441} INFO - ::group::Post task execution logs
[2024-07-25T14:53:58.989-0300] {taskinstance.py:1206} INFO - Marking task as SUCCESS. dag_id=Binance_5m, task_id=get_5m_info, run_id=scheduled__2024-07-25T15:35:00+00:00, execution_date=20240725T153500, start_date=20240725T175358, end_date=20240725T175358
[2024-07-25T14:53:59.037-0300] {local_task_job_runner.py:243} INFO - Task exited with return code 0
[2024-07-25T14:53:59.045-0300] {taskinstance.py:3503} INFO - 0 downstream tasks scheduled from follow-on schedule check
[2024-07-25T14:53:59.045-0300] {local_task_job_runner.py:222} INFO - ::endgroup::
[2024-07-25T15:23:46.501-0300] {local_task_job_runner.py:120} INFO - ::group::Pre task execution logs
[2024-07-25T15:23:46.506-0300] {taskinstance.py:2076} INFO - Dependencies all met for dep_context=non-requeueable deps ti=<TaskInstance: Binance_5m.get_5m_info scheduled__2024-07-25T15:35:00+00:00 [queued]>
[2024-07-25T15:23:46.509-0300] {taskinstance.py:2076} INFO - Dependencies all met for dep_context=requeueable deps ti=<TaskInstance: Binance_5m.get_5m_info scheduled__2024-07-25T15:35:00+00:00 [queued]>
[2024-07-25T15:23:46.510-0300] {taskinstance.py:2306} INFO - Starting attempt 1 of 1
[2024-07-25T15:23:46.521-0300] {taskinstance.py:2330} INFO - Executing <Task(PythonOperator): get_5m_info> on 2024-07-25 15:35:00+00:00
[2024-07-25T15:23:46.524-0300] {standard_task_runner.py:64} INFO - Started process 2635468 to run task
[2024-07-25T15:23:46.525-0300] {standard_task_runner.py:90} INFO - Running: ['airflow', 'tasks', 'run', 'Binance_5m', 'get_5m_info', 'scheduled__2024-07-25T15:35:00+00:00', '--job-id', '2722', '--raw', '--subdir', 'DAGS_FOLDER/binance_dag.py', '--cfg-path', '/tmp/tmpg7ub_716']
[2024-07-25T15:23:46.526-0300] {standard_task_runner.py:91} INFO - Job 2722: Subtask get_5m_info
[2024-07-25T15:23:46.551-0300] {task_command.py:426} INFO - Running <TaskInstance: Binance_5m.get_5m_info scheduled__2024-07-25T15:35:00+00:00 [running]> on host Galaxybook.
[2024-07-25T15:23:46.602-0300] {taskinstance.py:2648} INFO - Exporting env vars: AIRFLOW_CTX_DAG_OWNER='airflow' AIRFLOW_CTX_DAG_ID='Binance_5m' AIRFLOW_CTX_TASK_ID='get_5m_info' AIRFLOW_CTX_EXECUTION_DATE='2024-07-25T15:35:00+00:00' AIRFLOW_CTX_TRY_NUMBER='1' AIRFLOW_CTX_DAG_RUN_ID='scheduled__2024-07-25T15:35:00+00:00'
[2024-07-25T15:23:46.602-0300] {taskinstance.py:430} INFO - ::endgroup::
[2024-07-25T15:23:46.610-0300] {binance_dag.py:23} INFO - End Time: 2024-07-25T15:40:00.00Z
[2024-07-25T15:23:46.611-0300] {binance_dag.py:24} INFO - Start Time: 2024-07-25T15:35:00.00Z
[2024-07-25T15:23:46.671-0300] {binance_dag.py:25} INFO - 1721932500000
[2024-07-25T15:23:46.674-0300] {base.py:84} INFO - Using connection ID 'binance_default' for task execution.
[2024-07-25T15:23:46.674-0300] {logging_mixin.py:188} INFO - https://api.binance.com
[2024-07-25T15:23:46.675-0300] {binance_hook.py:35} INFO - URL: https://api.binance.com/api/v3/klines?symbol=BTCBRL&interval=5m&startTime=1721932500000&endTime=1721932799999
[2024-07-25T15:23:47.064-0300] {python.py:237} INFO - Done. Returned value was: None
[2024-07-25T15:23:47.065-0300] {taskinstance.py:441} INFO - ::group::Post task execution logs
[2024-07-25T15:23:47.068-0300] {taskinstance.py:1206} INFO - Marking task as SUCCESS. dag_id=Binance_5m, task_id=get_5m_info, run_id=scheduled__2024-07-25T15:35:00+00:00, execution_date=20240725T153500, start_date=20240725T182346, end_date=20240725T182347
[2024-07-25T15:23:47.110-0300] {local_task_job_runner.py:243} INFO - Task exited with return code 0
[2024-07-25T15:23:47.119-0300] {taskinstance.py:3503} INFO - 0 downstream tasks scheduled from follow-on schedule check
[2024-07-25T15:23:47.119-0300] {local_task_job_runner.py:222} INFO - ::endgroup::
[2024-07-25T16:22:19.985-0300] {local_task_job_runner.py:120} INFO - ::group::Pre task execution logs
[2024-07-25T16:22:19.996-0300] {taskinstance.py:2076} INFO - Dependencies all met for dep_context=non-requeueable deps ti=<TaskInstance: Binance_5m.get_5m_info scheduled__2024-07-25T15:35:00+00:00 [queued]>
[2024-07-25T16:22:20.001-0300] {taskinstance.py:2076} INFO - Dependencies all met for dep_context=requeueable deps ti=<TaskInstance: Binance_5m.get_5m_info scheduled__2024-07-25T15:35:00+00:00 [queued]>
[2024-07-25T16:22:20.001-0300] {taskinstance.py:2306} INFO - Starting attempt 1 of 1
[2024-07-25T16:22:20.020-0300] {taskinstance.py:2330} INFO - Executing <Task(PythonOperator): get_5m_info> on 2024-07-25 15:35:00+00:00
[2024-07-25T16:22:20.023-0300] {standard_task_runner.py:64} INFO - Started process 2665381 to run task
[2024-07-25T16:22:20.025-0300] {standard_task_runner.py:90} INFO - Running: ['airflow', 'tasks', 'run', 'Binance_5m', 'get_5m_info', 'scheduled__2024-07-25T15:35:00+00:00', '--job-id', '2345', '--raw', '--subdir', 'DAGS_FOLDER/binance_dag.py', '--cfg-path', '/tmp/tmpugq9h9s4']
[2024-07-25T16:22:20.026-0300] {standard_task_runner.py:91} INFO - Job 2345: Subtask get_5m_info
[2024-07-25T16:22:20.064-0300] {task_command.py:426} INFO - Running <TaskInstance: Binance_5m.get_5m_info scheduled__2024-07-25T15:35:00+00:00 [running]> on host Galaxybook.
[2024-07-25T16:22:20.138-0300] {taskinstance.py:2648} INFO - Exporting env vars: AIRFLOW_CTX_DAG_OWNER='airflow' AIRFLOW_CTX_DAG_ID='Binance_5m' AIRFLOW_CTX_TASK_ID='get_5m_info' AIRFLOW_CTX_EXECUTION_DATE='2024-07-25T15:35:00+00:00' AIRFLOW_CTX_TRY_NUMBER='1' AIRFLOW_CTX_DAG_RUN_ID='scheduled__2024-07-25T15:35:00+00:00'
[2024-07-25T16:22:20.138-0300] {taskinstance.py:430} INFO - ::endgroup::
[2024-07-25T16:22:20.149-0300] {binance_dag.py:22} INFO - End Time: 2024-07-25 15:40:00+00:00
[2024-07-25T16:22:20.149-0300] {binance_dag.py:23} INFO - Start Time: 2024-07-25 15:35:00+00:00
[2024-07-25T16:22:20.149-0300] {binance_dag.py:24} INFO - Start timestamp: 1721921700000
[2024-07-25T16:22:20.149-0300] {binance_dag.py:25} INFO - End timestamp: 1721922000000
[2024-07-25T16:22:20.235-0300] {base.py:84} INFO - Using connection ID 'binance_default' for task execution.
[2024-07-25T16:22:20.235-0300] {logging_mixin.py:188} INFO - https://api.binance.com
[2024-07-25T16:22:20.236-0300] {binance_hook.py:35} INFO - URL: https://api.binance.com/api/v3/klines?symbol=BTCBRL&interval=5m&startTime=1721921700000&endTime=1721921999999&timeZone=-3
[2024-07-25T16:22:20.686-0300] {python.py:237} INFO - Done. Returned value was: None
[2024-07-25T16:22:20.687-0300] {taskinstance.py:441} INFO - ::group::Post task execution logs
[2024-07-25T16:22:20.689-0300] {taskinstance.py:1206} INFO - Marking task as SUCCESS. dag_id=Binance_5m, task_id=get_5m_info, run_id=scheduled__2024-07-25T15:35:00+00:00, execution_date=20240725T153500, start_date=20240725T192219, end_date=20240725T192220
[2024-07-25T16:22:20.731-0300] {local_task_job_runner.py:243} INFO - Task exited with return code 0
[2024-07-25T16:22:20.739-0300] {taskinstance.py:3503} INFO - 0 downstream tasks scheduled from follow-on schedule check
[2024-07-25T16:22:20.739-0300] {local_task_job_runner.py:222} INFO - ::endgroup::
