[2024-07-22T22:36:16.898-0300] {processor.py:161} INFO - Started process (PID=1050295) to work on /home/hugoviana/Projetos/crypto-etl/.venv/lib/python3.12/site-packages/airflow/example_dags/subdags/subdag.py
[2024-07-22T22:36:16.899-0300] {processor.py:830} INFO - Processing file /home/hugoviana/Projetos/crypto-etl/.venv/lib/python3.12/site-packages/airflow/example_dags/subdags/subdag.py for tasks to queue
[2024-07-22T22:36:16.900-0300] {logging_mixin.py:188} INFO - [2024-07-22T22:36:16.900-0300] {dagbag.py:545} INFO - Filling up the DagBag from /home/hugoviana/Projetos/crypto-etl/.venv/lib/python3.12/site-packages/airflow/example_dags/subdags/subdag.py
[2024-07-22T22:36:16.901-0300] {processor.py:842} WARNING - No viable dags retrieved from /home/hugoviana/Projetos/crypto-etl/.venv/lib/python3.12/site-packages/airflow/example_dags/subdags/subdag.py
[2024-07-22T22:36:16.909-0300] {processor.py:183} INFO - Processing /home/hugoviana/Projetos/crypto-etl/.venv/lib/python3.12/site-packages/airflow/example_dags/subdags/subdag.py took 0.015 seconds
[2024-07-22T22:37:10.761-0300] {processor.py:161} INFO - Started process (PID=1050969) to work on /home/hugoviana/Projetos/crypto-etl/.venv/lib/python3.12/site-packages/airflow/example_dags/subdags/subdag.py
[2024-07-22T22:37:10.763-0300] {processor.py:830} INFO - Processing file /home/hugoviana/Projetos/crypto-etl/.venv/lib/python3.12/site-packages/airflow/example_dags/subdags/subdag.py for tasks to queue
[2024-07-22T22:37:10.764-0300] {logging_mixin.py:188} INFO - [2024-07-22T22:37:10.764-0300] {dagbag.py:545} INFO - Filling up the DagBag from /home/hugoviana/Projetos/crypto-etl/.venv/lib/python3.12/site-packages/airflow/example_dags/subdags/subdag.py
[2024-07-22T22:37:10.766-0300] {processor.py:842} WARNING - No viable dags retrieved from /home/hugoviana/Projetos/crypto-etl/.venv/lib/python3.12/site-packages/airflow/example_dags/subdags/subdag.py
[2024-07-22T22:37:10.774-0300] {processor.py:183} INFO - Processing /home/hugoviana/Projetos/crypto-etl/.venv/lib/python3.12/site-packages/airflow/example_dags/subdags/subdag.py took 0.018 seconds
[2024-07-22T22:37:53.228-0300] {processor.py:161} INFO - Started process (PID=1051528) to work on /home/hugoviana/Projetos/crypto-etl/.venv/lib/python3.12/site-packages/airflow/example_dags/subdags/subdag.py
[2024-07-22T22:37:53.229-0300] {processor.py:830} INFO - Processing file /home/hugoviana/Projetos/crypto-etl/.venv/lib/python3.12/site-packages/airflow/example_dags/subdags/subdag.py for tasks to queue
[2024-07-22T22:37:53.230-0300] {logging_mixin.py:188} INFO - [2024-07-22T22:37:53.230-0300] {dagbag.py:545} INFO - Filling up the DagBag from /home/hugoviana/Projetos/crypto-etl/.venv/lib/python3.12/site-packages/airflow/example_dags/subdags/subdag.py
[2024-07-22T22:37:53.232-0300] {processor.py:842} WARNING - No viable dags retrieved from /home/hugoviana/Projetos/crypto-etl/.venv/lib/python3.12/site-packages/airflow/example_dags/subdags/subdag.py
[2024-07-22T22:37:53.239-0300] {processor.py:183} INFO - Processing /home/hugoviana/Projetos/crypto-etl/.venv/lib/python3.12/site-packages/airflow/example_dags/subdags/subdag.py took 0.014 seconds
[2024-07-22T22:38:34.867-0300] {processor.py:161} INFO - Started process (PID=1051978) to work on /home/hugoviana/Projetos/crypto-etl/.venv/lib/python3.12/site-packages/airflow/example_dags/subdags/subdag.py
[2024-07-22T22:38:34.868-0300] {processor.py:830} INFO - Processing file /home/hugoviana/Projetos/crypto-etl/.venv/lib/python3.12/site-packages/airflow/example_dags/subdags/subdag.py for tasks to queue
[2024-07-22T22:38:34.870-0300] {logging_mixin.py:188} INFO - [2024-07-22T22:38:34.870-0300] {dagbag.py:545} INFO - Filling up the DagBag from /home/hugoviana/Projetos/crypto-etl/.venv/lib/python3.12/site-packages/airflow/example_dags/subdags/subdag.py
[2024-07-22T22:38:34.871-0300] {processor.py:842} WARNING - No viable dags retrieved from /home/hugoviana/Projetos/crypto-etl/.venv/lib/python3.12/site-packages/airflow/example_dags/subdags/subdag.py
[2024-07-22T22:38:34.882-0300] {processor.py:183} INFO - Processing /home/hugoviana/Projetos/crypto-etl/.venv/lib/python3.12/site-packages/airflow/example_dags/subdags/subdag.py took 0.019 seconds
[2024-07-22T22:39:17.143-0300] {processor.py:161} INFO - Started process (PID=1052665) to work on /home/hugoviana/Projetos/crypto-etl/.venv/lib/python3.12/site-packages/airflow/example_dags/subdags/subdag.py
[2024-07-22T22:39:17.144-0300] {processor.py:830} INFO - Processing file /home/hugoviana/Projetos/crypto-etl/.venv/lib/python3.12/site-packages/airflow/example_dags/subdags/subdag.py for tasks to queue
[2024-07-22T22:39:17.146-0300] {logging_mixin.py:188} INFO - [2024-07-22T22:39:17.145-0300] {dagbag.py:545} INFO - Filling up the DagBag from /home/hugoviana/Projetos/crypto-etl/.venv/lib/python3.12/site-packages/airflow/example_dags/subdags/subdag.py
[2024-07-22T22:39:17.147-0300] {processor.py:842} WARNING - No viable dags retrieved from /home/hugoviana/Projetos/crypto-etl/.venv/lib/python3.12/site-packages/airflow/example_dags/subdags/subdag.py
[2024-07-22T22:39:17.154-0300] {processor.py:183} INFO - Processing /home/hugoviana/Projetos/crypto-etl/.venv/lib/python3.12/site-packages/airflow/example_dags/subdags/subdag.py took 0.015 seconds
