[2024-07-25T14:48:17.259-0300] {local_task_job_runner.py:120} INFO - ::group::Pre task execution logs
[2024-07-25T14:48:17.266-0300] {taskinstance.py:2076} INFO - Dependencies all met for dep_context=non-requeueable deps ti=<TaskInstance: Binance_5m.get_5m_info scheduled__2024-07-25T03:40:00+00:00 [queued]>
[2024-07-25T14:48:17.269-0300] {taskinstance.py:2076} INFO - Dependencies all met for dep_context=requeueable deps ti=<TaskInstance: Binance_5m.get_5m_info scheduled__2024-07-25T03:40:00+00:00 [queued]>
[2024-07-25T14:48:17.269-0300] {taskinstance.py:2306} INFO - Starting attempt 1 of 1
[2024-07-25T14:48:17.283-0300] {taskinstance.py:2330} INFO - Executing <Task(PythonOperator): get_5m_info> on 2024-07-25 03:40:00+00:00
[2024-07-25T14:48:17.285-0300] {standard_task_runner.py:64} INFO - Started process 2607683 to run task
[2024-07-25T14:48:17.287-0300] {standard_task_runner.py:90} INFO - Running: ['airflow', 'tasks', 'run', 'Binance_5m', 'get_5m_info', 'scheduled__2024-07-25T03:40:00+00:00', '--job-id', '2130', '--raw', '--subdir', 'DAGS_FOLDER/binance_dag.py', '--cfg-path', '/tmp/tmpi2ny64mw']
[2024-07-25T14:48:17.288-0300] {standard_task_runner.py:91} INFO - Job 2130: Subtask get_5m_info
[2024-07-25T14:48:17.320-0300] {task_command.py:426} INFO - Running <TaskInstance: Binance_5m.get_5m_info scheduled__2024-07-25T03:40:00+00:00 [running]> on host Galaxybook.
[2024-07-25T14:48:17.378-0300] {taskinstance.py:2648} INFO - Exporting env vars: AIRFLOW_CTX_DAG_OWNER='airflow' AIRFLOW_CTX_DAG_ID='Binance_5m' AIRFLOW_CTX_TASK_ID='get_5m_info' AIRFLOW_CTX_EXECUTION_DATE='2024-07-25T03:40:00+00:00' AIRFLOW_CTX_TRY_NUMBER='1' AIRFLOW_CTX_DAG_RUN_ID='scheduled__2024-07-25T03:40:00+00:00'
[2024-07-25T14:48:17.379-0300] {taskinstance.py:430} INFO - ::endgroup::
[2024-07-25T14:48:17.388-0300] {binance_dag.py:23} INFO - End Time: 2024-07-25T03:45:00.00Z
[2024-07-25T14:48:17.388-0300] {binance_dag.py:24} INFO - Start Time: 2024-07-25T03:40:00.00Z
[2024-07-25T14:48:17.459-0300] {base.py:84} INFO - Using connection ID 'binance_default' for task execution.
[2024-07-25T14:48:17.459-0300] {logging_mixin.py:188} INFO - https://api.binance.com
[2024-07-25T14:48:17.460-0300] {binance_hook.py:35} INFO - URL: https://api.binance.com/api/v3/klines?symbol=BTCBRL&interval=5m&startTime=1721889600000&endTime=1721889899999
[2024-07-25T14:48:17.853-0300] {binance_dag.py:43} INFO - r: [[1721889600000, '365676.00000000', '366184.00000000', '365676.00000000', '366184.00000000', '0.01037000', 1721889899999, '3794.70253000', 15, '0.00972000', '3556.83458000', '0']]
[2024-07-25T14:48:17.854-0300] {python.py:237} INFO - Done. Returned value was: None
[2024-07-25T14:48:17.855-0300] {taskinstance.py:441} INFO - ::group::Post task execution logs
[2024-07-25T14:48:17.857-0300] {taskinstance.py:1206} INFO - Marking task as SUCCESS. dag_id=Binance_5m, task_id=get_5m_info, run_id=scheduled__2024-07-25T03:40:00+00:00, execution_date=20240725T034000, start_date=20240725T174817, end_date=20240725T174817
[2024-07-25T14:48:17.871-0300] {local_task_job_runner.py:243} INFO - Task exited with return code 0
[2024-07-25T14:48:17.879-0300] {taskinstance.py:3503} INFO - 0 downstream tasks scheduled from follow-on schedule check
[2024-07-25T14:48:17.879-0300] {local_task_job_runner.py:222} INFO - ::endgroup::
[2024-07-25T15:18:27.063-0300] {local_task_job_runner.py:120} INFO - ::group::Pre task execution logs
[2024-07-25T15:18:27.069-0300] {taskinstance.py:2076} INFO - Dependencies all met for dep_context=non-requeueable deps ti=<TaskInstance: Binance_5m.get_5m_info scheduled__2024-07-25T03:40:00+00:00 [queued]>
[2024-07-25T15:18:27.073-0300] {taskinstance.py:2076} INFO - Dependencies all met for dep_context=requeueable deps ti=<TaskInstance: Binance_5m.get_5m_info scheduled__2024-07-25T03:40:00+00:00 [queued]>
[2024-07-25T15:18:27.073-0300] {taskinstance.py:2306} INFO - Starting attempt 1 of 1
[2024-07-25T15:18:27.086-0300] {taskinstance.py:2330} INFO - Executing <Task(PythonOperator): get_5m_info> on 2024-07-25 03:40:00+00:00
[2024-07-25T15:18:27.089-0300] {standard_task_runner.py:64} INFO - Started process 2630209 to run task
[2024-07-25T15:18:27.091-0300] {standard_task_runner.py:90} INFO - Running: ['airflow', 'tasks', 'run', 'Binance_5m', 'get_5m_info', 'scheduled__2024-07-25T03:40:00+00:00', '--job-id', '2579', '--raw', '--subdir', 'DAGS_FOLDER/binance_dag.py', '--cfg-path', '/tmp/tmp3ktwgrb2']
[2024-07-25T15:18:27.092-0300] {standard_task_runner.py:91} INFO - Job 2579: Subtask get_5m_info
[2024-07-25T15:18:27.123-0300] {task_command.py:426} INFO - Running <TaskInstance: Binance_5m.get_5m_info scheduled__2024-07-25T03:40:00+00:00 [running]> on host Galaxybook.
[2024-07-25T15:18:27.180-0300] {taskinstance.py:2648} INFO - Exporting env vars: AIRFLOW_CTX_DAG_OWNER='airflow' AIRFLOW_CTX_DAG_ID='Binance_5m' AIRFLOW_CTX_TASK_ID='get_5m_info' AIRFLOW_CTX_EXECUTION_DATE='2024-07-25T03:40:00+00:00' AIRFLOW_CTX_TRY_NUMBER='1' AIRFLOW_CTX_DAG_RUN_ID='scheduled__2024-07-25T03:40:00+00:00'
[2024-07-25T15:18:27.181-0300] {taskinstance.py:430} INFO - ::endgroup::
[2024-07-25T15:18:27.190-0300] {binance_dag.py:23} INFO - End Time: 2024-07-25T03:45:00.00Z
[2024-07-25T15:18:27.190-0300] {binance_dag.py:24} INFO - Start Time: 2024-07-25T03:40:00.00Z
[2024-07-25T15:18:27.268-0300] {binance_dag.py:25} INFO - 1721889600000
[2024-07-25T15:18:27.272-0300] {base.py:84} INFO - Using connection ID 'binance_default' for task execution.
[2024-07-25T15:18:27.272-0300] {logging_mixin.py:188} INFO - https://api.binance.com
[2024-07-25T15:18:27.273-0300] {binance_hook.py:35} INFO - URL: https://api.binance.com/api/v3/klines?symbol=BTCBRL&interval=5m&startTime=1721889600000&endTime=1721889899999
[2024-07-25T15:18:27.664-0300] {python.py:237} INFO - Done. Returned value was: None
[2024-07-25T15:18:27.665-0300] {taskinstance.py:441} INFO - ::group::Post task execution logs
[2024-07-25T15:18:27.667-0300] {taskinstance.py:1206} INFO - Marking task as SUCCESS. dag_id=Binance_5m, task_id=get_5m_info, run_id=scheduled__2024-07-25T03:40:00+00:00, execution_date=20240725T034000, start_date=20240725T181827, end_date=20240725T181827
[2024-07-25T15:18:27.715-0300] {local_task_job_runner.py:243} INFO - Task exited with return code 0
[2024-07-25T15:18:27.721-0300] {taskinstance.py:3503} INFO - 0 downstream tasks scheduled from follow-on schedule check
[2024-07-25T15:18:27.722-0300] {local_task_job_runner.py:222} INFO - ::endgroup::
[2024-07-25T16:14:58.509-0300] {local_task_job_runner.py:120} INFO - ::group::Pre task execution logs
[2024-07-25T16:14:58.516-0300] {taskinstance.py:2076} INFO - Dependencies all met for dep_context=non-requeueable deps ti=<TaskInstance: Binance_5m.get_5m_info scheduled__2024-07-25T03:40:00+00:00 [queued]>
[2024-07-25T16:14:58.520-0300] {taskinstance.py:2076} INFO - Dependencies all met for dep_context=requeueable deps ti=<TaskInstance: Binance_5m.get_5m_info scheduled__2024-07-25T03:40:00+00:00 [queued]>
[2024-07-25T16:14:58.520-0300] {taskinstance.py:2306} INFO - Starting attempt 1 of 1
[2024-07-25T16:14:58.533-0300] {taskinstance.py:2330} INFO - Executing <Task(PythonOperator): get_5m_info> on 2024-07-25 03:40:00+00:00
[2024-07-25T16:14:58.535-0300] {standard_task_runner.py:64} INFO - Started process 2657958 to run task
[2024-07-25T16:14:58.537-0300] {standard_task_runner.py:90} INFO - Running: ['airflow', 'tasks', 'run', 'Binance_5m', 'get_5m_info', 'scheduled__2024-07-25T03:40:00+00:00', '--job-id', '2139', '--raw', '--subdir', 'DAGS_FOLDER/binance_dag.py', '--cfg-path', '/tmp/tmpsshxwpgz']
[2024-07-25T16:14:58.539-0300] {standard_task_runner.py:91} INFO - Job 2139: Subtask get_5m_info
[2024-07-25T16:14:58.566-0300] {task_command.py:426} INFO - Running <TaskInstance: Binance_5m.get_5m_info scheduled__2024-07-25T03:40:00+00:00 [running]> on host Galaxybook.
[2024-07-25T16:14:58.619-0300] {taskinstance.py:2648} INFO - Exporting env vars: AIRFLOW_CTX_DAG_OWNER='airflow' AIRFLOW_CTX_DAG_ID='Binance_5m' AIRFLOW_CTX_TASK_ID='get_5m_info' AIRFLOW_CTX_EXECUTION_DATE='2024-07-25T03:40:00+00:00' AIRFLOW_CTX_TRY_NUMBER='1' AIRFLOW_CTX_DAG_RUN_ID='scheduled__2024-07-25T03:40:00+00:00'
[2024-07-25T16:14:58.620-0300] {taskinstance.py:430} INFO - ::endgroup::
[2024-07-25T16:14:58.627-0300] {binance_dag.py:22} INFO - End Time: 2024-07-25 03:45:00+00:00
[2024-07-25T16:14:58.627-0300] {binance_dag.py:23} INFO - Start Time: 2024-07-25 03:40:00+00:00
[2024-07-25T16:14:58.627-0300] {binance_dag.py:24} INFO - Start timestamp: 1721878800000
[2024-07-25T16:14:58.627-0300] {binance_dag.py:25} INFO - End timestamp: 1721879100000
[2024-07-25T16:14:58.691-0300] {base.py:84} INFO - Using connection ID 'binance_default' for task execution.
[2024-07-25T16:14:58.691-0300] {logging_mixin.py:188} INFO - https://api.binance.com
[2024-07-25T16:14:58.691-0300] {binance_hook.py:35} INFO - URL: https://api.binance.com/api/v3/klines?symbol=BTCBRL&interval=5m&startTime=1721878800000&endTime=1721879099999&timeZone=-3
[2024-07-25T16:14:59.116-0300] {python.py:237} INFO - Done. Returned value was: None
[2024-07-25T16:14:59.117-0300] {taskinstance.py:441} INFO - ::group::Post task execution logs
[2024-07-25T16:14:59.120-0300] {taskinstance.py:1206} INFO - Marking task as SUCCESS. dag_id=Binance_5m, task_id=get_5m_info, run_id=scheduled__2024-07-25T03:40:00+00:00, execution_date=20240725T034000, start_date=20240725T191458, end_date=20240725T191459
[2024-07-25T16:14:59.158-0300] {local_task_job_runner.py:243} INFO - Task exited with return code 0
[2024-07-25T16:14:59.165-0300] {taskinstance.py:3503} INFO - 0 downstream tasks scheduled from follow-on schedule check
[2024-07-25T16:14:59.166-0300] {local_task_job_runner.py:222} INFO - ::endgroup::
