[2024-07-25T14:47:46.383-0300] {local_task_job_runner.py:120} INFO - ::group::Pre task execution logs
[2024-07-25T14:47:46.388-0300] {taskinstance.py:2076} INFO - Dependencies all met for dep_context=non-requeueable deps ti=<TaskInstance: Binance_5m.get_5m_info scheduled__2024-07-25T02:40:00+00:00 [queued]>
[2024-07-25T14:47:46.391-0300] {taskinstance.py:2076} INFO - Dependencies all met for dep_context=requeueable deps ti=<TaskInstance: Binance_5m.get_5m_info scheduled__2024-07-25T02:40:00+00:00 [queued]>
[2024-07-25T14:47:46.391-0300] {taskinstance.py:2306} INFO - Starting attempt 1 of 1
[2024-07-25T14:47:46.409-0300] {taskinstance.py:2330} INFO - Executing <Task(PythonOperator): get_5m_info> on 2024-07-25 02:40:00+00:00
[2024-07-25T14:47:46.411-0300] {standard_task_runner.py:64} INFO - Started process 2607159 to run task
[2024-07-25T14:47:46.413-0300] {standard_task_runner.py:90} INFO - Running: ['airflow', 'tasks', 'run', 'Binance_5m', 'get_5m_info', 'scheduled__2024-07-25T02:40:00+00:00', '--job-id', '2118', '--raw', '--subdir', 'DAGS_FOLDER/binance_dag.py', '--cfg-path', '/tmp/tmp7kxv64y1']
[2024-07-25T14:47:46.414-0300] {standard_task_runner.py:91} INFO - Job 2118: Subtask get_5m_info
[2024-07-25T14:47:46.440-0300] {task_command.py:426} INFO - Running <TaskInstance: Binance_5m.get_5m_info scheduled__2024-07-25T02:40:00+00:00 [running]> on host Galaxybook.
[2024-07-25T14:47:46.492-0300] {taskinstance.py:2648} INFO - Exporting env vars: AIRFLOW_CTX_DAG_OWNER='airflow' AIRFLOW_CTX_DAG_ID='Binance_5m' AIRFLOW_CTX_TASK_ID='get_5m_info' AIRFLOW_CTX_EXECUTION_DATE='2024-07-25T02:40:00+00:00' AIRFLOW_CTX_TRY_NUMBER='1' AIRFLOW_CTX_DAG_RUN_ID='scheduled__2024-07-25T02:40:00+00:00'
[2024-07-25T14:47:46.492-0300] {taskinstance.py:430} INFO - ::endgroup::
[2024-07-25T14:47:46.500-0300] {binance_dag.py:23} INFO - End Time: 2024-07-25T02:45:00.00Z
[2024-07-25T14:47:46.500-0300] {binance_dag.py:24} INFO - Start Time: 2024-07-25T02:40:00.00Z
[2024-07-25T14:47:46.555-0300] {base.py:84} INFO - Using connection ID 'binance_default' for task execution.
[2024-07-25T14:47:46.556-0300] {logging_mixin.py:188} INFO - https://api.binance.com
[2024-07-25T14:47:46.556-0300] {binance_hook.py:35} INFO - URL: https://api.binance.com/api/v3/klines?symbol=BTCBRL&interval=5m&startTime=1721886000000&endTime=1721886299999
[2024-07-25T14:47:46.945-0300] {binance_dag.py:43} INFO - r: [[1721886000000, '365838.00000000', '365937.00000000', '365600.00000000', '365840.00000000', '0.06916000', 1721886299999, '25299.80218000', 11, '0.06771000', '24769.52185000', '0']]
[2024-07-25T14:47:46.947-0300] {python.py:237} INFO - Done. Returned value was: None
[2024-07-25T14:47:46.948-0300] {taskinstance.py:441} INFO - ::group::Post task execution logs
[2024-07-25T14:47:46.951-0300] {taskinstance.py:1206} INFO - Marking task as SUCCESS. dag_id=Binance_5m, task_id=get_5m_info, run_id=scheduled__2024-07-25T02:40:00+00:00, execution_date=20240725T024000, start_date=20240725T174746, end_date=20240725T174746
[2024-07-25T14:47:46.997-0300] {local_task_job_runner.py:243} INFO - Task exited with return code 0
[2024-07-25T14:47:47.004-0300] {taskinstance.py:3503} INFO - 0 downstream tasks scheduled from follow-on schedule check
[2024-07-25T14:47:47.004-0300] {local_task_job_runner.py:222} INFO - ::endgroup::
[2024-07-25T15:18:00.789-0300] {local_task_job_runner.py:120} INFO - ::group::Pre task execution logs
[2024-07-25T15:18:00.795-0300] {taskinstance.py:2076} INFO - Dependencies all met for dep_context=non-requeueable deps ti=<TaskInstance: Binance_5m.get_5m_info scheduled__2024-07-25T02:40:00+00:00 [queued]>
[2024-07-25T15:18:00.799-0300] {taskinstance.py:2076} INFO - Dependencies all met for dep_context=requeueable deps ti=<TaskInstance: Binance_5m.get_5m_info scheduled__2024-07-25T02:40:00+00:00 [queued]>
[2024-07-25T15:18:00.799-0300] {taskinstance.py:2306} INFO - Starting attempt 1 of 1
[2024-07-25T15:18:00.814-0300] {taskinstance.py:2330} INFO - Executing <Task(PythonOperator): get_5m_info> on 2024-07-25 02:40:00+00:00
[2024-07-25T15:18:00.816-0300] {standard_task_runner.py:64} INFO - Started process 2629766 to run task
[2024-07-25T15:18:00.818-0300] {standard_task_runner.py:90} INFO - Running: ['airflow', 'tasks', 'run', 'Binance_5m', 'get_5m_info', 'scheduled__2024-07-25T02:40:00+00:00', '--job-id', '2567', '--raw', '--subdir', 'DAGS_FOLDER/binance_dag.py', '--cfg-path', '/tmp/tmp6gcb1vtl']
[2024-07-25T15:18:00.819-0300] {standard_task_runner.py:91} INFO - Job 2567: Subtask get_5m_info
[2024-07-25T15:18:00.843-0300] {task_command.py:426} INFO - Running <TaskInstance: Binance_5m.get_5m_info scheduled__2024-07-25T02:40:00+00:00 [running]> on host Galaxybook.
[2024-07-25T15:18:00.894-0300] {taskinstance.py:2648} INFO - Exporting env vars: AIRFLOW_CTX_DAG_OWNER='airflow' AIRFLOW_CTX_DAG_ID='Binance_5m' AIRFLOW_CTX_TASK_ID='get_5m_info' AIRFLOW_CTX_EXECUTION_DATE='2024-07-25T02:40:00+00:00' AIRFLOW_CTX_TRY_NUMBER='1' AIRFLOW_CTX_DAG_RUN_ID='scheduled__2024-07-25T02:40:00+00:00'
[2024-07-25T15:18:00.894-0300] {taskinstance.py:430} INFO - ::endgroup::
[2024-07-25T15:18:00.902-0300] {binance_dag.py:23} INFO - End Time: 2024-07-25T02:45:00.00Z
[2024-07-25T15:18:00.902-0300] {binance_dag.py:24} INFO - Start Time: 2024-07-25T02:40:00.00Z
[2024-07-25T15:18:00.951-0300] {binance_dag.py:25} INFO - 1721886000000
[2024-07-25T15:18:00.953-0300] {base.py:84} INFO - Using connection ID 'binance_default' for task execution.
[2024-07-25T15:18:00.953-0300] {logging_mixin.py:188} INFO - https://api.binance.com
[2024-07-25T15:18:00.954-0300] {binance_hook.py:35} INFO - URL: https://api.binance.com/api/v3/klines?symbol=BTCBRL&interval=5m&startTime=1721886000000&endTime=1721886299999
[2024-07-25T15:18:01.353-0300] {python.py:237} INFO - Done. Returned value was: None
[2024-07-25T15:18:01.355-0300] {taskinstance.py:441} INFO - ::group::Post task execution logs
[2024-07-25T15:18:01.358-0300] {taskinstance.py:1206} INFO - Marking task as SUCCESS. dag_id=Binance_5m, task_id=get_5m_info, run_id=scheduled__2024-07-25T02:40:00+00:00, execution_date=20240725T024000, start_date=20240725T181800, end_date=20240725T181801
[2024-07-25T15:18:01.404-0300] {local_task_job_runner.py:243} INFO - Task exited with return code 0
[2024-07-25T15:18:01.412-0300] {taskinstance.py:3503} INFO - 0 downstream tasks scheduled from follow-on schedule check
[2024-07-25T15:18:01.412-0300] {local_task_job_runner.py:222} INFO - ::endgroup::
[2024-07-25T16:14:30.847-0300] {local_task_job_runner.py:120} INFO - ::group::Pre task execution logs
[2024-07-25T16:14:30.852-0300] {taskinstance.py:2076} INFO - Dependencies all met for dep_context=non-requeueable deps ti=<TaskInstance: Binance_5m.get_5m_info scheduled__2024-07-25T02:40:00+00:00 [queued]>
[2024-07-25T16:14:30.855-0300] {taskinstance.py:2076} INFO - Dependencies all met for dep_context=requeueable deps ti=<TaskInstance: Binance_5m.get_5m_info scheduled__2024-07-25T02:40:00+00:00 [queued]>
[2024-07-25T16:14:30.856-0300] {taskinstance.py:2306} INFO - Starting attempt 1 of 1
[2024-07-25T16:14:30.873-0300] {taskinstance.py:2330} INFO - Executing <Task(PythonOperator): get_5m_info> on 2024-07-25 02:40:00+00:00
[2024-07-25T16:14:30.875-0300] {standard_task_runner.py:64} INFO - Started process 2657486 to run task
[2024-07-25T16:14:30.877-0300] {standard_task_runner.py:90} INFO - Running: ['airflow', 'tasks', 'run', 'Binance_5m', 'get_5m_info', 'scheduled__2024-07-25T02:40:00+00:00', '--job-id', '2127', '--raw', '--subdir', 'DAGS_FOLDER/binance_dag.py', '--cfg-path', '/tmp/tmphk48h4bp']
[2024-07-25T16:14:30.878-0300] {standard_task_runner.py:91} INFO - Job 2127: Subtask get_5m_info
[2024-07-25T16:14:30.907-0300] {task_command.py:426} INFO - Running <TaskInstance: Binance_5m.get_5m_info scheduled__2024-07-25T02:40:00+00:00 [running]> on host Galaxybook.
[2024-07-25T16:14:30.966-0300] {taskinstance.py:2648} INFO - Exporting env vars: AIRFLOW_CTX_DAG_OWNER='airflow' AIRFLOW_CTX_DAG_ID='Binance_5m' AIRFLOW_CTX_TASK_ID='get_5m_info' AIRFLOW_CTX_EXECUTION_DATE='2024-07-25T02:40:00+00:00' AIRFLOW_CTX_TRY_NUMBER='1' AIRFLOW_CTX_DAG_RUN_ID='scheduled__2024-07-25T02:40:00+00:00'
[2024-07-25T16:14:30.966-0300] {taskinstance.py:430} INFO - ::endgroup::
[2024-07-25T16:14:30.976-0300] {binance_dag.py:22} INFO - End Time: 2024-07-25 02:45:00+00:00
[2024-07-25T16:14:30.976-0300] {binance_dag.py:23} INFO - Start Time: 2024-07-25 02:40:00+00:00
[2024-07-25T16:14:30.976-0300] {binance_dag.py:24} INFO - Start timestamp: 1721875200000
[2024-07-25T16:14:30.976-0300] {binance_dag.py:25} INFO - End timestamp: 1721875500000
[2024-07-25T16:14:31.034-0300] {base.py:84} INFO - Using connection ID 'binance_default' for task execution.
[2024-07-25T16:14:31.035-0300] {logging_mixin.py:188} INFO - https://api.binance.com
[2024-07-25T16:14:31.035-0300] {binance_hook.py:35} INFO - URL: https://api.binance.com/api/v3/klines?symbol=BTCBRL&interval=5m&startTime=1721875200000&endTime=1721875499999&timeZone=-3
[2024-07-25T16:14:31.433-0300] {python.py:237} INFO - Done. Returned value was: None
[2024-07-25T16:14:31.434-0300] {taskinstance.py:441} INFO - ::group::Post task execution logs
[2024-07-25T16:14:31.437-0300] {taskinstance.py:1206} INFO - Marking task as SUCCESS. dag_id=Binance_5m, task_id=get_5m_info, run_id=scheduled__2024-07-25T02:40:00+00:00, execution_date=20240725T024000, start_date=20240725T191430, end_date=20240725T191431
[2024-07-25T16:14:31.460-0300] {local_task_job_runner.py:243} INFO - Task exited with return code 0
[2024-07-25T16:14:31.466-0300] {taskinstance.py:3503} INFO - 0 downstream tasks scheduled from follow-on schedule check
[2024-07-25T16:14:31.466-0300] {local_task_job_runner.py:222} INFO - ::endgroup::
