[2024-07-25T15:52:09.914-0300] {local_task_job_runner.py:120} INFO - ::group::Pre task execution logs
[2024-07-25T15:52:09.920-0300] {taskinstance.py:2076} INFO - Dependencies all met for dep_context=non-requeueable deps ti=<TaskInstance: Binance_5m.get_5m_info manual__2024-07-25T18:52:07.574966+00:00 [queued]>
[2024-07-25T15:52:09.925-0300] {taskinstance.py:2076} INFO - Dependencies all met for dep_context=requeueable deps ti=<TaskInstance: Binance_5m.get_5m_info manual__2024-07-25T18:52:07.574966+00:00 [queued]>
[2024-07-25T15:52:09.925-0300] {taskinstance.py:2306} INFO - Starting attempt 1 of 1
[2024-07-25T15:52:09.938-0300] {taskinstance.py:2330} INFO - Executing <Task(PythonOperator): get_5m_info> on 2024-07-25 18:52:07.574966+00:00
[2024-07-25T15:52:09.941-0300] {standard_task_runner.py:64} INFO - Started process 2646764 to run task
[2024-07-25T15:52:09.943-0300] {standard_task_runner.py:90} INFO - Running: ['airflow', 'tasks', 'run', 'Binance_5m', 'get_5m_info', 'manual__2024-07-25T18:52:07.574966+00:00', '--job-id', '2764', '--raw', '--subdir', 'DAGS_FOLDER/binance_dag.py', '--cfg-path', '/tmp/tmp_vo_1pdb']
[2024-07-25T15:52:09.944-0300] {standard_task_runner.py:91} INFO - Job 2764: Subtask get_5m_info
[2024-07-25T15:52:09.973-0300] {task_command.py:426} INFO - Running <TaskInstance: Binance_5m.get_5m_info manual__2024-07-25T18:52:07.574966+00:00 [running]> on host Galaxybook.
[2024-07-25T15:52:10.033-0300] {taskinstance.py:2648} INFO - Exporting env vars: AIRFLOW_CTX_DAG_OWNER='airflow' AIRFLOW_CTX_DAG_ID='Binance_5m' AIRFLOW_CTX_TASK_ID='get_5m_info' AIRFLOW_CTX_EXECUTION_DATE='2024-07-25T18:52:07.574966+00:00' AIRFLOW_CTX_TRY_NUMBER='1' AIRFLOW_CTX_DAG_RUN_ID='manual__2024-07-25T18:52:07.574966+00:00'
[2024-07-25T15:52:10.034-0300] {taskinstance.py:430} INFO - ::endgroup::
[2024-07-25T15:52:10.042-0300] {binance_dag.py:23} INFO - End Time: 2024-07-25T18:50:00.00Z
[2024-07-25T15:52:10.042-0300] {binance_dag.py:24} INFO - Start Time: 2024-07-25T18:45:00.00Z
[2024-07-25T15:52:10.104-0300] {binance_dag.py:25} INFO - 1721943900000
[2024-07-25T15:52:10.106-0300] {base.py:84} INFO - Using connection ID 'binance_default' for task execution.
[2024-07-25T15:52:10.107-0300] {logging_mixin.py:188} INFO - https://api.binance.com
[2024-07-25T15:52:10.107-0300] {binance_hook.py:35} INFO - URL: https://api.binance.com/api/v3/klines?symbol=BTCBRL&interval=5m&startTime=1721943900000&endTime=1721944199999&timeZone=-3
[2024-07-25T15:52:10.535-0300] {python.py:237} INFO - Done. Returned value was: None
[2024-07-25T15:52:10.536-0300] {taskinstance.py:441} INFO - ::group::Post task execution logs
[2024-07-25T15:52:10.538-0300] {taskinstance.py:1206} INFO - Marking task as SUCCESS. dag_id=Binance_5m, task_id=get_5m_info, run_id=manual__2024-07-25T18:52:07.574966+00:00, execution_date=20240725T185207, start_date=20240725T185209, end_date=20240725T185210
[2024-07-25T15:52:10.566-0300] {local_task_job_runner.py:243} INFO - Task exited with return code 0
[2024-07-25T15:52:10.572-0300] {taskinstance.py:3503} INFO - 0 downstream tasks scheduled from follow-on schedule check
[2024-07-25T15:52:10.572-0300] {local_task_job_runner.py:222} INFO - ::endgroup::
