[2024-07-30T19:39:08.718-0300] {processor.py:161} INFO - Started process (PID=1342630) to work on /home/hugoviana/Projetos/crypto-etl/airflow_pipeline/dags/kandles_30m_dag.py
[2024-07-30T19:39:08.719-0300] {processor.py:830} INFO - Processing file /home/hugoviana/Projetos/crypto-etl/airflow_pipeline/dags/kandles_30m_dag.py for tasks to queue
[2024-07-30T19:39:08.719-0300] {logging_mixin.py:188} INFO - [2024-07-30T19:39:08.719-0300] {dagbag.py:545} INFO - Filling up the DagBag from /home/hugoviana/Projetos/crypto-etl/airflow_pipeline/dags/kandles_30m_dag.py
[2024-07-30T19:39:08.730-0300] {processor.py:840} INFO - DAG(s) '30m_kandles' retrieved from /home/hugoviana/Projetos/crypto-etl/airflow_pipeline/dags/kandles_30m_dag.py
[2024-07-30T19:39:08.792-0300] {logging_mixin.py:188} INFO - [2024-07-30T19:39:08.791-0300] {dag.py:3089} INFO - Sync 1 DAGs
[2024-07-30T19:39:08.803-0300] {logging_mixin.py:188} INFO - [2024-07-30T19:39:08.803-0300] {dag.py:3947} INFO - Setting next_dagrun for 30m_kandles to 2024-07-30 22:30:00+00:00, run_after=2024-07-30 23:00:00+00:00
[2024-07-30T19:39:08.822-0300] {processor.py:183} INFO - Processing /home/hugoviana/Projetos/crypto-etl/airflow_pipeline/dags/kandles_30m_dag.py took 0.108 seconds
[2024-07-30T19:39:39.517-0300] {processor.py:161} INFO - Started process (PID=1342949) to work on /home/hugoviana/Projetos/crypto-etl/airflow_pipeline/dags/kandles_30m_dag.py
[2024-07-30T19:39:39.519-0300] {processor.py:830} INFO - Processing file /home/hugoviana/Projetos/crypto-etl/airflow_pipeline/dags/kandles_30m_dag.py for tasks to queue
[2024-07-30T19:39:39.520-0300] {logging_mixin.py:188} INFO - [2024-07-30T19:39:39.520-0300] {dagbag.py:545} INFO - Filling up the DagBag from /home/hugoviana/Projetos/crypto-etl/airflow_pipeline/dags/kandles_30m_dag.py
[2024-07-30T19:39:39.536-0300] {processor.py:840} INFO - DAG(s) '30m_kandles' retrieved from /home/hugoviana/Projetos/crypto-etl/airflow_pipeline/dags/kandles_30m_dag.py
[2024-07-30T19:39:39.612-0300] {logging_mixin.py:188} INFO - [2024-07-30T19:39:39.611-0300] {dag.py:3089} INFO - Sync 1 DAGs
[2024-07-30T19:39:39.624-0300] {logging_mixin.py:188} INFO - [2024-07-30T19:39:39.624-0300] {dag.py:3947} INFO - Setting next_dagrun for 30m_kandles to 2024-07-30 22:30:00+00:00, run_after=2024-07-30 23:00:00+00:00
[2024-07-30T19:39:39.647-0300] {processor.py:183} INFO - Processing /home/hugoviana/Projetos/crypto-etl/airflow_pipeline/dags/kandles_30m_dag.py took 0.135 seconds
[2024-07-30T19:40:24.869-0300] {processor.py:161} INFO - Started process (PID=1343760) to work on /home/hugoviana/Projetos/crypto-etl/airflow_pipeline/dags/kandles_30m_dag.py
[2024-07-30T19:40:24.870-0300] {processor.py:830} INFO - Processing file /home/hugoviana/Projetos/crypto-etl/airflow_pipeline/dags/kandles_30m_dag.py for tasks to queue
[2024-07-30T19:40:24.870-0300] {logging_mixin.py:188} INFO - [2024-07-30T19:40:24.870-0300] {dagbag.py:545} INFO - Filling up the DagBag from /home/hugoviana/Projetos/crypto-etl/airflow_pipeline/dags/kandles_30m_dag.py
[2024-07-30T19:40:24.882-0300] {processor.py:840} INFO - DAG(s) '30m_kandles' retrieved from /home/hugoviana/Projetos/crypto-etl/airflow_pipeline/dags/kandles_30m_dag.py
[2024-07-30T19:40:24.942-0300] {logging_mixin.py:188} INFO - [2024-07-30T19:40:24.942-0300] {dag.py:3089} INFO - Sync 1 DAGs
[2024-07-30T19:40:24.951-0300] {logging_mixin.py:188} INFO - [2024-07-30T19:40:24.951-0300] {dag.py:3947} INFO - Setting next_dagrun for 30m_kandles to 2024-07-30 22:30:00+00:00, run_after=2024-07-30 23:00:00+00:00
[2024-07-30T19:40:24.968-0300] {processor.py:183} INFO - Processing /home/hugoviana/Projetos/crypto-etl/airflow_pipeline/dags/kandles_30m_dag.py took 0.103 seconds
