[2024-07-25T13:20:02.075-0300] {local_task_job_runner.py:120} INFO - ::group::Pre task execution logs
[2024-07-25T13:20:02.080-0300] {taskinstance.py:2076} INFO - Dependencies all met for dep_context=non-requeueable deps ti=<TaskInstance: Binance_5m.get_5m_info scheduled__2024-07-25T16:15:00+00:00 [queued]>
[2024-07-25T13:20:02.083-0300] {taskinstance.py:2076} INFO - Dependencies all met for dep_context=requeueable deps ti=<TaskInstance: Binance_5m.get_5m_info scheduled__2024-07-25T16:15:00+00:00 [queued]>
[2024-07-25T13:20:02.084-0300] {taskinstance.py:2306} INFO - Starting attempt 1 of 1
[2024-07-25T13:20:02.100-0300] {taskinstance.py:2330} INFO - Executing <Task(PythonOperator): get_5m_info> on 2024-07-25 16:15:00+00:00
[2024-07-25T13:20:02.103-0300] {standard_task_runner.py:64} INFO - Started process 2558087 to run task
[2024-07-25T13:20:02.105-0300] {standard_task_runner.py:90} INFO - Running: ['airflow', 'tasks', 'run', 'Binance_5m', 'get_5m_info', 'scheduled__2024-07-25T16:15:00+00:00', '--job-id', '2089', '--raw', '--subdir', 'DAGS_FOLDER/binance_dag.py', '--cfg-path', '/tmp/tmpzjha6aym']
[2024-07-25T13:20:02.106-0300] {standard_task_runner.py:91} INFO - Job 2089: Subtask get_5m_info
[2024-07-25T13:20:02.138-0300] {task_command.py:426} INFO - Running <TaskInstance: Binance_5m.get_5m_info scheduled__2024-07-25T16:15:00+00:00 [running]> on host Galaxybook.
[2024-07-25T13:20:02.192-0300] {taskinstance.py:2648} INFO - Exporting env vars: AIRFLOW_CTX_DAG_OWNER='airflow' AIRFLOW_CTX_DAG_ID='Binance_5m' AIRFLOW_CTX_TASK_ID='get_5m_info' AIRFLOW_CTX_EXECUTION_DATE='2024-07-25T16:15:00+00:00' AIRFLOW_CTX_TRY_NUMBER='1' AIRFLOW_CTX_DAG_RUN_ID='scheduled__2024-07-25T16:15:00+00:00'
[2024-07-25T13:20:02.193-0300] {taskinstance.py:430} INFO - ::endgroup::
[2024-07-25T13:20:02.201-0300] {taskinstance.py:441} INFO - ::group::Post task execution logs
[2024-07-25T13:20:02.202-0300] {taskinstance.py:2905} ERROR - Task failed with exception
Traceback (most recent call last):
  File "/home/hugoviana/Documentos/data_pipeline_airflow/.venv/lib/python3.12/site-packages/airflow/models/taskinstance.py", line 465, in _execute_task
    result = _execute_callable(context=context, **execute_callable_kwargs)
             ^^^^^^^^^^^^^^^^^^^^^^^^^^^^^^^^^^^^^^^^^^^^^^^^^^^^^^^^^^^^^
  File "/home/hugoviana/Documentos/data_pipeline_airflow/.venv/lib/python3.12/site-packages/airflow/models/taskinstance.py", line 432, in _execute_callable
    return execute_callable(context=context, **execute_callable_kwargs)
           ^^^^^^^^^^^^^^^^^^^^^^^^^^^^^^^^^^^^^^^^^^^^^^^^^^^^^^^^^^^^
  File "/home/hugoviana/Documentos/data_pipeline_airflow/.venv/lib/python3.12/site-packages/airflow/models/baseoperator.py", line 401, in wrapper
    return func(self, *args, **kwargs)
           ^^^^^^^^^^^^^^^^^^^^^^^^^^^
  File "/home/hugoviana/Documentos/data_pipeline_airflow/.venv/lib/python3.12/site-packages/airflow/operators/python.py", line 235, in execute
    return_value = self.execute_callable()
                   ^^^^^^^^^^^^^^^^^^^^^^^
  File "/home/hugoviana/Documentos/data_pipeline_airflow/.venv/lib/python3.12/site-packages/airflow/operators/python.py", line 252, in execute_callable
    return self.python_callable(*self.op_args, **self.op_kwargs)
           ^^^^^^^^^^^^^^^^^^^^^^^^^^^^^^^^^^^^^^^^^^^^^^^^^^^^^
  File "/home/hugoviana/Projetos/crypto-etl/airflow_pipeline/dags/binance_dag.py", line 20, in execute
    ti.xcom_push(key='end_time', value=end_time)
    ^^^^^^^^^^^^
AttributeError: 'str' object has no attribute 'xcom_push'
[2024-07-25T13:20:02.274-0300] {taskinstance.py:1206} INFO - Marking task as FAILED. dag_id=Binance_5m, task_id=get_5m_info, run_id=scheduled__2024-07-25T16:15:00+00:00, execution_date=20240725T161500, start_date=20240725T162002, end_date=20240725T162002
[2024-07-25T13:20:02.287-0300] {standard_task_runner.py:110} ERROR - Failed to execute job 2089 for task get_5m_info ('str' object has no attribute 'xcom_push'; 2558087)
[2024-07-25T13:20:02.321-0300] {local_task_job_runner.py:243} INFO - Task exited with return code 1
[2024-07-25T13:20:02.329-0300] {taskinstance.py:3503} INFO - 0 downstream tasks scheduled from follow-on schedule check
[2024-07-25T13:20:02.329-0300] {local_task_job_runner.py:222} INFO - ::endgroup::
[2024-07-25T14:29:50.717-0300] {local_task_job_runner.py:120} INFO - ::group::Pre task execution logs
[2024-07-25T14:29:50.722-0300] {taskinstance.py:2076} INFO - Dependencies all met for dep_context=non-requeueable deps ti=<TaskInstance: Binance_5m.get_5m_info scheduled__2024-07-25T16:15:00+00:00 [queued]>
[2024-07-25T14:29:50.726-0300] {taskinstance.py:2076} INFO - Dependencies all met for dep_context=requeueable deps ti=<TaskInstance: Binance_5m.get_5m_info scheduled__2024-07-25T16:15:00+00:00 [queued]>
[2024-07-25T14:29:50.726-0300] {taskinstance.py:2306} INFO - Starting attempt 1 of 1
[2024-07-25T14:29:50.743-0300] {taskinstance.py:2330} INFO - Executing <Task(PythonOperator): get_5m_info> on 2024-07-25 16:15:00+00:00
[2024-07-25T14:29:50.744-0300] {standard_task_runner.py:64} INFO - Started process 2592684 to run task
[2024-07-25T14:29:50.747-0300] {standard_task_runner.py:90} INFO - Running: ['airflow', 'tasks', 'run', 'Binance_5m', 'get_5m_info', 'scheduled__2024-07-25T16:15:00+00:00', '--job-id', '2168', '--raw', '--subdir', 'DAGS_FOLDER/binance_dag.py', '--cfg-path', '/tmp/tmpauyhu53q']
[2024-07-25T14:29:50.748-0300] {standard_task_runner.py:91} INFO - Job 2168: Subtask get_5m_info
[2024-07-25T14:29:50.773-0300] {task_command.py:426} INFO - Running <TaskInstance: Binance_5m.get_5m_info scheduled__2024-07-25T16:15:00+00:00 [running]> on host Galaxybook.
[2024-07-25T14:29:50.830-0300] {taskinstance.py:2648} INFO - Exporting env vars: AIRFLOW_CTX_DAG_OWNER='airflow' AIRFLOW_CTX_DAG_ID='Binance_5m' AIRFLOW_CTX_TASK_ID='get_5m_info' AIRFLOW_CTX_EXECUTION_DATE='2024-07-25T16:15:00+00:00' AIRFLOW_CTX_TRY_NUMBER='1' AIRFLOW_CTX_DAG_RUN_ID='scheduled__2024-07-25T16:15:00+00:00'
[2024-07-25T14:29:50.830-0300] {taskinstance.py:430} INFO - ::endgroup::
[2024-07-25T14:29:50.838-0300] {binance_dag.py:23} INFO - End Time: 2024-07-25T16:20:00.00Z
[2024-07-25T14:29:50.897-0300] {base.py:84} INFO - Using connection ID 'binance_default' for task execution.
[2024-07-25T14:29:50.897-0300] {logging_mixin.py:188} INFO - https://api.binance.com
[2024-07-25T14:29:50.898-0300] {binance_hook.py:35} INFO - URL: https://api.binance.com/api/v3/klines?symbol=BTCBRL&interval=5m&startTime=1721934900000&endTime=1721935200000
[2024-07-25T14:29:51.288-0300] {python.py:237} INFO - Done. Returned value was: None
[2024-07-25T14:29:51.288-0300] {taskinstance.py:441} INFO - ::group::Post task execution logs
[2024-07-25T14:29:51.291-0300] {taskinstance.py:1206} INFO - Marking task as SUCCESS. dag_id=Binance_5m, task_id=get_5m_info, run_id=scheduled__2024-07-25T16:15:00+00:00, execution_date=20240725T161500, start_date=20240725T172950, end_date=20240725T172951
[2024-07-25T14:29:51.331-0300] {local_task_job_runner.py:243} INFO - Task exited with return code 0
[2024-07-25T14:29:51.339-0300] {taskinstance.py:3503} INFO - 0 downstream tasks scheduled from follow-on schedule check
[2024-07-25T14:29:51.339-0300] {local_task_job_runner.py:222} INFO - ::endgroup::
[2024-07-25T14:33:01.299-0300] {local_task_job_runner.py:120} INFO - ::group::Pre task execution logs
[2024-07-25T14:33:01.305-0300] {taskinstance.py:2076} INFO - Dependencies all met for dep_context=non-requeueable deps ti=<TaskInstance: Binance_5m.get_5m_info scheduled__2024-07-25T16:15:00+00:00 [queued]>
[2024-07-25T14:33:01.309-0300] {taskinstance.py:2076} INFO - Dependencies all met for dep_context=requeueable deps ti=<TaskInstance: Binance_5m.get_5m_info scheduled__2024-07-25T16:15:00+00:00 [queued]>
[2024-07-25T14:33:01.309-0300] {taskinstance.py:2306} INFO - Starting attempt 1 of 1
[2024-07-25T14:33:01.323-0300] {taskinstance.py:2330} INFO - Executing <Task(PythonOperator): get_5m_info> on 2024-07-25 16:15:00+00:00
[2024-07-25T14:33:01.325-0300] {standard_task_runner.py:64} INFO - Started process 2595861 to run task
[2024-07-25T14:33:01.327-0300] {standard_task_runner.py:90} INFO - Running: ['airflow', 'tasks', 'run', 'Binance_5m', 'get_5m_info', 'scheduled__2024-07-25T16:15:00+00:00', '--job-id', '2169', '--raw', '--subdir', 'DAGS_FOLDER/binance_dag.py', '--cfg-path', '/tmp/tmp2eutko59']
[2024-07-25T14:33:01.327-0300] {standard_task_runner.py:91} INFO - Job 2169: Subtask get_5m_info
[2024-07-25T14:33:01.352-0300] {task_command.py:426} INFO - Running <TaskInstance: Binance_5m.get_5m_info scheduled__2024-07-25T16:15:00+00:00 [running]> on host Galaxybook.
[2024-07-25T14:33:01.408-0300] {taskinstance.py:2648} INFO - Exporting env vars: AIRFLOW_CTX_DAG_OWNER='airflow' AIRFLOW_CTX_DAG_ID='Binance_5m' AIRFLOW_CTX_TASK_ID='get_5m_info' AIRFLOW_CTX_EXECUTION_DATE='2024-07-25T16:15:00+00:00' AIRFLOW_CTX_TRY_NUMBER='1' AIRFLOW_CTX_DAG_RUN_ID='scheduled__2024-07-25T16:15:00+00:00'
[2024-07-25T14:33:01.409-0300] {taskinstance.py:430} INFO - ::endgroup::
[2024-07-25T14:33:01.416-0300] {binance_dag.py:23} INFO - End Time: 2024-07-25T16:20:00.00Z
[2024-07-25T14:33:01.472-0300] {base.py:84} INFO - Using connection ID 'binance_default' for task execution.
[2024-07-25T14:33:01.473-0300] {logging_mixin.py:188} INFO - https://api.binance.com
[2024-07-25T14:33:01.473-0300] {binance_hook.py:35} INFO - URL: https://api.binance.com/api/v3/klines?symbol=BTCBRL&interval=5m&startTime=1721934900000&endTime=1721935200000
[2024-07-25T14:33:01.860-0300] {binance_dag.py:42} INFO - r: []
[2024-07-25T14:33:01.861-0300] {python.py:237} INFO - Done. Returned value was: None
[2024-07-25T14:33:01.862-0300] {taskinstance.py:441} INFO - ::group::Post task execution logs
[2024-07-25T14:33:01.864-0300] {taskinstance.py:1206} INFO - Marking task as SUCCESS. dag_id=Binance_5m, task_id=get_5m_info, run_id=scheduled__2024-07-25T16:15:00+00:00, execution_date=20240725T161500, start_date=20240725T173301, end_date=20240725T173301
[2024-07-25T14:33:01.908-0300] {local_task_job_runner.py:243} INFO - Task exited with return code 0
[2024-07-25T14:33:01.914-0300] {taskinstance.py:3503} INFO - 0 downstream tasks scheduled from follow-on schedule check
[2024-07-25T14:33:01.914-0300] {local_task_job_runner.py:222} INFO - ::endgroup::
[2024-07-25T14:54:27.472-0300] {local_task_job_runner.py:120} INFO - ::group::Pre task execution logs
[2024-07-25T14:54:27.478-0300] {taskinstance.py:2076} INFO - Dependencies all met for dep_context=non-requeueable deps ti=<TaskInstance: Binance_5m.get_5m_info scheduled__2024-07-25T16:15:00+00:00 [queued]>
[2024-07-25T14:54:27.482-0300] {taskinstance.py:2076} INFO - Dependencies all met for dep_context=requeueable deps ti=<TaskInstance: Binance_5m.get_5m_info scheduled__2024-07-25T16:15:00+00:00 [queued]>
[2024-07-25T14:54:27.482-0300] {taskinstance.py:2306} INFO - Starting attempt 1 of 1
[2024-07-25T14:54:27.496-0300] {taskinstance.py:2330} INFO - Executing <Task(PythonOperator): get_5m_info> on 2024-07-25 16:15:00+00:00
[2024-07-25T14:54:27.499-0300] {standard_task_runner.py:64} INFO - Started process 2613830 to run task
[2024-07-25T14:54:27.501-0300] {standard_task_runner.py:90} INFO - Running: ['airflow', 'tasks', 'run', 'Binance_5m', 'get_5m_info', 'scheduled__2024-07-25T16:15:00+00:00', '--job-id', '2292', '--raw', '--subdir', 'DAGS_FOLDER/binance_dag.py', '--cfg-path', '/tmp/tmp37g579ce']
[2024-07-25T14:54:27.502-0300] {standard_task_runner.py:91} INFO - Job 2292: Subtask get_5m_info
[2024-07-25T14:54:27.540-0300] {task_command.py:426} INFO - Running <TaskInstance: Binance_5m.get_5m_info scheduled__2024-07-25T16:15:00+00:00 [running]> on host Galaxybook.
[2024-07-25T14:54:27.598-0300] {taskinstance.py:2648} INFO - Exporting env vars: AIRFLOW_CTX_DAG_OWNER='airflow' AIRFLOW_CTX_DAG_ID='Binance_5m' AIRFLOW_CTX_TASK_ID='get_5m_info' AIRFLOW_CTX_EXECUTION_DATE='2024-07-25T16:15:00+00:00' AIRFLOW_CTX_TRY_NUMBER='1' AIRFLOW_CTX_DAG_RUN_ID='scheduled__2024-07-25T16:15:00+00:00'
[2024-07-25T14:54:27.598-0300] {taskinstance.py:430} INFO - ::endgroup::
[2024-07-25T14:54:27.607-0300] {binance_dag.py:23} INFO - End Time: 2024-07-25T16:20:00.00Z
[2024-07-25T14:54:27.607-0300] {binance_dag.py:24} INFO - Start Time: 2024-07-25T16:15:00.00Z
[2024-07-25T14:54:27.668-0300] {base.py:84} INFO - Using connection ID 'binance_default' for task execution.
[2024-07-25T14:54:27.668-0300] {logging_mixin.py:188} INFO - https://api.binance.com
[2024-07-25T14:54:27.668-0300] {binance_hook.py:35} INFO - URL: https://api.binance.com/api/v3/klines?symbol=BTCBRL&interval=5m&startTime=1721934900000&endTime=1721935199999
[2024-07-25T14:54:28.061-0300] {binance_dag.py:43} INFO - r: []
[2024-07-25T14:54:28.062-0300] {python.py:237} INFO - Done. Returned value was: None
[2024-07-25T14:54:28.062-0300] {taskinstance.py:441} INFO - ::group::Post task execution logs
[2024-07-25T14:54:28.065-0300] {taskinstance.py:1206} INFO - Marking task as SUCCESS. dag_id=Binance_5m, task_id=get_5m_info, run_id=scheduled__2024-07-25T16:15:00+00:00, execution_date=20240725T161500, start_date=20240725T175427, end_date=20240725T175428
[2024-07-25T14:54:28.118-0300] {local_task_job_runner.py:243} INFO - Task exited with return code 0
[2024-07-25T14:54:28.124-0300] {taskinstance.py:3503} INFO - 0 downstream tasks scheduled from follow-on schedule check
[2024-07-25T14:54:28.125-0300] {local_task_job_runner.py:222} INFO - ::endgroup::
[2024-07-25T15:24:08.634-0300] {local_task_job_runner.py:120} INFO - ::group::Pre task execution logs
[2024-07-25T15:24:08.640-0300] {taskinstance.py:2076} INFO - Dependencies all met for dep_context=non-requeueable deps ti=<TaskInstance: Binance_5m.get_5m_info scheduled__2024-07-25T16:15:00+00:00 [queued]>
[2024-07-25T15:24:08.643-0300] {taskinstance.py:2076} INFO - Dependencies all met for dep_context=requeueable deps ti=<TaskInstance: Binance_5m.get_5m_info scheduled__2024-07-25T16:15:00+00:00 [queued]>
[2024-07-25T15:24:08.643-0300] {taskinstance.py:2306} INFO - Starting attempt 1 of 1
[2024-07-25T15:24:08.657-0300] {taskinstance.py:2330} INFO - Executing <Task(PythonOperator): get_5m_info> on 2024-07-25 16:15:00+00:00
[2024-07-25T15:24:08.659-0300] {standard_task_runner.py:64} INFO - Started process 2635863 to run task
[2024-07-25T15:24:08.661-0300] {standard_task_runner.py:90} INFO - Running: ['airflow', 'tasks', 'run', 'Binance_5m', 'get_5m_info', 'scheduled__2024-07-25T16:15:00+00:00', '--job-id', '2730', '--raw', '--subdir', 'DAGS_FOLDER/binance_dag.py', '--cfg-path', '/tmp/tmp904tpogp']
[2024-07-25T15:24:08.662-0300] {standard_task_runner.py:91} INFO - Job 2730: Subtask get_5m_info
[2024-07-25T15:24:08.694-0300] {task_command.py:426} INFO - Running <TaskInstance: Binance_5m.get_5m_info scheduled__2024-07-25T16:15:00+00:00 [running]> on host Galaxybook.
[2024-07-25T15:24:08.756-0300] {taskinstance.py:2648} INFO - Exporting env vars: AIRFLOW_CTX_DAG_OWNER='airflow' AIRFLOW_CTX_DAG_ID='Binance_5m' AIRFLOW_CTX_TASK_ID='get_5m_info' AIRFLOW_CTX_EXECUTION_DATE='2024-07-25T16:15:00+00:00' AIRFLOW_CTX_TRY_NUMBER='1' AIRFLOW_CTX_DAG_RUN_ID='scheduled__2024-07-25T16:15:00+00:00'
[2024-07-25T15:24:08.757-0300] {taskinstance.py:430} INFO - ::endgroup::
[2024-07-25T15:24:08.765-0300] {binance_dag.py:23} INFO - End Time: 2024-07-25T16:20:00.00Z
[2024-07-25T15:24:08.765-0300] {binance_dag.py:24} INFO - Start Time: 2024-07-25T16:15:00.00Z
[2024-07-25T15:24:08.827-0300] {binance_dag.py:25} INFO - 1721934900000
[2024-07-25T15:24:08.829-0300] {base.py:84} INFO - Using connection ID 'binance_default' for task execution.
[2024-07-25T15:24:08.829-0300] {logging_mixin.py:188} INFO - https://api.binance.com
[2024-07-25T15:24:08.830-0300] {binance_hook.py:35} INFO - URL: https://api.binance.com/api/v3/klines?symbol=BTCBRL&interval=5m&startTime=1721934900000&endTime=1721935199999
[2024-07-25T15:24:09.243-0300] {python.py:237} INFO - Done. Returned value was: None
[2024-07-25T15:24:09.243-0300] {taskinstance.py:441} INFO - ::group::Post task execution logs
[2024-07-25T15:24:09.246-0300] {taskinstance.py:1206} INFO - Marking task as SUCCESS. dag_id=Binance_5m, task_id=get_5m_info, run_id=scheduled__2024-07-25T16:15:00+00:00, execution_date=20240725T161500, start_date=20240725T182408, end_date=20240725T182409
[2024-07-25T15:24:09.283-0300] {local_task_job_runner.py:243} INFO - Task exited with return code 0
[2024-07-25T15:24:09.290-0300] {taskinstance.py:3503} INFO - 0 downstream tasks scheduled from follow-on schedule check
[2024-07-25T15:24:09.290-0300] {local_task_job_runner.py:222} INFO - ::endgroup::
[2024-07-25T16:22:56.284-0300] {local_task_job_runner.py:120} INFO - ::group::Pre task execution logs
[2024-07-25T16:22:56.291-0300] {taskinstance.py:2076} INFO - Dependencies all met for dep_context=non-requeueable deps ti=<TaskInstance: Binance_5m.get_5m_info scheduled__2024-07-25T16:15:00+00:00 [queued]>
[2024-07-25T16:22:56.294-0300] {taskinstance.py:2076} INFO - Dependencies all met for dep_context=requeueable deps ti=<TaskInstance: Binance_5m.get_5m_info scheduled__2024-07-25T16:15:00+00:00 [queued]>
[2024-07-25T16:22:56.294-0300] {taskinstance.py:2306} INFO - Starting attempt 1 of 1
[2024-07-25T16:22:56.310-0300] {taskinstance.py:2330} INFO - Executing <Task(PythonOperator): get_5m_info> on 2024-07-25 16:15:00+00:00
[2024-07-25T16:22:56.313-0300] {standard_task_runner.py:64} INFO - Started process 2665995 to run task
[2024-07-25T16:22:56.315-0300] {standard_task_runner.py:90} INFO - Running: ['airflow', 'tasks', 'run', 'Binance_5m', 'get_5m_info', 'scheduled__2024-07-25T16:15:00+00:00', '--job-id', '2362', '--raw', '--subdir', 'DAGS_FOLDER/binance_dag.py', '--cfg-path', '/tmp/tmpus2_rddm']
[2024-07-25T16:22:56.316-0300] {standard_task_runner.py:91} INFO - Job 2362: Subtask get_5m_info
[2024-07-25T16:22:56.346-0300] {task_command.py:426} INFO - Running <TaskInstance: Binance_5m.get_5m_info scheduled__2024-07-25T16:15:00+00:00 [running]> on host Galaxybook.
[2024-07-25T16:22:56.401-0300] {taskinstance.py:2648} INFO - Exporting env vars: AIRFLOW_CTX_DAG_OWNER='airflow' AIRFLOW_CTX_DAG_ID='Binance_5m' AIRFLOW_CTX_TASK_ID='get_5m_info' AIRFLOW_CTX_EXECUTION_DATE='2024-07-25T16:15:00+00:00' AIRFLOW_CTX_TRY_NUMBER='1' AIRFLOW_CTX_DAG_RUN_ID='scheduled__2024-07-25T16:15:00+00:00'
[2024-07-25T16:22:56.401-0300] {taskinstance.py:430} INFO - ::endgroup::
[2024-07-25T16:22:56.409-0300] {binance_dag.py:22} INFO - End Time: 2024-07-25 16:20:00+00:00
[2024-07-25T16:22:56.409-0300] {binance_dag.py:23} INFO - Start Time: 2024-07-25 16:15:00+00:00
[2024-07-25T16:22:56.410-0300] {binance_dag.py:24} INFO - Start timestamp: 1721924100000
[2024-07-25T16:22:56.410-0300] {binance_dag.py:25} INFO - End timestamp: 1721924400000
[2024-07-25T16:22:56.479-0300] {base.py:84} INFO - Using connection ID 'binance_default' for task execution.
[2024-07-25T16:22:56.479-0300] {logging_mixin.py:188} INFO - https://api.binance.com
[2024-07-25T16:22:56.480-0300] {binance_hook.py:35} INFO - URL: https://api.binance.com/api/v3/klines?symbol=BTCBRL&interval=5m&startTime=1721924100000&endTime=1721924399999&timeZone=-3
[2024-07-25T16:22:56.934-0300] {python.py:237} INFO - Done. Returned value was: None
[2024-07-25T16:22:56.935-0300] {taskinstance.py:441} INFO - ::group::Post task execution logs
[2024-07-25T16:22:56.939-0300] {taskinstance.py:1206} INFO - Marking task as SUCCESS. dag_id=Binance_5m, task_id=get_5m_info, run_id=scheduled__2024-07-25T16:15:00+00:00, execution_date=20240725T161500, start_date=20240725T192256, end_date=20240725T192256
[2024-07-25T16:22:56.978-0300] {local_task_job_runner.py:243} INFO - Task exited with return code 0
[2024-07-25T16:22:56.984-0300] {taskinstance.py:3503} INFO - 0 downstream tasks scheduled from follow-on schedule check
[2024-07-25T16:22:56.984-0300] {local_task_job_runner.py:222} INFO - ::endgroup::
