[2024-07-25T14:52:09.748-0300] {local_task_job_runner.py:120} INFO - ::group::Pre task execution logs
[2024-07-25T14:52:09.753-0300] {taskinstance.py:2076} INFO - Dependencies all met for dep_context=non-requeueable deps ti=<TaskInstance: Binance_5m.get_5m_info scheduled__2024-07-25T11:45:00+00:00 [queued]>
[2024-07-25T14:52:09.756-0300] {taskinstance.py:2076} INFO - Dependencies all met for dep_context=requeueable deps ti=<TaskInstance: Binance_5m.get_5m_info scheduled__2024-07-25T11:45:00+00:00 [queued]>
[2024-07-25T14:52:09.756-0300] {taskinstance.py:2306} INFO - Starting attempt 1 of 1
[2024-07-25T14:52:09.770-0300] {taskinstance.py:2330} INFO - Executing <Task(PythonOperator): get_5m_info> on 2024-07-25 11:45:00+00:00
[2024-07-25T14:52:09.772-0300] {standard_task_runner.py:64} INFO - Started process 2611570 to run task
[2024-07-25T14:52:09.774-0300] {standard_task_runner.py:90} INFO - Running: ['airflow', 'tasks', 'run', 'Binance_5m', 'get_5m_info', 'scheduled__2024-07-25T11:45:00+00:00', '--job-id', '2233', '--raw', '--subdir', 'DAGS_FOLDER/binance_dag.py', '--cfg-path', '/tmp/tmpm0id7rh5']
[2024-07-25T14:52:09.775-0300] {standard_task_runner.py:91} INFO - Job 2233: Subtask get_5m_info
[2024-07-25T14:52:09.799-0300] {task_command.py:426} INFO - Running <TaskInstance: Binance_5m.get_5m_info scheduled__2024-07-25T11:45:00+00:00 [running]> on host Galaxybook.
[2024-07-25T14:52:09.852-0300] {taskinstance.py:2648} INFO - Exporting env vars: AIRFLOW_CTX_DAG_OWNER='airflow' AIRFLOW_CTX_DAG_ID='Binance_5m' AIRFLOW_CTX_TASK_ID='get_5m_info' AIRFLOW_CTX_EXECUTION_DATE='2024-07-25T11:45:00+00:00' AIRFLOW_CTX_TRY_NUMBER='1' AIRFLOW_CTX_DAG_RUN_ID='scheduled__2024-07-25T11:45:00+00:00'
[2024-07-25T14:52:09.852-0300] {taskinstance.py:430} INFO - ::endgroup::
[2024-07-25T14:52:09.859-0300] {binance_dag.py:23} INFO - End Time: 2024-07-25T11:50:00.00Z
[2024-07-25T14:52:09.860-0300] {binance_dag.py:24} INFO - Start Time: 2024-07-25T11:45:00.00Z
[2024-07-25T14:52:09.920-0300] {base.py:84} INFO - Using connection ID 'binance_default' for task execution.
[2024-07-25T14:52:09.920-0300] {logging_mixin.py:188} INFO - https://api.binance.com
[2024-07-25T14:52:09.921-0300] {binance_hook.py:35} INFO - URL: https://api.binance.com/api/v3/klines?symbol=BTCBRL&interval=5m&startTime=1721918700000&endTime=1721918999999
[2024-07-25T14:52:15.367-0300] {binance_dag.py:43} INFO - r: [[1721918700000, '367667.00000000', '367930.00000000', '366713.00000000', '367690.00000000', '0.70617000', 1721918999999, '259550.02730000', 217, '0.29883000', '109827.15877000', '0']]
[2024-07-25T14:52:15.368-0300] {python.py:237} INFO - Done. Returned value was: None
[2024-07-25T14:52:15.369-0300] {taskinstance.py:441} INFO - ::group::Post task execution logs
[2024-07-25T14:52:15.372-0300] {taskinstance.py:1206} INFO - Marking task as SUCCESS. dag_id=Binance_5m, task_id=get_5m_info, run_id=scheduled__2024-07-25T11:45:00+00:00, execution_date=20240725T114500, start_date=20240725T175209, end_date=20240725T175215
[2024-07-25T14:52:15.407-0300] {local_task_job_runner.py:243} INFO - Task exited with return code 0
[2024-07-25T14:52:15.412-0300] {taskinstance.py:3503} INFO - 0 downstream tasks scheduled from follow-on schedule check
[2024-07-25T14:52:15.412-0300] {local_task_job_runner.py:222} INFO - ::endgroup::
[2024-07-25T15:22:09.841-0300] {local_task_job_runner.py:120} INFO - ::group::Pre task execution logs
[2024-07-25T15:22:09.847-0300] {taskinstance.py:2076} INFO - Dependencies all met for dep_context=non-requeueable deps ti=<TaskInstance: Binance_5m.get_5m_info scheduled__2024-07-25T11:45:00+00:00 [queued]>
[2024-07-25T15:22:09.850-0300] {taskinstance.py:2076} INFO - Dependencies all met for dep_context=requeueable deps ti=<TaskInstance: Binance_5m.get_5m_info scheduled__2024-07-25T11:45:00+00:00 [queued]>
[2024-07-25T15:22:09.850-0300] {taskinstance.py:2306} INFO - Starting attempt 1 of 1
[2024-07-25T15:22:09.863-0300] {taskinstance.py:2330} INFO - Executing <Task(PythonOperator): get_5m_info> on 2024-07-25 11:45:00+00:00
[2024-07-25T15:22:09.864-0300] {standard_task_runner.py:64} INFO - Started process 2633877 to run task
[2024-07-25T15:22:09.867-0300] {standard_task_runner.py:90} INFO - Running: ['airflow', 'tasks', 'run', 'Binance_5m', 'get_5m_info', 'scheduled__2024-07-25T11:45:00+00:00', '--job-id', '2676', '--raw', '--subdir', 'DAGS_FOLDER/binance_dag.py', '--cfg-path', '/tmp/tmphrolmzjd']
[2024-07-25T15:22:09.867-0300] {standard_task_runner.py:91} INFO - Job 2676: Subtask get_5m_info
[2024-07-25T15:22:09.891-0300] {task_command.py:426} INFO - Running <TaskInstance: Binance_5m.get_5m_info scheduled__2024-07-25T11:45:00+00:00 [running]> on host Galaxybook.
[2024-07-25T15:22:09.944-0300] {taskinstance.py:2648} INFO - Exporting env vars: AIRFLOW_CTX_DAG_OWNER='airflow' AIRFLOW_CTX_DAG_ID='Binance_5m' AIRFLOW_CTX_TASK_ID='get_5m_info' AIRFLOW_CTX_EXECUTION_DATE='2024-07-25T11:45:00+00:00' AIRFLOW_CTX_TRY_NUMBER='1' AIRFLOW_CTX_DAG_RUN_ID='scheduled__2024-07-25T11:45:00+00:00'
[2024-07-25T15:22:09.945-0300] {taskinstance.py:430} INFO - ::endgroup::
[2024-07-25T15:22:09.952-0300] {binance_dag.py:23} INFO - End Time: 2024-07-25T11:50:00.00Z
[2024-07-25T15:22:09.952-0300] {binance_dag.py:24} INFO - Start Time: 2024-07-25T11:45:00.00Z
[2024-07-25T15:22:10.008-0300] {binance_dag.py:25} INFO - 1721918700000
[2024-07-25T15:22:10.010-0300] {base.py:84} INFO - Using connection ID 'binance_default' for task execution.
[2024-07-25T15:22:10.011-0300] {logging_mixin.py:188} INFO - https://api.binance.com
[2024-07-25T15:22:10.011-0300] {binance_hook.py:35} INFO - URL: https://api.binance.com/api/v3/klines?symbol=BTCBRL&interval=5m&startTime=1721918700000&endTime=1721918999999
[2024-07-25T15:22:10.398-0300] {python.py:237} INFO - Done. Returned value was: None
[2024-07-25T15:22:10.399-0300] {taskinstance.py:441} INFO - ::group::Post task execution logs
[2024-07-25T15:22:10.401-0300] {taskinstance.py:1206} INFO - Marking task as SUCCESS. dag_id=Binance_5m, task_id=get_5m_info, run_id=scheduled__2024-07-25T11:45:00+00:00, execution_date=20240725T114500, start_date=20240725T182209, end_date=20240725T182210
[2024-07-25T15:22:10.447-0300] {local_task_job_runner.py:243} INFO - Task exited with return code 0
[2024-07-25T15:22:10.455-0300] {taskinstance.py:3503} INFO - 0 downstream tasks scheduled from follow-on schedule check
[2024-07-25T15:22:10.455-0300] {local_task_job_runner.py:222} INFO - ::endgroup::
[2024-07-25T16:19:43.460-0300] {local_task_job_runner.py:120} INFO - ::group::Pre task execution logs
[2024-07-25T16:19:43.466-0300] {taskinstance.py:2076} INFO - Dependencies all met for dep_context=non-requeueable deps ti=<TaskInstance: Binance_5m.get_5m_info scheduled__2024-07-25T11:45:00+00:00 [queued]>
[2024-07-25T16:19:43.470-0300] {taskinstance.py:2076} INFO - Dependencies all met for dep_context=requeueable deps ti=<TaskInstance: Binance_5m.get_5m_info scheduled__2024-07-25T11:45:00+00:00 [queued]>
[2024-07-25T16:19:43.470-0300] {taskinstance.py:2306} INFO - Starting attempt 1 of 1
[2024-07-25T16:19:43.481-0300] {taskinstance.py:2330} INFO - Executing <Task(PythonOperator): get_5m_info> on 2024-07-25 11:45:00+00:00
[2024-07-25T16:19:43.483-0300] {standard_task_runner.py:64} INFO - Started process 2662735 to run task
[2024-07-25T16:19:43.485-0300] {standard_task_runner.py:90} INFO - Running: ['airflow', 'tasks', 'run', 'Binance_5m', 'get_5m_info', 'scheduled__2024-07-25T11:45:00+00:00', '--job-id', '2265', '--raw', '--subdir', 'DAGS_FOLDER/binance_dag.py', '--cfg-path', '/tmp/tmp5mnz2css']
[2024-07-25T16:19:43.486-0300] {standard_task_runner.py:91} INFO - Job 2265: Subtask get_5m_info
[2024-07-25T16:19:43.511-0300] {task_command.py:426} INFO - Running <TaskInstance: Binance_5m.get_5m_info scheduled__2024-07-25T11:45:00+00:00 [running]> on host Galaxybook.
[2024-07-25T16:19:43.565-0300] {taskinstance.py:2648} INFO - Exporting env vars: AIRFLOW_CTX_DAG_OWNER='airflow' AIRFLOW_CTX_DAG_ID='Binance_5m' AIRFLOW_CTX_TASK_ID='get_5m_info' AIRFLOW_CTX_EXECUTION_DATE='2024-07-25T11:45:00+00:00' AIRFLOW_CTX_TRY_NUMBER='1' AIRFLOW_CTX_DAG_RUN_ID='scheduled__2024-07-25T11:45:00+00:00'
[2024-07-25T16:19:43.566-0300] {taskinstance.py:430} INFO - ::endgroup::
[2024-07-25T16:19:43.574-0300] {binance_dag.py:22} INFO - End Time: 2024-07-25 11:50:00+00:00
[2024-07-25T16:19:43.575-0300] {binance_dag.py:23} INFO - Start Time: 2024-07-25 11:45:00+00:00
[2024-07-25T16:19:43.575-0300] {binance_dag.py:24} INFO - Start timestamp: 1721907900000
[2024-07-25T16:19:43.575-0300] {binance_dag.py:25} INFO - End timestamp: 1721908200000
[2024-07-25T16:19:43.634-0300] {base.py:84} INFO - Using connection ID 'binance_default' for task execution.
[2024-07-25T16:19:43.634-0300] {logging_mixin.py:188} INFO - https://api.binance.com
[2024-07-25T16:19:43.635-0300] {binance_hook.py:35} INFO - URL: https://api.binance.com/api/v3/klines?symbol=BTCBRL&interval=5m&startTime=1721907900000&endTime=1721908199999&timeZone=-3
[2024-07-25T16:19:44.039-0300] {python.py:237} INFO - Done. Returned value was: None
[2024-07-25T16:19:44.040-0300] {taskinstance.py:441} INFO - ::group::Post task execution logs
[2024-07-25T16:19:44.043-0300] {taskinstance.py:1206} INFO - Marking task as SUCCESS. dag_id=Binance_5m, task_id=get_5m_info, run_id=scheduled__2024-07-25T11:45:00+00:00, execution_date=20240725T114500, start_date=20240725T191943, end_date=20240725T191944
[2024-07-25T16:19:44.067-0300] {local_task_job_runner.py:243} INFO - Task exited with return code 0
[2024-07-25T16:19:44.074-0300] {taskinstance.py:3503} INFO - 0 downstream tasks scheduled from follow-on schedule check
[2024-07-25T16:19:44.074-0300] {local_task_job_runner.py:222} INFO - ::endgroup::
