[2024-07-25T14:50:26.495-0300] {local_task_job_runner.py:120} INFO - ::group::Pre task execution logs
[2024-07-25T14:50:26.500-0300] {taskinstance.py:2076} INFO - Dependencies all met for dep_context=non-requeueable deps ti=<TaskInstance: Binance_5m.get_5m_info scheduled__2024-07-25T08:00:00+00:00 [queued]>
[2024-07-25T14:50:26.503-0300] {taskinstance.py:2076} INFO - Dependencies all met for dep_context=requeueable deps ti=<TaskInstance: Binance_5m.get_5m_info scheduled__2024-07-25T08:00:00+00:00 [queued]>
[2024-07-25T14:50:26.503-0300] {taskinstance.py:2306} INFO - Starting attempt 1 of 1
[2024-07-25T14:50:26.517-0300] {taskinstance.py:2330} INFO - Executing <Task(PythonOperator): get_5m_info> on 2024-07-25 08:00:00+00:00
[2024-07-25T14:50:26.519-0300] {standard_task_runner.py:64} INFO - Started process 2609852 to run task
[2024-07-25T14:50:26.522-0300] {standard_task_runner.py:90} INFO - Running: ['airflow', 'tasks', 'run', 'Binance_5m', 'get_5m_info', 'scheduled__2024-07-25T08:00:00+00:00', '--job-id', '2188', '--raw', '--subdir', 'DAGS_FOLDER/binance_dag.py', '--cfg-path', '/tmp/tmppxuywi9t']
[2024-07-25T14:50:26.523-0300] {standard_task_runner.py:91} INFO - Job 2188: Subtask get_5m_info
[2024-07-25T14:50:26.549-0300] {task_command.py:426} INFO - Running <TaskInstance: Binance_5m.get_5m_info scheduled__2024-07-25T08:00:00+00:00 [running]> on host Galaxybook.
[2024-07-25T14:50:26.605-0300] {taskinstance.py:2648} INFO - Exporting env vars: AIRFLOW_CTX_DAG_OWNER='airflow' AIRFLOW_CTX_DAG_ID='Binance_5m' AIRFLOW_CTX_TASK_ID='get_5m_info' AIRFLOW_CTX_EXECUTION_DATE='2024-07-25T08:00:00+00:00' AIRFLOW_CTX_TRY_NUMBER='1' AIRFLOW_CTX_DAG_RUN_ID='scheduled__2024-07-25T08:00:00+00:00'
[2024-07-25T14:50:26.605-0300] {taskinstance.py:430} INFO - ::endgroup::
[2024-07-25T14:50:26.614-0300] {binance_dag.py:23} INFO - End Time: 2024-07-25T08:05:00.00Z
[2024-07-25T14:50:26.614-0300] {binance_dag.py:24} INFO - Start Time: 2024-07-25T08:00:00.00Z
[2024-07-25T14:50:26.671-0300] {base.py:84} INFO - Using connection ID 'binance_default' for task execution.
[2024-07-25T14:50:26.671-0300] {logging_mixin.py:188} INFO - https://api.binance.com
[2024-07-25T14:50:26.672-0300] {binance_hook.py:35} INFO - URL: https://api.binance.com/api/v3/klines?symbol=BTCBRL&interval=5m&startTime=1721905200000&endTime=1721905499999
[2024-07-25T14:50:27.068-0300] {binance_dag.py:43} INFO - r: [[1721905200000, '365991.00000000', '366256.00000000', '365830.00000000', '366141.00000000', '0.28207000', 1721905499999, '103231.13843000', 69, '0.09375000', '34320.63095000', '0']]
[2024-07-25T14:50:27.069-0300] {python.py:237} INFO - Done. Returned value was: None
[2024-07-25T14:50:27.070-0300] {taskinstance.py:441} INFO - ::group::Post task execution logs
[2024-07-25T14:50:27.072-0300] {taskinstance.py:1206} INFO - Marking task as SUCCESS. dag_id=Binance_5m, task_id=get_5m_info, run_id=scheduled__2024-07-25T08:00:00+00:00, execution_date=20240725T080000, start_date=20240725T175026, end_date=20240725T175027
[2024-07-25T14:50:27.105-0300] {local_task_job_runner.py:243} INFO - Task exited with return code 0
[2024-07-25T14:50:27.111-0300] {taskinstance.py:3503} INFO - 0 downstream tasks scheduled from follow-on schedule check
[2024-07-25T14:50:27.112-0300] {local_task_job_runner.py:222} INFO - ::endgroup::
[2024-07-25T15:20:30.315-0300] {local_task_job_runner.py:120} INFO - ::group::Pre task execution logs
[2024-07-25T15:20:30.322-0300] {taskinstance.py:2076} INFO - Dependencies all met for dep_context=non-requeueable deps ti=<TaskInstance: Binance_5m.get_5m_info scheduled__2024-07-25T08:00:00+00:00 [queued]>
[2024-07-25T15:20:30.325-0300] {taskinstance.py:2076} INFO - Dependencies all met for dep_context=requeueable deps ti=<TaskInstance: Binance_5m.get_5m_info scheduled__2024-07-25T08:00:00+00:00 [queued]>
[2024-07-25T15:20:30.325-0300] {taskinstance.py:2306} INFO - Starting attempt 1 of 1
[2024-07-25T15:20:30.339-0300] {taskinstance.py:2330} INFO - Executing <Task(PythonOperator): get_5m_info> on 2024-07-25 08:00:00+00:00
[2024-07-25T15:20:30.340-0300] {standard_task_runner.py:64} INFO - Started process 2632220 to run task
[2024-07-25T15:20:30.342-0300] {standard_task_runner.py:90} INFO - Running: ['airflow', 'tasks', 'run', 'Binance_5m', 'get_5m_info', 'scheduled__2024-07-25T08:00:00+00:00', '--job-id', '2631', '--raw', '--subdir', 'DAGS_FOLDER/binance_dag.py', '--cfg-path', '/tmp/tmp0wh4kbcg']
[2024-07-25T15:20:30.343-0300] {standard_task_runner.py:91} INFO - Job 2631: Subtask get_5m_info
[2024-07-25T15:20:30.368-0300] {task_command.py:426} INFO - Running <TaskInstance: Binance_5m.get_5m_info scheduled__2024-07-25T08:00:00+00:00 [running]> on host Galaxybook.
[2024-07-25T15:20:30.423-0300] {taskinstance.py:2648} INFO - Exporting env vars: AIRFLOW_CTX_DAG_OWNER='airflow' AIRFLOW_CTX_DAG_ID='Binance_5m' AIRFLOW_CTX_TASK_ID='get_5m_info' AIRFLOW_CTX_EXECUTION_DATE='2024-07-25T08:00:00+00:00' AIRFLOW_CTX_TRY_NUMBER='1' AIRFLOW_CTX_DAG_RUN_ID='scheduled__2024-07-25T08:00:00+00:00'
[2024-07-25T15:20:30.423-0300] {taskinstance.py:430} INFO - ::endgroup::
[2024-07-25T15:20:30.431-0300] {binance_dag.py:23} INFO - End Time: 2024-07-25T08:05:00.00Z
[2024-07-25T15:20:30.432-0300] {binance_dag.py:24} INFO - Start Time: 2024-07-25T08:00:00.00Z
[2024-07-25T15:20:30.489-0300] {binance_dag.py:25} INFO - 1721905200000
[2024-07-25T15:20:30.492-0300] {base.py:84} INFO - Using connection ID 'binance_default' for task execution.
[2024-07-25T15:20:30.492-0300] {logging_mixin.py:188} INFO - https://api.binance.com
[2024-07-25T15:20:30.492-0300] {binance_hook.py:35} INFO - URL: https://api.binance.com/api/v3/klines?symbol=BTCBRL&interval=5m&startTime=1721905200000&endTime=1721905499999
[2024-07-25T15:20:30.889-0300] {python.py:237} INFO - Done. Returned value was: None
[2024-07-25T15:20:30.890-0300] {taskinstance.py:441} INFO - ::group::Post task execution logs
[2024-07-25T15:20:30.893-0300] {taskinstance.py:1206} INFO - Marking task as SUCCESS. dag_id=Binance_5m, task_id=get_5m_info, run_id=scheduled__2024-07-25T08:00:00+00:00, execution_date=20240725T080000, start_date=20240725T182030, end_date=20240725T182030
[2024-07-25T15:20:30.924-0300] {local_task_job_runner.py:243} INFO - Task exited with return code 0
[2024-07-25T15:20:30.932-0300] {taskinstance.py:3503} INFO - 0 downstream tasks scheduled from follow-on schedule check
[2024-07-25T15:20:30.932-0300] {local_task_job_runner.py:222} INFO - ::endgroup::
[2024-07-25T16:17:12.208-0300] {local_task_job_runner.py:120} INFO - ::group::Pre task execution logs
[2024-07-25T16:17:12.214-0300] {taskinstance.py:2076} INFO - Dependencies all met for dep_context=non-requeueable deps ti=<TaskInstance: Binance_5m.get_5m_info scheduled__2024-07-25T08:00:00+00:00 [queued]>
[2024-07-25T16:17:12.217-0300] {taskinstance.py:2076} INFO - Dependencies all met for dep_context=requeueable deps ti=<TaskInstance: Binance_5m.get_5m_info scheduled__2024-07-25T08:00:00+00:00 [queued]>
[2024-07-25T16:17:12.217-0300] {taskinstance.py:2306} INFO - Starting attempt 1 of 1
[2024-07-25T16:17:12.230-0300] {taskinstance.py:2330} INFO - Executing <Task(PythonOperator): get_5m_info> on 2024-07-25 08:00:00+00:00
[2024-07-25T16:17:12.232-0300] {standard_task_runner.py:64} INFO - Started process 2660177 to run task
[2024-07-25T16:17:12.234-0300] {standard_task_runner.py:90} INFO - Running: ['airflow', 'tasks', 'run', 'Binance_5m', 'get_5m_info', 'scheduled__2024-07-25T08:00:00+00:00', '--job-id', '2192', '--raw', '--subdir', 'DAGS_FOLDER/binance_dag.py', '--cfg-path', '/tmp/tmp3vdi1jxy']
[2024-07-25T16:17:12.235-0300] {standard_task_runner.py:91} INFO - Job 2192: Subtask get_5m_info
[2024-07-25T16:17:12.267-0300] {task_command.py:426} INFO - Running <TaskInstance: Binance_5m.get_5m_info scheduled__2024-07-25T08:00:00+00:00 [running]> on host Galaxybook.
[2024-07-25T16:17:12.321-0300] {taskinstance.py:2648} INFO - Exporting env vars: AIRFLOW_CTX_DAG_OWNER='airflow' AIRFLOW_CTX_DAG_ID='Binance_5m' AIRFLOW_CTX_TASK_ID='get_5m_info' AIRFLOW_CTX_EXECUTION_DATE='2024-07-25T08:00:00+00:00' AIRFLOW_CTX_TRY_NUMBER='1' AIRFLOW_CTX_DAG_RUN_ID='scheduled__2024-07-25T08:00:00+00:00'
[2024-07-25T16:17:12.321-0300] {taskinstance.py:430} INFO - ::endgroup::
[2024-07-25T16:17:12.332-0300] {binance_dag.py:22} INFO - End Time: 2024-07-25 08:05:00+00:00
[2024-07-25T16:17:12.332-0300] {binance_dag.py:23} INFO - Start Time: 2024-07-25 08:00:00+00:00
[2024-07-25T16:17:12.332-0300] {binance_dag.py:24} INFO - Start timestamp: 1721894400000
[2024-07-25T16:17:12.332-0300] {binance_dag.py:25} INFO - End timestamp: 1721894700000
[2024-07-25T16:17:12.393-0300] {base.py:84} INFO - Using connection ID 'binance_default' for task execution.
[2024-07-25T16:17:12.393-0300] {logging_mixin.py:188} INFO - https://api.binance.com
[2024-07-25T16:17:12.394-0300] {binance_hook.py:35} INFO - URL: https://api.binance.com/api/v3/klines?symbol=BTCBRL&interval=5m&startTime=1721894400000&endTime=1721894699999&timeZone=-3
[2024-07-25T16:17:12.824-0300] {python.py:237} INFO - Done. Returned value was: None
[2024-07-25T16:17:12.825-0300] {taskinstance.py:441} INFO - ::group::Post task execution logs
[2024-07-25T16:17:12.827-0300] {taskinstance.py:1206} INFO - Marking task as SUCCESS. dag_id=Binance_5m, task_id=get_5m_info, run_id=scheduled__2024-07-25T08:00:00+00:00, execution_date=20240725T080000, start_date=20240725T191712, end_date=20240725T191712
[2024-07-25T16:17:12.861-0300] {local_task_job_runner.py:243} INFO - Task exited with return code 0
[2024-07-25T16:17:12.868-0300] {taskinstance.py:3503} INFO - 0 downstream tasks scheduled from follow-on schedule check
[2024-07-25T16:17:12.868-0300] {local_task_job_runner.py:222} INFO - ::endgroup::
