[2024-07-25T14:28:38.495-0300] {local_task_job_runner.py:120} INFO - ::group::Pre task execution logs
[2024-07-25T14:28:38.500-0300] {taskinstance.py:2076} INFO - Dependencies all met for dep_context=non-requeueable deps ti=<TaskInstance: Mercado_5m.get_5m_info scheduled__2024-07-25T14:00:00+00:00 [queued]>
[2024-07-25T14:28:38.503-0300] {taskinstance.py:2076} INFO - Dependencies all met for dep_context=requeueable deps ti=<TaskInstance: Mercado_5m.get_5m_info scheduled__2024-07-25T14:00:00+00:00 [queued]>
[2024-07-25T14:28:38.503-0300] {taskinstance.py:2306} INFO - Starting attempt 1 of 1
[2024-07-25T14:28:38.517-0300] {taskinstance.py:2330} INFO - Executing <Task(PythonOperator): get_5m_info> on 2024-07-25 14:00:00+00:00
[2024-07-25T14:28:38.519-0300] {standard_task_runner.py:64} INFO - Started process 2591451 to run task
[2024-07-25T14:28:38.521-0300] {standard_task_runner.py:90} INFO - Running: ['airflow', 'tasks', 'run', 'Mercado_5m', 'get_5m_info', 'scheduled__2024-07-25T14:00:00+00:00', '--job-id', '2130', '--raw', '--subdir', 'DAGS_FOLDER/mercado_dag.py', '--cfg-path', '/tmp/tmp50aotrqq']
[2024-07-25T14:28:38.522-0300] {standard_task_runner.py:91} INFO - Job 2130: Subtask get_5m_info
[2024-07-25T14:28:38.548-0300] {task_command.py:426} INFO - Running <TaskInstance: Mercado_5m.get_5m_info scheduled__2024-07-25T14:00:00+00:00 [running]> on host Galaxybook.
[2024-07-25T14:28:38.594-0300] {taskinstance.py:2648} INFO - Exporting env vars: AIRFLOW_CTX_DAG_OWNER='airflow' AIRFLOW_CTX_DAG_ID='Mercado_5m' AIRFLOW_CTX_TASK_ID='get_5m_info' AIRFLOW_CTX_EXECUTION_DATE='2024-07-25T14:00:00+00:00' AIRFLOW_CTX_TRY_NUMBER='1' AIRFLOW_CTX_DAG_RUN_ID='scheduled__2024-07-25T14:00:00+00:00'
[2024-07-25T14:28:38.594-0300] {taskinstance.py:430} INFO - ::endgroup::
[2024-07-25T14:28:38.601-0300] {taskinstance.py:441} INFO - ::group::Post task execution logs
[2024-07-25T14:28:38.601-0300] {taskinstance.py:2905} ERROR - Task failed with exception
Traceback (most recent call last):
  File "/home/hugoviana/Documentos/data_pipeline_airflow/.venv/lib/python3.12/site-packages/airflow/models/taskinstance.py", line 465, in _execute_task
    result = _execute_callable(context=context, **execute_callable_kwargs)
             ^^^^^^^^^^^^^^^^^^^^^^^^^^^^^^^^^^^^^^^^^^^^^^^^^^^^^^^^^^^^^
  File "/home/hugoviana/Documentos/data_pipeline_airflow/.venv/lib/python3.12/site-packages/airflow/models/taskinstance.py", line 432, in _execute_callable
    return execute_callable(context=context, **execute_callable_kwargs)
           ^^^^^^^^^^^^^^^^^^^^^^^^^^^^^^^^^^^^^^^^^^^^^^^^^^^^^^^^^^^^
  File "/home/hugoviana/Documentos/data_pipeline_airflow/.venv/lib/python3.12/site-packages/airflow/models/baseoperator.py", line 401, in wrapper
    return func(self, *args, **kwargs)
           ^^^^^^^^^^^^^^^^^^^^^^^^^^^
  File "/home/hugoviana/Documentos/data_pipeline_airflow/.venv/lib/python3.12/site-packages/airflow/operators/python.py", line 232, in execute
    context_merge(context, self.op_kwargs, templates_dict=self.templates_dict)
  File "/home/hugoviana/Documentos/data_pipeline_airflow/.venv/lib/python3.12/site-packages/airflow/utils/context.py", line 266, in context_merge
    context.update(*args, **kwargs)
  File "<frozen _collections_abc>", line 987, in update
ValueError: too many values to unpack (expected 2)
[2024-07-25T14:28:38.605-0300] {taskinstance.py:1206} INFO - Marking task as FAILED. dag_id=Mercado_5m, task_id=get_5m_info, run_id=scheduled__2024-07-25T14:00:00+00:00, execution_date=20240725T140000, start_date=20240725T172838, end_date=20240725T172838
[2024-07-25T14:28:38.616-0300] {standard_task_runner.py:110} ERROR - Failed to execute job 2130 for task get_5m_info (too many values to unpack (expected 2); 2591451)
[2024-07-25T14:28:38.655-0300] {local_task_job_runner.py:243} INFO - Task exited with return code 1
[2024-07-25T14:28:38.662-0300] {taskinstance.py:3503} INFO - 0 downstream tasks scheduled from follow-on schedule check
[2024-07-25T14:28:38.662-0300] {local_task_job_runner.py:222} INFO - ::endgroup::
[2024-07-25T14:30:37.545-0300] {local_task_job_runner.py:120} INFO - ::group::Pre task execution logs
[2024-07-25T14:30:37.550-0300] {taskinstance.py:2076} INFO - Dependencies all met for dep_context=non-requeueable deps ti=<TaskInstance: Mercado_5m.get_5m_info scheduled__2024-07-25T14:00:00+00:00 [queued]>
[2024-07-25T14:30:37.553-0300] {taskinstance.py:2076} INFO - Dependencies all met for dep_context=requeueable deps ti=<TaskInstance: Mercado_5m.get_5m_info scheduled__2024-07-25T14:00:00+00:00 [queued]>
[2024-07-25T14:30:37.553-0300] {taskinstance.py:2306} INFO - Starting attempt 1 of 1
[2024-07-25T14:30:37.565-0300] {taskinstance.py:2330} INFO - Executing <Task(PythonOperator): get_5m_info> on 2024-07-25 14:00:00+00:00
[2024-07-25T14:30:37.566-0300] {standard_task_runner.py:64} INFO - Started process 2593463 to run task
[2024-07-25T14:30:37.569-0300] {standard_task_runner.py:90} INFO - Running: ['airflow', 'tasks', 'run', 'Mercado_5m', 'get_5m_info', 'scheduled__2024-07-25T14:00:00+00:00', '--job-id', '2106', '--raw', '--subdir', 'DAGS_FOLDER/mercado_dag.py', '--cfg-path', '/tmp/tmptlya9frt']
[2024-07-25T14:30:37.569-0300] {standard_task_runner.py:91} INFO - Job 2106: Subtask get_5m_info
[2024-07-25T14:30:37.597-0300] {task_command.py:426} INFO - Running <TaskInstance: Mercado_5m.get_5m_info scheduled__2024-07-25T14:00:00+00:00 [running]> on host Galaxybook.
[2024-07-25T14:30:37.642-0300] {taskinstance.py:2648} INFO - Exporting env vars: AIRFLOW_CTX_DAG_OWNER='airflow' AIRFLOW_CTX_DAG_ID='Mercado_5m' AIRFLOW_CTX_TASK_ID='get_5m_info' AIRFLOW_CTX_EXECUTION_DATE='2024-07-25T14:00:00+00:00' AIRFLOW_CTX_TRY_NUMBER='1' AIRFLOW_CTX_DAG_RUN_ID='scheduled__2024-07-25T14:00:00+00:00'
[2024-07-25T14:30:37.643-0300] {taskinstance.py:430} INFO - ::endgroup::
[2024-07-25T14:30:37.649-0300] {taskinstance.py:441} INFO - ::group::Post task execution logs
[2024-07-25T14:30:37.650-0300] {taskinstance.py:2905} ERROR - Task failed with exception
Traceback (most recent call last):
  File "/home/hugoviana/Documentos/data_pipeline_airflow/.venv/lib/python3.12/site-packages/airflow/models/taskinstance.py", line 465, in _execute_task
    result = _execute_callable(context=context, **execute_callable_kwargs)
             ^^^^^^^^^^^^^^^^^^^^^^^^^^^^^^^^^^^^^^^^^^^^^^^^^^^^^^^^^^^^^
  File "/home/hugoviana/Documentos/data_pipeline_airflow/.venv/lib/python3.12/site-packages/airflow/models/taskinstance.py", line 432, in _execute_callable
    return execute_callable(context=context, **execute_callable_kwargs)
           ^^^^^^^^^^^^^^^^^^^^^^^^^^^^^^^^^^^^^^^^^^^^^^^^^^^^^^^^^^^^
  File "/home/hugoviana/Documentos/data_pipeline_airflow/.venv/lib/python3.12/site-packages/airflow/models/baseoperator.py", line 401, in wrapper
    return func(self, *args, **kwargs)
           ^^^^^^^^^^^^^^^^^^^^^^^^^^^
  File "/home/hugoviana/Documentos/data_pipeline_airflow/.venv/lib/python3.12/site-packages/airflow/operators/python.py", line 232, in execute
    context_merge(context, self.op_kwargs, templates_dict=self.templates_dict)
  File "/home/hugoviana/Documentos/data_pipeline_airflow/.venv/lib/python3.12/site-packages/airflow/utils/context.py", line 266, in context_merge
    context.update(*args, **kwargs)
  File "<frozen _collections_abc>", line 987, in update
ValueError: too many values to unpack (expected 2)
[2024-07-25T14:30:37.653-0300] {taskinstance.py:1206} INFO - Marking task as FAILED. dag_id=Mercado_5m, task_id=get_5m_info, run_id=scheduled__2024-07-25T14:00:00+00:00, execution_date=20240725T140000, start_date=20240725T173037, end_date=20240725T173037
[2024-07-25T14:30:37.664-0300] {standard_task_runner.py:110} ERROR - Failed to execute job 2106 for task get_5m_info (too many values to unpack (expected 2); 2593463)
[2024-07-25T14:30:37.701-0300] {local_task_job_runner.py:243} INFO - Task exited with return code 1
[2024-07-25T14:30:37.708-0300] {taskinstance.py:3503} INFO - 0 downstream tasks scheduled from follow-on schedule check
[2024-07-25T14:30:37.709-0300] {local_task_job_runner.py:222} INFO - ::endgroup::
[2024-07-25T15:00:53.797-0300] {local_task_job_runner.py:120} INFO - ::group::Pre task execution logs
[2024-07-25T15:00:53.804-0300] {taskinstance.py:2076} INFO - Dependencies all met for dep_context=non-requeueable deps ti=<TaskInstance: Mercado_5m.get_5m_info scheduled__2024-07-25T14:00:00+00:00 [queued]>
[2024-07-25T15:00:53.807-0300] {taskinstance.py:2076} INFO - Dependencies all met for dep_context=requeueable deps ti=<TaskInstance: Mercado_5m.get_5m_info scheduled__2024-07-25T14:00:00+00:00 [queued]>
[2024-07-25T15:00:53.807-0300] {taskinstance.py:2306} INFO - Starting attempt 1 of 1
[2024-07-25T15:00:53.821-0300] {taskinstance.py:2330} INFO - Executing <Task(PythonOperator): get_5m_info> on 2024-07-25 14:00:00+00:00
[2024-07-25T15:00:53.822-0300] {standard_task_runner.py:64} INFO - Started process 2620306 to run task
[2024-07-25T15:00:53.824-0300] {standard_task_runner.py:90} INFO - Running: ['airflow', 'tasks', 'run', 'Mercado_5m', 'get_5m_info', 'scheduled__2024-07-25T14:00:00+00:00', '--job-id', '2480', '--raw', '--subdir', 'DAGS_FOLDER/mercado_dag.py', '--cfg-path', '/tmp/tmpt33gmjoo']
[2024-07-25T15:00:53.825-0300] {standard_task_runner.py:91} INFO - Job 2480: Subtask get_5m_info
[2024-07-25T15:00:53.849-0300] {task_command.py:426} INFO - Running <TaskInstance: Mercado_5m.get_5m_info scheduled__2024-07-25T14:00:00+00:00 [running]> on host Galaxybook.
[2024-07-25T15:00:53.904-0300] {taskinstance.py:2648} INFO - Exporting env vars: AIRFLOW_CTX_DAG_OWNER='airflow' AIRFLOW_CTX_DAG_ID='Mercado_5m' AIRFLOW_CTX_TASK_ID='get_5m_info' AIRFLOW_CTX_EXECUTION_DATE='2024-07-25T14:00:00+00:00' AIRFLOW_CTX_TRY_NUMBER='1' AIRFLOW_CTX_DAG_RUN_ID='scheduled__2024-07-25T14:00:00+00:00'
[2024-07-25T15:00:53.905-0300] {taskinstance.py:430} INFO - ::endgroup::
[2024-07-25T15:00:53.970-0300] {base.py:84} INFO - Using connection ID 'mercado_default' for task execution.
[2024-07-25T15:00:53.971-0300] {mercado_hook.py:31} INFO - URL: https://api.mercadobitcoin.net/api/v4/candles?symbol=BTC-BRL&resolution=5m&to=1721927100&from=1721926800
[2024-07-25T15:00:54.235-0300] {python.py:237} INFO - Done. Returned value was: None
[2024-07-25T15:00:54.236-0300] {taskinstance.py:441} INFO - ::group::Post task execution logs
[2024-07-25T15:00:54.238-0300] {taskinstance.py:1206} INFO - Marking task as SUCCESS. dag_id=Mercado_5m, task_id=get_5m_info, run_id=scheduled__2024-07-25T14:00:00+00:00, execution_date=20240725T140000, start_date=20240725T180053, end_date=20240725T180054
[2024-07-25T15:00:54.283-0300] {local_task_job_runner.py:243} INFO - Task exited with return code 0
[2024-07-25T15:00:54.289-0300] {taskinstance.py:3503} INFO - 0 downstream tasks scheduled from follow-on schedule check
[2024-07-25T15:00:54.290-0300] {local_task_job_runner.py:222} INFO - ::endgroup::
