[2024-07-25T14:51:22.744-0300] {local_task_job_runner.py:120} INFO - ::group::Pre task execution logs
[2024-07-25T14:51:22.749-0300] {taskinstance.py:2076} INFO - Dependencies all met for dep_context=non-requeueable deps ti=<TaskInstance: Binance_5m.get_5m_info scheduled__2024-07-25T09:55:00+00:00 [queued]>
[2024-07-25T14:51:22.752-0300] {taskinstance.py:2076} INFO - Dependencies all met for dep_context=requeueable deps ti=<TaskInstance: Binance_5m.get_5m_info scheduled__2024-07-25T09:55:00+00:00 [queued]>
[2024-07-25T14:51:22.752-0300] {taskinstance.py:2306} INFO - Starting attempt 1 of 1
[2024-07-25T14:51:22.767-0300] {taskinstance.py:2330} INFO - Executing <Task(PythonOperator): get_5m_info> on 2024-07-25 09:55:00+00:00
[2024-07-25T14:51:22.769-0300] {standard_task_runner.py:64} INFO - Started process 2610758 to run task
[2024-07-25T14:51:22.770-0300] {standard_task_runner.py:90} INFO - Running: ['airflow', 'tasks', 'run', 'Binance_5m', 'get_5m_info', 'scheduled__2024-07-25T09:55:00+00:00', '--job-id', '2211', '--raw', '--subdir', 'DAGS_FOLDER/binance_dag.py', '--cfg-path', '/tmp/tmpme5n4whp']
[2024-07-25T14:51:22.771-0300] {standard_task_runner.py:91} INFO - Job 2211: Subtask get_5m_info
[2024-07-25T14:51:22.795-0300] {task_command.py:426} INFO - Running <TaskInstance: Binance_5m.get_5m_info scheduled__2024-07-25T09:55:00+00:00 [running]> on host Galaxybook.
[2024-07-25T14:51:22.848-0300] {taskinstance.py:2648} INFO - Exporting env vars: AIRFLOW_CTX_DAG_OWNER='airflow' AIRFLOW_CTX_DAG_ID='Binance_5m' AIRFLOW_CTX_TASK_ID='get_5m_info' AIRFLOW_CTX_EXECUTION_DATE='2024-07-25T09:55:00+00:00' AIRFLOW_CTX_TRY_NUMBER='1' AIRFLOW_CTX_DAG_RUN_ID='scheduled__2024-07-25T09:55:00+00:00'
[2024-07-25T14:51:22.849-0300] {taskinstance.py:430} INFO - ::endgroup::
[2024-07-25T14:51:22.856-0300] {binance_dag.py:23} INFO - End Time: 2024-07-25T10:00:00.00Z
[2024-07-25T14:51:22.856-0300] {binance_dag.py:24} INFO - Start Time: 2024-07-25T09:55:00.00Z
[2024-07-25T14:51:22.910-0300] {base.py:84} INFO - Using connection ID 'binance_default' for task execution.
[2024-07-25T14:51:22.910-0300] {logging_mixin.py:188} INFO - https://api.binance.com
[2024-07-25T14:51:22.910-0300] {binance_hook.py:35} INFO - URL: https://api.binance.com/api/v3/klines?symbol=BTCBRL&interval=5m&startTime=1721912100000&endTime=1721912399999
[2024-07-25T14:51:23.322-0300] {binance_dag.py:43} INFO - r: [[1721912100000, '362920.00000000', '363037.00000000', '362282.00000000', '363037.00000000', '0.73959000', 1721912399999, '268204.70210000', 192, '0.08762000', '31781.36763000', '0']]
[2024-07-25T14:51:23.323-0300] {python.py:237} INFO - Done. Returned value was: None
[2024-07-25T14:51:23.324-0300] {taskinstance.py:441} INFO - ::group::Post task execution logs
[2024-07-25T14:51:23.326-0300] {taskinstance.py:1206} INFO - Marking task as SUCCESS. dag_id=Binance_5m, task_id=get_5m_info, run_id=scheduled__2024-07-25T09:55:00+00:00, execution_date=20240725T095500, start_date=20240725T175122, end_date=20240725T175123
[2024-07-25T14:51:23.353-0300] {local_task_job_runner.py:243} INFO - Task exited with return code 0
[2024-07-25T14:51:23.359-0300] {taskinstance.py:3503} INFO - 0 downstream tasks scheduled from follow-on schedule check
[2024-07-25T14:51:23.359-0300] {local_task_job_runner.py:222} INFO - ::endgroup::
[2024-07-25T15:21:19.030-0300] {local_task_job_runner.py:120} INFO - ::group::Pre task execution logs
[2024-07-25T15:21:19.035-0300] {taskinstance.py:2076} INFO - Dependencies all met for dep_context=non-requeueable deps ti=<TaskInstance: Binance_5m.get_5m_info scheduled__2024-07-25T09:55:00+00:00 [queued]>
[2024-07-25T15:21:19.037-0300] {taskinstance.py:2076} INFO - Dependencies all met for dep_context=requeueable deps ti=<TaskInstance: Binance_5m.get_5m_info scheduled__2024-07-25T09:55:00+00:00 [queued]>
[2024-07-25T15:21:19.038-0300] {taskinstance.py:2306} INFO - Starting attempt 1 of 1
[2024-07-25T15:21:19.050-0300] {taskinstance.py:2330} INFO - Executing <Task(PythonOperator): get_5m_info> on 2024-07-25 09:55:00+00:00
[2024-07-25T15:21:19.051-0300] {standard_task_runner.py:64} INFO - Started process 2633033 to run task
[2024-07-25T15:21:19.053-0300] {standard_task_runner.py:90} INFO - Running: ['airflow', 'tasks', 'run', 'Binance_5m', 'get_5m_info', 'scheduled__2024-07-25T09:55:00+00:00', '--job-id', '2654', '--raw', '--subdir', 'DAGS_FOLDER/binance_dag.py', '--cfg-path', '/tmp/tmp93m68w75']
[2024-07-25T15:21:19.054-0300] {standard_task_runner.py:91} INFO - Job 2654: Subtask get_5m_info
[2024-07-25T15:21:19.079-0300] {task_command.py:426} INFO - Running <TaskInstance: Binance_5m.get_5m_info scheduled__2024-07-25T09:55:00+00:00 [running]> on host Galaxybook.
[2024-07-25T15:21:19.130-0300] {taskinstance.py:2648} INFO - Exporting env vars: AIRFLOW_CTX_DAG_OWNER='airflow' AIRFLOW_CTX_DAG_ID='Binance_5m' AIRFLOW_CTX_TASK_ID='get_5m_info' AIRFLOW_CTX_EXECUTION_DATE='2024-07-25T09:55:00+00:00' AIRFLOW_CTX_TRY_NUMBER='1' AIRFLOW_CTX_DAG_RUN_ID='scheduled__2024-07-25T09:55:00+00:00'
[2024-07-25T15:21:19.130-0300] {taskinstance.py:430} INFO - ::endgroup::
[2024-07-25T15:21:19.139-0300] {binance_dag.py:23} INFO - End Time: 2024-07-25T10:00:00.00Z
[2024-07-25T15:21:19.139-0300] {binance_dag.py:24} INFO - Start Time: 2024-07-25T09:55:00.00Z
[2024-07-25T15:21:19.190-0300] {binance_dag.py:25} INFO - 1721912100000
[2024-07-25T15:21:19.193-0300] {base.py:84} INFO - Using connection ID 'binance_default' for task execution.
[2024-07-25T15:21:19.193-0300] {logging_mixin.py:188} INFO - https://api.binance.com
[2024-07-25T15:21:19.193-0300] {binance_hook.py:35} INFO - URL: https://api.binance.com/api/v3/klines?symbol=BTCBRL&interval=5m&startTime=1721912100000&endTime=1721912399999
[2024-07-25T15:21:19.599-0300] {python.py:237} INFO - Done. Returned value was: None
[2024-07-25T15:21:19.600-0300] {taskinstance.py:441} INFO - ::group::Post task execution logs
[2024-07-25T15:21:19.603-0300] {taskinstance.py:1206} INFO - Marking task as SUCCESS. dag_id=Binance_5m, task_id=get_5m_info, run_id=scheduled__2024-07-25T09:55:00+00:00, execution_date=20240725T095500, start_date=20240725T182119, end_date=20240725T182119
[2024-07-25T15:21:19.633-0300] {local_task_job_runner.py:243} INFO - Task exited with return code 0
[2024-07-25T15:21:19.639-0300] {taskinstance.py:3503} INFO - 0 downstream tasks scheduled from follow-on schedule check
[2024-07-25T15:21:19.639-0300] {local_task_job_runner.py:222} INFO - ::endgroup::
[2024-07-25T16:18:07.570-0300] {local_task_job_runner.py:120} INFO - ::group::Pre task execution logs
[2024-07-25T16:18:07.577-0300] {taskinstance.py:2076} INFO - Dependencies all met for dep_context=non-requeueable deps ti=<TaskInstance: Binance_5m.get_5m_info scheduled__2024-07-25T09:55:00+00:00 [queued]>
[2024-07-25T16:18:07.582-0300] {taskinstance.py:2076} INFO - Dependencies all met for dep_context=requeueable deps ti=<TaskInstance: Binance_5m.get_5m_info scheduled__2024-07-25T09:55:00+00:00 [queued]>
[2024-07-25T16:18:07.582-0300] {taskinstance.py:2306} INFO - Starting attempt 1 of 1
[2024-07-25T16:18:07.596-0300] {taskinstance.py:2330} INFO - Executing <Task(PythonOperator): get_5m_info> on 2024-07-25 09:55:00+00:00
[2024-07-25T16:18:07.598-0300] {standard_task_runner.py:64} INFO - Started process 2661093 to run task
[2024-07-25T16:18:07.601-0300] {standard_task_runner.py:90} INFO - Running: ['airflow', 'tasks', 'run', 'Binance_5m', 'get_5m_info', 'scheduled__2024-07-25T09:55:00+00:00', '--job-id', '2217', '--raw', '--subdir', 'DAGS_FOLDER/binance_dag.py', '--cfg-path', '/tmp/tmpfwfynv9d']
[2024-07-25T16:18:07.602-0300] {standard_task_runner.py:91} INFO - Job 2217: Subtask get_5m_info
[2024-07-25T16:18:07.635-0300] {task_command.py:426} INFO - Running <TaskInstance: Binance_5m.get_5m_info scheduled__2024-07-25T09:55:00+00:00 [running]> on host Galaxybook.
[2024-07-25T16:18:07.697-0300] {taskinstance.py:2648} INFO - Exporting env vars: AIRFLOW_CTX_DAG_OWNER='airflow' AIRFLOW_CTX_DAG_ID='Binance_5m' AIRFLOW_CTX_TASK_ID='get_5m_info' AIRFLOW_CTX_EXECUTION_DATE='2024-07-25T09:55:00+00:00' AIRFLOW_CTX_TRY_NUMBER='1' AIRFLOW_CTX_DAG_RUN_ID='scheduled__2024-07-25T09:55:00+00:00'
[2024-07-25T16:18:07.698-0300] {taskinstance.py:430} INFO - ::endgroup::
[2024-07-25T16:18:07.709-0300] {binance_dag.py:22} INFO - End Time: 2024-07-25 10:00:00+00:00
[2024-07-25T16:18:07.710-0300] {binance_dag.py:23} INFO - Start Time: 2024-07-25 09:55:00+00:00
[2024-07-25T16:18:07.710-0300] {binance_dag.py:24} INFO - Start timestamp: 1721901300000
[2024-07-25T16:18:07.710-0300] {binance_dag.py:25} INFO - End timestamp: 1721901600000
[2024-07-25T16:18:07.785-0300] {base.py:84} INFO - Using connection ID 'binance_default' for task execution.
[2024-07-25T16:18:07.785-0300] {logging_mixin.py:188} INFO - https://api.binance.com
[2024-07-25T16:18:07.786-0300] {binance_hook.py:35} INFO - URL: https://api.binance.com/api/v3/klines?symbol=BTCBRL&interval=5m&startTime=1721901300000&endTime=1721901599999&timeZone=-3
[2024-07-25T16:18:08.233-0300] {python.py:237} INFO - Done. Returned value was: None
[2024-07-25T16:18:08.234-0300] {taskinstance.py:441} INFO - ::group::Post task execution logs
[2024-07-25T16:18:08.237-0300] {taskinstance.py:1206} INFO - Marking task as SUCCESS. dag_id=Binance_5m, task_id=get_5m_info, run_id=scheduled__2024-07-25T09:55:00+00:00, execution_date=20240725T095500, start_date=20240725T191807, end_date=20240725T191808
[2024-07-25T16:18:08.267-0300] {local_task_job_runner.py:243} INFO - Task exited with return code 0
[2024-07-25T16:18:08.274-0300] {taskinstance.py:3503} INFO - 0 downstream tasks scheduled from follow-on schedule check
[2024-07-25T16:18:08.274-0300] {local_task_job_runner.py:222} INFO - ::endgroup::
