[2024-07-25T14:54:40.912-0300] {local_task_job_runner.py:120} INFO - ::group::Pre task execution logs
[2024-07-25T14:54:40.917-0300] {taskinstance.py:2076} INFO - Dependencies all met for dep_context=non-requeueable deps ti=<TaskInstance: Mercado_5m.get_5m_info scheduled__2024-07-25T00:20:00+00:00 [queued]>
[2024-07-25T14:54:40.919-0300] {taskinstance.py:2076} INFO - Dependencies all met for dep_context=requeueable deps ti=<TaskInstance: Mercado_5m.get_5m_info scheduled__2024-07-25T00:20:00+00:00 [queued]>
[2024-07-25T14:54:40.919-0300] {taskinstance.py:2306} INFO - Starting attempt 1 of 1
[2024-07-25T14:54:40.935-0300] {taskinstance.py:2330} INFO - Executing <Task(PythonOperator): get_5m_info> on 2024-07-25 00:20:00+00:00
[2024-07-25T14:54:40.936-0300] {standard_task_runner.py:64} INFO - Started process 2614114 to run task
[2024-07-25T14:54:40.939-0300] {standard_task_runner.py:90} INFO - Running: ['airflow', 'tasks', 'run', 'Mercado_5m', 'get_5m_info', 'scheduled__2024-07-25T00:20:00+00:00', '--job-id', '2299', '--raw', '--subdir', 'DAGS_FOLDER/mercado_dag.py', '--cfg-path', '/tmp/tmp83b3062i']
[2024-07-25T14:54:40.940-0300] {standard_task_runner.py:91} INFO - Job 2299: Subtask get_5m_info
[2024-07-25T14:54:40.967-0300] {task_command.py:426} INFO - Running <TaskInstance: Mercado_5m.get_5m_info scheduled__2024-07-25T00:20:00+00:00 [running]> on host Galaxybook.
[2024-07-25T14:54:41.013-0300] {taskinstance.py:2648} INFO - Exporting env vars: AIRFLOW_CTX_DAG_OWNER='airflow' AIRFLOW_CTX_DAG_ID='Mercado_5m' AIRFLOW_CTX_TASK_ID='get_5m_info' AIRFLOW_CTX_EXECUTION_DATE='2024-07-25T00:20:00+00:00' AIRFLOW_CTX_TRY_NUMBER='1' AIRFLOW_CTX_DAG_RUN_ID='scheduled__2024-07-25T00:20:00+00:00'
[2024-07-25T14:54:41.014-0300] {taskinstance.py:430} INFO - ::endgroup::
[2024-07-25T14:54:41.076-0300] {base.py:84} INFO - Using connection ID 'mercado_default' for task execution.
[2024-07-25T14:54:41.076-0300] {mercado_hook.py:31} INFO - URL: https://api.mercadobitcoin.net/api/v4/candles?symbol=BTC-BRL&resolution=5m&to=1721877900&from=1721877600
[2024-07-25T14:54:41.346-0300] {python.py:237} INFO - Done. Returned value was: None
[2024-07-25T14:54:41.347-0300] {taskinstance.py:441} INFO - ::group::Post task execution logs
[2024-07-25T14:54:41.350-0300] {taskinstance.py:1206} INFO - Marking task as SUCCESS. dag_id=Mercado_5m, task_id=get_5m_info, run_id=scheduled__2024-07-25T00:20:00+00:00, execution_date=20240725T002000, start_date=20240725T175440, end_date=20240725T175441
[2024-07-25T14:54:41.398-0300] {local_task_job_runner.py:243} INFO - Task exited with return code 0
[2024-07-25T14:54:41.406-0300] {taskinstance.py:3503} INFO - 0 downstream tasks scheduled from follow-on schedule check
[2024-07-25T14:54:41.407-0300] {local_task_job_runner.py:222} INFO - ::endgroup::
[2024-07-25T15:05:45.290-0300] {local_task_job_runner.py:120} INFO - ::group::Pre task execution logs
[2024-07-25T15:05:45.296-0300] {taskinstance.py:2076} INFO - Dependencies all met for dep_context=non-requeueable deps ti=<TaskInstance: Mercado_5m.get_5m_info scheduled__2024-07-25T00:20:00+00:00 [queued]>
[2024-07-25T15:05:45.299-0300] {taskinstance.py:2076} INFO - Dependencies all met for dep_context=requeueable deps ti=<TaskInstance: Mercado_5m.get_5m_info scheduled__2024-07-25T00:20:00+00:00 [queued]>
[2024-07-25T15:05:45.299-0300] {taskinstance.py:2306} INFO - Starting attempt 1 of 1
[2024-07-25T15:05:45.313-0300] {taskinstance.py:2330} INFO - Executing <Task(PythonOperator): get_5m_info> on 2024-07-25 00:20:00+00:00
[2024-07-25T15:05:45.314-0300] {standard_task_runner.py:64} INFO - Started process 2623409 to run task
[2024-07-25T15:05:45.316-0300] {standard_task_runner.py:90} INFO - Running: ['airflow', 'tasks', 'run', 'Mercado_5m', 'get_5m_info', 'scheduled__2024-07-25T00:20:00+00:00', '--job-id', '2525', '--raw', '--subdir', 'DAGS_FOLDER/mercado_dag.py', '--cfg-path', '/tmp/tmpx6jhb5cb']
[2024-07-25T15:05:45.317-0300] {standard_task_runner.py:91} INFO - Job 2525: Subtask get_5m_info
[2024-07-25T15:05:45.341-0300] {task_command.py:426} INFO - Running <TaskInstance: Mercado_5m.get_5m_info scheduled__2024-07-25T00:20:00+00:00 [running]> on host Galaxybook.
[2024-07-25T15:05:45.389-0300] {taskinstance.py:2648} INFO - Exporting env vars: AIRFLOW_CTX_DAG_OWNER='airflow' AIRFLOW_CTX_DAG_ID='Mercado_5m' AIRFLOW_CTX_TASK_ID='get_5m_info' AIRFLOW_CTX_EXECUTION_DATE='2024-07-25T00:20:00+00:00' AIRFLOW_CTX_TRY_NUMBER='1' AIRFLOW_CTX_DAG_RUN_ID='scheduled__2024-07-25T00:20:00+00:00'
[2024-07-25T15:05:45.389-0300] {taskinstance.py:430} INFO - ::endgroup::
[2024-07-25T15:05:45.463-0300] {base.py:84} INFO - Using connection ID 'mercado_default' for task execution.
[2024-07-25T15:05:45.464-0300] {mercado_hook.py:31} INFO - URL: https://api.mercadobitcoin.net/api/v4/candles?symbol=BTC-BRL&resolution=5m&to=1721877900000&from=1721877600000
[2024-07-25T15:05:45.745-0300] {python.py:237} INFO - Done. Returned value was: None
[2024-07-25T15:05:45.746-0300] {taskinstance.py:441} INFO - ::group::Post task execution logs
[2024-07-25T15:05:45.749-0300] {taskinstance.py:1206} INFO - Marking task as SUCCESS. dag_id=Mercado_5m, task_id=get_5m_info, run_id=scheduled__2024-07-25T00:20:00+00:00, execution_date=20240725T002000, start_date=20240725T180545, end_date=20240725T180545
[2024-07-25T15:05:45.777-0300] {local_task_job_runner.py:243} INFO - Task exited with return code 0
[2024-07-25T15:05:45.785-0300] {taskinstance.py:3503} INFO - 0 downstream tasks scheduled from follow-on schedule check
[2024-07-25T15:05:45.785-0300] {local_task_job_runner.py:222} INFO - ::endgroup::
[2024-07-25T16:17:14.250-0300] {local_task_job_runner.py:120} INFO - ::group::Pre task execution logs
[2024-07-25T16:17:14.257-0300] {taskinstance.py:2076} INFO - Dependencies all met for dep_context=non-requeueable deps ti=<TaskInstance: Mercado_5m.get_5m_info scheduled__2024-07-25T00:20:00+00:00 [queued]>
[2024-07-25T16:17:14.261-0300] {taskinstance.py:2076} INFO - Dependencies all met for dep_context=requeueable deps ti=<TaskInstance: Mercado_5m.get_5m_info scheduled__2024-07-25T00:20:00+00:00 [queued]>
[2024-07-25T16:17:14.262-0300] {taskinstance.py:2306} INFO - Starting attempt 1 of 1
[2024-07-25T16:17:14.285-0300] {taskinstance.py:2330} INFO - Executing <Task(PythonOperator): get_5m_info> on 2024-07-25 00:20:00+00:00
[2024-07-25T16:17:14.287-0300] {standard_task_runner.py:64} INFO - Started process 2660188 to run task
[2024-07-25T16:17:14.290-0300] {standard_task_runner.py:90} INFO - Running: ['airflow', 'tasks', 'run', 'Mercado_5m', 'get_5m_info', 'scheduled__2024-07-25T00:20:00+00:00', '--job-id', '2193', '--raw', '--subdir', 'DAGS_FOLDER/mercado_dag.py', '--cfg-path', '/tmp/tmpo9xgslmk']
[2024-07-25T16:17:14.291-0300] {standard_task_runner.py:91} INFO - Job 2193: Subtask get_5m_info
[2024-07-25T16:17:14.326-0300] {task_command.py:426} INFO - Running <TaskInstance: Mercado_5m.get_5m_info scheduled__2024-07-25T00:20:00+00:00 [running]> on host Galaxybook.
[2024-07-25T16:17:14.381-0300] {taskinstance.py:2648} INFO - Exporting env vars: AIRFLOW_CTX_DAG_OWNER='airflow' AIRFLOW_CTX_DAG_ID='Mercado_5m' AIRFLOW_CTX_TASK_ID='get_5m_info' AIRFLOW_CTX_EXECUTION_DATE='2024-07-25T00:20:00+00:00' AIRFLOW_CTX_TRY_NUMBER='1' AIRFLOW_CTX_DAG_RUN_ID='scheduled__2024-07-25T00:20:00+00:00'
[2024-07-25T16:17:14.381-0300] {taskinstance.py:430} INFO - ::endgroup::
[2024-07-25T16:17:14.463-0300] {base.py:84} INFO - Using connection ID 'mercado_default' for task execution.
[2024-07-25T16:17:14.464-0300] {mercado_hook.py:31} INFO - URL: https://api.mercadobitcoin.net/api/v4/candles?symbol=BTC-BRL&resolution=5m&to=1721867100&from=1721866800
[2024-07-25T16:17:14.799-0300] {python.py:237} INFO - Done. Returned value was: None
[2024-07-25T16:17:14.800-0300] {taskinstance.py:441} INFO - ::group::Post task execution logs
[2024-07-25T16:17:14.803-0300] {taskinstance.py:1206} INFO - Marking task as SUCCESS. dag_id=Mercado_5m, task_id=get_5m_info, run_id=scheduled__2024-07-25T00:20:00+00:00, execution_date=20240725T002000, start_date=20240725T191714, end_date=20240725T191714
[2024-07-25T16:17:14.831-0300] {local_task_job_runner.py:243} INFO - Task exited with return code 0
[2024-07-25T16:17:14.838-0300] {taskinstance.py:3503} INFO - 0 downstream tasks scheduled from follow-on schedule check
[2024-07-25T16:17:14.838-0300] {local_task_job_runner.py:222} INFO - ::endgroup::
[2024-07-25T16:22:14.815-0300] {local_task_job_runner.py:120} INFO - ::group::Pre task execution logs
[2024-07-25T16:22:14.821-0300] {taskinstance.py:2076} INFO - Dependencies all met for dep_context=non-requeueable deps ti=<TaskInstance: Mercado_5m.get_5m_info scheduled__2024-07-25T00:20:00+00:00 [queued]>
[2024-07-25T16:22:14.825-0300] {taskinstance.py:2076} INFO - Dependencies all met for dep_context=requeueable deps ti=<TaskInstance: Mercado_5m.get_5m_info scheduled__2024-07-25T00:20:00+00:00 [queued]>
[2024-07-25T16:22:14.825-0300] {taskinstance.py:2306} INFO - Starting attempt 1 of 1
[2024-07-25T16:22:14.838-0300] {taskinstance.py:2330} INFO - Executing <Task(PythonOperator): get_5m_info> on 2024-07-25 00:20:00+00:00
[2024-07-25T16:22:14.840-0300] {standard_task_runner.py:64} INFO - Started process 2665270 to run task
[2024-07-25T16:22:14.842-0300] {standard_task_runner.py:90} INFO - Running: ['airflow', 'tasks', 'run', 'Mercado_5m', 'get_5m_info', 'scheduled__2024-07-25T00:20:00+00:00', '--job-id', '2342', '--raw', '--subdir', 'DAGS_FOLDER/mercado_dag.py', '--cfg-path', '/tmp/tmp7f_f2u26']
[2024-07-25T16:22:14.843-0300] {standard_task_runner.py:91} INFO - Job 2342: Subtask get_5m_info
[2024-07-25T16:22:14.870-0300] {task_command.py:426} INFO - Running <TaskInstance: Mercado_5m.get_5m_info scheduled__2024-07-25T00:20:00+00:00 [running]> on host Galaxybook.
[2024-07-25T16:22:14.918-0300] {taskinstance.py:2648} INFO - Exporting env vars: AIRFLOW_CTX_DAG_OWNER='airflow' AIRFLOW_CTX_DAG_ID='Mercado_5m' AIRFLOW_CTX_TASK_ID='get_5m_info' AIRFLOW_CTX_EXECUTION_DATE='2024-07-25T00:20:00+00:00' AIRFLOW_CTX_TRY_NUMBER='1' AIRFLOW_CTX_DAG_RUN_ID='scheduled__2024-07-25T00:20:00+00:00'
[2024-07-25T16:22:14.919-0300] {taskinstance.py:430} INFO - ::endgroup::
[2024-07-25T16:22:14.927-0300] {mercado_dag.py:22} INFO - To: 2024-07-25 00:25:00+00:00
[2024-07-25T16:22:14.927-0300] {mercado_dag.py:23} INFO - From: 2024-07-25 00:20:00+00:00
[2024-07-25T16:22:14.927-0300] {mercado_dag.py:24} INFO - To timestamp: 1721867100 
[2024-07-25T16:22:14.928-0300] {mercado_dag.py:25} INFO - From timestamp: 1721866800 
[2024-07-25T16:22:14.991-0300] {base.py:84} INFO - Using connection ID 'mercado_default' for task execution.
[2024-07-25T16:22:14.992-0300] {mercado_hook.py:31} INFO - URL: https://api.mercadobitcoin.net/api/v4/candles?symbol=BTC-BRL&resolution=5m&to=1721867100&from=1721866800
[2024-07-25T16:22:15.287-0300] {python.py:237} INFO - Done. Returned value was: None
[2024-07-25T16:22:15.288-0300] {taskinstance.py:441} INFO - ::group::Post task execution logs
[2024-07-25T16:22:15.290-0300] {taskinstance.py:1206} INFO - Marking task as SUCCESS. dag_id=Mercado_5m, task_id=get_5m_info, run_id=scheduled__2024-07-25T00:20:00+00:00, execution_date=20240725T002000, start_date=20240725T192214, end_date=20240725T192215
[2024-07-25T16:22:15.341-0300] {local_task_job_runner.py:243} INFO - Task exited with return code 0
[2024-07-25T16:22:15.350-0300] {taskinstance.py:3503} INFO - 0 downstream tasks scheduled from follow-on schedule check
[2024-07-25T16:22:15.351-0300] {local_task_job_runner.py:222} INFO - ::endgroup::
[2024-07-25T16:25:13.867-0300] {local_task_job_runner.py:120} INFO - ::group::Pre task execution logs
[2024-07-25T16:25:13.873-0300] {taskinstance.py:2076} INFO - Dependencies all met for dep_context=non-requeueable deps ti=<TaskInstance: Mercado_5m.get_5m_info scheduled__2024-07-25T00:20:00+00:00 [queued]>
[2024-07-25T16:25:13.877-0300] {taskinstance.py:2076} INFO - Dependencies all met for dep_context=requeueable deps ti=<TaskInstance: Mercado_5m.get_5m_info scheduled__2024-07-25T00:20:00+00:00 [queued]>
[2024-07-25T16:25:13.877-0300] {taskinstance.py:2306} INFO - Starting attempt 1 of 1
[2024-07-25T16:25:13.896-0300] {taskinstance.py:2330} INFO - Executing <Task(PythonOperator): get_5m_info> on 2024-07-25 00:20:00+00:00
[2024-07-25T16:25:13.898-0300] {standard_task_runner.py:64} INFO - Started process 2668259 to run task
[2024-07-25T16:25:13.900-0300] {standard_task_runner.py:90} INFO - Running: ['airflow', 'tasks', 'run', 'Mercado_5m', 'get_5m_info', 'scheduled__2024-07-25T00:20:00+00:00', '--job-id', '2424', '--raw', '--subdir', 'DAGS_FOLDER/mercado_dag.py', '--cfg-path', '/tmp/tmpyw8xkngq']
[2024-07-25T16:25:13.901-0300] {standard_task_runner.py:91} INFO - Job 2424: Subtask get_5m_info
[2024-07-25T16:25:13.930-0300] {task_command.py:426} INFO - Running <TaskInstance: Mercado_5m.get_5m_info scheduled__2024-07-25T00:20:00+00:00 [running]> on host Galaxybook.
[2024-07-25T16:25:13.989-0300] {taskinstance.py:2648} INFO - Exporting env vars: AIRFLOW_CTX_DAG_OWNER='airflow' AIRFLOW_CTX_DAG_ID='Mercado_5m' AIRFLOW_CTX_TASK_ID='get_5m_info' AIRFLOW_CTX_EXECUTION_DATE='2024-07-25T00:20:00+00:00' AIRFLOW_CTX_TRY_NUMBER='1' AIRFLOW_CTX_DAG_RUN_ID='scheduled__2024-07-25T00:20:00+00:00'
[2024-07-25T16:25:13.990-0300] {taskinstance.py:430} INFO - ::endgroup::
[2024-07-25T16:25:13.998-0300] {mercado_dag.py:22} INFO - To: 2024-07-25 00:25:00+00:00
[2024-07-25T16:25:13.998-0300] {mercado_dag.py:23} INFO - From: 2024-07-25 00:20:00+00:00
[2024-07-25T16:25:13.998-0300] {mercado_dag.py:24} INFO - To timestamp: 1721867100000 
[2024-07-25T16:25:13.998-0300] {mercado_dag.py:25} INFO - From timestamp: 1721866800000 
[2024-07-25T16:25:14.072-0300] {base.py:84} INFO - Using connection ID 'mercado_default' for task execution.
[2024-07-25T16:25:14.073-0300] {mercado_hook.py:31} INFO - URL: https://api.mercadobitcoin.net/api/v4/candles?symbol=BTC-BRL&resolution=5m&to=1721867100000&from=1721866800000
[2024-07-25T16:25:14.372-0300] {python.py:237} INFO - Done. Returned value was: None
[2024-07-25T16:25:14.373-0300] {taskinstance.py:441} INFO - ::group::Post task execution logs
[2024-07-25T16:25:14.376-0300] {taskinstance.py:1206} INFO - Marking task as SUCCESS. dag_id=Mercado_5m, task_id=get_5m_info, run_id=scheduled__2024-07-25T00:20:00+00:00, execution_date=20240725T002000, start_date=20240725T192513, end_date=20240725T192514
[2024-07-25T16:25:14.400-0300] {local_task_job_runner.py:243} INFO - Task exited with return code 0
[2024-07-25T16:25:14.407-0300] {taskinstance.py:3503} INFO - 0 downstream tasks scheduled from follow-on schedule check
[2024-07-25T16:25:14.407-0300] {local_task_job_runner.py:222} INFO - ::endgroup::
