[2024-07-25T14:28:00.642-0300] {local_task_job_runner.py:120} INFO - ::group::Pre task execution logs
[2024-07-25T14:28:00.650-0300] {taskinstance.py:2076} INFO - Dependencies all met for dep_context=non-requeueable deps ti=<TaskInstance: Binance_5m.get_5m_info scheduled__2024-07-25T12:55:00+00:00 [queued]>
[2024-07-25T14:28:00.654-0300] {taskinstance.py:2076} INFO - Dependencies all met for dep_context=requeueable deps ti=<TaskInstance: Binance_5m.get_5m_info scheduled__2024-07-25T12:55:00+00:00 [queued]>
[2024-07-25T14:28:00.654-0300] {taskinstance.py:2306} INFO - Starting attempt 1 of 1
[2024-07-25T14:28:00.668-0300] {taskinstance.py:2330} INFO - Executing <Task(PythonOperator): get_5m_info> on 2024-07-25 12:55:00+00:00
[2024-07-25T14:28:00.670-0300] {standard_task_runner.py:64} INFO - Started process 2590788 to run task
[2024-07-25T14:28:00.672-0300] {standard_task_runner.py:90} INFO - Running: ['airflow', 'tasks', 'run', 'Binance_5m', 'get_5m_info', 'scheduled__2024-07-25T12:55:00+00:00', '--job-id', '2105', '--raw', '--subdir', 'DAGS_FOLDER/binance_dag.py', '--cfg-path', '/tmp/tmplplhhpkm']
[2024-07-25T14:28:00.673-0300] {standard_task_runner.py:91} INFO - Job 2105: Subtask get_5m_info
[2024-07-25T14:28:00.702-0300] {task_command.py:426} INFO - Running <TaskInstance: Binance_5m.get_5m_info scheduled__2024-07-25T12:55:00+00:00 [running]> on host Galaxybook.
[2024-07-25T14:28:00.754-0300] {taskinstance.py:2648} INFO - Exporting env vars: AIRFLOW_CTX_DAG_OWNER='airflow' AIRFLOW_CTX_DAG_ID='Binance_5m' AIRFLOW_CTX_TASK_ID='get_5m_info' AIRFLOW_CTX_EXECUTION_DATE='2024-07-25T12:55:00+00:00' AIRFLOW_CTX_TRY_NUMBER='1' AIRFLOW_CTX_DAG_RUN_ID='scheduled__2024-07-25T12:55:00+00:00'
[2024-07-25T14:28:00.755-0300] {taskinstance.py:430} INFO - ::endgroup::
[2024-07-25T14:28:00.763-0300] {binance_dag.py:23} INFO - End Time: 2024-07-25T13:00:00.00Z
[2024-07-25T14:28:00.831-0300] {base.py:84} INFO - Using connection ID 'binance_default' for task execution.
[2024-07-25T14:28:00.832-0300] {logging_mixin.py:188} INFO - https://api.binance.com
[2024-07-25T14:28:00.832-0300] {binance_hook.py:35} INFO - URL: https://api.binance.com/api/v3/klines?symbol=BTCBRL&interval=5m&startTime=1721922900000&endTime=1721923200000
[2024-07-25T14:28:01.221-0300] {python.py:237} INFO - Done. Returned value was: None
[2024-07-25T14:28:01.222-0300] {taskinstance.py:441} INFO - ::group::Post task execution logs
[2024-07-25T14:28:01.224-0300] {taskinstance.py:1206} INFO - Marking task as SUCCESS. dag_id=Binance_5m, task_id=get_5m_info, run_id=scheduled__2024-07-25T12:55:00+00:00, execution_date=20240725T125500, start_date=20240725T172800, end_date=20240725T172801
[2024-07-25T14:28:01.257-0300] {local_task_job_runner.py:243} INFO - Task exited with return code 0
[2024-07-25T14:28:01.264-0300] {taskinstance.py:3503} INFO - 0 downstream tasks scheduled from follow-on schedule check
[2024-07-25T14:28:01.264-0300] {local_task_job_runner.py:222} INFO - ::endgroup::
[2024-07-25T14:31:29.386-0300] {local_task_job_runner.py:120} INFO - ::group::Pre task execution logs
[2024-07-25T14:31:29.391-0300] {taskinstance.py:2076} INFO - Dependencies all met for dep_context=non-requeueable deps ti=<TaskInstance: Binance_5m.get_5m_info scheduled__2024-07-25T12:55:00+00:00 [queued]>
[2024-07-25T14:31:29.394-0300] {taskinstance.py:2076} INFO - Dependencies all met for dep_context=requeueable deps ti=<TaskInstance: Binance_5m.get_5m_info scheduled__2024-07-25T12:55:00+00:00 [queued]>
[2024-07-25T14:31:29.395-0300] {taskinstance.py:2306} INFO - Starting attempt 1 of 1
[2024-07-25T14:31:29.406-0300] {taskinstance.py:2330} INFO - Executing <Task(PythonOperator): get_5m_info> on 2024-07-25 12:55:00+00:00
[2024-07-25T14:31:29.408-0300] {standard_task_runner.py:64} INFO - Started process 2594335 to run task
[2024-07-25T14:31:29.409-0300] {standard_task_runner.py:90} INFO - Running: ['airflow', 'tasks', 'run', 'Binance_5m', 'get_5m_info', 'scheduled__2024-07-25T12:55:00+00:00', '--job-id', '2131', '--raw', '--subdir', 'DAGS_FOLDER/binance_dag.py', '--cfg-path', '/tmp/tmpgx40f10e']
[2024-07-25T14:31:29.410-0300] {standard_task_runner.py:91} INFO - Job 2131: Subtask get_5m_info
[2024-07-25T14:31:29.435-0300] {task_command.py:426} INFO - Running <TaskInstance: Binance_5m.get_5m_info scheduled__2024-07-25T12:55:00+00:00 [running]> on host Galaxybook.
[2024-07-25T14:31:29.484-0300] {taskinstance.py:2648} INFO - Exporting env vars: AIRFLOW_CTX_DAG_OWNER='airflow' AIRFLOW_CTX_DAG_ID='Binance_5m' AIRFLOW_CTX_TASK_ID='get_5m_info' AIRFLOW_CTX_EXECUTION_DATE='2024-07-25T12:55:00+00:00' AIRFLOW_CTX_TRY_NUMBER='1' AIRFLOW_CTX_DAG_RUN_ID='scheduled__2024-07-25T12:55:00+00:00'
[2024-07-25T14:31:29.484-0300] {taskinstance.py:430} INFO - ::endgroup::
[2024-07-25T14:31:29.494-0300] {binance_dag.py:23} INFO - End Time: 2024-07-25T13:00:00.00Z
[2024-07-25T14:31:29.557-0300] {base.py:84} INFO - Using connection ID 'binance_default' for task execution.
[2024-07-25T14:31:29.557-0300] {logging_mixin.py:188} INFO - https://api.binance.com
[2024-07-25T14:31:29.558-0300] {binance_hook.py:35} INFO - URL: https://api.binance.com/api/v3/klines?symbol=BTCBRL&interval=5m&startTime=1721922900000&endTime=1721923200000
[2024-07-25T14:31:29.949-0300] {python.py:237} INFO - Done. Returned value was: None
[2024-07-25T14:31:29.950-0300] {taskinstance.py:441} INFO - ::group::Post task execution logs
[2024-07-25T14:31:29.953-0300] {taskinstance.py:1206} INFO - Marking task as SUCCESS. dag_id=Binance_5m, task_id=get_5m_info, run_id=scheduled__2024-07-25T12:55:00+00:00, execution_date=20240725T125500, start_date=20240725T173129, end_date=20240725T173129
[2024-07-25T14:31:29.988-0300] {local_task_job_runner.py:243} INFO - Task exited with return code 0
[2024-07-25T14:31:29.994-0300] {taskinstance.py:3503} INFO - 0 downstream tasks scheduled from follow-on schedule check
[2024-07-25T14:31:29.995-0300] {local_task_job_runner.py:222} INFO - ::endgroup::
[2024-07-25T14:35:58.327-0300] {local_task_job_runner.py:120} INFO - ::group::Pre task execution logs
[2024-07-25T14:35:58.333-0300] {taskinstance.py:2076} INFO - Dependencies all met for dep_context=non-requeueable deps ti=<TaskInstance: Binance_5m.get_5m_info scheduled__2024-07-25T12:55:00+00:00 [queued]>
[2024-07-25T14:35:58.336-0300] {taskinstance.py:2076} INFO - Dependencies all met for dep_context=requeueable deps ti=<TaskInstance: Binance_5m.get_5m_info scheduled__2024-07-25T12:55:00+00:00 [queued]>
[2024-07-25T14:35:58.336-0300] {taskinstance.py:2306} INFO - Starting attempt 1 of 1
[2024-07-25T14:35:58.351-0300] {taskinstance.py:2330} INFO - Executing <Task(PythonOperator): get_5m_info> on 2024-07-25 12:55:00+00:00
[2024-07-25T14:35:58.353-0300] {standard_task_runner.py:64} INFO - Started process 2598397 to run task
[2024-07-25T14:35:58.355-0300] {standard_task_runner.py:90} INFO - Running: ['airflow', 'tasks', 'run', 'Binance_5m', 'get_5m_info', 'scheduled__2024-07-25T12:55:00+00:00', '--job-id', '2093', '--raw', '--subdir', 'DAGS_FOLDER/binance_dag.py', '--cfg-path', '/tmp/tmpe6yhhs5n']
[2024-07-25T14:35:58.356-0300] {standard_task_runner.py:91} INFO - Job 2093: Subtask get_5m_info
[2024-07-25T14:35:58.384-0300] {task_command.py:426} INFO - Running <TaskInstance: Binance_5m.get_5m_info scheduled__2024-07-25T12:55:00+00:00 [running]> on host Galaxybook.
[2024-07-25T14:35:58.438-0300] {taskinstance.py:2648} INFO - Exporting env vars: AIRFLOW_CTX_DAG_OWNER='airflow' AIRFLOW_CTX_DAG_ID='Binance_5m' AIRFLOW_CTX_TASK_ID='get_5m_info' AIRFLOW_CTX_EXECUTION_DATE='2024-07-25T12:55:00+00:00' AIRFLOW_CTX_TRY_NUMBER='1' AIRFLOW_CTX_DAG_RUN_ID='scheduled__2024-07-25T12:55:00+00:00'
[2024-07-25T14:35:58.439-0300] {taskinstance.py:430} INFO - ::endgroup::
[2024-07-25T14:35:58.448-0300] {binance_dag.py:23} INFO - End Time: 2024-07-25T13:00:00.00Z
[2024-07-25T14:35:58.516-0300] {base.py:84} INFO - Using connection ID 'binance_default' for task execution.
[2024-07-25T14:35:58.517-0300] {logging_mixin.py:188} INFO - https://api.binance.com
[2024-07-25T14:35:58.517-0300] {binance_hook.py:35} INFO - URL: https://api.binance.com/api/v3/klines?symbol=BTCBRL&interval=5m&startTime=1721922900000&endTime=1721923200000
[2024-07-25T14:35:58.923-0300] {binance_dag.py:42} INFO - r: [[1721922900000, '366158.00000000', '366889.00000000', '366031.00000000', '366848.00000000', '0.16952000', 1721923199999, '62096.81554000', 75, '0.14482000', '53051.12359000', '0'], [1721923200000, '367000.00000000', '367735.00000000', '366827.00000000', '367669.00000000', '0.68350000', 1721923499999, '250928.80789000', 87, '0.49984000', '183487.20295000', '0']]
[2024-07-25T14:35:58.924-0300] {python.py:237} INFO - Done. Returned value was: None
[2024-07-25T14:35:58.925-0300] {taskinstance.py:441} INFO - ::group::Post task execution logs
[2024-07-25T14:35:58.927-0300] {taskinstance.py:1206} INFO - Marking task as SUCCESS. dag_id=Binance_5m, task_id=get_5m_info, run_id=scheduled__2024-07-25T12:55:00+00:00, execution_date=20240725T125500, start_date=20240725T173558, end_date=20240725T173558
[2024-07-25T14:35:58.976-0300] {local_task_job_runner.py:243} INFO - Task exited with return code 0
[2024-07-25T14:35:58.982-0300] {taskinstance.py:3503} INFO - 0 downstream tasks scheduled from follow-on schedule check
[2024-07-25T14:35:58.983-0300] {local_task_job_runner.py:222} INFO - ::endgroup::
[2024-07-25T14:36:52.674-0300] {local_task_job_runner.py:120} INFO - ::group::Pre task execution logs
[2024-07-25T14:36:52.679-0300] {taskinstance.py:2076} INFO - Dependencies all met for dep_context=non-requeueable deps ti=<TaskInstance: Binance_5m.get_5m_info scheduled__2024-07-25T12:55:00+00:00 [queued]>
[2024-07-25T14:36:52.682-0300] {taskinstance.py:2076} INFO - Dependencies all met for dep_context=requeueable deps ti=<TaskInstance: Binance_5m.get_5m_info scheduled__2024-07-25T12:55:00+00:00 [queued]>
[2024-07-25T14:36:52.682-0300] {taskinstance.py:2306} INFO - Starting attempt 1 of 1
[2024-07-25T14:36:52.695-0300] {taskinstance.py:2330} INFO - Executing <Task(PythonOperator): get_5m_info> on 2024-07-25 12:55:00+00:00
[2024-07-25T14:36:52.696-0300] {standard_task_runner.py:64} INFO - Started process 2599306 to run task
[2024-07-25T14:36:52.699-0300] {standard_task_runner.py:90} INFO - Running: ['airflow', 'tasks', 'run', 'Binance_5m', 'get_5m_info', 'scheduled__2024-07-25T12:55:00+00:00', '--job-id', '2093', '--raw', '--subdir', 'DAGS_FOLDER/binance_dag.py', '--cfg-path', '/tmp/tmpexenz02k']
[2024-07-25T14:36:52.700-0300] {standard_task_runner.py:91} INFO - Job 2093: Subtask get_5m_info
[2024-07-25T14:36:52.727-0300] {task_command.py:426} INFO - Running <TaskInstance: Binance_5m.get_5m_info scheduled__2024-07-25T12:55:00+00:00 [running]> on host Galaxybook.
[2024-07-25T14:36:52.777-0300] {taskinstance.py:2648} INFO - Exporting env vars: AIRFLOW_CTX_DAG_OWNER='airflow' AIRFLOW_CTX_DAG_ID='Binance_5m' AIRFLOW_CTX_TASK_ID='get_5m_info' AIRFLOW_CTX_EXECUTION_DATE='2024-07-25T12:55:00+00:00' AIRFLOW_CTX_TRY_NUMBER='1' AIRFLOW_CTX_DAG_RUN_ID='scheduled__2024-07-25T12:55:00+00:00'
[2024-07-25T14:36:52.777-0300] {taskinstance.py:430} INFO - ::endgroup::
[2024-07-25T14:36:52.787-0300] {binance_dag.py:23} INFO - End Time: 2024-07-25T13:00:00.00Z
[2024-07-25T14:36:52.845-0300] {base.py:84} INFO - Using connection ID 'binance_default' for task execution.
[2024-07-25T14:36:52.846-0300] {logging_mixin.py:188} INFO - https://api.binance.com
[2024-07-25T14:36:52.846-0300] {binance_hook.py:35} INFO - URL: https://api.binance.com/api/v3/klines?symbol=BTCBRL&interval=5m&startTime=1721922900000&endTime=1721923200000
[2024-07-25T14:36:53.280-0300] {binance_dag.py:42} INFO - r: [[1721922900000, '366158.00000000', '366889.00000000', '366031.00000000', '366848.00000000', '0.16952000', 1721923199999, '62096.81554000', 75, '0.14482000', '53051.12359000', '0'], [1721923200000, '367000.00000000', '367735.00000000', '366827.00000000', '367669.00000000', '0.68350000', 1721923499999, '250928.80789000', 87, '0.49984000', '183487.20295000', '0']]
[2024-07-25T14:36:53.281-0300] {python.py:237} INFO - Done. Returned value was: None
[2024-07-25T14:36:53.282-0300] {taskinstance.py:441} INFO - ::group::Post task execution logs
[2024-07-25T14:36:53.284-0300] {taskinstance.py:1206} INFO - Marking task as SUCCESS. dag_id=Binance_5m, task_id=get_5m_info, run_id=scheduled__2024-07-25T12:55:00+00:00, execution_date=20240725T125500, start_date=20240725T173652, end_date=20240725T173653
[2024-07-25T14:36:53.324-0300] {local_task_job_runner.py:243} INFO - Task exited with return code 0
[2024-07-25T14:36:53.332-0300] {taskinstance.py:3503} INFO - 0 downstream tasks scheduled from follow-on schedule check
[2024-07-25T14:36:53.332-0300] {local_task_job_runner.py:222} INFO - ::endgroup::
[2024-07-25T14:52:47.006-0300] {local_task_job_runner.py:120} INFO - ::group::Pre task execution logs
[2024-07-25T14:52:47.013-0300] {taskinstance.py:2076} INFO - Dependencies all met for dep_context=non-requeueable deps ti=<TaskInstance: Binance_5m.get_5m_info scheduled__2024-07-25T12:55:00+00:00 [queued]>
[2024-07-25T14:52:47.018-0300] {taskinstance.py:2076} INFO - Dependencies all met for dep_context=requeueable deps ti=<TaskInstance: Binance_5m.get_5m_info scheduled__2024-07-25T12:55:00+00:00 [queued]>
[2024-07-25T14:52:47.019-0300] {taskinstance.py:2306} INFO - Starting attempt 1 of 1
[2024-07-25T14:52:47.033-0300] {taskinstance.py:2330} INFO - Executing <Task(PythonOperator): get_5m_info> on 2024-07-25 12:55:00+00:00
[2024-07-25T14:52:47.036-0300] {standard_task_runner.py:64} INFO - Started process 2612154 to run task
[2024-07-25T14:52:47.038-0300] {standard_task_runner.py:90} INFO - Running: ['airflow', 'tasks', 'run', 'Binance_5m', 'get_5m_info', 'scheduled__2024-07-25T12:55:00+00:00', '--job-id', '2247', '--raw', '--subdir', 'DAGS_FOLDER/binance_dag.py', '--cfg-path', '/tmp/tmpfqsc8k5e']
[2024-07-25T14:52:47.040-0300] {standard_task_runner.py:91} INFO - Job 2247: Subtask get_5m_info
[2024-07-25T14:52:47.078-0300] {task_command.py:426} INFO - Running <TaskInstance: Binance_5m.get_5m_info scheduled__2024-07-25T12:55:00+00:00 [running]> on host Galaxybook.
[2024-07-25T14:52:47.144-0300] {taskinstance.py:2648} INFO - Exporting env vars: AIRFLOW_CTX_DAG_OWNER='airflow' AIRFLOW_CTX_DAG_ID='Binance_5m' AIRFLOW_CTX_TASK_ID='get_5m_info' AIRFLOW_CTX_EXECUTION_DATE='2024-07-25T12:55:00+00:00' AIRFLOW_CTX_TRY_NUMBER='1' AIRFLOW_CTX_DAG_RUN_ID='scheduled__2024-07-25T12:55:00+00:00'
[2024-07-25T14:52:47.145-0300] {taskinstance.py:430} INFO - ::endgroup::
[2024-07-25T14:52:47.154-0300] {binance_dag.py:23} INFO - End Time: 2024-07-25T13:00:00.00Z
[2024-07-25T14:52:47.154-0300] {binance_dag.py:24} INFO - Start Time: 2024-07-25T12:55:00.00Z
[2024-07-25T14:52:47.228-0300] {base.py:84} INFO - Using connection ID 'binance_default' for task execution.
[2024-07-25T14:52:47.228-0300] {logging_mixin.py:188} INFO - https://api.binance.com
[2024-07-25T14:52:47.229-0300] {binance_hook.py:35} INFO - URL: https://api.binance.com/api/v3/klines?symbol=BTCBRL&interval=5m&startTime=1721922900000&endTime=1721923199999
[2024-07-25T14:52:47.633-0300] {binance_dag.py:43} INFO - r: [[1721922900000, '366158.00000000', '366889.00000000', '366031.00000000', '366848.00000000', '0.16952000', 1721923199999, '62096.81554000', 75, '0.14482000', '53051.12359000', '0']]
[2024-07-25T14:52:47.634-0300] {python.py:237} INFO - Done. Returned value was: None
[2024-07-25T14:52:47.635-0300] {taskinstance.py:441} INFO - ::group::Post task execution logs
[2024-07-25T14:52:47.638-0300] {taskinstance.py:1206} INFO - Marking task as SUCCESS. dag_id=Binance_5m, task_id=get_5m_info, run_id=scheduled__2024-07-25T12:55:00+00:00, execution_date=20240725T125500, start_date=20240725T175247, end_date=20240725T175247
[2024-07-25T14:52:47.658-0300] {local_task_job_runner.py:243} INFO - Task exited with return code 0
[2024-07-25T14:52:47.664-0300] {taskinstance.py:3503} INFO - 0 downstream tasks scheduled from follow-on schedule check
[2024-07-25T14:52:47.664-0300] {local_task_job_runner.py:222} INFO - ::endgroup::
[2024-07-25T15:22:38.610-0300] {local_task_job_runner.py:120} INFO - ::group::Pre task execution logs
[2024-07-25T15:22:38.615-0300] {taskinstance.py:2076} INFO - Dependencies all met for dep_context=non-requeueable deps ti=<TaskInstance: Binance_5m.get_5m_info scheduled__2024-07-25T12:55:00+00:00 [queued]>
[2024-07-25T15:22:38.618-0300] {taskinstance.py:2076} INFO - Dependencies all met for dep_context=requeueable deps ti=<TaskInstance: Binance_5m.get_5m_info scheduled__2024-07-25T12:55:00+00:00 [queued]>
[2024-07-25T15:22:38.618-0300] {taskinstance.py:2306} INFO - Starting attempt 1 of 1
[2024-07-25T15:22:38.634-0300] {taskinstance.py:2330} INFO - Executing <Task(PythonOperator): get_5m_info> on 2024-07-25 12:55:00+00:00
[2024-07-25T15:22:38.635-0300] {standard_task_runner.py:64} INFO - Started process 2634356 to run task
[2024-07-25T15:22:38.638-0300] {standard_task_runner.py:90} INFO - Running: ['airflow', 'tasks', 'run', 'Binance_5m', 'get_5m_info', 'scheduled__2024-07-25T12:55:00+00:00', '--job-id', '2690', '--raw', '--subdir', 'DAGS_FOLDER/binance_dag.py', '--cfg-path', '/tmp/tmpsqh4dcmh']
[2024-07-25T15:22:38.639-0300] {standard_task_runner.py:91} INFO - Job 2690: Subtask get_5m_info
[2024-07-25T15:22:38.666-0300] {task_command.py:426} INFO - Running <TaskInstance: Binance_5m.get_5m_info scheduled__2024-07-25T12:55:00+00:00 [running]> on host Galaxybook.
[2024-07-25T15:22:38.719-0300] {taskinstance.py:2648} INFO - Exporting env vars: AIRFLOW_CTX_DAG_OWNER='airflow' AIRFLOW_CTX_DAG_ID='Binance_5m' AIRFLOW_CTX_TASK_ID='get_5m_info' AIRFLOW_CTX_EXECUTION_DATE='2024-07-25T12:55:00+00:00' AIRFLOW_CTX_TRY_NUMBER='1' AIRFLOW_CTX_DAG_RUN_ID='scheduled__2024-07-25T12:55:00+00:00'
[2024-07-25T15:22:38.720-0300] {taskinstance.py:430} INFO - ::endgroup::
[2024-07-25T15:22:38.728-0300] {binance_dag.py:23} INFO - End Time: 2024-07-25T13:00:00.00Z
[2024-07-25T15:22:38.728-0300] {binance_dag.py:24} INFO - Start Time: 2024-07-25T12:55:00.00Z
[2024-07-25T15:22:38.782-0300] {binance_dag.py:25} INFO - 1721922900000
[2024-07-25T15:22:38.784-0300] {base.py:84} INFO - Using connection ID 'binance_default' for task execution.
[2024-07-25T15:22:38.784-0300] {logging_mixin.py:188} INFO - https://api.binance.com
[2024-07-25T15:22:38.785-0300] {binance_hook.py:35} INFO - URL: https://api.binance.com/api/v3/klines?symbol=BTCBRL&interval=5m&startTime=1721922900000&endTime=1721923199999
[2024-07-25T15:22:39.178-0300] {python.py:237} INFO - Done. Returned value was: None
[2024-07-25T15:22:39.179-0300] {taskinstance.py:441} INFO - ::group::Post task execution logs
[2024-07-25T15:22:39.182-0300] {taskinstance.py:1206} INFO - Marking task as SUCCESS. dag_id=Binance_5m, task_id=get_5m_info, run_id=scheduled__2024-07-25T12:55:00+00:00, execution_date=20240725T125500, start_date=20240725T182238, end_date=20240725T182239
[2024-07-25T15:22:39.220-0300] {local_task_job_runner.py:243} INFO - Task exited with return code 0
[2024-07-25T15:22:39.226-0300] {taskinstance.py:3503} INFO - 0 downstream tasks scheduled from follow-on schedule check
[2024-07-25T15:22:39.227-0300] {local_task_job_runner.py:222} INFO - ::endgroup::
[2024-07-25T16:20:34.116-0300] {local_task_job_runner.py:120} INFO - ::group::Pre task execution logs
[2024-07-25T16:20:34.122-0300] {taskinstance.py:2076} INFO - Dependencies all met for dep_context=non-requeueable deps ti=<TaskInstance: Binance_5m.get_5m_info scheduled__2024-07-25T12:55:00+00:00 [queued]>
[2024-07-25T16:20:34.126-0300] {taskinstance.py:2076} INFO - Dependencies all met for dep_context=requeueable deps ti=<TaskInstance: Binance_5m.get_5m_info scheduled__2024-07-25T12:55:00+00:00 [queued]>
[2024-07-25T16:20:34.126-0300] {taskinstance.py:2306} INFO - Starting attempt 1 of 1
[2024-07-25T16:20:33.513-0300] {taskinstance.py:2330} INFO - Executing <Task(PythonOperator): get_5m_info> on 2024-07-25 12:55:00+00:00
[2024-07-25T16:20:33.515-0300] {standard_task_runner.py:64} INFO - Started process 2663600 to run task
[2024-07-25T16:20:33.517-0300] {standard_task_runner.py:90} INFO - Running: ['airflow', 'tasks', 'run', 'Binance_5m', 'get_5m_info', 'scheduled__2024-07-25T12:55:00+00:00', '--job-id', '2292', '--raw', '--subdir', 'DAGS_FOLDER/binance_dag.py', '--cfg-path', '/tmp/tmpckvd8ulr']
[2024-07-25T16:20:33.518-0300] {standard_task_runner.py:91} INFO - Job 2292: Subtask get_5m_info
[2024-07-25T16:20:33.546-0300] {task_command.py:426} INFO - Running <TaskInstance: Binance_5m.get_5m_info scheduled__2024-07-25T12:55:00+00:00 [running]> on host Galaxybook.
[2024-07-25T16:20:33.608-0300] {taskinstance.py:2648} INFO - Exporting env vars: AIRFLOW_CTX_DAG_OWNER='airflow' AIRFLOW_CTX_DAG_ID='Binance_5m' AIRFLOW_CTX_TASK_ID='get_5m_info' AIRFLOW_CTX_EXECUTION_DATE='2024-07-25T12:55:00+00:00' AIRFLOW_CTX_TRY_NUMBER='1' AIRFLOW_CTX_DAG_RUN_ID='scheduled__2024-07-25T12:55:00+00:00'
[2024-07-25T16:20:33.608-0300] {taskinstance.py:430} INFO - ::endgroup::
[2024-07-25T16:20:33.615-0300] {binance_dag.py:22} INFO - End Time: 2024-07-25 13:00:00+00:00
[2024-07-25T16:20:33.615-0300] {binance_dag.py:23} INFO - Start Time: 2024-07-25 12:55:00+00:00
[2024-07-25T16:20:33.616-0300] {binance_dag.py:24} INFO - Start timestamp: 1721912100000
[2024-07-25T16:20:33.616-0300] {binance_dag.py:25} INFO - End timestamp: 1721912400000
[2024-07-25T16:20:33.674-0300] {base.py:84} INFO - Using connection ID 'binance_default' for task execution.
[2024-07-25T16:20:33.674-0300] {logging_mixin.py:188} INFO - https://api.binance.com
[2024-07-25T16:20:33.675-0300] {binance_hook.py:35} INFO - URL: https://api.binance.com/api/v3/klines?symbol=BTCBRL&interval=5m&startTime=1721912100000&endTime=1721912399999&timeZone=-3
[2024-07-25T16:20:34.068-0300] {python.py:237} INFO - Done. Returned value was: None
[2024-07-25T16:20:34.069-0300] {taskinstance.py:441} INFO - ::group::Post task execution logs
[2024-07-25T16:20:34.072-0300] {taskinstance.py:1206} INFO - Marking task as SUCCESS. dag_id=Binance_5m, task_id=get_5m_info, run_id=scheduled__2024-07-25T12:55:00+00:00, execution_date=20240725T125500, start_date=20240725T192034, end_date=20240725T192034
[2024-07-25T16:20:34.099-0300] {local_task_job_runner.py:243} INFO - Task exited with return code 0
[2024-07-25T16:20:34.106-0300] {taskinstance.py:3503} INFO - 0 downstream tasks scheduled from follow-on schedule check
[2024-07-25T16:20:34.106-0300] {local_task_job_runner.py:222} INFO - ::endgroup::
