[2024-07-25T13:40:02.757-0300] {local_task_job_runner.py:120} INFO - ::group::Pre task execution logs
[2024-07-25T13:40:02.762-0300] {taskinstance.py:2076} INFO - Dependencies all met for dep_context=non-requeueable deps ti=<TaskInstance: Binance_5m.get_5m_info scheduled__2024-07-25T16:35:00+00:00 [queued]>
[2024-07-25T13:40:02.765-0300] {taskinstance.py:2076} INFO - Dependencies all met for dep_context=requeueable deps ti=<TaskInstance: Binance_5m.get_5m_info scheduled__2024-07-25T16:35:00+00:00 [queued]>
[2024-07-25T13:40:02.766-0300] {taskinstance.py:2306} INFO - Starting attempt 1 of 1
[2024-07-25T13:40:02.778-0300] {taskinstance.py:2330} INFO - Executing <Task(PythonOperator): get_5m_info> on 2024-07-25 16:35:00+00:00
[2024-07-25T13:40:02.781-0300] {standard_task_runner.py:64} INFO - Started process 2568054 to run task
[2024-07-25T13:40:02.783-0300] {standard_task_runner.py:90} INFO - Running: ['airflow', 'tasks', 'run', 'Binance_5m', 'get_5m_info', 'scheduled__2024-07-25T16:35:00+00:00', '--job-id', '2103', '--raw', '--subdir', 'DAGS_FOLDER/binance_dag.py', '--cfg-path', '/tmp/tmp9sq8385i']
[2024-07-25T13:40:02.784-0300] {standard_task_runner.py:91} INFO - Job 2103: Subtask get_5m_info
[2024-07-25T13:40:02.814-0300] {task_command.py:426} INFO - Running <TaskInstance: Binance_5m.get_5m_info scheduled__2024-07-25T16:35:00+00:00 [running]> on host Galaxybook.
[2024-07-25T13:40:02.872-0300] {taskinstance.py:2648} INFO - Exporting env vars: AIRFLOW_CTX_DAG_OWNER='airflow' AIRFLOW_CTX_DAG_ID='Binance_5m' AIRFLOW_CTX_TASK_ID='get_5m_info' AIRFLOW_CTX_EXECUTION_DATE='2024-07-25T16:35:00+00:00' AIRFLOW_CTX_TRY_NUMBER='1' AIRFLOW_CTX_DAG_RUN_ID='scheduled__2024-07-25T16:35:00+00:00'
[2024-07-25T13:40:02.872-0300] {taskinstance.py:430} INFO - ::endgroup::
[2024-07-25T13:40:02.880-0300] {binance_dag.py:23} INFO - End Time: 2024-07-25T16:40:00.00Z
[2024-07-25T13:40:02.951-0300] {base.py:84} INFO - Using connection ID 'binance_default' for task execution.
[2024-07-25T13:40:02.951-0300] {logging_mixin.py:188} INFO - https://api.binance.com
[2024-07-25T13:40:02.952-0300] {binance_hook.py:35} INFO - URL: https://api.binance.com/api/v3/klines?symbol=BTCBRL&interval=5m&startTime=1721936100000&endTime=1721936400000&timeZone=-3
[2024-07-25T13:40:08.366-0300] {python.py:237} INFO - Done. Returned value was: None
[2024-07-25T13:40:08.367-0300] {taskinstance.py:441} INFO - ::group::Post task execution logs
[2024-07-25T13:40:08.370-0300] {taskinstance.py:1206} INFO - Marking task as SUCCESS. dag_id=Binance_5m, task_id=get_5m_info, run_id=scheduled__2024-07-25T16:35:00+00:00, execution_date=20240725T163500, start_date=20240725T164002, end_date=20240725T164008
[2024-07-25T13:40:08.414-0300] {local_task_job_runner.py:243} INFO - Task exited with return code 0
[2024-07-25T13:40:08.419-0300] {taskinstance.py:3503} INFO - 0 downstream tasks scheduled from follow-on schedule check
[2024-07-25T13:40:08.420-0300] {local_task_job_runner.py:222} INFO - ::endgroup::
[2024-07-25T14:33:10.376-0300] {local_task_job_runner.py:120} INFO - ::group::Pre task execution logs
[2024-07-25T14:33:10.382-0300] {taskinstance.py:2076} INFO - Dependencies all met for dep_context=non-requeueable deps ti=<TaskInstance: Binance_5m.get_5m_info scheduled__2024-07-25T16:35:00+00:00 [queued]>
[2024-07-25T14:33:10.385-0300] {taskinstance.py:2076} INFO - Dependencies all met for dep_context=requeueable deps ti=<TaskInstance: Binance_5m.get_5m_info scheduled__2024-07-25T16:35:00+00:00 [queued]>
[2024-07-25T14:33:10.386-0300] {taskinstance.py:2306} INFO - Starting attempt 1 of 1
[2024-07-25T14:33:10.404-0300] {taskinstance.py:2330} INFO - Executing <Task(PythonOperator): get_5m_info> on 2024-07-25 16:35:00+00:00
[2024-07-25T14:33:10.406-0300] {standard_task_runner.py:64} INFO - Started process 2596016 to run task
[2024-07-25T14:33:10.409-0300] {standard_task_runner.py:90} INFO - Running: ['airflow', 'tasks', 'run', 'Binance_5m', 'get_5m_info', 'scheduled__2024-07-25T16:35:00+00:00', '--job-id', '2173', '--raw', '--subdir', 'DAGS_FOLDER/binance_dag.py', '--cfg-path', '/tmp/tmpzviekzbv']
[2024-07-25T14:33:10.410-0300] {standard_task_runner.py:91} INFO - Job 2173: Subtask get_5m_info
[2024-07-25T14:33:10.441-0300] {task_command.py:426} INFO - Running <TaskInstance: Binance_5m.get_5m_info scheduled__2024-07-25T16:35:00+00:00 [running]> on host Galaxybook.
[2024-07-25T14:33:10.494-0300] {taskinstance.py:2648} INFO - Exporting env vars: AIRFLOW_CTX_DAG_OWNER='airflow' AIRFLOW_CTX_DAG_ID='Binance_5m' AIRFLOW_CTX_TASK_ID='get_5m_info' AIRFLOW_CTX_EXECUTION_DATE='2024-07-25T16:35:00+00:00' AIRFLOW_CTX_TRY_NUMBER='1' AIRFLOW_CTX_DAG_RUN_ID='scheduled__2024-07-25T16:35:00+00:00'
[2024-07-25T14:33:10.495-0300] {taskinstance.py:430} INFO - ::endgroup::
[2024-07-25T14:33:10.503-0300] {binance_dag.py:23} INFO - End Time: 2024-07-25T16:40:00.00Z
[2024-07-25T14:33:10.561-0300] {base.py:84} INFO - Using connection ID 'binance_default' for task execution.
[2024-07-25T14:33:10.562-0300] {logging_mixin.py:188} INFO - https://api.binance.com
[2024-07-25T14:33:10.562-0300] {binance_hook.py:35} INFO - URL: https://api.binance.com/api/v3/klines?symbol=BTCBRL&interval=5m&startTime=1721936100000&endTime=1721936400000
[2024-07-25T14:33:10.996-0300] {binance_dag.py:42} INFO - r: []
[2024-07-25T14:33:10.997-0300] {python.py:237} INFO - Done. Returned value was: None
[2024-07-25T14:33:10.998-0300] {taskinstance.py:441} INFO - ::group::Post task execution logs
[2024-07-25T14:33:11.001-0300] {taskinstance.py:1206} INFO - Marking task as SUCCESS. dag_id=Binance_5m, task_id=get_5m_info, run_id=scheduled__2024-07-25T16:35:00+00:00, execution_date=20240725T163500, start_date=20240725T173310, end_date=20240725T173311
[2024-07-25T14:33:11.032-0300] {local_task_job_runner.py:243} INFO - Task exited with return code 0
[2024-07-25T14:33:11.039-0300] {taskinstance.py:3503} INFO - 0 downstream tasks scheduled from follow-on schedule check
[2024-07-25T14:33:11.040-0300] {local_task_job_runner.py:222} INFO - ::endgroup::
[2024-07-25T14:54:42.347-0300] {local_task_job_runner.py:120} INFO - ::group::Pre task execution logs
[2024-07-25T14:54:42.352-0300] {taskinstance.py:2076} INFO - Dependencies all met for dep_context=non-requeueable deps ti=<TaskInstance: Binance_5m.get_5m_info scheduled__2024-07-25T16:35:00+00:00 [queued]>
[2024-07-25T14:54:42.355-0300] {taskinstance.py:2076} INFO - Dependencies all met for dep_context=requeueable deps ti=<TaskInstance: Binance_5m.get_5m_info scheduled__2024-07-25T16:35:00+00:00 [queued]>
[2024-07-25T14:54:42.355-0300] {taskinstance.py:2306} INFO - Starting attempt 1 of 1
[2024-07-25T14:54:42.368-0300] {taskinstance.py:2330} INFO - Executing <Task(PythonOperator): get_5m_info> on 2024-07-25 16:35:00+00:00
[2024-07-25T14:54:42.370-0300] {standard_task_runner.py:64} INFO - Started process 2614156 to run task
[2024-07-25T14:54:42.372-0300] {standard_task_runner.py:90} INFO - Running: ['airflow', 'tasks', 'run', 'Binance_5m', 'get_5m_info', 'scheduled__2024-07-25T16:35:00+00:00', '--job-id', '2300', '--raw', '--subdir', 'DAGS_FOLDER/binance_dag.py', '--cfg-path', '/tmp/tmplxe3u4x7']
[2024-07-25T14:54:42.373-0300] {standard_task_runner.py:91} INFO - Job 2300: Subtask get_5m_info
[2024-07-25T14:54:42.396-0300] {task_command.py:426} INFO - Running <TaskInstance: Binance_5m.get_5m_info scheduled__2024-07-25T16:35:00+00:00 [running]> on host Galaxybook.
[2024-07-25T14:54:42.447-0300] {taskinstance.py:2648} INFO - Exporting env vars: AIRFLOW_CTX_DAG_OWNER='airflow' AIRFLOW_CTX_DAG_ID='Binance_5m' AIRFLOW_CTX_TASK_ID='get_5m_info' AIRFLOW_CTX_EXECUTION_DATE='2024-07-25T16:35:00+00:00' AIRFLOW_CTX_TRY_NUMBER='1' AIRFLOW_CTX_DAG_RUN_ID='scheduled__2024-07-25T16:35:00+00:00'
[2024-07-25T14:54:42.447-0300] {taskinstance.py:430} INFO - ::endgroup::
[2024-07-25T14:54:42.455-0300] {binance_dag.py:23} INFO - End Time: 2024-07-25T16:40:00.00Z
[2024-07-25T14:54:42.455-0300] {binance_dag.py:24} INFO - Start Time: 2024-07-25T16:35:00.00Z
[2024-07-25T14:54:42.507-0300] {base.py:84} INFO - Using connection ID 'binance_default' for task execution.
[2024-07-25T14:54:42.507-0300] {logging_mixin.py:188} INFO - https://api.binance.com
[2024-07-25T14:54:42.508-0300] {binance_hook.py:35} INFO - URL: https://api.binance.com/api/v3/klines?symbol=BTCBRL&interval=5m&startTime=1721936100000&endTime=1721936399999
[2024-07-25T14:54:42.924-0300] {binance_dag.py:43} INFO - r: []
[2024-07-25T14:54:42.926-0300] {python.py:237} INFO - Done. Returned value was: None
[2024-07-25T14:54:42.927-0300] {taskinstance.py:441} INFO - ::group::Post task execution logs
[2024-07-25T14:54:42.931-0300] {taskinstance.py:1206} INFO - Marking task as SUCCESS. dag_id=Binance_5m, task_id=get_5m_info, run_id=scheduled__2024-07-25T16:35:00+00:00, execution_date=20240725T163500, start_date=20240725T175442, end_date=20240725T175442
[2024-07-25T14:54:42.961-0300] {local_task_job_runner.py:243} INFO - Task exited with return code 0
[2024-07-25T14:54:42.967-0300] {taskinstance.py:3503} INFO - 0 downstream tasks scheduled from follow-on schedule check
[2024-07-25T14:54:42.968-0300] {local_task_job_runner.py:222} INFO - ::endgroup::
[2024-07-25T15:24:18.180-0300] {local_task_job_runner.py:120} INFO - ::group::Pre task execution logs
[2024-07-25T15:24:18.185-0300] {taskinstance.py:2076} INFO - Dependencies all met for dep_context=non-requeueable deps ti=<TaskInstance: Binance_5m.get_5m_info scheduled__2024-07-25T16:35:00+00:00 [queued]>
[2024-07-25T15:24:18.188-0300] {taskinstance.py:2076} INFO - Dependencies all met for dep_context=requeueable deps ti=<TaskInstance: Binance_5m.get_5m_info scheduled__2024-07-25T16:35:00+00:00 [queued]>
[2024-07-25T15:24:18.189-0300] {taskinstance.py:2306} INFO - Starting attempt 1 of 1
[2024-07-25T15:24:18.202-0300] {taskinstance.py:2330} INFO - Executing <Task(PythonOperator): get_5m_info> on 2024-07-25 16:35:00+00:00
[2024-07-25T15:24:18.203-0300] {standard_task_runner.py:64} INFO - Started process 2636006 to run task
[2024-07-25T15:24:18.206-0300] {standard_task_runner.py:90} INFO - Running: ['airflow', 'tasks', 'run', 'Binance_5m', 'get_5m_info', 'scheduled__2024-07-25T16:35:00+00:00', '--job-id', '2734', '--raw', '--subdir', 'DAGS_FOLDER/binance_dag.py', '--cfg-path', '/tmp/tmp1dlr3cd2']
[2024-07-25T15:24:18.207-0300] {standard_task_runner.py:91} INFO - Job 2734: Subtask get_5m_info
[2024-07-25T15:24:18.234-0300] {task_command.py:426} INFO - Running <TaskInstance: Binance_5m.get_5m_info scheduled__2024-07-25T16:35:00+00:00 [running]> on host Galaxybook.
[2024-07-25T15:24:18.288-0300] {taskinstance.py:2648} INFO - Exporting env vars: AIRFLOW_CTX_DAG_OWNER='airflow' AIRFLOW_CTX_DAG_ID='Binance_5m' AIRFLOW_CTX_TASK_ID='get_5m_info' AIRFLOW_CTX_EXECUTION_DATE='2024-07-25T16:35:00+00:00' AIRFLOW_CTX_TRY_NUMBER='1' AIRFLOW_CTX_DAG_RUN_ID='scheduled__2024-07-25T16:35:00+00:00'
[2024-07-25T15:24:18.289-0300] {taskinstance.py:430} INFO - ::endgroup::
[2024-07-25T15:24:18.296-0300] {binance_dag.py:23} INFO - End Time: 2024-07-25T16:40:00.00Z
[2024-07-25T15:24:18.297-0300] {binance_dag.py:24} INFO - Start Time: 2024-07-25T16:35:00.00Z
[2024-07-25T15:24:18.349-0300] {binance_dag.py:25} INFO - 1721936100000
[2024-07-25T15:24:18.352-0300] {base.py:84} INFO - Using connection ID 'binance_default' for task execution.
[2024-07-25T15:24:18.352-0300] {logging_mixin.py:188} INFO - https://api.binance.com
[2024-07-25T15:24:18.353-0300] {binance_hook.py:35} INFO - URL: https://api.binance.com/api/v3/klines?symbol=BTCBRL&interval=5m&startTime=1721936100000&endTime=1721936399999
[2024-07-25T15:24:18.750-0300] {python.py:237} INFO - Done. Returned value was: None
[2024-07-25T15:24:18.751-0300] {taskinstance.py:441} INFO - ::group::Post task execution logs
[2024-07-25T15:24:18.754-0300] {taskinstance.py:1206} INFO - Marking task as SUCCESS. dag_id=Binance_5m, task_id=get_5m_info, run_id=scheduled__2024-07-25T16:35:00+00:00, execution_date=20240725T163500, start_date=20240725T182418, end_date=20240725T182418
[2024-07-25T15:24:18.789-0300] {local_task_job_runner.py:243} INFO - Task exited with return code 0
[2024-07-25T15:24:18.796-0300] {taskinstance.py:3503} INFO - 0 downstream tasks scheduled from follow-on schedule check
[2024-07-25T15:24:18.797-0300] {local_task_job_runner.py:222} INFO - ::endgroup::
[2024-07-25T16:23:11.165-0300] {local_task_job_runner.py:120} INFO - ::group::Pre task execution logs
[2024-07-25T16:23:11.171-0300] {taskinstance.py:2076} INFO - Dependencies all met for dep_context=non-requeueable deps ti=<TaskInstance: Binance_5m.get_5m_info scheduled__2024-07-25T16:35:00+00:00 [queued]>
[2024-07-25T16:23:11.174-0300] {taskinstance.py:2076} INFO - Dependencies all met for dep_context=requeueable deps ti=<TaskInstance: Binance_5m.get_5m_info scheduled__2024-07-25T16:35:00+00:00 [queued]>
[2024-07-25T16:23:11.174-0300] {taskinstance.py:2306} INFO - Starting attempt 1 of 1
[2024-07-25T16:23:11.187-0300] {taskinstance.py:2330} INFO - Executing <Task(PythonOperator): get_5m_info> on 2024-07-25 16:35:00+00:00
[2024-07-25T16:23:11.190-0300] {standard_task_runner.py:64} INFO - Started process 2666250 to run task
[2024-07-25T16:23:11.192-0300] {standard_task_runner.py:90} INFO - Running: ['airflow', 'tasks', 'run', 'Binance_5m', 'get_5m_info', 'scheduled__2024-07-25T16:35:00+00:00', '--job-id', '2370', '--raw', '--subdir', 'DAGS_FOLDER/binance_dag.py', '--cfg-path', '/tmp/tmp8t06pf34']
[2024-07-25T16:23:11.193-0300] {standard_task_runner.py:91} INFO - Job 2370: Subtask get_5m_info
[2024-07-25T16:23:11.231-0300] {task_command.py:426} INFO - Running <TaskInstance: Binance_5m.get_5m_info scheduled__2024-07-25T16:35:00+00:00 [running]> on host Galaxybook.
[2024-07-25T16:23:11.432-0300] {taskinstance.py:2648} INFO - Exporting env vars: AIRFLOW_CTX_DAG_OWNER='airflow' AIRFLOW_CTX_DAG_ID='Binance_5m' AIRFLOW_CTX_TASK_ID='get_5m_info' AIRFLOW_CTX_EXECUTION_DATE='2024-07-25T16:35:00+00:00' AIRFLOW_CTX_TRY_NUMBER='1' AIRFLOW_CTX_DAG_RUN_ID='scheduled__2024-07-25T16:35:00+00:00'
[2024-07-25T16:23:11.432-0300] {taskinstance.py:430} INFO - ::endgroup::
[2024-07-25T16:23:11.442-0300] {binance_dag.py:22} INFO - End Time: 2024-07-25 16:40:00+00:00
[2024-07-25T16:23:11.443-0300] {binance_dag.py:23} INFO - Start Time: 2024-07-25 16:35:00+00:00
[2024-07-25T16:23:11.443-0300] {binance_dag.py:24} INFO - Start timestamp: 1721925300000
[2024-07-25T16:23:11.443-0300] {binance_dag.py:25} INFO - End timestamp: 1721925600000
[2024-07-25T16:23:11.509-0300] {base.py:84} INFO - Using connection ID 'binance_default' for task execution.
[2024-07-25T16:23:11.510-0300] {logging_mixin.py:188} INFO - https://api.binance.com
[2024-07-25T16:23:11.510-0300] {binance_hook.py:35} INFO - URL: https://api.binance.com/api/v3/klines?symbol=BTCBRL&interval=5m&startTime=1721925300000&endTime=1721925599999&timeZone=-3
[2024-07-25T16:23:11.929-0300] {python.py:237} INFO - Done. Returned value was: None
[2024-07-25T16:23:11.930-0300] {taskinstance.py:441} INFO - ::group::Post task execution logs
[2024-07-25T16:23:11.932-0300] {taskinstance.py:1206} INFO - Marking task as SUCCESS. dag_id=Binance_5m, task_id=get_5m_info, run_id=scheduled__2024-07-25T16:35:00+00:00, execution_date=20240725T163500, start_date=20240725T192311, end_date=20240725T192311
[2024-07-25T16:23:11.973-0300] {local_task_job_runner.py:243} INFO - Task exited with return code 0
[2024-07-25T16:23:11.981-0300] {taskinstance.py:3503} INFO - 0 downstream tasks scheduled from follow-on schedule check
[2024-07-25T16:23:11.982-0300] {local_task_job_runner.py:222} INFO - ::endgroup::
