[2024-07-25T09:58:58.716-0300] {local_task_job_runner.py:120} INFO - ::group::Pre task execution logs
[2024-07-25T09:58:58.721-0300] {taskinstance.py:2076} INFO - Dependencies all met for dep_context=non-requeueable deps ti=<TaskInstance: Mercado_1m.get_1m_info scheduled__2024-07-25T11:21:00+00:00 [queued]>
[2024-07-25T09:58:58.725-0300] {taskinstance.py:2076} INFO - Dependencies all met for dep_context=requeueable deps ti=<TaskInstance: Mercado_1m.get_1m_info scheduled__2024-07-25T11:21:00+00:00 [queued]>
[2024-07-25T09:58:58.725-0300] {taskinstance.py:2306} INFO - Starting attempt 1 of 1
[2024-07-25T09:58:58.739-0300] {taskinstance.py:2330} INFO - Executing <Task(PythonOperator): get_1m_info> on 2024-07-25 11:21:00+00:00
[2024-07-25T09:58:58.741-0300] {standard_task_runner.py:64} INFO - Started process 2444055 to run task
[2024-07-25T09:58:58.743-0300] {standard_task_runner.py:90} INFO - Running: ['airflow', 'tasks', 'run', 'Mercado_1m', 'get_1m_info', 'scheduled__2024-07-25T11:21:00+00:00', '--job-id', '1917', '--raw', '--subdir', 'DAGS_FOLDER/mercado_dag.py', '--cfg-path', '/tmp/tmp6utxint1']
[2024-07-25T09:58:58.744-0300] {standard_task_runner.py:91} INFO - Job 1917: Subtask get_1m_info
[2024-07-25T09:58:58.771-0300] {task_command.py:426} INFO - Running <TaskInstance: Mercado_1m.get_1m_info scheduled__2024-07-25T11:21:00+00:00 [running]> on host Galaxybook.
[2024-07-25T09:58:58.825-0300] {taskinstance.py:2648} INFO - Exporting env vars: AIRFLOW_CTX_DAG_OWNER='airflow' AIRFLOW_CTX_DAG_ID='Mercado_1m' AIRFLOW_CTX_TASK_ID='get_1m_info' AIRFLOW_CTX_EXECUTION_DATE='2024-07-25T11:21:00+00:00' AIRFLOW_CTX_TRY_NUMBER='1' AIRFLOW_CTX_DAG_RUN_ID='scheduled__2024-07-25T11:21:00+00:00'
[2024-07-25T09:58:58.825-0300] {taskinstance.py:430} INFO - ::endgroup::
[2024-07-25T09:58:58.904-0300] {base.py:84} INFO - Using connection ID 'mercado_default' for task execution.
[2024-07-25T09:58:58.904-0300] {mercado_hook.py:26} INFO - BASE URL: https://api.mercadobitcoin.net/api/v4
[2024-07-25T09:58:58.905-0300] {mercado_hook.py:32} INFO - URL: https://api.mercadobitcoin.net/api/v4/candles?symbol=BTC-BRL&resolution=1m&to=1721912278&from=1721912338
[2024-07-25T09:58:59.171-0300] {python.py:237} INFO - Done. Returned value was: None
[2024-07-25T09:58:59.171-0300] {taskinstance.py:441} INFO - ::group::Post task execution logs
[2024-07-25T09:58:59.173-0300] {taskinstance.py:1206} INFO - Marking task as SUCCESS. dag_id=Mercado_1m, task_id=get_1m_info, run_id=scheduled__2024-07-25T11:21:00+00:00, execution_date=20240725T112100, start_date=20240725T125858, end_date=20240725T125859
[2024-07-25T09:58:59.203-0300] {local_task_job_runner.py:243} INFO - Task exited with return code 0
[2024-07-25T09:58:59.209-0300] {taskinstance.py:3503} INFO - 0 downstream tasks scheduled from follow-on schedule check
[2024-07-25T09:58:59.209-0300] {local_task_job_runner.py:222} INFO - ::endgroup::
[2024-07-25T10:58:39.555-0300] {local_task_job_runner.py:120} INFO - ::group::Pre task execution logs
[2024-07-25T10:58:39.563-0300] {taskinstance.py:2076} INFO - Dependencies all met for dep_context=non-requeueable deps ti=<TaskInstance: Mercado_1m.get_1m_info scheduled__2024-07-25T11:21:00+00:00 [queued]>
[2024-07-25T10:58:39.567-0300] {taskinstance.py:2076} INFO - Dependencies all met for dep_context=requeueable deps ti=<TaskInstance: Mercado_1m.get_1m_info scheduled__2024-07-25T11:21:00+00:00 [queued]>
[2024-07-25T10:58:39.567-0300] {taskinstance.py:2306} INFO - Starting attempt 1 of 1
[2024-07-25T10:58:39.583-0300] {taskinstance.py:2330} INFO - Executing <Task(PythonOperator): get_1m_info> on 2024-07-25 11:21:00+00:00
[2024-07-25T10:58:39.584-0300] {standard_task_runner.py:64} INFO - Started process 2480330 to run task
[2024-07-25T10:58:39.586-0300] {standard_task_runner.py:90} INFO - Running: ['airflow', 'tasks', 'run', 'Mercado_1m', 'get_1m_info', 'scheduled__2024-07-25T11:21:00+00:00', '--job-id', '1855', '--raw', '--subdir', 'DAGS_FOLDER/mercado_dag.py', '--cfg-path', '/tmp/tmpe1r9kqw1']
[2024-07-25T10:58:39.587-0300] {standard_task_runner.py:91} INFO - Job 1855: Subtask get_1m_info
[2024-07-25T10:58:39.613-0300] {task_command.py:426} INFO - Running <TaskInstance: Mercado_1m.get_1m_info scheduled__2024-07-25T11:21:00+00:00 [running]> on host Galaxybook.
[2024-07-25T10:58:39.663-0300] {taskinstance.py:2648} INFO - Exporting env vars: AIRFLOW_CTX_DAG_OWNER='airflow' AIRFLOW_CTX_DAG_ID='Mercado_1m' AIRFLOW_CTX_TASK_ID='get_1m_info' AIRFLOW_CTX_EXECUTION_DATE='2024-07-25T11:21:00+00:00' AIRFLOW_CTX_TRY_NUMBER='1' AIRFLOW_CTX_DAG_RUN_ID='scheduled__2024-07-25T11:21:00+00:00'
[2024-07-25T10:58:39.663-0300] {taskinstance.py:430} INFO - ::endgroup::
[2024-07-25T10:58:39.732-0300] {base.py:84} INFO - Using connection ID 'mercado_default' for task execution.
[2024-07-25T10:58:39.733-0300] {mercado_hook.py:31} INFO - URL: https://api.mercadobitcoin.net/api/v4/candles?symbol=BTC-BRL&resolution=1m&to=1721915919671&countback=1
[2024-07-25T10:58:40.038-0300] {python.py:237} INFO - Done. Returned value was: None
[2024-07-25T10:58:40.039-0300] {taskinstance.py:441} INFO - ::group::Post task execution logs
[2024-07-25T10:58:40.041-0300] {taskinstance.py:1206} INFO - Marking task as SUCCESS. dag_id=Mercado_1m, task_id=get_1m_info, run_id=scheduled__2024-07-25T11:21:00+00:00, execution_date=20240725T112100, start_date=20240725T135839, end_date=20240725T135840
[2024-07-25T10:58:40.084-0300] {local_task_job_runner.py:243} INFO - Task exited with return code 0
[2024-07-25T10:58:40.097-0300] {taskinstance.py:3503} INFO - 0 downstream tasks scheduled from follow-on schedule check
[2024-07-25T10:58:40.097-0300] {local_task_job_runner.py:222} INFO - ::endgroup::
