[2024-07-25T14:29:05.939-0300] {local_task_job_runner.py:120} INFO - ::group::Pre task execution logs
[2024-07-25T14:29:05.943-0300] {taskinstance.py:2076} INFO - Dependencies all met for dep_context=non-requeueable deps ti=<TaskInstance: Binance_5m.get_5m_info scheduled__2024-07-25T14:45:00+00:00 [queued]>
[2024-07-25T14:29:05.946-0300] {taskinstance.py:2076} INFO - Dependencies all met for dep_context=requeueable deps ti=<TaskInstance: Binance_5m.get_5m_info scheduled__2024-07-25T14:45:00+00:00 [queued]>
[2024-07-25T14:29:05.946-0300] {taskinstance.py:2306} INFO - Starting attempt 1 of 1
[2024-07-25T14:29:05.960-0300] {taskinstance.py:2330} INFO - Executing <Task(PythonOperator): get_5m_info> on 2024-07-25 14:45:00+00:00
[2024-07-25T14:29:05.963-0300] {standard_task_runner.py:64} INFO - Started process 2591892 to run task
[2024-07-25T14:29:05.965-0300] {standard_task_runner.py:90} INFO - Running: ['airflow', 'tasks', 'run', 'Binance_5m', 'get_5m_info', 'scheduled__2024-07-25T14:45:00+00:00', '--job-id', '2147', '--raw', '--subdir', 'DAGS_FOLDER/binance_dag.py', '--cfg-path', '/tmp/tmp50x0ycdt']
[2024-07-25T14:29:05.966-0300] {standard_task_runner.py:91} INFO - Job 2147: Subtask get_5m_info
[2024-07-25T14:29:05.992-0300] {task_command.py:426} INFO - Running <TaskInstance: Binance_5m.get_5m_info scheduled__2024-07-25T14:45:00+00:00 [running]> on host Galaxybook.
[2024-07-25T14:29:06.051-0300] {taskinstance.py:2648} INFO - Exporting env vars: AIRFLOW_CTX_DAG_OWNER='airflow' AIRFLOW_CTX_DAG_ID='Binance_5m' AIRFLOW_CTX_TASK_ID='get_5m_info' AIRFLOW_CTX_EXECUTION_DATE='2024-07-25T14:45:00+00:00' AIRFLOW_CTX_TRY_NUMBER='1' AIRFLOW_CTX_DAG_RUN_ID='scheduled__2024-07-25T14:45:00+00:00'
[2024-07-25T14:29:06.051-0300] {taskinstance.py:430} INFO - ::endgroup::
[2024-07-25T14:29:06.059-0300] {binance_dag.py:23} INFO - End Time: 2024-07-25T14:50:00.00Z
[2024-07-25T14:29:06.123-0300] {base.py:84} INFO - Using connection ID 'binance_default' for task execution.
[2024-07-25T14:29:06.123-0300] {logging_mixin.py:188} INFO - https://api.binance.com
[2024-07-25T14:29:06.123-0300] {binance_hook.py:35} INFO - URL: https://api.binance.com/api/v3/klines?symbol=BTCBRL&interval=5m&startTime=1721929500000&endTime=1721929800000
[2024-07-25T14:29:06.516-0300] {python.py:237} INFO - Done. Returned value was: None
[2024-07-25T14:29:06.517-0300] {taskinstance.py:441} INFO - ::group::Post task execution logs
[2024-07-25T14:29:06.528-0300] {taskinstance.py:1206} INFO - Marking task as SUCCESS. dag_id=Binance_5m, task_id=get_5m_info, run_id=scheduled__2024-07-25T14:45:00+00:00, execution_date=20240725T144500, start_date=20240725T172905, end_date=20240725T172906
[2024-07-25T14:29:06.545-0300] {local_task_job_runner.py:243} INFO - Task exited with return code 0
[2024-07-25T14:29:06.552-0300] {taskinstance.py:3503} INFO - 0 downstream tasks scheduled from follow-on schedule check
[2024-07-25T14:29:06.552-0300] {local_task_job_runner.py:222} INFO - ::endgroup::
[2024-07-25T14:32:19.462-0300] {local_task_job_runner.py:120} INFO - ::group::Pre task execution logs
[2024-07-25T14:32:19.467-0300] {taskinstance.py:2076} INFO - Dependencies all met for dep_context=non-requeueable deps ti=<TaskInstance: Binance_5m.get_5m_info scheduled__2024-07-25T14:45:00+00:00 [queued]>
[2024-07-25T14:32:19.471-0300] {taskinstance.py:2076} INFO - Dependencies all met for dep_context=requeueable deps ti=<TaskInstance: Binance_5m.get_5m_info scheduled__2024-07-25T14:45:00+00:00 [queued]>
[2024-07-25T14:32:19.471-0300] {taskinstance.py:2306} INFO - Starting attempt 1 of 1
[2024-07-25T14:32:19.485-0300] {taskinstance.py:2330} INFO - Executing <Task(PythonOperator): get_5m_info> on 2024-07-25 14:45:00+00:00
[2024-07-25T14:32:19.487-0300] {standard_task_runner.py:64} INFO - Started process 2595196 to run task
[2024-07-25T14:32:19.489-0300] {standard_task_runner.py:90} INFO - Running: ['airflow', 'tasks', 'run', 'Binance_5m', 'get_5m_info', 'scheduled__2024-07-25T14:45:00+00:00', '--job-id', '2153', '--raw', '--subdir', 'DAGS_FOLDER/binance_dag.py', '--cfg-path', '/tmp/tmpm6f51dno']
[2024-07-25T14:32:19.490-0300] {standard_task_runner.py:91} INFO - Job 2153: Subtask get_5m_info
[2024-07-25T14:32:19.516-0300] {task_command.py:426} INFO - Running <TaskInstance: Binance_5m.get_5m_info scheduled__2024-07-25T14:45:00+00:00 [running]> on host Galaxybook.
[2024-07-25T14:32:19.571-0300] {taskinstance.py:2648} INFO - Exporting env vars: AIRFLOW_CTX_DAG_OWNER='airflow' AIRFLOW_CTX_DAG_ID='Binance_5m' AIRFLOW_CTX_TASK_ID='get_5m_info' AIRFLOW_CTX_EXECUTION_DATE='2024-07-25T14:45:00+00:00' AIRFLOW_CTX_TRY_NUMBER='1' AIRFLOW_CTX_DAG_RUN_ID='scheduled__2024-07-25T14:45:00+00:00'
[2024-07-25T14:32:19.572-0300] {taskinstance.py:430} INFO - ::endgroup::
[2024-07-25T14:32:19.579-0300] {binance_dag.py:23} INFO - End Time: 2024-07-25T14:50:00.00Z
[2024-07-25T14:32:19.635-0300] {base.py:84} INFO - Using connection ID 'binance_default' for task execution.
[2024-07-25T14:32:19.636-0300] {logging_mixin.py:188} INFO - https://api.binance.com
[2024-07-25T14:32:19.636-0300] {binance_hook.py:35} INFO - URL: https://api.binance.com/api/v3/klines?symbol=BTCBRL&interval=5m&startTime=1721929500000&endTime=1721929800000
[2024-07-25T14:32:20.026-0300] {binance_dag.py:42} INFO - []
[2024-07-25T14:32:20.027-0300] {python.py:237} INFO - Done. Returned value was: None
[2024-07-25T14:32:20.028-0300] {taskinstance.py:441} INFO - ::group::Post task execution logs
[2024-07-25T14:32:20.031-0300] {taskinstance.py:1206} INFO - Marking task as SUCCESS. dag_id=Binance_5m, task_id=get_5m_info, run_id=scheduled__2024-07-25T14:45:00+00:00, execution_date=20240725T144500, start_date=20240725T173219, end_date=20240725T173220
[2024-07-25T14:32:20.072-0300] {local_task_job_runner.py:243} INFO - Task exited with return code 0
[2024-07-25T14:32:20.079-0300] {taskinstance.py:3503} INFO - 0 downstream tasks scheduled from follow-on schedule check
[2024-07-25T14:32:20.079-0300] {local_task_job_runner.py:222} INFO - ::endgroup::
[2024-07-25T14:53:38.008-0300] {local_task_job_runner.py:120} INFO - ::group::Pre task execution logs
[2024-07-25T14:53:38.012-0300] {taskinstance.py:2076} INFO - Dependencies all met for dep_context=non-requeueable deps ti=<TaskInstance: Binance_5m.get_5m_info scheduled__2024-07-25T14:45:00+00:00 [queued]>
[2024-07-25T14:53:38.015-0300] {taskinstance.py:2076} INFO - Dependencies all met for dep_context=requeueable deps ti=<TaskInstance: Binance_5m.get_5m_info scheduled__2024-07-25T14:45:00+00:00 [queued]>
[2024-07-25T14:53:38.015-0300] {taskinstance.py:2306} INFO - Starting attempt 1 of 1
[2024-07-25T14:53:38.029-0300] {taskinstance.py:2330} INFO - Executing <Task(PythonOperator): get_5m_info> on 2024-07-25 14:45:00+00:00
[2024-07-25T14:53:38.030-0300] {standard_task_runner.py:64} INFO - Started process 2613009 to run task
[2024-07-25T14:53:38.033-0300] {standard_task_runner.py:90} INFO - Running: ['airflow', 'tasks', 'run', 'Binance_5m', 'get_5m_info', 'scheduled__2024-07-25T14:45:00+00:00', '--job-id', '2269', '--raw', '--subdir', 'DAGS_FOLDER/binance_dag.py', '--cfg-path', '/tmp/tmp0rhz0pcw']
[2024-07-25T14:53:38.034-0300] {standard_task_runner.py:91} INFO - Job 2269: Subtask get_5m_info
[2024-07-25T14:53:38.058-0300] {task_command.py:426} INFO - Running <TaskInstance: Binance_5m.get_5m_info scheduled__2024-07-25T14:45:00+00:00 [running]> on host Galaxybook.
[2024-07-25T14:53:38.115-0300] {taskinstance.py:2648} INFO - Exporting env vars: AIRFLOW_CTX_DAG_OWNER='airflow' AIRFLOW_CTX_DAG_ID='Binance_5m' AIRFLOW_CTX_TASK_ID='get_5m_info' AIRFLOW_CTX_EXECUTION_DATE='2024-07-25T14:45:00+00:00' AIRFLOW_CTX_TRY_NUMBER='1' AIRFLOW_CTX_DAG_RUN_ID='scheduled__2024-07-25T14:45:00+00:00'
[2024-07-25T14:53:38.115-0300] {taskinstance.py:430} INFO - ::endgroup::
[2024-07-25T14:53:38.122-0300] {binance_dag.py:23} INFO - End Time: 2024-07-25T14:50:00.00Z
[2024-07-25T14:53:38.123-0300] {binance_dag.py:24} INFO - Start Time: 2024-07-25T14:45:00.00Z
[2024-07-25T14:53:38.179-0300] {base.py:84} INFO - Using connection ID 'binance_default' for task execution.
[2024-07-25T14:53:38.179-0300] {logging_mixin.py:188} INFO - https://api.binance.com
[2024-07-25T14:53:38.179-0300] {binance_hook.py:35} INFO - URL: https://api.binance.com/api/v3/klines?symbol=BTCBRL&interval=5m&startTime=1721929500000&endTime=1721929799999
[2024-07-25T14:53:38.570-0300] {binance_dag.py:43} INFO - r: [[1721929500000, '367999.00000000', '368285.00000000', '367429.00000000', '367793.00000000', '0.99492000', 1721929799999, '366110.82063000', 218, '0.44351000', '163187.30742000', '0']]
[2024-07-25T14:53:38.571-0300] {python.py:237} INFO - Done. Returned value was: None
[2024-07-25T14:53:38.572-0300] {taskinstance.py:441} INFO - ::group::Post task execution logs
[2024-07-25T14:53:38.574-0300] {taskinstance.py:1206} INFO - Marking task as SUCCESS. dag_id=Binance_5m, task_id=get_5m_info, run_id=scheduled__2024-07-25T14:45:00+00:00, execution_date=20240725T144500, start_date=20240725T175338, end_date=20240725T175338
[2024-07-25T14:53:38.614-0300] {local_task_job_runner.py:243} INFO - Task exited with return code 0
[2024-07-25T14:53:38.622-0300] {taskinstance.py:3503} INFO - 0 downstream tasks scheduled from follow-on schedule check
[2024-07-25T14:53:38.622-0300] {local_task_job_runner.py:222} INFO - ::endgroup::
[2024-07-25T15:23:24.703-0300] {local_task_job_runner.py:120} INFO - ::group::Pre task execution logs
[2024-07-25T15:23:24.709-0300] {taskinstance.py:2076} INFO - Dependencies all met for dep_context=non-requeueable deps ti=<TaskInstance: Binance_5m.get_5m_info scheduled__2024-07-25T14:45:00+00:00 [queued]>
[2024-07-25T15:23:24.712-0300] {taskinstance.py:2076} INFO - Dependencies all met for dep_context=requeueable deps ti=<TaskInstance: Binance_5m.get_5m_info scheduled__2024-07-25T14:45:00+00:00 [queued]>
[2024-07-25T15:23:24.712-0300] {taskinstance.py:2306} INFO - Starting attempt 1 of 1
[2024-07-25T15:23:24.728-0300] {taskinstance.py:2330} INFO - Executing <Task(PythonOperator): get_5m_info> on 2024-07-25 14:45:00+00:00
[2024-07-25T15:23:24.730-0300] {standard_task_runner.py:64} INFO - Started process 2635129 to run task
[2024-07-25T15:23:24.732-0300] {standard_task_runner.py:90} INFO - Running: ['airflow', 'tasks', 'run', 'Binance_5m', 'get_5m_info', 'scheduled__2024-07-25T14:45:00+00:00', '--job-id', '2712', '--raw', '--subdir', 'DAGS_FOLDER/binance_dag.py', '--cfg-path', '/tmp/tmpio8y_55f']
[2024-07-25T15:23:24.733-0300] {standard_task_runner.py:91} INFO - Job 2712: Subtask get_5m_info
[2024-07-25T15:23:24.757-0300] {task_command.py:426} INFO - Running <TaskInstance: Binance_5m.get_5m_info scheduled__2024-07-25T14:45:00+00:00 [running]> on host Galaxybook.
[2024-07-25T15:23:24.807-0300] {taskinstance.py:2648} INFO - Exporting env vars: AIRFLOW_CTX_DAG_OWNER='airflow' AIRFLOW_CTX_DAG_ID='Binance_5m' AIRFLOW_CTX_TASK_ID='get_5m_info' AIRFLOW_CTX_EXECUTION_DATE='2024-07-25T14:45:00+00:00' AIRFLOW_CTX_TRY_NUMBER='1' AIRFLOW_CTX_DAG_RUN_ID='scheduled__2024-07-25T14:45:00+00:00'
[2024-07-25T15:23:24.808-0300] {taskinstance.py:430} INFO - ::endgroup::
[2024-07-25T15:23:24.815-0300] {binance_dag.py:23} INFO - End Time: 2024-07-25T14:50:00.00Z
[2024-07-25T15:23:24.815-0300] {binance_dag.py:24} INFO - Start Time: 2024-07-25T14:45:00.00Z
[2024-07-25T15:23:24.869-0300] {binance_dag.py:25} INFO - 1721929500000
[2024-07-25T15:23:24.872-0300] {base.py:84} INFO - Using connection ID 'binance_default' for task execution.
[2024-07-25T15:23:24.872-0300] {logging_mixin.py:188} INFO - https://api.binance.com
[2024-07-25T15:23:24.872-0300] {binance_hook.py:35} INFO - URL: https://api.binance.com/api/v3/klines?symbol=BTCBRL&interval=5m&startTime=1721929500000&endTime=1721929799999
[2024-07-25T15:23:25.265-0300] {python.py:237} INFO - Done. Returned value was: None
[2024-07-25T15:23:25.267-0300] {taskinstance.py:441} INFO - ::group::Post task execution logs
[2024-07-25T15:23:25.269-0300] {taskinstance.py:1206} INFO - Marking task as SUCCESS. dag_id=Binance_5m, task_id=get_5m_info, run_id=scheduled__2024-07-25T14:45:00+00:00, execution_date=20240725T144500, start_date=20240725T182324, end_date=20240725T182325
[2024-07-25T15:23:25.314-0300] {local_task_job_runner.py:243} INFO - Task exited with return code 0
[2024-07-25T15:23:25.322-0300] {taskinstance.py:3503} INFO - 0 downstream tasks scheduled from follow-on schedule check
[2024-07-25T15:23:25.322-0300] {local_task_job_runner.py:222} INFO - ::endgroup::
[2024-07-25T16:21:45.327-0300] {local_task_job_runner.py:120} INFO - ::group::Pre task execution logs
[2024-07-25T16:21:45.334-0300] {taskinstance.py:2076} INFO - Dependencies all met for dep_context=non-requeueable deps ti=<TaskInstance: Binance_5m.get_5m_info scheduled__2024-07-25T14:45:00+00:00 [queued]>
[2024-07-25T16:21:45.339-0300] {taskinstance.py:2076} INFO - Dependencies all met for dep_context=requeueable deps ti=<TaskInstance: Binance_5m.get_5m_info scheduled__2024-07-25T14:45:00+00:00 [queued]>
[2024-07-25T16:21:45.339-0300] {taskinstance.py:2306} INFO - Starting attempt 1 of 1
[2024-07-25T16:21:45.352-0300] {taskinstance.py:2330} INFO - Executing <Task(PythonOperator): get_5m_info> on 2024-07-25 14:45:00+00:00
[2024-07-25T16:21:45.354-0300] {standard_task_runner.py:64} INFO - Started process 2664795 to run task
[2024-07-25T16:21:45.357-0300] {standard_task_runner.py:90} INFO - Running: ['airflow', 'tasks', 'run', 'Binance_5m', 'get_5m_info', 'scheduled__2024-07-25T14:45:00+00:00', '--job-id', '2327', '--raw', '--subdir', 'DAGS_FOLDER/binance_dag.py', '--cfg-path', '/tmp/tmpx080pn0h']
[2024-07-25T16:21:45.358-0300] {standard_task_runner.py:91} INFO - Job 2327: Subtask get_5m_info
[2024-07-25T16:21:45.390-0300] {task_command.py:426} INFO - Running <TaskInstance: Binance_5m.get_5m_info scheduled__2024-07-25T14:45:00+00:00 [running]> on host Galaxybook.
[2024-07-25T16:21:45.459-0300] {taskinstance.py:2648} INFO - Exporting env vars: AIRFLOW_CTX_DAG_OWNER='airflow' AIRFLOW_CTX_DAG_ID='Binance_5m' AIRFLOW_CTX_TASK_ID='get_5m_info' AIRFLOW_CTX_EXECUTION_DATE='2024-07-25T14:45:00+00:00' AIRFLOW_CTX_TRY_NUMBER='1' AIRFLOW_CTX_DAG_RUN_ID='scheduled__2024-07-25T14:45:00+00:00'
[2024-07-25T16:21:45.460-0300] {taskinstance.py:430} INFO - ::endgroup::
[2024-07-25T16:21:45.474-0300] {binance_dag.py:22} INFO - End Time: 2024-07-25 14:50:00+00:00
[2024-07-25T16:21:45.474-0300] {binance_dag.py:23} INFO - Start Time: 2024-07-25 14:45:00+00:00
[2024-07-25T16:21:45.475-0300] {binance_dag.py:24} INFO - Start timestamp: 1721918700000
[2024-07-25T16:21:45.476-0300] {binance_dag.py:25} INFO - End timestamp: 1721919000000
[2024-07-25T16:21:45.569-0300] {base.py:84} INFO - Using connection ID 'binance_default' for task execution.
[2024-07-25T16:21:45.570-0300] {logging_mixin.py:188} INFO - https://api.binance.com
[2024-07-25T16:21:45.570-0300] {binance_hook.py:35} INFO - URL: https://api.binance.com/api/v3/klines?symbol=BTCBRL&interval=5m&startTime=1721918700000&endTime=1721918999999&timeZone=-3
[2024-07-25T16:21:45.973-0300] {python.py:237} INFO - Done. Returned value was: None
[2024-07-25T16:21:45.974-0300] {taskinstance.py:441} INFO - ::group::Post task execution logs
[2024-07-25T16:21:45.976-0300] {taskinstance.py:1206} INFO - Marking task as SUCCESS. dag_id=Binance_5m, task_id=get_5m_info, run_id=scheduled__2024-07-25T14:45:00+00:00, execution_date=20240725T144500, start_date=20240725T192145, end_date=20240725T192145
[2024-07-25T16:21:46.023-0300] {local_task_job_runner.py:243} INFO - Task exited with return code 0
[2024-07-25T16:21:46.030-0300] {taskinstance.py:3503} INFO - 0 downstream tasks scheduled from follow-on schedule check
[2024-07-25T16:21:46.031-0300] {local_task_job_runner.py:222} INFO - ::endgroup::
