[2024-07-25T14:28:31.526-0300] {local_task_job_runner.py:120} INFO - ::group::Pre task execution logs
[2024-07-25T14:28:31.531-0300] {taskinstance.py:2076} INFO - Dependencies all met for dep_context=non-requeueable deps ti=<TaskInstance: Mercado_5m.get_5m_info scheduled__2024-07-25T13:45:00+00:00 [queued]>
[2024-07-25T14:28:31.534-0300] {taskinstance.py:2076} INFO - Dependencies all met for dep_context=requeueable deps ti=<TaskInstance: Mercado_5m.get_5m_info scheduled__2024-07-25T13:45:00+00:00 [queued]>
[2024-07-25T14:28:31.534-0300] {taskinstance.py:2306} INFO - Starting attempt 1 of 1
[2024-07-25T14:28:31.546-0300] {taskinstance.py:2330} INFO - Executing <Task(PythonOperator): get_5m_info> on 2024-07-25 13:45:00+00:00
[2024-07-25T14:28:31.548-0300] {standard_task_runner.py:64} INFO - Started process 2591296 to run task
[2024-07-25T14:28:31.550-0300] {standard_task_runner.py:90} INFO - Running: ['airflow', 'tasks', 'run', 'Mercado_5m', 'get_5m_info', 'scheduled__2024-07-25T13:45:00+00:00', '--job-id', '2125', '--raw', '--subdir', 'DAGS_FOLDER/mercado_dag.py', '--cfg-path', '/tmp/tmpugnd8udy']
[2024-07-25T14:28:31.551-0300] {standard_task_runner.py:91} INFO - Job 2125: Subtask get_5m_info
[2024-07-25T14:28:31.577-0300] {task_command.py:426} INFO - Running <TaskInstance: Mercado_5m.get_5m_info scheduled__2024-07-25T13:45:00+00:00 [running]> on host Galaxybook.
[2024-07-25T14:28:31.622-0300] {taskinstance.py:2648} INFO - Exporting env vars: AIRFLOW_CTX_DAG_OWNER='airflow' AIRFLOW_CTX_DAG_ID='Mercado_5m' AIRFLOW_CTX_TASK_ID='get_5m_info' AIRFLOW_CTX_EXECUTION_DATE='2024-07-25T13:45:00+00:00' AIRFLOW_CTX_TRY_NUMBER='1' AIRFLOW_CTX_DAG_RUN_ID='scheduled__2024-07-25T13:45:00+00:00'
[2024-07-25T14:28:31.622-0300] {taskinstance.py:430} INFO - ::endgroup::
[2024-07-25T14:28:31.629-0300] {taskinstance.py:441} INFO - ::group::Post task execution logs
[2024-07-25T14:28:31.629-0300] {taskinstance.py:2905} ERROR - Task failed with exception
Traceback (most recent call last):
  File "/home/hugoviana/Documentos/data_pipeline_airflow/.venv/lib/python3.12/site-packages/airflow/models/taskinstance.py", line 465, in _execute_task
    result = _execute_callable(context=context, **execute_callable_kwargs)
             ^^^^^^^^^^^^^^^^^^^^^^^^^^^^^^^^^^^^^^^^^^^^^^^^^^^^^^^^^^^^^
  File "/home/hugoviana/Documentos/data_pipeline_airflow/.venv/lib/python3.12/site-packages/airflow/models/taskinstance.py", line 432, in _execute_callable
    return execute_callable(context=context, **execute_callable_kwargs)
           ^^^^^^^^^^^^^^^^^^^^^^^^^^^^^^^^^^^^^^^^^^^^^^^^^^^^^^^^^^^^
  File "/home/hugoviana/Documentos/data_pipeline_airflow/.venv/lib/python3.12/site-packages/airflow/models/baseoperator.py", line 401, in wrapper
    return func(self, *args, **kwargs)
           ^^^^^^^^^^^^^^^^^^^^^^^^^^^
  File "/home/hugoviana/Documentos/data_pipeline_airflow/.venv/lib/python3.12/site-packages/airflow/operators/python.py", line 232, in execute
    context_merge(context, self.op_kwargs, templates_dict=self.templates_dict)
  File "/home/hugoviana/Documentos/data_pipeline_airflow/.venv/lib/python3.12/site-packages/airflow/utils/context.py", line 266, in context_merge
    context.update(*args, **kwargs)
  File "<frozen _collections_abc>", line 987, in update
ValueError: too many values to unpack (expected 2)
[2024-07-25T14:28:31.632-0300] {taskinstance.py:1206} INFO - Marking task as FAILED. dag_id=Mercado_5m, task_id=get_5m_info, run_id=scheduled__2024-07-25T13:45:00+00:00, execution_date=20240725T134500, start_date=20240725T172831, end_date=20240725T172831
[2024-07-25T14:28:31.643-0300] {standard_task_runner.py:110} ERROR - Failed to execute job 2125 for task get_5m_info (too many values to unpack (expected 2); 2591296)
[2024-07-25T14:28:31.685-0300] {local_task_job_runner.py:243} INFO - Task exited with return code 1
[2024-07-25T14:28:31.694-0300] {taskinstance.py:3503} INFO - 0 downstream tasks scheduled from follow-on schedule check
[2024-07-25T14:28:31.694-0300] {local_task_job_runner.py:222} INFO - ::endgroup::
[2024-07-25T14:30:32.493-0300] {local_task_job_runner.py:120} INFO - ::group::Pre task execution logs
[2024-07-25T14:30:32.501-0300] {taskinstance.py:2076} INFO - Dependencies all met for dep_context=non-requeueable deps ti=<TaskInstance: Mercado_5m.get_5m_info scheduled__2024-07-25T13:45:00+00:00 [queued]>
[2024-07-25T14:30:32.504-0300] {taskinstance.py:2076} INFO - Dependencies all met for dep_context=requeueable deps ti=<TaskInstance: Mercado_5m.get_5m_info scheduled__2024-07-25T13:45:00+00:00 [queued]>
[2024-07-25T14:30:32.504-0300] {taskinstance.py:2306} INFO - Starting attempt 1 of 1
[2024-07-25T14:30:32.516-0300] {taskinstance.py:2330} INFO - Executing <Task(PythonOperator): get_5m_info> on 2024-07-25 13:45:00+00:00
[2024-07-25T14:30:32.518-0300] {standard_task_runner.py:64} INFO - Started process 2593384 to run task
[2024-07-25T14:30:32.520-0300] {standard_task_runner.py:90} INFO - Running: ['airflow', 'tasks', 'run', 'Mercado_5m', 'get_5m_info', 'scheduled__2024-07-25T13:45:00+00:00', '--job-id', '2103', '--raw', '--subdir', 'DAGS_FOLDER/mercado_dag.py', '--cfg-path', '/tmp/tmpkxwc7ugk']
[2024-07-25T14:30:32.522-0300] {standard_task_runner.py:91} INFO - Job 2103: Subtask get_5m_info
[2024-07-25T14:30:32.549-0300] {task_command.py:426} INFO - Running <TaskInstance: Mercado_5m.get_5m_info scheduled__2024-07-25T13:45:00+00:00 [running]> on host Galaxybook.
[2024-07-25T14:30:32.596-0300] {taskinstance.py:2648} INFO - Exporting env vars: AIRFLOW_CTX_DAG_OWNER='airflow' AIRFLOW_CTX_DAG_ID='Mercado_5m' AIRFLOW_CTX_TASK_ID='get_5m_info' AIRFLOW_CTX_EXECUTION_DATE='2024-07-25T13:45:00+00:00' AIRFLOW_CTX_TRY_NUMBER='1' AIRFLOW_CTX_DAG_RUN_ID='scheduled__2024-07-25T13:45:00+00:00'
[2024-07-25T14:30:32.596-0300] {taskinstance.py:430} INFO - ::endgroup::
[2024-07-25T14:30:32.604-0300] {taskinstance.py:441} INFO - ::group::Post task execution logs
[2024-07-25T14:30:32.604-0300] {taskinstance.py:2905} ERROR - Task failed with exception
Traceback (most recent call last):
  File "/home/hugoviana/Documentos/data_pipeline_airflow/.venv/lib/python3.12/site-packages/airflow/models/taskinstance.py", line 465, in _execute_task
    result = _execute_callable(context=context, **execute_callable_kwargs)
             ^^^^^^^^^^^^^^^^^^^^^^^^^^^^^^^^^^^^^^^^^^^^^^^^^^^^^^^^^^^^^
  File "/home/hugoviana/Documentos/data_pipeline_airflow/.venv/lib/python3.12/site-packages/airflow/models/taskinstance.py", line 432, in _execute_callable
    return execute_callable(context=context, **execute_callable_kwargs)
           ^^^^^^^^^^^^^^^^^^^^^^^^^^^^^^^^^^^^^^^^^^^^^^^^^^^^^^^^^^^^
  File "/home/hugoviana/Documentos/data_pipeline_airflow/.venv/lib/python3.12/site-packages/airflow/models/baseoperator.py", line 401, in wrapper
    return func(self, *args, **kwargs)
           ^^^^^^^^^^^^^^^^^^^^^^^^^^^
  File "/home/hugoviana/Documentos/data_pipeline_airflow/.venv/lib/python3.12/site-packages/airflow/operators/python.py", line 232, in execute
    context_merge(context, self.op_kwargs, templates_dict=self.templates_dict)
  File "/home/hugoviana/Documentos/data_pipeline_airflow/.venv/lib/python3.12/site-packages/airflow/utils/context.py", line 266, in context_merge
    context.update(*args, **kwargs)
  File "<frozen _collections_abc>", line 987, in update
ValueError: too many values to unpack (expected 2)
[2024-07-25T14:30:32.606-0300] {taskinstance.py:1206} INFO - Marking task as FAILED. dag_id=Mercado_5m, task_id=get_5m_info, run_id=scheduled__2024-07-25T13:45:00+00:00, execution_date=20240725T134500, start_date=20240725T173032, end_date=20240725T173032
[2024-07-25T14:30:32.677-0300] {standard_task_runner.py:110} ERROR - Failed to execute job 2103 for task get_5m_info (too many values to unpack (expected 2); 2593384)
[2024-07-25T14:30:32.695-0300] {local_task_job_runner.py:243} INFO - Task exited with return code 1
[2024-07-25T14:30:32.701-0300] {taskinstance.py:3503} INFO - 0 downstream tasks scheduled from follow-on schedule check
[2024-07-25T14:30:32.701-0300] {local_task_job_runner.py:222} INFO - ::endgroup::
[2024-07-25T15:00:42.583-0300] {local_task_job_runner.py:120} INFO - ::group::Pre task execution logs
[2024-07-25T15:00:42.588-0300] {taskinstance.py:2076} INFO - Dependencies all met for dep_context=non-requeueable deps ti=<TaskInstance: Mercado_5m.get_5m_info scheduled__2024-07-25T13:45:00+00:00 [queued]>
[2024-07-25T15:00:42.591-0300] {taskinstance.py:2076} INFO - Dependencies all met for dep_context=requeueable deps ti=<TaskInstance: Mercado_5m.get_5m_info scheduled__2024-07-25T13:45:00+00:00 [queued]>
[2024-07-25T15:00:42.591-0300] {taskinstance.py:2306} INFO - Starting attempt 1 of 1
[2024-07-25T15:00:42.605-0300] {taskinstance.py:2330} INFO - Executing <Task(PythonOperator): get_5m_info> on 2024-07-25 13:45:00+00:00
[2024-07-25T15:00:42.607-0300] {standard_task_runner.py:64} INFO - Started process 2620136 to run task
[2024-07-25T15:00:42.609-0300] {standard_task_runner.py:90} INFO - Running: ['airflow', 'tasks', 'run', 'Mercado_5m', 'get_5m_info', 'scheduled__2024-07-25T13:45:00+00:00', '--job-id', '2477', '--raw', '--subdir', 'DAGS_FOLDER/mercado_dag.py', '--cfg-path', '/tmp/tmpcci14199']
[2024-07-25T15:00:42.610-0300] {standard_task_runner.py:91} INFO - Job 2477: Subtask get_5m_info
[2024-07-25T15:00:42.634-0300] {task_command.py:426} INFO - Running <TaskInstance: Mercado_5m.get_5m_info scheduled__2024-07-25T13:45:00+00:00 [running]> on host Galaxybook.
[2024-07-25T15:00:42.685-0300] {taskinstance.py:2648} INFO - Exporting env vars: AIRFLOW_CTX_DAG_OWNER='airflow' AIRFLOW_CTX_DAG_ID='Mercado_5m' AIRFLOW_CTX_TASK_ID='get_5m_info' AIRFLOW_CTX_EXECUTION_DATE='2024-07-25T13:45:00+00:00' AIRFLOW_CTX_TRY_NUMBER='1' AIRFLOW_CTX_DAG_RUN_ID='scheduled__2024-07-25T13:45:00+00:00'
[2024-07-25T15:00:42.686-0300] {taskinstance.py:430} INFO - ::endgroup::
[2024-07-25T15:00:42.749-0300] {base.py:84} INFO - Using connection ID 'mercado_default' for task execution.
[2024-07-25T15:00:42.749-0300] {mercado_hook.py:31} INFO - URL: https://api.mercadobitcoin.net/api/v4/candles?symbol=BTC-BRL&resolution=5m&to=1721926200&from=1721925900
[2024-07-25T15:00:43.025-0300] {python.py:237} INFO - Done. Returned value was: None
[2024-07-25T15:00:43.026-0300] {taskinstance.py:441} INFO - ::group::Post task execution logs
[2024-07-25T15:00:43.030-0300] {taskinstance.py:1206} INFO - Marking task as SUCCESS. dag_id=Mercado_5m, task_id=get_5m_info, run_id=scheduled__2024-07-25T13:45:00+00:00, execution_date=20240725T134500, start_date=20240725T180042, end_date=20240725T180043
[2024-07-25T15:00:43.071-0300] {local_task_job_runner.py:243} INFO - Task exited with return code 0
[2024-07-25T15:00:43.078-0300] {taskinstance.py:3503} INFO - 0 downstream tasks scheduled from follow-on schedule check
[2024-07-25T15:00:43.079-0300] {local_task_job_runner.py:222} INFO - ::endgroup::
