[2024-07-25T17:25:42.362-0300] {local_task_job_runner.py:120} INFO - ::group::Pre task execution logs
[2024-07-25T17:25:42.367-0300] {taskinstance.py:2076} INFO - Dependencies all met for dep_context=non-requeueable deps ti=<TaskInstance: Mercado_1m.get_5m_info scheduled__2024-07-25T13:49:00+00:00 [queued]>
[2024-07-25T17:25:42.370-0300] {taskinstance.py:2076} INFO - Dependencies all met for dep_context=requeueable deps ti=<TaskInstance: Mercado_1m.get_5m_info scheduled__2024-07-25T13:49:00+00:00 [queued]>
[2024-07-25T17:25:42.370-0300] {taskinstance.py:2306} INFO - Starting attempt 1 of 1
[2024-07-25T17:25:42.382-0300] {taskinstance.py:2330} INFO - Executing <Task(PythonOperator): get_5m_info> on 2024-07-25 13:49:00+00:00
[2024-07-25T17:25:42.384-0300] {standard_task_runner.py:64} INFO - Started process 2696729 to run task
[2024-07-25T17:25:42.385-0300] {standard_task_runner.py:90} INFO - Running: ['airflow', 'tasks', 'run', 'Mercado_1m', 'get_5m_info', 'scheduled__2024-07-25T13:49:00+00:00', '--job-id', '2585', '--raw', '--subdir', 'DAGS_FOLDER/mercado_dag.py', '--cfg-path', '/tmp/tmpniymy3im']
[2024-07-25T17:25:42.386-0300] {standard_task_runner.py:91} INFO - Job 2585: Subtask get_5m_info
[2024-07-25T17:25:42.417-0300] {task_command.py:426} INFO - Running <TaskInstance: Mercado_1m.get_5m_info scheduled__2024-07-25T13:49:00+00:00 [running]> on host Galaxybook.
[2024-07-25T17:25:42.470-0300] {taskinstance.py:2648} INFO - Exporting env vars: AIRFLOW_CTX_DAG_OWNER='airflow' AIRFLOW_CTX_DAG_ID='Mercado_1m' AIRFLOW_CTX_TASK_ID='get_5m_info' AIRFLOW_CTX_EXECUTION_DATE='2024-07-25T13:49:00+00:00' AIRFLOW_CTX_TRY_NUMBER='1' AIRFLOW_CTX_DAG_RUN_ID='scheduled__2024-07-25T13:49:00+00:00'
[2024-07-25T17:25:42.471-0300] {taskinstance.py:430} INFO - ::endgroup::
[2024-07-25T17:25:42.478-0300] {mercado_dag.py:21} INFO - To: 2024-07-25 13:50:00+00:00
[2024-07-25T17:25:42.478-0300] {mercado_dag.py:22} INFO - From: 2024-07-25 13:49:00+00:00
[2024-07-25T17:25:42.479-0300] {mercado_dag.py:23} INFO - To timestamp: 1721915400 
[2024-07-25T17:25:42.479-0300] {mercado_dag.py:24} INFO - From timestamp: 1721915340 
[2024-07-25T17:25:42.553-0300] {base.py:84} INFO - Using connection ID 'mercado_default' for task execution.
[2024-07-25T17:25:42.554-0300] {mercado_hook.py:31} INFO - URL: https://api.mercadobitcoin.net/api/v4/candles?symbol=BTC-BRL&resolution=1m&to=1721915400&from=1721915340
[2024-07-25T17:25:43.164-0300] {python.py:237} INFO - Done. Returned value was: None
[2024-07-25T17:25:43.164-0300] {taskinstance.py:441} INFO - ::group::Post task execution logs
[2024-07-25T17:25:43.167-0300] {taskinstance.py:1206} INFO - Marking task as SUCCESS. dag_id=Mercado_1m, task_id=get_5m_info, run_id=scheduled__2024-07-25T13:49:00+00:00, execution_date=20240725T134900, start_date=20240725T202542, end_date=20240725T202543
[2024-07-25T17:25:43.207-0300] {local_task_job_runner.py:243} INFO - Task exited with return code 0
[2024-07-25T17:25:43.214-0300] {taskinstance.py:3503} INFO - 0 downstream tasks scheduled from follow-on schedule check
[2024-07-25T17:25:43.215-0300] {local_task_job_runner.py:222} INFO - ::endgroup::
