[2024-07-25T15:55:02.633-0300] {local_task_job_runner.py:120} INFO - ::group::Pre task execution logs
[2024-07-25T15:55:02.638-0300] {taskinstance.py:2076} INFO - Dependencies all met for dep_context=non-requeueable deps ti=<TaskInstance: Binance_5m.get_5m_info scheduled__2024-07-25T18:50:00+00:00 [queued]>
[2024-07-25T15:55:02.641-0300] {taskinstance.py:2076} INFO - Dependencies all met for dep_context=requeueable deps ti=<TaskInstance: Binance_5m.get_5m_info scheduled__2024-07-25T18:50:00+00:00 [queued]>
[2024-07-25T15:55:02.641-0300] {taskinstance.py:2306} INFO - Starting attempt 1 of 1
[2024-07-25T15:55:02.652-0300] {taskinstance.py:2330} INFO - Executing <Task(PythonOperator): get_5m_info> on 2024-07-25 18:50:00+00:00
[2024-07-25T15:55:02.654-0300] {standard_task_runner.py:64} INFO - Started process 2647815 to run task
[2024-07-25T15:55:02.656-0300] {standard_task_runner.py:90} INFO - Running: ['airflow', 'tasks', 'run', 'Binance_5m', 'get_5m_info', 'scheduled__2024-07-25T18:50:00+00:00', '--job-id', '2765', '--raw', '--subdir', 'DAGS_FOLDER/binance_dag.py', '--cfg-path', '/tmp/tmpebugzgbh']
[2024-07-25T15:55:02.657-0300] {standard_task_runner.py:91} INFO - Job 2765: Subtask get_5m_info
[2024-07-25T15:55:02.683-0300] {task_command.py:426} INFO - Running <TaskInstance: Binance_5m.get_5m_info scheduled__2024-07-25T18:50:00+00:00 [running]> on host Galaxybook.
[2024-07-25T15:55:02.736-0300] {taskinstance.py:2648} INFO - Exporting env vars: AIRFLOW_CTX_DAG_OWNER='airflow' AIRFLOW_CTX_DAG_ID='Binance_5m' AIRFLOW_CTX_TASK_ID='get_5m_info' AIRFLOW_CTX_EXECUTION_DATE='2024-07-25T18:50:00+00:00' AIRFLOW_CTX_TRY_NUMBER='1' AIRFLOW_CTX_DAG_RUN_ID='scheduled__2024-07-25T18:50:00+00:00'
[2024-07-25T15:55:02.737-0300] {taskinstance.py:430} INFO - ::endgroup::
[2024-07-25T15:55:02.746-0300] {binance_dag.py:23} INFO - End Time: 2024-07-25T18:55:00.00Z
[2024-07-25T15:55:02.746-0300] {binance_dag.py:24} INFO - Start Time: 2024-07-25T18:50:00.00Z
[2024-07-25T15:55:02.802-0300] {binance_dag.py:25} INFO - 1721944200000
[2024-07-25T15:55:02.805-0300] {base.py:84} INFO - Using connection ID 'binance_default' for task execution.
[2024-07-25T15:55:02.805-0300] {logging_mixin.py:188} INFO - https://api.binance.com
[2024-07-25T15:55:02.806-0300] {binance_hook.py:35} INFO - URL: https://api.binance.com/api/v3/klines?symbol=BTCBRL&interval=5m&startTime=1721944200000&endTime=1721944499999&timeZone=-3
[2024-07-25T15:55:03.750-0300] {python.py:237} INFO - Done. Returned value was: None
[2024-07-25T15:55:03.751-0300] {taskinstance.py:441} INFO - ::group::Post task execution logs
[2024-07-25T15:55:03.754-0300] {taskinstance.py:1206} INFO - Marking task as SUCCESS. dag_id=Binance_5m, task_id=get_5m_info, run_id=scheduled__2024-07-25T18:50:00+00:00, execution_date=20240725T185000, start_date=20240725T185502, end_date=20240725T185503
[2024-07-25T15:55:03.808-0300] {local_task_job_runner.py:243} INFO - Task exited with return code 0
[2024-07-25T15:55:03.816-0300] {taskinstance.py:3503} INFO - 0 downstream tasks scheduled from follow-on schedule check
[2024-07-25T15:55:03.817-0300] {local_task_job_runner.py:222} INFO - ::endgroup::
[2024-07-25T16:24:46.969-0300] {local_task_job_runner.py:120} INFO - ::group::Pre task execution logs
[2024-07-25T16:24:46.977-0300] {taskinstance.py:2076} INFO - Dependencies all met for dep_context=non-requeueable deps ti=<TaskInstance: Binance_5m.get_5m_info scheduled__2024-07-25T18:50:00+00:00 [queued]>
[2024-07-25T16:24:46.981-0300] {taskinstance.py:2076} INFO - Dependencies all met for dep_context=requeueable deps ti=<TaskInstance: Binance_5m.get_5m_info scheduled__2024-07-25T18:50:00+00:00 [queued]>
[2024-07-25T16:24:46.981-0300] {taskinstance.py:2306} INFO - Starting attempt 1 of 1
[2024-07-25T16:24:46.996-0300] {taskinstance.py:2330} INFO - Executing <Task(PythonOperator): get_5m_info> on 2024-07-25 18:50:00+00:00
[2024-07-25T16:24:46.998-0300] {standard_task_runner.py:64} INFO - Started process 2667812 to run task
[2024-07-25T16:24:47.001-0300] {standard_task_runner.py:90} INFO - Running: ['airflow', 'tasks', 'run', 'Binance_5m', 'get_5m_info', 'scheduled__2024-07-25T18:50:00+00:00', '--job-id', '2411', '--raw', '--subdir', 'DAGS_FOLDER/binance_dag.py', '--cfg-path', '/tmp/tmpe2jzlqx_']
[2024-07-25T16:24:47.002-0300] {standard_task_runner.py:91} INFO - Job 2411: Subtask get_5m_info
[2024-07-25T16:24:47.037-0300] {task_command.py:426} INFO - Running <TaskInstance: Binance_5m.get_5m_info scheduled__2024-07-25T18:50:00+00:00 [running]> on host Galaxybook.
[2024-07-25T16:24:47.100-0300] {taskinstance.py:2648} INFO - Exporting env vars: AIRFLOW_CTX_DAG_OWNER='airflow' AIRFLOW_CTX_DAG_ID='Binance_5m' AIRFLOW_CTX_TASK_ID='get_5m_info' AIRFLOW_CTX_EXECUTION_DATE='2024-07-25T18:50:00+00:00' AIRFLOW_CTX_TRY_NUMBER='1' AIRFLOW_CTX_DAG_RUN_ID='scheduled__2024-07-25T18:50:00+00:00'
[2024-07-25T16:24:47.100-0300] {taskinstance.py:430} INFO - ::endgroup::
[2024-07-25T16:24:47.110-0300] {binance_dag.py:22} INFO - End Time: 2024-07-25 18:55:00+00:00
[2024-07-25T16:24:47.110-0300] {binance_dag.py:23} INFO - Start Time: 2024-07-25 18:50:00+00:00
[2024-07-25T16:24:47.110-0300] {binance_dag.py:24} INFO - Start timestamp: 1721933400000
[2024-07-25T16:24:47.111-0300] {binance_dag.py:25} INFO - End timestamp: 1721933700000
[2024-07-25T16:24:47.188-0300] {base.py:84} INFO - Using connection ID 'binance_default' for task execution.
[2024-07-25T16:24:47.189-0300] {logging_mixin.py:188} INFO - https://api.binance.com
[2024-07-25T16:24:47.189-0300] {binance_hook.py:35} INFO - URL: https://api.binance.com/api/v3/klines?symbol=BTCBRL&interval=5m&startTime=1721933400000&endTime=1721933699999&timeZone=-3
[2024-07-25T16:24:47.588-0300] {python.py:237} INFO - Done. Returned value was: None
[2024-07-25T16:24:47.589-0300] {taskinstance.py:441} INFO - ::group::Post task execution logs
[2024-07-25T16:24:47.592-0300] {taskinstance.py:1206} INFO - Marking task as SUCCESS. dag_id=Binance_5m, task_id=get_5m_info, run_id=scheduled__2024-07-25T18:50:00+00:00, execution_date=20240725T185000, start_date=20240725T192446, end_date=20240725T192447
[2024-07-25T16:24:47.622-0300] {local_task_job_runner.py:243} INFO - Task exited with return code 0
[2024-07-25T16:24:47.628-0300] {taskinstance.py:3503} INFO - 0 downstream tasks scheduled from follow-on schedule check
[2024-07-25T16:24:47.629-0300] {local_task_job_runner.py:222} INFO - ::endgroup::
