[2024-07-25T10:00:49.623-0300] {local_task_job_runner.py:120} INFO - ::group::Pre task execution logs
[2024-07-25T10:00:49.629-0300] {taskinstance.py:2076} INFO - Dependencies all met for dep_context=non-requeueable deps ti=<TaskInstance: Mercado_1m.get_1m_info scheduled__2024-07-25T12:03:00+00:00 [queued]>
[2024-07-25T10:00:49.632-0300] {taskinstance.py:2076} INFO - Dependencies all met for dep_context=requeueable deps ti=<TaskInstance: Mercado_1m.get_1m_info scheduled__2024-07-25T12:03:00+00:00 [queued]>
[2024-07-25T10:00:49.632-0300] {taskinstance.py:2306} INFO - Starting attempt 1 of 1
[2024-07-25T10:00:49.644-0300] {taskinstance.py:2330} INFO - Executing <Task(PythonOperator): get_1m_info> on 2024-07-25 12:03:00+00:00
[2024-07-25T10:00:49.646-0300] {standard_task_runner.py:64} INFO - Started process 2445896 to run task
[2024-07-25T10:00:49.648-0300] {standard_task_runner.py:90} INFO - Running: ['airflow', 'tasks', 'run', 'Mercado_1m', 'get_1m_info', 'scheduled__2024-07-25T12:03:00+00:00', '--job-id', '1962', '--raw', '--subdir', 'DAGS_FOLDER/mercado_dag.py', '--cfg-path', '/tmp/tmpgm93jdyw']
[2024-07-25T10:00:49.649-0300] {standard_task_runner.py:91} INFO - Job 1962: Subtask get_1m_info
[2024-07-25T10:00:49.676-0300] {task_command.py:426} INFO - Running <TaskInstance: Mercado_1m.get_1m_info scheduled__2024-07-25T12:03:00+00:00 [running]> on host Galaxybook.
[2024-07-25T10:00:49.725-0300] {taskinstance.py:2648} INFO - Exporting env vars: AIRFLOW_CTX_DAG_OWNER='airflow' AIRFLOW_CTX_DAG_ID='Mercado_1m' AIRFLOW_CTX_TASK_ID='get_1m_info' AIRFLOW_CTX_EXECUTION_DATE='2024-07-25T12:03:00+00:00' AIRFLOW_CTX_TRY_NUMBER='1' AIRFLOW_CTX_DAG_RUN_ID='scheduled__2024-07-25T12:03:00+00:00'
[2024-07-25T10:00:49.726-0300] {taskinstance.py:430} INFO - ::endgroup::
[2024-07-25T10:00:49.804-0300] {base.py:84} INFO - Using connection ID 'mercado_default' for task execution.
[2024-07-25T10:00:49.805-0300] {mercado_hook.py:26} INFO - BASE URL: https://api.mercadobitcoin.net/api/v4
[2024-07-25T10:00:49.805-0300] {mercado_hook.py:32} INFO - URL: https://api.mercadobitcoin.net/api/v4/candles?symbol=BTC-BRL&resolution=1m&to=1721912389733&from=1721912449733
[2024-07-25T10:00:50.076-0300] {python.py:237} INFO - Done. Returned value was: None
[2024-07-25T10:00:50.076-0300] {taskinstance.py:441} INFO - ::group::Post task execution logs
[2024-07-25T10:00:50.078-0300] {taskinstance.py:1206} INFO - Marking task as SUCCESS. dag_id=Mercado_1m, task_id=get_1m_info, run_id=scheduled__2024-07-25T12:03:00+00:00, execution_date=20240725T120300, start_date=20240725T130049, end_date=20240725T130050
[2024-07-25T10:00:50.108-0300] {local_task_job_runner.py:243} INFO - Task exited with return code 0
[2024-07-25T10:00:50.115-0300] {taskinstance.py:3503} INFO - 0 downstream tasks scheduled from follow-on schedule check
[2024-07-25T10:00:50.115-0300] {local_task_job_runner.py:222} INFO - ::endgroup::
[2024-07-25T11:00:21.571-0300] {local_task_job_runner.py:120} INFO - ::group::Pre task execution logs
[2024-07-25T11:00:21.577-0300] {taskinstance.py:2076} INFO - Dependencies all met for dep_context=non-requeueable deps ti=<TaskInstance: Mercado_1m.get_1m_info scheduled__2024-07-25T12:03:00+00:00 [queued]>
[2024-07-25T11:00:21.580-0300] {taskinstance.py:2076} INFO - Dependencies all met for dep_context=requeueable deps ti=<TaskInstance: Mercado_1m.get_1m_info scheduled__2024-07-25T12:03:00+00:00 [queued]>
[2024-07-25T11:00:21.580-0300] {taskinstance.py:2306} INFO - Starting attempt 1 of 1
[2024-07-25T11:00:21.592-0300] {taskinstance.py:2330} INFO - Executing <Task(PythonOperator): get_1m_info> on 2024-07-25 12:03:00+00:00
[2024-07-25T11:00:21.593-0300] {standard_task_runner.py:64} INFO - Started process 2482084 to run task
[2024-07-25T11:00:21.596-0300] {standard_task_runner.py:90} INFO - Running: ['airflow', 'tasks', 'run', 'Mercado_1m', 'get_1m_info', 'scheduled__2024-07-25T12:03:00+00:00', '--job-id', '1900', '--raw', '--subdir', 'DAGS_FOLDER/mercado_dag.py', '--cfg-path', '/tmp/tmptb4rw7oz']
[2024-07-25T11:00:21.597-0300] {standard_task_runner.py:91} INFO - Job 1900: Subtask get_1m_info
[2024-07-25T11:00:21.627-0300] {task_command.py:426} INFO - Running <TaskInstance: Mercado_1m.get_1m_info scheduled__2024-07-25T12:03:00+00:00 [running]> on host Galaxybook.
[2024-07-25T11:00:21.685-0300] {taskinstance.py:2648} INFO - Exporting env vars: AIRFLOW_CTX_DAG_OWNER='airflow' AIRFLOW_CTX_DAG_ID='Mercado_1m' AIRFLOW_CTX_TASK_ID='get_1m_info' AIRFLOW_CTX_EXECUTION_DATE='2024-07-25T12:03:00+00:00' AIRFLOW_CTX_TRY_NUMBER='1' AIRFLOW_CTX_DAG_RUN_ID='scheduled__2024-07-25T12:03:00+00:00'
[2024-07-25T11:00:21.685-0300] {taskinstance.py:430} INFO - ::endgroup::
[2024-07-25T11:00:21.747-0300] {base.py:84} INFO - Using connection ID 'mercado_default' for task execution.
[2024-07-25T11:00:21.748-0300] {mercado_hook.py:31} INFO - URL: https://api.mercadobitcoin.net/api/v4/candles?symbol=BTC-BRL&resolution=1m&to=1721916021693&countback=1
[2024-07-25T11:00:22.093-0300] {python.py:237} INFO - Done. Returned value was: None
[2024-07-25T11:00:22.094-0300] {taskinstance.py:441} INFO - ::group::Post task execution logs
[2024-07-25T11:00:22.096-0300] {taskinstance.py:1206} INFO - Marking task as SUCCESS. dag_id=Mercado_1m, task_id=get_1m_info, run_id=scheduled__2024-07-25T12:03:00+00:00, execution_date=20240725T120300, start_date=20240725T140021, end_date=20240725T140022
[2024-07-25T11:00:22.138-0300] {local_task_job_runner.py:243} INFO - Task exited with return code 0
[2024-07-25T11:00:22.145-0300] {taskinstance.py:3503} INFO - 0 downstream tasks scheduled from follow-on schedule check
[2024-07-25T11:00:22.145-0300] {local_task_job_runner.py:222} INFO - ::endgroup::
